[2025-01-14T13:44:11.302+0000] {local_task_job_runner.py:123} INFO - ::group::Pre task execution logs
[2025-01-14T13:44:11.332+0000] {taskinstance.py:2613} INFO - Dependencies all met for dep_context=non-requeueable deps ti=<TaskInstance: topcv_scraper.scrape_urls manual__2025-01-14T13:44:08.974416+00:00 [queued]>
[2025-01-14T13:44:11.351+0000] {taskinstance.py:2613} INFO - Dependencies all met for dep_context=requeueable deps ti=<TaskInstance: topcv_scraper.scrape_urls manual__2025-01-14T13:44:08.974416+00:00 [queued]>
[2025-01-14T13:44:11.352+0000] {taskinstance.py:2866} INFO - Starting attempt 1 of 2
[2025-01-14T13:44:11.383+0000] {taskinstance.py:2889} INFO - Executing <Task(PythonOperator): scrape_urls> on 2025-01-14 13:44:08.974416+00:00
[2025-01-14T13:44:11.394+0000] {warnings.py:112} WARNING - /home/***/.local/lib/python3.12/site-packages/***/task/task_runner/standard_task_runner.py:70: DeprecationWarning: This process (pid=432) is multi-threaded, use of fork() may lead to deadlocks in the child.
  pid = os.fork()

[2025-01-14T13:44:11.397+0000] {standard_task_runner.py:72} INFO - Started process 433 to run task
[2025-01-14T13:44:11.398+0000] {standard_task_runner.py:104} INFO - Running: ['***', 'tasks', 'run', 'topcv_scraper', 'scrape_urls', 'manual__2025-01-14T13:44:08.974416+00:00', '--job-id', '9', '--raw', '--subdir', 'DAGS_FOLDER/crawl_data.py', '--cfg-path', '/tmp/tmpijxcgfwm']
[2025-01-14T13:44:11.403+0000] {standard_task_runner.py:105} INFO - Job 9: Subtask scrape_urls
[2025-01-14T13:44:11.471+0000] {task_command.py:467} INFO - Running <TaskInstance: topcv_scraper.scrape_urls manual__2025-01-14T13:44:08.974416+00:00 [running]> on host e15397f33e0d
[2025-01-14T13:44:11.623+0000] {taskinstance.py:3132} INFO - Exporting env vars: AIRFLOW_CTX_DAG_OWNER='***' AIRFLOW_CTX_DAG_ID='topcv_scraper' AIRFLOW_CTX_TASK_ID='scrape_urls' AIRFLOW_CTX_EXECUTION_DATE='2025-01-14T13:44:08.974416+00:00' AIRFLOW_CTX_TRY_NUMBER='1' AIRFLOW_CTX_DAG_RUN_ID='manual__2025-01-14T13:44:08.974416+00:00'
[2025-01-14T13:44:11.625+0000] {taskinstance.py:731} INFO - ::endgroup::
[2025-01-14T13:44:17.280+0000] {logging_mixin.py:190} INFO - https://www.topcv.vn/viec-lam/playable-ads/1584760.html?ta_source=JobSearchList_LinkDetail&u_sr_id=IKlGe87VKHqbLSGyk5XNNJ4puwxIKbf8w09tJMsu_1736862255
[2025-01-14T13:44:17.283+0000] {logging_mixin.py:190} INFO - https://www.topcv.vn/viec-lam/chuyen-vien-kinh-doanh-khong-yeu-cau-kinh-nghiem-thu-nhap-len-toi-15tr-thang/1502522.html?ta_source=JobSearchList_LinkDetail&u_sr_id=IKlGe87VKHqbLSGyk5XNNJ4puwxIKbf8w09tJMsu_1736862255
[2025-01-14T13:44:17.285+0000] {logging_mixin.py:190} INFO - https://www.topcv.vn/viec-lam/net-developer-asp-net-c/1427933.html?ta_source=JobSearchList_LinkDetail&u_sr_id=IKlGe87VKHqbLSGyk5XNNJ4puwxIKbf8w09tJMsu_1736862255
[2025-01-14T13:44:17.289+0000] {logging_mixin.py:190} INFO - https://www.topcv.vn/viec-lam/nhan-vien-content-marketing/1584616.html?ta_source=JobSearchList_LinkDetail&u_sr_id=IKlGe87VKHqbLSGyk5XNNJ4puwxIKbf8w09tJMsu_1736862255
[2025-01-14T13:44:17.292+0000] {logging_mixin.py:190} INFO - https://www.topcv.vn/viec-lam/nhan-vien-san-thuong-mai-dien-tu/1584568.html?ta_source=JobSearchList_LinkDetail&u_sr_id=IKlGe87VKHqbLSGyk5XNNJ4puwxIKbf8w09tJMsu_1736862255
[2025-01-14T13:44:17.293+0000] {logging_mixin.py:190} INFO - https://www.topcv.vn/viec-lam/kien-truc-su-xay-dung-thu-nhap-len-den-20-trieu-tai-ha-noi-nhan-viec-ngay/1584534.html?ta_source=JobSearchList_LinkDetail&u_sr_id=IKlGe87VKHqbLSGyk5XNNJ4puwxIKbf8w09tJMsu_1736862255
[2025-01-14T13:44:17.294+0000] {logging_mixin.py:190} INFO - https://www.topcv.vn/viec-lam/chuyen-vien-trien-khai-phan-mem-b2b/1584517.html?ta_source=JobSearchList_LinkDetail&u_sr_id=IKlGe87VKHqbLSGyk5XNNJ4puwxIKbf8w09tJMsu_1736862255
[2025-01-14T13:44:17.295+0000] {logging_mixin.py:190} INFO - https://www.topcv.vn/viec-lam/chuyen-vien-telesales-tnex-finance-2z181/1584100.html?ta_source=JobSearchList_LinkDetail&u_sr_id=IKlGe87VKHqbLSGyk5XNNJ4puwxIKbf8w09tJMsu_1736862255
[2025-01-14T13:44:17.296+0000] {logging_mixin.py:190} INFO - https://www.topcv.vn/viec-lam/nhan-vien-sales-xuat-khau-thu-nhap-len-den-30-trieu-dong-bac-tu-liem/1584267.html?ta_source=JobSearchList_LinkDetail&u_sr_id=IKlGe87VKHqbLSGyk5XNNJ4puwxIKbf8w09tJMsu_1736862255
[2025-01-14T13:44:17.296+0000] {logging_mixin.py:190} INFO - https://www.topcv.vn/viec-lam/accountant-nhan-vien-ke-toan/1584184.html?ta_source=JobSearchList_LinkDetail&u_sr_id=IKlGe87VKHqbLSGyk5XNNJ4puwxIKbf8w09tJMsu_1736862255
[2025-01-14T13:44:17.299+0000] {logging_mixin.py:190} INFO - https://www.topcv.vn/brand/fecredit/tuyen-dung/unit-head-of-credit-assessment-department-j1537184.html?ta_source=JobSearchList_LinkDetail&u_sr_id=IKlGe87VKHqbLSGyk5XNNJ4puwxIKbf8w09tJMsu_1736862255
[2025-01-14T13:44:17.300+0000] {logging_mixin.py:190} INFO - https://www.topcv.vn/viec-lam/ky-thuat-vien-bao-tri-pm-technician/1584138.html?ta_source=JobSearchList_LinkDetail&u_sr_id=IKlGe87VKHqbLSGyk5XNNJ4puwxIKbf8w09tJMsu_1736862255
[2025-01-14T13:44:17.301+0000] {logging_mixin.py:190} INFO - https://www.topcv.vn/viec-lam/inside-sales-field-sales-for-homeowners-ho/1584154.html?ta_source=JobSearchList_LinkDetail&u_sr_id=IKlGe87VKHqbLSGyk5XNNJ4puwxIKbf8w09tJMsu_1736862255
[2025-01-14T13:44:17.302+0000] {logging_mixin.py:190} INFO - https://www.topcv.vn/viec-lam/ke-toan-noi-bo-biet-tieng-trung-nhan-viec-sau-tet/1584146.html?ta_source=JobSearchList_LinkDetail&u_sr_id=IKlGe87VKHqbLSGyk5XNNJ4puwxIKbf8w09tJMsu_1736862255
[2025-01-14T13:44:17.303+0000] {logging_mixin.py:190} INFO - https://www.topcv.vn/viec-lam/pm-project-manager-brse-japanese-yeu-cau-tieng-nhat-n2-2-nam-kinh-nghiem-thu-nhap-tu-33-73-trieu/1584137.html?ta_source=JobSearchList_LinkDetail&u_sr_id=IKlGe87VKHqbLSGyk5XNNJ4puwxIKbf8w09tJMsu_1736862255
[2025-01-14T13:44:17.304+0000] {logging_mixin.py:190} INFO - https://www.topcv.vn/viec-lam/senior-full-stack-developer/1584140.html?ta_source=JobSearchList_LinkDetail&u_sr_id=IKlGe87VKHqbLSGyk5XNNJ4puwxIKbf8w09tJMsu_1736862255
[2025-01-14T13:44:17.305+0000] {logging_mixin.py:190} INFO - https://www.topcv.vn/viec-lam/chuyen-vien-tu-van-bao-hiem-du-an-tpbank-x-sun-life-viet-nam-toan-quoc/1495474.html?ta_source=JobSearchList_LinkDetail&u_sr_id=IKlGe87VKHqbLSGyk5XNNJ4puwxIKbf8w09tJMsu_1736862255
[2025-01-14T13:44:17.305+0000] {logging_mixin.py:190} INFO - https://www.topcv.vn/viec-lam/truong-nhom-tong-dai-tu-van-telesale-call-leader/1583375.html?ta_source=JobSearchList_LinkDetail&u_sr_id=IKlGe87VKHqbLSGyk5XNNJ4puwxIKbf8w09tJMsu_1736862255
[2025-01-14T13:44:17.306+0000] {logging_mixin.py:190} INFO - https://www.topcv.vn/viec-lam/giao-vien-bo-mon-dia-li/1583272.html?ta_source=JobSearchList_LinkDetail&u_sr_id=IKlGe87VKHqbLSGyk5XNNJ4puwxIKbf8w09tJMsu_1736862255
[2025-01-14T13:44:17.306+0000] {logging_mixin.py:190} INFO - https://www.topcv.vn/viec-lam/nhan-vien-sale-thuc-pham/1535305.html?ta_source=JobSearchList_LinkDetail&u_sr_id=IKlGe87VKHqbLSGyk5XNNJ4puwxIKbf8w09tJMsu_1736862255
[2025-01-14T13:44:17.307+0000] {logging_mixin.py:190} INFO - https://www.topcv.vn/viec-lam/nhan-vien-livestream-tiktok/1584029.html?ta_source=JobSearchList_LinkDetail&u_sr_id=IKlGe87VKHqbLSGyk5XNNJ4puwxIKbf8w09tJMsu_1736862255
[2025-01-14T13:44:17.307+0000] {logging_mixin.py:190} INFO - https://www.topcv.vn/viec-lam/nhan-vien-tu-van-ban-hang-qua-dien-thoai-telesales-cham-soc-khach-hang-data-san-thu-viec-100-luong-fulltime-quan-12/1583957.html?ta_source=JobSearchList_LinkDetail&u_sr_id=IKlGe87VKHqbLSGyk5XNNJ4puwxIKbf8w09tJMsu_1736862255
[2025-01-14T13:44:17.309+0000] {logging_mixin.py:190} INFO - https://www.topcv.vn/viec-lam/chuyen-vien-tu-van-tong-dai-call-center-tu-van-chot-don-telesales-data-hotlead-kinh-nghiem-tu-3-thang-tro-len-nhan-viec-sau-tet/1583849.html?ta_source=JobSearchList_LinkDetail&u_sr_id=IKlGe87VKHqbLSGyk5XNNJ4puwxIKbf8w09tJMsu_1736862255
[2025-01-14T13:44:17.312+0000] {logging_mixin.py:190} INFO - https://www.topcv.vn/viec-lam/nhan-vien-kinh-doanh-tu-van-nganh-nong-san-luong-12-18-trieu-ho-chi-minh/1583817.html?ta_source=JobSearchList_LinkDetail&u_sr_id=IKlGe87VKHqbLSGyk5XNNJ4puwxIKbf8w09tJMsu_1736862255
[2025-01-14T13:44:17.313+0000] {logging_mixin.py:190} INFO - https://www.topcv.vn/viec-lam/giam-doc-kinh-doanh/1583300.html?ta_source=JobSearchList_LinkDetail&u_sr_id=IKlGe87VKHqbLSGyk5XNNJ4puwxIKbf8w09tJMsu_1736862255
[2025-01-14T13:44:17.315+0000] {logging_mixin.py:190} INFO - https://www.topcv.vn/viec-lam/digital-marketing-specialist-performance-marketing-global-ecom-2000-thang/1583383.html?ta_source=JobSearchList_LinkDetail&u_sr_id=IKlGe87VKHqbLSGyk5XNNJ4puwxIKbf8w09tJMsu_1736862255
[2025-01-14T13:44:17.317+0000] {logging_mixin.py:190} INFO - https://www.topcv.vn/viec-lam/business-development-chuyen-vien-phat-trien-dai-ly/1560363.html?ta_source=JobSearchList_LinkDetail&u_sr_id=IKlGe87VKHqbLSGyk5XNNJ4puwxIKbf8w09tJMsu_1736862255
[2025-01-14T13:44:17.318+0000] {logging_mixin.py:190} INFO - https://www.topcv.vn/viec-lam/ky-su-xay-dung-qs-thu-nhap-16-20-trieu-di-lam-ngay-tai-hai-duong/1583646.html?ta_source=JobSearchList_LinkDetail&u_sr_id=IKlGe87VKHqbLSGyk5XNNJ4puwxIKbf8w09tJMsu_1736862255
[2025-01-14T13:44:17.319+0000] {logging_mixin.py:190} INFO - https://www.topcv.vn/viec-lam/nhan-vien-tu-van-nu-thu-nhap-cao-uu-tien-biet-tieng-anh-hoac-tieng-han-giao-tiep-lam-viec-tai-quan-1/1583604.html?ta_source=JobSearchList_LinkDetail&u_sr_id=IKlGe87VKHqbLSGyk5XNNJ4puwxIKbf8w09tJMsu_1736862255
[2025-01-14T13:44:17.320+0000] {logging_mixin.py:190} INFO - https://www.topcv.vn/viec-lam/ke-toan-truong/1583288.html?ta_source=JobSearchList_LinkDetail&u_sr_id=IKlGe87VKHqbLSGyk5XNNJ4puwxIKbf8w09tJMsu_1736862255
[2025-01-14T13:44:17.320+0000] {logging_mixin.py:190} INFO - https://www.topcv.vn/viec-lam/chuyen-vien-kinh-doanh-tu-van-tai-chinh-thu-nhap-tu-16-25-trieu-thang/1583648.html?ta_source=JobSearchList_LinkDetail&u_sr_id=IKlGe87VKHqbLSGyk5XNNJ4puwxIKbf8w09tJMsu_1736862255
[2025-01-14T13:44:17.321+0000] {logging_mixin.py:190} INFO - https://www.topcv.vn/viec-lam/chuyen-vien-tu-van-tham-my-thu-nhap-tu-15tr-30tr-thang/1391152.html?ta_source=JobSearchList_LinkDetail&u_sr_id=IKlGe87VKHqbLSGyk5XNNJ4puwxIKbf8w09tJMsu_1736862255
[2025-01-14T13:44:17.322+0000] {logging_mixin.py:190} INFO - https://www.topcv.vn/viec-lam/nhan-vien-ke-hoach-san-xuat/1583696.html?ta_source=JobSearchList_LinkDetail&u_sr_id=IKlGe87VKHqbLSGyk5XNNJ4puwxIKbf8w09tJMsu_1736862255
[2025-01-14T13:44:17.323+0000] {logging_mixin.py:190} INFO - https://www.topcv.vn/viec-lam/ke-toan-noi-bo-nam-tu-liem-ha-noi-luong-co-ban-upto-20tr-toi-thieu-3-nam-kinh-nghiem/1583723.html?ta_source=JobSearchList_LinkDetail&u_sr_id=IKlGe87VKHqbLSGyk5XNNJ4puwxIKbf8w09tJMsu_1736862255
[2025-01-14T13:44:17.324+0000] {logging_mixin.py:190} INFO - https://www.topcv.vn/viec-lam/nhan-vien-thi-truong-cong-ty-facolos-pickleball/1525118.html?ta_source=JobSearchList_LinkDetail&u_sr_id=IKlGe87VKHqbLSGyk5XNNJ4puwxIKbf8w09tJMsu_1736862255
[2025-01-14T13:44:17.324+0000] {logging_mixin.py:190} INFO - https://www.topcv.vn/viec-lam/chuyen-vien-kinh-doanh-nam-tu-liem-ha-noi-thu-nhap-upto-40tr-toi-thieu-3-nam-kinh-nghiem-di-lam-ngay/1583669.html?ta_source=JobSearchList_LinkDetail&u_sr_id=IKlGe87VKHqbLSGyk5XNNJ4puwxIKbf8w09tJMsu_1736862255
[2025-01-14T13:44:17.325+0000] {logging_mixin.py:190} INFO - https://www.topcv.vn/viec-lam/nhan-vien-kinh-doanh-tu-van-thu-nhap-hap-dan-ha-dong-ha-noi/1583649.html?ta_source=JobSearchList_LinkDetail&u_sr_id=IKlGe87VKHqbLSGyk5XNNJ4puwxIKbf8w09tJMsu_1736862255
[2025-01-14T13:44:17.325+0000] {logging_mixin.py:190} INFO - https://www.topcv.vn/viec-lam/giam-doc-nha-may-san-xuat/1583339.html?ta_source=JobSearchList_LinkDetail&u_sr_id=IKlGe87VKHqbLSGyk5XNNJ4puwxIKbf8w09tJMsu_1736862255
[2025-01-14T13:44:17.326+0000] {logging_mixin.py:190} INFO - https://www.topcv.vn/viec-lam/nhan-vien-kinh-doanh-tu-van-sale-executive-thu-nhap-tu-10-tro-len-ha-noi-hcm/1534595.html?ta_source=JobSearchList_LinkDetail&u_sr_id=IKlGe87VKHqbLSGyk5XNNJ4puwxIKbf8w09tJMsu_1736862255
[2025-01-14T13:44:17.327+0000] {logging_mixin.py:190} INFO - https://www.topcv.vn/viec-lam/phu-trach-hanh-chinh-nhan-su-nam-tu-liem-ha-noi-luong-co-ban-upto-15tr-toi-thieu-3-nam-kinh-nghiem/1583738.html?ta_source=JobSearchList_LinkDetail&u_sr_id=IKlGe87VKHqbLSGyk5XNNJ4puwxIKbf8w09tJMsu_1736862255
[2025-01-14T13:44:17.327+0000] {logging_mixin.py:190} INFO - https://www.topcv.vn/brand/goldsunfocusmedia/tuyen-dung/chuyen-vien-phap-che-tieng-trung-hoac-tieng-anh-j1583103.html?ta_source=JobSearchList_LinkDetail&u_sr_id=IKlGe87VKHqbLSGyk5XNNJ4puwxIKbf8w09tJMsu_1736862255
[2025-01-14T13:44:17.328+0000] {logging_mixin.py:190} INFO - https://www.topcv.vn/viec-lam/chuyen-vien-quan-he-khach-hang-ca-nhan-toan-quoc-yeu-cau-tren-1-nam-kinh-nghiem-tin-dung/1583837.html?ta_source=JobSearchList_LinkDetail&u_sr_id=IKlGe87VKHqbLSGyk5XNNJ4puwxIKbf8w09tJMsu_1736862255
[2025-01-14T13:44:17.329+0000] {logging_mixin.py:190} INFO - https://www.topcv.vn/viec-lam/chuyen-vien-quan-he-khach-hang-doanh-nghiep-toan-quoc-luong-kinh-doanh-hap-dan/1583810.html?ta_source=JobSearchList_LinkDetail&u_sr_id=IKlGe87VKHqbLSGyk5XNNJ4puwxIKbf8w09tJMsu_1736862255
[2025-01-14T13:44:17.329+0000] {logging_mixin.py:190} INFO - https://www.topcv.vn/viec-lam/cong-tac-vien-tu-van-tuyen-dung/1583728.html?ta_source=JobSearchList_LinkDetail&u_sr_id=IKlGe87VKHqbLSGyk5XNNJ4puwxIKbf8w09tJMsu_1736862255
[2025-01-14T13:44:17.330+0000] {logging_mixin.py:190} INFO - https://www.topcv.vn/viec-lam/cong-tac-vien-xu-ly-don-hang/1571432.html?ta_source=JobSearchList_LinkDetail&u_sr_id=IKlGe87VKHqbLSGyk5XNNJ4puwxIKbf8w09tJMsu_1736862255
[2025-01-14T13:44:17.331+0000] {logging_mixin.py:190} INFO - https://www.topcv.vn/viec-lam/cua-hang-truong-shop-manager-thu-nhap-tu-12-16-trieu-thao-dien-tu-1-nam-kinh-nghiem/1388928.html?ta_source=JobSearchList_LinkDetail&u_sr_id=IKlGe87VKHqbLSGyk5XNNJ4puwxIKbf8w09tJMsu_1736862255
[2025-01-14T13:44:17.331+0000] {logging_mixin.py:190} INFO - https://www.topcv.vn/viec-lam/truong-phong-kinh-doanh-cung-ung-lao-dong/1343466.html?ta_source=JobSearchList_LinkDetail&u_sr_id=IKlGe87VKHqbLSGyk5XNNJ4puwxIKbf8w09tJMsu_1736862255
[2025-01-14T13:44:17.332+0000] {logging_mixin.py:190} INFO - https://www.topcv.vn/viec-lam/lap-trinh-vien-php-senior/1299695.html?ta_source=JobSearchList_LinkDetail&u_sr_id=IKlGe87VKHqbLSGyk5XNNJ4puwxIKbf8w09tJMsu_1736862255
[2025-01-14T13:44:17.333+0000] {logging_mixin.py:190} INFO - https://www.topcv.vn/brand/chinhanhtranscosmoshochiminh/tuyen-dung/nhan-vien-thiet-ke-ky-thuat-cad-senior-level-j1583534.html?ta_source=JobSearchList_LinkDetail&u_sr_id=IKlGe87VKHqbLSGyk5XNNJ4puwxIKbf8w09tJMsu_1736862255
[2025-01-14T13:44:17.333+0000] {logging_mixin.py:190} INFO - https://www.topcv.vn/viec-lam/nhan-vien-tap-su-tiem-nang-tpbank-quan-2-thu-nhap-hap-dan-tu-12-15tr-nhan-viec-ngay-hoac-sau-tet/1583726.html?ta_source=JobSearchList_LinkDetail&u_sr_id=IKlGe87VKHqbLSGyk5XNNJ4puwxIKbf8w09tJMsu_1736862255
[2025-01-14T13:44:17.334+0000] {logging_mixin.py:190} INFO - URLs successfully saved to /tmp/extracted_urls.txt
[2025-01-14T13:44:17.336+0000] {python.py:240} INFO - Done. Returned value was: None
[2025-01-14T13:44:17.351+0000] {taskinstance.py:340} INFO - ::group::Post task execution logs
[2025-01-14T13:44:17.352+0000] {taskinstance.py:352} INFO - Marking task as SUCCESS. dag_id=topcv_scraper, task_id=scrape_urls, run_id=manual__2025-01-14T13:44:08.974416+00:00, execution_date=20250114T134408, start_date=20250114T134411, end_date=20250114T134417
[2025-01-14T13:44:17.414+0000] {local_task_job_runner.py:266} INFO - Task exited with return code 0
[2025-01-14T13:44:17.451+0000] {taskinstance.py:3895} INFO - 1 downstream tasks scheduled from follow-on schedule check
[2025-01-14T13:44:17.454+0000] {local_task_job_runner.py:245} INFO - ::endgroup::
