[2025-01-16T01:57:58.861+0000] {local_task_job_runner.py:123} INFO - ::group::Pre task execution logs
[2025-01-16T01:57:58.892+0000] {taskinstance.py:2613} INFO - Dependencies all met for dep_context=non-requeueable deps ti=<TaskInstance: topcv_scraper.download_html scheduled__2025-01-14T00:00:00+00:00 [queued]>
[2025-01-16T01:57:58.906+0000] {taskinstance.py:2613} INFO - Dependencies all met for dep_context=requeueable deps ti=<TaskInstance: topcv_scraper.download_html scheduled__2025-01-14T00:00:00+00:00 [queued]>
[2025-01-16T01:57:58.906+0000] {taskinstance.py:2866} INFO - Starting attempt 1 of 2
[2025-01-16T01:57:58.926+0000] {taskinstance.py:2889} INFO - Executing <Task(PythonOperator): download_html> on 2025-01-14 00:00:00+00:00
[2025-01-16T01:57:58.937+0000] {standard_task_runner.py:104} INFO - Running: ['***', 'tasks', 'run', 'topcv_scraper', 'download_html', 'scheduled__2025-01-14T00:00:00+00:00', '--job-id', '16', '--raw', '--subdir', 'DAGS_FOLDER/crawl_data_topcv.py', '--cfg-path', '/tmp/tmp3c9g_2bk']
[2025-01-16T01:57:58.934+0000] {warnings.py:112} WARNING - /home/***/.local/lib/python3.12/site-packages/***/task/task_runner/standard_task_runner.py:70: DeprecationWarning: This process (pid=258) is multi-threaded, use of fork() may lead to deadlocks in the child.
  pid = os.fork()

[2025-01-16T01:57:58.939+0000] {standard_task_runner.py:105} INFO - Job 16: Subtask download_html
[2025-01-16T01:57:58.940+0000] {standard_task_runner.py:72} INFO - Started process 259 to run task
[2025-01-16T01:57:59.031+0000] {task_command.py:467} INFO - Running <TaskInstance: topcv_scraper.download_html scheduled__2025-01-14T00:00:00+00:00 [running]> on host 0ff031b9aa51
[2025-01-16T01:57:59.143+0000] {taskinstance.py:3132} INFO - Exporting env vars: AIRFLOW_CTX_DAG_OWNER='***' AIRFLOW_CTX_DAG_ID='topcv_scraper' AIRFLOW_CTX_TASK_ID='download_html' AIRFLOW_CTX_EXECUTION_DATE='2025-01-14T00:00:00+00:00' AIRFLOW_CTX_TRY_NUMBER='1' AIRFLOW_CTX_DAG_RUN_ID='scheduled__2025-01-14T00:00:00+00:00'
[2025-01-16T01:57:59.145+0000] {taskinstance.py:731} INFO - ::endgroup::
[2025-01-16T01:58:09.209+0000] {logging_mixin.py:190} INFO - Successfully retrieved and saved HTML for: https://www.topcv.vn/viec-lam/nhan-vien-content-tai-ha-noi-va-ho-chi-minh-co-the-di-lam-sau-tet-hoac-truoc-tet/1585497.html?ta_source=JobSearchList_LinkDetail&u_sr_id=g5qAjpidpAK2AZRqRAj3fZ2WXbJ9hGAEgywmvZrC_1736991829
[2025-01-16T01:58:16.257+0000] {logging_mixin.py:190} INFO - Successfully retrieved and saved HTML for: https://www.topcv.vn/viec-lam/nhan-vien-sales-marketing-thu-nhap-15-20-trieu/1585048.html?ta_source=JobSearchList_LinkDetail&u_sr_id=g5qAjpidpAK2AZRqRAj3fZ2WXbJ9hGAEgywmvZrC_1736991829
[2025-01-16T01:58:26.473+0000] {logging_mixin.py:190} INFO - Successfully retrieved and saved HTML for: https://www.topcv.vn/viec-lam/nhan-vien-phu-bep-commis-tai-thiso-sala-thu-duc/1504196.html?ta_source=JobSearchList_LinkDetail&u_sr_id=g5qAjpidpAK2AZRqRAj3fZ2WXbJ9hGAEgywmvZrC_1736991829
[2025-01-16T01:58:37.906+0000] {logging_mixin.py:190} INFO - Successfully retrieved and saved HTML for: https://www.topcv.vn/viec-lam/nhan-vien-tu-van-telesales-cham-soc-khach-hang-khong-yeu-cau-kinh-nghiem-luong-cung-8-trieu/1422793.html?ta_source=JobSearchList_LinkDetail&u_sr_id=g5qAjpidpAK2AZRqRAj3fZ2WXbJ9hGAEgywmvZrC_1736991829
[2025-01-16T01:58:46.865+0000] {logging_mixin.py:190} INFO - Rate limit reached for https://www.topcv.vn/viec-lam/customer-service-cham-soc-khach-hang/1474523.html?ta_source=JobSearchList_LinkDetail&u_sr_id=g5qAjpidpAK2AZRqRAj3fZ2WXbJ9hGAEgywmvZrC_1736991829. Retrying after 30 seconds...
[2025-01-16T01:59:17.381+0000] {logging_mixin.py:190} INFO - Successfully retrieved and saved HTML for: https://www.topcv.vn/viec-lam/customer-service-cham-soc-khach-hang/1474523.html?ta_source=JobSearchList_LinkDetail&u_sr_id=g5qAjpidpAK2AZRqRAj3fZ2WXbJ9hGAEgywmvZrC_1736991829
[2025-01-16T01:59:31.612+0000] {logging_mixin.py:190} INFO - Rate limit reached for https://www.topcv.vn/viec-lam/chuyen-vien-kinh-doanh-tu-van-tai-chinh-thu-nhap-tu-16-30-trieu-thang/1585087.html?ta_source=JobSearchList_LinkDetail&u_sr_id=g5qAjpidpAK2AZRqRAj3fZ2WXbJ9hGAEgywmvZrC_1736991829. Retrying after 30 seconds...
[2025-01-16T02:00:01.808+0000] {logging_mixin.py:190} INFO - Rate limit reached for https://www.topcv.vn/viec-lam/chuyen-vien-kinh-doanh-tu-van-tai-chinh-thu-nhap-tu-16-30-trieu-thang/1585087.html?ta_source=JobSearchList_LinkDetail&u_sr_id=g5qAjpidpAK2AZRqRAj3fZ2WXbJ9hGAEgywmvZrC_1736991829. Retrying after 30 seconds...
[2025-01-16T02:00:32.370+0000] {logging_mixin.py:190} INFO - Successfully retrieved and saved HTML for: https://www.topcv.vn/viec-lam/chuyen-vien-kinh-doanh-tu-van-tai-chinh-thu-nhap-tu-16-30-trieu-thang/1585087.html?ta_source=JobSearchList_LinkDetail&u_sr_id=g5qAjpidpAK2AZRqRAj3fZ2WXbJ9hGAEgywmvZrC_1736991829
[2025-01-16T02:00:38.454+0000] {logging_mixin.py:190} INFO - Successfully retrieved and saved HTML for: https://www.topcv.vn/viec-lam/nhan-vien-thiet-ke-xay-dung-cad-luong-cung-toi-10tr-thuong-khong-gioi-han-nhan-viec-sau-tet-tai-ha-noi/1532778.html?ta_source=JobSearchList_LinkDetail&u_sr_id=g5qAjpidpAK2AZRqRAj3fZ2WXbJ9hGAEgywmvZrC_1736991829
[2025-01-16T02:00:51.302+0000] {logging_mixin.py:190} INFO - Rate limit reached for https://www.topcv.vn/viec-lam/nhan-vien-sale-tour-va-combo-du-lich-1-nam-kinh-nghiem-thu-nhap-15-trieu/1584602.html?ta_source=JobSearchList_LinkDetail&u_sr_id=g5qAjpidpAK2AZRqRAj3fZ2WXbJ9hGAEgywmvZrC_1736991829. Retrying after 30 seconds...
[2025-01-16T02:01:21.777+0000] {logging_mixin.py:190} INFO - Successfully retrieved and saved HTML for: https://www.topcv.vn/viec-lam/nhan-vien-sale-tour-va-combo-du-lich-1-nam-kinh-nghiem-thu-nhap-15-trieu/1584602.html?ta_source=JobSearchList_LinkDetail&u_sr_id=g5qAjpidpAK2AZRqRAj3fZ2WXbJ9hGAEgywmvZrC_1736991829
[2025-01-16T02:01:35.724+0000] {logging_mixin.py:190} INFO - Successfully retrieved and saved HTML for: https://www.topcv.vn/viec-lam/dieu-duong-y-khoa/1564198.html?ta_source=JobSearchList_LinkDetail&u_sr_id=g5qAjpidpAK2AZRqRAj3fZ2WXbJ9hGAEgywmvZrC_1736991829
[2025-01-16T02:01:50.173+0000] {logging_mixin.py:190} INFO - Successfully retrieved and saved HTML for: https://www.topcv.vn/viec-lam/quan-doc-xuong-tieng-anh-giao-tiep-tot-di-lam-ngay-sau-tet-tai-quan-7-thu-nhap-hap-dan/1585399.html?ta_source=JobSearchList_LinkDetail&u_sr_id=g5qAjpidpAK2AZRqRAj3fZ2WXbJ9hGAEgywmvZrC_1736991829
[2025-01-16T02:02:03.133+0000] {logging_mixin.py:190} INFO - Successfully retrieved and saved HTML for: https://www.topcv.vn/viec-lam/ke-toan-kiem-quan-ly-hanh-chinh-thu-mua-ho-chi-minh/1584916.html?ta_source=JobSearchList_LinkDetail&u_sr_id=g5qAjpidpAK2AZRqRAj3fZ2WXbJ9hGAEgywmvZrC_1736991829
[2025-01-16T02:02:09.822+0000] {logging_mixin.py:190} INFO - Rate limit reached for https://www.topcv.vn/viec-lam/thiet-ke-cong-trinh-giao-thong-ha-tang-ky-thuat-thu-nhap-10-15-trieu-ha-noi/1585330.html?ta_source=JobSearchList_LinkDetail&u_sr_id=g5qAjpidpAK2AZRqRAj3fZ2WXbJ9hGAEgywmvZrC_1736991829. Retrying after 30 seconds...
