[2025-01-14T13:44:18.956+0000] {local_task_job_runner.py:123} INFO - ::group::Pre task execution logs
[2025-01-14T13:44:18.981+0000] {taskinstance.py:2613} INFO - Dependencies all met for dep_context=non-requeueable deps ti=<TaskInstance: topcv_scraper.download_html manual__2025-01-14T13:44:08.974416+00:00 [queued]>
[2025-01-14T13:44:18.995+0000] {taskinstance.py:2613} INFO - Dependencies all met for dep_context=requeueable deps ti=<TaskInstance: topcv_scraper.download_html manual__2025-01-14T13:44:08.974416+00:00 [queued]>
[2025-01-14T13:44:18.996+0000] {taskinstance.py:2866} INFO - Starting attempt 1 of 2
[2025-01-14T13:44:19.021+0000] {taskinstance.py:2889} INFO - Executing <Task(PythonOperator): download_html> on 2025-01-14 13:44:08.974416+00:00
[2025-01-14T13:44:19.029+0000] {warnings.py:112} WARNING - /home/***/.local/lib/python3.12/site-packages/***/task/task_runner/standard_task_runner.py:70: DeprecationWarning: This process (pid=435) is multi-threaded, use of fork() may lead to deadlocks in the child.
  pid = os.fork()

[2025-01-14T13:44:19.032+0000] {standard_task_runner.py:72} INFO - Started process 436 to run task
[2025-01-14T13:44:19.033+0000] {standard_task_runner.py:104} INFO - Running: ['***', 'tasks', 'run', 'topcv_scraper', 'download_html', 'manual__2025-01-14T13:44:08.974416+00:00', '--job-id', '10', '--raw', '--subdir', 'DAGS_FOLDER/crawl_data.py', '--cfg-path', '/tmp/tmp8sep21pj']
[2025-01-14T13:44:19.036+0000] {standard_task_runner.py:105} INFO - Job 10: Subtask download_html
[2025-01-14T13:44:19.111+0000] {task_command.py:467} INFO - Running <TaskInstance: topcv_scraper.download_html manual__2025-01-14T13:44:08.974416+00:00 [running]> on host e15397f33e0d
[2025-01-14T13:44:19.263+0000] {taskinstance.py:3132} INFO - Exporting env vars: AIRFLOW_CTX_DAG_OWNER='***' AIRFLOW_CTX_DAG_ID='topcv_scraper' AIRFLOW_CTX_TASK_ID='download_html' AIRFLOW_CTX_EXECUTION_DATE='2025-01-14T13:44:08.974416+00:00' AIRFLOW_CTX_TRY_NUMBER='1' AIRFLOW_CTX_DAG_RUN_ID='manual__2025-01-14T13:44:08.974416+00:00'
[2025-01-14T13:44:19.265+0000] {taskinstance.py:731} INFO - ::endgroup::
[2025-01-14T13:44:32.659+0000] {logging_mixin.py:190} INFO - Successfully retrieved and saved HTML for: https://www.topcv.vn/viec-lam/playable-ads/1584760.html?ta_source=JobSearchList_LinkDetail&u_sr_id=IKlGe87VKHqbLSGyk5XNNJ4puwxIKbf8w09tJMsu_1736862255
[2025-01-14T13:44:42.213+0000] {logging_mixin.py:190} INFO - Successfully retrieved and saved HTML for: https://www.topcv.vn/viec-lam/chuyen-vien-kinh-doanh-khong-yeu-cau-kinh-nghiem-thu-nhap-len-toi-15tr-thang/1502522.html?ta_source=JobSearchList_LinkDetail&u_sr_id=IKlGe87VKHqbLSGyk5XNNJ4puwxIKbf8w09tJMsu_1736862255
[2025-01-14T13:44:53.197+0000] {logging_mixin.py:190} INFO - Successfully retrieved and saved HTML for: https://www.topcv.vn/viec-lam/net-developer-asp-net-c/1427933.html?ta_source=JobSearchList_LinkDetail&u_sr_id=IKlGe87VKHqbLSGyk5XNNJ4puwxIKbf8w09tJMsu_1736862255
[2025-01-14T13:45:04.332+0000] {logging_mixin.py:190} INFO - Successfully retrieved and saved HTML for: https://www.topcv.vn/viec-lam/nhan-vien-content-marketing/1584616.html?ta_source=JobSearchList_LinkDetail&u_sr_id=IKlGe87VKHqbLSGyk5XNNJ4puwxIKbf8w09tJMsu_1736862255
[2025-01-14T13:45:15.544+0000] {logging_mixin.py:190} INFO - Successfully retrieved and saved HTML for: https://www.topcv.vn/viec-lam/nhan-vien-san-thuong-mai-dien-tu/1584568.html?ta_source=JobSearchList_LinkDetail&u_sr_id=IKlGe87VKHqbLSGyk5XNNJ4puwxIKbf8w09tJMsu_1736862255
[2025-01-14T13:45:28.751+0000] {logging_mixin.py:190} INFO - Successfully retrieved and saved HTML for: https://www.topcv.vn/viec-lam/kien-truc-su-xay-dung-thu-nhap-len-den-20-trieu-tai-ha-noi-nhan-viec-ngay/1584534.html?ta_source=JobSearchList_LinkDetail&u_sr_id=IKlGe87VKHqbLSGyk5XNNJ4puwxIKbf8w09tJMsu_1736862255
[2025-01-14T13:45:41.811+0000] {logging_mixin.py:190} INFO - Successfully retrieved and saved HTML for: https://www.topcv.vn/viec-lam/chuyen-vien-trien-khai-phan-mem-b2b/1584517.html?ta_source=JobSearchList_LinkDetail&u_sr_id=IKlGe87VKHqbLSGyk5XNNJ4puwxIKbf8w09tJMsu_1736862255
[2025-01-14T13:45:50.534+0000] {logging_mixin.py:190} INFO - Successfully retrieved and saved HTML for: https://www.topcv.vn/viec-lam/chuyen-vien-telesales-tnex-finance-2z181/1584100.html?ta_source=JobSearchList_LinkDetail&u_sr_id=IKlGe87VKHqbLSGyk5XNNJ4puwxIKbf8w09tJMsu_1736862255
[2025-01-14T13:45:59.375+0000] {logging_mixin.py:190} INFO - Successfully retrieved and saved HTML for: https://www.topcv.vn/viec-lam/nhan-vien-sales-xuat-khau-thu-nhap-len-den-30-trieu-dong-bac-tu-liem/1584267.html?ta_source=JobSearchList_LinkDetail&u_sr_id=IKlGe87VKHqbLSGyk5XNNJ4puwxIKbf8w09tJMsu_1736862255
[2025-01-14T13:46:05.472+0000] {logging_mixin.py:190} INFO - Successfully retrieved and saved HTML for: https://www.topcv.vn/viec-lam/accountant-nhan-vien-ke-toan/1584184.html?ta_source=JobSearchList_LinkDetail&u_sr_id=IKlGe87VKHqbLSGyk5XNNJ4puwxIKbf8w09tJMsu_1736862255
[2025-01-14T13:46:18.167+0000] {logging_mixin.py:190} INFO - Successfully retrieved and saved HTML for: https://www.topcv.vn/brand/fecredit/tuyen-dung/unit-head-of-credit-assessment-department-j1537184.html?ta_source=JobSearchList_LinkDetail&u_sr_id=IKlGe87VKHqbLSGyk5XNNJ4puwxIKbf8w09tJMsu_1736862255
[2025-01-14T13:46:29.652+0000] {logging_mixin.py:190} INFO - Successfully retrieved and saved HTML for: https://www.topcv.vn/viec-lam/ky-thuat-vien-bao-tri-pm-technician/1584138.html?ta_source=JobSearchList_LinkDetail&u_sr_id=IKlGe87VKHqbLSGyk5XNNJ4puwxIKbf8w09tJMsu_1736862255
[2025-01-14T13:46:42.806+0000] {logging_mixin.py:190} INFO - Successfully retrieved and saved HTML for: https://www.topcv.vn/viec-lam/inside-sales-field-sales-for-homeowners-ho/1584154.html?ta_source=JobSearchList_LinkDetail&u_sr_id=IKlGe87VKHqbLSGyk5XNNJ4puwxIKbf8w09tJMsu_1736862255
[2025-01-14T13:46:56.894+0000] {logging_mixin.py:190} INFO - Successfully retrieved and saved HTML for: https://www.topcv.vn/viec-lam/ke-toan-noi-bo-biet-tieng-trung-nhan-viec-sau-tet/1584146.html?ta_source=JobSearchList_LinkDetail&u_sr_id=IKlGe87VKHqbLSGyk5XNNJ4puwxIKbf8w09tJMsu_1736862255
[2025-01-14T13:47:07.620+0000] {logging_mixin.py:190} INFO - Successfully retrieved and saved HTML for: https://www.topcv.vn/viec-lam/pm-project-manager-brse-japanese-yeu-cau-tieng-nhat-n2-2-nam-kinh-nghiem-thu-nhap-tu-33-73-trieu/1584137.html?ta_source=JobSearchList_LinkDetail&u_sr_id=IKlGe87VKHqbLSGyk5XNNJ4puwxIKbf8w09tJMsu_1736862255
[2025-01-14T13:47:13.729+0000] {logging_mixin.py:190} INFO - Successfully retrieved and saved HTML for: https://www.topcv.vn/viec-lam/senior-full-stack-developer/1584140.html?ta_source=JobSearchList_LinkDetail&u_sr_id=IKlGe87VKHqbLSGyk5XNNJ4puwxIKbf8w09tJMsu_1736862255
[2025-01-14T13:47:26.150+0000] {logging_mixin.py:190} INFO - Successfully retrieved and saved HTML for: https://www.topcv.vn/viec-lam/chuyen-vien-tu-van-bao-hiem-du-an-tpbank-x-sun-life-viet-nam-toan-quoc/1495474.html?ta_source=JobSearchList_LinkDetail&u_sr_id=IKlGe87VKHqbLSGyk5XNNJ4puwxIKbf8w09tJMsu_1736862255
[2025-01-14T13:47:40.543+0000] {logging_mixin.py:190} INFO - Successfully retrieved and saved HTML for: https://www.topcv.vn/viec-lam/truong-nhom-tong-dai-tu-van-telesale-call-leader/1583375.html?ta_source=JobSearchList_LinkDetail&u_sr_id=IKlGe87VKHqbLSGyk5XNNJ4puwxIKbf8w09tJMsu_1736862255
[2025-01-14T13:47:54.487+0000] {logging_mixin.py:190} INFO - Successfully retrieved and saved HTML for: https://www.topcv.vn/viec-lam/giao-vien-bo-mon-dia-li/1583272.html?ta_source=JobSearchList_LinkDetail&u_sr_id=IKlGe87VKHqbLSGyk5XNNJ4puwxIKbf8w09tJMsu_1736862255
[2025-01-14T13:48:06.177+0000] {logging_mixin.py:190} INFO - Successfully retrieved and saved HTML for: https://www.topcv.vn/viec-lam/nhan-vien-sale-thuc-pham/1535305.html?ta_source=JobSearchList_LinkDetail&u_sr_id=IKlGe87VKHqbLSGyk5XNNJ4puwxIKbf8w09tJMsu_1736862255
[2025-01-14T13:48:18.587+0000] {logging_mixin.py:190} INFO - Successfully retrieved and saved HTML for: https://www.topcv.vn/viec-lam/nhan-vien-livestream-tiktok/1584029.html?ta_source=JobSearchList_LinkDetail&u_sr_id=IKlGe87VKHqbLSGyk5XNNJ4puwxIKbf8w09tJMsu_1736862255
[2025-01-14T13:48:27.653+0000] {logging_mixin.py:190} INFO - Successfully retrieved and saved HTML for: https://www.topcv.vn/viec-lam/nhan-vien-tu-van-ban-hang-qua-dien-thoai-telesales-cham-soc-khach-hang-data-san-thu-viec-100-luong-fulltime-quan-12/1583957.html?ta_source=JobSearchList_LinkDetail&u_sr_id=IKlGe87VKHqbLSGyk5XNNJ4puwxIKbf8w09tJMsu_1736862255
[2025-01-14T13:48:37.105+0000] {logging_mixin.py:190} INFO - Successfully retrieved and saved HTML for: https://www.topcv.vn/viec-lam/chuyen-vien-tu-van-tong-dai-call-center-tu-van-chot-don-telesales-data-hotlead-kinh-nghiem-tu-3-thang-tro-len-nhan-viec-sau-tet/1583849.html?ta_source=JobSearchList_LinkDetail&u_sr_id=IKlGe87VKHqbLSGyk5XNNJ4puwxIKbf8w09tJMsu_1736862255
[2025-01-14T13:48:51.658+0000] {logging_mixin.py:190} INFO - Successfully retrieved and saved HTML for: https://www.topcv.vn/viec-lam/nhan-vien-kinh-doanh-tu-van-nganh-nong-san-luong-12-18-trieu-ho-chi-minh/1583817.html?ta_source=JobSearchList_LinkDetail&u_sr_id=IKlGe87VKHqbLSGyk5XNNJ4puwxIKbf8w09tJMsu_1736862255
[2025-01-14T13:48:59.867+0000] {logging_mixin.py:190} INFO - Successfully retrieved and saved HTML for: https://www.topcv.vn/viec-lam/giam-doc-kinh-doanh/1583300.html?ta_source=JobSearchList_LinkDetail&u_sr_id=IKlGe87VKHqbLSGyk5XNNJ4puwxIKbf8w09tJMsu_1736862255
[2025-01-14T13:49:12.151+0000] {logging_mixin.py:190} INFO - Successfully retrieved and saved HTML for: https://www.topcv.vn/viec-lam/digital-marketing-specialist-performance-marketing-global-ecom-2000-thang/1583383.html?ta_source=JobSearchList_LinkDetail&u_sr_id=IKlGe87VKHqbLSGyk5XNNJ4puwxIKbf8w09tJMsu_1736862255
[2025-01-14T13:49:19.912+0000] {logging_mixin.py:190} INFO - Successfully retrieved and saved HTML for: https://www.topcv.vn/viec-lam/business-development-chuyen-vien-phat-trien-dai-ly/1560363.html?ta_source=JobSearchList_LinkDetail&u_sr_id=IKlGe87VKHqbLSGyk5XNNJ4puwxIKbf8w09tJMsu_1736862255
[2025-01-14T13:49:28.769+0000] {logging_mixin.py:190} INFO - Successfully retrieved and saved HTML for: https://www.topcv.vn/viec-lam/ky-su-xay-dung-qs-thu-nhap-16-20-trieu-di-lam-ngay-tai-hai-duong/1583646.html?ta_source=JobSearchList_LinkDetail&u_sr_id=IKlGe87VKHqbLSGyk5XNNJ4puwxIKbf8w09tJMsu_1736862255
[2025-01-14T13:49:35.657+0000] {logging_mixin.py:190} INFO - Successfully retrieved and saved HTML for: https://www.topcv.vn/viec-lam/nhan-vien-tu-van-nu-thu-nhap-cao-uu-tien-biet-tieng-anh-hoac-tieng-han-giao-tiep-lam-viec-tai-quan-1/1583604.html?ta_source=JobSearchList_LinkDetail&u_sr_id=IKlGe87VKHqbLSGyk5XNNJ4puwxIKbf8w09tJMsu_1736862255
[2025-01-14T13:49:42.396+0000] {logging_mixin.py:190} INFO - Successfully retrieved and saved HTML for: https://www.topcv.vn/viec-lam/ke-toan-truong/1583288.html?ta_source=JobSearchList_LinkDetail&u_sr_id=IKlGe87VKHqbLSGyk5XNNJ4puwxIKbf8w09tJMsu_1736862255
[2025-01-14T13:49:51.603+0000] {logging_mixin.py:190} INFO - Successfully retrieved and saved HTML for: https://www.topcv.vn/viec-lam/chuyen-vien-kinh-doanh-tu-van-tai-chinh-thu-nhap-tu-16-25-trieu-thang/1583648.html?ta_source=JobSearchList_LinkDetail&u_sr_id=IKlGe87VKHqbLSGyk5XNNJ4puwxIKbf8w09tJMsu_1736862255
[2025-01-14T13:50:03.264+0000] {logging_mixin.py:190} INFO - Successfully retrieved and saved HTML for: https://www.topcv.vn/viec-lam/chuyen-vien-tu-van-tham-my-thu-nhap-tu-15tr-30tr-thang/1391152.html?ta_source=JobSearchList_LinkDetail&u_sr_id=IKlGe87VKHqbLSGyk5XNNJ4puwxIKbf8w09tJMsu_1736862255
[2025-01-14T13:50:15.200+0000] {logging_mixin.py:190} INFO - Successfully retrieved and saved HTML for: https://www.topcv.vn/viec-lam/nhan-vien-ke-hoach-san-xuat/1583696.html?ta_source=JobSearchList_LinkDetail&u_sr_id=IKlGe87VKHqbLSGyk5XNNJ4puwxIKbf8w09tJMsu_1736862255
[2025-01-14T13:50:24.802+0000] {logging_mixin.py:190} INFO - Successfully retrieved and saved HTML for: https://www.topcv.vn/viec-lam/ke-toan-noi-bo-nam-tu-liem-ha-noi-luong-co-ban-upto-20tr-toi-thieu-3-nam-kinh-nghiem/1583723.html?ta_source=JobSearchList_LinkDetail&u_sr_id=IKlGe87VKHqbLSGyk5XNNJ4puwxIKbf8w09tJMsu_1736862255
[2025-01-14T13:50:37.872+0000] {logging_mixin.py:190} INFO - Successfully retrieved and saved HTML for: https://www.topcv.vn/viec-lam/nhan-vien-thi-truong-cong-ty-facolos-pickleball/1525118.html?ta_source=JobSearchList_LinkDetail&u_sr_id=IKlGe87VKHqbLSGyk5XNNJ4puwxIKbf8w09tJMsu_1736862255
[2025-01-14T13:50:52.325+0000] {logging_mixin.py:190} INFO - Successfully retrieved and saved HTML for: https://www.topcv.vn/viec-lam/chuyen-vien-kinh-doanh-nam-tu-liem-ha-noi-thu-nhap-upto-40tr-toi-thieu-3-nam-kinh-nghiem-di-lam-ngay/1583669.html?ta_source=JobSearchList_LinkDetail&u_sr_id=IKlGe87VKHqbLSGyk5XNNJ4puwxIKbf8w09tJMsu_1736862255
[2025-01-14T13:51:05.918+0000] {logging_mixin.py:190} INFO - Successfully retrieved and saved HTML for: https://www.topcv.vn/viec-lam/nhan-vien-kinh-doanh-tu-van-thu-nhap-hap-dan-ha-dong-ha-noi/1583649.html?ta_source=JobSearchList_LinkDetail&u_sr_id=IKlGe87VKHqbLSGyk5XNNJ4puwxIKbf8w09tJMsu_1736862255
[2025-01-14T13:51:16.984+0000] {logging_mixin.py:190} INFO - Successfully retrieved and saved HTML for: https://www.topcv.vn/viec-lam/giam-doc-nha-may-san-xuat/1583339.html?ta_source=JobSearchList_LinkDetail&u_sr_id=IKlGe87VKHqbLSGyk5XNNJ4puwxIKbf8w09tJMsu_1736862255
[2025-01-14T13:51:23.261+0000] {logging_mixin.py:190} INFO - Successfully retrieved and saved HTML for: https://www.topcv.vn/viec-lam/nhan-vien-kinh-doanh-tu-van-sale-executive-thu-nhap-tu-10-tro-len-ha-noi-hcm/1534595.html?ta_source=JobSearchList_LinkDetail&u_sr_id=IKlGe87VKHqbLSGyk5XNNJ4puwxIKbf8w09tJMsu_1736862255
[2025-01-14T13:51:37.985+0000] {logging_mixin.py:190} INFO - Successfully retrieved and saved HTML for: https://www.topcv.vn/viec-lam/phu-trach-hanh-chinh-nhan-su-nam-tu-liem-ha-noi-luong-co-ban-upto-15tr-toi-thieu-3-nam-kinh-nghiem/1583738.html?ta_source=JobSearchList_LinkDetail&u_sr_id=IKlGe87VKHqbLSGyk5XNNJ4puwxIKbf8w09tJMsu_1736862255
[2025-01-14T13:51:45.653+0000] {logging_mixin.py:190} INFO - Successfully retrieved and saved HTML for: https://www.topcv.vn/brand/goldsunfocusmedia/tuyen-dung/chuyen-vien-phap-che-tieng-trung-hoac-tieng-anh-j1583103.html?ta_source=JobSearchList_LinkDetail&u_sr_id=IKlGe87VKHqbLSGyk5XNNJ4puwxIKbf8w09tJMsu_1736862255
[2025-01-14T13:51:51.606+0000] {logging_mixin.py:190} INFO - Successfully retrieved and saved HTML for: https://www.topcv.vn/viec-lam/chuyen-vien-quan-he-khach-hang-ca-nhan-toan-quoc-yeu-cau-tren-1-nam-kinh-nghiem-tin-dung/1583837.html?ta_source=JobSearchList_LinkDetail&u_sr_id=IKlGe87VKHqbLSGyk5XNNJ4puwxIKbf8w09tJMsu_1736862255
[2025-01-14T13:52:04.906+0000] {logging_mixin.py:190} INFO - Successfully retrieved and saved HTML for: https://www.topcv.vn/viec-lam/chuyen-vien-quan-he-khach-hang-doanh-nghiep-toan-quoc-luong-kinh-doanh-hap-dan/1583810.html?ta_source=JobSearchList_LinkDetail&u_sr_id=IKlGe87VKHqbLSGyk5XNNJ4puwxIKbf8w09tJMsu_1736862255
[2025-01-14T13:52:13.978+0000] {logging_mixin.py:190} INFO - Successfully retrieved and saved HTML for: https://www.topcv.vn/viec-lam/cong-tac-vien-tu-van-tuyen-dung/1583728.html?ta_source=JobSearchList_LinkDetail&u_sr_id=IKlGe87VKHqbLSGyk5XNNJ4puwxIKbf8w09tJMsu_1736862255
[2025-01-14T13:52:22.159+0000] {logging_mixin.py:190} INFO - Successfully retrieved and saved HTML for: https://www.topcv.vn/viec-lam/cong-tac-vien-xu-ly-don-hang/1571432.html?ta_source=JobSearchList_LinkDetail&u_sr_id=IKlGe87VKHqbLSGyk5XNNJ4puwxIKbf8w09tJMsu_1736862255
[2025-01-14T13:52:34.067+0000] {logging_mixin.py:190} INFO - Successfully retrieved and saved HTML for: https://www.topcv.vn/viec-lam/cua-hang-truong-shop-manager-thu-nhap-tu-12-16-trieu-thao-dien-tu-1-nam-kinh-nghiem/1388928.html?ta_source=JobSearchList_LinkDetail&u_sr_id=IKlGe87VKHqbLSGyk5XNNJ4puwxIKbf8w09tJMsu_1736862255
[2025-01-14T13:52:49.321+0000] {logging_mixin.py:190} INFO - Successfully retrieved and saved HTML for: https://www.topcv.vn/viec-lam/truong-phong-kinh-doanh-cung-ung-lao-dong/1343466.html?ta_source=JobSearchList_LinkDetail&u_sr_id=IKlGe87VKHqbLSGyk5XNNJ4puwxIKbf8w09tJMsu_1736862255
[2025-01-14T13:53:02.499+0000] {logging_mixin.py:190} INFO - Successfully retrieved and saved HTML for: https://www.topcv.vn/viec-lam/lap-trinh-vien-php-senior/1299695.html?ta_source=JobSearchList_LinkDetail&u_sr_id=IKlGe87VKHqbLSGyk5XNNJ4puwxIKbf8w09tJMsu_1736862255
[2025-01-14T13:53:18.379+0000] {logging_mixin.py:190} INFO - Successfully retrieved and saved HTML for: https://www.topcv.vn/brand/chinhanhtranscosmoshochiminh/tuyen-dung/nhan-vien-thiet-ke-ky-thuat-cad-senior-level-j1583534.html?ta_source=JobSearchList_LinkDetail&u_sr_id=IKlGe87VKHqbLSGyk5XNNJ4puwxIKbf8w09tJMsu_1736862255
[2025-01-14T13:53:33.066+0000] {logging_mixin.py:190} INFO - Successfully retrieved and saved HTML for: https://www.topcv.vn/viec-lam/nhan-vien-tap-su-tiem-nang-tpbank-quan-2-thu-nhap-hap-dan-tu-12-15tr-nhan-viec-ngay-hoac-sau-tet/1583726.html?ta_source=JobSearchList_LinkDetail&u_sr_id=IKlGe87VKHqbLSGyk5XNNJ4puwxIKbf8w09tJMsu_1736862255
[2025-01-14T13:53:33.068+0000] {python.py:240} INFO - Done. Returned value was: None
[2025-01-14T13:53:33.089+0000] {taskinstance.py:340} INFO - ::group::Post task execution logs
[2025-01-14T13:53:33.090+0000] {taskinstance.py:352} INFO - Marking task as SUCCESS. dag_id=topcv_scraper, task_id=download_html, run_id=manual__2025-01-14T13:44:08.974416+00:00, execution_date=20250114T134408, start_date=20250114T134418, end_date=20250114T135333
[2025-01-14T13:53:33.163+0000] {local_task_job_runner.py:266} INFO - Task exited with return code 0
[2025-01-14T13:53:33.194+0000] {taskinstance.py:3895} INFO - 1 downstream tasks scheduled from follow-on schedule check
[2025-01-14T13:53:33.199+0000] {local_task_job_runner.py:245} INFO - ::endgroup::
