[2025-01-13T12:47:42.261+0000] {local_task_job_runner.py:123} INFO - ::group::Pre task execution logs
[2025-01-13T12:47:42.279+0000] {taskinstance.py:2613} INFO - Dependencies all met for dep_context=non-requeueable deps ti=<TaskInstance: topcv_scraper.scrape_urls manual__2025-01-13T12:47:39.339254+00:00 [queued]>
[2025-01-13T12:47:42.289+0000] {taskinstance.py:2613} INFO - Dependencies all met for dep_context=requeueable deps ti=<TaskInstance: topcv_scraper.scrape_urls manual__2025-01-13T12:47:39.339254+00:00 [queued]>
[2025-01-13T12:47:42.290+0000] {taskinstance.py:2866} INFO - Starting attempt 1 of 2
[2025-01-13T12:47:42.306+0000] {taskinstance.py:2889} INFO - Executing <Task(PythonOperator): scrape_urls> on 2025-01-13 12:47:39.339254+00:00
[2025-01-13T12:47:42.311+0000] {warnings.py:112} WARNING - /home/***/.local/lib/python3.12/site-packages/***/task/task_runner/standard_task_runner.py:70: DeprecationWarning: This process (pid=82) is multi-threaded, use of fork() may lead to deadlocks in the child.
  pid = os.fork()

[2025-01-13T12:47:42.313+0000] {standard_task_runner.py:72} INFO - Started process 83 to run task
[2025-01-13T12:47:42.313+0000] {standard_task_runner.py:104} INFO - Running: ['***', 'tasks', 'run', 'topcv_scraper', 'scrape_urls', 'manual__2025-01-13T12:47:39.339254+00:00', '--job-id', '19', '--raw', '--subdir', 'DAGS_FOLDER/crawl_data.py', '--cfg-path', '/tmp/tmp34kr0_py']
[2025-01-13T12:47:42.315+0000] {standard_task_runner.py:105} INFO - Job 19: Subtask scrape_urls
[2025-01-13T12:47:42.355+0000] {task_command.py:467} INFO - Running <TaskInstance: topcv_scraper.scrape_urls manual__2025-01-13T12:47:39.339254+00:00 [running]> on host 36be2714b046
[2025-01-13T12:47:42.604+0000] {taskinstance.py:3132} INFO - Exporting env vars: AIRFLOW_CTX_DAG_OWNER='***' AIRFLOW_CTX_DAG_ID='topcv_scraper' AIRFLOW_CTX_TASK_ID='scrape_urls' AIRFLOW_CTX_EXECUTION_DATE='2025-01-13T12:47:39.339254+00:00' AIRFLOW_CTX_TRY_NUMBER='1' AIRFLOW_CTX_DAG_RUN_ID='manual__2025-01-13T12:47:39.339254+00:00'
[2025-01-13T12:47:42.605+0000] {taskinstance.py:731} INFO - ::endgroup::
[2025-01-13T12:47:48.765+0000] {logging_mixin.py:190} INFO - https://www.topcv.vn/viec-lam/nhan-vien-tu-van-ban-hang-qua-dien-thoai-telesales-cham-soc-khach-hang-data-san-thu-viec-100-luong-fulltime-quan-12/1583957.html?ta_source=JobSearchList_LinkDetail&u_sr_id=UjW4oaQRYuwnxTBTqJzXEBuvhvvUAmYvEAg5YS8v_1736772467
[2025-01-13T12:47:48.766+0000] {logging_mixin.py:190} INFO - https://www.topcv.vn/viec-lam/chuyen-vien-tu-van-tham-my-thu-nhap-tu-15tr-30tr-thang/1391152.html?ta_source=JobSearchList_LinkDetail&u_sr_id=UjW4oaQRYuwnxTBTqJzXEBuvhvvUAmYvEAg5YS8v_1736772467
[2025-01-13T12:47:48.766+0000] {logging_mixin.py:190} INFO - https://www.topcv.vn/viec-lam/lap-trinh-vien-php-senior/1299695.html?ta_source=JobSearchList_LinkDetail&u_sr_id=UjW4oaQRYuwnxTBTqJzXEBuvhvvUAmYvEAg5YS8v_1736772467
[2025-01-13T12:47:48.767+0000] {logging_mixin.py:190} INFO - https://www.topcv.vn/viec-lam/chuyen-vien-tu-van-tong-dai-call-center-tu-van-chot-don-telesales-data-hotlead-kinh-nghiem-tu-3-thang-tro-len-nhan-viec-sau-tet/1583849.html?ta_source=JobSearchList_LinkDetail&u_sr_id=UjW4oaQRYuwnxTBTqJzXEBuvhvvUAmYvEAg5YS8v_1736772467
[2025-01-13T12:47:48.767+0000] {logging_mixin.py:190} INFO - https://www.topcv.vn/viec-lam/chuyen-vien-quan-he-khach-hang-ca-nhan-toan-quoc-yeu-cau-tren-1-nam-kinh-nghiem-tin-dung/1583837.html?ta_source=JobSearchList_LinkDetail&u_sr_id=UjW4oaQRYuwnxTBTqJzXEBuvhvvUAmYvEAg5YS8v_1736772467
[2025-01-13T12:47:48.768+0000] {logging_mixin.py:190} INFO - https://www.topcv.vn/viec-lam/chuyen-vien-quan-he-khach-hang-doanh-nghiep-toan-quoc-luong-kinh-doanh-hap-dan/1583810.html?ta_source=JobSearchList_LinkDetail&u_sr_id=UjW4oaQRYuwnxTBTqJzXEBuvhvvUAmYvEAg5YS8v_1736772467
[2025-01-13T12:47:48.768+0000] {logging_mixin.py:190} INFO - https://www.topcv.vn/viec-lam/nhan-vien-kinh-doanh-tu-van-nganh-nong-san-luong-12-18-trieu-ho-chi-minh/1583817.html?ta_source=JobSearchList_LinkDetail&u_sr_id=UjW4oaQRYuwnxTBTqJzXEBuvhvvUAmYvEAg5YS8v_1736772467
[2025-01-13T12:47:48.769+0000] {logging_mixin.py:190} INFO - https://www.topcv.vn/viec-lam/cong-tac-vien-tu-van-tuyen-dung/1583728.html?ta_source=JobSearchList_LinkDetail&u_sr_id=UjW4oaQRYuwnxTBTqJzXEBuvhvvUAmYvEAg5YS8v_1736772467
[2025-01-13T12:47:48.769+0000] {logging_mixin.py:190} INFO - https://www.topcv.vn/viec-lam/cua-hang-truong-shop-manager-thu-nhap-tu-12-16-trieu-thao-dien-tu-1-nam-kinh-nghiem/1388928.html?ta_source=JobSearchList_LinkDetail&u_sr_id=UjW4oaQRYuwnxTBTqJzXEBuvhvvUAmYvEAg5YS8v_1736772467
[2025-01-13T12:47:48.770+0000] {logging_mixin.py:190} INFO - https://www.topcv.vn/viec-lam/phu-trach-hanh-chinh-nhan-su-nam-tu-liem-ha-noi-luong-co-ban-upto-15tr-toi-thieu-3-nam-kinh-nghiem/1583738.html?ta_source=JobSearchList_LinkDetail&u_sr_id=UjW4oaQRYuwnxTBTqJzXEBuvhvvUAmYvEAg5YS8v_1736772467
[2025-01-13T12:47:48.770+0000] {logging_mixin.py:190} INFO - https://www.topcv.vn/viec-lam/ke-toan-noi-bo-nam-tu-liem-ha-noi-luong-co-ban-upto-20tr-toi-thieu-3-nam-kinh-nghiem/1583723.html?ta_source=JobSearchList_LinkDetail&u_sr_id=UjW4oaQRYuwnxTBTqJzXEBuvhvvUAmYvEAg5YS8v_1736772467
[2025-01-13T12:47:48.770+0000] {logging_mixin.py:190} INFO - https://www.topcv.vn/viec-lam/nhan-vien-ke-hoach-san-xuat/1583696.html?ta_source=JobSearchList_LinkDetail&u_sr_id=UjW4oaQRYuwnxTBTqJzXEBuvhvvUAmYvEAg5YS8v_1736772467
[2025-01-13T12:47:48.771+0000] {logging_mixin.py:190} INFO - https://www.topcv.vn/viec-lam/chuyen-vien-kinh-doanh-nam-tu-liem-ha-noi-thu-nhap-upto-40tr-toi-thieu-3-nam-kinh-nghiem-di-lam-ngay/1583669.html?ta_source=JobSearchList_LinkDetail&u_sr_id=UjW4oaQRYuwnxTBTqJzXEBuvhvvUAmYvEAg5YS8v_1736772467
[2025-01-13T12:47:48.771+0000] {logging_mixin.py:190} INFO - https://www.topcv.vn/viec-lam/nhan-vien-kinh-doanh-tu-van-thu-nhap-hap-dan-ha-dong-ha-noi/1583649.html?ta_source=JobSearchList_LinkDetail&u_sr_id=UjW4oaQRYuwnxTBTqJzXEBuvhvvUAmYvEAg5YS8v_1736772467
[2025-01-13T12:47:48.771+0000] {logging_mixin.py:190} INFO - https://www.topcv.vn/viec-lam/chuyen-vien-kinh-doanh-tu-van-tai-chinh-thu-nhap-tu-16-25-trieu-thang/1583648.html?ta_source=JobSearchList_LinkDetail&u_sr_id=UjW4oaQRYuwnxTBTqJzXEBuvhvvUAmYvEAg5YS8v_1736772467
[2025-01-13T12:47:48.772+0000] {logging_mixin.py:190} INFO - https://www.topcv.vn/viec-lam/ky-su-xay-dung-qs-thu-nhap-16-20-trieu-di-lam-ngay-tai-hai-duong/1583646.html?ta_source=JobSearchList_LinkDetail&u_sr_id=UjW4oaQRYuwnxTBTqJzXEBuvhvvUAmYvEAg5YS8v_1736772467
[2025-01-13T12:47:48.772+0000] {logging_mixin.py:190} INFO - https://www.topcv.vn/viec-lam/chuyen-vien-tu-van-bao-hiem-du-an-tpbank-x-sun-life-viet-nam-toan-quoc/1495474.html?ta_source=JobSearchList_LinkDetail&u_sr_id=UjW4oaQRYuwnxTBTqJzXEBuvhvvUAmYvEAg5YS8v_1736772467
[2025-01-13T12:47:48.772+0000] {logging_mixin.py:190} INFO - https://www.topcv.vn/viec-lam/nhan-vien-tu-van-nu-thu-nhap-cao-uu-tien-biet-tieng-anh-hoac-tieng-han-giao-tiep-lam-viec-tai-quan-1/1583604.html?ta_source=JobSearchList_LinkDetail&u_sr_id=UjW4oaQRYuwnxTBTqJzXEBuvhvvUAmYvEAg5YS8v_1736772467
[2025-01-13T12:47:48.773+0000] {logging_mixin.py:190} INFO - https://www.topcv.vn/viec-lam/business-development-chuyen-vien-phat-trien-dai-ly/1560363.html?ta_source=JobSearchList_LinkDetail&u_sr_id=UjW4oaQRYuwnxTBTqJzXEBuvhvvUAmYvEAg5YS8v_1736772467
[2025-01-13T12:47:48.773+0000] {logging_mixin.py:190} INFO - https://www.topcv.vn/viec-lam/truong-phong-kinh-doanh-cung-ung-lao-dong/1343466.html?ta_source=JobSearchList_LinkDetail&u_sr_id=UjW4oaQRYuwnxTBTqJzXEBuvhvvUAmYvEAg5YS8v_1736772467
[2025-01-13T12:47:48.773+0000] {logging_mixin.py:190} INFO - https://www.topcv.vn/viec-lam/truong-nhom-tong-dai-tu-van-telesale-call-leader/1583375.html?ta_source=JobSearchList_LinkDetail&u_sr_id=UjW4oaQRYuwnxTBTqJzXEBuvhvvUAmYvEAg5YS8v_1736772467
[2025-01-13T12:47:48.774+0000] {logging_mixin.py:190} INFO - https://www.topcv.vn/viec-lam/digital-marketing-specialist-performance-marketing-global-ecom-2000-thang/1583383.html?ta_source=JobSearchList_LinkDetail&u_sr_id=UjW4oaQRYuwnxTBTqJzXEBuvhvvUAmYvEAg5YS8v_1736772467
[2025-01-13T12:47:48.774+0000] {logging_mixin.py:190} INFO - https://www.topcv.vn/viec-lam/nhan-vien-sale-thuc-pham/1535305.html?ta_source=JobSearchList_LinkDetail&u_sr_id=UjW4oaQRYuwnxTBTqJzXEBuvhvvUAmYvEAg5YS8v_1736772467
[2025-01-13T12:47:48.774+0000] {logging_mixin.py:190} INFO - https://www.topcv.vn/viec-lam/giam-doc-nha-may-san-xuat/1583339.html?ta_source=JobSearchList_LinkDetail&u_sr_id=UjW4oaQRYuwnxTBTqJzXEBuvhvvUAmYvEAg5YS8v_1736772467
[2025-01-13T12:47:48.775+0000] {logging_mixin.py:190} INFO - https://www.topcv.vn/viec-lam/giam-doc-kinh-doanh/1583300.html?ta_source=JobSearchList_LinkDetail&u_sr_id=UjW4oaQRYuwnxTBTqJzXEBuvhvvUAmYvEAg5YS8v_1736772467
[2025-01-13T12:47:48.775+0000] {logging_mixin.py:190} INFO - https://www.topcv.vn/viec-lam/ke-toan-truong/1583288.html?ta_source=JobSearchList_LinkDetail&u_sr_id=UjW4oaQRYuwnxTBTqJzXEBuvhvvUAmYvEAg5YS8v_1736772467
[2025-01-13T12:47:48.776+0000] {logging_mixin.py:190} INFO - https://www.topcv.vn/brand/goldsunfocusmedia/tuyen-dung/chuyen-vien-phap-che-tieng-trung-hoac-tieng-anh-j1583103.html?ta_source=JobSearchList_LinkDetail&u_sr_id=UjW4oaQRYuwnxTBTqJzXEBuvhvvUAmYvEAg5YS8v_1736772467
[2025-01-13T12:47:48.776+0000] {logging_mixin.py:190} INFO - https://www.topcv.vn/viec-lam/cong-tac-vien-xu-ly-don-hang/1571432.html?ta_source=JobSearchList_LinkDetail&u_sr_id=UjW4oaQRYuwnxTBTqJzXEBuvhvvUAmYvEAg5YS8v_1736772467
[2025-01-13T12:47:48.776+0000] {logging_mixin.py:190} INFO - https://www.topcv.vn/viec-lam/giao-vien-bo-mon-dia-li/1583272.html?ta_source=JobSearchList_LinkDetail&u_sr_id=UjW4oaQRYuwnxTBTqJzXEBuvhvvUAmYvEAg5YS8v_1736772467
[2025-01-13T12:47:48.777+0000] {logging_mixin.py:190} INFO - https://www.topcv.vn/viec-lam/marketing-executive/1583191.html?ta_source=JobSearchList_LinkDetail&u_sr_id=UjW4oaQRYuwnxTBTqJzXEBuvhvvUAmYvEAg5YS8v_1736772467
[2025-01-13T12:47:48.777+0000] {logging_mixin.py:190} INFO - https://www.topcv.vn/viec-lam/ky-su-me-khoi-du-an-thu-nhap-hap-dan/1583036.html?ta_source=JobSearchList_LinkDetail&u_sr_id=UjW4oaQRYuwnxTBTqJzXEBuvhvvUAmYvEAg5YS8v_1736772467
[2025-01-13T12:47:48.777+0000] {logging_mixin.py:190} INFO - https://www.topcv.vn/viec-lam/nhan-vien-marketing-thu-nhap-tu-10-den-16-trieu-tai-ha-noi-di-lam-sau-tet/1582994.html?ta_source=JobSearchList_LinkDetail&u_sr_id=UjW4oaQRYuwnxTBTqJzXEBuvhvvUAmYvEAg5YS8v_1736772467
[2025-01-13T12:47:48.778+0000] {logging_mixin.py:190} INFO - https://www.topcv.vn/viec-lam/nhan-vien-tu-van-tuyen-sinh-va-cham-soc-khach-hang-tai-ha-noi-di-lam-sau-tet/1582993.html?ta_source=JobSearchList_LinkDetail&u_sr_id=UjW4oaQRYuwnxTBTqJzXEBuvhvvUAmYvEAg5YS8v_1736772467
[2025-01-13T12:47:48.778+0000] {logging_mixin.py:190} INFO - https://www.topcv.vn/viec-lam/nhan-vien-thiet-ke/1583016.html?ta_source=JobSearchList_LinkDetail&u_sr_id=UjW4oaQRYuwnxTBTqJzXEBuvhvvUAmYvEAg5YS8v_1736772467
[2025-01-13T12:47:48.778+0000] {logging_mixin.py:190} INFO - https://www.topcv.vn/viec-lam/chuyen-vien-chinh-kinh-doanh-m-payroll-tai-khoan-tra-luong-rb-msb-2y108/1582151.html?ta_source=JobSearchList_LinkDetail&u_sr_id=UjW4oaQRYuwnxTBTqJzXEBuvhvvUAmYvEAg5YS8v_1736772467
[2025-01-13T12:47:48.779+0000] {logging_mixin.py:190} INFO - https://www.topcv.vn/viec-lam/senior-healthcare-nurse-y-ta-dieu-tri-cao-cap/1580763.html?ta_source=JobSearchList_LinkDetail&u_sr_id=UjW4oaQRYuwnxTBTqJzXEBuvhvvUAmYvEAg5YS8v_1736772467
[2025-01-13T12:47:48.779+0000] {logging_mixin.py:190} INFO - https://www.topcv.vn/viec-lam/senior-sales-executive/1316953.html?ta_source=JobSearchList_LinkDetail&u_sr_id=UjW4oaQRYuwnxTBTqJzXEBuvhvvUAmYvEAg5YS8v_1736772467
[2025-01-13T12:47:48.779+0000] {logging_mixin.py:190} INFO - https://www.topcv.vn/brand/bpomatbao/tuyen-dung/nhan-vien-van-phong-fulltime-100-data-nong-thu-viec-nhan-100-luong-nhan-viec-ngay-hoac-phong-van-truoc-tet-nhan-viec-sau-tet-nhan-vien-kinh-doanh-tu-van-telesale-sale-admin-j1582562.html?ta_source=JobSearchList_LinkDetail&u_sr_id=UjW4oaQRYuwnxTBTqJzXEBuvhvvUAmYvEAg5YS8v_1736772467
[2025-01-13T12:47:48.779+0000] {logging_mixin.py:190} INFO - https://www.topcv.vn/viec-lam/truong-nhom-quan-ly-chat-luong-qa-qc/1582769.html?ta_source=JobSearchList_LinkDetail&u_sr_id=UjW4oaQRYuwnxTBTqJzXEBuvhvvUAmYvEAg5YS8v_1736772467
[2025-01-13T12:47:48.780+0000] {logging_mixin.py:190} INFO - https://www.topcv.vn/viec-lam/operations-coordinator-receptionist-shtp-district-9-hcmc/1525526.html?ta_source=JobSearchList_LinkDetail&u_sr_id=UjW4oaQRYuwnxTBTqJzXEBuvhvvUAmYvEAg5YS8v_1736772467
[2025-01-13T12:47:48.780+0000] {logging_mixin.py:190} INFO - https://www.topcv.vn/viec-lam/nhan-vien-livestream-tiktok-facebook-ve-mang-du-lich-1-nam-kinh-nghiem-thu-nhap-15-trieu/1582366.html?ta_source=JobSearchList_LinkDetail&u_sr_id=UjW4oaQRYuwnxTBTqJzXEBuvhvvUAmYvEAg5YS8v_1736772467
[2025-01-13T12:47:48.780+0000] {logging_mixin.py:190} INFO - https://www.topcv.vn/viec-lam/quan-ly-san-xuat-mang-co-khi-che-tao-tai-nhon-trach-dong-nai/1582967.html?ta_source=JobSearchList_LinkDetail&u_sr_id=UjW4oaQRYuwnxTBTqJzXEBuvhvvUAmYvEAg5YS8v_1736772467
[2025-01-13T12:47:48.781+0000] {logging_mixin.py:190} INFO - https://www.topcv.vn/viec-lam/chuyen-vien-phan-tich-mo-hinh-qlrr/1582693.html?ta_source=JobSearchList_LinkDetail&u_sr_id=UjW4oaQRYuwnxTBTqJzXEBuvhvvUAmYvEAg5YS8v_1736772467
[2025-01-13T12:47:48.781+0000] {logging_mixin.py:190} INFO - https://www.topcv.vn/viec-lam/nhan-vien-han-nguoi-tho-phu-co-khi/1582779.html?ta_source=JobSearchList_LinkDetail&u_sr_id=UjW4oaQRYuwnxTBTqJzXEBuvhvvUAmYvEAg5YS8v_1736772467
[2025-01-13T12:47:48.782+0000] {logging_mixin.py:190} INFO - https://www.topcv.vn/viec-lam/tro-ly-tong-hop-hanh-chinh-ke-toan-ban-thoi-gian-luong-thoa-thuan/1582806.html?ta_source=JobSearchList_LinkDetail&u_sr_id=UjW4oaQRYuwnxTBTqJzXEBuvhvvUAmYvEAg5YS8v_1736772467
[2025-01-13T12:47:48.782+0000] {logging_mixin.py:190} INFO - https://www.topcv.vn/brand/fecredit/tuyen-dung/nhan-vien-thu-phi-tin-dung-thi-truong-j1427976.html?ta_source=JobSearchList_LinkDetail&u_sr_id=UjW4oaQRYuwnxTBTqJzXEBuvhvvUAmYvEAg5YS8v_1736772467
[2025-01-13T12:47:48.782+0000] {logging_mixin.py:190} INFO - https://www.topcv.vn/viec-lam/giam-doc-mua-hang-quoc-te/1582853.html?ta_source=JobSearchList_LinkDetail&u_sr_id=UjW4oaQRYuwnxTBTqJzXEBuvhvvUAmYvEAg5YS8v_1736772467
[2025-01-13T12:47:48.783+0000] {logging_mixin.py:190} INFO - https://www.topcv.vn/viec-lam/nhan-vien-y-te-mam-non-tai-ho-chi-minh/1524935.html?ta_source=JobSearchList_LinkDetail&u_sr_id=UjW4oaQRYuwnxTBTqJzXEBuvhvvUAmYvEAg5YS8v_1736772467
[2025-01-13T12:47:48.783+0000] {logging_mixin.py:190} INFO - https://www.topcv.vn/viec-lam/ke-toan-vien-muc-luong-8-11-trieu/1582903.html?ta_source=JobSearchList_LinkDetail&u_sr_id=UjW4oaQRYuwnxTBTqJzXEBuvhvvUAmYvEAg5YS8v_1736772467
[2025-01-13T12:47:48.784+0000] {logging_mixin.py:190} INFO - https://www.topcv.vn/viec-lam/contact-center-correspondence-officer/1582636.html?ta_source=JobSearchList_LinkDetail&u_sr_id=UjW4oaQRYuwnxTBTqJzXEBuvhvvUAmYvEAg5YS8v_1736772467
[2025-01-13T12:47:48.784+0000] {logging_mixin.py:190} INFO - URLs successfully saved to /tmp/extracted_urls.txt
[2025-01-13T12:47:48.784+0000] {python.py:240} INFO - Done. Returned value was: None
[2025-01-13T12:47:48.792+0000] {taskinstance.py:340} INFO - ::group::Post task execution logs
[2025-01-13T12:47:48.793+0000] {taskinstance.py:352} INFO - Marking task as SUCCESS. dag_id=topcv_scraper, task_id=scrape_urls, run_id=manual__2025-01-13T12:47:39.339254+00:00, execution_date=20250113T124739, start_date=20250113T124742, end_date=20250113T124748
[2025-01-13T12:47:48.827+0000] {local_task_job_runner.py:266} INFO - Task exited with return code 0
[2025-01-13T12:47:48.848+0000] {taskinstance.py:3895} INFO - 1 downstream tasks scheduled from follow-on schedule check
[2025-01-13T12:47:48.850+0000] {local_task_job_runner.py:245} INFO - ::endgroup::
