[2025-01-13T09:55:48.381+0000] {local_task_job_runner.py:123} INFO - ::group::Pre task execution logs
[2025-01-13T09:55:48.442+0000] {taskinstance.py:2613} INFO - Dependencies all met for dep_context=non-requeueable deps ti=<TaskInstance: topcv_scraper.scrape_urls scheduled__2025-01-12T00:00:00+00:00 [queued]>
[2025-01-13T09:55:48.479+0000] {taskinstance.py:2613} INFO - Dependencies all met for dep_context=requeueable deps ti=<TaskInstance: topcv_scraper.scrape_urls scheduled__2025-01-12T00:00:00+00:00 [queued]>
[2025-01-13T09:55:48.483+0000] {taskinstance.py:2866} INFO - Starting attempt 1 of 2
[2025-01-13T09:55:48.536+0000] {taskinstance.py:2889} INFO - Executing <Task(PythonOperator): scrape_urls> on 2025-01-12 00:00:00+00:00
[2025-01-13T09:55:48.557+0000] {warnings.py:112} WARNING - /home/***/.local/lib/python3.12/site-packages/***/task/task_runner/standard_task_runner.py:70: DeprecationWarning: This process (pid=79) is multi-threaded, use of fork() may lead to deadlocks in the child.
  pid = os.fork()

[2025-01-13T09:55:48.560+0000] {standard_task_runner.py:72} INFO - Started process 83 to run task
[2025-01-13T09:55:48.570+0000] {standard_task_runner.py:104} INFO - Running: ['***', 'tasks', 'run', 'topcv_scraper', 'scrape_urls', 'scheduled__2025-01-12T00:00:00+00:00', '--job-id', '3', '--raw', '--subdir', 'DAGS_FOLDER/crawl_data.py', '--cfg-path', '/tmp/tmpm353nq1s']
[2025-01-13T09:55:48.581+0000] {standard_task_runner.py:105} INFO - Job 3: Subtask scrape_urls
[2025-01-13T09:55:48.683+0000] {task_command.py:467} INFO - Running <TaskInstance: topcv_scraper.scrape_urls scheduled__2025-01-12T00:00:00+00:00 [running]> on host c9148da66659
[2025-01-13T09:55:49.150+0000] {taskinstance.py:3132} INFO - Exporting env vars: AIRFLOW_CTX_DAG_OWNER='***' AIRFLOW_CTX_DAG_ID='topcv_scraper' AIRFLOW_CTX_TASK_ID='scrape_urls' AIRFLOW_CTX_EXECUTION_DATE='2025-01-12T00:00:00+00:00' AIRFLOW_CTX_TRY_NUMBER='1' AIRFLOW_CTX_DAG_RUN_ID='scheduled__2025-01-12T00:00:00+00:00'
[2025-01-13T09:55:49.151+0000] {taskinstance.py:731} INFO - ::endgroup::
[2025-01-13T09:55:53.493+0000] {logging_mixin.py:190} INFO - https://www.topcv.vn/viec-lam/nhan-vien-tu-van-ban-hang-qua-dien-thoai-telesales-cham-soc-khach-hang-data-san-thu-viec-100-luong-fulltime-quan-12/1583957.html?ta_source=JobSearchList_LinkDetail&u_sr_id=iDwEJNoLvzXg3rfWczXoHodmotmenMD9qHNyv3g2_1736762152
[2025-01-13T09:55:53.494+0000] {logging_mixin.py:190} INFO - https://www.topcv.vn/viec-lam/chuyen-vien-tu-van-tham-my-thu-nhap-tu-15tr-30tr-thang/1391152.html?ta_source=JobSearchList_LinkDetail&u_sr_id=iDwEJNoLvzXg3rfWczXoHodmotmenMD9qHNyv3g2_1736762152
[2025-01-13T09:55:53.495+0000] {logging_mixin.py:190} INFO - https://www.topcv.vn/viec-lam/lap-trinh-vien-php-senior/1299695.html?ta_source=JobSearchList_LinkDetail&u_sr_id=iDwEJNoLvzXg3rfWczXoHodmotmenMD9qHNyv3g2_1736762152
[2025-01-13T09:55:53.495+0000] {logging_mixin.py:190} INFO - https://www.topcv.vn/viec-lam/chuyen-vien-tu-van-tong-dai-call-center-tu-van-chot-don-telesales-data-hotlead-kinh-nghiem-tu-3-thang-tro-len-nhan-viec-sau-tet/1583849.html?ta_source=JobSearchList_LinkDetail&u_sr_id=iDwEJNoLvzXg3rfWczXoHodmotmenMD9qHNyv3g2_1736762152
[2025-01-13T09:55:53.496+0000] {logging_mixin.py:190} INFO - https://www.topcv.vn/viec-lam/chuyen-vien-quan-he-khach-hang-ca-nhan-toan-quoc-yeu-cau-tren-1-nam-kinh-nghiem-tin-dung/1583837.html?ta_source=JobSearchList_LinkDetail&u_sr_id=iDwEJNoLvzXg3rfWczXoHodmotmenMD9qHNyv3g2_1736762152
[2025-01-13T09:55:53.497+0000] {logging_mixin.py:190} INFO - https://www.topcv.vn/viec-lam/chuyen-vien-quan-he-khach-hang-doanh-nghiep-toan-quoc-luong-kinh-doanh-hap-dan/1583810.html?ta_source=JobSearchList_LinkDetail&u_sr_id=iDwEJNoLvzXg3rfWczXoHodmotmenMD9qHNyv3g2_1736762152
[2025-01-13T09:55:53.497+0000] {logging_mixin.py:190} INFO - https://www.topcv.vn/viec-lam/nhan-vien-kinh-doanh-tu-van-nganh-nong-san-luong-12-18-trieu-ho-chi-minh/1583817.html?ta_source=JobSearchList_LinkDetail&u_sr_id=iDwEJNoLvzXg3rfWczXoHodmotmenMD9qHNyv3g2_1736762152
[2025-01-13T09:55:53.498+0000] {logging_mixin.py:190} INFO - https://www.topcv.vn/viec-lam/cong-tac-vien-tu-van-tuyen-dung/1583728.html?ta_source=JobSearchList_LinkDetail&u_sr_id=iDwEJNoLvzXg3rfWczXoHodmotmenMD9qHNyv3g2_1736762152
[2025-01-13T09:55:53.498+0000] {logging_mixin.py:190} INFO - https://www.topcv.vn/viec-lam/cua-hang-truong-shop-manager-thu-nhap-tu-12-16-trieu-thao-dien-tu-1-nam-kinh-nghiem/1388928.html?ta_source=JobSearchList_LinkDetail&u_sr_id=iDwEJNoLvzXg3rfWczXoHodmotmenMD9qHNyv3g2_1736762152
[2025-01-13T09:55:53.498+0000] {logging_mixin.py:190} INFO - https://www.topcv.vn/viec-lam/phu-trach-hanh-chinh-nhan-su-nam-tu-liem-ha-noi-luong-co-ban-upto-15tr-toi-thieu-3-nam-kinh-nghiem/1583738.html?ta_source=JobSearchList_LinkDetail&u_sr_id=iDwEJNoLvzXg3rfWczXoHodmotmenMD9qHNyv3g2_1736762152
[2025-01-13T09:55:53.499+0000] {logging_mixin.py:190} INFO - https://www.topcv.vn/viec-lam/ke-toan-noi-bo-nam-tu-liem-ha-noi-luong-co-ban-upto-20tr-toi-thieu-3-nam-kinh-nghiem/1583723.html?ta_source=JobSearchList_LinkDetail&u_sr_id=iDwEJNoLvzXg3rfWczXoHodmotmenMD9qHNyv3g2_1736762152
[2025-01-13T09:55:53.500+0000] {logging_mixin.py:190} INFO - https://www.topcv.vn/viec-lam/nhan-vien-ke-hoach-san-xuat/1583696.html?ta_source=JobSearchList_LinkDetail&u_sr_id=iDwEJNoLvzXg3rfWczXoHodmotmenMD9qHNyv3g2_1736762152
[2025-01-13T09:55:53.500+0000] {logging_mixin.py:190} INFO - https://www.topcv.vn/viec-lam/chuyen-vien-kinh-doanh-nam-tu-liem-ha-noi-thu-nhap-upto-40tr-toi-thieu-3-nam-kinh-nghiem-di-lam-ngay/1583669.html?ta_source=JobSearchList_LinkDetail&u_sr_id=iDwEJNoLvzXg3rfWczXoHodmotmenMD9qHNyv3g2_1736762152
[2025-01-13T09:55:53.501+0000] {logging_mixin.py:190} INFO - https://www.topcv.vn/viec-lam/nhan-vien-kinh-doanh-tu-van-thu-nhap-hap-dan-ha-dong-ha-noi/1583649.html?ta_source=JobSearchList_LinkDetail&u_sr_id=iDwEJNoLvzXg3rfWczXoHodmotmenMD9qHNyv3g2_1736762152
[2025-01-13T09:55:53.502+0000] {logging_mixin.py:190} INFO - https://www.topcv.vn/viec-lam/chuyen-vien-kinh-doanh-tu-van-tai-chinh-thu-nhap-tu-16-25-trieu-thang/1583648.html?ta_source=JobSearchList_LinkDetail&u_sr_id=iDwEJNoLvzXg3rfWczXoHodmotmenMD9qHNyv3g2_1736762152
[2025-01-13T09:55:53.502+0000] {logging_mixin.py:190} INFO - https://www.topcv.vn/viec-lam/ky-su-xay-dung-qs-thu-nhap-16-20-trieu-di-lam-ngay-tai-hai-duong/1583646.html?ta_source=JobSearchList_LinkDetail&u_sr_id=iDwEJNoLvzXg3rfWczXoHodmotmenMD9qHNyv3g2_1736762152
[2025-01-13T09:55:53.503+0000] {logging_mixin.py:190} INFO - https://www.topcv.vn/viec-lam/chuyen-vien-tu-van-bao-hiem-du-an-tpbank-x-sun-life-viet-nam-toan-quoc/1495474.html?ta_source=JobSearchList_LinkDetail&u_sr_id=iDwEJNoLvzXg3rfWczXoHodmotmenMD9qHNyv3g2_1736762152
[2025-01-13T09:55:53.503+0000] {logging_mixin.py:190} INFO - https://www.topcv.vn/viec-lam/nhan-vien-tu-van-nu-thu-nhap-cao-uu-tien-biet-tieng-anh-hoac-tieng-han-giao-tiep-lam-viec-tai-quan-1/1583604.html?ta_source=JobSearchList_LinkDetail&u_sr_id=iDwEJNoLvzXg3rfWczXoHodmotmenMD9qHNyv3g2_1736762152
[2025-01-13T09:55:53.503+0000] {logging_mixin.py:190} INFO - https://www.topcv.vn/viec-lam/business-development-chuyen-vien-phat-trien-dai-ly/1560363.html?ta_source=JobSearchList_LinkDetail&u_sr_id=iDwEJNoLvzXg3rfWczXoHodmotmenMD9qHNyv3g2_1736762152
[2025-01-13T09:55:53.504+0000] {logging_mixin.py:190} INFO - https://www.topcv.vn/viec-lam/truong-phong-kinh-doanh-cung-ung-lao-dong/1343466.html?ta_source=JobSearchList_LinkDetail&u_sr_id=iDwEJNoLvzXg3rfWczXoHodmotmenMD9qHNyv3g2_1736762152
[2025-01-13T09:55:53.504+0000] {logging_mixin.py:190} INFO - https://www.topcv.vn/viec-lam/truong-nhom-tong-dai-tu-van-telesale-call-leader/1583375.html?ta_source=JobSearchList_LinkDetail&u_sr_id=iDwEJNoLvzXg3rfWczXoHodmotmenMD9qHNyv3g2_1736762152
[2025-01-13T09:55:53.505+0000] {logging_mixin.py:190} INFO - https://www.topcv.vn/viec-lam/digital-marketing-specialist-performance-marketing-global-ecom-2000-thang/1583383.html?ta_source=JobSearchList_LinkDetail&u_sr_id=iDwEJNoLvzXg3rfWczXoHodmotmenMD9qHNyv3g2_1736762152
[2025-01-13T09:55:53.505+0000] {logging_mixin.py:190} INFO - https://www.topcv.vn/viec-lam/nhan-vien-sale-thuc-pham/1535305.html?ta_source=JobSearchList_LinkDetail&u_sr_id=iDwEJNoLvzXg3rfWczXoHodmotmenMD9qHNyv3g2_1736762152
[2025-01-13T09:55:53.506+0000] {logging_mixin.py:190} INFO - https://www.topcv.vn/viec-lam/giam-doc-nha-may-san-xuat/1583339.html?ta_source=JobSearchList_LinkDetail&u_sr_id=iDwEJNoLvzXg3rfWczXoHodmotmenMD9qHNyv3g2_1736762152
[2025-01-13T09:55:53.506+0000] {logging_mixin.py:190} INFO - https://www.topcv.vn/viec-lam/giam-doc-kinh-doanh/1583300.html?ta_source=JobSearchList_LinkDetail&u_sr_id=iDwEJNoLvzXg3rfWczXoHodmotmenMD9qHNyv3g2_1736762152
[2025-01-13T09:55:53.507+0000] {logging_mixin.py:190} INFO - https://www.topcv.vn/viec-lam/ke-toan-truong/1583288.html?ta_source=JobSearchList_LinkDetail&u_sr_id=iDwEJNoLvzXg3rfWczXoHodmotmenMD9qHNyv3g2_1736762152
[2025-01-13T09:55:53.507+0000] {logging_mixin.py:190} INFO - https://www.topcv.vn/brand/goldsunfocusmedia/tuyen-dung/chuyen-vien-phap-che-tieng-trung-hoac-tieng-anh-j1583103.html?ta_source=JobSearchList_LinkDetail&u_sr_id=iDwEJNoLvzXg3rfWczXoHodmotmenMD9qHNyv3g2_1736762152
[2025-01-13T09:55:53.508+0000] {logging_mixin.py:190} INFO - https://www.topcv.vn/viec-lam/cong-tac-vien-xu-ly-don-hang/1571432.html?ta_source=JobSearchList_LinkDetail&u_sr_id=iDwEJNoLvzXg3rfWczXoHodmotmenMD9qHNyv3g2_1736762152
[2025-01-13T09:55:53.509+0000] {logging_mixin.py:190} INFO - https://www.topcv.vn/viec-lam/giao-vien-bo-mon-dia-li/1583272.html?ta_source=JobSearchList_LinkDetail&u_sr_id=iDwEJNoLvzXg3rfWczXoHodmotmenMD9qHNyv3g2_1736762152
[2025-01-13T09:55:53.509+0000] {logging_mixin.py:190} INFO - https://www.topcv.vn/viec-lam/marketing-executive/1583191.html?ta_source=JobSearchList_LinkDetail&u_sr_id=iDwEJNoLvzXg3rfWczXoHodmotmenMD9qHNyv3g2_1736762152
[2025-01-13T09:55:53.510+0000] {logging_mixin.py:190} INFO - https://www.topcv.vn/viec-lam/nhan-vien-tu-van-tuyen-sinh-va-cham-soc-khach-hang-tai-ha-noi-di-lam-sau-tet/1582993.html?ta_source=JobSearchList_LinkDetail&u_sr_id=iDwEJNoLvzXg3rfWczXoHodmotmenMD9qHNyv3g2_1736762152
[2025-01-13T09:55:53.510+0000] {logging_mixin.py:190} INFO - https://www.topcv.vn/viec-lam/ky-su-me-khoi-du-an-thu-nhap-hap-dan/1583036.html?ta_source=JobSearchList_LinkDetail&u_sr_id=iDwEJNoLvzXg3rfWczXoHodmotmenMD9qHNyv3g2_1736762152
[2025-01-13T09:55:53.511+0000] {logging_mixin.py:190} INFO - https://www.topcv.vn/viec-lam/nhan-vien-marketing-thu-nhap-tu-10-den-16-trieu-tai-ha-noi-di-lam-sau-tet/1582994.html?ta_source=JobSearchList_LinkDetail&u_sr_id=iDwEJNoLvzXg3rfWczXoHodmotmenMD9qHNyv3g2_1736762152
[2025-01-13T09:55:53.511+0000] {logging_mixin.py:190} INFO - https://www.topcv.vn/viec-lam/nhan-vien-thiet-ke/1583016.html?ta_source=JobSearchList_LinkDetail&u_sr_id=iDwEJNoLvzXg3rfWczXoHodmotmenMD9qHNyv3g2_1736762152
[2025-01-13T09:55:53.512+0000] {logging_mixin.py:190} INFO - https://www.topcv.vn/viec-lam/chuyen-vien-chinh-kinh-doanh-m-payroll-tai-khoan-tra-luong-rb-msb-2y108/1582151.html?ta_source=JobSearchList_LinkDetail&u_sr_id=iDwEJNoLvzXg3rfWczXoHodmotmenMD9qHNyv3g2_1736762152
[2025-01-13T09:55:53.512+0000] {logging_mixin.py:190} INFO - https://www.topcv.vn/viec-lam/nhan-vien-kinh-doanh-tu-van-chot-don-hang-luong-co-ban-tu-7-trieu-hoa-hong-doanh-so/1582406.html?ta_source=JobSearchList_LinkDetail&u_sr_id=iDwEJNoLvzXg3rfWczXoHodmotmenMD9qHNyv3g2_1736762152
[2025-01-13T09:55:53.512+0000] {logging_mixin.py:190} INFO - https://www.topcv.vn/brand/bpomatbao/tuyen-dung/nhan-vien-van-phong-fulltime-100-data-nong-thu-viec-nhan-100-luong-nhan-viec-ngay-hoac-phong-van-truoc-tet-nhan-viec-sau-tet-nhan-vien-kinh-doanh-tu-van-telesale-sale-admin-j1582562.html?ta_source=JobSearchList_LinkDetail&u_sr_id=iDwEJNoLvzXg3rfWczXoHodmotmenMD9qHNyv3g2_1736762152
[2025-01-13T09:55:53.513+0000] {logging_mixin.py:190} INFO - https://www.topcv.vn/viec-lam/truong-nhom-quan-ly-chat-luong-qa-qc/1582769.html?ta_source=JobSearchList_LinkDetail&u_sr_id=iDwEJNoLvzXg3rfWczXoHodmotmenMD9qHNyv3g2_1736762152
[2025-01-13T09:55:53.513+0000] {logging_mixin.py:190} INFO - https://www.topcv.vn/viec-lam/nhan-vien-sales-online-ho-tro-don-hang-data-co-san-thu-nhap-len-den-20-trieu-quan-12/1582458.html?ta_source=JobSearchList_LinkDetail&u_sr_id=iDwEJNoLvzXg3rfWczXoHodmotmenMD9qHNyv3g2_1736762152
[2025-01-13T09:55:53.514+0000] {logging_mixin.py:190} INFO - https://www.topcv.vn/viec-lam/operations-coordinator-receptionist-shtp-district-9-hcmc/1525526.html?ta_source=JobSearchList_LinkDetail&u_sr_id=iDwEJNoLvzXg3rfWczXoHodmotmenMD9qHNyv3g2_1736762152
[2025-01-13T09:55:53.515+0000] {logging_mixin.py:190} INFO - https://www.topcv.vn/viec-lam/nhan-vien-livestream-tiktok-facebook-ve-mang-du-lich-1-nam-kinh-nghiem-thu-nhap-15-trieu/1582366.html?ta_source=JobSearchList_LinkDetail&u_sr_id=iDwEJNoLvzXg3rfWczXoHodmotmenMD9qHNyv3g2_1736762152
[2025-01-13T09:55:53.515+0000] {logging_mixin.py:190} INFO - https://www.topcv.vn/viec-lam/chuyen-vien-quan-ly-khach-hang-chuong-trinh-the-he-but-pha-abbank-s-202x-ha-noi/1582282.html?ta_source=JobSearchList_LinkDetail&u_sr_id=iDwEJNoLvzXg3rfWczXoHodmotmenMD9qHNyv3g2_1736762152
[2025-01-13T09:55:53.516+0000] {logging_mixin.py:190} INFO - https://www.topcv.vn/viec-lam/giao-vien-mam-non-tai-ho-chi-minh-va-ha-noi/1576716.html?ta_source=JobSearchList_LinkDetail&u_sr_id=iDwEJNoLvzXg3rfWczXoHodmotmenMD9qHNyv3g2_1736762152
[2025-01-13T09:55:53.516+0000] {logging_mixin.py:190} INFO - https://www.topcv.vn/viec-lam/truong-nhom-marketing-marketing-leader-luong-tu-15-trieu-thang-nhan-viec-ngay/1582398.html?ta_source=JobSearchList_LinkDetail&u_sr_id=iDwEJNoLvzXg3rfWczXoHodmotmenMD9qHNyv3g2_1736762152
[2025-01-13T09:55:53.517+0000] {logging_mixin.py:190} INFO - https://www.topcv.vn/viec-lam/contact-center-correspondence-officer/1582636.html?ta_source=JobSearchList_LinkDetail&u_sr_id=iDwEJNoLvzXg3rfWczXoHodmotmenMD9qHNyv3g2_1736762152
[2025-01-13T09:55:53.517+0000] {logging_mixin.py:190} INFO - https://www.topcv.vn/viec-lam/ky-su-xay-dung-qs-qc-khoi-du-an-ho-tro-chi-phi-an-o/1582578.html?ta_source=JobSearchList_LinkDetail&u_sr_id=iDwEJNoLvzXg3rfWczXoHodmotmenMD9qHNyv3g2_1736762152
[2025-01-13T09:55:53.518+0000] {logging_mixin.py:190} INFO - https://www.topcv.vn/viec-lam/quan-ly-san-xuat-mang-co-khi-che-tao-tai-nhon-trach-dong-nai/1582967.html?ta_source=JobSearchList_LinkDetail&u_sr_id=iDwEJNoLvzXg3rfWczXoHodmotmenMD9qHNyv3g2_1736762152
[2025-01-13T09:55:53.519+0000] {logging_mixin.py:190} INFO - https://www.topcv.vn/viec-lam/tro-ly-tong-hop-hanh-chinh-ke-toan-ban-thoi-gian-luong-thoa-thuan/1582806.html?ta_source=JobSearchList_LinkDetail&u_sr_id=iDwEJNoLvzXg3rfWczXoHodmotmenMD9qHNyv3g2_1736762152
[2025-01-13T09:55:53.519+0000] {logging_mixin.py:190} INFO - https://www.topcv.vn/viec-lam/senior-healthcare-nurse-y-ta-dieu-tri-cao-cap/1580763.html?ta_source=JobSearchList_LinkDetail&u_sr_id=iDwEJNoLvzXg3rfWczXoHodmotmenMD9qHNyv3g2_1736762152
[2025-01-13T09:55:53.519+0000] {logging_mixin.py:190} INFO - https://www.topcv.vn/viec-lam/senior-sales-executive/1316953.html?ta_source=JobSearchList_LinkDetail&u_sr_id=iDwEJNoLvzXg3rfWczXoHodmotmenMD9qHNyv3g2_1736762152
[2025-01-13T09:55:53.520+0000] {logging_mixin.py:190} INFO - URLs successfully saved to /tmp/extracted_urls.txt
[2025-01-13T09:55:53.520+0000] {python.py:240} INFO - Done. Returned value was: None
[2025-01-13T09:55:53.534+0000] {taskinstance.py:340} INFO - ::group::Post task execution logs
[2025-01-13T09:55:53.534+0000] {taskinstance.py:352} INFO - Marking task as SUCCESS. dag_id=topcv_scraper, task_id=scrape_urls, run_id=scheduled__2025-01-12T00:00:00+00:00, execution_date=20250112T000000, start_date=20250113T095548, end_date=20250113T095553
[2025-01-13T09:55:53.575+0000] {local_task_job_runner.py:266} INFO - Task exited with return code 0
[2025-01-13T09:55:53.581+0000] {standard_task_runner.py:217} INFO - Process not found (most likely exited), stop collecting metrics
[2025-01-13T09:55:53.618+0000] {taskinstance.py:3895} INFO - 1 downstream tasks scheduled from follow-on schedule check
[2025-01-13T09:55:53.622+0000] {local_task_job_runner.py:245} INFO - ::endgroup::
