[2025-01-13T02:28:28.781+0000] {local_task_job_runner.py:123} INFO - ::group::Pre task execution logs
[2025-01-13T02:28:29.463+0000] {taskinstance.py:2613} INFO - Dependencies all met for dep_context=non-requeueable deps ti=<TaskInstance: topcv_scraper.scrape_urls scheduled__2025-01-12T00:00:00+00:00 [queued]>
[2025-01-13T02:28:29.638+0000] {taskinstance.py:2613} INFO - Dependencies all met for dep_context=requeueable deps ti=<TaskInstance: topcv_scraper.scrape_urls scheduled__2025-01-12T00:00:00+00:00 [queued]>
[2025-01-13T02:28:29.639+0000] {taskinstance.py:2866} INFO - Starting attempt 2 of 2
[2025-01-13T02:28:29.963+0000] {taskinstance.py:2889} INFO - Executing <Task(PythonOperator): scrape_urls> on 2025-01-12 00:00:00+00:00
[2025-01-13T02:28:30.542+0000] {warnings.py:112} WARNING - /home/***/.local/lib/python3.12/site-packages/***/task/task_runner/standard_task_runner.py:70: DeprecationWarning: This process (pid=144) is multi-threaded, use of fork() may lead to deadlocks in the child.
  pid = os.fork()

[2025-01-13T02:28:30.552+0000] {standard_task_runner.py:72} INFO - Started process 260 to run task
[2025-01-13T02:28:31.104+0000] {standard_task_runner.py:104} INFO - Running: ['***', 'tasks', 'run', 'topcv_scraper', 'scrape_urls', 'scheduled__2025-01-12T00:00:00+00:00', '--job-id', '17', '--raw', '--subdir', 'DAGS_FOLDER/crawl_data.py', '--cfg-path', '/tmp/tmp27rw1lau']
[2025-01-13T02:28:31.143+0000] {standard_task_runner.py:105} INFO - Job 17: Subtask scrape_urls
[2025-01-13T02:28:31.618+0000] {task_command.py:467} INFO - Running <TaskInstance: topcv_scraper.scrape_urls scheduled__2025-01-12T00:00:00+00:00 [running]> on host 91a339479d94
[2025-01-13T02:28:36.093+0000] {job.py:229} INFO - Heartbeat recovered after 42.01 seconds
[2025-01-13T02:28:51.775+0000] {taskinstance.py:3132} INFO - Exporting env vars: AIRFLOW_CTX_DAG_OWNER='***' AIRFLOW_CTX_DAG_ID='topcv_scraper' AIRFLOW_CTX_TASK_ID='scrape_urls' AIRFLOW_CTX_EXECUTION_DATE='2025-01-12T00:00:00+00:00' AIRFLOW_CTX_TRY_NUMBER='2' AIRFLOW_CTX_DAG_RUN_ID='scheduled__2025-01-12T00:00:00+00:00'
[2025-01-13T02:28:51.777+0000] {taskinstance.py:731} INFO - ::endgroup::
[2025-01-13T02:29:02.730+0000] {local_task_job_runner.py:123} INFO - ::group::Pre task execution logs
[2025-01-13T02:29:02.889+0000] {taskinstance.py:2603} INFO - Dependencies not met for <TaskInstance: topcv_scraper.scrape_urls scheduled__2025-01-12T00:00:00+00:00 [running]>, dependency 'Task Instance State' FAILED: Task is in the 'running' state.
[2025-01-13T02:29:02.890+0000] {taskinstance.py:2603} INFO - Dependencies not met for <TaskInstance: topcv_scraper.scrape_urls scheduled__2025-01-12T00:00:00+00:00 [running]>, dependency 'Task Instance Not Running' FAILED: Task is in the running state
[2025-01-13T02:29:02.900+0000] {local_task_job_runner.py:166} INFO - Task is not able to be run
[2025-01-13T02:29:03.778+0000] {logging_mixin.py:190} INFO - An error occurred while scraping URLs: module 'bs4' has no attribute 'Tag'
[2025-01-13T02:29:03.779+0000] {python.py:240} INFO - Done. Returned value was: None
[2025-01-13T02:29:03.811+0000] {taskinstance.py:340} INFO - ::group::Post task execution logs
[2025-01-13T02:29:03.813+0000] {taskinstance.py:352} INFO - Marking task as SUCCESS. dag_id=topcv_scraper, task_id=scrape_urls, run_id=scheduled__2025-01-12T00:00:00+00:00, execution_date=20250112T000000, start_date=20250113T022829, end_date=20250113T022903
[2025-01-13T02:29:03.936+0000] {local_task_job_runner.py:266} INFO - Task exited with return code 0
[2025-01-13T02:29:03.984+0000] {taskinstance.py:3895} INFO - 1 downstream tasks scheduled from follow-on schedule check
[2025-01-13T02:29:03.994+0000] {local_task_job_runner.py:245} INFO - ::endgroup::
