[2025-01-13T02:47:57.488+0000] {local_task_job_runner.py:123} INFO - ::group::Pre task execution logs
[2025-01-13T02:47:57.504+0000] {taskinstance.py:2613} INFO - Dependencies all met for dep_context=non-requeueable deps ti=<TaskInstance: topcv_scraper.download_html manual__2025-01-13T02:47:46.643659+00:00 [queued]>
[2025-01-13T02:47:57.514+0000] {taskinstance.py:2613} INFO - Dependencies all met for dep_context=requeueable deps ti=<TaskInstance: topcv_scraper.download_html manual__2025-01-13T02:47:46.643659+00:00 [queued]>
[2025-01-13T02:47:57.515+0000] {taskinstance.py:2866} INFO - Starting attempt 1 of 2
[2025-01-13T02:47:57.528+0000] {taskinstance.py:2889} INFO - Executing <Task(PythonOperator): download_html> on 2025-01-13 02:47:46.643659+00:00
[2025-01-13T02:47:57.535+0000] {warnings.py:112} WARNING - /home/***/.local/lib/python3.12/site-packages/***/task/task_runner/standard_task_runner.py:70: DeprecationWarning: This process (pid=491) is multi-threaded, use of fork() may lead to deadlocks in the child.
  pid = os.fork()

[2025-01-13T02:47:57.536+0000] {standard_task_runner.py:72} INFO - Started process 492 to run task
[2025-01-13T02:47:57.537+0000] {standard_task_runner.py:104} INFO - Running: ['***', 'tasks', 'run', 'topcv_scraper', 'download_html', 'manual__2025-01-13T02:47:46.643659+00:00', '--job-id', '23', '--raw', '--subdir', 'DAGS_FOLDER/crawl_data.py', '--cfg-path', '/tmp/tmpjv439eak']
[2025-01-13T02:47:57.540+0000] {standard_task_runner.py:105} INFO - Job 23: Subtask download_html
[2025-01-13T02:47:57.584+0000] {task_command.py:467} INFO - Running <TaskInstance: topcv_scraper.download_html manual__2025-01-13T02:47:46.643659+00:00 [running]> on host 91a339479d94
[2025-01-13T02:47:57.836+0000] {taskinstance.py:3132} INFO - Exporting env vars: AIRFLOW_CTX_DAG_OWNER='***' AIRFLOW_CTX_DAG_ID='topcv_scraper' AIRFLOW_CTX_TASK_ID='download_html' AIRFLOW_CTX_EXECUTION_DATE='2025-01-13T02:47:46.643659+00:00' AIRFLOW_CTX_TRY_NUMBER='1' AIRFLOW_CTX_DAG_RUN_ID='manual__2025-01-13T02:47:46.643659+00:00'
[2025-01-13T02:47:57.837+0000] {taskinstance.py:731} INFO - ::endgroup::
[2025-01-13T02:48:11.521+0000] {logging_mixin.py:190} INFO - Successfully retrieved and saved HTML for: https://www.topcv.vn/viec-lam/nhan-vien-sale-thuc-pham/1535305.html?ta_source=JobSearchList_LinkDetail&u_sr_id=8p9zH3hmnHIxrtrIDivt8W7LUVZs1XVaTuTKWGot_1736736475
[2025-01-13T02:48:18.147+0000] {logging_mixin.py:190} INFO - Successfully retrieved and saved HTML for: https://www.topcv.vn/brand/goldsunfocusmedia/tuyen-dung/chuyen-vien-phap-che-tieng-trung-hoac-tieng-anh-j1583103.html?ta_source=JobSearchList_LinkDetail&u_sr_id=8p9zH3hmnHIxrtrIDivt8W7LUVZs1XVaTuTKWGot_1736736475
[2025-01-13T02:48:29.266+0000] {logging_mixin.py:190} INFO - Successfully retrieved and saved HTML for: https://www.topcv.vn/viec-lam/giao-vien-bo-mon-dia-li/1583272.html?ta_source=JobSearchList_LinkDetail&u_sr_id=8p9zH3hmnHIxrtrIDivt8W7LUVZs1XVaTuTKWGot_1736736475
[2025-01-13T02:48:41.240+0000] {logging_mixin.py:190} INFO - Successfully retrieved and saved HTML for: https://www.topcv.vn/viec-lam/marketing-executive/1583191.html?ta_source=JobSearchList_LinkDetail&u_sr_id=8p9zH3hmnHIxrtrIDivt8W7LUVZs1XVaTuTKWGot_1736736475
[2025-01-13T02:48:48.099+0000] {logging_mixin.py:190} INFO - Successfully retrieved and saved HTML for: https://www.topcv.vn/viec-lam/nhan-vien-marketing-thu-nhap-tu-10-den-16-trieu-tai-ha-noi-di-lam-sau-tet/1582994.html?ta_source=JobSearchList_LinkDetail&u_sr_id=8p9zH3hmnHIxrtrIDivt8W7LUVZs1XVaTuTKWGot_1736736475
[2025-01-13T02:48:54.810+0000] {logging_mixin.py:190} INFO - Successfully retrieved and saved HTML for: https://www.topcv.vn/viec-lam/ky-su-me-khoi-du-an-thu-nhap-hap-dan/1583036.html?ta_source=JobSearchList_LinkDetail&u_sr_id=8p9zH3hmnHIxrtrIDivt8W7LUVZs1XVaTuTKWGot_1736736475
[2025-01-13T02:49:09.807+0000] {logging_mixin.py:190} INFO - Successfully retrieved and saved HTML for: https://www.topcv.vn/viec-lam/nhan-vien-tu-van-tuyen-sinh-va-cham-soc-khach-hang-tai-ha-noi-di-lam-sau-tet/1582993.html?ta_source=JobSearchList_LinkDetail&u_sr_id=8p9zH3hmnHIxrtrIDivt8W7LUVZs1XVaTuTKWGot_1736736475
[2025-01-13T02:49:15.423+0000] {logging_mixin.py:190} INFO - Successfully retrieved and saved HTML for: https://www.topcv.vn/viec-lam/nhan-vien-thiet-ke/1583016.html?ta_source=JobSearchList_LinkDetail&u_sr_id=8p9zH3hmnHIxrtrIDivt8W7LUVZs1XVaTuTKWGot_1736736475
[2025-01-13T02:49:22.568+0000] {logging_mixin.py:190} INFO - Successfully retrieved and saved HTML for: https://www.topcv.vn/viec-lam/giam-doc-mua-hang-quoc-te/1582853.html?ta_source=JobSearchList_LinkDetail&u_sr_id=8p9zH3hmnHIxrtrIDivt8W7LUVZs1XVaTuTKWGot_1736736475
[2025-01-13T02:49:31.296+0000] {logging_mixin.py:190} INFO - Successfully retrieved and saved HTML for: https://www.topcv.vn/brand/bpomatbao/tuyen-dung/nhan-vien-kinh-doanh-ban-hang-ho-tro-100-data-nong-nhan-viec-ngay-hoac-phong-van-truoc-tet-nhan-viec-sau-tet-thu-viec-nhan-100-luong-cung-thu-nhap-upto-25-trieu-thang-tu-van-telesale-sales-admin-j1582562.html?ta_source=JobSearchList_LinkDetail&u_sr_id=8p9zH3hmnHIxrtrIDivt8W7LUVZs1XVaTuTKWGot_1736736475
[2025-01-13T02:49:37.836+0000] {logging_mixin.py:190} INFO - Successfully retrieved and saved HTML for: https://www.topcv.vn/viec-lam/ke-toan-vien-muc-luong-8-11-trieu/1582903.html?ta_source=JobSearchList_LinkDetail&u_sr_id=8p9zH3hmnHIxrtrIDivt8W7LUVZs1XVaTuTKWGot_1736736475
[2025-01-13T02:49:51.469+0000] {logging_mixin.py:190} INFO - Successfully retrieved and saved HTML for: https://www.topcv.vn/viec-lam/giao-vien-mam-non-tai-ho-chi-minh-va-ha-noi/1576716.html?ta_source=JobSearchList_LinkDetail&u_sr_id=8p9zH3hmnHIxrtrIDivt8W7LUVZs1XVaTuTKWGot_1736736475
[2025-01-13T02:50:00.241+0000] {logging_mixin.py:190} INFO - Successfully retrieved and saved HTML for: https://www.topcv.vn/viec-lam/nhan-vien-sales-online-ho-tro-don-hang-data-co-san-thu-nhap-len-den-20-trieu-quan-12/1582458.html?ta_source=JobSearchList_LinkDetail&u_sr_id=8p9zH3hmnHIxrtrIDivt8W7LUVZs1XVaTuTKWGot_1736736475
[2025-01-13T02:50:12.064+0000] {logging_mixin.py:190} INFO - Successfully retrieved and saved HTML for: https://www.topcv.vn/viec-lam/contact-center-correspondence-officer/1582636.html?ta_source=JobSearchList_LinkDetail&u_sr_id=8p9zH3hmnHIxrtrIDivt8W7LUVZs1XVaTuTKWGot_1736736475
[2025-01-13T02:50:20.297+0000] {logging_mixin.py:190} INFO - Successfully retrieved and saved HTML for: https://www.topcv.vn/viec-lam/2d-artist/1582454.html?ta_source=JobSearchList_LinkDetail&u_sr_id=8p9zH3hmnHIxrtrIDivt8W7LUVZs1XVaTuTKWGot_1736736475
[2025-01-13T02:50:26.150+0000] {logging_mixin.py:190} INFO - Successfully retrieved and saved HTML for: https://www.topcv.vn/viec-lam/chuyen-vien-phan-tich-mo-hinh-qlrr/1582693.html?ta_source=JobSearchList_LinkDetail&u_sr_id=8p9zH3hmnHIxrtrIDivt8W7LUVZs1XVaTuTKWGot_1736736475
[2025-01-13T02:50:35.131+0000] {logging_mixin.py:190} INFO - Successfully retrieved and saved HTML for: https://www.topcv.vn/viec-lam/nhan-vien-kinh-doanh-tu-van-chot-don-hang-luong-co-ban-tu-7-trieu-hoa-hong-doanh-so/1582406.html?ta_source=JobSearchList_LinkDetail&u_sr_id=8p9zH3hmnHIxrtrIDivt8W7LUVZs1XVaTuTKWGot_1736736475
[2025-01-13T02:50:45.165+0000] {logging_mixin.py:190} INFO - Successfully retrieved and saved HTML for: https://www.topcv.vn/viec-lam/senior-sales-executive/1316953.html?ta_source=JobSearchList_LinkDetail&u_sr_id=8p9zH3hmnHIxrtrIDivt8W7LUVZs1XVaTuTKWGot_1736736475
[2025-01-13T02:50:53.151+0000] {logging_mixin.py:190} INFO - Successfully retrieved and saved HTML for: https://www.topcv.vn/viec-lam/nhan-vien-livestream-tiktok-facebook-ve-mang-du-lich-1-nam-kinh-nghiem-thu-nhap-15-trieu/1582366.html?ta_source=JobSearchList_LinkDetail&u_sr_id=8p9zH3hmnHIxrtrIDivt8W7LUVZs1XVaTuTKWGot_1736736475
[2025-01-13T02:51:02.638+0000] {logging_mixin.py:190} INFO - Successfully retrieved and saved HTML for: https://www.topcv.vn/viec-lam/chuyen-vien-quan-ly-khach-hang-chuong-trinh-the-he-but-pha-abbank-s-202x-ha-noi/1582282.html?ta_source=JobSearchList_LinkDetail&u_sr_id=8p9zH3hmnHIxrtrIDivt8W7LUVZs1XVaTuTKWGot_1736736475
[2025-01-13T02:51:10.574+0000] {logging_mixin.py:190} INFO - Successfully retrieved and saved HTML for: https://www.topcv.vn/viec-lam/giao-dich-vien-chuong-trinh-the-he-but-pha-abbank-s-202x-ha-noi/1582306.html?ta_source=JobSearchList_LinkDetail&u_sr_id=8p9zH3hmnHIxrtrIDivt8W7LUVZs1XVaTuTKWGot_1736736475
[2025-01-13T02:51:16.358+0000] {logging_mixin.py:190} INFO - Successfully retrieved and saved HTML for: https://www.topcv.vn/viec-lam/tro-ly-tong-hop-hanh-chinh-ke-toan-ban-thoi-gian-luong-thoa-thuan/1582806.html?ta_source=JobSearchList_LinkDetail&u_sr_id=8p9zH3hmnHIxrtrIDivt8W7LUVZs1XVaTuTKWGot_1736736475
[2025-01-13T02:51:24.208+0000] {logging_mixin.py:190} INFO - Successfully retrieved and saved HTML for: https://www.topcv.vn/viec-lam/operations-coordinator-receptionist-shtp-district-9-hcmc/1525526.html?ta_source=JobSearchList_LinkDetail&u_sr_id=8p9zH3hmnHIxrtrIDivt8W7LUVZs1XVaTuTKWGot_1736736475
[2025-01-13T02:51:39.256+0000] {logging_mixin.py:190} INFO - Successfully retrieved and saved HTML for: https://www.topcv.vn/viec-lam/senior-healthcare-nurse-y-ta-dieu-tri-cao-cap/1580763.html?ta_source=JobSearchList_LinkDetail&u_sr_id=8p9zH3hmnHIxrtrIDivt8W7LUVZs1XVaTuTKWGot_1736736475
[2025-01-13T02:51:53.686+0000] {logging_mixin.py:190} INFO - Successfully retrieved and saved HTML for: https://www.topcv.vn/viec-lam/ky-su-xay-dung-giao-thong-di-lam-ngay/1582899.html?ta_source=JobSearchList_LinkDetail&u_sr_id=8p9zH3hmnHIxrtrIDivt8W7LUVZs1XVaTuTKWGot_1736736475
[2025-01-13T02:52:01.826+0000] {logging_mixin.py:190} INFO - Successfully retrieved and saved HTML for: https://www.topcv.vn/viec-lam/giao-vien-am-nhac-parttime-khoi-tieu-hoc/1582593.html?ta_source=JobSearchList_LinkDetail&u_sr_id=8p9zH3hmnHIxrtrIDivt8W7LUVZs1XVaTuTKWGot_1736736475
[2025-01-13T02:52:10.561+0000] {logging_mixin.py:190} INFO - Successfully retrieved and saved HTML for: https://www.topcv.vn/viec-lam/ky-su-xay-dung-qs-qc-khoi-du-an-ho-tro-chi-phi-an-o/1582578.html?ta_source=JobSearchList_LinkDetail&u_sr_id=8p9zH3hmnHIxrtrIDivt8W7LUVZs1XVaTuTKWGot_1736736475
[2025-01-13T02:52:25.140+0000] {logging_mixin.py:190} INFO - Successfully retrieved and saved HTML for: https://www.topcv.vn/viec-lam/chuyen-vien-quan-he-khach-hang-fdi-tieng-trung-tieng-han/1523027.html?ta_source=JobSearchList_LinkDetail&u_sr_id=8p9zH3hmnHIxrtrIDivt8W7LUVZs1XVaTuTKWGot_1736736475
[2025-01-13T02:52:35.072+0000] {logging_mixin.py:190} INFO - Successfully retrieved and saved HTML for: https://www.topcv.vn/viec-lam/nhan-vien-y-te-mam-non-tai-ho-chi-minh/1524935.html?ta_source=JobSearchList_LinkDetail&u_sr_id=8p9zH3hmnHIxrtrIDivt8W7LUVZs1XVaTuTKWGot_1736736475
[2025-01-13T02:52:41.457+0000] {logging_mixin.py:190} INFO - Successfully retrieved and saved HTML for: https://www.topcv.vn/viec-lam/nhan-vien-ban-hang-tai-cua-hang-tai-ho-chi-minh-ha-noi/1482186.html?ta_source=JobSearchList_LinkDetail&u_sr_id=8p9zH3hmnHIxrtrIDivt8W7LUVZs1XVaTuTKWGot_1736736475
[2025-01-13T02:52:54.824+0000] {logging_mixin.py:190} INFO - Successfully retrieved and saved HTML for: https://www.topcv.vn/viec-lam/truong-nhom-quan-ly-chat-luong-qa-qc/1582769.html?ta_source=JobSearchList_LinkDetail&u_sr_id=8p9zH3hmnHIxrtrIDivt8W7LUVZs1XVaTuTKWGot_1736736475
[2025-01-13T02:53:03.618+0000] {logging_mixin.py:190} INFO - Successfully retrieved and saved HTML for: https://www.topcv.vn/viec-lam/truong-nhom-marketing-marketing-leader-luong-tu-15-trieu-thang-nhan-viec-ngay/1582398.html?ta_source=JobSearchList_LinkDetail&u_sr_id=8p9zH3hmnHIxrtrIDivt8W7LUVZs1XVaTuTKWGot_1736736475
[2025-01-13T02:53:18.600+0000] {logging_mixin.py:190} INFO - Successfully retrieved and saved HTML for: https://www.topcv.vn/brand/fecredit/tuyen-dung/nhan-vien-thu-phi-tin-dung-thi-truong-j1427976.html?ta_source=JobSearchList_LinkDetail&u_sr_id=8p9zH3hmnHIxrtrIDivt8W7LUVZs1XVaTuTKWGot_1736736475
[2025-01-13T02:53:31.346+0000] {logging_mixin.py:190} INFO - Successfully retrieved and saved HTML for: https://www.topcv.vn/viec-lam/chuyen-vien-chinh-kinh-doanh-m-payroll-tai-khoan-tra-luong-rb-msb-2y108/1582151.html?ta_source=JobSearchList_LinkDetail&u_sr_id=8p9zH3hmnHIxrtrIDivt8W7LUVZs1XVaTuTKWGot_1736736475
[2025-01-13T02:53:44.423+0000] {logging_mixin.py:190} INFO - Successfully retrieved and saved HTML for: https://www.topcv.vn/viec-lam/quan-ly-nhan-hang-brand-manager-thu-nhap-tu-20-30-trieu/1582921.html?ta_source=JobSearchList_LinkDetail&u_sr_id=8p9zH3hmnHIxrtrIDivt8W7LUVZs1XVaTuTKWGot_1736736475
[2025-01-13T02:53:52.037+0000] {logging_mixin.py:190} INFO - Successfully retrieved and saved HTML for: https://www.topcv.vn/viec-lam/nhan-vien-kinh-doanh-mang-can-ho-thu-nhap-tu-7-50-trieu-khong-yeu-cau-kinh-nghiem/1463269.html?ta_source=JobSearchList_LinkDetail&u_sr_id=8p9zH3hmnHIxrtrIDivt8W7LUVZs1XVaTuTKWGot_1736736475
[2025-01-13T02:53:57.509+0000] {logging_mixin.py:190} INFO - Successfully retrieved and saved HTML for: https://www.topcv.vn/viec-lam/nhan-vien-van-phong-nhap-lieu-data-entry-thu-nhap-7-trieu-thang-tai-hn-hcm/1308266.html?ta_source=JobSearchList_LinkDetail&u_sr_id=8p9zH3hmnHIxrtrIDivt8W7LUVZs1XVaTuTKWGot_1736736475
[2025-01-13T02:54:05.681+0000] {logging_mixin.py:190} INFO - Successfully retrieved and saved HTML for: https://www.topcv.vn/viec-lam/nhan-vien-kinh-doanh/1582204.html?ta_source=JobSearchList_LinkDetail&u_sr_id=8p9zH3hmnHIxrtrIDivt8W7LUVZs1XVaTuTKWGot_1736736475
[2025-01-13T02:54:11.900+0000] {logging_mixin.py:190} INFO - Successfully retrieved and saved HTML for: https://www.topcv.vn/viec-lam/quan-ly-san-xuat-mang-co-khi-che-tao-tai-nhon-trach-dong-nai/1582967.html?ta_source=JobSearchList_LinkDetail&u_sr_id=8p9zH3hmnHIxrtrIDivt8W7LUVZs1XVaTuTKWGot_1736736475
[2025-01-13T02:54:24.633+0000] {logging_mixin.py:190} INFO - Successfully retrieved and saved HTML for: https://www.topcv.vn/viec-lam/thu-ky/1505191.html?ta_source=JobSearchList_LinkDetail&u_sr_id=8p9zH3hmnHIxrtrIDivt8W7LUVZs1XVaTuTKWGot_1736736475
[2025-01-13T02:54:32.070+0000] {logging_mixin.py:190} INFO - Successfully retrieved and saved HTML for: https://www.topcv.vn/viec-lam/quan-ly-trung-tam-tieng-anh-thu-nhap-upto-60-trieu-ha-noi-tp-ho-chi-minh/1582467.html?ta_source=JobSearchList_LinkDetail&u_sr_id=8p9zH3hmnHIxrtrIDivt8W7LUVZs1XVaTuTKWGot_1736736475
[2025-01-13T02:54:44.727+0000] {logging_mixin.py:190} INFO - Successfully retrieved and saved HTML for: https://www.topcv.vn/viec-lam/nhan-vien-qc/1582846.html?ta_source=JobSearchList_LinkDetail&u_sr_id=8p9zH3hmnHIxrtrIDivt8W7LUVZs1XVaTuTKWGot_1736736475
[2025-01-13T02:54:56.863+0000] {logging_mixin.py:190} INFO - Successfully retrieved and saved HTML for: https://www.topcv.vn/brand/congtycophanmisa/tuyen-dung/talent-acquisition-specialist-chuyen-vien-tuyen-dung-j1582143.html?ta_source=JobSearchList_LinkDetail&u_sr_id=8p9zH3hmnHIxrtrIDivt8W7LUVZs1XVaTuTKWGot_1736736475
[2025-01-13T02:55:10.845+0000] {logging_mixin.py:190} INFO - Successfully retrieved and saved HTML for: https://www.topcv.vn/viec-lam/nhan-vien-han-nguoi-tho-phu-co-khi/1582779.html?ta_source=JobSearchList_LinkDetail&u_sr_id=8p9zH3hmnHIxrtrIDivt8W7LUVZs1XVaTuTKWGot_1736736475
[2025-01-13T02:55:20.498+0000] {logging_mixin.py:190} INFO - Successfully retrieved and saved HTML for: https://www.topcv.vn/viec-lam/chuyen-vien-quan-ly-khach-hang-chuong-trinh-the-he-but-pha-abbank-s-202x-ho-chi-minh/1582291.html?ta_source=JobSearchList_LinkDetail&u_sr_id=8p9zH3hmnHIxrtrIDivt8W7LUVZs1XVaTuTKWGot_1736736475
[2025-01-13T02:55:30.173+0000] {logging_mixin.py:190} INFO - Successfully retrieved and saved HTML for: https://www.topcv.vn/viec-lam/nhan-vien-kinh-doanh-tieng-anh-tieng-trung/1581286.html?ta_source=JobSearchList_LinkDetail&u_sr_id=8p9zH3hmnHIxrtrIDivt8W7LUVZs1XVaTuTKWGot_1736736475
[2025-01-13T02:55:38.354+0000] {logging_mixin.py:190} INFO - Successfully retrieved and saved HTML for: https://www.topcv.vn/viec-lam/chuyen-vien-tu-van-du-hoc-sales-du-hoc-thu-nhap-10-20-trieu-luong-cung-cao-nhan-viec-ngay/1582607.html?ta_source=JobSearchList_LinkDetail&u_sr_id=8p9zH3hmnHIxrtrIDivt8W7LUVZs1XVaTuTKWGot_1736736475
[2025-01-13T02:55:44.954+0000] {logging_mixin.py:190} INFO - Successfully retrieved and saved HTML for: https://www.topcv.vn/viec-lam/ke-toan-tong-hop-luong-15-20-trieu-ho-chi-minh/1582736.html?ta_source=JobSearchList_LinkDetail&u_sr_id=8p9zH3hmnHIxrtrIDivt8W7LUVZs1XVaTuTKWGot_1736736475
[2025-01-13T02:55:56.306+0000] {logging_mixin.py:190} INFO - Successfully retrieved and saved HTML for: https://www.topcv.vn/viec-lam/business-analyst-ba-ba-lead-co-kinh-nghiem/1582491.html?ta_source=JobSearchList_LinkDetail&u_sr_id=8p9zH3hmnHIxrtrIDivt8W7LUVZs1XVaTuTKWGot_1736736475
[2025-01-13T02:56:10.229+0000] {logging_mixin.py:190} INFO - Successfully retrieved and saved HTML for: https://www.topcv.vn/viec-lam/nhan-vien-content-marketing-nganh-du-lich-2-nam-kinh-nghiem-thu-nhap-15-trieu/1582422.html?ta_source=JobSearchList_LinkDetail&u_sr_id=8p9zH3hmnHIxrtrIDivt8W7LUVZs1XVaTuTKWGot_1736736475
[2025-01-13T02:56:10.230+0000] {python.py:240} INFO - Done. Returned value was: None
[2025-01-13T02:56:10.241+0000] {taskinstance.py:340} INFO - ::group::Post task execution logs
[2025-01-13T02:56:10.242+0000] {taskinstance.py:352} INFO - Marking task as SUCCESS. dag_id=topcv_scraper, task_id=download_html, run_id=manual__2025-01-13T02:47:46.643659+00:00, execution_date=20250113T024746, start_date=20250113T024757, end_date=20250113T025610
[2025-01-13T02:56:10.304+0000] {local_task_job_runner.py:266} INFO - Task exited with return code 0
[2025-01-13T02:56:10.474+0000] {taskinstance.py:3895} INFO - 1 downstream tasks scheduled from follow-on schedule check
[2025-01-13T02:56:10.481+0000] {local_task_job_runner.py:245} INFO - ::endgroup::
