[2025-01-13T02:30:14.481+0000] {local_task_job_runner.py:123} INFO - ::group::Pre task execution logs
[2025-01-13T02:30:14.628+0000] {taskinstance.py:2613} INFO - Dependencies all met for dep_context=non-requeueable deps ti=<TaskInstance: topcv_scraper.extract_job_data scheduled__2025-01-12T00:00:00+00:00 [queued]>
[2025-01-13T02:30:14.687+0000] {taskinstance.py:2613} INFO - Dependencies all met for dep_context=requeueable deps ti=<TaskInstance: topcv_scraper.extract_job_data scheduled__2025-01-12T00:00:00+00:00 [queued]>
[2025-01-13T02:30:14.688+0000] {taskinstance.py:2866} INFO - Starting attempt 1 of 2
[2025-01-13T02:30:14.838+0000] {taskinstance.py:2889} INFO - Executing <Task(PythonOperator): extract_job_data> on 2025-01-12 00:00:00+00:00
[2025-01-13T02:30:14.868+0000] {warnings.py:112} WARNING - /home/***/.local/lib/python3.12/site-packages/***/task/task_runner/standard_task_runner.py:70: DeprecationWarning: This process (pid=278) is multi-threaded, use of fork() may lead to deadlocks in the child.
  pid = os.fork()

[2025-01-13T02:30:14.875+0000] {standard_task_runner.py:72} INFO - Started process 279 to run task
[2025-01-13T02:30:14.875+0000] {standard_task_runner.py:104} INFO - Running: ['***', 'tasks', 'run', 'topcv_scraper', 'extract_job_data', 'scheduled__2025-01-12T00:00:00+00:00', '--job-id', '20', '--raw', '--subdir', 'DAGS_FOLDER/crawl_data.py', '--cfg-path', '/tmp/tmp5kgb1ql3']
[2025-01-13T02:30:14.897+0000] {standard_task_runner.py:105} INFO - Job 20: Subtask extract_job_data
[2025-01-13T02:30:15.071+0000] {task_command.py:467} INFO - Running <TaskInstance: topcv_scraper.extract_job_data scheduled__2025-01-12T00:00:00+00:00 [running]> on host 91a339479d94
[2025-01-13T02:30:16.377+0000] {taskinstance.py:3132} INFO - Exporting env vars: AIRFLOW_CTX_DAG_OWNER='***' AIRFLOW_CTX_DAG_ID='topcv_scraper' AIRFLOW_CTX_TASK_ID='extract_job_data' AIRFLOW_CTX_EXECUTION_DATE='2025-01-12T00:00:00+00:00' AIRFLOW_CTX_TRY_NUMBER='1' AIRFLOW_CTX_DAG_RUN_ID='scheduled__2025-01-12T00:00:00+00:00'
[2025-01-13T02:30:16.379+0000] {taskinstance.py:731} INFO - ::endgroup::
[2025-01-13T02:31:58.796+0000] {logging_mixin.py:190} INFO - An error occurred: 2003 (HY000): Can't connect to MySQL server on 'localhost:3307' (111)
[2025-01-13T02:31:58.798+0000] {python.py:240} INFO - Done. Returned value was: None
[2025-01-13T02:31:58.837+0000] {taskinstance.py:340} INFO - ::group::Post task execution logs
[2025-01-13T02:31:58.850+0000] {taskinstance.py:352} INFO - Marking task as SUCCESS. dag_id=topcv_scraper, task_id=extract_job_data, run_id=scheduled__2025-01-12T00:00:00+00:00, execution_date=20250112T000000, start_date=20250113T023014, end_date=20250113T023158
[2025-01-13T02:31:58.975+0000] {local_task_job_runner.py:266} INFO - Task exited with return code 0
[2025-01-13T02:31:59.020+0000] {taskinstance.py:3895} INFO - 0 downstream tasks scheduled from follow-on schedule check
[2025-01-13T02:31:59.341+0000] {local_task_job_runner.py:245} INFO - ::endgroup::
[2025-01-13T10:05:17.164+0000] {local_task_job_runner.py:123} INFO - ::group::Pre task execution logs
[2025-01-13T10:05:17.181+0000] {taskinstance.py:2613} INFO - Dependencies all met for dep_context=non-requeueable deps ti=<TaskInstance: topcv_scraper.extract_job_data scheduled__2025-01-12T00:00:00+00:00 [queued]>
[2025-01-13T10:05:17.190+0000] {taskinstance.py:2613} INFO - Dependencies all met for dep_context=requeueable deps ti=<TaskInstance: topcv_scraper.extract_job_data scheduled__2025-01-12T00:00:00+00:00 [queued]>
[2025-01-13T10:05:17.190+0000] {taskinstance.py:2866} INFO - Starting attempt 1 of 2
[2025-01-13T10:05:17.218+0000] {taskinstance.py:2889} INFO - Executing <Task(PythonOperator): extract_job_data> on 2025-01-12 00:00:00+00:00
[2025-01-13T10:05:17.224+0000] {warnings.py:112} WARNING - /home/***/.local/lib/python3.12/site-packages/***/task/task_runner/standard_task_runner.py:70: DeprecationWarning: This process (pid=219) is multi-threaded, use of fork() may lead to deadlocks in the child.
  pid = os.fork()

[2025-01-13T10:05:17.227+0000] {standard_task_runner.py:72} INFO - Started process 220 to run task
[2025-01-13T10:05:17.231+0000] {standard_task_runner.py:104} INFO - Running: ['***', 'tasks', 'run', 'topcv_scraper', 'extract_job_data', 'scheduled__2025-01-12T00:00:00+00:00', '--job-id', '8', '--raw', '--subdir', 'DAGS_FOLDER/crawl_data.py', '--cfg-path', '/tmp/tmpjsldkg7_']
[2025-01-13T10:05:17.234+0000] {standard_task_runner.py:105} INFO - Job 8: Subtask extract_job_data
[2025-01-13T10:05:17.289+0000] {task_command.py:467} INFO - Running <TaskInstance: topcv_scraper.extract_job_data scheduled__2025-01-12T00:00:00+00:00 [running]> on host c9148da66659
[2025-01-13T10:05:17.624+0000] {taskinstance.py:3132} INFO - Exporting env vars: AIRFLOW_CTX_DAG_OWNER='***' AIRFLOW_CTX_DAG_ID='topcv_scraper' AIRFLOW_CTX_TASK_ID='extract_job_data' AIRFLOW_CTX_EXECUTION_DATE='2025-01-12T00:00:00+00:00' AIRFLOW_CTX_TRY_NUMBER='1' AIRFLOW_CTX_DAG_RUN_ID='scheduled__2025-01-12T00:00:00+00:00'
[2025-01-13T10:05:17.625+0000] {taskinstance.py:731} INFO - ::endgroup::
[2025-01-13T10:05:45.672+0000] {logging_mixin.py:190} INFO - MySQL error: 2003 (HY000): Can't connect to MySQL server on 'localhost:3306' (111)
[2025-01-13T10:05:45.673+0000] {logging_mixin.py:190} INFO - An unexpected error occurred: cannot access local variable 'conn' where it is not associated with a value
[2025-01-13T10:05:45.674+0000] {python.py:240} INFO - Done. Returned value was: None
[2025-01-13T10:05:45.683+0000] {taskinstance.py:340} INFO - ::group::Post task execution logs
[2025-01-13T10:05:45.684+0000] {taskinstance.py:352} INFO - Marking task as SUCCESS. dag_id=topcv_scraper, task_id=extract_job_data, run_id=scheduled__2025-01-12T00:00:00+00:00, execution_date=20250112T000000, start_date=20250113T100517, end_date=20250113T100545
[2025-01-13T10:05:45.723+0000] {local_task_job_runner.py:266} INFO - Task exited with return code 0
[2025-01-13T10:05:45.736+0000] {taskinstance.py:3895} INFO - 0 downstream tasks scheduled from follow-on schedule check
[2025-01-13T10:05:45.738+0000] {local_task_job_runner.py:245} INFO - ::endgroup::
