[2025-01-16T01:58:02.562+0000] {local_task_job_runner.py:123} INFO - ::group::Pre task execution logs
[2025-01-16T01:58:02.586+0000] {taskinstance.py:2613} INFO - Dependencies all met for dep_context=non-requeueable deps ti=<TaskInstance: topcv_scraper.download_html scheduled__2025-01-15T00:00:00+00:00 [queued]>
[2025-01-16T01:58:02.605+0000] {taskinstance.py:2613} INFO - Dependencies all met for dep_context=requeueable deps ti=<TaskInstance: topcv_scraper.download_html scheduled__2025-01-15T00:00:00+00:00 [queued]>
[2025-01-16T01:58:02.606+0000] {taskinstance.py:2866} INFO - Starting attempt 1 of 2
[2025-01-16T01:58:02.627+0000] {taskinstance.py:2889} INFO - Executing <Task(PythonOperator): download_html> on 2025-01-15 00:00:00+00:00
[2025-01-16T01:58:02.634+0000] {warnings.py:112} WARNING - /home/***/.local/lib/python3.12/site-packages/***/task/task_runner/standard_task_runner.py:70: DeprecationWarning: This process (pid=261) is multi-threaded, use of fork() may lead to deadlocks in the child.
  pid = os.fork()

[2025-01-16T01:58:02.636+0000] {standard_task_runner.py:72} INFO - Started process 262 to run task
[2025-01-16T01:58:02.641+0000] {standard_task_runner.py:104} INFO - Running: ['***', 'tasks', 'run', 'topcv_scraper', 'download_html', 'scheduled__2025-01-15T00:00:00+00:00', '--job-id', '17', '--raw', '--subdir', 'DAGS_FOLDER/crawl_data_topcv.py', '--cfg-path', '/tmp/tmplodjgois']
[2025-01-16T01:58:02.646+0000] {standard_task_runner.py:105} INFO - Job 17: Subtask download_html
[2025-01-16T01:58:02.714+0000] {task_command.py:467} INFO - Running <TaskInstance: topcv_scraper.download_html scheduled__2025-01-15T00:00:00+00:00 [running]> on host 0ff031b9aa51
[2025-01-16T01:58:02.832+0000] {taskinstance.py:3132} INFO - Exporting env vars: AIRFLOW_CTX_DAG_OWNER='***' AIRFLOW_CTX_DAG_ID='topcv_scraper' AIRFLOW_CTX_TASK_ID='download_html' AIRFLOW_CTX_EXECUTION_DATE='2025-01-15T00:00:00+00:00' AIRFLOW_CTX_TRY_NUMBER='1' AIRFLOW_CTX_DAG_RUN_ID='scheduled__2025-01-15T00:00:00+00:00'
[2025-01-16T01:58:02.833+0000] {taskinstance.py:731} INFO - ::endgroup::
[2025-01-16T01:58:09.042+0000] {logging_mixin.py:190} INFO - Rate limit reached for https://www.topcv.vn/viec-lam/nhan-vien-content-tai-ha-noi-va-ho-chi-minh-co-the-di-lam-sau-tet-hoac-truoc-tet/1585497.html?ta_source=JobSearchList_LinkDetail&u_sr_id=g5qAjpidpAK2AZRqRAj3fZ2WXbJ9hGAEgywmvZrC_1736991829. Retrying after 30 seconds...
[2025-01-16T01:58:39.225+0000] {logging_mixin.py:190} INFO - Rate limit reached for https://www.topcv.vn/viec-lam/nhan-vien-content-tai-ha-noi-va-ho-chi-minh-co-the-di-lam-sau-tet-hoac-truoc-tet/1585497.html?ta_source=JobSearchList_LinkDetail&u_sr_id=g5qAjpidpAK2AZRqRAj3fZ2WXbJ9hGAEgywmvZrC_1736991829. Retrying after 30 seconds...
[2025-01-16T01:59:09.805+0000] {logging_mixin.py:190} INFO - Successfully retrieved and saved HTML for: https://www.topcv.vn/viec-lam/nhan-vien-content-tai-ha-noi-va-ho-chi-minh-co-the-di-lam-sau-tet-hoac-truoc-tet/1585497.html?ta_source=JobSearchList_LinkDetail&u_sr_id=g5qAjpidpAK2AZRqRAj3fZ2WXbJ9hGAEgywmvZrC_1736991829
[2025-01-16T01:59:18.412+0000] {logging_mixin.py:190} INFO - Successfully retrieved and saved HTML for: https://www.topcv.vn/viec-lam/nhan-vien-sales-marketing-thu-nhap-15-20-trieu/1585048.html?ta_source=JobSearchList_LinkDetail&u_sr_id=g5qAjpidpAK2AZRqRAj3fZ2WXbJ9hGAEgywmvZrC_1736991829
[2025-01-16T01:59:30.390+0000] {logging_mixin.py:190} INFO - Successfully retrieved and saved HTML for: https://www.topcv.vn/viec-lam/nhan-vien-phu-bep-commis-tai-thiso-sala-thu-duc/1504196.html?ta_source=JobSearchList_LinkDetail&u_sr_id=g5qAjpidpAK2AZRqRAj3fZ2WXbJ9hGAEgywmvZrC_1736991829
[2025-01-16T01:59:45.332+0000] {logging_mixin.py:190} INFO - Successfully retrieved and saved HTML for: https://www.topcv.vn/viec-lam/nhan-vien-tu-van-telesales-cham-soc-khach-hang-khong-yeu-cau-kinh-nghiem-luong-cung-8-trieu/1422793.html?ta_source=JobSearchList_LinkDetail&u_sr_id=g5qAjpidpAK2AZRqRAj3fZ2WXbJ9hGAEgywmvZrC_1736991829
[2025-01-16T01:59:53.795+0000] {logging_mixin.py:190} INFO - Successfully retrieved and saved HTML for: https://www.topcv.vn/viec-lam/customer-service-cham-soc-khach-hang/1474523.html?ta_source=JobSearchList_LinkDetail&u_sr_id=g5qAjpidpAK2AZRqRAj3fZ2WXbJ9hGAEgywmvZrC_1736991829
[2025-01-16T02:00:01.503+0000] {logging_mixin.py:190} INFO - Successfully retrieved and saved HTML for: https://www.topcv.vn/viec-lam/chuyen-vien-kinh-doanh-tu-van-tai-chinh-thu-nhap-tu-16-30-trieu-thang/1585087.html?ta_source=JobSearchList_LinkDetail&u_sr_id=g5qAjpidpAK2AZRqRAj3fZ2WXbJ9hGAEgywmvZrC_1736991829
[2025-01-16T02:00:12.552+0000] {logging_mixin.py:190} INFO - Rate limit reached for https://www.topcv.vn/viec-lam/nhan-vien-thiet-ke-xay-dung-cad-luong-cung-toi-10tr-thuong-khong-gioi-han-nhan-viec-sau-tet-tai-ha-noi/1532778.html?ta_source=JobSearchList_LinkDetail&u_sr_id=g5qAjpidpAK2AZRqRAj3fZ2WXbJ9hGAEgywmvZrC_1736991829. Retrying after 30 seconds...
[2025-01-16T02:00:43.040+0000] {logging_mixin.py:190} INFO - Successfully retrieved and saved HTML for: https://www.topcv.vn/viec-lam/nhan-vien-thiet-ke-xay-dung-cad-luong-cung-toi-10tr-thuong-khong-gioi-han-nhan-viec-sau-tet-tai-ha-noi/1532778.html?ta_source=JobSearchList_LinkDetail&u_sr_id=g5qAjpidpAK2AZRqRAj3fZ2WXbJ9hGAEgywmvZrC_1736991829
[2025-01-16T02:00:51.038+0000] {logging_mixin.py:190} INFO - Successfully retrieved and saved HTML for: https://www.topcv.vn/viec-lam/nhan-vien-sale-tour-va-combo-du-lich-1-nam-kinh-nghiem-thu-nhap-15-trieu/1584602.html?ta_source=JobSearchList_LinkDetail&u_sr_id=g5qAjpidpAK2AZRqRAj3fZ2WXbJ9hGAEgywmvZrC_1736991829
[2025-01-16T02:00:59.167+0000] {logging_mixin.py:190} INFO - Rate limit reached for https://www.topcv.vn/viec-lam/dieu-duong-y-khoa/1564198.html?ta_source=JobSearchList_LinkDetail&u_sr_id=g5qAjpidpAK2AZRqRAj3fZ2WXbJ9hGAEgywmvZrC_1736991829. Retrying after 30 seconds...
[2025-01-16T02:01:29.649+0000] {logging_mixin.py:190} INFO - Successfully retrieved and saved HTML for: https://www.topcv.vn/viec-lam/dieu-duong-y-khoa/1564198.html?ta_source=JobSearchList_LinkDetail&u_sr_id=g5qAjpidpAK2AZRqRAj3fZ2WXbJ9hGAEgywmvZrC_1736991829
[2025-01-16T02:01:41.546+0000] {logging_mixin.py:190} INFO - Successfully retrieved and saved HTML for: https://www.topcv.vn/viec-lam/quan-doc-xuong-tieng-anh-giao-tiep-tot-di-lam-ngay-sau-tet-tai-quan-7-thu-nhap-hap-dan/1585399.html?ta_source=JobSearchList_LinkDetail&u_sr_id=g5qAjpidpAK2AZRqRAj3fZ2WXbJ9hGAEgywmvZrC_1736991829
[2025-01-16T02:01:52.213+0000] {logging_mixin.py:190} INFO - Rate limit reached for https://www.topcv.vn/viec-lam/ke-toan-kiem-quan-ly-hanh-chinh-thu-mua-ho-chi-minh/1584916.html?ta_source=JobSearchList_LinkDetail&u_sr_id=g5qAjpidpAK2AZRqRAj3fZ2WXbJ9hGAEgywmvZrC_1736991829. Retrying after 30 seconds...
[2025-01-16T02:05:22.299+0000] {local_task_job_runner.py:123} INFO - ::group::Pre task execution logs
[2025-01-16T02:05:22.315+0000] {taskinstance.py:2613} INFO - Dependencies all met for dep_context=non-requeueable deps ti=<TaskInstance: topcv_scraper.download_html scheduled__2025-01-15T00:00:00+00:00 [queued]>
[2025-01-16T02:05:22.323+0000] {taskinstance.py:2613} INFO - Dependencies all met for dep_context=requeueable deps ti=<TaskInstance: topcv_scraper.download_html scheduled__2025-01-15T00:00:00+00:00 [queued]>
[2025-01-16T02:05:22.324+0000] {taskinstance.py:2866} INFO - Starting attempt 1 of 2
[2025-01-16T02:05:22.336+0000] {taskinstance.py:2889} INFO - Executing <Task(PythonOperator): download_html> on 2025-01-15 00:00:00+00:00
[2025-01-16T02:05:22.341+0000] {warnings.py:112} WARNING - /home/***/.local/lib/python3.12/site-packages/***/task/task_runner/standard_task_runner.py:70: DeprecationWarning: This process (pid=75) is multi-threaded, use of fork() may lead to deadlocks in the child.
  pid = os.fork()

[2025-01-16T02:05:22.342+0000] {standard_task_runner.py:72} INFO - Started process 76 to run task
[2025-01-16T02:05:22.343+0000] {standard_task_runner.py:104} INFO - Running: ['***', 'tasks', 'run', 'topcv_scraper', 'download_html', 'scheduled__2025-01-15T00:00:00+00:00', '--job-id', '6', '--raw', '--subdir', 'DAGS_FOLDER/crawl_data_topcv.py', '--cfg-path', '/tmp/tmp9slfr0ix']
[2025-01-16T02:05:22.345+0000] {standard_task_runner.py:105} INFO - Job 6: Subtask download_html
[2025-01-16T02:05:22.393+0000] {task_command.py:467} INFO - Running <TaskInstance: topcv_scraper.download_html scheduled__2025-01-15T00:00:00+00:00 [running]> on host 6b15ef797a18
[2025-01-16T02:05:22.469+0000] {taskinstance.py:3132} INFO - Exporting env vars: AIRFLOW_CTX_DAG_OWNER='***' AIRFLOW_CTX_DAG_ID='topcv_scraper' AIRFLOW_CTX_TASK_ID='download_html' AIRFLOW_CTX_EXECUTION_DATE='2025-01-15T00:00:00+00:00' AIRFLOW_CTX_TRY_NUMBER='1' AIRFLOW_CTX_DAG_RUN_ID='scheduled__2025-01-15T00:00:00+00:00'
[2025-01-16T02:05:22.470+0000] {taskinstance.py:731} INFO - ::endgroup::
[2025-01-16T02:05:31.555+0000] {logging_mixin.py:190} INFO - Successfully retrieved and saved HTML for: https://www.topcv.vn/viec-lam/truong-phong-lap-trinh-cnc-thu-nhap-hap-dan-di-lam-ngay-sau-tet/1585489.html?ta_source=JobSearchList_LinkDetail&u_sr_id=lAN096WrPrbYwcPHSdjrGZoV8dimVDgSu5Bj0B4H_1736993118
[2025-01-16T02:05:38.074+0000] {logging_mixin.py:190} INFO - Successfully retrieved and saved HTML for: https://www.topcv.vn/viec-lam/nhan-vien-ky-thuat-thang-may-nam-thu-nhap-hap-dan-tai-thanh-hoa/1560876.html?ta_source=JobSearchList_LinkDetail&u_sr_id=lAN096WrPrbYwcPHSdjrGZoV8dimVDgSu5Bj0B4H_1736993118
[2025-01-16T02:05:50.166+0000] {logging_mixin.py:190} INFO - Successfully retrieved and saved HTML for: https://www.topcv.vn/viec-lam/nhan-vien-kinh-doanh-thang-may-thu-nhap-upto-30m-thang-tai-thanh-hoa/1548040.html?ta_source=JobSearchList_LinkDetail&u_sr_id=lAN096WrPrbYwcPHSdjrGZoV8dimVDgSu5Bj0B4H_1736993118
[2025-01-16T02:05:57.465+0000] {logging_mixin.py:190} INFO - Successfully retrieved and saved HTML for: https://www.topcv.vn/viec-lam/truong-phong-qc-tieng-anh-giao-tiep-tot-thu-nhap-hap-dan/1585496.html?ta_source=JobSearchList_LinkDetail&u_sr_id=lAN096WrPrbYwcPHSdjrGZoV8dimVDgSu5Bj0B4H_1736993118
[2025-01-16T02:06:03.299+0000] {logging_mixin.py:190} INFO - Successfully retrieved and saved HTML for: https://www.topcv.vn/viec-lam/nhan-vien-content-tai-ha-noi-va-ho-chi-minh-co-the-di-lam-sau-tet-hoac-truoc-tet/1585497.html?ta_source=JobSearchList_LinkDetail&u_sr_id=lAN096WrPrbYwcPHSdjrGZoV8dimVDgSu5Bj0B4H_1736993118
[2025-01-16T02:06:12.450+0000] {logging_mixin.py:190} INFO - Successfully retrieved and saved HTML for: https://www.topcv.vn/viec-lam/nhan-vien-thiet-ke-xay-dung-cad-luong-cung-toi-10tr-thuong-khong-gioi-han-nhan-viec-sau-tet-tai-ha-noi/1532778.html?ta_source=JobSearchList_LinkDetail&u_sr_id=lAN096WrPrbYwcPHSdjrGZoV8dimVDgSu5Bj0B4H_1736993118
[2025-01-16T02:06:18.415+0000] {logging_mixin.py:190} INFO - Successfully retrieved and saved HTML for: https://www.topcv.vn/viec-lam/truong-phong-dieu-duong/1564193.html?ta_source=JobSearchList_LinkDetail&u_sr_id=lAN096WrPrbYwcPHSdjrGZoV8dimVDgSu5Bj0B4H_1736993118
[2025-01-16T02:06:25.077+0000] {logging_mixin.py:190} INFO - Successfully retrieved and saved HTML for: https://www.topcv.vn/viec-lam/nhan-vien-sales-marketing-thu-nhap-15-20-trieu/1585048.html?ta_source=JobSearchList_LinkDetail&u_sr_id=lAN096WrPrbYwcPHSdjrGZoV8dimVDgSu5Bj0B4H_1736993118
[2025-01-16T02:06:31.093+0000] {logging_mixin.py:190} INFO - Successfully retrieved and saved HTML for: https://www.topcv.vn/viec-lam/nhan-vien-phu-bep-commis-tai-thiso-sala-thu-duc/1504196.html?ta_source=JobSearchList_LinkDetail&u_sr_id=lAN096WrPrbYwcPHSdjrGZoV8dimVDgSu5Bj0B4H_1736993118
[2025-01-16T02:06:38.479+0000] {logging_mixin.py:190} INFO - Successfully retrieved and saved HTML for: https://www.topcv.vn/viec-lam/nhan-vien-tu-van-telesales-cham-soc-khach-hang-khong-yeu-cau-kinh-nghiem-luong-cung-8-trieu/1422793.html?ta_source=JobSearchList_LinkDetail&u_sr_id=lAN096WrPrbYwcPHSdjrGZoV8dimVDgSu5Bj0B4H_1736993118
[2025-01-16T02:06:48.830+0000] {logging_mixin.py:190} INFO - Successfully retrieved and saved HTML for: https://www.topcv.vn/viec-lam/customer-service-cham-soc-khach-hang/1474523.html?ta_source=JobSearchList_LinkDetail&u_sr_id=lAN096WrPrbYwcPHSdjrGZoV8dimVDgSu5Bj0B4H_1736993118
[2025-01-16T02:06:56.964+0000] {logging_mixin.py:190} INFO - Successfully retrieved and saved HTML for: https://www.topcv.vn/viec-lam/chuyen-vien-kinh-doanh-tu-van-tai-chinh-thu-nhap-tu-16-30-trieu-thang/1585087.html?ta_source=JobSearchList_LinkDetail&u_sr_id=lAN096WrPrbYwcPHSdjrGZoV8dimVDgSu5Bj0B4H_1736993118
[2025-01-16T02:07:08.499+0000] {logging_mixin.py:190} INFO - Successfully retrieved and saved HTML for: https://www.topcv.vn/viec-lam/nhan-vien-sale-tour-va-combo-du-lich-1-nam-kinh-nghiem-thu-nhap-15-trieu/1584602.html?ta_source=JobSearchList_LinkDetail&u_sr_id=lAN096WrPrbYwcPHSdjrGZoV8dimVDgSu5Bj0B4H_1736993118
[2025-01-16T02:07:23.680+0000] {logging_mixin.py:190} INFO - Successfully retrieved and saved HTML for: https://www.topcv.vn/viec-lam/dieu-duong-y-khoa/1564198.html?ta_source=JobSearchList_LinkDetail&u_sr_id=lAN096WrPrbYwcPHSdjrGZoV8dimVDgSu5Bj0B4H_1736993118
[2025-01-16T02:07:30.663+0000] {logging_mixin.py:190} INFO - Successfully retrieved and saved HTML for: https://www.topcv.vn/viec-lam/quan-doc-xuong-tieng-anh-giao-tiep-tot-di-lam-ngay-sau-tet-tai-quan-7-thu-nhap-hap-dan/1585399.html?ta_source=JobSearchList_LinkDetail&u_sr_id=lAN096WrPrbYwcPHSdjrGZoV8dimVDgSu5Bj0B4H_1736993118
[2025-01-16T02:07:42.174+0000] {logging_mixin.py:190} INFO - Rate limit reached for https://www.topcv.vn/viec-lam/ke-toan-kiem-quan-ly-hanh-chinh-thu-mua-ho-chi-minh/1584916.html?ta_source=JobSearchList_LinkDetail&u_sr_id=lAN096WrPrbYwcPHSdjrGZoV8dimVDgSu5Bj0B4H_1736993118. Retrying after 30 seconds...
[2025-01-16T02:08:12.357+0000] {logging_mixin.py:190} INFO - Rate limit reached for https://www.topcv.vn/viec-lam/ke-toan-kiem-quan-ly-hanh-chinh-thu-mua-ho-chi-minh/1584916.html?ta_source=JobSearchList_LinkDetail&u_sr_id=lAN096WrPrbYwcPHSdjrGZoV8dimVDgSu5Bj0B4H_1736993118. Retrying after 30 seconds...
[2025-01-16T02:08:42.900+0000] {logging_mixin.py:190} INFO - Successfully retrieved and saved HTML for: https://www.topcv.vn/viec-lam/ke-toan-kiem-quan-ly-hanh-chinh-thu-mua-ho-chi-minh/1584916.html?ta_source=JobSearchList_LinkDetail&u_sr_id=lAN096WrPrbYwcPHSdjrGZoV8dimVDgSu5Bj0B4H_1736993118
[2025-01-16T02:08:57.507+0000] {logging_mixin.py:190} INFO - Successfully retrieved and saved HTML for: https://www.topcv.vn/viec-lam/thiet-ke-cong-trinh-giao-thong-ha-tang-ky-thuat-thu-nhap-10-15-trieu-ha-noi/1585330.html?ta_source=JobSearchList_LinkDetail&u_sr_id=lAN096WrPrbYwcPHSdjrGZoV8dimVDgSu5Bj0B4H_1736993118
[2025-01-16T02:09:07.134+0000] {logging_mixin.py:190} INFO - Rate limit reached for https://www.topcv.vn/viec-lam/junior-digital-marketing-cum-product-owner/1585302.html?ta_source=JobSearchList_LinkDetail&u_sr_id=lAN096WrPrbYwcPHSdjrGZoV8dimVDgSu5Bj0B4H_1736993118. Retrying after 30 seconds...
[2025-01-16T02:09:37.664+0000] {logging_mixin.py:190} INFO - Successfully retrieved and saved HTML for: https://www.topcv.vn/viec-lam/junior-digital-marketing-cum-product-owner/1585302.html?ta_source=JobSearchList_LinkDetail&u_sr_id=lAN096WrPrbYwcPHSdjrGZoV8dimVDgSu5Bj0B4H_1736993118
[2025-01-16T02:09:45.476+0000] {logging_mixin.py:190} INFO - Rate limit reached for https://www.topcv.vn/viec-lam/quan-ly-cua-hang-vivian-vay-cuoi-cao-cap-thu-nhap-upto-25-trieu/1585593.html?ta_source=JobSearchList_LinkDetail&u_sr_id=lAN096WrPrbYwcPHSdjrGZoV8dimVDgSu5Bj0B4H_1736993118. Retrying after 30 seconds...
[2025-01-16T02:10:16.031+0000] {logging_mixin.py:190} INFO - Successfully retrieved and saved HTML for: https://www.topcv.vn/viec-lam/quan-ly-cua-hang-vivian-vay-cuoi-cao-cap-thu-nhap-upto-25-trieu/1585593.html?ta_source=JobSearchList_LinkDetail&u_sr_id=lAN096WrPrbYwcPHSdjrGZoV8dimVDgSu5Bj0B4H_1736993118
[2025-01-16T02:10:27.401+0000] {logging_mixin.py:190} INFO - Successfully retrieved and saved HTML for: https://www.topcv.vn/viec-lam/nhan-vien-kho-biet-tieng-trung-thu-nhap-tu-12-15-trieu/1585341.html?ta_source=JobSearchList_LinkDetail&u_sr_id=lAN096WrPrbYwcPHSdjrGZoV8dimVDgSu5Bj0B4H_1736993118
[2025-01-16T02:10:36.675+0000] {logging_mixin.py:190} INFO - Rate limit reached for https://www.topcv.vn/viec-lam/senior-quality-engineer-up-to-30-months-of-salary-annually/1585398.html?ta_source=JobSearchList_LinkDetail&u_sr_id=lAN096WrPrbYwcPHSdjrGZoV8dimVDgSu5Bj0B4H_1736993118. Retrying after 30 seconds...
[2025-01-16T02:11:07.212+0000] {logging_mixin.py:190} INFO - Successfully retrieved and saved HTML for: https://www.topcv.vn/viec-lam/senior-quality-engineer-up-to-30-months-of-salary-annually/1585398.html?ta_source=JobSearchList_LinkDetail&u_sr_id=lAN096WrPrbYwcPHSdjrGZoV8dimVDgSu5Bj0B4H_1736993118
[2025-01-16T02:11:18.972+0000] {logging_mixin.py:190} INFO - Successfully retrieved and saved HTML for: https://www.topcv.vn/viec-lam/account-executive-chuyen-vien-kinh-doanh-giai-phap-digital-marketing-thu-nhap-15-40tr/1585188.html?ta_source=JobSearchList_LinkDetail&u_sr_id=lAN096WrPrbYwcPHSdjrGZoV8dimVDgSu5Bj0B4H_1736993118
[2025-01-16T02:11:30.377+0000] {logging_mixin.py:190} INFO - Successfully retrieved and saved HTML for: https://www.topcv.vn/viec-lam/cong-tac-vien-chinh-sach-tin-dung/1584152.html?ta_source=JobSearchList_LinkDetail&u_sr_id=lAN096WrPrbYwcPHSdjrGZoV8dimVDgSu5Bj0B4H_1736993118
[2025-01-16T02:11:42.162+0000] {logging_mixin.py:190} INFO - Successfully retrieved and saved HTML for: https://www.topcv.vn/brand/mtlhealthpost/tuyen-dung/nhan-vien-telesales-tu-van-chot-don-co-kinh-nghiem-telesales-tren-3-thang-data-co-san-thu-viec-100-luong-lam-tai-van-phong-quan-1-j1585569.html?ta_source=JobSearchList_LinkDetail&u_sr_id=lAN096WrPrbYwcPHSdjrGZoV8dimVDgSu5Bj0B4H_1736993118
[2025-01-16T02:11:55.234+0000] {logging_mixin.py:190} INFO - Successfully retrieved and saved HTML for: https://www.topcv.vn/viec-lam/nhan-vien-logistics/1585334.html?ta_source=JobSearchList_LinkDetail&u_sr_id=lAN096WrPrbYwcPHSdjrGZoV8dimVDgSu5Bj0B4H_1736993118
[2025-01-16T02:12:09.601+0000] {logging_mixin.py:190} INFO - Rate limit reached for https://www.topcv.vn/viec-lam/nhan-vien-xuat-nhap-khau-booking-docs-nhan-viec-sau-tet/1585629.html?ta_source=JobSearchList_LinkDetail&u_sr_id=lAN096WrPrbYwcPHSdjrGZoV8dimVDgSu5Bj0B4H_1736993118. Retrying after 30 seconds...
[2025-01-16T02:12:40.361+0000] {logging_mixin.py:190} INFO - Successfully retrieved and saved HTML for: https://www.topcv.vn/viec-lam/nhan-vien-xuat-nhap-khau-booking-docs-nhan-viec-sau-tet/1585629.html?ta_source=JobSearchList_LinkDetail&u_sr_id=lAN096WrPrbYwcPHSdjrGZoV8dimVDgSu5Bj0B4H_1736993118
[2025-01-16T02:12:47.455+0000] {logging_mixin.py:190} INFO - Successfully retrieved and saved HTML for: https://www.topcv.vn/viec-lam/truong-phong-quan-ly-thi-cong/1573304.html?ta_source=JobSearchList_LinkDetail&u_sr_id=lAN096WrPrbYwcPHSdjrGZoV8dimVDgSu5Bj0B4H_1736993118
[2025-01-16T02:12:59.431+0000] {logging_mixin.py:190} INFO - Successfully retrieved and saved HTML for: https://www.topcv.vn/viec-lam/chuyen-vien-cao-cap-quan-he-khach-hang-doanh-nghiep/1436467.html?ta_source=JobSearchList_LinkDetail&u_sr_id=lAN096WrPrbYwcPHSdjrGZoV8dimVDgSu5Bj0B4H_1736993118
[2025-01-16T02:13:11.205+0000] {logging_mixin.py:190} INFO - Successfully retrieved and saved HTML for: https://www.topcv.vn/viec-lam/truong-phong-content-tai-ha-noi-va-ho-chi-minh-co-the-di-lam-sau-tet-hoac-truoc-tet/1585488.html?ta_source=JobSearchList_LinkDetail&u_sr_id=lAN096WrPrbYwcPHSdjrGZoV8dimVDgSu5Bj0B4H_1736993118
[2025-01-16T02:13:24.102+0000] {logging_mixin.py:190} INFO - Successfully retrieved and saved HTML for: https://www.topcv.vn/viec-lam/chuyen-vien-tu-van-bao-hiem-kenh-ngan-hang-vietinbank-toan-quoc/1585263.html?ta_source=JobSearchList_LinkDetail&u_sr_id=lAN096WrPrbYwcPHSdjrGZoV8dimVDgSu5Bj0B4H_1736993118
[2025-01-16T02:13:38.225+0000] {logging_mixin.py:190} INFO - Successfully retrieved and saved HTML for: https://www.topcv.vn/viec-lam/nhan-vien-theo-doi-don-hang-biet-tieng-trung-thu-nhap-tu-12-15-trieu/1585337.html?ta_source=JobSearchList_LinkDetail&u_sr_id=lAN096WrPrbYwcPHSdjrGZoV8dimVDgSu5Bj0B4H_1736993118
[2025-01-16T02:13:44.045+0000] {logging_mixin.py:190} INFO - Successfully retrieved and saved HTML for: https://www.topcv.vn/viec-lam/nhan-vien-thiet-ke/1585276.html?ta_source=JobSearchList_LinkDetail&u_sr_id=lAN096WrPrbYwcPHSdjrGZoV8dimVDgSu5Bj0B4H_1736993118
[2025-01-16T02:13:49.601+0000] {logging_mixin.py:190} INFO - Successfully retrieved and saved HTML for: https://www.topcv.vn/viec-lam/marketing-executive/1585071.html?ta_source=JobSearchList_LinkDetail&u_sr_id=lAN096WrPrbYwcPHSdjrGZoV8dimVDgSu5Bj0B4H_1736993118
[2025-01-16T02:13:56.769+0000] {logging_mixin.py:190} INFO - Successfully retrieved and saved HTML for: https://www.topcv.vn/viec-lam/nhan-vien-kinh-doanh-sales-nhan-vien-tu-van-tuyen-sinh-thu-nhap-toi-thieu-tu-15-000-000-vnd-den-35-000-000vnd-lam-viec-tai-ho-chi-minh/1585057.html?ta_source=JobSearchList_LinkDetail&u_sr_id=lAN096WrPrbYwcPHSdjrGZoV8dimVDgSu5Bj0B4H_1736993118
[2025-01-16T02:14:04.480+0000] {logging_mixin.py:190} INFO - Successfully retrieved and saved HTML for: https://www.topcv.vn/viec-lam/chuyen-gia-quan-ly-khu-vuc-ho-chi-minh-ha-noi-da-nang/1584918.html?ta_source=JobSearchList_LinkDetail&u_sr_id=lAN096WrPrbYwcPHSdjrGZoV8dimVDgSu5Bj0B4H_1736993118
[2025-01-16T02:14:14.033+0000] {logging_mixin.py:190} INFO - Successfully retrieved and saved HTML for: https://www.topcv.vn/viec-lam/fresher-developer-12-trieu-thang/1584060.html?ta_source=JobSearchList_LinkDetail&u_sr_id=lAN096WrPrbYwcPHSdjrGZoV8dimVDgSu5Bj0B4H_1736993118
[2025-01-16T02:14:27.799+0000] {logging_mixin.py:190} INFO - Successfully retrieved and saved HTML for: https://www.topcv.vn/viec-lam/chuyen-vien-kinh-doanh-khong-yeu-cau-kinh-nghiem-thu-nhap-len-toi-15tr-thang/1502522.html?ta_source=JobSearchList_LinkDetail&u_sr_id=lAN096WrPrbYwcPHSdjrGZoV8dimVDgSu5Bj0B4H_1736993118
[2025-01-16T02:14:37.451+0000] {logging_mixin.py:190} INFO - Successfully retrieved and saved HTML for: https://www.topcv.vn/viec-lam/pm-project-manager-brse-japanese-yeu-cau-tieng-nhat-n2-2-nam-kinh-nghiem-thu-nhap-tu-47-73-trieu/1584137.html?ta_source=JobSearchList_LinkDetail&u_sr_id=lAN096WrPrbYwcPHSdjrGZoV8dimVDgSu5Bj0B4H_1736993118
[2025-01-16T02:14:46.999+0000] {logging_mixin.py:190} INFO - Successfully retrieved and saved HTML for: https://www.topcv.vn/viec-lam/accountant-nhan-vien-ke-toan/1584184.html?ta_source=JobSearchList_LinkDetail&u_sr_id=lAN096WrPrbYwcPHSdjrGZoV8dimVDgSu5Bj0B4H_1736993118
[2025-01-16T02:15:00.050+0000] {logging_mixin.py:190} INFO - Successfully retrieved and saved HTML for: https://www.topcv.vn/viec-lam/chuyen-vien-trien-khai-phan-mem-b2b/1584517.html?ta_source=JobSearchList_LinkDetail&u_sr_id=lAN096WrPrbYwcPHSdjrGZoV8dimVDgSu5Bj0B4H_1736993118
[2025-01-16T02:15:09.686+0000] {logging_mixin.py:190} INFO - Successfully retrieved and saved HTML for: https://www.topcv.vn/brand/concentrixservices/tuyen-dung/nhan-vien-sale-qua-kenh-zalo-oa-truc-page-ban-hang-kenh-zalo-oa-sale-chat-tong-thu-nhap-12-21-trieu-thang-fulltime-quan-12-j1583139.html?ta_source=JobSearchList_LinkDetail&u_sr_id=lAN096WrPrbYwcPHSdjrGZoV8dimVDgSu5Bj0B4H_1736993118
[2025-01-16T02:15:16.084+0000] {logging_mixin.py:190} INFO - Successfully retrieved and saved HTML for: https://www.topcv.vn/viec-lam/chuyen-vien-telesales-tnex-finance-2z181/1584100.html?ta_source=JobSearchList_LinkDetail&u_sr_id=lAN096WrPrbYwcPHSdjrGZoV8dimVDgSu5Bj0B4H_1736993118
[2025-01-16T02:15:24.278+0000] {logging_mixin.py:190} INFO - Successfully retrieved and saved HTML for: https://www.topcv.vn/viec-lam/ky-thuat-bao-tri-sua-chua-xe/1584623.html?ta_source=JobSearchList_LinkDetail&u_sr_id=lAN096WrPrbYwcPHSdjrGZoV8dimVDgSu5Bj0B4H_1736993118
[2025-01-16T02:15:33.149+0000] {logging_mixin.py:190} INFO - Successfully retrieved and saved HTML for: https://www.topcv.vn/viec-lam/kien-truc-su-xay-dung-thu-nhap-tu-9-12-trieu-nhan-viec-ngay/1584534.html?ta_source=JobSearchList_LinkDetail&u_sr_id=lAN096WrPrbYwcPHSdjrGZoV8dimVDgSu5Bj0B4H_1736993118
[2025-01-16T02:15:40.279+0000] {logging_mixin.py:190} INFO - Successfully retrieved and saved HTML for: https://www.topcv.vn/viec-lam/ke-toan-noi-bo-biet-tieng-trung-nhan-viec-sau-tet/1584146.html?ta_source=JobSearchList_LinkDetail&u_sr_id=lAN096WrPrbYwcPHSdjrGZoV8dimVDgSu5Bj0B4H_1736993118
[2025-01-16T02:15:54.074+0000] {logging_mixin.py:190} INFO - Successfully retrieved and saved HTML for: https://www.topcv.vn/viec-lam/nhan-vien-kinh-doanh-tu-van-ban-hang-sales-bao-bi-10-30tr/1584231.html?ta_source=JobSearchList_LinkDetail&u_sr_id=lAN096WrPrbYwcPHSdjrGZoV8dimVDgSu5Bj0B4H_1736993118
[2025-01-16T02:16:02.177+0000] {logging_mixin.py:190} INFO - Successfully retrieved and saved HTML for: https://www.topcv.vn/viec-lam/playable-ads/1584760.html?ta_source=JobSearchList_LinkDetail&u_sr_id=lAN096WrPrbYwcPHSdjrGZoV8dimVDgSu5Bj0B4H_1736993118
[2025-01-16T02:16:10.395+0000] {logging_mixin.py:190} INFO - Successfully retrieved and saved HTML for: https://www.topcv.vn/viec-lam/unit-head-of-credit-assessment-department/1537184.html?ta_source=JobSearchList_LinkDetail&u_sr_id=lAN096WrPrbYwcPHSdjrGZoV8dimVDgSu5Bj0B4H_1736993118
[2025-01-16T02:16:16.349+0000] {logging_mixin.py:190} INFO - Successfully retrieved and saved HTML for: https://www.topcv.vn/viec-lam/inside-sales-field-sales-for-homeowners-ho/1584154.html?ta_source=JobSearchList_LinkDetail&u_sr_id=lAN096WrPrbYwcPHSdjrGZoV8dimVDgSu5Bj0B4H_1736993118
[2025-01-16T02:16:25.715+0000] {logging_mixin.py:190} INFO - Successfully retrieved and saved HTML for: https://www.topcv.vn/viec-lam/nhan-vien-sales-xuat-khau-thu-nhap-len-den-30-trieu-dong-bac-tu-liem/1584267.html?ta_source=JobSearchList_LinkDetail&u_sr_id=lAN096WrPrbYwcPHSdjrGZoV8dimVDgSu5Bj0B4H_1736993118
[2025-01-16T02:16:25.717+0000] {python.py:240} INFO - Done. Returned value was: None
[2025-01-16T02:16:25.760+0000] {taskinstance.py:340} INFO - ::group::Post task execution logs
[2025-01-16T02:16:25.761+0000] {taskinstance.py:352} INFO - Marking task as SUCCESS. dag_id=topcv_scraper, task_id=download_html, run_id=scheduled__2025-01-15T00:00:00+00:00, execution_date=20250115T000000, start_date=20250116T020522, end_date=20250116T021625
[2025-01-16T02:16:25.848+0000] {local_task_job_runner.py:266} INFO - Task exited with return code 0
[2025-01-16T02:16:25.885+0000] {taskinstance.py:3895} INFO - 1 downstream tasks scheduled from follow-on schedule check
[2025-01-16T02:16:25.889+0000] {local_task_job_runner.py:245} INFO - ::endgroup::
[2025-01-16T02:50:11.413+0000] {local_task_job_runner.py:123} INFO - ::group::Pre task execution logs
[2025-01-16T02:50:11.450+0000] {taskinstance.py:2613} INFO - Dependencies all met for dep_context=non-requeueable deps ti=<TaskInstance: topcv_scraper.download_html scheduled__2025-01-15T00:00:00+00:00 [queued]>
[2025-01-16T02:50:11.470+0000] {taskinstance.py:2613} INFO - Dependencies all met for dep_context=requeueable deps ti=<TaskInstance: topcv_scraper.download_html scheduled__2025-01-15T00:00:00+00:00 [queued]>
[2025-01-16T02:50:11.471+0000] {taskinstance.py:2866} INFO - Starting attempt 1 of 2
[2025-01-16T02:50:11.502+0000] {taskinstance.py:2889} INFO - Executing <Task(PythonOperator): download_html> on 2025-01-15 00:00:00+00:00
[2025-01-16T02:50:11.512+0000] {warnings.py:112} WARNING - /home/***/.local/lib/python3.12/site-packages/***/task/task_runner/standard_task_runner.py:70: DeprecationWarning: This process (pid=83) is multi-threaded, use of fork() may lead to deadlocks in the child.
  pid = os.fork()

[2025-01-16T02:50:11.514+0000] {standard_task_runner.py:72} INFO - Started process 84 to run task
[2025-01-16T02:50:11.515+0000] {standard_task_runner.py:104} INFO - Running: ['***', 'tasks', 'run', 'topcv_scraper', 'download_html', 'scheduled__2025-01-15T00:00:00+00:00', '--job-id', '6', '--raw', '--subdir', 'DAGS_FOLDER/crawl_data_topcv.py', '--cfg-path', '/tmp/tmpgi3wgnzi']
[2025-01-16T02:50:11.520+0000] {standard_task_runner.py:105} INFO - Job 6: Subtask download_html
[2025-01-16T02:50:11.605+0000] {task_command.py:467} INFO - Running <TaskInstance: topcv_scraper.download_html scheduled__2025-01-15T00:00:00+00:00 [running]> on host 6b9b16f85a92
[2025-01-16T02:50:11.763+0000] {taskinstance.py:3132} INFO - Exporting env vars: AIRFLOW_CTX_DAG_OWNER='***' AIRFLOW_CTX_DAG_ID='topcv_scraper' AIRFLOW_CTX_TASK_ID='download_html' AIRFLOW_CTX_EXECUTION_DATE='2025-01-15T00:00:00+00:00' AIRFLOW_CTX_TRY_NUMBER='1' AIRFLOW_CTX_DAG_RUN_ID='scheduled__2025-01-15T00:00:00+00:00'
[2025-01-16T02:50:11.765+0000] {taskinstance.py:731} INFO - ::endgroup::
[2025-01-16T02:50:22.755+0000] {logging_mixin.py:190} INFO - Successfully retrieved and saved HTML for: https://www.topcv.vn/brand/chinhanhtranscosmoshochiminh/tuyen-dung/nhan-vien-cham-soc-khach-hang-ho-tro-khach-hang-lam-viec-tai-binh-thanh-j1585795.html?ta_source=JobSearchList_LinkDetail&u_sr_id=BSB2VkJ624lnJtUZI2O6g0V64mTuk7mqWV4aOkdz_1736995805
[2025-01-16T02:50:33.618+0000] {logging_mixin.py:190} INFO - Successfully retrieved and saved HTML for: https://www.topcv.vn/viec-lam/truong-phong-lap-trinh-cnc-thu-nhap-hap-dan-di-lam-ngay-sau-tet/1585489.html?ta_source=JobSearchList_LinkDetail&u_sr_id=BSB2VkJ624lnJtUZI2O6g0V64mTuk7mqWV4aOkdz_1736995805
[2025-01-16T02:50:40.808+0000] {logging_mixin.py:190} INFO - Successfully retrieved and saved HTML for: https://www.topcv.vn/viec-lam/nhan-vien-ky-thuat-thang-may-nam-thu-nhap-hap-dan-tai-thanh-hoa/1560876.html?ta_source=JobSearchList_LinkDetail&u_sr_id=BSB2VkJ624lnJtUZI2O6g0V64mTuk7mqWV4aOkdz_1736995805
[2025-01-16T02:50:46.497+0000] {logging_mixin.py:190} INFO - Successfully retrieved and saved HTML for: https://www.topcv.vn/viec-lam/nhan-vien-kinh-doanh-thang-may-thu-nhap-upto-30m-thang-tai-thanh-hoa/1548040.html?ta_source=JobSearchList_LinkDetail&u_sr_id=BSB2VkJ624lnJtUZI2O6g0V64mTuk7mqWV4aOkdz_1736995805
[2025-01-16T02:50:53.616+0000] {logging_mixin.py:190} INFO - Successfully retrieved and saved HTML for: https://www.topcv.vn/viec-lam/truong-phong-qc-tieng-anh-giao-tiep-tot-thu-nhap-hap-dan/1585496.html?ta_source=JobSearchList_LinkDetail&u_sr_id=BSB2VkJ624lnJtUZI2O6g0V64mTuk7mqWV4aOkdz_1736995805
[2025-01-16T02:50:59.846+0000] {logging_mixin.py:190} INFO - Successfully retrieved and saved HTML for: https://www.topcv.vn/viec-lam/nhan-vien-content-tai-ha-noi-va-ho-chi-minh-co-the-di-lam-sau-tet-hoac-truoc-tet/1585497.html?ta_source=JobSearchList_LinkDetail&u_sr_id=BSB2VkJ624lnJtUZI2O6g0V64mTuk7mqWV4aOkdz_1736995805
[2025-01-16T02:51:11.425+0000] {logging_mixin.py:190} INFO - Successfully retrieved and saved HTML for: https://www.topcv.vn/viec-lam/junior-digital-marketing-cum-product-owner/1585302.html?ta_source=JobSearchList_LinkDetail&u_sr_id=BSB2VkJ624lnJtUZI2O6g0V64mTuk7mqWV4aOkdz_1736995805
[2025-01-16T02:51:24.622+0000] {logging_mixin.py:190} INFO - Successfully retrieved and saved HTML for: https://www.topcv.vn/viec-lam/nhan-vien-logistics/1585334.html?ta_source=JobSearchList_LinkDetail&u_sr_id=BSB2VkJ624lnJtUZI2O6g0V64mTuk7mqWV4aOkdz_1736995805
[2025-01-16T02:51:34.128+0000] {logging_mixin.py:190} INFO - Successfully retrieved and saved HTML for: https://www.topcv.vn/viec-lam/nhan-vien-sales-marketing-thu-nhap-15-20-trieu/1585048.html?ta_source=JobSearchList_LinkDetail&u_sr_id=BSB2VkJ624lnJtUZI2O6g0V64mTuk7mqWV4aOkdz_1736995805
[2025-01-16T02:51:42.380+0000] {logging_mixin.py:190} INFO - Successfully retrieved and saved HTML for: https://www.topcv.vn/viec-lam/chuyen-vien-cao-cap-quan-he-khach-hang-doanh-nghiep/1436467.html?ta_source=JobSearchList_LinkDetail&u_sr_id=BSB2VkJ624lnJtUZI2O6g0V64mTuk7mqWV4aOkdz_1736995805
[2025-01-16T02:51:56.203+0000] {logging_mixin.py:190} INFO - Successfully retrieved and saved HTML for: https://www.topcv.vn/viec-lam/nhan-vien-thiet-ke-xay-dung-cad-phong-van-1-vong-nhan-viec-sau-tet-tai-ha-noi-thu-nhap-hap-dan/1532778.html?ta_source=JobSearchList_LinkDetail&u_sr_id=BSB2VkJ624lnJtUZI2O6g0V64mTuk7mqWV4aOkdz_1736995805
[2025-01-16T02:52:03.619+0000] {logging_mixin.py:190} INFO - Successfully retrieved and saved HTML for: https://www.topcv.vn/viec-lam/truong-phong-dieu-duong/1564193.html?ta_source=JobSearchList_LinkDetail&u_sr_id=BSB2VkJ624lnJtUZI2O6g0V64mTuk7mqWV4aOkdz_1736995805
[2025-01-16T02:52:11.404+0000] {logging_mixin.py:190} INFO - Successfully retrieved and saved HTML for: https://www.topcv.vn/viec-lam/nhan-vien-phu-bep-commis-tai-thiso-sala-thu-duc/1504196.html?ta_source=JobSearchList_LinkDetail&u_sr_id=BSB2VkJ624lnJtUZI2O6g0V64mTuk7mqWV4aOkdz_1736995805
[2025-01-16T02:52:22.555+0000] {logging_mixin.py:190} INFO - Successfully retrieved and saved HTML for: https://www.topcv.vn/viec-lam/nhan-vien-tu-van-telesales-cham-soc-khach-hang-khong-yeu-cau-kinh-nghiem-luong-cung-8-trieu/1422793.html?ta_source=JobSearchList_LinkDetail&u_sr_id=BSB2VkJ624lnJtUZI2O6g0V64mTuk7mqWV4aOkdz_1736995805
[2025-01-16T02:52:35.099+0000] {logging_mixin.py:190} INFO - Successfully retrieved and saved HTML for: https://www.topcv.vn/viec-lam/customer-service-cham-soc-khach-hang/1474523.html?ta_source=JobSearchList_LinkDetail&u_sr_id=BSB2VkJ624lnJtUZI2O6g0V64mTuk7mqWV4aOkdz_1736995805
[2025-01-16T02:52:46.853+0000] {logging_mixin.py:190} INFO - Successfully retrieved and saved HTML for: https://www.topcv.vn/viec-lam/chuyen-vien-kinh-doanh-tu-van-tai-chinh-thu-nhap-tu-16-30-trieu-thang/1585087.html?ta_source=JobSearchList_LinkDetail&u_sr_id=BSB2VkJ624lnJtUZI2O6g0V64mTuk7mqWV4aOkdz_1736995805
[2025-01-16T02:52:59.311+0000] {logging_mixin.py:190} INFO - Successfully retrieved and saved HTML for: https://www.topcv.vn/viec-lam/nhan-vien-sale-tour-va-combo-du-lich-1-nam-kinh-nghiem-thu-nhap-15-trieu/1584602.html?ta_source=JobSearchList_LinkDetail&u_sr_id=BSB2VkJ624lnJtUZI2O6g0V64mTuk7mqWV4aOkdz_1736995805
[2025-01-16T02:53:12.729+0000] {logging_mixin.py:190} INFO - Successfully retrieved and saved HTML for: https://www.topcv.vn/viec-lam/dieu-duong-y-khoa/1564198.html?ta_source=JobSearchList_LinkDetail&u_sr_id=BSB2VkJ624lnJtUZI2O6g0V64mTuk7mqWV4aOkdz_1736995805
[2025-01-16T02:53:22.166+0000] {logging_mixin.py:190} INFO - Successfully retrieved and saved HTML for: https://www.topcv.vn/viec-lam/quan-doc-xuong-tieng-anh-giao-tiep-tot-di-lam-ngay-sau-tet-tai-quan-7-thu-nhap-hap-dan/1585399.html?ta_source=JobSearchList_LinkDetail&u_sr_id=BSB2VkJ624lnJtUZI2O6g0V64mTuk7mqWV4aOkdz_1736995805
[2025-01-16T02:53:31.922+0000] {logging_mixin.py:190} INFO - Successfully retrieved and saved HTML for: https://www.topcv.vn/viec-lam/ke-toan-kiem-quan-ly-hanh-chinh-thu-mua-ho-chi-minh/1584916.html?ta_source=JobSearchList_LinkDetail&u_sr_id=BSB2VkJ624lnJtUZI2O6g0V64mTuk7mqWV4aOkdz_1736995805
[2025-01-16T02:53:45.716+0000] {logging_mixin.py:190} INFO - Successfully retrieved and saved HTML for: https://www.topcv.vn/viec-lam/thiet-ke-cong-trinh-giao-thong-ha-tang-ky-thuat-thu-nhap-10-15-trieu-ha-noi/1585330.html?ta_source=JobSearchList_LinkDetail&u_sr_id=BSB2VkJ624lnJtUZI2O6g0V64mTuk7mqWV4aOkdz_1736995805
[2025-01-16T02:54:00.869+0000] {logging_mixin.py:190} INFO - Successfully retrieved and saved HTML for: https://www.topcv.vn/viec-lam/quan-ly-cua-hang-vivian-vay-cuoi-cao-cap-thu-nhap-upto-25-trieu/1585593.html?ta_source=JobSearchList_LinkDetail&u_sr_id=BSB2VkJ624lnJtUZI2O6g0V64mTuk7mqWV4aOkdz_1736995805
[2025-01-16T02:54:09.021+0000] {logging_mixin.py:190} INFO - Successfully retrieved and saved HTML for: https://www.topcv.vn/viec-lam/nhan-vien-kho-biet-tieng-trung-thu-nhap-tu-12-15-trieu/1585341.html?ta_source=JobSearchList_LinkDetail&u_sr_id=BSB2VkJ624lnJtUZI2O6g0V64mTuk7mqWV4aOkdz_1736995805
[2025-01-16T02:54:24.067+0000] {logging_mixin.py:190} INFO - Successfully retrieved and saved HTML for: https://www.topcv.vn/viec-lam/senior-quality-engineer-up-to-30-months-of-salary-annually/1585398.html?ta_source=JobSearchList_LinkDetail&u_sr_id=BSB2VkJ624lnJtUZI2O6g0V64mTuk7mqWV4aOkdz_1736995805
[2025-01-16T02:54:37.581+0000] {logging_mixin.py:190} INFO - Successfully retrieved and saved HTML for: https://www.topcv.vn/viec-lam/account-executive-chuyen-vien-kinh-doanh-giai-phap-digital-marketing-thu-nhap-15-40tr/1585188.html?ta_source=JobSearchList_LinkDetail&u_sr_id=BSB2VkJ624lnJtUZI2O6g0V64mTuk7mqWV4aOkdz_1736995805
[2025-01-16T02:54:48.558+0000] {logging_mixin.py:190} INFO - Rate limit reached for https://www.topcv.vn/viec-lam/cong-tac-vien-chinh-sach-tin-dung/1584152.html?ta_source=JobSearchList_LinkDetail&u_sr_id=BSB2VkJ624lnJtUZI2O6g0V64mTuk7mqWV4aOkdz_1736995805. Retrying after 30 seconds...
[2025-01-16T02:55:19.126+0000] {logging_mixin.py:190} INFO - Successfully retrieved and saved HTML for: https://www.topcv.vn/viec-lam/cong-tac-vien-chinh-sach-tin-dung/1584152.html?ta_source=JobSearchList_LinkDetail&u_sr_id=BSB2VkJ624lnJtUZI2O6g0V64mTuk7mqWV4aOkdz_1736995805
[2025-01-16T02:55:32.729+0000] {logging_mixin.py:190} INFO - Successfully retrieved and saved HTML for: https://www.topcv.vn/brand/mtlhealthpost/tuyen-dung/nhan-vien-telesales-tu-van-chot-don-co-kinh-nghiem-telesales-tren-3-thang-data-co-san-thu-viec-100-luong-lam-tai-van-phong-quan-1-j1585569.html?ta_source=JobSearchList_LinkDetail&u_sr_id=BSB2VkJ624lnJtUZI2O6g0V64mTuk7mqWV4aOkdz_1736995805
[2025-01-16T02:55:47.474+0000] {logging_mixin.py:190} INFO - Successfully retrieved and saved HTML for: https://www.topcv.vn/viec-lam/nhan-vien-xuat-nhap-khau-booking-docs-nhan-viec-sau-tet/1585629.html?ta_source=JobSearchList_LinkDetail&u_sr_id=BSB2VkJ624lnJtUZI2O6g0V64mTuk7mqWV4aOkdz_1736995805
[2025-01-16T02:56:01.400+0000] {logging_mixin.py:190} INFO - Successfully retrieved and saved HTML for: https://www.topcv.vn/viec-lam/truong-phong-quan-ly-thi-cong/1573304.html?ta_source=JobSearchList_LinkDetail&u_sr_id=BSB2VkJ624lnJtUZI2O6g0V64mTuk7mqWV4aOkdz_1736995805
[2025-01-16T02:56:15.618+0000] {logging_mixin.py:190} INFO - Successfully retrieved and saved HTML for: https://www.topcv.vn/viec-lam/truong-phong-content-tai-ha-noi-va-ho-chi-minh-co-the-di-lam-sau-tet-hoac-truoc-tet/1585488.html?ta_source=JobSearchList_LinkDetail&u_sr_id=BSB2VkJ624lnJtUZI2O6g0V64mTuk7mqWV4aOkdz_1736995805
[2025-01-16T02:56:26.521+0000] {logging_mixin.py:190} INFO - Successfully retrieved and saved HTML for: https://www.topcv.vn/viec-lam/chuyen-vien-tu-van-bao-hiem-kenh-ngan-hang-vietinbank-toan-quoc/1585263.html?ta_source=JobSearchList_LinkDetail&u_sr_id=BSB2VkJ624lnJtUZI2O6g0V64mTuk7mqWV4aOkdz_1736995805
[2025-01-16T02:56:40.501+0000] {logging_mixin.py:190} INFO - Successfully retrieved and saved HTML for: https://www.topcv.vn/viec-lam/nhan-vien-theo-doi-don-hang-biet-tieng-trung-thu-nhap-tu-12-15-trieu/1585337.html?ta_source=JobSearchList_LinkDetail&u_sr_id=BSB2VkJ624lnJtUZI2O6g0V64mTuk7mqWV4aOkdz_1736995805
[2025-01-16T02:56:47.834+0000] {logging_mixin.py:190} INFO - Successfully retrieved and saved HTML for: https://www.topcv.vn/viec-lam/nhan-vien-thiet-ke/1585276.html?ta_source=JobSearchList_LinkDetail&u_sr_id=BSB2VkJ624lnJtUZI2O6g0V64mTuk7mqWV4aOkdz_1736995805
[2025-01-16T02:56:58.199+0000] {logging_mixin.py:190} INFO - Successfully retrieved and saved HTML for: https://www.topcv.vn/viec-lam/marketing-executive/1585071.html?ta_source=JobSearchList_LinkDetail&u_sr_id=BSB2VkJ624lnJtUZI2O6g0V64mTuk7mqWV4aOkdz_1736995805
[2025-01-16T02:57:11.369+0000] {logging_mixin.py:190} INFO - Successfully retrieved and saved HTML for: https://www.topcv.vn/viec-lam/nhan-vien-kinh-doanh-sales-nhan-vien-tu-van-tuyen-sinh-thu-nhap-toi-thieu-tu-15-000-000-vnd-den-35-000-000vnd-lam-viec-tai-ho-chi-minh/1585057.html?ta_source=JobSearchList_LinkDetail&u_sr_id=BSB2VkJ624lnJtUZI2O6g0V64mTuk7mqWV4aOkdz_1736995805
[2025-01-16T02:57:17.115+0000] {logging_mixin.py:190} INFO - Successfully retrieved and saved HTML for: https://www.topcv.vn/viec-lam/chuyen-gia-quan-ly-khu-vuc-ho-chi-minh-ha-noi-da-nang/1584918.html?ta_source=JobSearchList_LinkDetail&u_sr_id=BSB2VkJ624lnJtUZI2O6g0V64mTuk7mqWV4aOkdz_1736995805
[2025-01-16T02:57:31.256+0000] {logging_mixin.py:190} INFO - Successfully retrieved and saved HTML for: https://www.topcv.vn/viec-lam/fresher-developer-12-trieu-thang/1584060.html?ta_source=JobSearchList_LinkDetail&u_sr_id=BSB2VkJ624lnJtUZI2O6g0V64mTuk7mqWV4aOkdz_1736995805
[2025-01-16T02:57:43.414+0000] {logging_mixin.py:190} INFO - Successfully retrieved and saved HTML for: https://www.topcv.vn/viec-lam/pm-project-manager-brse-japanese-yeu-cau-tieng-nhat-n2-2-nam-kinh-nghiem-thu-nhap-tu-47-73-trieu/1584137.html?ta_source=JobSearchList_LinkDetail&u_sr_id=BSB2VkJ624lnJtUZI2O6g0V64mTuk7mqWV4aOkdz_1736995805
[2025-01-16T02:57:55.090+0000] {logging_mixin.py:190} INFO - Successfully retrieved and saved HTML for: https://www.topcv.vn/viec-lam/ke-toan-noi-bo-biet-tieng-trung-nhan-viec-sau-tet/1584146.html?ta_source=JobSearchList_LinkDetail&u_sr_id=BSB2VkJ624lnJtUZI2O6g0V64mTuk7mqWV4aOkdz_1736995805
[2025-01-16T02:58:08.661+0000] {logging_mixin.py:190} INFO - Successfully retrieved and saved HTML for: https://www.topcv.vn/viec-lam/net-developer-asp-net-c/1427933.html?ta_source=JobSearchList_LinkDetail&u_sr_id=BSB2VkJ624lnJtUZI2O6g0V64mTuk7mqWV4aOkdz_1736995805
[2025-01-16T02:58:22.582+0000] {logging_mixin.py:190} INFO - Successfully retrieved and saved HTML for: https://www.topcv.vn/viec-lam/chuyen-vien-kinh-doanh-khong-yeu-cau-kinh-nghiem-thu-nhap-len-toi-15tr-thang/1502522.html?ta_source=JobSearchList_LinkDetail&u_sr_id=BSB2VkJ624lnJtUZI2O6g0V64mTuk7mqWV4aOkdz_1736995805
[2025-01-16T02:58:33.220+0000] {logging_mixin.py:190} INFO - Successfully retrieved and saved HTML for: https://www.topcv.vn/viec-lam/accountant-nhan-vien-ke-toan/1584184.html?ta_source=JobSearchList_LinkDetail&u_sr_id=BSB2VkJ624lnJtUZI2O6g0V64mTuk7mqWV4aOkdz_1736995805
[2025-01-16T02:58:48.084+0000] {logging_mixin.py:190} INFO - Successfully retrieved and saved HTML for: https://www.topcv.vn/viec-lam/chuyen-vien-trien-khai-phan-mem-b2b/1584517.html?ta_source=JobSearchList_LinkDetail&u_sr_id=BSB2VkJ624lnJtUZI2O6g0V64mTuk7mqWV4aOkdz_1736995805
[2025-01-16T02:58:57.325+0000] {logging_mixin.py:190} INFO - Successfully retrieved and saved HTML for: https://www.topcv.vn/brand/concentrixservices/tuyen-dung/nhan-vien-sale-qua-kenh-zalo-oa-truc-page-ban-hang-kenh-zalo-oa-sale-chat-tong-thu-nhap-12-21-trieu-thang-fulltime-quan-12-j1583139.html?ta_source=JobSearchList_LinkDetail&u_sr_id=BSB2VkJ624lnJtUZI2O6g0V64mTuk7mqWV4aOkdz_1736995805
[2025-01-16T02:59:05.320+0000] {logging_mixin.py:190} INFO - Successfully retrieved and saved HTML for: https://www.topcv.vn/viec-lam/chuyen-vien-telesales-tnex-finance-2z181/1584100.html?ta_source=JobSearchList_LinkDetail&u_sr_id=BSB2VkJ624lnJtUZI2O6g0V64mTuk7mqWV4aOkdz_1736995805
[2025-01-16T02:59:16.901+0000] {logging_mixin.py:190} INFO - Successfully retrieved and saved HTML for: https://www.topcv.vn/viec-lam/ky-thuat-bao-tri-sua-chua-xe/1584623.html?ta_source=JobSearchList_LinkDetail&u_sr_id=BSB2VkJ624lnJtUZI2O6g0V64mTuk7mqWV4aOkdz_1736995805
[2025-01-16T02:59:23.763+0000] {logging_mixin.py:190} INFO - Successfully retrieved and saved HTML for: https://www.topcv.vn/viec-lam/kien-truc-su-xay-dung-thu-nhap-tu-9-12-trieu-nhan-viec-ngay/1584534.html?ta_source=JobSearchList_LinkDetail&u_sr_id=BSB2VkJ624lnJtUZI2O6g0V64mTuk7mqWV4aOkdz_1736995805
[2025-01-16T02:59:34.044+0000] {logging_mixin.py:190} INFO - Successfully retrieved and saved HTML for: https://www.topcv.vn/viec-lam/nhan-vien-kinh-doanh-tu-van-ban-hang-sales-bao-bi-10-30tr/1584231.html?ta_source=JobSearchList_LinkDetail&u_sr_id=BSB2VkJ624lnJtUZI2O6g0V64mTuk7mqWV4aOkdz_1736995805
[2025-01-16T02:59:43.552+0000] {logging_mixin.py:190} INFO - Successfully retrieved and saved HTML for: https://www.topcv.vn/viec-lam/playable-ads/1584760.html?ta_source=JobSearchList_LinkDetail&u_sr_id=BSB2VkJ624lnJtUZI2O6g0V64mTuk7mqWV4aOkdz_1736995805
[2025-01-16T02:59:50.841+0000] {logging_mixin.py:190} INFO - Successfully retrieved and saved HTML for: https://www.topcv.vn/viec-lam/unit-head-of-credit-assessment-department/1537184.html?ta_source=JobSearchList_LinkDetail&u_sr_id=BSB2VkJ624lnJtUZI2O6g0V64mTuk7mqWV4aOkdz_1736995805
[2025-01-16T02:59:50.843+0000] {python.py:240} INFO - Done. Returned value was: None
[2025-01-16T02:59:50.879+0000] {taskinstance.py:340} INFO - ::group::Post task execution logs
[2025-01-16T02:59:50.881+0000] {taskinstance.py:352} INFO - Marking task as SUCCESS. dag_id=topcv_scraper, task_id=download_html, run_id=scheduled__2025-01-15T00:00:00+00:00, execution_date=20250115T000000, start_date=20250116T025011, end_date=20250116T025950
[2025-01-16T02:59:50.930+0000] {local_task_job_runner.py:266} INFO - Task exited with return code 0
[2025-01-16T02:59:50.996+0000] {taskinstance.py:3895} INFO - 1 downstream tasks scheduled from follow-on schedule check
[2025-01-16T02:59:51.002+0000] {local_task_job_runner.py:245} INFO - ::endgroup::
