[2025-02-08T15:40:59.994+0000] {local_task_job_runner.py:123} INFO - ::group::Pre task execution logs
[2025-02-08T15:41:00.035+0000] {taskinstance.py:2613} INFO - Dependencies all met for dep_context=non-requeueable deps ti=<TaskInstance: etl.trusted manual__2025-02-08T15:39:04.360250+00:00 [queued]>
[2025-02-08T15:41:00.069+0000] {taskinstance.py:2613} INFO - Dependencies all met for dep_context=requeueable deps ti=<TaskInstance: etl.trusted manual__2025-02-08T15:39:04.360250+00:00 [queued]>
[2025-02-08T15:41:00.071+0000] {taskinstance.py:2866} INFO - Starting attempt 1 of 4
[2025-02-08T15:41:00.125+0000] {taskinstance.py:2889} INFO - Executing <Task(BashOperator): trusted> on 2025-02-08 15:39:04.360250+00:00
[2025-02-08T15:41:00.137+0000] {warnings.py:112} WARNING - /home/***/.local/lib/python3.12/site-packages/***/task/task_runner/standard_task_runner.py:70: DeprecationWarning: This process (pid=152) is multi-threaded, use of fork() may lead to deadlocks in the child.
  pid = os.fork()

[2025-02-08T15:41:00.139+0000] {standard_task_runner.py:72} INFO - Started process 153 to run task
[2025-02-08T15:41:00.140+0000] {standard_task_runner.py:104} INFO - Running: ['***', 'tasks', 'run', 'etl', 'trusted', 'manual__2025-02-08T15:39:04.360250+00:00', '--job-id', '7', '--raw', '--subdir', 'DAGS_FOLDER/etl.py', '--cfg-path', '/tmp/tmpg_38ckl5']
[2025-02-08T15:41:00.141+0000] {standard_task_runner.py:105} INFO - Job 7: Subtask trusted
[2025-02-08T15:41:00.220+0000] {task_command.py:467} INFO - Running <TaskInstance: etl.trusted manual__2025-02-08T15:39:04.360250+00:00 [running]> on host b45b39a99641
[2025-02-08T15:41:00.396+0000] {taskinstance.py:3132} INFO - Exporting env vars: AIRFLOW_CTX_DAG_OWNER='etl' AIRFLOW_CTX_DAG_ID='etl' AIRFLOW_CTX_TASK_ID='trusted' AIRFLOW_CTX_EXECUTION_DATE='2025-02-08T15:39:04.360250+00:00' AIRFLOW_CTX_TRY_NUMBER='1' AIRFLOW_CTX_DAG_RUN_ID='manual__2025-02-08T15:39:04.360250+00:00'
[2025-02-08T15:41:00.397+0000] {taskinstance.py:731} INFO - ::endgroup::
[2025-02-08T15:41:00.422+0000] {subprocess.py:78} INFO - Tmp dir root location: /tmp
[2025-02-08T15:41:00.425+0000] {subprocess.py:88} INFO - Running command: ['/usr/bin/bash', '-c', 'docker exec spark-master /opt/spark/bin/spark-submit     --master spark://spark-master:7077     --conf spark.executor.memory=2g     --verbose     /opt/spark/ETL/trusted/trusted.py']
[2025-02-08T15:41:00.448+0000] {subprocess.py:99} INFO - Output:
[2025-02-08T15:41:03.067+0000] {subprocess.py:106} INFO - Using properties file: /opt/spark/conf/spark-defaults.conf
[2025-02-08T15:41:03.189+0000] {subprocess.py:106} INFO - Adding default property: spark.eventLog.enabled=true
[2025-02-08T15:41:03.190+0000] {subprocess.py:106} INFO - Adding default property: spark.history.fs.logDirectory=/opt/spark/spark-events
[2025-02-08T15:41:03.190+0000] {subprocess.py:106} INFO - Adding default property: spark.master=spark://spark-master:7077
[2025-02-08T15:41:03.190+0000] {subprocess.py:106} INFO - Adding default property: spark.eventLog.dir=/opt/spark/spark-events
[2025-02-08T15:41:03.219+0000] {subprocess.py:106} INFO - Parsed arguments:
[2025-02-08T15:41:03.220+0000] {subprocess.py:106} INFO -   master                  spark://spark-master:7077
[2025-02-08T15:41:03.221+0000] {subprocess.py:106} INFO -   remote                  null
[2025-02-08T15:41:03.221+0000] {subprocess.py:106} INFO -   deployMode              null
[2025-02-08T15:41:03.222+0000] {subprocess.py:106} INFO -   executorMemory          2g
[2025-02-08T15:41:03.222+0000] {subprocess.py:106} INFO -   executorCores           null
[2025-02-08T15:41:03.223+0000] {subprocess.py:106} INFO -   totalExecutorCores      null
[2025-02-08T15:41:03.223+0000] {subprocess.py:106} INFO -   propertiesFile          /opt/spark/conf/spark-defaults.conf
[2025-02-08T15:41:03.224+0000] {subprocess.py:106} INFO -   driverMemory            null
[2025-02-08T15:41:03.224+0000] {subprocess.py:106} INFO -   driverCores             null
[2025-02-08T15:41:03.225+0000] {subprocess.py:106} INFO -   driverExtraClassPath    null
[2025-02-08T15:41:03.225+0000] {subprocess.py:106} INFO -   driverExtraLibraryPath  null
[2025-02-08T15:41:03.226+0000] {subprocess.py:106} INFO -   driverExtraJavaOptions  null
[2025-02-08T15:41:03.226+0000] {subprocess.py:106} INFO -   supervise               false
[2025-02-08T15:41:03.227+0000] {subprocess.py:106} INFO -   queue                   null
[2025-02-08T15:41:03.227+0000] {subprocess.py:106} INFO -   numExecutors            null
[2025-02-08T15:41:03.228+0000] {subprocess.py:106} INFO -   files                   null
[2025-02-08T15:41:03.228+0000] {subprocess.py:106} INFO -   pyFiles                 null
[2025-02-08T15:41:03.228+0000] {subprocess.py:106} INFO -   archives                null
[2025-02-08T15:41:03.229+0000] {subprocess.py:106} INFO -   mainClass               null
[2025-02-08T15:41:03.229+0000] {subprocess.py:106} INFO -   primaryResource         file:/opt/spark/ETL/trusted/trusted.py
[2025-02-08T15:41:03.229+0000] {subprocess.py:106} INFO -   name                    trusted.py
[2025-02-08T15:41:03.230+0000] {subprocess.py:106} INFO -   childArgs               []
[2025-02-08T15:41:03.230+0000] {subprocess.py:106} INFO -   jars                    null
[2025-02-08T15:41:03.231+0000] {subprocess.py:106} INFO -   packages                null
[2025-02-08T15:41:03.231+0000] {subprocess.py:106} INFO -   packagesExclusions      null
[2025-02-08T15:41:03.231+0000] {subprocess.py:106} INFO -   repositories            null
[2025-02-08T15:41:03.232+0000] {subprocess.py:106} INFO -   verbose                 true
[2025-02-08T15:41:03.232+0000] {subprocess.py:106} INFO - 
[2025-02-08T15:41:03.232+0000] {subprocess.py:106} INFO - Spark properties used, including those specified through
[2025-02-08T15:41:03.233+0000] {subprocess.py:106} INFO -  --conf and those from the properties file /opt/spark/conf/spark-defaults.conf:
[2025-02-08T15:41:03.233+0000] {subprocess.py:106} INFO -   (spark.eventLog.dir,/opt/spark/spark-events)
[2025-02-08T15:41:03.234+0000] {subprocess.py:106} INFO -   (spark.eventLog.enabled,true)
[2025-02-08T15:41:03.234+0000] {subprocess.py:106} INFO -   (spark.executor.memory,2g)
[2025-02-08T15:41:03.234+0000] {subprocess.py:106} INFO -   (spark.history.fs.logDirectory,/opt/spark/spark-events)
[2025-02-08T15:41:03.235+0000] {subprocess.py:106} INFO -   (spark.master,spark://spark-master:7077)
[2025-02-08T15:41:03.235+0000] {subprocess.py:106} INFO - 
[2025-02-08T15:41:03.236+0000] {subprocess.py:106} INFO - 
[2025-02-08T15:41:03.599+0000] {subprocess.py:106} INFO - Main class:
[2025-02-08T15:41:03.600+0000] {subprocess.py:106} INFO - org.apache.spark.deploy.PythonRunner
[2025-02-08T15:41:03.600+0000] {subprocess.py:106} INFO - Arguments:
[2025-02-08T15:41:03.601+0000] {subprocess.py:106} INFO - file:/opt/spark/ETL/trusted/trusted.py
[2025-02-08T15:41:03.601+0000] {subprocess.py:106} INFO - null
[2025-02-08T15:41:03.603+0000] {subprocess.py:106} INFO - Spark config:
[2025-02-08T15:41:03.604+0000] {subprocess.py:106} INFO - (spark.app.name,trusted.py)
[2025-02-08T15:41:03.605+0000] {subprocess.py:106} INFO - (spark.app.submitTime,1739029263582)
[2025-02-08T15:41:03.605+0000] {subprocess.py:106} INFO - (spark.eventLog.dir,/opt/spark/spark-events)
[2025-02-08T15:41:03.606+0000] {subprocess.py:106} INFO - (spark.eventLog.enabled,true)
[2025-02-08T15:41:03.606+0000] {subprocess.py:106} INFO - (spark.executor.memory,2g)
[2025-02-08T15:41:03.607+0000] {subprocess.py:106} INFO - (spark.history.fs.logDirectory,/opt/spark/spark-events)
[2025-02-08T15:41:03.607+0000] {subprocess.py:106} INFO - (spark.master,spark://spark-master:7077)
[2025-02-08T15:41:03.607+0000] {subprocess.py:106} INFO - (spark.submit.deployMode,client)
[2025-02-08T15:41:03.608+0000] {subprocess.py:106} INFO - (spark.submit.pyFiles,)
[2025-02-08T15:41:03.608+0000] {subprocess.py:106} INFO - Classpath elements:
[2025-02-08T15:41:03.608+0000] {subprocess.py:106} INFO - 
[2025-02-08T15:41:03.609+0000] {subprocess.py:106} INFO - 
[2025-02-08T15:41:03.609+0000] {subprocess.py:106} INFO - 
[2025-02-08T15:41:04.455+0000] {subprocess.py:106} INFO - 25/02/08 15:41:04 INFO SparkContext: Running Spark version 3.5.4
[2025-02-08T15:41:04.459+0000] {subprocess.py:106} INFO - 25/02/08 15:41:04 INFO SparkContext: OS info Linux, 5.15.167.4-microsoft-standard-WSL2, amd64
[2025-02-08T15:41:04.460+0000] {subprocess.py:106} INFO - 25/02/08 15:41:04 INFO SparkContext: Java version 11.0.26
[2025-02-08T15:41:04.525+0000] {subprocess.py:106} INFO - 25/02/08 15:41:04 WARN NativeCodeLoader: Unable to load native-hadoop library for your platform... using builtin-java classes where applicable
[2025-02-08T15:41:04.619+0000] {subprocess.py:106} INFO - 25/02/08 15:41:04 INFO ResourceUtils: ==============================================================
[2025-02-08T15:41:04.621+0000] {subprocess.py:106} INFO - 25/02/08 15:41:04 INFO ResourceUtils: No custom resources configured for spark.driver.
[2025-02-08T15:41:04.623+0000] {subprocess.py:106} INFO - 25/02/08 15:41:04 INFO ResourceUtils: ==============================================================
[2025-02-08T15:41:04.624+0000] {subprocess.py:106} INFO - 25/02/08 15:41:04 INFO SparkContext: Submitted application: Trusted Layer
[2025-02-08T15:41:04.648+0000] {subprocess.py:106} INFO - 25/02/08 15:41:04 INFO ResourceProfile: Default ResourceProfile created, executor resources: Map(memory -> name: memory, amount: 2048, script: , vendor: , offHeap -> name: offHeap, amount: 0, script: , vendor: ), task resources: Map(cpus -> name: cpus, amount: 1.0)
[2025-02-08T15:41:04.664+0000] {subprocess.py:106} INFO - 25/02/08 15:41:04 INFO ResourceProfile: Limiting resource is cpu
[2025-02-08T15:41:04.666+0000] {subprocess.py:106} INFO - 25/02/08 15:41:04 INFO ResourceProfileManager: Added ResourceProfile id: 0
[2025-02-08T15:41:04.735+0000] {subprocess.py:106} INFO - 25/02/08 15:41:04 INFO SecurityManager: Changing view acls to: root
[2025-02-08T15:41:04.739+0000] {subprocess.py:106} INFO - 25/02/08 15:41:04 INFO SecurityManager: Changing modify acls to: root
[2025-02-08T15:41:04.740+0000] {subprocess.py:106} INFO - 25/02/08 15:41:04 INFO SecurityManager: Changing view acls groups to:
[2025-02-08T15:41:04.741+0000] {subprocess.py:106} INFO - 25/02/08 15:41:04 INFO SecurityManager: Changing modify acls groups to:
[2025-02-08T15:41:04.741+0000] {subprocess.py:106} INFO - 25/02/08 15:41:04 INFO SecurityManager: SecurityManager: authentication disabled; ui acls disabled; users with view permissions: root; groups with view permissions: EMPTY; users with modify permissions: root; groups with modify permissions: EMPTY
[2025-02-08T15:41:05.515+0000] {subprocess.py:106} INFO - 25/02/08 15:41:05 INFO Utils: Successfully started service 'sparkDriver' on port 34875.
[2025-02-08T15:41:05.617+0000] {subprocess.py:106} INFO - 25/02/08 15:41:05 INFO SparkEnv: Registering MapOutputTracker
[2025-02-08T15:41:05.760+0000] {subprocess.py:106} INFO - 25/02/08 15:41:05 INFO SparkEnv: Registering BlockManagerMaster
[2025-02-08T15:41:05.794+0000] {subprocess.py:106} INFO - 25/02/08 15:41:05 INFO BlockManagerMasterEndpoint: Using org.apache.spark.storage.DefaultTopologyMapper for getting topology information
[2025-02-08T15:41:05.795+0000] {subprocess.py:106} INFO - 25/02/08 15:41:05 INFO BlockManagerMasterEndpoint: BlockManagerMasterEndpoint up
[2025-02-08T15:41:05.824+0000] {subprocess.py:106} INFO - 25/02/08 15:41:05 INFO SparkEnv: Registering BlockManagerMasterHeartbeat
[2025-02-08T15:41:05.916+0000] {subprocess.py:106} INFO - 25/02/08 15:41:05 INFO DiskBlockManager: Created local directory at /tmp/blockmgr-0d73793e-7cb7-4b39-8f9d-b6d60c091036
[2025-02-08T15:41:05.958+0000] {subprocess.py:106} INFO - 25/02/08 15:41:05 INFO MemoryStore: MemoryStore started with capacity 434.4 MiB
[2025-02-08T15:41:06.003+0000] {subprocess.py:106} INFO - 25/02/08 15:41:06 INFO SparkEnv: Registering OutputCommitCoordinator
[2025-02-08T15:41:06.573+0000] {subprocess.py:106} INFO - 25/02/08 15:41:06 INFO JettyUtils: Start Jetty 0.0.0.0:4040 for SparkUI
[2025-02-08T15:41:06.779+0000] {subprocess.py:106} INFO - 25/02/08 15:41:06 INFO Utils: Successfully started service 'SparkUI' on port 4040.
[2025-02-08T15:41:07.324+0000] {subprocess.py:106} INFO - 25/02/08 15:41:07 INFO StandaloneAppClient$ClientEndpoint: Connecting to master spark://spark-master:7077...
[2025-02-08T15:41:07.627+0000] {subprocess.py:106} INFO - 25/02/08 15:41:07 INFO TransportClientFactory: Successfully created connection to spark-master/172.20.0.2:7077 after 208 ms (0 ms spent in bootstraps)
[2025-02-08T15:41:08.001+0000] {subprocess.py:106} INFO - 25/02/08 15:41:08 INFO StandaloneSchedulerBackend: Connected to Spark cluster with app ID app-20250208154107-0007
[2025-02-08T15:41:08.069+0000] {subprocess.py:106} INFO - 25/02/08 15:41:08 INFO StandaloneAppClient$ClientEndpoint: Executor added: app-20250208154107-0007/0 on worker-20250208140518-172.20.0.4-43785 (172.20.0.4:43785) with 2 core(s)
[2025-02-08T15:41:08.097+0000] {subprocess.py:106} INFO - 25/02/08 15:41:08 INFO StandaloneSchedulerBackend: Granted executor ID app-20250208154107-0007/0 on hostPort 172.20.0.4:43785 with 2 core(s), 2.0 GiB RAM
[2025-02-08T15:41:08.101+0000] {subprocess.py:106} INFO - 25/02/08 15:41:08 INFO Utils: Successfully started service 'org.apache.spark.network.netty.NettyBlockTransferService' on port 40413.
[2025-02-08T15:41:08.102+0000] {subprocess.py:106} INFO - 25/02/08 15:41:08 INFO NettyBlockTransferService: Server created on 13574e9a5001:40413
[2025-02-08T15:41:08.112+0000] {subprocess.py:106} INFO - 25/02/08 15:41:08 INFO BlockManager: Using org.apache.spark.storage.RandomBlockReplicationPolicy for block replication policy
[2025-02-08T15:41:08.143+0000] {subprocess.py:106} INFO - 25/02/08 15:41:08 INFO BlockManagerMaster: Registering BlockManager BlockManagerId(driver, 13574e9a5001, 40413, None)
[2025-02-08T15:41:08.174+0000] {subprocess.py:106} INFO - 25/02/08 15:41:08 INFO BlockManagerMasterEndpoint: Registering block manager 13574e9a5001:40413 with 434.4 MiB RAM, BlockManagerId(driver, 13574e9a5001, 40413, None)
[2025-02-08T15:41:08.175+0000] {subprocess.py:106} INFO - 25/02/08 15:41:08 INFO BlockManagerMaster: Registered BlockManager BlockManagerId(driver, 13574e9a5001, 40413, None)
[2025-02-08T15:41:08.181+0000] {subprocess.py:106} INFO - 25/02/08 15:41:08 INFO BlockManager: Initialized BlockManager: BlockManagerId(driver, 13574e9a5001, 40413, None)
[2025-02-08T15:41:08.423+0000] {subprocess.py:106} INFO - 25/02/08 15:41:08 INFO StandaloneAppClient$ClientEndpoint: Executor updated: app-20250208154107-0007/0 is now RUNNING
[2025-02-08T15:41:09.278+0000] {subprocess.py:106} INFO - 25/02/08 15:41:09 INFO SingleEventLogFileWriter: Logging events to file:/opt/spark/spark-events/app-20250208154107-0007.inprogress
[2025-02-08T15:41:10.607+0000] {subprocess.py:106} INFO - 25/02/08 15:41:10 INFO StandaloneSchedulerBackend: SchedulerBackend is ready for scheduling beginning after reached minRegisteredResourcesRatio: 0.0
[2025-02-08T15:41:25.360+0000] {subprocess.py:110} INFO - Command exited with return code 0
[2025-02-08T15:41:25.383+0000] {taskinstance.py:340} INFO - ::group::Post task execution logs
[2025-02-08T15:41:25.384+0000] {taskinstance.py:352} INFO - Marking task as SUCCESS. dag_id=etl, task_id=trusted, run_id=manual__2025-02-08T15:39:04.360250+00:00, execution_date=20250208T153904, start_date=20250208T154100, end_date=20250208T154125
[2025-02-08T15:41:25.425+0000] {local_task_job_runner.py:266} INFO - Task exited with return code 0
[2025-02-08T15:41:25.442+0000] {taskinstance.py:3895} INFO - 1 downstream tasks scheduled from follow-on schedule check
[2025-02-08T15:41:25.445+0000] {local_task_job_runner.py:245} INFO - ::endgroup::
