[2025-01-13T02:13:44.708+0000] {local_task_job_runner.py:123} INFO - ::group::Pre task execution logs
[2025-01-13T02:13:44.752+0000] {taskinstance.py:2613} INFO - Dependencies all met for dep_context=non-requeueable deps ti=<TaskInstance: topcv_scraper.scrape_urls manual__2025-01-13T02:10:49.382707+00:00 [queued]>
[2025-01-13T02:13:44.761+0000] {taskinstance.py:2613} INFO - Dependencies all met for dep_context=requeueable deps ti=<TaskInstance: topcv_scraper.scrape_urls manual__2025-01-13T02:10:49.382707+00:00 [queued]>
[2025-01-13T02:13:44.761+0000] {taskinstance.py:2866} INFO - Starting attempt 1 of 2
[2025-01-13T02:13:46.134+0000] {taskinstance.py:2889} INFO - Executing <Task(PythonOperator): scrape_urls> on 2025-01-13 02:10:49.382707+00:00
[2025-01-13T02:13:46.307+0000] {warnings.py:112} WARNING - /home/***/.local/lib/python3.12/site-packages/***/task/task_runner/standard_task_runner.py:70: DeprecationWarning: This process (pid=109) is multi-threaded, use of fork() may lead to deadlocks in the child.
  pid = os.fork()

[2025-01-13T02:13:46.314+0000] {standard_task_runner.py:72} INFO - Started process 110 to run task
[2025-01-13T02:13:46.312+0000] {standard_task_runner.py:104} INFO - Running: ['***', 'tasks', 'run', 'topcv_scraper', 'scrape_urls', 'manual__2025-01-13T02:10:49.382707+00:00', '--job-id', '14', '--raw', '--subdir', 'DAGS_FOLDER/crawl_data.py', '--cfg-path', '/tmp/tmpw5if6okc']
[2025-01-13T02:13:46.333+0000] {standard_task_runner.py:105} INFO - Job 14: Subtask scrape_urls
[2025-01-13T02:13:47.037+0000] {task_command.py:467} INFO - Running <TaskInstance: topcv_scraper.scrape_urls manual__2025-01-13T02:10:49.382707+00:00 [running]> on host 91a339479d94
[2025-01-13T02:13:54.040+0000] {job.py:229} INFO - Heartbeat recovered after 20.37 seconds
[2025-01-13T02:14:02.192+0000] {taskinstance.py:3132} INFO - Exporting env vars: AIRFLOW_CTX_DAG_OWNER='***' AIRFLOW_CTX_DAG_ID='topcv_scraper' AIRFLOW_CTX_TASK_ID='scrape_urls' AIRFLOW_CTX_EXECUTION_DATE='2025-01-13T02:10:49.382707+00:00' AIRFLOW_CTX_TRY_NUMBER='1' AIRFLOW_CTX_DAG_RUN_ID='manual__2025-01-13T02:10:49.382707+00:00'
[2025-01-13T02:14:02.197+0000] {taskinstance.py:731} INFO - ::endgroup::
[2025-01-13T02:14:10.076+0000] {logging_mixin.py:190} INFO - https://www.topcv.vn/brand/goldsunfocusmedia/tuyen-dung/chuyen-vien-phap-che-tieng-trung-hoac-tieng-anh-j1583103.html?ta_source=JobSearchList_LinkDetail&u_sr_id=mKv8O6Hf5FGkBBUPt2wTfYDnA7wZaVSlp7VJMENj_1736734449
[2025-01-13T02:14:10.155+0000] {logging_mixin.py:190} INFO - https://www.topcv.vn/viec-lam/giao-vien-bo-mon-dia-li/1583272.html?ta_source=JobSearchList_LinkDetail&u_sr_id=mKv8O6Hf5FGkBBUPt2wTfYDnA7wZaVSlp7VJMENj_1736734449
[2025-01-13T02:14:10.156+0000] {logging_mixin.py:190} INFO - https://www.topcv.vn/viec-lam/marketing-executive/1583191.html?ta_source=JobSearchList_LinkDetail&u_sr_id=mKv8O6Hf5FGkBBUPt2wTfYDnA7wZaVSlp7VJMENj_1736734449
[2025-01-13T02:14:10.156+0000] {logging_mixin.py:190} INFO - https://www.topcv.vn/viec-lam/nhan-vien-marketing-thu-nhap-tu-10-den-16-trieu-tai-ha-noi-di-lam-sau-tet/1582994.html?ta_source=JobSearchList_LinkDetail&u_sr_id=mKv8O6Hf5FGkBBUPt2wTfYDnA7wZaVSlp7VJMENj_1736734449
[2025-01-13T02:14:10.231+0000] {logging_mixin.py:190} INFO - https://www.topcv.vn/viec-lam/ky-su-me-khoi-du-an-thu-nhap-hap-dan/1583036.html?ta_source=JobSearchList_LinkDetail&u_sr_id=mKv8O6Hf5FGkBBUPt2wTfYDnA7wZaVSlp7VJMENj_1736734449
[2025-01-13T02:14:10.295+0000] {logging_mixin.py:190} INFO - https://www.topcv.vn/viec-lam/nhan-vien-tu-van-tuyen-sinh-va-cham-soc-khach-hang-tai-ha-noi-di-lam-sau-tet/1582993.html?ta_source=JobSearchList_LinkDetail&u_sr_id=mKv8O6Hf5FGkBBUPt2wTfYDnA7wZaVSlp7VJMENj_1736734449
[2025-01-13T02:14:10.296+0000] {logging_mixin.py:190} INFO - https://www.topcv.vn/viec-lam/nhan-vien-thiet-ke/1583016.html?ta_source=JobSearchList_LinkDetail&u_sr_id=mKv8O6Hf5FGkBBUPt2wTfYDnA7wZaVSlp7VJMENj_1736734449
[2025-01-13T02:14:10.297+0000] {logging_mixin.py:190} INFO - https://www.topcv.vn/viec-lam/giao-vien-am-nhac-parttime-khoi-tieu-hoc/1582593.html?ta_source=JobSearchList_LinkDetail&u_sr_id=mKv8O6Hf5FGkBBUPt2wTfYDnA7wZaVSlp7VJMENj_1736734449
[2025-01-13T02:14:10.298+0000] {logging_mixin.py:190} INFO - https://www.topcv.vn/viec-lam/nhan-vien-y-te-mam-non-tai-ho-chi-minh/1524935.html?ta_source=JobSearchList_LinkDetail&u_sr_id=mKv8O6Hf5FGkBBUPt2wTfYDnA7wZaVSlp7VJMENj_1736734449
[2025-01-13T02:14:10.315+0000] {logging_mixin.py:190} INFO - https://www.topcv.vn/brand/bpomatbao/tuyen-dung/nhan-vien-kinh-doanh-ban-hang-ho-tro-100-data-nong-nhan-viec-ngay-hoac-phong-van-truoc-tet-nhan-viec-sau-tet-thu-viec-nhan-100-luong-cung-thu-nhap-upto-25-trieu-thang-tu-van-telesale-sales-admin-j1582562.html?ta_source=JobSearchList_LinkDetail&u_sr_id=mKv8O6Hf5FGkBBUPt2wTfYDnA7wZaVSlp7VJMENj_1736734449
[2025-01-13T02:14:10.316+0000] {logging_mixin.py:190} INFO - https://www.topcv.vn/viec-lam/ke-toan-vien-muc-luong-8-11-trieu/1582903.html?ta_source=JobSearchList_LinkDetail&u_sr_id=mKv8O6Hf5FGkBBUPt2wTfYDnA7wZaVSlp7VJMENj_1736734449
[2025-01-13T02:14:10.317+0000] {logging_mixin.py:190} INFO - https://www.topcv.vn/viec-lam/giao-vien-mam-non-tai-ho-chi-minh-va-ha-noi/1576716.html?ta_source=JobSearchList_LinkDetail&u_sr_id=mKv8O6Hf5FGkBBUPt2wTfYDnA7wZaVSlp7VJMENj_1736734449
[2025-01-13T02:14:10.317+0000] {logging_mixin.py:190} INFO - https://www.topcv.vn/viec-lam/nhan-vien-sales-online-ho-tro-don-hang-data-co-san-thu-nhap-len-den-20-trieu-quan-12/1582458.html?ta_source=JobSearchList_LinkDetail&u_sr_id=mKv8O6Hf5FGkBBUPt2wTfYDnA7wZaVSlp7VJMENj_1736734449
[2025-01-13T02:14:10.317+0000] {logging_mixin.py:190} INFO - https://www.topcv.vn/viec-lam/contact-center-correspondence-officer/1582636.html?ta_source=JobSearchList_LinkDetail&u_sr_id=mKv8O6Hf5FGkBBUPt2wTfYDnA7wZaVSlp7VJMENj_1736734449
[2025-01-13T02:14:10.318+0000] {logging_mixin.py:190} INFO - https://www.topcv.vn/viec-lam/2d-artist/1582454.html?ta_source=JobSearchList_LinkDetail&u_sr_id=mKv8O6Hf5FGkBBUPt2wTfYDnA7wZaVSlp7VJMENj_1736734449
[2025-01-13T02:14:10.318+0000] {logging_mixin.py:190} INFO - https://www.topcv.vn/viec-lam/chuyen-vien-phan-tich-mo-hinh-qlrr/1582693.html?ta_source=JobSearchList_LinkDetail&u_sr_id=mKv8O6Hf5FGkBBUPt2wTfYDnA7wZaVSlp7VJMENj_1736734449
[2025-01-13T02:14:10.319+0000] {logging_mixin.py:190} INFO - https://www.topcv.vn/viec-lam/nhan-vien-kinh-doanh-tu-van-chot-don-hang-luong-co-ban-tu-7-trieu-hoa-hong-doanh-so/1582406.html?ta_source=JobSearchList_LinkDetail&u_sr_id=mKv8O6Hf5FGkBBUPt2wTfYDnA7wZaVSlp7VJMENj_1736734449
[2025-01-13T02:14:10.319+0000] {logging_mixin.py:190} INFO - https://www.topcv.vn/viec-lam/senior-sales-executive/1316953.html?ta_source=JobSearchList_LinkDetail&u_sr_id=mKv8O6Hf5FGkBBUPt2wTfYDnA7wZaVSlp7VJMENj_1736734449
[2025-01-13T02:14:10.320+0000] {logging_mixin.py:190} INFO - https://www.topcv.vn/viec-lam/nhan-vien-livestream-tiktok-facebook-ve-mang-du-lich-1-nam-kinh-nghiem-thu-nhap-15-trieu/1582366.html?ta_source=JobSearchList_LinkDetail&u_sr_id=mKv8O6Hf5FGkBBUPt2wTfYDnA7wZaVSlp7VJMENj_1736734449
[2025-01-13T02:14:10.320+0000] {logging_mixin.py:190} INFO - https://www.topcv.vn/viec-lam/chuyen-vien-quan-ly-khach-hang-chuong-trinh-the-he-but-pha-abbank-s-202x-ha-noi/1582282.html?ta_source=JobSearchList_LinkDetail&u_sr_id=mKv8O6Hf5FGkBBUPt2wTfYDnA7wZaVSlp7VJMENj_1736734449
[2025-01-13T02:14:10.320+0000] {logging_mixin.py:190} INFO - https://www.topcv.vn/viec-lam/giao-dich-vien-chuong-trinh-the-he-but-pha-abbank-s-202x-ha-noi/1582306.html?ta_source=JobSearchList_LinkDetail&u_sr_id=mKv8O6Hf5FGkBBUPt2wTfYDnA7wZaVSlp7VJMENj_1736734449
[2025-01-13T02:14:10.321+0000] {logging_mixin.py:190} INFO - https://www.topcv.vn/viec-lam/chuyen-vien-quan-he-khach-hang-fdi-tieng-trung-tieng-han/1523027.html?ta_source=JobSearchList_LinkDetail&u_sr_id=mKv8O6Hf5FGkBBUPt2wTfYDnA7wZaVSlp7VJMENj_1736734449
[2025-01-13T02:14:10.321+0000] {logging_mixin.py:190} INFO - https://www.topcv.vn/viec-lam/nhan-vien-ban-hang-tai-cua-hang-tai-ho-chi-minh-ha-noi/1482186.html?ta_source=JobSearchList_LinkDetail&u_sr_id=mKv8O6Hf5FGkBBUPt2wTfYDnA7wZaVSlp7VJMENj_1736734449
[2025-01-13T02:14:10.321+0000] {logging_mixin.py:190} INFO - https://www.topcv.vn/viec-lam/ky-su-xay-dung-qs-qc-khoi-du-an-ho-tro-chi-phi-an-o/1582578.html?ta_source=JobSearchList_LinkDetail&u_sr_id=mKv8O6Hf5FGkBBUPt2wTfYDnA7wZaVSlp7VJMENj_1736734449
[2025-01-13T02:14:10.322+0000] {logging_mixin.py:190} INFO - https://www.topcv.vn/brand/fecredit/tuyen-dung/nhan-vien-thu-phi-tin-dung-thi-truong-j1427976.html?ta_source=JobSearchList_LinkDetail&u_sr_id=mKv8O6Hf5FGkBBUPt2wTfYDnA7wZaVSlp7VJMENj_1736734449
[2025-01-13T02:14:10.322+0000] {logging_mixin.py:190} INFO - https://www.topcv.vn/viec-lam/quan-ly-nhan-hang-brand-manager-thu-nhap-tu-20-30-trieu/1582921.html?ta_source=JobSearchList_LinkDetail&u_sr_id=mKv8O6Hf5FGkBBUPt2wTfYDnA7wZaVSlp7VJMENj_1736734449
[2025-01-13T02:14:10.322+0000] {logging_mixin.py:190} INFO - https://www.topcv.vn/viec-lam/tro-ly-tong-hop-hanh-chinh-ke-toan-ban-thoi-gian-luong-thoa-thuan/1582806.html?ta_source=JobSearchList_LinkDetail&u_sr_id=mKv8O6Hf5FGkBBUPt2wTfYDnA7wZaVSlp7VJMENj_1736734449
[2025-01-13T02:14:10.322+0000] {logging_mixin.py:190} INFO - https://www.topcv.vn/viec-lam/operations-coordinator-receptionist-shtp-district-9-hcmc/1525526.html?ta_source=JobSearchList_LinkDetail&u_sr_id=mKv8O6Hf5FGkBBUPt2wTfYDnA7wZaVSlp7VJMENj_1736734449
[2025-01-13T02:14:10.323+0000] {logging_mixin.py:190} INFO - https://www.topcv.vn/viec-lam/senior-healthcare-nurse-y-ta-dieu-tri-cao-cap/1580763.html?ta_source=JobSearchList_LinkDetail&u_sr_id=mKv8O6Hf5FGkBBUPt2wTfYDnA7wZaVSlp7VJMENj_1736734449
[2025-01-13T02:14:10.323+0000] {logging_mixin.py:190} INFO - https://www.topcv.vn/viec-lam/nhan-vien-kinh-doanh-mang-can-ho-thu-nhap-tu-7-50-trieu-khong-yeu-cau-kinh-nghiem/1463269.html?ta_source=JobSearchList_LinkDetail&u_sr_id=mKv8O6Hf5FGkBBUPt2wTfYDnA7wZaVSlp7VJMENj_1736734449
[2025-01-13T02:14:10.323+0000] {logging_mixin.py:190} INFO - https://www.topcv.vn/viec-lam/truong-nhom-quan-ly-chat-luong-qa-qc/1582769.html?ta_source=JobSearchList_LinkDetail&u_sr_id=mKv8O6Hf5FGkBBUPt2wTfYDnA7wZaVSlp7VJMENj_1736734449
[2025-01-13T02:14:10.323+0000] {logging_mixin.py:190} INFO - https://www.topcv.vn/viec-lam/truong-nhom-marketing-marketing-leader-luong-tu-15-trieu-thang-nhan-viec-ngay/1582398.html?ta_source=JobSearchList_LinkDetail&u_sr_id=mKv8O6Hf5FGkBBUPt2wTfYDnA7wZaVSlp7VJMENj_1736734449
[2025-01-13T02:14:10.324+0000] {logging_mixin.py:190} INFO - https://www.topcv.vn/viec-lam/chuyen-vien-chinh-kinh-doanh-m-payroll-tai-khoan-tra-luong-rb-msb-2y108/1582151.html?ta_source=JobSearchList_LinkDetail&u_sr_id=mKv8O6Hf5FGkBBUPt2wTfYDnA7wZaVSlp7VJMENj_1736734449
[2025-01-13T02:14:10.324+0000] {logging_mixin.py:190} INFO - https://www.topcv.vn/viec-lam/nhan-vien-van-phong-nhap-lieu-data-entry-thu-nhap-7-trieu-thang-tai-hn-hcm/1308266.html?ta_source=JobSearchList_LinkDetail&u_sr_id=mKv8O6Hf5FGkBBUPt2wTfYDnA7wZaVSlp7VJMENj_1736734449
[2025-01-13T02:14:10.324+0000] {logging_mixin.py:190} INFO - https://www.topcv.vn/viec-lam/nhan-vien-kinh-doanh/1582204.html?ta_source=JobSearchList_LinkDetail&u_sr_id=mKv8O6Hf5FGkBBUPt2wTfYDnA7wZaVSlp7VJMENj_1736734449
[2025-01-13T02:14:10.325+0000] {logging_mixin.py:190} INFO - https://www.topcv.vn/viec-lam/quan-ly-san-xuat-mang-co-khi-che-tao-tai-nhon-trach-dong-nai/1582967.html?ta_source=JobSearchList_LinkDetail&u_sr_id=mKv8O6Hf5FGkBBUPt2wTfYDnA7wZaVSlp7VJMENj_1736734449
[2025-01-13T02:14:10.325+0000] {logging_mixin.py:190} INFO - https://www.topcv.vn/viec-lam/ky-su-xay-dung-giao-thong-di-lam-ngay/1582899.html?ta_source=JobSearchList_LinkDetail&u_sr_id=mKv8O6Hf5FGkBBUPt2wTfYDnA7wZaVSlp7VJMENj_1736734449
[2025-01-13T02:14:10.325+0000] {logging_mixin.py:190} INFO - https://www.topcv.vn/viec-lam/thu-ky/1505191.html?ta_source=JobSearchList_LinkDetail&u_sr_id=mKv8O6Hf5FGkBBUPt2wTfYDnA7wZaVSlp7VJMENj_1736734449
[2025-01-13T02:14:10.325+0000] {logging_mixin.py:190} INFO - https://www.topcv.vn/viec-lam/quan-ly-trung-tam-tieng-anh-thu-nhap-upto-60-trieu-ha-noi-tp-ho-chi-minh/1582467.html?ta_source=JobSearchList_LinkDetail&u_sr_id=mKv8O6Hf5FGkBBUPt2wTfYDnA7wZaVSlp7VJMENj_1736734449
[2025-01-13T02:14:10.326+0000] {logging_mixin.py:190} INFO - https://www.topcv.vn/viec-lam/nhan-vien-qc/1582846.html?ta_source=JobSearchList_LinkDetail&u_sr_id=mKv8O6Hf5FGkBBUPt2wTfYDnA7wZaVSlp7VJMENj_1736734449
[2025-01-13T02:14:10.326+0000] {logging_mixin.py:190} INFO - https://www.topcv.vn/brand/congtycophanmisa/tuyen-dung/talent-acquisition-specialist-chuyen-vien-tuyen-dung-j1582143.html?ta_source=JobSearchList_LinkDetail&u_sr_id=mKv8O6Hf5FGkBBUPt2wTfYDnA7wZaVSlp7VJMENj_1736734449
[2025-01-13T02:14:10.326+0000] {logging_mixin.py:190} INFO - https://www.topcv.vn/viec-lam/giam-doc-mua-hang-quoc-te/1582853.html?ta_source=JobSearchList_LinkDetail&u_sr_id=mKv8O6Hf5FGkBBUPt2wTfYDnA7wZaVSlp7VJMENj_1736734449
[2025-01-13T02:14:10.437+0000] {logging_mixin.py:190} INFO - https://www.topcv.vn/viec-lam/nhan-vien-han-nguoi-tho-phu-co-khi/1582779.html?ta_source=JobSearchList_LinkDetail&u_sr_id=mKv8O6Hf5FGkBBUPt2wTfYDnA7wZaVSlp7VJMENj_1736734449
[2025-01-13T02:14:10.437+0000] {logging_mixin.py:190} INFO - https://www.topcv.vn/viec-lam/chuyen-vien-quan-ly-khach-hang-chuong-trinh-the-he-but-pha-abbank-s-202x-ho-chi-minh/1582291.html?ta_source=JobSearchList_LinkDetail&u_sr_id=mKv8O6Hf5FGkBBUPt2wTfYDnA7wZaVSlp7VJMENj_1736734449
[2025-01-13T02:14:10.438+0000] {logging_mixin.py:190} INFO - https://www.topcv.vn/viec-lam/nhan-vien-kinh-doanh-tieng-anh-tieng-trung/1581286.html?ta_source=JobSearchList_LinkDetail&u_sr_id=mKv8O6Hf5FGkBBUPt2wTfYDnA7wZaVSlp7VJMENj_1736734449
[2025-01-13T02:14:10.438+0000] {logging_mixin.py:190} INFO - https://www.topcv.vn/viec-lam/chuyen-vien-tu-van-du-hoc-sales-du-hoc-thu-nhap-10-20-trieu-luong-cung-cao-nhan-viec-ngay/1582607.html?ta_source=JobSearchList_LinkDetail&u_sr_id=mKv8O6Hf5FGkBBUPt2wTfYDnA7wZaVSlp7VJMENj_1736734449
[2025-01-13T02:14:10.438+0000] {logging_mixin.py:190} INFO - https://www.topcv.vn/viec-lam/ke-toan-tong-hop-luong-15-20-trieu-ho-chi-minh/1582736.html?ta_source=JobSearchList_LinkDetail&u_sr_id=mKv8O6Hf5FGkBBUPt2wTfYDnA7wZaVSlp7VJMENj_1736734449
[2025-01-13T02:14:10.439+0000] {logging_mixin.py:190} INFO - https://www.topcv.vn/viec-lam/business-analyst-ba-ba-lead-co-kinh-nghiem/1582491.html?ta_source=JobSearchList_LinkDetail&u_sr_id=mKv8O6Hf5FGkBBUPt2wTfYDnA7wZaVSlp7VJMENj_1736734449
[2025-01-13T02:14:10.439+0000] {logging_mixin.py:190} INFO - https://www.topcv.vn/viec-lam/nhan-vien-content-marketing-nganh-du-lich-2-nam-kinh-nghiem-thu-nhap-15-trieu/1582422.html?ta_source=JobSearchList_LinkDetail&u_sr_id=mKv8O6Hf5FGkBBUPt2wTfYDnA7wZaVSlp7VJMENj_1736734449
[2025-01-13T02:14:10.439+0000] {logging_mixin.py:190} INFO - https://www.topcv.vn/viec-lam/contact-center-follow-up-officer/1582625.html?ta_source=JobSearchList_LinkDetail&u_sr_id=mKv8O6Hf5FGkBBUPt2wTfYDnA7wZaVSlp7VJMENj_1736734449
[2025-01-13T02:14:17.527+0000] {logging_mixin.py:190} INFO - https://www.topcv.vn/viec-lam/nhan-vien-kinh-doanh-phat-trien-thi-truong-biet-tieng-trung-luong-cung-20-30-trieu-ha-noi/1582772.html?ta_source=JobSearchList_LinkDetail&u_sr_id=mKv8O6Hf5FGkBBUPt2wTfYDnA7wZaVSlp7VJMENj_1736734454
[2025-01-13T02:14:17.628+0000] {logging_mixin.py:190} INFO - https://www.topcv.vn/viec-lam/nhan-vien-thiet-ke-cad-tieng-nhat-n3-thu-nhap-11-15-trieu/1582457.html?ta_source=JobSearchList_LinkDetail&u_sr_id=mKv8O6Hf5FGkBBUPt2wTfYDnA7wZaVSlp7VJMENj_1736734454
[2025-01-13T02:14:17.632+0000] {logging_mixin.py:190} INFO - https://www.topcv.vn/viec-lam/giao-dich-vien-chuong-trinh-the-he-but-pha-abbank-s-202x-ho-chi-minh/1582301.html?ta_source=JobSearchList_LinkDetail&u_sr_id=mKv8O6Hf5FGkBBUPt2wTfYDnA7wZaVSlp7VJMENj_1736734454
[2025-01-13T02:14:17.633+0000] {logging_mixin.py:190} INFO - https://www.topcv.vn/viec-lam/chuyen-vien-kinh-doanh-express-delivery-logistics-thu-nhap-tu-12-20tr-hoa-hong-hcm-binh-duong-can-tho-long-an-tay-ninh-kien-giang-dong-nai-vung-tau-da-nang/1582292.html?ta_source=JobSearchList_LinkDetail&u_sr_id=mKv8O6Hf5FGkBBUPt2wTfYDnA7wZaVSlp7VJMENj_1736734454
[2025-01-13T02:14:17.634+0000] {logging_mixin.py:190} INFO - https://www.topcv.vn/viec-lam/phien-dich-du-an-tieng-trung-thu-nhap-hap-dan/1582569.html?ta_source=JobSearchList_LinkDetail&u_sr_id=mKv8O6Hf5FGkBBUPt2wTfYDnA7wZaVSlp7VJMENj_1736734454
[2025-01-13T02:14:17.635+0000] {logging_mixin.py:190} INFO - https://www.topcv.vn/brand/fecredit/tuyen-dung/truong-nhom-kinh-doanh-thi-truong-j1498804.html?ta_source=JobSearchList_LinkDetail&u_sr_id=mKv8O6Hf5FGkBBUPt2wTfYDnA7wZaVSlp7VJMENj_1736734454
[2025-01-13T02:14:17.644+0000] {logging_mixin.py:190} INFO - https://www.topcv.vn/viec-lam/leader-marketing-nhan-viec-sau-tet/1582094.html?ta_source=JobSearchList_LinkDetail&u_sr_id=mKv8O6Hf5FGkBBUPt2wTfYDnA7wZaVSlp7VJMENj_1736734454
[2025-01-13T02:14:17.645+0000] {logging_mixin.py:190} INFO - https://www.topcv.vn/viec-lam/thiet-ke-noi-that-interior-design/1580954.html?ta_source=JobSearchList_LinkDetail&u_sr_id=mKv8O6Hf5FGkBBUPt2wTfYDnA7wZaVSlp7VJMENj_1736734454
[2025-01-13T02:14:17.646+0000] {logging_mixin.py:190} INFO - https://www.topcv.vn/viec-lam/chuyen-vien-facebook-ads-bat-dong-san-yeu-cau-kinh-nghiem-ads-bds-phong-van-ngay-co-the-di-lam-sau-tet-thu-nhap-len-den-20m-30m/1015666.html?ta_source=JobSearchList_LinkDetail&u_sr_id=mKv8O6Hf5FGkBBUPt2wTfYDnA7wZaVSlp7VJMENj_1736734454
[2025-01-13T02:14:17.648+0000] {logging_mixin.py:190} INFO - https://www.topcv.vn/viec-lam/chuyen-vien-kinh-doanh-logistics-thu-nhap-15-den-25-trieu/1581633.html?ta_source=JobSearchList_LinkDetail&u_sr_id=mKv8O6Hf5FGkBBUPt2wTfYDnA7wZaVSlp7VJMENj_1736734454
[2025-01-13T02:14:17.649+0000] {logging_mixin.py:190} INFO - https://www.topcv.vn/viec-lam/nhan-vien-nhac-phi-tai-vinh-phuc/1581388.html?ta_source=JobSearchList_LinkDetail&u_sr_id=mKv8O6Hf5FGkBBUPt2wTfYDnA7wZaVSlp7VJMENj_1736734454
[2025-01-13T02:14:17.649+0000] {logging_mixin.py:190} INFO - https://www.topcv.vn/viec-lam/nhan-vien-kinh-doanh-sale-bat-dong-san-thu-nhap-10-70-trieu-khong-dat-kpi-van-duoc-nhan-luong-cung/1581579.html?ta_source=JobSearchList_LinkDetail&u_sr_id=mKv8O6Hf5FGkBBUPt2wTfYDnA7wZaVSlp7VJMENj_1736734454
[2025-01-13T02:14:17.650+0000] {logging_mixin.py:190} INFO - https://www.topcv.vn/viec-lam/chuyen-gia-cong-nghe-scrum-master-upto-4000/1415989.html?ta_source=JobSearchList_LinkDetail&u_sr_id=mKv8O6Hf5FGkBBUPt2wTfYDnA7wZaVSlp7VJMENj_1736734454
[2025-01-13T02:14:17.650+0000] {logging_mixin.py:190} INFO - https://www.topcv.vn/viec-lam/content-creator-chung-khoan-upto-25m/1400529.html?ta_source=JobSearchList_LinkDetail&u_sr_id=mKv8O6Hf5FGkBBUPt2wTfYDnA7wZaVSlp7VJMENj_1736734454
[2025-01-13T02:14:17.651+0000] {logging_mixin.py:190} INFO - https://www.topcv.vn/viec-lam/devops-engineer/1534428.html?ta_source=JobSearchList_LinkDetail&u_sr_id=mKv8O6Hf5FGkBBUPt2wTfYDnA7wZaVSlp7VJMENj_1736734454
[2025-01-13T02:14:17.652+0000] {logging_mixin.py:190} INFO - https://www.topcv.vn/viec-lam/nhan-vien-thu-hoi-no-qua-dien-thoai-hcm-tai-ho-chi-minh-thu-nhap-6-40-trieu/998238.html?ta_source=JobSearchList_LinkDetail&u_sr_id=mKv8O6Hf5FGkBBUPt2wTfYDnA7wZaVSlp7VJMENj_1736734454
[2025-01-13T02:14:17.653+0000] {logging_mixin.py:190} INFO - https://www.topcv.vn/viec-lam/giam-doc-quan-ly-khach-hang-quan-ly-khach-hang-cao-cap-ho-chi-minh/1580702.html?ta_source=JobSearchList_LinkDetail&u_sr_id=mKv8O6Hf5FGkBBUPt2wTfYDnA7wZaVSlp7VJMENj_1736734454
[2025-01-13T02:14:17.653+0000] {logging_mixin.py:190} INFO - https://www.topcv.vn/viec-lam/truong-nhom-chung-tu-giao-nhan-hai-quan/1581594.html?ta_source=JobSearchList_LinkDetail&u_sr_id=mKv8O6Hf5FGkBBUPt2wTfYDnA7wZaVSlp7VJMENj_1736734454
[2025-01-13T02:14:17.654+0000] {logging_mixin.py:190} INFO - https://www.topcv.vn/viec-lam/ke-toan-tong-hop-cong-ty-san-xuat-tai-ha-noi-luong-tu-12-18-trieu-thang/1581589.html?ta_source=JobSearchList_LinkDetail&u_sr_id=mKv8O6Hf5FGkBBUPt2wTfYDnA7wZaVSlp7VJMENj_1736734454
[2025-01-13T02:14:17.704+0000] {logging_mixin.py:190} INFO - https://www.topcv.vn/viec-lam/ky-thuat-vien-spa-thu-nhap-10-15-trieu/1581136.html?ta_source=JobSearchList_LinkDetail&u_sr_id=mKv8O6Hf5FGkBBUPt2wTfYDnA7wZaVSlp7VJMENj_1736734454
[2025-01-13T02:14:17.768+0000] {logging_mixin.py:190} INFO - https://www.topcv.vn/viec-lam/product-research-associate-8pm-5am-luong-13-trieu-thang/1581392.html?ta_source=JobSearchList_LinkDetail&u_sr_id=mKv8O6Hf5FGkBBUPt2wTfYDnA7wZaVSlp7VJMENj_1736734454
[2025-01-13T02:14:17.771+0000] {logging_mixin.py:190} INFO - https://www.topcv.vn/viec-lam/nhan-vien-le-tan-sale-admin-tai-quan-2-luong-tu-8-12-trieu-nganh-bat-dong-san/1578004.html?ta_source=JobSearchList_LinkDetail&u_sr_id=mKv8O6Hf5FGkBBUPt2wTfYDnA7wZaVSlp7VJMENj_1736734454
[2025-01-13T02:14:17.772+0000] {logging_mixin.py:190} INFO - https://www.topcv.vn/viec-lam/giam-doc-quan-he-khach-hang-ca-nhan-uu-tien/1581305.html?ta_source=JobSearchList_LinkDetail&u_sr_id=mKv8O6Hf5FGkBBUPt2wTfYDnA7wZaVSlp7VJMENj_1736734454
[2025-01-13T02:14:17.774+0000] {logging_mixin.py:190} INFO - https://www.topcv.vn/viec-lam/nhan-vien-ban-hang/1581598.html?ta_source=JobSearchList_LinkDetail&u_sr_id=mKv8O6Hf5FGkBBUPt2wTfYDnA7wZaVSlp7VJMENj_1736734454
[2025-01-13T02:14:17.775+0000] {logging_mixin.py:190} INFO - https://www.topcv.vn/viec-lam/tro-ly-kinh-doanh-sale-admin-kinh-nghiem-tu-1-nam-di-lam-sau-tet-thu-nhap-hap-dan/1581235.html?ta_source=JobSearchList_LinkDetail&u_sr_id=mKv8O6Hf5FGkBBUPt2wTfYDnA7wZaVSlp7VJMENj_1736734454
[2025-01-13T02:14:18.083+0000] {logging_mixin.py:190} INFO - https://www.topcv.vn/viec-lam/tu-van-vien-cham-soc-khach-hang-spa-tham-my-thu-nhap-10-25-trieu/1581130.html?ta_source=JobSearchList_LinkDetail&u_sr_id=mKv8O6Hf5FGkBBUPt2wTfYDnA7wZaVSlp7VJMENj_1736734454
[2025-01-13T02:14:18.083+0000] {logging_mixin.py:190} INFO - https://www.topcv.vn/viec-lam/quan-ly-team-marketing-quan-1-ho-chi-minh-nhan-viec-ngay/1581307.html?ta_source=JobSearchList_LinkDetail&u_sr_id=mKv8O6Hf5FGkBBUPt2wTfYDnA7wZaVSlp7VJMENj_1736734454
[2025-01-13T02:14:18.084+0000] {logging_mixin.py:190} INFO - https://www.topcv.vn/viec-lam/chuyen-vien-khach-hang-doanh-nghiep-ho-chi-minh-phu-nhuan-tan-binh-tan-phu-binh-chanh-nha-be-thu-duc/1581042.html?ta_source=JobSearchList_LinkDetail&u_sr_id=mKv8O6Hf5FGkBBUPt2wTfYDnA7wZaVSlp7VJMENj_1736734454
[2025-01-13T02:14:18.084+0000] {logging_mixin.py:190} INFO - https://www.topcv.vn/viec-lam/pho-phong-hanh-chinh-nhan-su/1581363.html?ta_source=JobSearchList_LinkDetail&u_sr_id=mKv8O6Hf5FGkBBUPt2wTfYDnA7wZaVSlp7VJMENj_1736734454
[2025-01-13T02:14:18.084+0000] {logging_mixin.py:190} INFO - https://www.topcv.vn/viec-lam/chuyen-vien-tuyen-dung-thu-nhap-10-trieu-15-trieu-di-lam-ngay/1581719.html?ta_source=JobSearchList_LinkDetail&u_sr_id=mKv8O6Hf5FGkBBUPt2wTfYDnA7wZaVSlp7VJMENj_1736734454
[2025-01-13T02:14:18.085+0000] {logging_mixin.py:190} INFO - https://www.topcv.vn/viec-lam/ai-engineer/1581551.html?ta_source=JobSearchList_LinkDetail&u_sr_id=mKv8O6Hf5FGkBBUPt2wTfYDnA7wZaVSlp7VJMENj_1736734454
[2025-01-13T02:14:18.085+0000] {logging_mixin.py:190} INFO - https://www.topcv.vn/viec-lam/ke-toan-tong-hop-di-lam-sau-tet-thu-nhap-9-12-trieu-1-nam-kinh-nghiem/1581246.html?ta_source=JobSearchList_LinkDetail&u_sr_id=mKv8O6Hf5FGkBBUPt2wTfYDnA7wZaVSlp7VJMENj_1736734454
[2025-01-13T02:14:18.086+0000] {logging_mixin.py:190} INFO - https://www.topcv.vn/viec-lam/nhan-vien-ky-thuat-thu-nhap-upto-20-trieu/1581327.html?ta_source=JobSearchList_LinkDetail&u_sr_id=mKv8O6Hf5FGkBBUPt2wTfYDnA7wZaVSlp7VJMENj_1736734454
[2025-01-13T02:14:18.086+0000] {logging_mixin.py:190} INFO - https://www.topcv.vn/viec-lam/mobile-app-developer-ios-swift-dart-flutter/1581397.html?ta_source=JobSearchList_LinkDetail&u_sr_id=mKv8O6Hf5FGkBBUPt2wTfYDnA7wZaVSlp7VJMENj_1736734454
[2025-01-13T02:14:18.087+0000] {logging_mixin.py:190} INFO - https://www.topcv.vn/viec-lam/web-developer-angular-8-from-2-years-experience/1581172.html?ta_source=JobSearchList_LinkDetail&u_sr_id=mKv8O6Hf5FGkBBUPt2wTfYDnA7wZaVSlp7VJMENj_1736734454
[2025-01-13T02:14:18.145+0000] {logging_mixin.py:190} INFO - https://www.topcv.vn/viec-lam/senior-customs-specialist-dist-9-or-cu-chi/1581880.html?ta_source=JobSearchList_LinkDetail&u_sr_id=mKv8O6Hf5FGkBBUPt2wTfYDnA7wZaVSlp7VJMENj_1736734454
[2025-01-13T02:14:18.153+0000] {logging_mixin.py:190} INFO - https://www.topcv.vn/viec-lam/nhan-vien-chung-tu-xuat-nhap-khau-tan-binh-thanh-pho-ho-chi-minh-nhan-viec-ngay/1581814.html?ta_source=JobSearchList_LinkDetail&u_sr_id=mKv8O6Hf5FGkBBUPt2wTfYDnA7wZaVSlp7VJMENj_1736734454
[2025-01-13T02:14:18.153+0000] {logging_mixin.py:190} INFO - https://www.topcv.vn/viec-lam/ho-so-thau-thanh-quyet-toan-tai-ha-noi-luong-tu-10-15-trieu-thang/1581580.html?ta_source=JobSearchList_LinkDetail&u_sr_id=mKv8O6Hf5FGkBBUPt2wTfYDnA7wZaVSlp7VJMENj_1736734454
[2025-01-13T02:14:18.154+0000] {logging_mixin.py:190} INFO - https://www.topcv.vn/viec-lam/junior-fresher-quality-control-engineer-remote/1555619.html?ta_source=JobSearchList_LinkDetail&u_sr_id=mKv8O6Hf5FGkBBUPt2wTfYDnA7wZaVSlp7VJMENj_1736734454
[2025-01-13T02:14:18.154+0000] {logging_mixin.py:190} INFO - https://www.topcv.vn/viec-lam/business-analyst-senior/1535211.html?ta_source=JobSearchList_LinkDetail&u_sr_id=mKv8O6Hf5FGkBBUPt2wTfYDnA7wZaVSlp7VJMENj_1736734454
[2025-01-13T02:14:18.271+0000] {logging_mixin.py:190} INFO - https://www.topcv.vn/viec-lam/quan-ly-san-xuat/1580811.html?ta_source=JobSearchList_LinkDetail&u_sr_id=mKv8O6Hf5FGkBBUPt2wTfYDnA7wZaVSlp7VJMENj_1736734454
[2025-01-13T02:14:18.272+0000] {logging_mixin.py:190} INFO - https://www.topcv.vn/viec-lam/nhan-vien-kinh-doanh-thu-nhap-hap-dan-tai-ho-chi-minh/1580550.html?ta_source=JobSearchList_LinkDetail&u_sr_id=mKv8O6Hf5FGkBBUPt2wTfYDnA7wZaVSlp7VJMENj_1736734454
[2025-01-13T02:14:18.272+0000] {logging_mixin.py:190} INFO - https://www.topcv.vn/viec-lam/chuyen-vien-phan-tich-hang-hoa-phai-sinh-thu-nhap-upto-50-tai-go-vap/1541929.html?ta_source=JobSearchList_LinkDetail&u_sr_id=mKv8O6Hf5FGkBBUPt2wTfYDnA7wZaVSlp7VJMENj_1736734454
[2025-01-13T02:14:18.273+0000] {logging_mixin.py:190} INFO - https://www.topcv.vn/viec-lam/nhan-vien-livestream-tiktok-idol-livestream-tiktok-mang-giai-tri-yeu-cau-ngoai-hinh-thu-nhap-cao/1581027.html?ta_source=JobSearchList_LinkDetail&u_sr_id=mKv8O6Hf5FGkBBUPt2wTfYDnA7wZaVSlp7VJMENj_1736734454
[2025-01-13T02:14:18.337+0000] {logging_mixin.py:190} INFO - https://www.topcv.vn/viec-lam/customer-service-representative-dai-dien-cham-soc-khach-hang-1-year-exp/1581050.html?ta_source=JobSearchList_LinkDetail&u_sr_id=mKv8O6Hf5FGkBBUPt2wTfYDnA7wZaVSlp7VJMENj_1736734454
[2025-01-13T02:14:18.398+0000] {logging_mixin.py:190} INFO - https://www.topcv.vn/viec-lam/helpdesk-engineer-good-english/1580987.html?ta_source=JobSearchList_LinkDetail&u_sr_id=mKv8O6Hf5FGkBBUPt2wTfYDnA7wZaVSlp7VJMENj_1736734454
[2025-01-13T02:14:18.399+0000] {logging_mixin.py:190} INFO - https://www.topcv.vn/viec-lam/chuyen-vien-hanh-chinh-le-tan/1580545.html?ta_source=JobSearchList_LinkDetail&u_sr_id=mKv8O6Hf5FGkBBUPt2wTfYDnA7wZaVSlp7VJMENj_1736734454
[2025-01-13T02:14:18.399+0000] {logging_mixin.py:190} INFO - https://www.topcv.vn/viec-lam/nhan-vien-ban-hang-thoi-trang-lotte-lieu-giai-ha-noi-thu-nhap-len-den-10tr-thang/1580609.html?ta_source=JobSearchList_LinkDetail&u_sr_id=mKv8O6Hf5FGkBBUPt2wTfYDnA7wZaVSlp7VJMENj_1736734454
[2025-01-13T02:14:18.399+0000] {logging_mixin.py:190} INFO - https://www.topcv.vn/viec-lam/nhan-vien-ke-toan-thue-nu-thu-nhap-11-14-trieu/1580408.html?ta_source=JobSearchList_LinkDetail&u_sr_id=mKv8O6Hf5FGkBBUPt2wTfYDnA7wZaVSlp7VJMENj_1736734454
[2025-01-13T02:14:18.400+0000] {logging_mixin.py:190} INFO - https://www.topcv.vn/viec-lam/giam-sat-xay-dung-luong-tu-12-den-15-trieu/1579931.html?ta_source=JobSearchList_LinkDetail&u_sr_id=mKv8O6Hf5FGkBBUPt2wTfYDnA7wZaVSlp7VJMENj_1736734454
[2025-01-13T02:14:18.400+0000] {logging_mixin.py:190} INFO - URLs successfully saved to /tmp/extracted_urls.txt
[2025-01-13T02:14:18.401+0000] {python.py:240} INFO - Done. Returned value was: None
[2025-01-13T02:14:18.578+0000] {taskinstance.py:340} INFO - ::group::Post task execution logs
[2025-01-13T02:14:18.632+0000] {taskinstance.py:352} INFO - Marking task as SUCCESS. dag_id=topcv_scraper, task_id=scrape_urls, run_id=manual__2025-01-13T02:10:49.382707+00:00, execution_date=20250113T021049, start_date=20250113T021344, end_date=20250113T021418
[2025-01-13T02:14:20.103+0000] {local_task_job_runner.py:266} INFO - Task exited with return code 0
[2025-01-13T02:14:20.654+0000] {taskinstance.py:3895} INFO - 1 downstream tasks scheduled from follow-on schedule check
[2025-01-13T02:14:21.323+0000] {local_task_job_runner.py:245} INFO - ::endgroup::
[2025-01-13T02:14:21.568+0000] {standard_task_runner.py:217} INFO - Process not found (most likely exited), stop collecting metrics
