[2025-01-13T12:47:50.188+0000] {local_task_job_runner.py:123} INFO - ::group::Pre task execution logs
[2025-01-13T12:47:50.201+0000] {taskinstance.py:2613} INFO - Dependencies all met for dep_context=non-requeueable deps ti=<TaskInstance: topcv_scraper.download_html manual__2025-01-13T12:47:39.339254+00:00 [queued]>
[2025-01-13T12:47:50.208+0000] {taskinstance.py:2613} INFO - Dependencies all met for dep_context=requeueable deps ti=<TaskInstance: topcv_scraper.download_html manual__2025-01-13T12:47:39.339254+00:00 [queued]>
[2025-01-13T12:47:50.209+0000] {taskinstance.py:2866} INFO - Starting attempt 1 of 2
[2025-01-13T12:47:50.219+0000] {taskinstance.py:2889} INFO - Executing <Task(PythonOperator): download_html> on 2025-01-13 12:47:39.339254+00:00
[2025-01-13T12:47:50.224+0000] {warnings.py:112} WARNING - /home/***/.local/lib/python3.12/site-packages/***/task/task_runner/standard_task_runner.py:70: DeprecationWarning: This process (pid=85) is multi-threaded, use of fork() may lead to deadlocks in the child.
  pid = os.fork()

[2025-01-13T12:47:50.225+0000] {standard_task_runner.py:72} INFO - Started process 86 to run task
[2025-01-13T12:47:50.226+0000] {standard_task_runner.py:104} INFO - Running: ['***', 'tasks', 'run', 'topcv_scraper', 'download_html', 'manual__2025-01-13T12:47:39.339254+00:00', '--job-id', '20', '--raw', '--subdir', 'DAGS_FOLDER/crawl_data.py', '--cfg-path', '/tmp/tmpshl1nhev']
[2025-01-13T12:47:50.228+0000] {standard_task_runner.py:105} INFO - Job 20: Subtask download_html
[2025-01-13T12:47:50.268+0000] {task_command.py:467} INFO - Running <TaskInstance: topcv_scraper.download_html manual__2025-01-13T12:47:39.339254+00:00 [running]> on host 36be2714b046
[2025-01-13T12:47:50.508+0000] {taskinstance.py:3132} INFO - Exporting env vars: AIRFLOW_CTX_DAG_OWNER='***' AIRFLOW_CTX_DAG_ID='topcv_scraper' AIRFLOW_CTX_TASK_ID='download_html' AIRFLOW_CTX_EXECUTION_DATE='2025-01-13T12:47:39.339254+00:00' AIRFLOW_CTX_TRY_NUMBER='1' AIRFLOW_CTX_DAG_RUN_ID='manual__2025-01-13T12:47:39.339254+00:00'
[2025-01-13T12:47:50.510+0000] {taskinstance.py:731} INFO - ::endgroup::
[2025-01-13T12:47:57.106+0000] {logging_mixin.py:190} INFO - Successfully retrieved and saved HTML for: https://www.topcv.vn/viec-lam/nhan-vien-tu-van-ban-hang-qua-dien-thoai-telesales-cham-soc-khach-hang-data-san-thu-viec-100-luong-fulltime-quan-12/1583957.html?ta_source=JobSearchList_LinkDetail&u_sr_id=UjW4oaQRYuwnxTBTqJzXEBuvhvvUAmYvEAg5YS8v_1736772467
[2025-01-13T12:48:10.566+0000] {logging_mixin.py:190} INFO - Successfully retrieved and saved HTML for: https://www.topcv.vn/viec-lam/chuyen-vien-tu-van-tham-my-thu-nhap-tu-15tr-30tr-thang/1391152.html?ta_source=JobSearchList_LinkDetail&u_sr_id=UjW4oaQRYuwnxTBTqJzXEBuvhvvUAmYvEAg5YS8v_1736772467
[2025-01-13T12:48:23.750+0000] {logging_mixin.py:190} INFO - Successfully retrieved and saved HTML for: https://www.topcv.vn/viec-lam/lap-trinh-vien-php-senior/1299695.html?ta_source=JobSearchList_LinkDetail&u_sr_id=UjW4oaQRYuwnxTBTqJzXEBuvhvvUAmYvEAg5YS8v_1736772467
[2025-01-13T12:48:35.526+0000] {logging_mixin.py:190} INFO - Successfully retrieved and saved HTML for: https://www.topcv.vn/viec-lam/chuyen-vien-tu-van-tong-dai-call-center-tu-van-chot-don-telesales-data-hotlead-kinh-nghiem-tu-3-thang-tro-len-nhan-viec-sau-tet/1583849.html?ta_source=JobSearchList_LinkDetail&u_sr_id=UjW4oaQRYuwnxTBTqJzXEBuvhvvUAmYvEAg5YS8v_1736772467
[2025-01-13T12:48:40.913+0000] {logging_mixin.py:190} INFO - Successfully retrieved and saved HTML for: https://www.topcv.vn/viec-lam/chuyen-vien-quan-he-khach-hang-ca-nhan-toan-quoc-yeu-cau-tren-1-nam-kinh-nghiem-tin-dung/1583837.html?ta_source=JobSearchList_LinkDetail&u_sr_id=UjW4oaQRYuwnxTBTqJzXEBuvhvvUAmYvEAg5YS8v_1736772467
[2025-01-13T12:48:47.626+0000] {logging_mixin.py:190} INFO - Successfully retrieved and saved HTML for: https://www.topcv.vn/viec-lam/chuyen-vien-quan-he-khach-hang-doanh-nghiep-toan-quoc-luong-kinh-doanh-hap-dan/1583810.html?ta_source=JobSearchList_LinkDetail&u_sr_id=UjW4oaQRYuwnxTBTqJzXEBuvhvvUAmYvEAg5YS8v_1736772467
[2025-01-13T12:49:01.751+0000] {logging_mixin.py:190} INFO - Successfully retrieved and saved HTML for: https://www.topcv.vn/viec-lam/nhan-vien-kinh-doanh-tu-van-nganh-nong-san-luong-12-18-trieu-ho-chi-minh/1583817.html?ta_source=JobSearchList_LinkDetail&u_sr_id=UjW4oaQRYuwnxTBTqJzXEBuvhvvUAmYvEAg5YS8v_1736772467
[2025-01-13T12:49:10.492+0000] {logging_mixin.py:190} INFO - Successfully retrieved and saved HTML for: https://www.topcv.vn/viec-lam/cong-tac-vien-tu-van-tuyen-dung/1583728.html?ta_source=JobSearchList_LinkDetail&u_sr_id=UjW4oaQRYuwnxTBTqJzXEBuvhvvUAmYvEAg5YS8v_1736772467
[2025-01-13T12:49:19.047+0000] {logging_mixin.py:190} INFO - Successfully retrieved and saved HTML for: https://www.topcv.vn/viec-lam/cua-hang-truong-shop-manager-thu-nhap-tu-12-16-trieu-thao-dien-tu-1-nam-kinh-nghiem/1388928.html?ta_source=JobSearchList_LinkDetail&u_sr_id=UjW4oaQRYuwnxTBTqJzXEBuvhvvUAmYvEAg5YS8v_1736772467
[2025-01-13T12:49:27.570+0000] {logging_mixin.py:190} INFO - Successfully retrieved and saved HTML for: https://www.topcv.vn/viec-lam/phu-trach-hanh-chinh-nhan-su-nam-tu-liem-ha-noi-luong-co-ban-upto-15tr-toi-thieu-3-nam-kinh-nghiem/1583738.html?ta_source=JobSearchList_LinkDetail&u_sr_id=UjW4oaQRYuwnxTBTqJzXEBuvhvvUAmYvEAg5YS8v_1736772467
[2025-01-13T12:49:42.442+0000] {logging_mixin.py:190} INFO - Successfully retrieved and saved HTML for: https://www.topcv.vn/viec-lam/ke-toan-noi-bo-nam-tu-liem-ha-noi-luong-co-ban-upto-20tr-toi-thieu-3-nam-kinh-nghiem/1583723.html?ta_source=JobSearchList_LinkDetail&u_sr_id=UjW4oaQRYuwnxTBTqJzXEBuvhvvUAmYvEAg5YS8v_1736772467
[2025-01-13T12:49:53.773+0000] {logging_mixin.py:190} INFO - Successfully retrieved and saved HTML for: https://www.topcv.vn/viec-lam/nhan-vien-ke-hoach-san-xuat/1583696.html?ta_source=JobSearchList_LinkDetail&u_sr_id=UjW4oaQRYuwnxTBTqJzXEBuvhvvUAmYvEAg5YS8v_1736772467
[2025-01-13T12:49:59.791+0000] {logging_mixin.py:190} INFO - Successfully retrieved and saved HTML for: https://www.topcv.vn/viec-lam/chuyen-vien-kinh-doanh-nam-tu-liem-ha-noi-thu-nhap-upto-40tr-toi-thieu-3-nam-kinh-nghiem-di-lam-ngay/1583669.html?ta_source=JobSearchList_LinkDetail&u_sr_id=UjW4oaQRYuwnxTBTqJzXEBuvhvvUAmYvEAg5YS8v_1736772467
[2025-01-13T12:50:14.032+0000] {logging_mixin.py:190} INFO - Successfully retrieved and saved HTML for: https://www.topcv.vn/viec-lam/nhan-vien-kinh-doanh-tu-van-thu-nhap-hap-dan-ha-dong-ha-noi/1583649.html?ta_source=JobSearchList_LinkDetail&u_sr_id=UjW4oaQRYuwnxTBTqJzXEBuvhvvUAmYvEAg5YS8v_1736772467
[2025-01-13T12:50:23.635+0000] {logging_mixin.py:190} INFO - Successfully retrieved and saved HTML for: https://www.topcv.vn/viec-lam/chuyen-vien-kinh-doanh-tu-van-tai-chinh-thu-nhap-tu-16-25-trieu-thang/1583648.html?ta_source=JobSearchList_LinkDetail&u_sr_id=UjW4oaQRYuwnxTBTqJzXEBuvhvvUAmYvEAg5YS8v_1736772467
[2025-01-13T12:50:36.757+0000] {logging_mixin.py:190} INFO - Successfully retrieved and saved HTML for: https://www.topcv.vn/viec-lam/ky-su-xay-dung-qs-thu-nhap-16-20-trieu-di-lam-ngay-tai-hai-duong/1583646.html?ta_source=JobSearchList_LinkDetail&u_sr_id=UjW4oaQRYuwnxTBTqJzXEBuvhvvUAmYvEAg5YS8v_1736772467
[2025-01-13T12:50:51.616+0000] {logging_mixin.py:190} INFO - Successfully retrieved and saved HTML for: https://www.topcv.vn/viec-lam/chuyen-vien-tu-van-bao-hiem-du-an-tpbank-x-sun-life-viet-nam-toan-quoc/1495474.html?ta_source=JobSearchList_LinkDetail&u_sr_id=UjW4oaQRYuwnxTBTqJzXEBuvhvvUAmYvEAg5YS8v_1736772467
[2025-01-13T12:51:05.794+0000] {logging_mixin.py:190} INFO - Successfully retrieved and saved HTML for: https://www.topcv.vn/viec-lam/nhan-vien-tu-van-nu-thu-nhap-cao-uu-tien-biet-tieng-anh-hoac-tieng-han-giao-tiep-lam-viec-tai-quan-1/1583604.html?ta_source=JobSearchList_LinkDetail&u_sr_id=UjW4oaQRYuwnxTBTqJzXEBuvhvvUAmYvEAg5YS8v_1736772467
[2025-01-13T12:51:11.236+0000] {logging_mixin.py:190} INFO - Successfully retrieved and saved HTML for: https://www.topcv.vn/viec-lam/business-development-chuyen-vien-phat-trien-dai-ly/1560363.html?ta_source=JobSearchList_LinkDetail&u_sr_id=UjW4oaQRYuwnxTBTqJzXEBuvhvvUAmYvEAg5YS8v_1736772467
[2025-01-13T12:51:23.327+0000] {logging_mixin.py:190} INFO - Successfully retrieved and saved HTML for: https://www.topcv.vn/viec-lam/truong-phong-kinh-doanh-cung-ung-lao-dong/1343466.html?ta_source=JobSearchList_LinkDetail&u_sr_id=UjW4oaQRYuwnxTBTqJzXEBuvhvvUAmYvEAg5YS8v_1736772467
[2025-01-13T12:51:35.974+0000] {logging_mixin.py:190} INFO - Successfully retrieved and saved HTML for: https://www.topcv.vn/viec-lam/truong-nhom-tong-dai-tu-van-telesale-call-leader/1583375.html?ta_source=JobSearchList_LinkDetail&u_sr_id=UjW4oaQRYuwnxTBTqJzXEBuvhvvUAmYvEAg5YS8v_1736772467
[2025-01-13T12:51:51.325+0000] {logging_mixin.py:190} INFO - Successfully retrieved and saved HTML for: https://www.topcv.vn/viec-lam/digital-marketing-specialist-performance-marketing-global-ecom-2000-thang/1583383.html?ta_source=JobSearchList_LinkDetail&u_sr_id=UjW4oaQRYuwnxTBTqJzXEBuvhvvUAmYvEAg5YS8v_1736772467
[2025-01-13T12:51:58.322+0000] {logging_mixin.py:190} INFO - Successfully retrieved and saved HTML for: https://www.topcv.vn/viec-lam/nhan-vien-sale-thuc-pham/1535305.html?ta_source=JobSearchList_LinkDetail&u_sr_id=UjW4oaQRYuwnxTBTqJzXEBuvhvvUAmYvEAg5YS8v_1736772467
[2025-01-13T12:52:07.278+0000] {logging_mixin.py:190} INFO - Successfully retrieved and saved HTML for: https://www.topcv.vn/viec-lam/giam-doc-nha-may-san-xuat/1583339.html?ta_source=JobSearchList_LinkDetail&u_sr_id=UjW4oaQRYuwnxTBTqJzXEBuvhvvUAmYvEAg5YS8v_1736772467
[2025-01-13T12:52:19.811+0000] {logging_mixin.py:190} INFO - Successfully retrieved and saved HTML for: https://www.topcv.vn/viec-lam/giam-doc-kinh-doanh/1583300.html?ta_source=JobSearchList_LinkDetail&u_sr_id=UjW4oaQRYuwnxTBTqJzXEBuvhvvUAmYvEAg5YS8v_1736772467
[2025-01-13T12:52:33.747+0000] {logging_mixin.py:190} INFO - Successfully retrieved and saved HTML for: https://www.topcv.vn/viec-lam/ke-toan-truong/1583288.html?ta_source=JobSearchList_LinkDetail&u_sr_id=UjW4oaQRYuwnxTBTqJzXEBuvhvvUAmYvEAg5YS8v_1736772467
[2025-01-13T12:52:44.535+0000] {logging_mixin.py:190} INFO - Successfully retrieved and saved HTML for: https://www.topcv.vn/brand/goldsunfocusmedia/tuyen-dung/chuyen-vien-phap-che-tieng-trung-hoac-tieng-anh-j1583103.html?ta_source=JobSearchList_LinkDetail&u_sr_id=UjW4oaQRYuwnxTBTqJzXEBuvhvvUAmYvEAg5YS8v_1736772467
[2025-01-13T12:52:50.041+0000] {logging_mixin.py:190} INFO - Successfully retrieved and saved HTML for: https://www.topcv.vn/viec-lam/cong-tac-vien-xu-ly-don-hang/1571432.html?ta_source=JobSearchList_LinkDetail&u_sr_id=UjW4oaQRYuwnxTBTqJzXEBuvhvvUAmYvEAg5YS8v_1736772467
[2025-01-13T12:52:55.465+0000] {logging_mixin.py:190} INFO - Successfully retrieved and saved HTML for: https://www.topcv.vn/viec-lam/giao-vien-bo-mon-dia-li/1583272.html?ta_source=JobSearchList_LinkDetail&u_sr_id=UjW4oaQRYuwnxTBTqJzXEBuvhvvUAmYvEAg5YS8v_1736772467
[2025-01-13T12:53:06.410+0000] {logging_mixin.py:190} INFO - Successfully retrieved and saved HTML for: https://www.topcv.vn/viec-lam/marketing-executive/1583191.html?ta_source=JobSearchList_LinkDetail&u_sr_id=UjW4oaQRYuwnxTBTqJzXEBuvhvvUAmYvEAg5YS8v_1736772467
[2025-01-13T12:53:12.532+0000] {logging_mixin.py:190} INFO - Successfully retrieved and saved HTML for: https://www.topcv.vn/viec-lam/ky-su-me-khoi-du-an-thu-nhap-hap-dan/1583036.html?ta_source=JobSearchList_LinkDetail&u_sr_id=UjW4oaQRYuwnxTBTqJzXEBuvhvvUAmYvEAg5YS8v_1736772467
[2025-01-13T12:53:26.877+0000] {logging_mixin.py:190} INFO - Successfully retrieved and saved HTML for: https://www.topcv.vn/viec-lam/nhan-vien-marketing-thu-nhap-tu-10-den-16-trieu-tai-ha-noi-di-lam-sau-tet/1582994.html?ta_source=JobSearchList_LinkDetail&u_sr_id=UjW4oaQRYuwnxTBTqJzXEBuvhvvUAmYvEAg5YS8v_1736772467
[2025-01-13T12:53:33.487+0000] {logging_mixin.py:190} INFO - Successfully retrieved and saved HTML for: https://www.topcv.vn/viec-lam/nhan-vien-tu-van-tuyen-sinh-va-cham-soc-khach-hang-tai-ha-noi-di-lam-sau-tet/1582993.html?ta_source=JobSearchList_LinkDetail&u_sr_id=UjW4oaQRYuwnxTBTqJzXEBuvhvvUAmYvEAg5YS8v_1736772467
[2025-01-13T12:53:48.270+0000] {logging_mixin.py:190} INFO - Successfully retrieved and saved HTML for: https://www.topcv.vn/viec-lam/nhan-vien-thiet-ke/1583016.html?ta_source=JobSearchList_LinkDetail&u_sr_id=UjW4oaQRYuwnxTBTqJzXEBuvhvvUAmYvEAg5YS8v_1736772467
[2025-01-13T12:53:57.562+0000] {logging_mixin.py:190} INFO - Successfully retrieved and saved HTML for: https://www.topcv.vn/viec-lam/chuyen-vien-chinh-kinh-doanh-m-payroll-tai-khoan-tra-luong-rb-msb-2y108/1582151.html?ta_source=JobSearchList_LinkDetail&u_sr_id=UjW4oaQRYuwnxTBTqJzXEBuvhvvUAmYvEAg5YS8v_1736772467
[2025-01-13T12:54:12.359+0000] {logging_mixin.py:190} INFO - Successfully retrieved and saved HTML for: https://www.topcv.vn/viec-lam/senior-healthcare-nurse-y-ta-dieu-tri-cao-cap/1580763.html?ta_source=JobSearchList_LinkDetail&u_sr_id=UjW4oaQRYuwnxTBTqJzXEBuvhvvUAmYvEAg5YS8v_1736772467
[2025-01-13T12:54:20.397+0000] {logging_mixin.py:190} INFO - Successfully retrieved and saved HTML for: https://www.topcv.vn/viec-lam/senior-sales-executive/1316953.html?ta_source=JobSearchList_LinkDetail&u_sr_id=UjW4oaQRYuwnxTBTqJzXEBuvhvvUAmYvEAg5YS8v_1736772467
[2025-01-13T12:54:32.423+0000] {logging_mixin.py:190} INFO - Successfully retrieved and saved HTML for: https://www.topcv.vn/brand/bpomatbao/tuyen-dung/nhan-vien-van-phong-fulltime-100-data-nong-thu-viec-nhan-100-luong-nhan-viec-ngay-hoac-phong-van-truoc-tet-nhan-viec-sau-tet-nhan-vien-kinh-doanh-tu-van-telesale-sale-admin-j1582562.html?ta_source=JobSearchList_LinkDetail&u_sr_id=UjW4oaQRYuwnxTBTqJzXEBuvhvvUAmYvEAg5YS8v_1736772467
[2025-01-13T12:54:40.212+0000] {logging_mixin.py:190} INFO - Successfully retrieved and saved HTML for: https://www.topcv.vn/viec-lam/truong-nhom-quan-ly-chat-luong-qa-qc/1582769.html?ta_source=JobSearchList_LinkDetail&u_sr_id=UjW4oaQRYuwnxTBTqJzXEBuvhvvUAmYvEAg5YS8v_1736772467
[2025-01-13T12:54:47.110+0000] {logging_mixin.py:190} INFO - Successfully retrieved and saved HTML for: https://www.topcv.vn/viec-lam/operations-coordinator-receptionist-shtp-district-9-hcmc/1525526.html?ta_source=JobSearchList_LinkDetail&u_sr_id=UjW4oaQRYuwnxTBTqJzXEBuvhvvUAmYvEAg5YS8v_1736772467
[2025-01-13T12:54:58.868+0000] {logging_mixin.py:190} INFO - Successfully retrieved and saved HTML for: https://www.topcv.vn/viec-lam/nhan-vien-livestream-tiktok-facebook-ve-mang-du-lich-1-nam-kinh-nghiem-thu-nhap-15-trieu/1582366.html?ta_source=JobSearchList_LinkDetail&u_sr_id=UjW4oaQRYuwnxTBTqJzXEBuvhvvUAmYvEAg5YS8v_1736772467
[2025-01-13T12:55:06.487+0000] {logging_mixin.py:190} INFO - Successfully retrieved and saved HTML for: https://www.topcv.vn/viec-lam/quan-ly-san-xuat-mang-co-khi-che-tao-tai-nhon-trach-dong-nai/1582967.html?ta_source=JobSearchList_LinkDetail&u_sr_id=UjW4oaQRYuwnxTBTqJzXEBuvhvvUAmYvEAg5YS8v_1736772467
[2025-01-13T12:55:18.370+0000] {logging_mixin.py:190} INFO - Successfully retrieved and saved HTML for: https://www.topcv.vn/viec-lam/chuyen-vien-phan-tich-mo-hinh-qlrr/1582693.html?ta_source=JobSearchList_LinkDetail&u_sr_id=UjW4oaQRYuwnxTBTqJzXEBuvhvvUAmYvEAg5YS8v_1736772467
[2025-01-13T12:55:26.704+0000] {logging_mixin.py:190} INFO - Successfully retrieved and saved HTML for: https://www.topcv.vn/viec-lam/nhan-vien-han-nguoi-tho-phu-co-khi/1582779.html?ta_source=JobSearchList_LinkDetail&u_sr_id=UjW4oaQRYuwnxTBTqJzXEBuvhvvUAmYvEAg5YS8v_1736772467
[2025-01-13T12:55:34.241+0000] {logging_mixin.py:190} INFO - Successfully retrieved and saved HTML for: https://www.topcv.vn/viec-lam/tro-ly-tong-hop-hanh-chinh-ke-toan-ban-thoi-gian-luong-thoa-thuan/1582806.html?ta_source=JobSearchList_LinkDetail&u_sr_id=UjW4oaQRYuwnxTBTqJzXEBuvhvvUAmYvEAg5YS8v_1736772467
[2025-01-13T12:55:41.723+0000] {logging_mixin.py:190} INFO - Successfully retrieved and saved HTML for: https://www.topcv.vn/brand/fecredit/tuyen-dung/nhan-vien-thu-phi-tin-dung-thi-truong-j1427976.html?ta_source=JobSearchList_LinkDetail&u_sr_id=UjW4oaQRYuwnxTBTqJzXEBuvhvvUAmYvEAg5YS8v_1736772467
[2025-01-13T12:55:54.451+0000] {logging_mixin.py:190} INFO - Successfully retrieved and saved HTML for: https://www.topcv.vn/viec-lam/giam-doc-mua-hang-quoc-te/1582853.html?ta_source=JobSearchList_LinkDetail&u_sr_id=UjW4oaQRYuwnxTBTqJzXEBuvhvvUAmYvEAg5YS8v_1736772467
[2025-01-13T12:56:01.720+0000] {logging_mixin.py:190} INFO - Successfully retrieved and saved HTML for: https://www.topcv.vn/viec-lam/nhan-vien-y-te-mam-non-tai-ho-chi-minh/1524935.html?ta_source=JobSearchList_LinkDetail&u_sr_id=UjW4oaQRYuwnxTBTqJzXEBuvhvvUAmYvEAg5YS8v_1736772467
[2025-01-13T12:56:12.841+0000] {logging_mixin.py:190} INFO - Successfully retrieved and saved HTML for: https://www.topcv.vn/viec-lam/ke-toan-vien-muc-luong-8-11-trieu/1582903.html?ta_source=JobSearchList_LinkDetail&u_sr_id=UjW4oaQRYuwnxTBTqJzXEBuvhvvUAmYvEAg5YS8v_1736772467
[2025-01-13T12:56:20.600+0000] {logging_mixin.py:190} INFO - Successfully retrieved and saved HTML for: https://www.topcv.vn/viec-lam/contact-center-correspondence-officer/1582636.html?ta_source=JobSearchList_LinkDetail&u_sr_id=UjW4oaQRYuwnxTBTqJzXEBuvhvvUAmYvEAg5YS8v_1736772467
[2025-01-13T12:56:20.601+0000] {python.py:240} INFO - Done. Returned value was: None
[2025-01-13T12:56:20.610+0000] {taskinstance.py:340} INFO - ::group::Post task execution logs
[2025-01-13T12:56:20.611+0000] {taskinstance.py:352} INFO - Marking task as SUCCESS. dag_id=topcv_scraper, task_id=download_html, run_id=manual__2025-01-13T12:47:39.339254+00:00, execution_date=20250113T124739, start_date=20250113T124750, end_date=20250113T125620
[2025-01-13T12:56:20.677+0000] {local_task_job_runner.py:266} INFO - Task exited with return code 0
[2025-01-13T12:56:20.836+0000] {taskinstance.py:3895} INFO - 1 downstream tasks scheduled from follow-on schedule check
[2025-01-13T12:56:20.838+0000] {local_task_job_runner.py:245} INFO - ::endgroup::
