[2025-01-10T18:35:43.292+0000] {local_task_job_runner.py:123} INFO - ::group::Pre task execution logs
[2025-01-10T18:35:43.310+0000] {taskinstance.py:2613} INFO - Dependencies all met for dep_context=non-requeueable deps ti=<TaskInstance: topcv_scraper.download_html manual__2025-01-10T18:34:50.585867+00:00 [queued]>
[2025-01-10T18:35:43.318+0000] {taskinstance.py:2613} INFO - Dependencies all met for dep_context=requeueable deps ti=<TaskInstance: topcv_scraper.download_html manual__2025-01-10T18:34:50.585867+00:00 [queued]>
[2025-01-10T18:35:43.319+0000] {taskinstance.py:2866} INFO - Starting attempt 1 of 2
[2025-01-10T18:35:43.335+0000] {taskinstance.py:2889} INFO - Executing <Task(PythonOperator): download_html> on 2025-01-10 18:34:50.585867+00:00
[2025-01-10T18:35:43.341+0000] {warnings.py:112} WARNING - /home/***/.local/lib/python3.12/site-packages/***/task/task_runner/standard_task_runner.py:70: DeprecationWarning: This process (pid=4249) is multi-threaded, use of fork() may lead to deadlocks in the child.
  pid = os.fork()

[2025-01-10T18:35:43.343+0000] {standard_task_runner.py:72} INFO - Started process 4250 to run task
[2025-01-10T18:35:43.343+0000] {standard_task_runner.py:104} INFO - Running: ['***', 'tasks', 'run', 'topcv_scraper', 'download_html', 'manual__2025-01-10T18:34:50.585867+00:00', '--job-id', '8', '--raw', '--subdir', 'DAGS_FOLDER/crawl_data.py', '--cfg-path', '/tmp/tmp391tlv27']
[2025-01-10T18:35:43.345+0000] {standard_task_runner.py:105} INFO - Job 8: Subtask download_html
[2025-01-10T18:35:43.393+0000] {task_command.py:467} INFO - Running <TaskInstance: topcv_scraper.download_html manual__2025-01-10T18:34:50.585867+00:00 [running]> on host 168926f0adfc
[2025-01-10T18:35:43.518+0000] {taskinstance.py:3132} INFO - Exporting env vars: AIRFLOW_CTX_DAG_OWNER='***' AIRFLOW_CTX_DAG_ID='topcv_scraper' AIRFLOW_CTX_TASK_ID='download_html' AIRFLOW_CTX_EXECUTION_DATE='2025-01-10T18:34:50.585867+00:00' AIRFLOW_CTX_TRY_NUMBER='1' AIRFLOW_CTX_DAG_RUN_ID='manual__2025-01-10T18:34:50.585867+00:00'
[2025-01-10T18:35:43.522+0000] {taskinstance.py:731} INFO - ::endgroup::
[2025-01-10T18:35:54.928+0000] {logging_mixin.py:190} INFO - Successfully retrieved and saved HTML for: https://www.topcv.vn/viec-lam/nhan-vien-van-phong-nhap-lieu-data-entry-thu-nhap-7-trieu-thang-tai-hn-hcm/1308266.html?ta_source=JobSearchList_LinkDetail&u_sr_id=FuQL26J1xSjGYmjMUerIrLcb8SipKlWM8QEYRfhw_1736534096
[2025-01-10T18:36:06.141+0000] {logging_mixin.py:190} INFO - Successfully retrieved and saved HTML for: https://www.topcv.vn/viec-lam/ke-toan-vien-muc-luong-8-11-trieu/1582903.html?ta_source=JobSearchList_LinkDetail&u_sr_id=FuQL26J1xSjGYmjMUerIrLcb8SipKlWM8QEYRfhw_1736534096
[2025-01-10T18:36:20.980+0000] {logging_mixin.py:190} INFO - Successfully retrieved and saved HTML for: https://www.topcv.vn/viec-lam/giao-vien-am-nhac-parttime-khoi-tieu-hoc/1582593.html?ta_source=JobSearchList_LinkDetail&u_sr_id=FuQL26J1xSjGYmjMUerIrLcb8SipKlWM8QEYRfhw_1736534096
[2025-01-10T18:36:35.425+0000] {logging_mixin.py:190} INFO - Successfully retrieved and saved HTML for: https://www.topcv.vn/viec-lam/nhan-vien-han-nguoi-tho-phu-co-khi/1582779.html?ta_source=JobSearchList_LinkDetail&u_sr_id=FuQL26J1xSjGYmjMUerIrLcb8SipKlWM8QEYRfhw_1736534096
[2025-01-10T18:36:49.153+0000] {logging_mixin.py:190} INFO - Successfully retrieved and saved HTML for: https://www.topcv.vn/viec-lam/truong-nhom-quan-ly-chat-luong-qa-qc/1582769.html?ta_source=JobSearchList_LinkDetail&u_sr_id=FuQL26J1xSjGYmjMUerIrLcb8SipKlWM8QEYRfhw_1736534096
[2025-01-10T18:37:04.114+0000] {logging_mixin.py:190} INFO - Successfully retrieved and saved HTML for: https://www.topcv.vn/viec-lam/nhan-vien-kinh-doanh-tieng-anh-tieng-trung/1581286.html?ta_source=JobSearchList_LinkDetail&u_sr_id=FuQL26J1xSjGYmjMUerIrLcb8SipKlWM8QEYRfhw_1736534096
[2025-01-10T18:37:16.845+0000] {logging_mixin.py:190} INFO - Successfully retrieved and saved HTML for: https://www.topcv.vn/viec-lam/nhan-vien-sales-online-ho-tro-don-hang-data-co-san-thu-nhap-len-den-20-trieu-quan-12/1582458.html?ta_source=JobSearchList_LinkDetail&u_sr_id=FuQL26J1xSjGYmjMUerIrLcb8SipKlWM8QEYRfhw_1736534096
[2025-01-10T18:37:31.612+0000] {logging_mixin.py:190} INFO - Successfully retrieved and saved HTML for: https://www.topcv.vn/viec-lam/giao-vien-mam-non-tai-ho-chi-minh-va-ha-noi/1576716.html?ta_source=JobSearchList_LinkDetail&u_sr_id=FuQL26J1xSjGYmjMUerIrLcb8SipKlWM8QEYRfhw_1736534096
[2025-01-10T18:37:47.287+0000] {logging_mixin.py:190} INFO - Successfully retrieved and saved HTML for: https://www.topcv.vn/viec-lam/nhan-vien-y-te-mam-non-tai-ho-chi-minh/1524935.html?ta_source=JobSearchList_LinkDetail&u_sr_id=FuQL26J1xSjGYmjMUerIrLcb8SipKlWM8QEYRfhw_1736534096
[2025-01-10T18:37:54.947+0000] {logging_mixin.py:190} INFO - Successfully retrieved and saved HTML for: https://www.topcv.vn/viec-lam/contact-center-follow-up-officer/1582625.html?ta_source=JobSearchList_LinkDetail&u_sr_id=FuQL26J1xSjGYmjMUerIrLcb8SipKlWM8QEYRfhw_1736534096
[2025-01-10T18:38:06.768+0000] {logging_mixin.py:190} INFO - Successfully retrieved and saved HTML for: https://www.topcv.vn/viec-lam/contact-center-correspondence-officer/1582636.html?ta_source=JobSearchList_LinkDetail&u_sr_id=FuQL26J1xSjGYmjMUerIrLcb8SipKlWM8QEYRfhw_1736534096
[2025-01-10T18:38:15.412+0000] {logging_mixin.py:190} INFO - Successfully retrieved and saved HTML for: https://www.topcv.vn/viec-lam/chuyen-vien-phan-tich-mo-hinh-qlrr/1582693.html?ta_source=JobSearchList_LinkDetail&u_sr_id=FuQL26J1xSjGYmjMUerIrLcb8SipKlWM8QEYRfhw_1736534096
[2025-01-10T18:38:26.671+0000] {logging_mixin.py:190} INFO - Successfully retrieved and saved HTML for: https://www.topcv.vn/viec-lam/chuyen-vien-quan-he-khach-hang-fdi-tieng-trung-tieng-han/1523027.html?ta_source=JobSearchList_LinkDetail&u_sr_id=FuQL26J1xSjGYmjMUerIrLcb8SipKlWM8QEYRfhw_1736534096
[2025-01-10T18:38:33.888+0000] {logging_mixin.py:190} INFO - Successfully retrieved and saved HTML for: https://www.topcv.vn/viec-lam/nhan-vien-ban-hang-tai-cua-hang-tai-ho-chi-minh-ha-noi/1482186.html?ta_source=JobSearchList_LinkDetail&u_sr_id=FuQL26J1xSjGYmjMUerIrLcb8SipKlWM8QEYRfhw_1736534096
[2025-01-10T18:38:46.124+0000] {logging_mixin.py:190} INFO - Rate limit reached for https://www.topcv.vn/viec-lam/nhan-vien-kinh-doanh-mang-can-ho-thu-nhap-tu-7-50-trieu-khong-yeu-cau-kinh-nghiem/1463269.html?ta_source=JobSearchList_LinkDetail&u_sr_id=FuQL26J1xSjGYmjMUerIrLcb8SipKlWM8QEYRfhw_1736534096. Retrying after 30 seconds...
[2025-01-10T18:39:16.412+0000] {logging_mixin.py:190} INFO - Rate limit reached for https://www.topcv.vn/viec-lam/nhan-vien-kinh-doanh-mang-can-ho-thu-nhap-tu-7-50-trieu-khong-yeu-cau-kinh-nghiem/1463269.html?ta_source=JobSearchList_LinkDetail&u_sr_id=FuQL26J1xSjGYmjMUerIrLcb8SipKlWM8QEYRfhw_1736534096. Retrying after 30 seconds...
[2025-01-10T18:39:46.624+0000] {logging_mixin.py:190} INFO - Rate limit reached for https://www.topcv.vn/viec-lam/nhan-vien-kinh-doanh-mang-can-ho-thu-nhap-tu-7-50-trieu-khong-yeu-cau-kinh-nghiem/1463269.html?ta_source=JobSearchList_LinkDetail&u_sr_id=FuQL26J1xSjGYmjMUerIrLcb8SipKlWM8QEYRfhw_1736534096. Retrying after 30 seconds...
[2025-01-10T18:40:16.623+0000] {logging_mixin.py:190} INFO - Max retries exceeded for https://www.topcv.vn/viec-lam/nhan-vien-kinh-doanh-mang-can-ho-thu-nhap-tu-7-50-trieu-khong-yeu-cau-kinh-nghiem/1463269.html?ta_source=JobSearchList_LinkDetail&u_sr_id=FuQL26J1xSjGYmjMUerIrLcb8SipKlWM8QEYRfhw_1736534096. Skipping.
[2025-01-10T18:40:23.489+0000] {logging_mixin.py:190} INFO - Successfully retrieved and saved HTML for: https://www.topcv.vn/viec-lam/chuyen-vien-tu-van-du-hoc-sales-du-hoc-thu-nhap-10-20-trieu-luong-cung-cao-nhan-viec-ngay/1582607.html?ta_source=JobSearchList_LinkDetail&u_sr_id=FuQL26J1xSjGYmjMUerIrLcb8SipKlWM8QEYRfhw_1736534096
[2025-01-10T18:40:33.381+0000] {logging_mixin.py:190} INFO - Successfully retrieved and saved HTML for: https://www.topcv.vn/viec-lam/ky-su-xay-dung-qs-qc-khoi-du-an-ho-tro-chi-phi-an-o/1582578.html?ta_source=JobSearchList_LinkDetail&u_sr_id=FuQL26J1xSjGYmjMUerIrLcb8SipKlWM8QEYRfhw_1736534096
[2025-01-10T18:40:46.520+0000] {logging_mixin.py:190} INFO - Rate limit reached for https://www.topcv.vn/viec-lam/phien-dich-du-an-tieng-trung-thu-nhap-hap-dan/1582569.html?ta_source=JobSearchList_LinkDetail&u_sr_id=FuQL26J1xSjGYmjMUerIrLcb8SipKlWM8QEYRfhw_1736534096. Retrying after 30 seconds...
