[2025-01-13T02:14:26.153+0000] {local_task_job_runner.py:123} INFO - ::group::Pre task execution logs
[2025-01-13T02:14:26.217+0000] {taskinstance.py:2613} INFO - Dependencies all met for dep_context=non-requeueable deps ti=<TaskInstance: topcv_scraper.download_html manual__2025-01-13T02:10:49.382707+00:00 [queued]>
[2025-01-13T02:14:26.223+0000] {taskinstance.py:2613} INFO - Dependencies all met for dep_context=requeueable deps ti=<TaskInstance: topcv_scraper.download_html manual__2025-01-13T02:10:49.382707+00:00 [queued]>
[2025-01-13T02:14:26.224+0000] {taskinstance.py:2866} INFO - Starting attempt 1 of 2
[2025-01-13T02:14:26.406+0000] {taskinstance.py:2889} INFO - Executing <Task(PythonOperator): download_html> on 2025-01-13 02:10:49.382707+00:00
[2025-01-13T02:14:26.420+0000] {warnings.py:112} WARNING - /home/***/.local/lib/python3.12/site-packages/***/task/task_runner/standard_task_runner.py:70: DeprecationWarning: This process (pid=119) is multi-threaded, use of fork() may lead to deadlocks in the child.
  pid = os.fork()

[2025-01-13T02:14:26.431+0000] {standard_task_runner.py:72} INFO - Started process 127 to run task
[2025-01-13T02:14:26.434+0000] {standard_task_runner.py:104} INFO - Running: ['***', 'tasks', 'run', 'topcv_scraper', 'download_html', 'manual__2025-01-13T02:10:49.382707+00:00', '--job-id', '15', '--raw', '--subdir', 'DAGS_FOLDER/crawl_data.py', '--cfg-path', '/tmp/tmpq_1qkaz7']
[2025-01-13T02:14:26.473+0000] {standard_task_runner.py:105} INFO - Job 15: Subtask download_html
[2025-01-13T02:14:26.970+0000] {task_command.py:467} INFO - Running <TaskInstance: topcv_scraper.download_html manual__2025-01-13T02:10:49.382707+00:00 [running]> on host 91a339479d94
[2025-01-13T02:14:28.303+0000] {taskinstance.py:3132} INFO - Exporting env vars: AIRFLOW_CTX_DAG_OWNER='***' AIRFLOW_CTX_DAG_ID='topcv_scraper' AIRFLOW_CTX_TASK_ID='download_html' AIRFLOW_CTX_EXECUTION_DATE='2025-01-13T02:10:49.382707+00:00' AIRFLOW_CTX_TRY_NUMBER='1' AIRFLOW_CTX_DAG_RUN_ID='manual__2025-01-13T02:10:49.382707+00:00'
[2025-01-13T02:14:28.376+0000] {taskinstance.py:731} INFO - ::endgroup::
[2025-01-13T02:14:37.825+0000] {logging_mixin.py:190} INFO - Successfully retrieved and saved HTML for: https://www.topcv.vn/brand/goldsunfocusmedia/tuyen-dung/chuyen-vien-phap-che-tieng-trung-hoac-tieng-anh-j1583103.html?ta_source=JobSearchList_LinkDetail&u_sr_id=mKv8O6Hf5FGkBBUPt2wTfYDnA7wZaVSlp7VJMENj_1736734449
[2025-01-13T02:14:49.016+0000] {logging_mixin.py:190} INFO - Successfully retrieved and saved HTML for: https://www.topcv.vn/viec-lam/giao-vien-bo-mon-dia-li/1583272.html?ta_source=JobSearchList_LinkDetail&u_sr_id=mKv8O6Hf5FGkBBUPt2wTfYDnA7wZaVSlp7VJMENj_1736734449
[2025-01-13T02:14:57.462+0000] {logging_mixin.py:190} INFO - Successfully retrieved and saved HTML for: https://www.topcv.vn/viec-lam/marketing-executive/1583191.html?ta_source=JobSearchList_LinkDetail&u_sr_id=mKv8O6Hf5FGkBBUPt2wTfYDnA7wZaVSlp7VJMENj_1736734449
[2025-01-13T02:15:01.417+0000] {job.py:229} INFO - Heartbeat recovered after 11.77 seconds
[2025-01-13T02:15:05.928+0000] {logging_mixin.py:190} INFO - Successfully retrieved and saved HTML for: https://www.topcv.vn/viec-lam/nhan-vien-marketing-thu-nhap-tu-10-den-16-trieu-tai-ha-noi-di-lam-sau-tet/1582994.html?ta_source=JobSearchList_LinkDetail&u_sr_id=mKv8O6Hf5FGkBBUPt2wTfYDnA7wZaVSlp7VJMENj_1736734449
[2025-01-13T02:15:08.523+0000] {job.py:229} INFO - Heartbeat recovered after 13.23 seconds
[2025-01-13T02:15:18.751+0000] {logging_mixin.py:190} INFO - Successfully retrieved and saved HTML for: https://www.topcv.vn/viec-lam/ky-su-me-khoi-du-an-thu-nhap-hap-dan/1583036.html?ta_source=JobSearchList_LinkDetail&u_sr_id=mKv8O6Hf5FGkBBUPt2wTfYDnA7wZaVSlp7VJMENj_1736734449
[2025-01-13T02:15:18.852+0000] {job.py:229} INFO - Heartbeat recovered after 11.13 seconds
[2025-01-13T02:15:29.519+0000] {logging_mixin.py:190} INFO - Successfully retrieved and saved HTML for: https://www.topcv.vn/viec-lam/nhan-vien-tu-van-tuyen-sinh-va-cham-soc-khach-hang-tai-ha-noi-di-lam-sau-tet/1582993.html?ta_source=JobSearchList_LinkDetail&u_sr_id=mKv8O6Hf5FGkBBUPt2wTfYDnA7wZaVSlp7VJMENj_1736734449
[2025-01-13T02:15:47.110+0000] {logging_mixin.py:190} INFO - Successfully retrieved and saved HTML for: https://www.topcv.vn/viec-lam/nhan-vien-thiet-ke/1583016.html?ta_source=JobSearchList_LinkDetail&u_sr_id=mKv8O6Hf5FGkBBUPt2wTfYDnA7wZaVSlp7VJMENj_1736734449
[2025-01-13T02:16:01.964+0000] {logging_mixin.py:190} INFO - Successfully retrieved and saved HTML for: https://www.topcv.vn/viec-lam/giao-vien-am-nhac-parttime-khoi-tieu-hoc/1582593.html?ta_source=JobSearchList_LinkDetail&u_sr_id=mKv8O6Hf5FGkBBUPt2wTfYDnA7wZaVSlp7VJMENj_1736734449
[2025-01-13T02:16:18.052+0000] {logging_mixin.py:190} INFO - Successfully retrieved and saved HTML for: https://www.topcv.vn/viec-lam/nhan-vien-y-te-mam-non-tai-ho-chi-minh/1524935.html?ta_source=JobSearchList_LinkDetail&u_sr_id=mKv8O6Hf5FGkBBUPt2wTfYDnA7wZaVSlp7VJMENj_1736734449
[2025-01-13T02:16:25.993+0000] {logging_mixin.py:190} INFO - Successfully retrieved and saved HTML for: https://www.topcv.vn/brand/bpomatbao/tuyen-dung/nhan-vien-kinh-doanh-ban-hang-ho-tro-100-data-nong-nhan-viec-ngay-hoac-phong-van-truoc-tet-nhan-viec-sau-tet-thu-viec-nhan-100-luong-cung-thu-nhap-upto-25-trieu-thang-tu-van-telesale-sales-admin-j1582562.html?ta_source=JobSearchList_LinkDetail&u_sr_id=mKv8O6Hf5FGkBBUPt2wTfYDnA7wZaVSlp7VJMENj_1736734449
[2025-01-13T02:16:32.419+0000] {logging_mixin.py:190} INFO - Successfully retrieved and saved HTML for: https://www.topcv.vn/viec-lam/ke-toan-vien-muc-luong-8-11-trieu/1582903.html?ta_source=JobSearchList_LinkDetail&u_sr_id=mKv8O6Hf5FGkBBUPt2wTfYDnA7wZaVSlp7VJMENj_1736734449
[2025-01-13T02:16:46.055+0000] {logging_mixin.py:190} INFO - Successfully retrieved and saved HTML for: https://www.topcv.vn/viec-lam/giao-vien-mam-non-tai-ho-chi-minh-va-ha-noi/1576716.html?ta_source=JobSearchList_LinkDetail&u_sr_id=mKv8O6Hf5FGkBBUPt2wTfYDnA7wZaVSlp7VJMENj_1736734449
[2025-01-13T02:16:59.520+0000] {logging_mixin.py:190} INFO - Successfully retrieved and saved HTML for: https://www.topcv.vn/viec-lam/nhan-vien-sales-online-ho-tro-don-hang-data-co-san-thu-nhap-len-den-20-trieu-quan-12/1582458.html?ta_source=JobSearchList_LinkDetail&u_sr_id=mKv8O6Hf5FGkBBUPt2wTfYDnA7wZaVSlp7VJMENj_1736734449
[2025-01-13T02:17:12.495+0000] {logging_mixin.py:190} INFO - Successfully retrieved and saved HTML for: https://www.topcv.vn/viec-lam/contact-center-correspondence-officer/1582636.html?ta_source=JobSearchList_LinkDetail&u_sr_id=mKv8O6Hf5FGkBBUPt2wTfYDnA7wZaVSlp7VJMENj_1736734449
[2025-01-13T02:17:22.027+0000] {logging_mixin.py:190} INFO - Successfully retrieved and saved HTML for: https://www.topcv.vn/viec-lam/2d-artist/1582454.html?ta_source=JobSearchList_LinkDetail&u_sr_id=mKv8O6Hf5FGkBBUPt2wTfYDnA7wZaVSlp7VJMENj_1736734449
[2025-01-13T02:17:38.225+0000] {logging_mixin.py:190} INFO - Successfully retrieved and saved HTML for: https://www.topcv.vn/viec-lam/chuyen-vien-phan-tich-mo-hinh-qlrr/1582693.html?ta_source=JobSearchList_LinkDetail&u_sr_id=mKv8O6Hf5FGkBBUPt2wTfYDnA7wZaVSlp7VJMENj_1736734449
[2025-01-13T02:17:49.214+0000] {logging_mixin.py:190} INFO - Successfully retrieved and saved HTML for: https://www.topcv.vn/viec-lam/nhan-vien-kinh-doanh-tu-van-chot-don-hang-luong-co-ban-tu-7-trieu-hoa-hong-doanh-so/1582406.html?ta_source=JobSearchList_LinkDetail&u_sr_id=mKv8O6Hf5FGkBBUPt2wTfYDnA7wZaVSlp7VJMENj_1736734449
[2025-01-13T02:18:10.694+0000] {logging_mixin.py:190} INFO - Successfully retrieved and saved HTML for: https://www.topcv.vn/viec-lam/senior-sales-executive/1316953.html?ta_source=JobSearchList_LinkDetail&u_sr_id=mKv8O6Hf5FGkBBUPt2wTfYDnA7wZaVSlp7VJMENj_1736734449
[2025-01-13T02:18:21.908+0000] {logging_mixin.py:190} INFO - Successfully retrieved and saved HTML for: https://www.topcv.vn/viec-lam/nhan-vien-livestream-tiktok-facebook-ve-mang-du-lich-1-nam-kinh-nghiem-thu-nhap-15-trieu/1582366.html?ta_source=JobSearchList_LinkDetail&u_sr_id=mKv8O6Hf5FGkBBUPt2wTfYDnA7wZaVSlp7VJMENj_1736734449
[2025-01-13T02:18:35.060+0000] {logging_mixin.py:190} INFO - Successfully retrieved and saved HTML for: https://www.topcv.vn/viec-lam/chuyen-vien-quan-ly-khach-hang-chuong-trinh-the-he-but-pha-abbank-s-202x-ha-noi/1582282.html?ta_source=JobSearchList_LinkDetail&u_sr_id=mKv8O6Hf5FGkBBUPt2wTfYDnA7wZaVSlp7VJMENj_1736734449
[2025-01-13T02:18:48.629+0000] {logging_mixin.py:190} INFO - Successfully retrieved and saved HTML for: https://www.topcv.vn/viec-lam/giao-dich-vien-chuong-trinh-the-he-but-pha-abbank-s-202x-ha-noi/1582306.html?ta_source=JobSearchList_LinkDetail&u_sr_id=mKv8O6Hf5FGkBBUPt2wTfYDnA7wZaVSlp7VJMENj_1736734449
[2025-01-13T02:18:57.057+0000] {logging_mixin.py:190} INFO - Successfully retrieved and saved HTML for: https://www.topcv.vn/viec-lam/chuyen-vien-quan-he-khach-hang-fdi-tieng-trung-tieng-han/1523027.html?ta_source=JobSearchList_LinkDetail&u_sr_id=mKv8O6Hf5FGkBBUPt2wTfYDnA7wZaVSlp7VJMENj_1736734449
[2025-01-13T02:19:09.086+0000] {logging_mixin.py:190} INFO - Successfully retrieved and saved HTML for: https://www.topcv.vn/viec-lam/nhan-vien-ban-hang-tai-cua-hang-tai-ho-chi-minh-ha-noi/1482186.html?ta_source=JobSearchList_LinkDetail&u_sr_id=mKv8O6Hf5FGkBBUPt2wTfYDnA7wZaVSlp7VJMENj_1736734449
[2025-01-13T02:19:33.756+0000] {logging_mixin.py:190} INFO - Successfully retrieved and saved HTML for: https://www.topcv.vn/viec-lam/ky-su-xay-dung-qs-qc-khoi-du-an-ho-tro-chi-phi-an-o/1582578.html?ta_source=JobSearchList_LinkDetail&u_sr_id=mKv8O6Hf5FGkBBUPt2wTfYDnA7wZaVSlp7VJMENj_1736734449
[2025-01-13T02:19:30.457+0000] {job.py:229} INFO - Heartbeat recovered after 20.37 seconds
[2025-01-13T02:19:42.436+0000] {job.py:229} INFO - Heartbeat recovered after 25.49 seconds
[2025-01-13T02:19:44.944+0000] {logging_mixin.py:190} INFO - Successfully retrieved and saved HTML for: https://www.topcv.vn/brand/fecredit/tuyen-dung/nhan-vien-thu-phi-tin-dung-thi-truong-j1427976.html?ta_source=JobSearchList_LinkDetail&u_sr_id=mKv8O6Hf5FGkBBUPt2wTfYDnA7wZaVSlp7VJMENj_1736734449
[2025-01-13T02:20:12.022+0000] {logging_mixin.py:190} INFO - Successfully retrieved and saved HTML for: https://www.topcv.vn/viec-lam/quan-ly-nhan-hang-brand-manager-thu-nhap-tu-20-30-trieu/1582921.html?ta_source=JobSearchList_LinkDetail&u_sr_id=mKv8O6Hf5FGkBBUPt2wTfYDnA7wZaVSlp7VJMENj_1736734449
[2025-01-13T02:20:13.469+0000] {job.py:229} INFO - Heartbeat recovered after 23.09 seconds
[2025-01-13T02:20:25.039+0000] {job.py:229} INFO - Heartbeat recovered after 12.18 seconds
[2025-01-13T02:20:25.100+0000] {logging_mixin.py:190} INFO - Successfully retrieved and saved HTML for: https://www.topcv.vn/viec-lam/tro-ly-tong-hop-hanh-chinh-ke-toan-ban-thoi-gian-luong-thoa-thuan/1582806.html?ta_source=JobSearchList_LinkDetail&u_sr_id=mKv8O6Hf5FGkBBUPt2wTfYDnA7wZaVSlp7VJMENj_1736734449
[2025-01-13T02:20:37.178+0000] {logging_mixin.py:190} INFO - Successfully retrieved and saved HTML for: https://www.topcv.vn/viec-lam/operations-coordinator-receptionist-shtp-district-9-hcmc/1525526.html?ta_source=JobSearchList_LinkDetail&u_sr_id=mKv8O6Hf5FGkBBUPt2wTfYDnA7wZaVSlp7VJMENj_1736734449
[2025-01-13T02:20:52.577+0000] {logging_mixin.py:190} INFO - Successfully retrieved and saved HTML for: https://www.topcv.vn/viec-lam/senior-healthcare-nurse-y-ta-dieu-tri-cao-cap/1580763.html?ta_source=JobSearchList_LinkDetail&u_sr_id=mKv8O6Hf5FGkBBUPt2wTfYDnA7wZaVSlp7VJMENj_1736734449
[2025-01-13T02:21:01.582+0000] {logging_mixin.py:190} INFO - Successfully retrieved and saved HTML for: https://www.topcv.vn/viec-lam/nhan-vien-kinh-doanh-mang-can-ho-thu-nhap-tu-7-50-trieu-khong-yeu-cau-kinh-nghiem/1463269.html?ta_source=JobSearchList_LinkDetail&u_sr_id=mKv8O6Hf5FGkBBUPt2wTfYDnA7wZaVSlp7VJMENj_1736734449
[2025-01-13T02:21:26.896+0000] {job.py:229} INFO - Heartbeat recovered after 14.68 seconds
[2025-01-13T02:21:33.843+0000] {logging_mixin.py:190} INFO - Successfully retrieved and saved HTML for: https://www.topcv.vn/viec-lam/truong-nhom-quan-ly-chat-luong-qa-qc/1582769.html?ta_source=JobSearchList_LinkDetail&u_sr_id=mKv8O6Hf5FGkBBUPt2wTfYDnA7wZaVSlp7VJMENj_1736734449
[2025-01-13T02:21:44.043+0000] {job.py:229} INFO - Heartbeat recovered after 11.14 seconds
[2025-01-13T02:22:01.583+0000] {job.py:229} INFO - Heartbeat recovered after 19.48 seconds
[2025-01-13T02:22:05.724+0000] {logging_mixin.py:190} INFO - Successfully retrieved and saved HTML for: https://www.topcv.vn/viec-lam/truong-nhom-marketing-marketing-leader-luong-tu-15-trieu-thang-nhan-viec-ngay/1582398.html?ta_source=JobSearchList_LinkDetail&u_sr_id=mKv8O6Hf5FGkBBUPt2wTfYDnA7wZaVSlp7VJMENj_1736734449
[2025-01-13T02:22:26.140+0000] {logging_mixin.py:190} INFO - Successfully retrieved and saved HTML for: https://www.topcv.vn/viec-lam/chuyen-vien-chinh-kinh-doanh-m-payroll-tai-khoan-tra-luong-rb-msb-2y108/1582151.html?ta_source=JobSearchList_LinkDetail&u_sr_id=mKv8O6Hf5FGkBBUPt2wTfYDnA7wZaVSlp7VJMENj_1736734449
[2025-01-13T02:22:52.042+0000] {job.py:229} INFO - Heartbeat recovered after 18.41 seconds
[2025-01-13T02:22:57.880+0000] {logging_mixin.py:190} INFO - Successfully retrieved and saved HTML for: https://www.topcv.vn/viec-lam/nhan-vien-van-phong-nhap-lieu-data-entry-thu-nhap-7-trieu-thang-tai-hn-hcm/1308266.html?ta_source=JobSearchList_LinkDetail&u_sr_id=mKv8O6Hf5FGkBBUPt2wTfYDnA7wZaVSlp7VJMENj_1736734449
[2025-01-13T02:23:10.537+0000] {job.py:229} INFO - Heartbeat recovered after 18.85 seconds
[2025-01-13T02:23:48.484+0000] {logging_mixin.py:190} INFO - Successfully retrieved and saved HTML for: https://www.topcv.vn/viec-lam/nhan-vien-kinh-doanh/1582204.html?ta_source=JobSearchList_LinkDetail&u_sr_id=mKv8O6Hf5FGkBBUPt2wTfYDnA7wZaVSlp7VJMENj_1736734449
[2025-01-13T02:23:49.024+0000] {job.py:229} INFO - Heartbeat recovered after 38.76 seconds
[2025-01-13T02:24:42.938+0000] {job.py:229} INFO - Heartbeat recovered after 29.76 seconds
[2025-01-13T02:24:44.397+0000] {logging_mixin.py:190} INFO - Successfully retrieved and saved HTML for: https://www.topcv.vn/viec-lam/quan-ly-san-xuat-mang-co-khi-che-tao-tai-nhon-trach-dong-nai/1582967.html?ta_source=JobSearchList_LinkDetail&u_sr_id=mKv8O6Hf5FGkBBUPt2wTfYDnA7wZaVSlp7VJMENj_1736734449
[2025-01-13T02:25:01.734+0000] {job.py:229} INFO - Heartbeat recovered after 19.37 seconds
[2025-01-13T02:25:10.903+0000] {logging_mixin.py:190} INFO - Successfully retrieved and saved HTML for: https://www.topcv.vn/viec-lam/ky-su-xay-dung-giao-thong-di-lam-ngay/1582899.html?ta_source=JobSearchList_LinkDetail&u_sr_id=mKv8O6Hf5FGkBBUPt2wTfYDnA7wZaVSlp7VJMENj_1736734449
[2025-01-13T02:25:30.537+0000] {logging_mixin.py:190} INFO - Successfully retrieved and saved HTML for: https://www.topcv.vn/viec-lam/thu-ky/1505191.html?ta_source=JobSearchList_LinkDetail&u_sr_id=mKv8O6Hf5FGkBBUPt2wTfYDnA7wZaVSlp7VJMENj_1736734449
[2025-01-13T02:25:39.275+0000] {job.py:229} INFO - Heartbeat recovered after 42.74 seconds
[2025-01-13T02:25:39.787+0000] {logging_mixin.py:190} INFO - Successfully retrieved and saved HTML for: https://www.topcv.vn/viec-lam/quan-ly-trung-tam-tieng-anh-thu-nhap-upto-60-trieu-ha-noi-tp-ho-chi-minh/1582467.html?ta_source=JobSearchList_LinkDetail&u_sr_id=mKv8O6Hf5FGkBBUPt2wTfYDnA7wZaVSlp7VJMENj_1736734449
[2025-01-13T02:25:49.333+0000] {logging_mixin.py:190} INFO - Successfully retrieved and saved HTML for: https://www.topcv.vn/viec-lam/nhan-vien-qc/1582846.html?ta_source=JobSearchList_LinkDetail&u_sr_id=mKv8O6Hf5FGkBBUPt2wTfYDnA7wZaVSlp7VJMENj_1736734449
[2025-01-13T02:26:04.919+0000] {logging_mixin.py:190} INFO - Successfully retrieved and saved HTML for: https://www.topcv.vn/brand/congtycophanmisa/tuyen-dung/talent-acquisition-specialist-chuyen-vien-tuyen-dung-j1582143.html?ta_source=JobSearchList_LinkDetail&u_sr_id=mKv8O6Hf5FGkBBUPt2wTfYDnA7wZaVSlp7VJMENj_1736734449
[2025-01-13T02:26:25.718+0000] {logging_mixin.py:190} INFO - Successfully retrieved and saved HTML for: https://www.topcv.vn/viec-lam/giam-doc-mua-hang-quoc-te/1582853.html?ta_source=JobSearchList_LinkDetail&u_sr_id=mKv8O6Hf5FGkBBUPt2wTfYDnA7wZaVSlp7VJMENj_1736734449
[2025-01-13T02:26:27.783+0000] {job.py:229} INFO - Heartbeat recovered after 10.83 seconds
[2025-01-13T02:26:40.985+0000] {logging_mixin.py:190} INFO - Successfully retrieved and saved HTML for: https://www.topcv.vn/viec-lam/nhan-vien-han-nguoi-tho-phu-co-khi/1582779.html?ta_source=JobSearchList_LinkDetail&u_sr_id=mKv8O6Hf5FGkBBUPt2wTfYDnA7wZaVSlp7VJMENj_1736734449
[2025-01-13T02:26:56.553+0000] {job.py:229} INFO - Heartbeat recovered after 10.80 seconds
[2025-01-13T02:27:07.118+0000] {job.py:229} INFO - Heartbeat recovered after 15.21 seconds
[2025-01-13T02:27:08.292+0000] {logging_mixin.py:190} INFO - Successfully retrieved and saved HTML for: https://www.topcv.vn/viec-lam/chuyen-vien-quan-ly-khach-hang-chuong-trinh-the-he-but-pha-abbank-s-202x-ho-chi-minh/1582291.html?ta_source=JobSearchList_LinkDetail&u_sr_id=mKv8O6Hf5FGkBBUPt2wTfYDnA7wZaVSlp7VJMENj_1736734449
[2025-01-13T02:27:21.360+0000] {logging_mixin.py:190} INFO - Successfully retrieved and saved HTML for: https://www.topcv.vn/viec-lam/nhan-vien-kinh-doanh-tieng-anh-tieng-trung/1581286.html?ta_source=JobSearchList_LinkDetail&u_sr_id=mKv8O6Hf5FGkBBUPt2wTfYDnA7wZaVSlp7VJMENj_1736734449
[2025-01-13T02:27:34.256+0000] {logging_mixin.py:190} INFO - Successfully retrieved and saved HTML for: https://www.topcv.vn/viec-lam/chuyen-vien-tu-van-du-hoc-sales-du-hoc-thu-nhap-10-20-trieu-luong-cung-cao-nhan-viec-ngay/1582607.html?ta_source=JobSearchList_LinkDetail&u_sr_id=mKv8O6Hf5FGkBBUPt2wTfYDnA7wZaVSlp7VJMENj_1736734449
[2025-01-13T02:27:35.340+0000] {job.py:229} INFO - Heartbeat recovered after 12.23 seconds
[2025-01-13T02:27:46.621+0000] {logging_mixin.py:190} INFO - Successfully retrieved and saved HTML for: https://www.topcv.vn/viec-lam/ke-toan-tong-hop-luong-15-20-trieu-ho-chi-minh/1582736.html?ta_source=JobSearchList_LinkDetail&u_sr_id=mKv8O6Hf5FGkBBUPt2wTfYDnA7wZaVSlp7VJMENj_1736734449
[2025-01-13T02:27:53.251+0000] {logging_mixin.py:190} INFO - Successfully retrieved and saved HTML for: https://www.topcv.vn/viec-lam/business-analyst-ba-ba-lead-co-kinh-nghiem/1582491.html?ta_source=JobSearchList_LinkDetail&u_sr_id=mKv8O6Hf5FGkBBUPt2wTfYDnA7wZaVSlp7VJMENj_1736734449
[2025-01-13T02:28:03.314+0000] {logging_mixin.py:190} INFO - Successfully retrieved and saved HTML for: https://www.topcv.vn/viec-lam/nhan-vien-content-marketing-nganh-du-lich-2-nam-kinh-nghiem-thu-nhap-15-trieu/1582422.html?ta_source=JobSearchList_LinkDetail&u_sr_id=mKv8O6Hf5FGkBBUPt2wTfYDnA7wZaVSlp7VJMENj_1736734449
[2025-01-13T02:28:15.805+0000] {logging_mixin.py:190} INFO - Successfully retrieved and saved HTML for: https://www.topcv.vn/viec-lam/contact-center-follow-up-officer/1582625.html?ta_source=JobSearchList_LinkDetail&u_sr_id=mKv8O6Hf5FGkBBUPt2wTfYDnA7wZaVSlp7VJMENj_1736734449
[2025-01-13T02:28:25.547+0000] {job.py:229} INFO - Heartbeat recovered after 15.54 seconds
[2025-01-13T02:28:26.886+0000] {logging_mixin.py:190} INFO - Successfully retrieved and saved HTML for: https://www.topcv.vn/viec-lam/nhan-vien-kinh-doanh-phat-trien-thi-truong-biet-tieng-trung-luong-cung-20-30-trieu-ha-noi/1582772.html?ta_source=JobSearchList_LinkDetail&u_sr_id=mKv8O6Hf5FGkBBUPt2wTfYDnA7wZaVSlp7VJMENj_1736734454
[2025-01-13T02:28:30.976+0000] {job.py:229} INFO - Heartbeat recovered after 15.70 seconds
[2025-01-13T02:28:35.617+0000] {logging_mixin.py:190} INFO - Successfully retrieved and saved HTML for: https://www.topcv.vn/viec-lam/nhan-vien-thiet-ke-cad-tieng-nhat-n3-thu-nhap-11-15-trieu/1582457.html?ta_source=JobSearchList_LinkDetail&u_sr_id=mKv8O6Hf5FGkBBUPt2wTfYDnA7wZaVSlp7VJMENj_1736734454
[2025-01-13T02:28:47.238+0000] {logging_mixin.py:190} INFO - Successfully retrieved and saved HTML for: https://www.topcv.vn/viec-lam/giao-dich-vien-chuong-trinh-the-he-but-pha-abbank-s-202x-ho-chi-minh/1582301.html?ta_source=JobSearchList_LinkDetail&u_sr_id=mKv8O6Hf5FGkBBUPt2wTfYDnA7wZaVSlp7VJMENj_1736734454
[2025-01-13T02:28:53.552+0000] {logging_mixin.py:190} INFO - Successfully retrieved and saved HTML for: https://www.topcv.vn/viec-lam/chuyen-vien-kinh-doanh-express-delivery-logistics-thu-nhap-tu-12-20tr-hoa-hong-hcm-binh-duong-can-tho-long-an-tay-ninh-kien-giang-dong-nai-vung-tau-da-nang/1582292.html?ta_source=JobSearchList_LinkDetail&u_sr_id=mKv8O6Hf5FGkBBUPt2wTfYDnA7wZaVSlp7VJMENj_1736734454
[2025-01-13T02:29:05.758+0000] {logging_mixin.py:190} INFO - Successfully retrieved and saved HTML for: https://www.topcv.vn/viec-lam/phien-dich-du-an-tieng-trung-thu-nhap-hap-dan/1582569.html?ta_source=JobSearchList_LinkDetail&u_sr_id=mKv8O6Hf5FGkBBUPt2wTfYDnA7wZaVSlp7VJMENj_1736734454
[2025-01-13T02:29:19.443+0000] {logging_mixin.py:190} INFO - Successfully retrieved and saved HTML for: https://www.topcv.vn/brand/fecredit/tuyen-dung/truong-nhom-kinh-doanh-thi-truong-j1498804.html?ta_source=JobSearchList_LinkDetail&u_sr_id=mKv8O6Hf5FGkBBUPt2wTfYDnA7wZaVSlp7VJMENj_1736734454
[2025-01-13T02:29:20.602+0000] {job.py:229} INFO - Heartbeat recovered after 15.58 seconds
[2025-01-13T02:29:26.459+0000] {job.py:229} INFO - Heartbeat recovered after 13.64 seconds
[2025-01-13T02:29:31.214+0000] {logging_mixin.py:190} INFO - Successfully retrieved and saved HTML for: https://www.topcv.vn/viec-lam/leader-marketing-nhan-viec-sau-tet/1582094.html?ta_source=JobSearchList_LinkDetail&u_sr_id=mKv8O6Hf5FGkBBUPt2wTfYDnA7wZaVSlp7VJMENj_1736734454
[2025-01-13T02:29:37.785+0000] {logging_mixin.py:190} INFO - Successfully retrieved and saved HTML for: https://www.topcv.vn/viec-lam/thiet-ke-noi-that-interior-design/1580954.html?ta_source=JobSearchList_LinkDetail&u_sr_id=mKv8O6Hf5FGkBBUPt2wTfYDnA7wZaVSlp7VJMENj_1736734454
[2025-01-13T02:29:53.461+0000] {logging_mixin.py:190} INFO - Successfully retrieved and saved HTML for: https://www.topcv.vn/viec-lam/chuyen-vien-facebook-ads-bat-dong-san-yeu-cau-kinh-nghiem-ads-bds-phong-van-ngay-co-the-di-lam-sau-tet-thu-nhap-len-den-20m-30m/1015666.html?ta_source=JobSearchList_LinkDetail&u_sr_id=mKv8O6Hf5FGkBBUPt2wTfYDnA7wZaVSlp7VJMENj_1736734454
[2025-01-13T02:30:06.543+0000] {logging_mixin.py:190} INFO - Successfully retrieved and saved HTML for: https://www.topcv.vn/viec-lam/chuyen-vien-kinh-doanh-logistics-thu-nhap-15-den-25-trieu/1581633.html?ta_source=JobSearchList_LinkDetail&u_sr_id=mKv8O6Hf5FGkBBUPt2wTfYDnA7wZaVSlp7VJMENj_1736734454
[2025-01-13T02:30:17.725+0000] {logging_mixin.py:190} INFO - Successfully retrieved and saved HTML for: https://www.topcv.vn/viec-lam/nhan-vien-nhac-phi-tai-vinh-phuc/1581388.html?ta_source=JobSearchList_LinkDetail&u_sr_id=mKv8O6Hf5FGkBBUPt2wTfYDnA7wZaVSlp7VJMENj_1736734454
[2025-01-13T02:30:28.278+0000] {logging_mixin.py:190} INFO - Successfully retrieved and saved HTML for: https://www.topcv.vn/viec-lam/nhan-vien-kinh-doanh-sale-bat-dong-san-thu-nhap-10-70-trieu-khong-dat-kpi-van-duoc-nhan-luong-cung/1581579.html?ta_source=JobSearchList_LinkDetail&u_sr_id=mKv8O6Hf5FGkBBUPt2wTfYDnA7wZaVSlp7VJMENj_1736734454
[2025-01-13T02:30:35.555+0000] {logging_mixin.py:190} INFO - Successfully retrieved and saved HTML for: https://www.topcv.vn/viec-lam/chuyen-gia-cong-nghe-scrum-master-upto-4000/1415989.html?ta_source=JobSearchList_LinkDetail&u_sr_id=mKv8O6Hf5FGkBBUPt2wTfYDnA7wZaVSlp7VJMENj_1736734454
[2025-01-13T02:30:45.278+0000] {logging_mixin.py:190} INFO - Successfully retrieved and saved HTML for: https://www.topcv.vn/viec-lam/content-creator-chung-khoan-upto-25m/1400529.html?ta_source=JobSearchList_LinkDetail&u_sr_id=mKv8O6Hf5FGkBBUPt2wTfYDnA7wZaVSlp7VJMENj_1736734454
[2025-01-13T02:30:56.301+0000] {logging_mixin.py:190} INFO - Successfully retrieved and saved HTML for: https://www.topcv.vn/viec-lam/devops-engineer/1534428.html?ta_source=JobSearchList_LinkDetail&u_sr_id=mKv8O6Hf5FGkBBUPt2wTfYDnA7wZaVSlp7VJMENj_1736734454
[2025-01-13T02:31:06.105+0000] {logging_mixin.py:190} INFO - Successfully retrieved and saved HTML for: https://www.topcv.vn/viec-lam/nhan-vien-thu-hoi-no-qua-dien-thoai-hcm-tai-ho-chi-minh-thu-nhap-6-40-trieu/998238.html?ta_source=JobSearchList_LinkDetail&u_sr_id=mKv8O6Hf5FGkBBUPt2wTfYDnA7wZaVSlp7VJMENj_1736734454
[2025-01-13T02:31:17.548+0000] {logging_mixin.py:190} INFO - Successfully retrieved and saved HTML for: https://www.topcv.vn/viec-lam/giam-doc-quan-ly-khach-hang-quan-ly-khach-hang-cao-cap-ho-chi-minh/1580702.html?ta_source=JobSearchList_LinkDetail&u_sr_id=mKv8O6Hf5FGkBBUPt2wTfYDnA7wZaVSlp7VJMENj_1736734454
[2025-01-13T02:31:26.584+0000] {logging_mixin.py:190} INFO - Successfully retrieved and saved HTML for: https://www.topcv.vn/viec-lam/truong-nhom-chung-tu-giao-nhan-hai-quan/1581594.html?ta_source=JobSearchList_LinkDetail&u_sr_id=mKv8O6Hf5FGkBBUPt2wTfYDnA7wZaVSlp7VJMENj_1736734454
[2025-01-13T02:31:41.925+0000] {logging_mixin.py:190} INFO - Successfully retrieved and saved HTML for: https://www.topcv.vn/viec-lam/ke-toan-tong-hop-cong-ty-san-xuat-tai-ha-noi-luong-tu-12-18-trieu-thang/1581589.html?ta_source=JobSearchList_LinkDetail&u_sr_id=mKv8O6Hf5FGkBBUPt2wTfYDnA7wZaVSlp7VJMENj_1736734454
[2025-01-13T02:31:56.581+0000] {logging_mixin.py:190} INFO - Successfully retrieved and saved HTML for: https://www.topcv.vn/viec-lam/ky-thuat-vien-spa-thu-nhap-10-15-trieu/1581136.html?ta_source=JobSearchList_LinkDetail&u_sr_id=mKv8O6Hf5FGkBBUPt2wTfYDnA7wZaVSlp7VJMENj_1736734454
[2025-01-13T02:32:11.223+0000] {logging_mixin.py:190} INFO - Successfully retrieved and saved HTML for: https://www.topcv.vn/viec-lam/product-research-associate-8pm-5am-luong-13-trieu-thang/1581392.html?ta_source=JobSearchList_LinkDetail&u_sr_id=mKv8O6Hf5FGkBBUPt2wTfYDnA7wZaVSlp7VJMENj_1736734454
[2025-01-13T02:32:19.585+0000] {job.py:229} INFO - Heartbeat recovered after 21.50 seconds
[2025-01-13T02:32:25.800+0000] {logging_mixin.py:190} INFO - Successfully retrieved and saved HTML for: https://www.topcv.vn/viec-lam/nhan-vien-le-tan-sale-admin-tai-quan-2-luong-tu-8-12-trieu-nganh-bat-dong-san/1578004.html?ta_source=JobSearchList_LinkDetail&u_sr_id=mKv8O6Hf5FGkBBUPt2wTfYDnA7wZaVSlp7VJMENj_1736734454
[2025-01-13T02:32:40.254+0000] {logging_mixin.py:190} INFO - Successfully retrieved and saved HTML for: https://www.topcv.vn/viec-lam/giam-doc-quan-he-khach-hang-ca-nhan-uu-tien/1581305.html?ta_source=JobSearchList_LinkDetail&u_sr_id=mKv8O6Hf5FGkBBUPt2wTfYDnA7wZaVSlp7VJMENj_1736734454
[2025-01-13T02:32:52.420+0000] {logging_mixin.py:190} INFO - Successfully retrieved and saved HTML for: https://www.topcv.vn/viec-lam/nhan-vien-ban-hang/1581598.html?ta_source=JobSearchList_LinkDetail&u_sr_id=mKv8O6Hf5FGkBBUPt2wTfYDnA7wZaVSlp7VJMENj_1736734454
[2025-01-13T02:32:59.511+0000] {logging_mixin.py:190} INFO - Successfully retrieved and saved HTML for: https://www.topcv.vn/viec-lam/tro-ly-kinh-doanh-sale-admin-kinh-nghiem-tu-1-nam-di-lam-sau-tet-thu-nhap-hap-dan/1581235.html?ta_source=JobSearchList_LinkDetail&u_sr_id=mKv8O6Hf5FGkBBUPt2wTfYDnA7wZaVSlp7VJMENj_1736734454
[2025-01-13T02:33:03.563+0000] {job.py:229} INFO - Heartbeat recovered after 20.88 seconds
[2025-01-13T02:33:13.065+0000] {logging_mixin.py:190} INFO - Successfully retrieved and saved HTML for: https://www.topcv.vn/viec-lam/tu-van-vien-cham-soc-khach-hang-spa-tham-my-thu-nhap-10-25-trieu/1581130.html?ta_source=JobSearchList_LinkDetail&u_sr_id=mKv8O6Hf5FGkBBUPt2wTfYDnA7wZaVSlp7VJMENj_1736734454
[2025-01-13T02:33:18.931+0000] {logging_mixin.py:190} INFO - Successfully retrieved and saved HTML for: https://www.topcv.vn/viec-lam/quan-ly-team-marketing-quan-1-ho-chi-minh-nhan-viec-ngay/1581307.html?ta_source=JobSearchList_LinkDetail&u_sr_id=mKv8O6Hf5FGkBBUPt2wTfYDnA7wZaVSlp7VJMENj_1736734454
[2025-01-13T02:33:31.881+0000] {logging_mixin.py:190} INFO - Successfully retrieved and saved HTML for: https://www.topcv.vn/viec-lam/chuyen-vien-khach-hang-doanh-nghiep-ho-chi-minh-phu-nhuan-tan-binh-tan-phu-binh-chanh-nha-be-thu-duc/1581042.html?ta_source=JobSearchList_LinkDetail&u_sr_id=mKv8O6Hf5FGkBBUPt2wTfYDnA7wZaVSlp7VJMENj_1736734454
[2025-01-13T02:33:38.321+0000] {logging_mixin.py:190} INFO - Successfully retrieved and saved HTML for: https://www.topcv.vn/viec-lam/pho-phong-hanh-chinh-nhan-su/1581363.html?ta_source=JobSearchList_LinkDetail&u_sr_id=mKv8O6Hf5FGkBBUPt2wTfYDnA7wZaVSlp7VJMENj_1736734454
[2025-01-13T02:33:53.063+0000] {logging_mixin.py:190} INFO - Successfully retrieved and saved HTML for: https://www.topcv.vn/viec-lam/chuyen-vien-tuyen-dung-thu-nhap-10-trieu-15-trieu-di-lam-ngay/1581719.html?ta_source=JobSearchList_LinkDetail&u_sr_id=mKv8O6Hf5FGkBBUPt2wTfYDnA7wZaVSlp7VJMENj_1736734454
[2025-01-13T02:34:06.921+0000] {logging_mixin.py:190} INFO - Successfully retrieved and saved HTML for: https://www.topcv.vn/viec-lam/ai-engineer/1581551.html?ta_source=JobSearchList_LinkDetail&u_sr_id=mKv8O6Hf5FGkBBUPt2wTfYDnA7wZaVSlp7VJMENj_1736734454
[2025-01-13T02:34:21.373+0000] {logging_mixin.py:190} INFO - Successfully retrieved and saved HTML for: https://www.topcv.vn/viec-lam/ke-toan-tong-hop-di-lam-sau-tet-thu-nhap-9-12-trieu-1-nam-kinh-nghiem/1581246.html?ta_source=JobSearchList_LinkDetail&u_sr_id=mKv8O6Hf5FGkBBUPt2wTfYDnA7wZaVSlp7VJMENj_1736734454
[2025-01-13T02:34:37.661+0000] {logging_mixin.py:190} INFO - Successfully retrieved and saved HTML for: https://www.topcv.vn/viec-lam/nhan-vien-ky-thuat-thu-nhap-upto-20-trieu/1581327.html?ta_source=JobSearchList_LinkDetail&u_sr_id=mKv8O6Hf5FGkBBUPt2wTfYDnA7wZaVSlp7VJMENj_1736734454
[2025-01-13T02:34:52.827+0000] {logging_mixin.py:190} INFO - Successfully retrieved and saved HTML for: https://www.topcv.vn/viec-lam/mobile-app-developer-ios-swift-dart-flutter/1581397.html?ta_source=JobSearchList_LinkDetail&u_sr_id=mKv8O6Hf5FGkBBUPt2wTfYDnA7wZaVSlp7VJMENj_1736734454
[2025-01-13T02:35:02.674+0000] {logging_mixin.py:190} INFO - Successfully retrieved and saved HTML for: https://www.topcv.vn/viec-lam/web-developer-angular-8-from-2-years-experience/1581172.html?ta_source=JobSearchList_LinkDetail&u_sr_id=mKv8O6Hf5FGkBBUPt2wTfYDnA7wZaVSlp7VJMENj_1736734454
[2025-01-13T02:35:16.192+0000] {logging_mixin.py:190} INFO - Successfully retrieved and saved HTML for: https://www.topcv.vn/viec-lam/senior-customs-specialist-dist-9-or-cu-chi/1581880.html?ta_source=JobSearchList_LinkDetail&u_sr_id=mKv8O6Hf5FGkBBUPt2wTfYDnA7wZaVSlp7VJMENj_1736734454
[2025-01-13T02:35:30.095+0000] {logging_mixin.py:190} INFO - Successfully retrieved and saved HTML for: https://www.topcv.vn/viec-lam/nhan-vien-chung-tu-xuat-nhap-khau-tan-binh-thanh-pho-ho-chi-minh-nhan-viec-ngay/1581814.html?ta_source=JobSearchList_LinkDetail&u_sr_id=mKv8O6Hf5FGkBBUPt2wTfYDnA7wZaVSlp7VJMENj_1736734454
[2025-01-13T02:35:37.311+0000] {logging_mixin.py:190} INFO - Successfully retrieved and saved HTML for: https://www.topcv.vn/viec-lam/ho-so-thau-thanh-quyet-toan-tai-ha-noi-luong-tu-10-15-trieu-thang/1581580.html?ta_source=JobSearchList_LinkDetail&u_sr_id=mKv8O6Hf5FGkBBUPt2wTfYDnA7wZaVSlp7VJMENj_1736734454
[2025-01-13T02:35:49.483+0000] {logging_mixin.py:190} INFO - Successfully retrieved and saved HTML for: https://www.topcv.vn/viec-lam/junior-fresher-quality-control-engineer-remote/1555619.html?ta_source=JobSearchList_LinkDetail&u_sr_id=mKv8O6Hf5FGkBBUPt2wTfYDnA7wZaVSlp7VJMENj_1736734454
[2025-01-13T02:35:55.404+0000] {logging_mixin.py:190} INFO - Successfully retrieved and saved HTML for: https://www.topcv.vn/viec-lam/business-analyst-senior/1535211.html?ta_source=JobSearchList_LinkDetail&u_sr_id=mKv8O6Hf5FGkBBUPt2wTfYDnA7wZaVSlp7VJMENj_1736734454
[2025-01-13T02:36:02.126+0000] {logging_mixin.py:190} INFO - Successfully retrieved and saved HTML for: https://www.topcv.vn/viec-lam/quan-ly-san-xuat/1580811.html?ta_source=JobSearchList_LinkDetail&u_sr_id=mKv8O6Hf5FGkBBUPt2wTfYDnA7wZaVSlp7VJMENj_1736734454
[2025-01-13T02:36:09.303+0000] {logging_mixin.py:190} INFO - Successfully retrieved and saved HTML for: https://www.topcv.vn/viec-lam/nhan-vien-kinh-doanh-thu-nhap-hap-dan-tai-ho-chi-minh/1580550.html?ta_source=JobSearchList_LinkDetail&u_sr_id=mKv8O6Hf5FGkBBUPt2wTfYDnA7wZaVSlp7VJMENj_1736734454
[2025-01-13T02:36:15.694+0000] {logging_mixin.py:190} INFO - Successfully retrieved and saved HTML for: https://www.topcv.vn/viec-lam/chuyen-vien-phan-tich-hang-hoa-phai-sinh-thu-nhap-upto-50-tai-go-vap/1541929.html?ta_source=JobSearchList_LinkDetail&u_sr_id=mKv8O6Hf5FGkBBUPt2wTfYDnA7wZaVSlp7VJMENj_1736734454
[2025-01-13T02:36:25.433+0000] {logging_mixin.py:190} INFO - Successfully retrieved and saved HTML for: https://www.topcv.vn/viec-lam/nhan-vien-livestream-tiktok-idol-livestream-tiktok-mang-giai-tri-yeu-cau-ngoai-hinh-thu-nhap-cao/1581027.html?ta_source=JobSearchList_LinkDetail&u_sr_id=mKv8O6Hf5FGkBBUPt2wTfYDnA7wZaVSlp7VJMENj_1736734454
[2025-01-13T02:36:36.937+0000] {logging_mixin.py:190} INFO - Successfully retrieved and saved HTML for: https://www.topcv.vn/viec-lam/customer-service-representative-dai-dien-cham-soc-khach-hang-1-year-exp/1581050.html?ta_source=JobSearchList_LinkDetail&u_sr_id=mKv8O6Hf5FGkBBUPt2wTfYDnA7wZaVSlp7VJMENj_1736734454
[2025-01-13T02:36:51.939+0000] {logging_mixin.py:190} INFO - Successfully retrieved and saved HTML for: https://www.topcv.vn/viec-lam/helpdesk-engineer-good-english/1580987.html?ta_source=JobSearchList_LinkDetail&u_sr_id=mKv8O6Hf5FGkBBUPt2wTfYDnA7wZaVSlp7VJMENj_1736734454
[2025-01-13T02:37:01.919+0000] {logging_mixin.py:190} INFO - Successfully retrieved and saved HTML for: https://www.topcv.vn/viec-lam/chuyen-vien-hanh-chinh-le-tan/1580545.html?ta_source=JobSearchList_LinkDetail&u_sr_id=mKv8O6Hf5FGkBBUPt2wTfYDnA7wZaVSlp7VJMENj_1736734454
[2025-01-13T02:37:16.844+0000] {logging_mixin.py:190} INFO - Successfully retrieved and saved HTML for: https://www.topcv.vn/viec-lam/nhan-vien-ban-hang-thoi-trang-lotte-lieu-giai-ha-noi-thu-nhap-len-den-10tr-thang/1580609.html?ta_source=JobSearchList_LinkDetail&u_sr_id=mKv8O6Hf5FGkBBUPt2wTfYDnA7wZaVSlp7VJMENj_1736734454
[2025-01-13T02:37:32.024+0000] {logging_mixin.py:190} INFO - Successfully retrieved and saved HTML for: https://www.topcv.vn/viec-lam/nhan-vien-ke-toan-thue-nu-thu-nhap-11-14-trieu/1580408.html?ta_source=JobSearchList_LinkDetail&u_sr_id=mKv8O6Hf5FGkBBUPt2wTfYDnA7wZaVSlp7VJMENj_1736734454
[2025-01-13T02:37:34.502+0000] {job.py:229} INFO - Heartbeat recovered after 12.39 seconds
[2025-01-13T02:37:50.194+0000] {logging_mixin.py:190} INFO - Successfully retrieved and saved HTML for: https://www.topcv.vn/viec-lam/giam-sat-xay-dung-luong-tu-12-den-15-trieu/1579931.html?ta_source=JobSearchList_LinkDetail&u_sr_id=mKv8O6Hf5FGkBBUPt2wTfYDnA7wZaVSlp7VJMENj_1736734454
[2025-01-13T02:37:52.267+0000] {job.py:229} INFO - Heartbeat recovered after 25.30 seconds
[2025-01-13T02:37:54.486+0000] {python.py:240} INFO - Done. Returned value was: None
[2025-01-13T02:37:56.882+0000] {taskinstance.py:340} INFO - ::group::Post task execution logs
[2025-01-13T02:37:56.910+0000] {taskinstance.py:352} INFO - Marking task as SUCCESS. dag_id=topcv_scraper, task_id=download_html, run_id=manual__2025-01-13T02:10:49.382707+00:00, execution_date=20250113T021049, start_date=20250113T021426, end_date=20250113T023756
[2025-01-13T02:37:57.775+0000] {local_task_job_runner.py:266} INFO - Task exited with return code 0
[2025-01-13T02:37:58.088+0000] {taskinstance.py:3895} INFO - 0 downstream tasks scheduled from follow-on schedule check
[2025-01-13T02:37:58.095+0000] {local_task_job_runner.py:245} INFO - ::endgroup::
