[2025-01-14T03:18:38.697+0000] {local_task_job_runner.py:123} INFO - ::group::Pre task execution logs
[2025-01-14T03:18:38.795+0000] {taskinstance.py:2613} INFO - Dependencies all met for dep_context=non-requeueable deps ti=<TaskInstance: topcv_scraper.download_html scheduled__2025-01-13T00:00:00+00:00 [queued]>
[2025-01-14T03:18:38.828+0000] {taskinstance.py:2613} INFO - Dependencies all met for dep_context=requeueable deps ti=<TaskInstance: topcv_scraper.download_html scheduled__2025-01-13T00:00:00+00:00 [queued]>
[2025-01-14T03:18:38.838+0000] {taskinstance.py:2866} INFO - Starting attempt 1 of 2
[2025-01-14T03:18:38.912+0000] {taskinstance.py:2889} INFO - Executing <Task(PythonOperator): download_html> on 2025-01-13 00:00:00+00:00
[2025-01-14T03:18:38.922+0000] {standard_task_runner.py:104} INFO - Running: ['***', 'tasks', 'run', 'topcv_scraper', 'download_html', 'scheduled__2025-01-13T00:00:00+00:00', '--job-id', '6', '--raw', '--subdir', 'DAGS_FOLDER/crawl_data.py', '--cfg-path', '/tmp/tmp5y8d2ui0']
[2025-01-14T03:18:38.944+0000] {standard_task_runner.py:105} INFO - Job 6: Subtask download_html
[2025-01-14T03:18:38.936+0000] {warnings.py:112} WARNING - /home/***/.local/lib/python3.12/site-packages/***/task/task_runner/standard_task_runner.py:70: DeprecationWarning: This process (pid=189) is multi-threaded, use of fork() may lead to deadlocks in the child.
  pid = os.fork()

[2025-01-14T03:18:38.962+0000] {standard_task_runner.py:72} INFO - Started process 190 to run task
[2025-01-14T03:18:39.314+0000] {task_command.py:467} INFO - Running <TaskInstance: topcv_scraper.download_html scheduled__2025-01-13T00:00:00+00:00 [running]> on host 1c765e14a650
[2025-01-14T03:18:39.898+0000] {taskinstance.py:3132} INFO - Exporting env vars: AIRFLOW_CTX_DAG_OWNER='***' AIRFLOW_CTX_DAG_ID='topcv_scraper' AIRFLOW_CTX_TASK_ID='download_html' AIRFLOW_CTX_EXECUTION_DATE='2025-01-13T00:00:00+00:00' AIRFLOW_CTX_TRY_NUMBER='1' AIRFLOW_CTX_DAG_RUN_ID='scheduled__2025-01-13T00:00:00+00:00'
[2025-01-14T03:18:39.903+0000] {taskinstance.py:731} INFO - ::endgroup::
[2025-01-14T03:18:51.637+0000] {logging_mixin.py:190} INFO - Successfully retrieved and saved HTML for: https://www.topcv.vn/viec-lam/nhan-vien-sales-xuat-khau-thu-nhap-len-den-30-trieu-dong-bac-tu-liem/1584267.html?ta_source=JobSearchList_LinkDetail&u_sr_id=15m4i5sWfKlGnoxhznWb3n9Kf3dxL2alI5EFPoMu_1736824706
[2025-01-14T03:19:05.525+0000] {logging_mixin.py:190} INFO - Successfully retrieved and saved HTML for: https://www.topcv.vn/brand/fecredit/tuyen-dung/unit-head-of-credit-assessment-department-j1537184.html?ta_source=JobSearchList_LinkDetail&u_sr_id=15m4i5sWfKlGnoxhznWb3n9Kf3dxL2alI5EFPoMu_1736824706
[2025-01-14T03:19:27.486+0000] {job.py:229} INFO - Heartbeat recovered after 26.06 seconds
[2025-01-14T03:19:29.144+0000] {logging_mixin.py:190} INFO - Successfully retrieved and saved HTML for: https://www.topcv.vn/viec-lam/ky-thuat-vien-bao-tri-pm-technician/1584138.html?ta_source=JobSearchList_LinkDetail&u_sr_id=15m4i5sWfKlGnoxhznWb3n9Kf3dxL2alI5EFPoMu_1736824706
[2025-01-14T03:19:39.004+0000] {job.py:229} INFO - Heartbeat recovered after 32.27 seconds
[2025-01-14T03:19:41.509+0000] {logging_mixin.py:190} INFO - Successfully retrieved and saved HTML for: https://www.topcv.vn/viec-lam/ke-toan-noi-bo-biet-tieng-trung-nhan-viec-sau-tet/1584146.html?ta_source=JobSearchList_LinkDetail&u_sr_id=15m4i5sWfKlGnoxhznWb3n9Kf3dxL2alI5EFPoMu_1736824706
[2025-01-14T03:19:54.644+0000] {logging_mixin.py:190} INFO - Successfully retrieved and saved HTML for: https://www.topcv.vn/viec-lam/senior-full-stack-developer/1584140.html?ta_source=JobSearchList_LinkDetail&u_sr_id=15m4i5sWfKlGnoxhznWb3n9Kf3dxL2alI5EFPoMu_1736824706
[2025-01-14T03:20:02.579+0000] {logging_mixin.py:190} INFO - Successfully retrieved and saved HTML for: https://www.topcv.vn/viec-lam/nhan-vien-kinh-doanh-tu-van-sale-executive-thu-nhap-tu-10-tro-len-ha-noi-hcm/1534595.html?ta_source=JobSearchList_LinkDetail&u_sr_id=15m4i5sWfKlGnoxhznWb3n9Kf3dxL2alI5EFPoMu_1736824706
[2025-01-14T03:20:17.062+0000] {job.py:229} INFO - Heartbeat recovered after 17.66 seconds
[2025-01-14T03:20:17.687+0000] {logging_mixin.py:190} INFO - Successfully retrieved and saved HTML for: https://www.topcv.vn/viec-lam/nhan-vien-sale-thuc-pham/1535305.html?ta_source=JobSearchList_LinkDetail&u_sr_id=15m4i5sWfKlGnoxhznWb3n9Kf3dxL2alI5EFPoMu_1736824706
[2025-01-14T03:20:22.976+0000] {job.py:229} INFO - Heartbeat recovered after 16.36 seconds
[2025-01-14T03:20:29.787+0000] {logging_mixin.py:190} INFO - Successfully retrieved and saved HTML for: https://www.topcv.vn/viec-lam/chuyen-vien-tu-van-bao-hiem-du-an-tpbank-x-sun-life-viet-nam-toan-quoc/1495474.html?ta_source=JobSearchList_LinkDetail&u_sr_id=15m4i5sWfKlGnoxhznWb3n9Kf3dxL2alI5EFPoMu_1736824706
[2025-01-14T03:20:36.572+0000] {logging_mixin.py:190} INFO - Successfully retrieved and saved HTML for: https://www.topcv.vn/viec-lam/nhan-vien-tu-van-nu-thu-nhap-cao-uu-tien-biet-tieng-anh-hoac-tieng-han-giao-tiep-lam-viec-tai-quan-1/1583604.html?ta_source=JobSearchList_LinkDetail&u_sr_id=15m4i5sWfKlGnoxhznWb3n9Kf3dxL2alI5EFPoMu_1736824706
[2025-01-14T03:20:46.243+0000] {logging_mixin.py:190} INFO - Successfully retrieved and saved HTML for: https://www.topcv.vn/viec-lam/truong-nhom-tong-dai-tu-van-telesale-call-leader/1583375.html?ta_source=JobSearchList_LinkDetail&u_sr_id=15m4i5sWfKlGnoxhznWb3n9Kf3dxL2alI5EFPoMu_1736824706
[2025-01-14T03:20:57.991+0000] {job.py:229} INFO - Heartbeat recovered after 13.53 seconds
[2025-01-14T03:21:00.426+0000] {logging_mixin.py:190} INFO - Successfully retrieved and saved HTML for: https://www.topcv.vn/viec-lam/giao-vien-bo-mon-dia-li/1583272.html?ta_source=JobSearchList_LinkDetail&u_sr_id=15m4i5sWfKlGnoxhznWb3n9Kf3dxL2alI5EFPoMu_1736824706
[2025-01-14T03:21:08.694+0000] {job.py:229} INFO - Heartbeat recovered after 18.47 seconds
[2025-01-14T03:21:32.613+0000] {job.py:229} INFO - Heartbeat recovered after 29.17 seconds
[2025-01-14T03:21:32.962+0000] {logging_mixin.py:190} INFO - Successfully retrieved and saved HTML for: https://www.topcv.vn/viec-lam/giam-doc-nha-may-san-xuat/1583339.html?ta_source=JobSearchList_LinkDetail&u_sr_id=15m4i5sWfKlGnoxhznWb3n9Kf3dxL2alI5EFPoMu_1736824706
[2025-01-14T03:21:44.953+0000] {logging_mixin.py:190} INFO - Successfully retrieved and saved HTML for: https://www.topcv.vn/viec-lam/nhan-vien-livestream-tiktok/1584029.html?ta_source=JobSearchList_LinkDetail&u_sr_id=15m4i5sWfKlGnoxhznWb3n9Kf3dxL2alI5EFPoMu_1736824706
[2025-01-14T03:21:59.476+0000] {logging_mixin.py:190} INFO - Successfully retrieved and saved HTML for: https://www.topcv.vn/viec-lam/business-development-chuyen-vien-phat-trien-dai-ly/1560363.html?ta_source=JobSearchList_LinkDetail&u_sr_id=15m4i5sWfKlGnoxhznWb3n9Kf3dxL2alI5EFPoMu_1736824706
[2025-01-14T03:22:10.676+0000] {logging_mixin.py:190} INFO - Successfully retrieved and saved HTML for: https://www.topcv.vn/viec-lam/nhan-vien-thi-truong-cong-ty-facolos-pickleball/1525118.html?ta_source=JobSearchList_LinkDetail&u_sr_id=15m4i5sWfKlGnoxhznWb3n9Kf3dxL2alI5EFPoMu_1736824706
[2025-01-14T03:22:23.435+0000] {logging_mixin.py:190} INFO - Successfully retrieved and saved HTML for: https://www.topcv.vn/viec-lam/cua-hang-truong-shop-manager-thu-nhap-tu-12-16-trieu-thao-dien-tu-1-nam-kinh-nghiem/1388928.html?ta_source=JobSearchList_LinkDetail&u_sr_id=15m4i5sWfKlGnoxhznWb3n9Kf3dxL2alI5EFPoMu_1736824706
[2025-01-14T03:22:38.464+0000] {job.py:229} INFO - Heartbeat recovered after 15.39 seconds
[2025-01-14T03:22:42.098+0000] {logging_mixin.py:190} INFO - Successfully retrieved and saved HTML for: https://www.topcv.vn/viec-lam/truong-phong-kinh-doanh-cung-ung-lao-dong/1343466.html?ta_source=JobSearchList_LinkDetail&u_sr_id=15m4i5sWfKlGnoxhznWb3n9Kf3dxL2alI5EFPoMu_1736824706
[2025-01-14T03:22:48.100+0000] {job.py:229} INFO - Heartbeat recovered after 14.15 seconds
[2025-01-14T03:22:52.191+0000] {logging_mixin.py:190} INFO - Successfully retrieved and saved HTML for: https://www.topcv.vn/viec-lam/chuyen-vien-tu-van-tham-my-thu-nhap-tu-15tr-30tr-thang/1391152.html?ta_source=JobSearchList_LinkDetail&u_sr_id=15m4i5sWfKlGnoxhznWb3n9Kf3dxL2alI5EFPoMu_1736824706
[2025-01-14T03:23:01.426+0000] {logging_mixin.py:190} INFO - Successfully retrieved and saved HTML for: https://www.topcv.vn/viec-lam/lap-trinh-vien-php-senior/1299695.html?ta_source=JobSearchList_LinkDetail&u_sr_id=15m4i5sWfKlGnoxhznWb3n9Kf3dxL2alI5EFPoMu_1736824706
[2025-01-14T03:23:10.523+0000] {logging_mixin.py:190} INFO - Successfully retrieved and saved HTML for: https://www.topcv.vn/viec-lam/nhan-vien-ke-hoach-san-xuat/1583696.html?ta_source=JobSearchList_LinkDetail&u_sr_id=15m4i5sWfKlGnoxhznWb3n9Kf3dxL2alI5EFPoMu_1736824706
[2025-01-14T03:23:17.852+0000] {logging_mixin.py:190} INFO - Successfully retrieved and saved HTML for: https://www.topcv.vn/viec-lam/giam-doc-kinh-doanh/1583300.html?ta_source=JobSearchList_LinkDetail&u_sr_id=15m4i5sWfKlGnoxhznWb3n9Kf3dxL2alI5EFPoMu_1736824706
[2025-01-14T03:23:28.209+0000] {logging_mixin.py:190} INFO - Successfully retrieved and saved HTML for: https://www.topcv.vn/viec-lam/ke-toan-truong/1583288.html?ta_source=JobSearchList_LinkDetail&u_sr_id=15m4i5sWfKlGnoxhznWb3n9Kf3dxL2alI5EFPoMu_1736824706
[2025-01-14T13:26:20.409+0000] {local_task_job_runner.py:123} INFO - ::group::Pre task execution logs
[2025-01-14T13:26:20.437+0000] {taskinstance.py:2613} INFO - Dependencies all met for dep_context=non-requeueable deps ti=<TaskInstance: topcv_scraper.download_html scheduled__2025-01-13T00:00:00+00:00 [queued]>
[2025-01-14T13:26:20.451+0000] {taskinstance.py:2613} INFO - Dependencies all met for dep_context=requeueable deps ti=<TaskInstance: topcv_scraper.download_html scheduled__2025-01-13T00:00:00+00:00 [queued]>
[2025-01-14T13:26:20.452+0000] {taskinstance.py:2866} INFO - Starting attempt 1 of 2
[2025-01-14T13:26:20.486+0000] {taskinstance.py:2889} INFO - Executing <Task(PythonOperator): download_html> on 2025-01-13 00:00:00+00:00
[2025-01-14T13:26:20.499+0000] {warnings.py:112} WARNING - /home/***/.local/lib/python3.12/site-packages/***/task/task_runner/standard_task_runner.py:70: DeprecationWarning: This process (pid=201) is multi-threaded, use of fork() may lead to deadlocks in the child.
  pid = os.fork()

[2025-01-14T13:26:20.502+0000] {standard_task_runner.py:72} INFO - Started process 204 to run task
[2025-01-14T13:26:20.509+0000] {standard_task_runner.py:104} INFO - Running: ['***', 'tasks', 'run', 'topcv_scraper', 'download_html', 'scheduled__2025-01-13T00:00:00+00:00', '--job-id', '6', '--raw', '--subdir', 'DAGS_FOLDER/crawl_data.py', '--cfg-path', '/tmp/tmpa3te19p9']
[2025-01-14T13:26:20.515+0000] {standard_task_runner.py:105} INFO - Job 6: Subtask download_html
[2025-01-14T13:26:20.673+0000] {task_command.py:467} INFO - Running <TaskInstance: topcv_scraper.download_html scheduled__2025-01-13T00:00:00+00:00 [running]> on host e15397f33e0d
[2025-01-14T13:26:20.849+0000] {taskinstance.py:3132} INFO - Exporting env vars: AIRFLOW_CTX_DAG_OWNER='***' AIRFLOW_CTX_DAG_ID='topcv_scraper' AIRFLOW_CTX_TASK_ID='download_html' AIRFLOW_CTX_EXECUTION_DATE='2025-01-13T00:00:00+00:00' AIRFLOW_CTX_TRY_NUMBER='1' AIRFLOW_CTX_DAG_RUN_ID='scheduled__2025-01-13T00:00:00+00:00'
[2025-01-14T13:26:20.854+0000] {taskinstance.py:731} INFO - ::endgroup::
[2025-01-14T13:26:27.917+0000] {logging_mixin.py:190} INFO - Successfully retrieved and saved HTML for: https://www.topcv.vn/viec-lam/playable-ads/1584760.html?ta_source=JobSearchList_LinkDetail&u_sr_id=JT4VrQw5rKTkeemasxFgvIbYbdDB10qMxSWuaZLc_1736861176
[2025-01-14T13:26:33.977+0000] {logging_mixin.py:190} INFO - Successfully retrieved and saved HTML for: https://www.topcv.vn/viec-lam/chuyen-vien-kinh-doanh-khong-yeu-cau-kinh-nghiem-thu-nhap-len-toi-15tr-thang/1502522.html?ta_source=JobSearchList_LinkDetail&u_sr_id=JT4VrQw5rKTkeemasxFgvIbYbdDB10qMxSWuaZLc_1736861176
[2025-01-14T13:26:48.868+0000] {logging_mixin.py:190} INFO - Successfully retrieved and saved HTML for: https://www.topcv.vn/viec-lam/net-developer-asp-net-c/1427933.html?ta_source=JobSearchList_LinkDetail&u_sr_id=JT4VrQw5rKTkeemasxFgvIbYbdDB10qMxSWuaZLc_1736861176
[2025-01-14T13:26:55.969+0000] {logging_mixin.py:190} INFO - Successfully retrieved and saved HTML for: https://www.topcv.vn/viec-lam/nhan-vien-content-marketing/1584616.html?ta_source=JobSearchList_LinkDetail&u_sr_id=JT4VrQw5rKTkeemasxFgvIbYbdDB10qMxSWuaZLc_1736861176
[2025-01-14T13:27:02.609+0000] {logging_mixin.py:190} INFO - Successfully retrieved and saved HTML for: https://www.topcv.vn/viec-lam/nhan-vien-san-thuong-mai-dien-tu/1584568.html?ta_source=JobSearchList_LinkDetail&u_sr_id=JT4VrQw5rKTkeemasxFgvIbYbdDB10qMxSWuaZLc_1736861176
[2025-01-14T13:27:13.075+0000] {logging_mixin.py:190} INFO - Successfully retrieved and saved HTML for: https://www.topcv.vn/viec-lam/kien-truc-su-xay-dung-thu-nhap-len-den-20-trieu-tai-ha-noi-nhan-viec-ngay/1584534.html?ta_source=JobSearchList_LinkDetail&u_sr_id=JT4VrQw5rKTkeemasxFgvIbYbdDB10qMxSWuaZLc_1736861176
[2025-01-14T13:27:19.400+0000] {logging_mixin.py:190} INFO - Successfully retrieved and saved HTML for: https://www.topcv.vn/viec-lam/chuyen-vien-trien-khai-phan-mem-b2b/1584517.html?ta_source=JobSearchList_LinkDetail&u_sr_id=JT4VrQw5rKTkeemasxFgvIbYbdDB10qMxSWuaZLc_1736861176
[2025-01-14T13:27:33.067+0000] {logging_mixin.py:190} INFO - Successfully retrieved and saved HTML for: https://www.topcv.vn/viec-lam/chuyen-vien-telesales-tnex-finance-2z181/1584100.html?ta_source=JobSearchList_LinkDetail&u_sr_id=JT4VrQw5rKTkeemasxFgvIbYbdDB10qMxSWuaZLc_1736861176
[2025-01-14T13:27:44.116+0000] {logging_mixin.py:190} INFO - Successfully retrieved and saved HTML for: https://www.topcv.vn/viec-lam/nhan-vien-sales-xuat-khau-thu-nhap-len-den-30-trieu-dong-bac-tu-liem/1584267.html?ta_source=JobSearchList_LinkDetail&u_sr_id=JT4VrQw5rKTkeemasxFgvIbYbdDB10qMxSWuaZLc_1736861176
[2025-01-14T13:27:53.562+0000] {logging_mixin.py:190} INFO - Successfully retrieved and saved HTML for: https://www.topcv.vn/viec-lam/accountant-nhan-vien-ke-toan/1584184.html?ta_source=JobSearchList_LinkDetail&u_sr_id=JT4VrQw5rKTkeemasxFgvIbYbdDB10qMxSWuaZLc_1736861176
[2025-01-14T13:28:00.041+0000] {logging_mixin.py:190} INFO - Successfully retrieved and saved HTML for: https://www.topcv.vn/brand/fecredit/tuyen-dung/unit-head-of-credit-assessment-department-j1537184.html?ta_source=JobSearchList_LinkDetail&u_sr_id=JT4VrQw5rKTkeemasxFgvIbYbdDB10qMxSWuaZLc_1736861176
[2025-01-14T13:28:10.353+0000] {logging_mixin.py:190} INFO - Successfully retrieved and saved HTML for: https://www.topcv.vn/viec-lam/ky-thuat-vien-bao-tri-pm-technician/1584138.html?ta_source=JobSearchList_LinkDetail&u_sr_id=JT4VrQw5rKTkeemasxFgvIbYbdDB10qMxSWuaZLc_1736861176
[2025-01-14T13:28:17.486+0000] {logging_mixin.py:190} INFO - Successfully retrieved and saved HTML for: https://www.topcv.vn/viec-lam/inside-sales-field-sales-for-homeowners-ho/1584154.html?ta_source=JobSearchList_LinkDetail&u_sr_id=JT4VrQw5rKTkeemasxFgvIbYbdDB10qMxSWuaZLc_1736861176
[2025-01-14T13:28:23.003+0000] {logging_mixin.py:190} INFO - Successfully retrieved and saved HTML for: https://www.topcv.vn/viec-lam/ke-toan-noi-bo-biet-tieng-trung-nhan-viec-sau-tet/1584146.html?ta_source=JobSearchList_LinkDetail&u_sr_id=JT4VrQw5rKTkeemasxFgvIbYbdDB10qMxSWuaZLc_1736861176
[2025-01-14T13:28:31.973+0000] {logging_mixin.py:190} INFO - Successfully retrieved and saved HTML for: https://www.topcv.vn/viec-lam/pm-project-manager-brse-japanese-yeu-cau-tieng-nhat-n2-2-nam-kinh-nghiem-thu-nhap-tu-33-73-trieu/1584137.html?ta_source=JobSearchList_LinkDetail&u_sr_id=JT4VrQw5rKTkeemasxFgvIbYbdDB10qMxSWuaZLc_1736861176
[2025-01-14T13:28:43.946+0000] {logging_mixin.py:190} INFO - Successfully retrieved and saved HTML for: https://www.topcv.vn/viec-lam/senior-full-stack-developer/1584140.html?ta_source=JobSearchList_LinkDetail&u_sr_id=JT4VrQw5rKTkeemasxFgvIbYbdDB10qMxSWuaZLc_1736861176
[2025-01-14T13:28:54.206+0000] {logging_mixin.py:190} INFO - Successfully retrieved and saved HTML for: https://www.topcv.vn/viec-lam/nhan-vien-livestream-tiktok/1584029.html?ta_source=JobSearchList_LinkDetail&u_sr_id=JT4VrQw5rKTkeemasxFgvIbYbdDB10qMxSWuaZLc_1736861176
[2025-01-14T13:29:04.542+0000] {logging_mixin.py:190} INFO - Successfully retrieved and saved HTML for: https://www.topcv.vn/viec-lam/nhan-vien-tu-van-ban-hang-qua-dien-thoai-telesales-cham-soc-khach-hang-data-san-thu-viec-100-luong-fulltime-quan-12/1583957.html?ta_source=JobSearchList_LinkDetail&u_sr_id=JT4VrQw5rKTkeemasxFgvIbYbdDB10qMxSWuaZLc_1736861176
[2025-01-14T13:29:10.140+0000] {logging_mixin.py:190} INFO - Successfully retrieved and saved HTML for: https://www.topcv.vn/viec-lam/chuyen-vien-tu-van-tong-dai-call-center-tu-van-chot-don-telesales-data-hotlead-kinh-nghiem-tu-3-thang-tro-len-nhan-viec-sau-tet/1583849.html?ta_source=JobSearchList_LinkDetail&u_sr_id=JT4VrQw5rKTkeemasxFgvIbYbdDB10qMxSWuaZLc_1736861176
[2025-01-14T13:29:21.307+0000] {logging_mixin.py:190} INFO - Successfully retrieved and saved HTML for: https://www.topcv.vn/viec-lam/nhan-vien-kinh-doanh-tu-van-nganh-nong-san-luong-12-18-trieu-ho-chi-minh/1583817.html?ta_source=JobSearchList_LinkDetail&u_sr_id=JT4VrQw5rKTkeemasxFgvIbYbdDB10qMxSWuaZLc_1736861176
[2025-01-14T13:29:31.860+0000] {logging_mixin.py:190} INFO - Successfully retrieved and saved HTML for: https://www.topcv.vn/viec-lam/giam-doc-kinh-doanh/1583300.html?ta_source=JobSearchList_LinkDetail&u_sr_id=JT4VrQw5rKTkeemasxFgvIbYbdDB10qMxSWuaZLc_1736861176
[2025-01-14T13:29:46.769+0000] {logging_mixin.py:190} INFO - Successfully retrieved and saved HTML for: https://www.topcv.vn/viec-lam/digital-marketing-specialist-performance-marketing-global-ecom-2000-thang/1583383.html?ta_source=JobSearchList_LinkDetail&u_sr_id=JT4VrQw5rKTkeemasxFgvIbYbdDB10qMxSWuaZLc_1736861176
[2025-01-14T13:30:00.071+0000] {logging_mixin.py:190} INFO - Successfully retrieved and saved HTML for: https://www.topcv.vn/viec-lam/business-development-chuyen-vien-phat-trien-dai-ly/1560363.html?ta_source=JobSearchList_LinkDetail&u_sr_id=JT4VrQw5rKTkeemasxFgvIbYbdDB10qMxSWuaZLc_1736861176
[2025-01-14T13:30:11.952+0000] {logging_mixin.py:190} INFO - Successfully retrieved and saved HTML for: https://www.topcv.vn/viec-lam/ky-su-xay-dung-qs-thu-nhap-16-20-trieu-di-lam-ngay-tai-hai-duong/1583646.html?ta_source=JobSearchList_LinkDetail&u_sr_id=JT4VrQw5rKTkeemasxFgvIbYbdDB10qMxSWuaZLc_1736861176
[2025-01-14T13:30:24.334+0000] {logging_mixin.py:190} INFO - Successfully retrieved and saved HTML for: https://www.topcv.vn/viec-lam/nhan-vien-tu-van-nu-thu-nhap-cao-uu-tien-biet-tieng-anh-hoac-tieng-han-giao-tiep-lam-viec-tai-quan-1/1583604.html?ta_source=JobSearchList_LinkDetail&u_sr_id=JT4VrQw5rKTkeemasxFgvIbYbdDB10qMxSWuaZLc_1736861176
[2025-01-14T13:30:37.783+0000] {logging_mixin.py:190} INFO - Successfully retrieved and saved HTML for: https://www.topcv.vn/viec-lam/nhan-vien-sale-thuc-pham/1535305.html?ta_source=JobSearchList_LinkDetail&u_sr_id=JT4VrQw5rKTkeemasxFgvIbYbdDB10qMxSWuaZLc_1736861176
[2025-01-14T13:30:44.861+0000] {logging_mixin.py:190} INFO - Successfully retrieved and saved HTML for: https://www.topcv.vn/viec-lam/ke-toan-truong/1583288.html?ta_source=JobSearchList_LinkDetail&u_sr_id=JT4VrQw5rKTkeemasxFgvIbYbdDB10qMxSWuaZLc_1736861176
[2025-01-14T13:30:52.566+0000] {logging_mixin.py:190} INFO - Successfully retrieved and saved HTML for: https://www.topcv.vn/viec-lam/chuyen-vien-kinh-doanh-tu-van-tai-chinh-thu-nhap-tu-16-25-trieu-thang/1583648.html?ta_source=JobSearchList_LinkDetail&u_sr_id=JT4VrQw5rKTkeemasxFgvIbYbdDB10qMxSWuaZLc_1736861176
[2025-01-14T13:31:01.113+0000] {logging_mixin.py:190} INFO - Successfully retrieved and saved HTML for: https://www.topcv.vn/viec-lam/chuyen-vien-tu-van-tham-my-thu-nhap-tu-15tr-30tr-thang/1391152.html?ta_source=JobSearchList_LinkDetail&u_sr_id=JT4VrQw5rKTkeemasxFgvIbYbdDB10qMxSWuaZLc_1736861176
[2025-01-14T13:31:15.278+0000] {logging_mixin.py:190} INFO - Rate limit reached for https://www.topcv.vn/viec-lam/nhan-vien-ke-hoach-san-xuat/1583696.html?ta_source=JobSearchList_LinkDetail&u_sr_id=JT4VrQw5rKTkeemasxFgvIbYbdDB10qMxSWuaZLc_1736861176. Retrying after 30 seconds...
[2025-01-14T13:31:47.333+0000] {logging_mixin.py:190} INFO - Successfully retrieved and saved HTML for: https://www.topcv.vn/viec-lam/nhan-vien-ke-hoach-san-xuat/1583696.html?ta_source=JobSearchList_LinkDetail&u_sr_id=JT4VrQw5rKTkeemasxFgvIbYbdDB10qMxSWuaZLc_1736861176
[2025-01-14T13:31:54.272+0000] {logging_mixin.py:190} INFO - Successfully retrieved and saved HTML for: https://www.topcv.vn/viec-lam/ke-toan-noi-bo-nam-tu-liem-ha-noi-luong-co-ban-upto-20tr-toi-thieu-3-nam-kinh-nghiem/1583723.html?ta_source=JobSearchList_LinkDetail&u_sr_id=JT4VrQw5rKTkeemasxFgvIbYbdDB10qMxSWuaZLc_1736861176
[2025-01-14T13:32:04.213+0000] {logging_mixin.py:190} INFO - Successfully retrieved and saved HTML for: https://www.topcv.vn/viec-lam/giao-vien-bo-mon-dia-li/1583272.html?ta_source=JobSearchList_LinkDetail&u_sr_id=JT4VrQw5rKTkeemasxFgvIbYbdDB10qMxSWuaZLc_1736861176
[2025-01-14T13:32:16.358+0000] {logging_mixin.py:190} INFO - Successfully retrieved and saved HTML for: https://www.topcv.vn/viec-lam/nhan-vien-thi-truong-cong-ty-facolos-pickleball/1525118.html?ta_source=JobSearchList_LinkDetail&u_sr_id=JT4VrQw5rKTkeemasxFgvIbYbdDB10qMxSWuaZLc_1736861176
[2025-01-14T13:32:22.496+0000] {logging_mixin.py:190} INFO - Successfully retrieved and saved HTML for: https://www.topcv.vn/viec-lam/chuyen-vien-kinh-doanh-nam-tu-liem-ha-noi-thu-nhap-upto-40tr-toi-thieu-3-nam-kinh-nghiem-di-lam-ngay/1583669.html?ta_source=JobSearchList_LinkDetail&u_sr_id=JT4VrQw5rKTkeemasxFgvIbYbdDB10qMxSWuaZLc_1736861176
[2025-01-14T13:32:36.566+0000] {logging_mixin.py:190} INFO - Successfully retrieved and saved HTML for: https://www.topcv.vn/viec-lam/nhan-vien-kinh-doanh-tu-van-thu-nhap-hap-dan-ha-dong-ha-noi/1583649.html?ta_source=JobSearchList_LinkDetail&u_sr_id=JT4VrQw5rKTkeemasxFgvIbYbdDB10qMxSWuaZLc_1736861176
[2025-01-14T13:32:45.817+0000] {logging_mixin.py:190} INFO - Successfully retrieved and saved HTML for: https://www.topcv.vn/viec-lam/giam-doc-nha-may-san-xuat/1583339.html?ta_source=JobSearchList_LinkDetail&u_sr_id=JT4VrQw5rKTkeemasxFgvIbYbdDB10qMxSWuaZLc_1736861176
[2025-01-14T13:32:56.975+0000] {logging_mixin.py:190} INFO - Successfully retrieved and saved HTML for: https://www.topcv.vn/viec-lam/nhan-vien-kinh-doanh-tu-van-sale-executive-thu-nhap-tu-10-tro-len-ha-noi-hcm/1534595.html?ta_source=JobSearchList_LinkDetail&u_sr_id=JT4VrQw5rKTkeemasxFgvIbYbdDB10qMxSWuaZLc_1736861176
[2025-01-14T13:33:11.676+0000] {logging_mixin.py:190} INFO - Successfully retrieved and saved HTML for: https://www.topcv.vn/viec-lam/chuyen-vien-tu-van-bao-hiem-du-an-tpbank-x-sun-life-viet-nam-toan-quoc/1495474.html?ta_source=JobSearchList_LinkDetail&u_sr_id=JT4VrQw5rKTkeemasxFgvIbYbdDB10qMxSWuaZLc_1736861176
[2025-01-14T13:33:17.542+0000] {logging_mixin.py:190} INFO - Successfully retrieved and saved HTML for: https://www.topcv.vn/viec-lam/truong-nhom-tong-dai-tu-van-telesale-call-leader/1583375.html?ta_source=JobSearchList_LinkDetail&u_sr_id=JT4VrQw5rKTkeemasxFgvIbYbdDB10qMxSWuaZLc_1736861176
[2025-01-14T13:33:23.984+0000] {logging_mixin.py:190} INFO - Successfully retrieved and saved HTML for: https://www.topcv.vn/viec-lam/phu-trach-hanh-chinh-nhan-su-nam-tu-liem-ha-noi-luong-co-ban-upto-15tr-toi-thieu-3-nam-kinh-nghiem/1583738.html?ta_source=JobSearchList_LinkDetail&u_sr_id=JT4VrQw5rKTkeemasxFgvIbYbdDB10qMxSWuaZLc_1736861176
[2025-01-14T13:33:36.883+0000] {logging_mixin.py:190} INFO - Successfully retrieved and saved HTML for: https://www.topcv.vn/brand/goldsunfocusmedia/tuyen-dung/chuyen-vien-phap-che-tieng-trung-hoac-tieng-anh-j1583103.html?ta_source=JobSearchList_LinkDetail&u_sr_id=JT4VrQw5rKTkeemasxFgvIbYbdDB10qMxSWuaZLc_1736861176
[2025-01-14T13:33:51.097+0000] {logging_mixin.py:190} INFO - Successfully retrieved and saved HTML for: https://www.topcv.vn/viec-lam/chuyen-vien-quan-he-khach-hang-ca-nhan-toan-quoc-yeu-cau-tren-1-nam-kinh-nghiem-tin-dung/1583837.html?ta_source=JobSearchList_LinkDetail&u_sr_id=JT4VrQw5rKTkeemasxFgvIbYbdDB10qMxSWuaZLc_1736861176
[2025-01-14T13:34:02.233+0000] {logging_mixin.py:190} INFO - Successfully retrieved and saved HTML for: https://www.topcv.vn/viec-lam/chuyen-vien-quan-he-khach-hang-doanh-nghiep-toan-quoc-luong-kinh-doanh-hap-dan/1583810.html?ta_source=JobSearchList_LinkDetail&u_sr_id=JT4VrQw5rKTkeemasxFgvIbYbdDB10qMxSWuaZLc_1736861176
[2025-01-14T13:34:16.026+0000] {logging_mixin.py:190} INFO - Successfully retrieved and saved HTML for: https://www.topcv.vn/viec-lam/cong-tac-vien-tu-van-tuyen-dung/1583728.html?ta_source=JobSearchList_LinkDetail&u_sr_id=JT4VrQw5rKTkeemasxFgvIbYbdDB10qMxSWuaZLc_1736861176
[2025-01-14T13:34:29.083+0000] {logging_mixin.py:190} INFO - Successfully retrieved and saved HTML for: https://www.topcv.vn/viec-lam/cong-tac-vien-xu-ly-don-hang/1571432.html?ta_source=JobSearchList_LinkDetail&u_sr_id=JT4VrQw5rKTkeemasxFgvIbYbdDB10qMxSWuaZLc_1736861176
[2025-01-14T13:34:42.512+0000] {logging_mixin.py:190} INFO - Successfully retrieved and saved HTML for: https://www.topcv.vn/viec-lam/cua-hang-truong-shop-manager-thu-nhap-tu-12-16-trieu-thao-dien-tu-1-nam-kinh-nghiem/1388928.html?ta_source=JobSearchList_LinkDetail&u_sr_id=JT4VrQw5rKTkeemasxFgvIbYbdDB10qMxSWuaZLc_1736861176
[2025-01-14T13:34:56.581+0000] {logging_mixin.py:190} INFO - Successfully retrieved and saved HTML for: https://www.topcv.vn/viec-lam/truong-phong-kinh-doanh-cung-ung-lao-dong/1343466.html?ta_source=JobSearchList_LinkDetail&u_sr_id=JT4VrQw5rKTkeemasxFgvIbYbdDB10qMxSWuaZLc_1736861176
[2025-01-14T13:35:10.797+0000] {logging_mixin.py:190} INFO - Successfully retrieved and saved HTML for: https://www.topcv.vn/viec-lam/lap-trinh-vien-php-senior/1299695.html?ta_source=JobSearchList_LinkDetail&u_sr_id=JT4VrQw5rKTkeemasxFgvIbYbdDB10qMxSWuaZLc_1736861176
[2025-01-14T13:35:24.032+0000] {logging_mixin.py:190} INFO - Successfully retrieved and saved HTML for: https://www.topcv.vn/brand/chinhanhtranscosmoshochiminh/tuyen-dung/nhan-vien-thiet-ke-ky-thuat-cad-senior-level-j1583534.html?ta_source=JobSearchList_LinkDetail&u_sr_id=JT4VrQw5rKTkeemasxFgvIbYbdDB10qMxSWuaZLc_1736861176
[2025-01-14T13:35:32.953+0000] {logging_mixin.py:190} INFO - Successfully retrieved and saved HTML for: https://www.topcv.vn/viec-lam/nhan-vien-tap-su-tiem-nang-tpbank-quan-2-thu-nhap-hap-dan-tu-12-15tr-nhan-viec-ngay-hoac-sau-tet/1583726.html?ta_source=JobSearchList_LinkDetail&u_sr_id=JT4VrQw5rKTkeemasxFgvIbYbdDB10qMxSWuaZLc_1736861176
[2025-01-14T13:35:32.954+0000] {python.py:240} INFO - Done. Returned value was: None
[2025-01-14T13:35:32.974+0000] {taskinstance.py:340} INFO - ::group::Post task execution logs
[2025-01-14T13:35:32.975+0000] {taskinstance.py:352} INFO - Marking task as SUCCESS. dag_id=topcv_scraper, task_id=download_html, run_id=scheduled__2025-01-13T00:00:00+00:00, execution_date=20250113T000000, start_date=20250114T132620, end_date=20250114T133532
[2025-01-14T13:35:33.031+0000] {local_task_job_runner.py:266} INFO - Task exited with return code 0
[2025-01-14T13:35:33.069+0000] {taskinstance.py:3895} INFO - 1 downstream tasks scheduled from follow-on schedule check
[2025-01-14T13:35:33.072+0000] {local_task_job_runner.py:245} INFO - ::endgroup::
