[2025-01-14T03:18:46.978+0000] {local_task_job_runner.py:123} INFO - ::group::Pre task execution logs
[2025-01-14T03:18:47.576+0000] {taskinstance.py:2613} INFO - Dependencies all met for dep_context=non-requeueable deps ti=<TaskInstance: topcv_scraper.download_html manual__2025-01-14T03:18:16.685580+00:00 [queued]>
[2025-01-14T03:18:47.607+0000] {taskinstance.py:2613} INFO - Dependencies all met for dep_context=requeueable deps ti=<TaskInstance: topcv_scraper.download_html manual__2025-01-14T03:18:16.685580+00:00 [queued]>
[2025-01-14T03:18:47.608+0000] {taskinstance.py:2866} INFO - Starting attempt 1 of 2
[2025-01-14T03:18:47.668+0000] {taskinstance.py:2889} INFO - Executing <Task(PythonOperator): download_html> on 2025-01-14 03:18:16.685580+00:00
[2025-01-14T03:18:47.689+0000] {warnings.py:112} WARNING - /home/***/.local/lib/python3.12/site-packages/***/task/task_runner/standard_task_runner.py:70: DeprecationWarning: This process (pid=192) is multi-threaded, use of fork() may lead to deadlocks in the child.
  pid = os.fork()

[2025-01-14T03:18:47.723+0000] {standard_task_runner.py:72} INFO - Started process 200 to run task
[2025-01-14T03:18:47.760+0000] {standard_task_runner.py:104} INFO - Running: ['***', 'tasks', 'run', 'topcv_scraper', 'download_html', 'manual__2025-01-14T03:18:16.685580+00:00', '--job-id', '7', '--raw', '--subdir', 'DAGS_FOLDER/crawl_data.py', '--cfg-path', '/tmp/tmpupl2ut4i']
[2025-01-14T03:18:47.784+0000] {standard_task_runner.py:105} INFO - Job 7: Subtask download_html
[2025-01-14T03:18:48.261+0000] {task_command.py:467} INFO - Running <TaskInstance: topcv_scraper.download_html manual__2025-01-14T03:18:16.685580+00:00 [running]> on host 1c765e14a650
[2025-01-14T03:18:50.423+0000] {taskinstance.py:3132} INFO - Exporting env vars: AIRFLOW_CTX_DAG_OWNER='***' AIRFLOW_CTX_DAG_ID='topcv_scraper' AIRFLOW_CTX_TASK_ID='download_html' AIRFLOW_CTX_EXECUTION_DATE='2025-01-14T03:18:16.685580+00:00' AIRFLOW_CTX_TRY_NUMBER='1' AIRFLOW_CTX_DAG_RUN_ID='manual__2025-01-14T03:18:16.685580+00:00'
[2025-01-14T03:18:50.433+0000] {taskinstance.py:731} INFO - ::endgroup::
[2025-01-14T03:18:58.292+0000] {logging_mixin.py:190} INFO - Successfully retrieved and saved HTML for: https://www.topcv.vn/viec-lam/nhan-vien-sales-xuat-khau-thu-nhap-len-den-30-trieu-dong-bac-tu-liem/1584267.html?ta_source=JobSearchList_LinkDetail&u_sr_id=15m4i5sWfKlGnoxhznWb3n9Kf3dxL2alI5EFPoMu_1736824706
[2025-01-14T03:19:26.977+0000] {job.py:229} INFO - Heartbeat recovered after 28.86 seconds
[2025-01-14T03:19:29.143+0000] {logging_mixin.py:190} INFO - Successfully retrieved and saved HTML for: https://www.topcv.vn/brand/fecredit/tuyen-dung/unit-head-of-credit-assessment-department-j1537184.html?ta_source=JobSearchList_LinkDetail&u_sr_id=15m4i5sWfKlGnoxhznWb3n9Kf3dxL2alI5EFPoMu_1736824706
[2025-01-14T03:19:35.709+0000] {logging_mixin.py:190} INFO - Successfully retrieved and saved HTML for: https://www.topcv.vn/viec-lam/ky-thuat-vien-bao-tri-pm-technician/1584138.html?ta_source=JobSearchList_LinkDetail&u_sr_id=15m4i5sWfKlGnoxhznWb3n9Kf3dxL2alI5EFPoMu_1736824706
[2025-01-14T03:19:38.527+0000] {job.py:229} INFO - Heartbeat recovered after 35.00 seconds
[2025-01-14T03:19:41.670+0000] {logging_mixin.py:190} INFO - Successfully retrieved and saved HTML for: https://www.topcv.vn/viec-lam/ke-toan-noi-bo-biet-tieng-trung-nhan-viec-sau-tet/1584146.html?ta_source=JobSearchList_LinkDetail&u_sr_id=15m4i5sWfKlGnoxhznWb3n9Kf3dxL2alI5EFPoMu_1736824706
[2025-01-14T03:19:48.040+0000] {logging_mixin.py:190} INFO - Successfully retrieved and saved HTML for: https://www.topcv.vn/viec-lam/senior-full-stack-developer/1584140.html?ta_source=JobSearchList_LinkDetail&u_sr_id=15m4i5sWfKlGnoxhznWb3n9Kf3dxL2alI5EFPoMu_1736824706
[2025-01-14T03:20:02.976+0000] {logging_mixin.py:190} INFO - Successfully retrieved and saved HTML for: https://www.topcv.vn/viec-lam/nhan-vien-kinh-doanh-tu-van-sale-executive-thu-nhap-tu-10-tro-len-ha-noi-hcm/1534595.html?ta_source=JobSearchList_LinkDetail&u_sr_id=15m4i5sWfKlGnoxhznWb3n9Kf3dxL2alI5EFPoMu_1736824706
[2025-01-14T03:20:14.277+0000] {logging_mixin.py:190} INFO - Successfully retrieved and saved HTML for: https://www.topcv.vn/viec-lam/nhan-vien-sale-thuc-pham/1535305.html?ta_source=JobSearchList_LinkDetail&u_sr_id=15m4i5sWfKlGnoxhznWb3n9Kf3dxL2alI5EFPoMu_1736824706
[2025-01-14T03:20:16.642+0000] {job.py:229} INFO - Heartbeat recovered after 17.65 seconds
[2025-01-14T03:20:22.842+0000] {job.py:229} INFO - Heartbeat recovered after 17.06 seconds
[2025-01-14T03:20:28.739+0000] {logging_mixin.py:190} INFO - Successfully retrieved and saved HTML for: https://www.topcv.vn/viec-lam/chuyen-vien-tu-van-bao-hiem-du-an-tpbank-x-sun-life-viet-nam-toan-quoc/1495474.html?ta_source=JobSearchList_LinkDetail&u_sr_id=15m4i5sWfKlGnoxhznWb3n9Kf3dxL2alI5EFPoMu_1736824706
[2025-01-14T03:20:36.948+0000] {logging_mixin.py:190} INFO - Successfully retrieved and saved HTML for: https://www.topcv.vn/viec-lam/nhan-vien-tu-van-nu-thu-nhap-cao-uu-tien-biet-tieng-anh-hoac-tieng-han-giao-tiep-lam-viec-tai-quan-1/1583604.html?ta_source=JobSearchList_LinkDetail&u_sr_id=15m4i5sWfKlGnoxhznWb3n9Kf3dxL2alI5EFPoMu_1736824706
[2025-01-14T03:20:49.284+0000] {logging_mixin.py:190} INFO - Successfully retrieved and saved HTML for: https://www.topcv.vn/viec-lam/truong-nhom-tong-dai-tu-van-telesale-call-leader/1583375.html?ta_source=JobSearchList_LinkDetail&u_sr_id=15m4i5sWfKlGnoxhznWb3n9Kf3dxL2alI5EFPoMu_1736824706
[2025-01-14T03:20:57.990+0000] {job.py:229} INFO - Heartbeat recovered after 13.73 seconds
[2025-01-14T03:20:59.183+0000] {logging_mixin.py:190} INFO - Successfully retrieved and saved HTML for: https://www.topcv.vn/viec-lam/giao-vien-bo-mon-dia-li/1583272.html?ta_source=JobSearchList_LinkDetail&u_sr_id=15m4i5sWfKlGnoxhznWb3n9Kf3dxL2alI5EFPoMu_1736824706
[2025-01-14T03:21:05.864+0000] {logging_mixin.py:190} INFO - Successfully retrieved and saved HTML for: https://www.topcv.vn/viec-lam/giam-doc-nha-may-san-xuat/1583339.html?ta_source=JobSearchList_LinkDetail&u_sr_id=15m4i5sWfKlGnoxhznWb3n9Kf3dxL2alI5EFPoMu_1736824706
[2025-01-14T03:21:08.694+0000] {job.py:229} INFO - Heartbeat recovered after 18.34 seconds
[2025-01-14T03:21:30.949+0000] {logging_mixin.py:190} INFO - Successfully retrieved and saved HTML for: https://www.topcv.vn/viec-lam/nhan-vien-livestream-tiktok/1584029.html?ta_source=JobSearchList_LinkDetail&u_sr_id=15m4i5sWfKlGnoxhznWb3n9Kf3dxL2alI5EFPoMu_1736824706
[2025-01-14T03:21:32.160+0000] {job.py:229} INFO - Heartbeat recovered after 28.84 seconds
[2025-01-14T03:21:45.132+0000] {logging_mixin.py:190} INFO - Successfully retrieved and saved HTML for: https://www.topcv.vn/viec-lam/business-development-chuyen-vien-phat-trien-dai-ly/1560363.html?ta_source=JobSearchList_LinkDetail&u_sr_id=15m4i5sWfKlGnoxhznWb3n9Kf3dxL2alI5EFPoMu_1736824706
[2025-01-14T03:21:55.000+0000] {logging_mixin.py:190} INFO - Successfully retrieved and saved HTML for: https://www.topcv.vn/viec-lam/nhan-vien-thi-truong-cong-ty-facolos-pickleball/1525118.html?ta_source=JobSearchList_LinkDetail&u_sr_id=15m4i5sWfKlGnoxhznWb3n9Kf3dxL2alI5EFPoMu_1736824706
[2025-01-14T03:22:04.947+0000] {logging_mixin.py:190} INFO - Successfully retrieved and saved HTML for: https://www.topcv.vn/viec-lam/cua-hang-truong-shop-manager-thu-nhap-tu-12-16-trieu-thao-dien-tu-1-nam-kinh-nghiem/1388928.html?ta_source=JobSearchList_LinkDetail&u_sr_id=15m4i5sWfKlGnoxhznWb3n9Kf3dxL2alI5EFPoMu_1736824706
[2025-01-14T03:22:14.669+0000] {logging_mixin.py:190} INFO - Successfully retrieved and saved HTML for: https://www.topcv.vn/viec-lam/truong-phong-kinh-doanh-cung-ung-lao-dong/1343466.html?ta_source=JobSearchList_LinkDetail&u_sr_id=15m4i5sWfKlGnoxhznWb3n9Kf3dxL2alI5EFPoMu_1736824706
[2025-01-14T03:22:37.118+0000] {logging_mixin.py:190} INFO - Successfully retrieved and saved HTML for: https://www.topcv.vn/viec-lam/chuyen-vien-tu-van-tham-my-thu-nhap-tu-15tr-30tr-thang/1391152.html?ta_source=JobSearchList_LinkDetail&u_sr_id=15m4i5sWfKlGnoxhznWb3n9Kf3dxL2alI5EFPoMu_1736824706
[2025-01-14T03:22:40.115+0000] {job.py:229} INFO - Heartbeat recovered after 10.63 seconds
[2025-01-14T03:22:53.978+0000] {logging_mixin.py:190} INFO - Successfully retrieved and saved HTML for: https://www.topcv.vn/viec-lam/lap-trinh-vien-php-senior/1299695.html?ta_source=JobSearchList_LinkDetail&u_sr_id=15m4i5sWfKlGnoxhznWb3n9Kf3dxL2alI5EFPoMu_1736824706
[2025-01-14T03:23:04.112+0000] {logging_mixin.py:190} INFO - Successfully retrieved and saved HTML for: https://www.topcv.vn/viec-lam/nhan-vien-ke-hoach-san-xuat/1583696.html?ta_source=JobSearchList_LinkDetail&u_sr_id=15m4i5sWfKlGnoxhznWb3n9Kf3dxL2alI5EFPoMu_1736824706
[2025-01-14T03:23:17.201+0000] {logging_mixin.py:190} INFO - Successfully retrieved and saved HTML for: https://www.topcv.vn/viec-lam/giam-doc-kinh-doanh/1583300.html?ta_source=JobSearchList_LinkDetail&u_sr_id=15m4i5sWfKlGnoxhznWb3n9Kf3dxL2alI5EFPoMu_1736824706
[2025-01-14T03:23:24.464+0000] {logging_mixin.py:190} INFO - Successfully retrieved and saved HTML for: https://www.topcv.vn/viec-lam/ke-toan-truong/1583288.html?ta_source=JobSearchList_LinkDetail&u_sr_id=15m4i5sWfKlGnoxhznWb3n9Kf3dxL2alI5EFPoMu_1736824706
