[2025-01-16T19:02:33.880+0000] {local_task_job_runner.py:123} INFO - ::group::Pre task execution logs
[2025-01-16T19:02:33.908+0000] {taskinstance.py:2613} INFO - Dependencies all met for dep_context=non-requeueable deps ti=<TaskInstance: topcv_scraper.extract_job_data manual__2025-01-16T03:24:14.673024+00:00 [queued]>
[2025-01-16T19:02:33.919+0000] {taskinstance.py:2613} INFO - Dependencies all met for dep_context=requeueable deps ti=<TaskInstance: topcv_scraper.extract_job_data manual__2025-01-16T03:24:14.673024+00:00 [queued]>
[2025-01-16T19:02:33.920+0000] {taskinstance.py:2866} INFO - Starting attempt 1 of 2
[2025-01-16T19:02:33.937+0000] {taskinstance.py:2889} INFO - Executing <Task(PythonOperator): extract_job_data> on 2025-01-16 03:24:14.673024+00:00
[2025-01-16T19:02:33.945+0000] {warnings.py:112} WARNING - /home/***/.local/lib/python3.12/site-packages/***/task/task_runner/standard_task_runner.py:70: DeprecationWarning: This process (pid=12799) is multi-threaded, use of fork() may lead to deadlocks in the child.
  pid = os.fork()

[2025-01-16T19:02:33.947+0000] {standard_task_runner.py:72} INFO - Started process 12800 to run task
[2025-01-16T19:02:33.957+0000] {standard_task_runner.py:104} INFO - Running: ['***', 'tasks', 'run', 'topcv_scraper', 'extract_job_data', 'manual__2025-01-16T03:24:14.673024+00:00', '--job-id', '11', '--raw', '--subdir', 'DAGS_FOLDER/crawl_data_topcv.py', '--cfg-path', '/tmp/tmpclbm7ko0']
[2025-01-16T19:02:33.967+0000] {standard_task_runner.py:105} INFO - Job 11: Subtask extract_job_data
[2025-01-16T19:02:34.070+0000] {task_command.py:467} INFO - Running <TaskInstance: topcv_scraper.extract_job_data manual__2025-01-16T03:24:14.673024+00:00 [running]> on host 6b9b16f85a92
[2025-01-16T19:02:34.156+0000] {taskinstance.py:3132} INFO - Exporting env vars: AIRFLOW_CTX_DAG_OWNER='***' AIRFLOW_CTX_DAG_ID='topcv_scraper' AIRFLOW_CTX_TASK_ID='extract_job_data' AIRFLOW_CTX_EXECUTION_DATE='2025-01-16T03:24:14.673024+00:00' AIRFLOW_CTX_TRY_NUMBER='1' AIRFLOW_CTX_DAG_RUN_ID='manual__2025-01-16T03:24:14.673024+00:00'
[2025-01-16T19:02:34.159+0000] {taskinstance.py:731} INFO - ::endgroup::
[2025-01-17T00:13:39.476+0000] {job.py:229} INFO - Heartbeat recovered after 18473.80 seconds
[2025-01-17T00:34:24.494+0000] {logging_mixin.py:190} INFO - Job data saved to /opt/***/data/extracted_jobs.csv successfully.
[2025-01-17T00:34:24.500+0000] {python.py:240} INFO - Done. Returned value was: None
[2025-01-17T00:34:24.511+0000] {taskinstance.py:340} INFO - ::group::Post task execution logs
[2025-01-17T00:34:24.511+0000] {taskinstance.py:352} INFO - Marking task as SUCCESS. dag_id=topcv_scraper, task_id=extract_job_data, run_id=manual__2025-01-16T03:24:14.673024+00:00, execution_date=20250116T032414, start_date=20250116T190233, end_date=20250117T003424
[2025-01-17T00:34:24.594+0000] {local_task_job_runner.py:266} INFO - Task exited with return code 0
[2025-01-17T00:34:24.660+0000] {taskinstance.py:3895} INFO - 0 downstream tasks scheduled from follow-on schedule check
[2025-01-17T00:34:24.663+0000] {local_task_job_runner.py:245} INFO - ::endgroup::
