[2025-01-10T18:35:45.516+0000] {local_task_job_runner.py:123} INFO - ::group::Pre task execution logs
[2025-01-10T18:35:45.531+0000] {taskinstance.py:2613} INFO - Dependencies all met for dep_context=non-requeueable deps ti=<TaskInstance: topcv_scraper.download_html scheduled__2025-01-09T00:00:00+00:00 [queued]>
[2025-01-10T18:35:45.539+0000] {taskinstance.py:2613} INFO - Dependencies all met for dep_context=requeueable deps ti=<TaskInstance: topcv_scraper.download_html scheduled__2025-01-09T00:00:00+00:00 [queued]>
[2025-01-10T18:35:45.539+0000] {taskinstance.py:2866} INFO - Starting attempt 1 of 2
[2025-01-10T18:35:45.551+0000] {taskinstance.py:2889} INFO - Executing <Task(PythonOperator): download_html> on 2025-01-09 00:00:00+00:00
[2025-01-10T18:35:45.556+0000] {warnings.py:112} WARNING - /home/***/.local/lib/python3.12/site-packages/***/task/task_runner/standard_task_runner.py:70: DeprecationWarning: This process (pid=4252) is multi-threaded, use of fork() may lead to deadlocks in the child.
  pid = os.fork()

[2025-01-10T18:35:45.558+0000] {standard_task_runner.py:72} INFO - Started process 4253 to run task
[2025-01-10T18:35:45.558+0000] {standard_task_runner.py:104} INFO - Running: ['***', 'tasks', 'run', 'topcv_scraper', 'download_html', 'scheduled__2025-01-09T00:00:00+00:00', '--job-id', '9', '--raw', '--subdir', 'DAGS_FOLDER/crawl_data.py', '--cfg-path', '/tmp/tmpu0vo5rz7']
[2025-01-10T18:35:45.560+0000] {standard_task_runner.py:105} INFO - Job 9: Subtask download_html
[2025-01-10T18:35:45.600+0000] {task_command.py:467} INFO - Running <TaskInstance: topcv_scraper.download_html scheduled__2025-01-09T00:00:00+00:00 [running]> on host 168926f0adfc
[2025-01-10T18:35:45.668+0000] {taskinstance.py:3132} INFO - Exporting env vars: AIRFLOW_CTX_DAG_OWNER='***' AIRFLOW_CTX_DAG_ID='topcv_scraper' AIRFLOW_CTX_TASK_ID='download_html' AIRFLOW_CTX_EXECUTION_DATE='2025-01-09T00:00:00+00:00' AIRFLOW_CTX_TRY_NUMBER='1' AIRFLOW_CTX_DAG_RUN_ID='scheduled__2025-01-09T00:00:00+00:00'
[2025-01-10T18:35:45.670+0000] {taskinstance.py:731} INFO - ::endgroup::
[2025-01-10T18:35:58.828+0000] {logging_mixin.py:190} INFO - Successfully retrieved and saved HTML for: https://www.topcv.vn/viec-lam/nhan-vien-van-phong-nhap-lieu-data-entry-thu-nhap-7-trieu-thang-tai-hn-hcm/1308266.html?ta_source=JobSearchList_LinkDetail&u_sr_id=FuQL26J1xSjGYmjMUerIrLcb8SipKlWM8QEYRfhw_1736534096
[2025-01-10T18:36:09.101+0000] {logging_mixin.py:190} INFO - Successfully retrieved and saved HTML for: https://www.topcv.vn/viec-lam/ke-toan-vien-muc-luong-8-11-trieu/1582903.html?ta_source=JobSearchList_LinkDetail&u_sr_id=FuQL26J1xSjGYmjMUerIrLcb8SipKlWM8QEYRfhw_1736534096
[2025-01-10T18:36:23.641+0000] {logging_mixin.py:190} INFO - Successfully retrieved and saved HTML for: https://www.topcv.vn/viec-lam/giao-vien-am-nhac-parttime-khoi-tieu-hoc/1582593.html?ta_source=JobSearchList_LinkDetail&u_sr_id=FuQL26J1xSjGYmjMUerIrLcb8SipKlWM8QEYRfhw_1736534096
[2025-01-10T18:36:33.324+0000] {logging_mixin.py:190} INFO - Successfully retrieved and saved HTML for: https://www.topcv.vn/viec-lam/nhan-vien-han-nguoi-tho-phu-co-khi/1582779.html?ta_source=JobSearchList_LinkDetail&u_sr_id=FuQL26J1xSjGYmjMUerIrLcb8SipKlWM8QEYRfhw_1736534096
[2025-01-10T18:36:41.410+0000] {logging_mixin.py:190} INFO - Successfully retrieved and saved HTML for: https://www.topcv.vn/viec-lam/truong-nhom-quan-ly-chat-luong-qa-qc/1582769.html?ta_source=JobSearchList_LinkDetail&u_sr_id=FuQL26J1xSjGYmjMUerIrLcb8SipKlWM8QEYRfhw_1736534096
[2025-01-10T18:36:52.165+0000] {logging_mixin.py:190} INFO - Successfully retrieved and saved HTML for: https://www.topcv.vn/viec-lam/nhan-vien-kinh-doanh-tieng-anh-tieng-trung/1581286.html?ta_source=JobSearchList_LinkDetail&u_sr_id=FuQL26J1xSjGYmjMUerIrLcb8SipKlWM8QEYRfhw_1736534096
[2025-01-10T18:37:00.621+0000] {logging_mixin.py:190} INFO - Successfully retrieved and saved HTML for: https://www.topcv.vn/viec-lam/nhan-vien-sales-online-ho-tro-don-hang-data-co-san-thu-nhap-len-den-20-trieu-quan-12/1582458.html?ta_source=JobSearchList_LinkDetail&u_sr_id=FuQL26J1xSjGYmjMUerIrLcb8SipKlWM8QEYRfhw_1736534096
[2025-01-10T18:37:10.079+0000] {logging_mixin.py:190} INFO - Successfully retrieved and saved HTML for: https://www.topcv.vn/viec-lam/giao-vien-mam-non-tai-ho-chi-minh-va-ha-noi/1576716.html?ta_source=JobSearchList_LinkDetail&u_sr_id=FuQL26J1xSjGYmjMUerIrLcb8SipKlWM8QEYRfhw_1736534096
[2025-01-10T18:37:15.779+0000] {logging_mixin.py:190} INFO - Successfully retrieved and saved HTML for: https://www.topcv.vn/viec-lam/nhan-vien-y-te-mam-non-tai-ho-chi-minh/1524935.html?ta_source=JobSearchList_LinkDetail&u_sr_id=FuQL26J1xSjGYmjMUerIrLcb8SipKlWM8QEYRfhw_1736534096
[2025-01-10T18:37:22.027+0000] {logging_mixin.py:190} INFO - Successfully retrieved and saved HTML for: https://www.topcv.vn/viec-lam/contact-center-follow-up-officer/1582625.html?ta_source=JobSearchList_LinkDetail&u_sr_id=FuQL26J1xSjGYmjMUerIrLcb8SipKlWM8QEYRfhw_1736534096
[2025-01-10T18:37:32.993+0000] {logging_mixin.py:190} INFO - Successfully retrieved and saved HTML for: https://www.topcv.vn/viec-lam/contact-center-correspondence-officer/1582636.html?ta_source=JobSearchList_LinkDetail&u_sr_id=FuQL26J1xSjGYmjMUerIrLcb8SipKlWM8QEYRfhw_1736534096
[2025-01-10T18:37:43.822+0000] {logging_mixin.py:190} INFO - Successfully retrieved and saved HTML for: https://www.topcv.vn/viec-lam/chuyen-vien-phan-tich-mo-hinh-qlrr/1582693.html?ta_source=JobSearchList_LinkDetail&u_sr_id=FuQL26J1xSjGYmjMUerIrLcb8SipKlWM8QEYRfhw_1736534096
[2025-01-10T18:37:57.787+0000] {logging_mixin.py:190} INFO - Successfully retrieved and saved HTML for: https://www.topcv.vn/viec-lam/chuyen-vien-quan-he-khach-hang-fdi-tieng-trung-tieng-han/1523027.html?ta_source=JobSearchList_LinkDetail&u_sr_id=FuQL26J1xSjGYmjMUerIrLcb8SipKlWM8QEYRfhw_1736534096
[2025-01-10T18:38:06.813+0000] {logging_mixin.py:190} INFO - Successfully retrieved and saved HTML for: https://www.topcv.vn/viec-lam/nhan-vien-ban-hang-tai-cua-hang-tai-ho-chi-minh-ha-noi/1482186.html?ta_source=JobSearchList_LinkDetail&u_sr_id=FuQL26J1xSjGYmjMUerIrLcb8SipKlWM8QEYRfhw_1736534096
[2025-01-10T18:38:12.506+0000] {logging_mixin.py:190} INFO - Successfully retrieved and saved HTML for: https://www.topcv.vn/viec-lam/nhan-vien-kinh-doanh-mang-can-ho-thu-nhap-tu-7-50-trieu-khong-yeu-cau-kinh-nghiem/1463269.html?ta_source=JobSearchList_LinkDetail&u_sr_id=FuQL26J1xSjGYmjMUerIrLcb8SipKlWM8QEYRfhw_1736534096
[2025-01-10T18:38:25.362+0000] {logging_mixin.py:190} INFO - Successfully retrieved and saved HTML for: https://www.topcv.vn/viec-lam/chuyen-vien-tu-van-du-hoc-sales-du-hoc-thu-nhap-10-20-trieu-luong-cung-cao-nhan-viec-ngay/1582607.html?ta_source=JobSearchList_LinkDetail&u_sr_id=FuQL26J1xSjGYmjMUerIrLcb8SipKlWM8QEYRfhw_1736534096
[2025-01-10T18:38:34.186+0000] {logging_mixin.py:190} INFO - Rate limit reached for https://www.topcv.vn/viec-lam/ky-su-xay-dung-qs-qc-khoi-du-an-ho-tro-chi-phi-an-o/1582578.html?ta_source=JobSearchList_LinkDetail&u_sr_id=FuQL26J1xSjGYmjMUerIrLcb8SipKlWM8QEYRfhw_1736534096. Retrying after 30 seconds...
[2025-01-10T18:39:04.358+0000] {logging_mixin.py:190} INFO - Rate limit reached for https://www.topcv.vn/viec-lam/ky-su-xay-dung-qs-qc-khoi-du-an-ho-tro-chi-phi-an-o/1582578.html?ta_source=JobSearchList_LinkDetail&u_sr_id=FuQL26J1xSjGYmjMUerIrLcb8SipKlWM8QEYRfhw_1736534096. Retrying after 30 seconds...
[2025-01-10T18:39:34.672+0000] {logging_mixin.py:190} INFO - Rate limit reached for https://www.topcv.vn/viec-lam/ky-su-xay-dung-qs-qc-khoi-du-an-ho-tro-chi-phi-an-o/1582578.html?ta_source=JobSearchList_LinkDetail&u_sr_id=FuQL26J1xSjGYmjMUerIrLcb8SipKlWM8QEYRfhw_1736534096. Retrying after 30 seconds...
[2025-01-10T18:40:04.671+0000] {logging_mixin.py:190} INFO - Max retries exceeded for https://www.topcv.vn/viec-lam/ky-su-xay-dung-qs-qc-khoi-du-an-ho-tro-chi-phi-an-o/1582578.html?ta_source=JobSearchList_LinkDetail&u_sr_id=FuQL26J1xSjGYmjMUerIrLcb8SipKlWM8QEYRfhw_1736534096. Skipping.
[2025-01-10T18:40:11.495+0000] {logging_mixin.py:190} INFO - Successfully retrieved and saved HTML for: https://www.topcv.vn/viec-lam/phien-dich-du-an-tieng-trung-thu-nhap-hap-dan/1582569.html?ta_source=JobSearchList_LinkDetail&u_sr_id=FuQL26J1xSjGYmjMUerIrLcb8SipKlWM8QEYRfhw_1736534096
[2025-01-10T18:40:27.059+0000] {logging_mixin.py:190} INFO - Successfully retrieved and saved HTML for: https://www.topcv.vn/brand/bpomatbao/tuyen-dung/nhan-vien-kinh-doanh-ban-hang-ho-tro-100-data-nong-nhan-viec-ngay-hoac-phong-van-truoc-tet-nhan-viec-sau-tet-thu-viec-nhan-100-luong-cung-thu-nhap-upto-25-trieu-thang-tu-van-telesale-sales-admin-j1582562.html?ta_source=JobSearchList_LinkDetail&u_sr_id=FuQL26J1xSjGYmjMUerIrLcb8SipKlWM8QEYRfhw_1736534096
[2025-01-10T18:40:37.151+0000] {logging_mixin.py:190} INFO - Successfully retrieved and saved HTML for: https://www.topcv.vn/viec-lam/operations-coordinator-receptionist-shtp-district-9-hcmc/1525526.html?ta_source=JobSearchList_LinkDetail&u_sr_id=FuQL26J1xSjGYmjMUerIrLcb8SipKlWM8QEYRfhw_1736534096
[2025-01-10T18:40:43.849+0000] {logging_mixin.py:190} INFO - Rate limit reached for https://www.topcv.vn/viec-lam/truong-nhom-marketing-marketing-leader-luong-tu-15-trieu-thang-nhan-viec-ngay/1582398.html?ta_source=JobSearchList_LinkDetail&u_sr_id=FuQL26J1xSjGYmjMUerIrLcb8SipKlWM8QEYRfhw_1736534096. Retrying after 30 seconds...
[2025-01-10T18:46:49.622+0000] {local_task_job_runner.py:123} INFO - ::group::Pre task execution logs
[2025-01-10T18:46:49.657+0000] {taskinstance.py:2613} INFO - Dependencies all met for dep_context=non-requeueable deps ti=<TaskInstance: topcv_scraper.download_html scheduled__2025-01-09T00:00:00+00:00 [queued]>
[2025-01-10T18:46:49.679+0000] {taskinstance.py:2613} INFO - Dependencies all met for dep_context=requeueable deps ti=<TaskInstance: topcv_scraper.download_html scheduled__2025-01-09T00:00:00+00:00 [queued]>
[2025-01-10T18:46:49.683+0000] {taskinstance.py:2866} INFO - Starting attempt 1 of 2
[2025-01-10T18:46:49.713+0000] {taskinstance.py:2889} INFO - Executing <Task(PythonOperator): download_html> on 2025-01-09 00:00:00+00:00
[2025-01-10T18:46:49.726+0000] {warnings.py:112} WARNING - /home/***/.local/lib/python3.12/site-packages/***/task/task_runner/standard_task_runner.py:70: DeprecationWarning: This process (pid=87) is multi-threaded, use of fork() may lead to deadlocks in the child.
  pid = os.fork()

[2025-01-10T18:46:49.729+0000] {standard_task_runner.py:72} INFO - Started process 89 to run task
[2025-01-10T18:46:49.736+0000] {standard_task_runner.py:104} INFO - Running: ['***', 'tasks', 'run', 'topcv_scraper', 'download_html', 'scheduled__2025-01-09T00:00:00+00:00', '--job-id', '5', '--raw', '--subdir', 'DAGS_FOLDER/crawl_data.py', '--cfg-path', '/tmp/tmpi7jmh2rv']
[2025-01-10T18:46:49.742+0000] {standard_task_runner.py:105} INFO - Job 5: Subtask download_html
[2025-01-10T18:46:49.825+0000] {task_command.py:467} INFO - Running <TaskInstance: topcv_scraper.download_html scheduled__2025-01-09T00:00:00+00:00 [running]> on host 1d1dc2f58764
[2025-01-10T18:46:49.963+0000] {taskinstance.py:3132} INFO - Exporting env vars: AIRFLOW_CTX_DAG_OWNER='***' AIRFLOW_CTX_DAG_ID='topcv_scraper' AIRFLOW_CTX_TASK_ID='download_html' AIRFLOW_CTX_EXECUTION_DATE='2025-01-09T00:00:00+00:00' AIRFLOW_CTX_TRY_NUMBER='1' AIRFLOW_CTX_DAG_RUN_ID='scheduled__2025-01-09T00:00:00+00:00'
[2025-01-10T18:46:49.965+0000] {taskinstance.py:731} INFO - ::endgroup::
[2025-01-10T18:47:02.551+0000] {logging_mixin.py:190} INFO - Successfully retrieved and saved HTML for: https://www.topcv.vn/viec-lam/nhan-vien-van-phong-nhap-lieu-data-entry-thu-nhap-7-trieu-thang-tai-hn-hcm/1308266.html?ta_source=JobSearchList_LinkDetail&u_sr_id=ra4uTGX8TGnrqUpgq99grr3x3KU4mShGrozvaDdU_1736534754
[2025-01-10T18:47:08.038+0000] {logging_mixin.py:190} INFO - Successfully retrieved and saved HTML for: https://www.topcv.vn/viec-lam/ke-toan-vien-muc-luong-8-11-trieu/1582903.html?ta_source=JobSearchList_LinkDetail&u_sr_id=ra4uTGX8TGnrqUpgq99grr3x3KU4mShGrozvaDdU_1736534754
[2025-01-10T18:47:16.408+0000] {logging_mixin.py:190} INFO - Successfully retrieved and saved HTML for: https://www.topcv.vn/viec-lam/giao-vien-am-nhac-parttime-khoi-tieu-hoc/1582593.html?ta_source=JobSearchList_LinkDetail&u_sr_id=ra4uTGX8TGnrqUpgq99grr3x3KU4mShGrozvaDdU_1736534754
[2025-01-10T18:47:24.049+0000] {logging_mixin.py:190} INFO - Successfully retrieved and saved HTML for: https://www.topcv.vn/viec-lam/nhan-vien-han-nguoi-tho-phu-co-khi/1582779.html?ta_source=JobSearchList_LinkDetail&u_sr_id=ra4uTGX8TGnrqUpgq99grr3x3KU4mShGrozvaDdU_1736534754
[2025-01-10T18:47:30.747+0000] {logging_mixin.py:190} INFO - Successfully retrieved and saved HTML for: https://www.topcv.vn/viec-lam/truong-nhom-quan-ly-chat-luong-qa-qc/1582769.html?ta_source=JobSearchList_LinkDetail&u_sr_id=ra4uTGX8TGnrqUpgq99grr3x3KU4mShGrozvaDdU_1736534754
[2025-01-10T18:47:40.913+0000] {logging_mixin.py:190} INFO - Successfully retrieved and saved HTML for: https://www.topcv.vn/viec-lam/nhan-vien-kinh-doanh-tieng-anh-tieng-trung/1581286.html?ta_source=JobSearchList_LinkDetail&u_sr_id=ra4uTGX8TGnrqUpgq99grr3x3KU4mShGrozvaDdU_1736534754
[2025-01-10T18:47:47.649+0000] {logging_mixin.py:190} INFO - Successfully retrieved and saved HTML for: https://www.topcv.vn/viec-lam/nhan-vien-sales-online-ho-tro-don-hang-data-co-san-thu-nhap-len-den-20-trieu-quan-12/1582458.html?ta_source=JobSearchList_LinkDetail&u_sr_id=ra4uTGX8TGnrqUpgq99grr3x3KU4mShGrozvaDdU_1736534754
[2025-01-10T18:47:55.377+0000] {logging_mixin.py:190} INFO - Successfully retrieved and saved HTML for: https://www.topcv.vn/viec-lam/giao-vien-mam-non-tai-ho-chi-minh-va-ha-noi/1576716.html?ta_source=JobSearchList_LinkDetail&u_sr_id=ra4uTGX8TGnrqUpgq99grr3x3KU4mShGrozvaDdU_1736534754
[2025-01-10T18:48:04.269+0000] {logging_mixin.py:190} INFO - Successfully retrieved and saved HTML for: https://www.topcv.vn/viec-lam/nhan-vien-y-te-mam-non-tai-ho-chi-minh/1524935.html?ta_source=JobSearchList_LinkDetail&u_sr_id=ra4uTGX8TGnrqUpgq99grr3x3KU4mShGrozvaDdU_1736534754
[2025-01-10T18:48:18.396+0000] {logging_mixin.py:190} INFO - Successfully retrieved and saved HTML for: https://www.topcv.vn/viec-lam/contact-center-follow-up-officer/1582625.html?ta_source=JobSearchList_LinkDetail&u_sr_id=ra4uTGX8TGnrqUpgq99grr3x3KU4mShGrozvaDdU_1736534754
[2025-01-10T18:48:29.930+0000] {logging_mixin.py:190} INFO - Rate limit reached for https://www.topcv.vn/viec-lam/contact-center-correspondence-officer/1582636.html?ta_source=JobSearchList_LinkDetail&u_sr_id=ra4uTGX8TGnrqUpgq99grr3x3KU4mShGrozvaDdU_1736534754. Retrying after 30 seconds...
[2025-01-10T18:49:01.255+0000] {logging_mixin.py:190} INFO - Successfully retrieved and saved HTML for: https://www.topcv.vn/viec-lam/contact-center-correspondence-officer/1582636.html?ta_source=JobSearchList_LinkDetail&u_sr_id=ra4uTGX8TGnrqUpgq99grr3x3KU4mShGrozvaDdU_1736534754
[2025-01-10T18:49:09.416+0000] {logging_mixin.py:190} INFO - Successfully retrieved and saved HTML for: https://www.topcv.vn/viec-lam/chuyen-vien-phan-tich-mo-hinh-qlrr/1582693.html?ta_source=JobSearchList_LinkDetail&u_sr_id=ra4uTGX8TGnrqUpgq99grr3x3KU4mShGrozvaDdU_1736534754
[2025-01-10T18:49:15.541+0000] {logging_mixin.py:190} INFO - Successfully retrieved and saved HTML for: https://www.topcv.vn/viec-lam/chuyen-vien-quan-he-khach-hang-fdi-tieng-trung-tieng-han/1523027.html?ta_source=JobSearchList_LinkDetail&u_sr_id=ra4uTGX8TGnrqUpgq99grr3x3KU4mShGrozvaDdU_1736534754
[2025-01-10T18:49:26.016+0000] {logging_mixin.py:190} INFO - Successfully retrieved and saved HTML for: https://www.topcv.vn/viec-lam/nhan-vien-ban-hang-tai-cua-hang-tai-ho-chi-minh-ha-noi/1482186.html?ta_source=JobSearchList_LinkDetail&u_sr_id=ra4uTGX8TGnrqUpgq99grr3x3KU4mShGrozvaDdU_1736534754
[2025-01-10T18:49:41.035+0000] {logging_mixin.py:190} INFO - Successfully retrieved and saved HTML for: https://www.topcv.vn/viec-lam/nhan-vien-kinh-doanh-mang-can-ho-thu-nhap-tu-7-50-trieu-khong-yeu-cau-kinh-nghiem/1463269.html?ta_source=JobSearchList_LinkDetail&u_sr_id=ra4uTGX8TGnrqUpgq99grr3x3KU4mShGrozvaDdU_1736534754
[2025-01-10T18:49:54.874+0000] {logging_mixin.py:190} INFO - Successfully retrieved and saved HTML for: https://www.topcv.vn/viec-lam/chuyen-vien-tu-van-du-hoc-sales-du-hoc-thu-nhap-10-20-trieu-luong-cung-cao-nhan-viec-ngay/1582607.html?ta_source=JobSearchList_LinkDetail&u_sr_id=ra4uTGX8TGnrqUpgq99grr3x3KU4mShGrozvaDdU_1736534754
[2025-01-10T18:50:03.744+0000] {logging_mixin.py:190} INFO - Successfully retrieved and saved HTML for: https://www.topcv.vn/viec-lam/ky-su-xay-dung-qs-qc-khoi-du-an-ho-tro-chi-phi-an-o/1582578.html?ta_source=JobSearchList_LinkDetail&u_sr_id=ra4uTGX8TGnrqUpgq99grr3x3KU4mShGrozvaDdU_1736534754
[2025-01-10T18:50:38.963+0000] {logging_mixin.py:190} INFO - An error occurred while downloading HTML: ('Connection aborted.', RemoteDisconnected('Remote end closed connection without response'))
[2025-01-10T18:50:38.966+0000] {python.py:240} INFO - Done. Returned value was: None
[2025-01-10T18:50:38.986+0000] {taskinstance.py:340} INFO - ::group::Post task execution logs
[2025-01-10T18:50:38.987+0000] {taskinstance.py:352} INFO - Marking task as SUCCESS. dag_id=topcv_scraper, task_id=download_html, run_id=scheduled__2025-01-09T00:00:00+00:00, execution_date=20250109T000000, start_date=20250110T184649, end_date=20250110T185038
[2025-01-10T18:50:39.046+0000] {local_task_job_runner.py:266} INFO - Task exited with return code 0
[2025-01-10T18:50:39.089+0000] {taskinstance.py:3895} INFO - 1 downstream tasks scheduled from follow-on schedule check
[2025-01-10T18:50:39.093+0000] {local_task_job_runner.py:245} INFO - ::endgroup::
