[2025-01-11T12:33:54.652+0000] {local_task_job_runner.py:123} INFO - ::group::Pre task execution logs
[2025-01-11T12:33:54.668+0000] {taskinstance.py:2613} INFO - Dependencies all met for dep_context=non-requeueable deps ti=<TaskInstance: topcv_scraper.extract_job_data scheduled__2025-01-10T00:00:00+00:00 [queued]>
[2025-01-11T12:33:54.677+0000] {taskinstance.py:2613} INFO - Dependencies all met for dep_context=requeueable deps ti=<TaskInstance: topcv_scraper.extract_job_data scheduled__2025-01-10T00:00:00+00:00 [queued]>
[2025-01-11T12:33:54.677+0000] {taskinstance.py:2866} INFO - Starting attempt 1 of 2
[2025-01-11T12:33:54.689+0000] {taskinstance.py:2889} INFO - Executing <Task(PythonOperator): extract_job_data> on 2025-01-10 00:00:00+00:00
[2025-01-11T12:33:54.695+0000] {warnings.py:112} WARNING - /home/***/.local/lib/python3.12/site-packages/***/task/task_runner/standard_task_runner.py:70: DeprecationWarning: This process (pid=2227) is multi-threaded, use of fork() may lead to deadlocks in the child.
  pid = os.fork()

[2025-01-11T12:33:54.696+0000] {standard_task_runner.py:72} INFO - Started process 2228 to run task
[2025-01-11T12:33:54.697+0000] {standard_task_runner.py:104} INFO - Running: ['***', 'tasks', 'run', 'topcv_scraper', 'extract_job_data', 'scheduled__2025-01-10T00:00:00+00:00', '--job-id', '8', '--raw', '--subdir', 'DAGS_FOLDER/crawl_data.py', '--cfg-path', '/tmp/tmp9t0n5mnv']
[2025-01-11T12:33:54.700+0000] {standard_task_runner.py:105} INFO - Job 8: Subtask extract_job_data
[2025-01-11T12:33:54.742+0000] {task_command.py:467} INFO - Running <TaskInstance: topcv_scraper.extract_job_data scheduled__2025-01-10T00:00:00+00:00 [running]> on host 57959064be06
[2025-01-11T12:33:55.353+0000] {taskinstance.py:3132} INFO - Exporting env vars: AIRFLOW_CTX_DAG_OWNER='***' AIRFLOW_CTX_DAG_ID='topcv_scraper' AIRFLOW_CTX_TASK_ID='extract_job_data' AIRFLOW_CTX_EXECUTION_DATE='2025-01-10T00:00:00+00:00' AIRFLOW_CTX_TRY_NUMBER='1' AIRFLOW_CTX_DAG_RUN_ID='scheduled__2025-01-10T00:00:00+00:00'
[2025-01-11T12:33:55.355+0000] {taskinstance.py:731} INFO - ::endgroup::
[2025-01-11T12:37:22.280+0000] {logging_mixin.py:190} INFO - An error occurred: int() argument must be a string, a bytes-like object or a real number, not 'NoneType'
[2025-01-11T12:37:22.281+0000] {python.py:240} INFO - Done. Returned value was: None
[2025-01-11T12:37:22.290+0000] {taskinstance.py:340} INFO - ::group::Post task execution logs
[2025-01-11T12:37:22.291+0000] {taskinstance.py:352} INFO - Marking task as SUCCESS. dag_id=topcv_scraper, task_id=extract_job_data, run_id=scheduled__2025-01-10T00:00:00+00:00, execution_date=20250110T000000, start_date=20250111T123354, end_date=20250111T123722
[2025-01-11T12:37:22.345+0000] {local_task_job_runner.py:266} INFO - Task exited with return code 0
[2025-01-11T12:37:22.357+0000] {taskinstance.py:3895} INFO - 0 downstream tasks scheduled from follow-on schedule check
[2025-01-11T12:37:22.359+0000] {local_task_job_runner.py:245} INFO - ::endgroup::
