[2025-01-16T02:50:09.682+0000] {local_task_job_runner.py:123} INFO - ::group::Pre task execution logs
[2025-01-16T02:50:09.715+0000] {taskinstance.py:2613} INFO - Dependencies all met for dep_context=non-requeueable deps ti=<TaskInstance: topcv_scraper.download_html manual__2025-01-16T02:49:59.207075+00:00 [queued]>
[2025-01-16T02:50:09.728+0000] {taskinstance.py:2613} INFO - Dependencies all met for dep_context=requeueable deps ti=<TaskInstance: topcv_scraper.download_html manual__2025-01-16T02:49:59.207075+00:00 [queued]>
[2025-01-16T02:50:09.729+0000] {taskinstance.py:2866} INFO - Starting attempt 1 of 2
[2025-01-16T02:50:09.751+0000] {taskinstance.py:2889} INFO - Executing <Task(PythonOperator): download_html> on 2025-01-16 02:49:59.207075+00:00
[2025-01-16T02:50:09.760+0000] {warnings.py:112} WARNING - /home/***/.local/lib/python3.12/site-packages/***/task/task_runner/standard_task_runner.py:70: DeprecationWarning: This process (pid=80) is multi-threaded, use of fork() may lead to deadlocks in the child.
  pid = os.fork()

[2025-01-16T02:50:09.764+0000] {standard_task_runner.py:72} INFO - Started process 81 to run task
[2025-01-16T02:50:09.763+0000] {standard_task_runner.py:104} INFO - Running: ['***', 'tasks', 'run', 'topcv_scraper', 'download_html', 'manual__2025-01-16T02:49:59.207075+00:00', '--job-id', '5', '--raw', '--subdir', 'DAGS_FOLDER/crawl_data_topcv.py', '--cfg-path', '/tmp/tmpghc_k4yz']
[2025-01-16T02:50:09.769+0000] {standard_task_runner.py:105} INFO - Job 5: Subtask download_html
[2025-01-16T02:50:10.195+0000] {task_command.py:467} INFO - Running <TaskInstance: topcv_scraper.download_html manual__2025-01-16T02:49:59.207075+00:00 [running]> on host 6b9b16f85a92
[2025-01-16T02:50:10.390+0000] {taskinstance.py:3132} INFO - Exporting env vars: AIRFLOW_CTX_DAG_OWNER='***' AIRFLOW_CTX_DAG_ID='topcv_scraper' AIRFLOW_CTX_TASK_ID='download_html' AIRFLOW_CTX_EXECUTION_DATE='2025-01-16T02:49:59.207075+00:00' AIRFLOW_CTX_TRY_NUMBER='1' AIRFLOW_CTX_DAG_RUN_ID='manual__2025-01-16T02:49:59.207075+00:00'
[2025-01-16T02:50:10.392+0000] {taskinstance.py:731} INFO - ::endgroup::
[2025-01-16T02:50:25.992+0000] {logging_mixin.py:190} INFO - Successfully retrieved and saved HTML for: https://www.topcv.vn/brand/chinhanhtranscosmoshochiminh/tuyen-dung/nhan-vien-cham-soc-khach-hang-ho-tro-khach-hang-lam-viec-tai-binh-thanh-j1585795.html?ta_source=JobSearchList_LinkDetail&u_sr_id=BSB2VkJ624lnJtUZI2O6g0V64mTuk7mqWV4aOkdz_1736995805
[2025-01-16T02:50:41.147+0000] {logging_mixin.py:190} INFO - Successfully retrieved and saved HTML for: https://www.topcv.vn/viec-lam/truong-phong-lap-trinh-cnc-thu-nhap-hap-dan-di-lam-ngay-sau-tet/1585489.html?ta_source=JobSearchList_LinkDetail&u_sr_id=BSB2VkJ624lnJtUZI2O6g0V64mTuk7mqWV4aOkdz_1736995805
[2025-01-16T02:50:53.991+0000] {logging_mixin.py:190} INFO - Successfully retrieved and saved HTML for: https://www.topcv.vn/viec-lam/nhan-vien-ky-thuat-thang-may-nam-thu-nhap-hap-dan-tai-thanh-hoa/1560876.html?ta_source=JobSearchList_LinkDetail&u_sr_id=BSB2VkJ624lnJtUZI2O6g0V64mTuk7mqWV4aOkdz_1736995805
[2025-01-16T02:50:59.759+0000] {logging_mixin.py:190} INFO - Successfully retrieved and saved HTML for: https://www.topcv.vn/viec-lam/nhan-vien-kinh-doanh-thang-may-thu-nhap-upto-30m-thang-tai-thanh-hoa/1548040.html?ta_source=JobSearchList_LinkDetail&u_sr_id=BSB2VkJ624lnJtUZI2O6g0V64mTuk7mqWV4aOkdz_1736995805
[2025-01-16T02:51:12.265+0000] {logging_mixin.py:190} INFO - Successfully retrieved and saved HTML for: https://www.topcv.vn/viec-lam/truong-phong-qc-tieng-anh-giao-tiep-tot-thu-nhap-hap-dan/1585496.html?ta_source=JobSearchList_LinkDetail&u_sr_id=BSB2VkJ624lnJtUZI2O6g0V64mTuk7mqWV4aOkdz_1736995805
[2025-01-16T02:51:24.728+0000] {logging_mixin.py:190} INFO - Successfully retrieved and saved HTML for: https://www.topcv.vn/viec-lam/nhan-vien-content-tai-ha-noi-va-ho-chi-minh-co-the-di-lam-sau-tet-hoac-truoc-tet/1585497.html?ta_source=JobSearchList_LinkDetail&u_sr_id=BSB2VkJ624lnJtUZI2O6g0V64mTuk7mqWV4aOkdz_1736995805
[2025-01-16T02:51:31.684+0000] {logging_mixin.py:190} INFO - Successfully retrieved and saved HTML for: https://www.topcv.vn/viec-lam/junior-digital-marketing-cum-product-owner/1585302.html?ta_source=JobSearchList_LinkDetail&u_sr_id=BSB2VkJ624lnJtUZI2O6g0V64mTuk7mqWV4aOkdz_1736995805
[2025-01-16T02:51:40.468+0000] {logging_mixin.py:190} INFO - Successfully retrieved and saved HTML for: https://www.topcv.vn/viec-lam/nhan-vien-logistics/1585334.html?ta_source=JobSearchList_LinkDetail&u_sr_id=BSB2VkJ624lnJtUZI2O6g0V64mTuk7mqWV4aOkdz_1736995805
[2025-01-16T02:51:47.872+0000] {logging_mixin.py:190} INFO - Successfully retrieved and saved HTML for: https://www.topcv.vn/viec-lam/nhan-vien-sales-marketing-thu-nhap-15-20-trieu/1585048.html?ta_source=JobSearchList_LinkDetail&u_sr_id=BSB2VkJ624lnJtUZI2O6g0V64mTuk7mqWV4aOkdz_1736995805
[2025-01-16T02:51:56.523+0000] {logging_mixin.py:190} INFO - Successfully retrieved and saved HTML for: https://www.topcv.vn/viec-lam/chuyen-vien-cao-cap-quan-he-khach-hang-doanh-nghiep/1436467.html?ta_source=JobSearchList_LinkDetail&u_sr_id=BSB2VkJ624lnJtUZI2O6g0V64mTuk7mqWV4aOkdz_1736995805
[2025-01-16T02:52:10.883+0000] {logging_mixin.py:190} INFO - Successfully retrieved and saved HTML for: https://www.topcv.vn/viec-lam/nhan-vien-thiet-ke-xay-dung-cad-phong-van-1-vong-nhan-viec-sau-tet-tai-ha-noi-thu-nhap-hap-dan/1532778.html?ta_source=JobSearchList_LinkDetail&u_sr_id=BSB2VkJ624lnJtUZI2O6g0V64mTuk7mqWV4aOkdz_1736995805
[2025-01-16T02:52:17.007+0000] {logging_mixin.py:190} INFO - Successfully retrieved and saved HTML for: https://www.topcv.vn/viec-lam/truong-phong-dieu-duong/1564193.html?ta_source=JobSearchList_LinkDetail&u_sr_id=BSB2VkJ624lnJtUZI2O6g0V64mTuk7mqWV4aOkdz_1736995805
[2025-01-16T02:52:30.575+0000] {logging_mixin.py:190} INFO - Successfully retrieved and saved HTML for: https://www.topcv.vn/viec-lam/nhan-vien-phu-bep-commis-tai-thiso-sala-thu-duc/1504196.html?ta_source=JobSearchList_LinkDetail&u_sr_id=BSB2VkJ624lnJtUZI2O6g0V64mTuk7mqWV4aOkdz_1736995805
[2025-01-16T02:52:40.962+0000] {logging_mixin.py:190} INFO - Successfully retrieved and saved HTML for: https://www.topcv.vn/viec-lam/nhan-vien-tu-van-telesales-cham-soc-khach-hang-khong-yeu-cau-kinh-nghiem-luong-cung-8-trieu/1422793.html?ta_source=JobSearchList_LinkDetail&u_sr_id=BSB2VkJ624lnJtUZI2O6g0V64mTuk7mqWV4aOkdz_1736995805
[2025-01-16T02:52:55.954+0000] {logging_mixin.py:190} INFO - Successfully retrieved and saved HTML for: https://www.topcv.vn/viec-lam/customer-service-cham-soc-khach-hang/1474523.html?ta_source=JobSearchList_LinkDetail&u_sr_id=BSB2VkJ624lnJtUZI2O6g0V64mTuk7mqWV4aOkdz_1736995805
[2025-01-16T02:53:05.269+0000] {logging_mixin.py:190} INFO - Successfully retrieved and saved HTML for: https://www.topcv.vn/viec-lam/chuyen-vien-kinh-doanh-tu-van-tai-chinh-thu-nhap-tu-16-30-trieu-thang/1585087.html?ta_source=JobSearchList_LinkDetail&u_sr_id=BSB2VkJ624lnJtUZI2O6g0V64mTuk7mqWV4aOkdz_1736995805
[2025-01-16T02:53:20.097+0000] {logging_mixin.py:190} INFO - Successfully retrieved and saved HTML for: https://www.topcv.vn/viec-lam/nhan-vien-sale-tour-va-combo-du-lich-1-nam-kinh-nghiem-thu-nhap-15-trieu/1584602.html?ta_source=JobSearchList_LinkDetail&u_sr_id=BSB2VkJ624lnJtUZI2O6g0V64mTuk7mqWV4aOkdz_1736995805
[2025-01-16T02:53:28.217+0000] {logging_mixin.py:190} INFO - Successfully retrieved and saved HTML for: https://www.topcv.vn/viec-lam/dieu-duong-y-khoa/1564198.html?ta_source=JobSearchList_LinkDetail&u_sr_id=BSB2VkJ624lnJtUZI2O6g0V64mTuk7mqWV4aOkdz_1736995805
[2025-01-16T02:53:37.735+0000] {logging_mixin.py:190} INFO - Successfully retrieved and saved HTML for: https://www.topcv.vn/viec-lam/quan-doc-xuong-tieng-anh-giao-tiep-tot-di-lam-ngay-sau-tet-tai-quan-7-thu-nhap-hap-dan/1585399.html?ta_source=JobSearchList_LinkDetail&u_sr_id=BSB2VkJ624lnJtUZI2O6g0V64mTuk7mqWV4aOkdz_1736995805
[2025-01-16T02:53:43.932+0000] {logging_mixin.py:190} INFO - Successfully retrieved and saved HTML for: https://www.topcv.vn/viec-lam/ke-toan-kiem-quan-ly-hanh-chinh-thu-mua-ho-chi-minh/1584916.html?ta_source=JobSearchList_LinkDetail&u_sr_id=BSB2VkJ624lnJtUZI2O6g0V64mTuk7mqWV4aOkdz_1736995805
[2025-01-16T02:53:58.148+0000] {logging_mixin.py:190} INFO - Successfully retrieved and saved HTML for: https://www.topcv.vn/viec-lam/thiet-ke-cong-trinh-giao-thong-ha-tang-ky-thuat-thu-nhap-10-15-trieu-ha-noi/1585330.html?ta_source=JobSearchList_LinkDetail&u_sr_id=BSB2VkJ624lnJtUZI2O6g0V64mTuk7mqWV4aOkdz_1736995805
[2025-01-16T02:54:11.024+0000] {logging_mixin.py:190} INFO - Successfully retrieved and saved HTML for: https://www.topcv.vn/viec-lam/quan-ly-cua-hang-vivian-vay-cuoi-cao-cap-thu-nhap-upto-25-trieu/1585593.html?ta_source=JobSearchList_LinkDetail&u_sr_id=BSB2VkJ624lnJtUZI2O6g0V64mTuk7mqWV4aOkdz_1736995805
[2025-01-16T02:54:18.135+0000] {logging_mixin.py:190} INFO - Successfully retrieved and saved HTML for: https://www.topcv.vn/viec-lam/nhan-vien-kho-biet-tieng-trung-thu-nhap-tu-12-15-trieu/1585341.html?ta_source=JobSearchList_LinkDetail&u_sr_id=BSB2VkJ624lnJtUZI2O6g0V64mTuk7mqWV4aOkdz_1736995805
[2025-01-16T02:54:25.775+0000] {logging_mixin.py:190} INFO - Successfully retrieved and saved HTML for: https://www.topcv.vn/viec-lam/senior-quality-engineer-up-to-30-months-of-salary-annually/1585398.html?ta_source=JobSearchList_LinkDetail&u_sr_id=BSB2VkJ624lnJtUZI2O6g0V64mTuk7mqWV4aOkdz_1736995805
[2025-01-16T02:54:36.289+0000] {logging_mixin.py:190} INFO - Successfully retrieved and saved HTML for: https://www.topcv.vn/viec-lam/account-executive-chuyen-vien-kinh-doanh-giai-phap-digital-marketing-thu-nhap-15-40tr/1585188.html?ta_source=JobSearchList_LinkDetail&u_sr_id=BSB2VkJ624lnJtUZI2O6g0V64mTuk7mqWV4aOkdz_1736995805
[2025-01-16T02:54:48.358+0000] {logging_mixin.py:190} INFO - Rate limit reached for https://www.topcv.vn/viec-lam/cong-tac-vien-chinh-sach-tin-dung/1584152.html?ta_source=JobSearchList_LinkDetail&u_sr_id=BSB2VkJ624lnJtUZI2O6g0V64mTuk7mqWV4aOkdz_1736995805. Retrying after 30 seconds...
[2025-01-16T02:55:18.962+0000] {logging_mixin.py:190} INFO - Successfully retrieved and saved HTML for: https://www.topcv.vn/viec-lam/cong-tac-vien-chinh-sach-tin-dung/1584152.html?ta_source=JobSearchList_LinkDetail&u_sr_id=BSB2VkJ624lnJtUZI2O6g0V64mTuk7mqWV4aOkdz_1736995805
[2025-01-16T02:55:34.287+0000] {logging_mixin.py:190} INFO - Successfully retrieved and saved HTML for: https://www.topcv.vn/brand/mtlhealthpost/tuyen-dung/nhan-vien-telesales-tu-van-chot-don-co-kinh-nghiem-telesales-tren-3-thang-data-co-san-thu-viec-100-luong-lam-tai-van-phong-quan-1-j1585569.html?ta_source=JobSearchList_LinkDetail&u_sr_id=BSB2VkJ624lnJtUZI2O6g0V64mTuk7mqWV4aOkdz_1736995805
[2025-01-16T02:55:43.154+0000] {logging_mixin.py:190} INFO - Successfully retrieved and saved HTML for: https://www.topcv.vn/viec-lam/nhan-vien-xuat-nhap-khau-booking-docs-nhan-viec-sau-tet/1585629.html?ta_source=JobSearchList_LinkDetail&u_sr_id=BSB2VkJ624lnJtUZI2O6g0V64mTuk7mqWV4aOkdz_1736995805
[2025-01-16T02:55:55.148+0000] {logging_mixin.py:190} INFO - Successfully retrieved and saved HTML for: https://www.topcv.vn/viec-lam/truong-phong-quan-ly-thi-cong/1573304.html?ta_source=JobSearchList_LinkDetail&u_sr_id=BSB2VkJ624lnJtUZI2O6g0V64mTuk7mqWV4aOkdz_1736995805
[2025-01-16T02:56:06.849+0000] {logging_mixin.py:190} INFO - Successfully retrieved and saved HTML for: https://www.topcv.vn/viec-lam/truong-phong-content-tai-ha-noi-va-ho-chi-minh-co-the-di-lam-sau-tet-hoac-truoc-tet/1585488.html?ta_source=JobSearchList_LinkDetail&u_sr_id=BSB2VkJ624lnJtUZI2O6g0V64mTuk7mqWV4aOkdz_1736995805
[2025-01-16T02:56:17.024+0000] {logging_mixin.py:190} INFO - Successfully retrieved and saved HTML for: https://www.topcv.vn/viec-lam/chuyen-vien-tu-van-bao-hiem-kenh-ngan-hang-vietinbank-toan-quoc/1585263.html?ta_source=JobSearchList_LinkDetail&u_sr_id=BSB2VkJ624lnJtUZI2O6g0V64mTuk7mqWV4aOkdz_1736995805
[2025-01-16T02:56:24.140+0000] {logging_mixin.py:190} INFO - Successfully retrieved and saved HTML for: https://www.topcv.vn/viec-lam/nhan-vien-theo-doi-don-hang-biet-tieng-trung-thu-nhap-tu-12-15-trieu/1585337.html?ta_source=JobSearchList_LinkDetail&u_sr_id=BSB2VkJ624lnJtUZI2O6g0V64mTuk7mqWV4aOkdz_1736995805
[2025-01-16T02:56:32.123+0000] {logging_mixin.py:190} INFO - Successfully retrieved and saved HTML for: https://www.topcv.vn/viec-lam/nhan-vien-thiet-ke/1585276.html?ta_source=JobSearchList_LinkDetail&u_sr_id=BSB2VkJ624lnJtUZI2O6g0V64mTuk7mqWV4aOkdz_1736995805
[2025-01-16T02:56:43.228+0000] {logging_mixin.py:190} INFO - Successfully retrieved and saved HTML for: https://www.topcv.vn/viec-lam/marketing-executive/1585071.html?ta_source=JobSearchList_LinkDetail&u_sr_id=BSB2VkJ624lnJtUZI2O6g0V64mTuk7mqWV4aOkdz_1736995805
[2025-01-16T02:56:56.614+0000] {logging_mixin.py:190} INFO - Successfully retrieved and saved HTML for: https://www.topcv.vn/viec-lam/nhan-vien-kinh-doanh-sales-nhan-vien-tu-van-tuyen-sinh-thu-nhap-toi-thieu-tu-15-000-000-vnd-den-35-000-000vnd-lam-viec-tai-ho-chi-minh/1585057.html?ta_source=JobSearchList_LinkDetail&u_sr_id=BSB2VkJ624lnJtUZI2O6g0V64mTuk7mqWV4aOkdz_1736995805
[2025-01-16T02:57:08.699+0000] {logging_mixin.py:190} INFO - Successfully retrieved and saved HTML for: https://www.topcv.vn/viec-lam/chuyen-gia-quan-ly-khu-vuc-ho-chi-minh-ha-noi-da-nang/1584918.html?ta_source=JobSearchList_LinkDetail&u_sr_id=BSB2VkJ624lnJtUZI2O6g0V64mTuk7mqWV4aOkdz_1736995805
[2025-01-16T02:57:20.136+0000] {logging_mixin.py:190} INFO - Successfully retrieved and saved HTML for: https://www.topcv.vn/viec-lam/fresher-developer-12-trieu-thang/1584060.html?ta_source=JobSearchList_LinkDetail&u_sr_id=BSB2VkJ624lnJtUZI2O6g0V64mTuk7mqWV4aOkdz_1736995805
[2025-01-16T02:57:26.032+0000] {logging_mixin.py:190} INFO - Successfully retrieved and saved HTML for: https://www.topcv.vn/viec-lam/pm-project-manager-brse-japanese-yeu-cau-tieng-nhat-n2-2-nam-kinh-nghiem-thu-nhap-tu-47-73-trieu/1584137.html?ta_source=JobSearchList_LinkDetail&u_sr_id=BSB2VkJ624lnJtUZI2O6g0V64mTuk7mqWV4aOkdz_1736995805
[2025-01-16T02:57:39.085+0000] {logging_mixin.py:190} INFO - Successfully retrieved and saved HTML for: https://www.topcv.vn/viec-lam/ke-toan-noi-bo-biet-tieng-trung-nhan-viec-sau-tet/1584146.html?ta_source=JobSearchList_LinkDetail&u_sr_id=BSB2VkJ624lnJtUZI2O6g0V64mTuk7mqWV4aOkdz_1736995805
[2025-01-16T02:57:50.651+0000] {logging_mixin.py:190} INFO - Successfully retrieved and saved HTML for: https://www.topcv.vn/viec-lam/net-developer-asp-net-c/1427933.html?ta_source=JobSearchList_LinkDetail&u_sr_id=BSB2VkJ624lnJtUZI2O6g0V64mTuk7mqWV4aOkdz_1736995805
[2025-01-16T02:57:56.304+0000] {logging_mixin.py:190} INFO - Successfully retrieved and saved HTML for: https://www.topcv.vn/viec-lam/chuyen-vien-kinh-doanh-khong-yeu-cau-kinh-nghiem-thu-nhap-len-toi-15tr-thang/1502522.html?ta_source=JobSearchList_LinkDetail&u_sr_id=BSB2VkJ624lnJtUZI2O6g0V64mTuk7mqWV4aOkdz_1736995805
[2025-01-16T02:58:07.764+0000] {logging_mixin.py:190} INFO - Successfully retrieved and saved HTML for: https://www.topcv.vn/viec-lam/accountant-nhan-vien-ke-toan/1584184.html?ta_source=JobSearchList_LinkDetail&u_sr_id=BSB2VkJ624lnJtUZI2O6g0V64mTuk7mqWV4aOkdz_1736995805
[2025-01-16T02:58:23.085+0000] {logging_mixin.py:190} INFO - Successfully retrieved and saved HTML for: https://www.topcv.vn/viec-lam/chuyen-vien-trien-khai-phan-mem-b2b/1584517.html?ta_source=JobSearchList_LinkDetail&u_sr_id=BSB2VkJ624lnJtUZI2O6g0V64mTuk7mqWV4aOkdz_1736995805
[2025-01-16T02:58:35.484+0000] {logging_mixin.py:190} INFO - Successfully retrieved and saved HTML for: https://www.topcv.vn/brand/concentrixservices/tuyen-dung/nhan-vien-sale-qua-kenh-zalo-oa-truc-page-ban-hang-kenh-zalo-oa-sale-chat-tong-thu-nhap-12-21-trieu-thang-fulltime-quan-12-j1583139.html?ta_source=JobSearchList_LinkDetail&u_sr_id=BSB2VkJ624lnJtUZI2O6g0V64mTuk7mqWV4aOkdz_1736995805
[2025-01-16T02:58:49.818+0000] {logging_mixin.py:190} INFO - Successfully retrieved and saved HTML for: https://www.topcv.vn/viec-lam/chuyen-vien-telesales-tnex-finance-2z181/1584100.html?ta_source=JobSearchList_LinkDetail&u_sr_id=BSB2VkJ624lnJtUZI2O6g0V64mTuk7mqWV4aOkdz_1736995805
[2025-01-16T02:59:00.854+0000] {logging_mixin.py:190} INFO - Successfully retrieved and saved HTML for: https://www.topcv.vn/viec-lam/ky-thuat-bao-tri-sua-chua-xe/1584623.html?ta_source=JobSearchList_LinkDetail&u_sr_id=BSB2VkJ624lnJtUZI2O6g0V64mTuk7mqWV4aOkdz_1736995805
[2025-01-16T02:59:15.116+0000] {logging_mixin.py:190} INFO - Successfully retrieved and saved HTML for: https://www.topcv.vn/viec-lam/kien-truc-su-xay-dung-thu-nhap-tu-9-12-trieu-nhan-viec-ngay/1584534.html?ta_source=JobSearchList_LinkDetail&u_sr_id=BSB2VkJ624lnJtUZI2O6g0V64mTuk7mqWV4aOkdz_1736995805
[2025-01-16T02:59:21.030+0000] {logging_mixin.py:190} INFO - Successfully retrieved and saved HTML for: https://www.topcv.vn/viec-lam/nhan-vien-kinh-doanh-tu-van-ban-hang-sales-bao-bi-10-30tr/1584231.html?ta_source=JobSearchList_LinkDetail&u_sr_id=BSB2VkJ624lnJtUZI2O6g0V64mTuk7mqWV4aOkdz_1736995805
[2025-01-16T02:59:33.644+0000] {logging_mixin.py:190} INFO - Successfully retrieved and saved HTML for: https://www.topcv.vn/viec-lam/playable-ads/1584760.html?ta_source=JobSearchList_LinkDetail&u_sr_id=BSB2VkJ624lnJtUZI2O6g0V64mTuk7mqWV4aOkdz_1736995805
[2025-01-16T02:59:44.088+0000] {logging_mixin.py:190} INFO - Successfully retrieved and saved HTML for: https://www.topcv.vn/viec-lam/unit-head-of-credit-assessment-department/1537184.html?ta_source=JobSearchList_LinkDetail&u_sr_id=BSB2VkJ624lnJtUZI2O6g0V64mTuk7mqWV4aOkdz_1736995805
[2025-01-16T02:59:44.090+0000] {python.py:240} INFO - Done. Returned value was: None
[2025-01-16T02:59:44.113+0000] {taskinstance.py:340} INFO - ::group::Post task execution logs
[2025-01-16T02:59:44.115+0000] {taskinstance.py:352} INFO - Marking task as SUCCESS. dag_id=topcv_scraper, task_id=download_html, run_id=manual__2025-01-16T02:49:59.207075+00:00, execution_date=20250116T024959, start_date=20250116T025009, end_date=20250116T025944
[2025-01-16T02:59:44.142+0000] {local_task_job_runner.py:266} INFO - Task exited with return code 0
[2025-01-16T02:59:44.171+0000] {taskinstance.py:3895} INFO - 1 downstream tasks scheduled from follow-on schedule check
[2025-01-16T02:59:44.174+0000] {local_task_job_runner.py:245} INFO - ::endgroup::
