[2025-01-13T09:55:55.699+0000] {local_task_job_runner.py:123} INFO - ::group::Pre task execution logs
[2025-01-13T09:55:55.728+0000] {taskinstance.py:2613} INFO - Dependencies all met for dep_context=non-requeueable deps ti=<TaskInstance: topcv_scraper.download_html manual__2025-01-13T09:55:44.804367+00:00 [queued]>
[2025-01-13T09:55:55.742+0000] {taskinstance.py:2613} INFO - Dependencies all met for dep_context=requeueable deps ti=<TaskInstance: topcv_scraper.download_html manual__2025-01-13T09:55:44.804367+00:00 [queued]>
[2025-01-13T09:55:55.743+0000] {taskinstance.py:2866} INFO - Starting attempt 1 of 2
[2025-01-13T09:55:55.779+0000] {taskinstance.py:2889} INFO - Executing <Task(PythonOperator): download_html> on 2025-01-13 09:55:44.804367+00:00
[2025-01-13T09:55:55.791+0000] {warnings.py:112} WARNING - /home/***/.local/lib/python3.12/site-packages/***/task/task_runner/standard_task_runner.py:70: DeprecationWarning: This process (pid=86) is multi-threaded, use of fork() may lead to deadlocks in the child.
  pid = os.fork()

[2025-01-13T09:55:55.803+0000] {standard_task_runner.py:72} INFO - Started process 88 to run task
[2025-01-13T09:55:55.806+0000] {standard_task_runner.py:104} INFO - Running: ['***', 'tasks', 'run', 'topcv_scraper', 'download_html', 'manual__2025-01-13T09:55:44.804367+00:00', '--job-id', '6', '--raw', '--subdir', 'DAGS_FOLDER/crawl_data.py', '--cfg-path', '/tmp/tmpl2rxywa1']
[2025-01-13T09:55:55.813+0000] {standard_task_runner.py:105} INFO - Job 6: Subtask download_html
[2025-01-13T09:55:55.900+0000] {task_command.py:467} INFO - Running <TaskInstance: topcv_scraper.download_html manual__2025-01-13T09:55:44.804367+00:00 [running]> on host c9148da66659
[2025-01-13T09:55:56.272+0000] {taskinstance.py:3132} INFO - Exporting env vars: AIRFLOW_CTX_DAG_OWNER='***' AIRFLOW_CTX_DAG_ID='topcv_scraper' AIRFLOW_CTX_TASK_ID='download_html' AIRFLOW_CTX_EXECUTION_DATE='2025-01-13T09:55:44.804367+00:00' AIRFLOW_CTX_TRY_NUMBER='1' AIRFLOW_CTX_DAG_RUN_ID='manual__2025-01-13T09:55:44.804367+00:00'
[2025-01-13T09:55:56.273+0000] {taskinstance.py:731} INFO - ::endgroup::
[2025-01-13T09:56:10.036+0000] {logging_mixin.py:190} INFO - Successfully retrieved and saved HTML for: https://www.topcv.vn/viec-lam/nhan-vien-tu-van-ban-hang-qua-dien-thoai-telesales-cham-soc-khach-hang-data-san-thu-viec-100-luong-fulltime-quan-12/1583957.html?ta_source=JobSearchList_LinkDetail&u_sr_id=W75zYcLd7tvGb9nKP5WoU2ngOEjgOZqYBuPoo9SE_1736762152
[2025-01-13T09:56:19.180+0000] {logging_mixin.py:190} INFO - Successfully retrieved and saved HTML for: https://www.topcv.vn/viec-lam/chuyen-vien-tu-van-tham-my-thu-nhap-tu-15tr-30tr-thang/1391152.html?ta_source=JobSearchList_LinkDetail&u_sr_id=W75zYcLd7tvGb9nKP5WoU2ngOEjgOZqYBuPoo9SE_1736762152
[2025-01-13T09:56:29.421+0000] {logging_mixin.py:190} INFO - Successfully retrieved and saved HTML for: https://www.topcv.vn/viec-lam/lap-trinh-vien-php-senior/1299695.html?ta_source=JobSearchList_LinkDetail&u_sr_id=W75zYcLd7tvGb9nKP5WoU2ngOEjgOZqYBuPoo9SE_1736762152
[2025-01-13T09:56:41.546+0000] {logging_mixin.py:190} INFO - Successfully retrieved and saved HTML for: https://www.topcv.vn/viec-lam/chuyen-vien-tu-van-tong-dai-call-center-tu-van-chot-don-telesales-data-hotlead-kinh-nghiem-tu-3-thang-tro-len-nhan-viec-sau-tet/1583849.html?ta_source=JobSearchList_LinkDetail&u_sr_id=W75zYcLd7tvGb9nKP5WoU2ngOEjgOZqYBuPoo9SE_1736762152
[2025-01-13T09:56:50.323+0000] {logging_mixin.py:190} INFO - Successfully retrieved and saved HTML for: https://www.topcv.vn/viec-lam/chuyen-vien-quan-he-khach-hang-ca-nhan-toan-quoc-yeu-cau-tren-1-nam-kinh-nghiem-tin-dung/1583837.html?ta_source=JobSearchList_LinkDetail&u_sr_id=W75zYcLd7tvGb9nKP5WoU2ngOEjgOZqYBuPoo9SE_1736762152
[2025-01-13T09:56:58.214+0000] {logging_mixin.py:190} INFO - Successfully retrieved and saved HTML for: https://www.topcv.vn/viec-lam/chuyen-vien-quan-he-khach-hang-doanh-nghiep-toan-quoc-luong-kinh-doanh-hap-dan/1583810.html?ta_source=JobSearchList_LinkDetail&u_sr_id=W75zYcLd7tvGb9nKP5WoU2ngOEjgOZqYBuPoo9SE_1736762152
[2025-01-13T09:57:12.519+0000] {logging_mixin.py:190} INFO - Successfully retrieved and saved HTML for: https://www.topcv.vn/viec-lam/nhan-vien-kinh-doanh-tu-van-nganh-nong-san-luong-12-18-trieu-ho-chi-minh/1583817.html?ta_source=JobSearchList_LinkDetail&u_sr_id=W75zYcLd7tvGb9nKP5WoU2ngOEjgOZqYBuPoo9SE_1736762152
[2025-01-13T09:57:20.019+0000] {logging_mixin.py:190} INFO - Successfully retrieved and saved HTML for: https://www.topcv.vn/viec-lam/cong-tac-vien-tu-van-tuyen-dung/1583728.html?ta_source=JobSearchList_LinkDetail&u_sr_id=W75zYcLd7tvGb9nKP5WoU2ngOEjgOZqYBuPoo9SE_1736762152
[2025-01-13T09:57:30.641+0000] {logging_mixin.py:190} INFO - Successfully retrieved and saved HTML for: https://www.topcv.vn/viec-lam/cua-hang-truong-shop-manager-thu-nhap-tu-12-16-trieu-thao-dien-tu-1-nam-kinh-nghiem/1388928.html?ta_source=JobSearchList_LinkDetail&u_sr_id=W75zYcLd7tvGb9nKP5WoU2ngOEjgOZqYBuPoo9SE_1736762152
[2025-01-13T09:57:38.596+0000] {logging_mixin.py:190} INFO - Successfully retrieved and saved HTML for: https://www.topcv.vn/viec-lam/phu-trach-hanh-chinh-nhan-su-nam-tu-liem-ha-noi-luong-co-ban-upto-15tr-toi-thieu-3-nam-kinh-nghiem/1583738.html?ta_source=JobSearchList_LinkDetail&u_sr_id=W75zYcLd7tvGb9nKP5WoU2ngOEjgOZqYBuPoo9SE_1736762152
[2025-01-13T09:57:45.548+0000] {logging_mixin.py:190} INFO - Successfully retrieved and saved HTML for: https://www.topcv.vn/viec-lam/ke-toan-noi-bo-nam-tu-liem-ha-noi-luong-co-ban-upto-20tr-toi-thieu-3-nam-kinh-nghiem/1583723.html?ta_source=JobSearchList_LinkDetail&u_sr_id=W75zYcLd7tvGb9nKP5WoU2ngOEjgOZqYBuPoo9SE_1736762152
[2025-01-13T09:57:57.342+0000] {logging_mixin.py:190} INFO - Successfully retrieved and saved HTML for: https://www.topcv.vn/viec-lam/nhan-vien-ke-hoach-san-xuat/1583696.html?ta_source=JobSearchList_LinkDetail&u_sr_id=W75zYcLd7tvGb9nKP5WoU2ngOEjgOZqYBuPoo9SE_1736762152
[2025-01-13T09:58:04.600+0000] {logging_mixin.py:190} INFO - Successfully retrieved and saved HTML for: https://www.topcv.vn/viec-lam/chuyen-vien-kinh-doanh-nam-tu-liem-ha-noi-thu-nhap-upto-40tr-toi-thieu-3-nam-kinh-nghiem-di-lam-ngay/1583669.html?ta_source=JobSearchList_LinkDetail&u_sr_id=W75zYcLd7tvGb9nKP5WoU2ngOEjgOZqYBuPoo9SE_1736762152
[2025-01-13T09:58:12.661+0000] {logging_mixin.py:190} INFO - Successfully retrieved and saved HTML for: https://www.topcv.vn/viec-lam/nhan-vien-kinh-doanh-tu-van-thu-nhap-hap-dan-ha-dong-ha-noi/1583649.html?ta_source=JobSearchList_LinkDetail&u_sr_id=W75zYcLd7tvGb9nKP5WoU2ngOEjgOZqYBuPoo9SE_1736762152
[2025-01-13T09:58:26.273+0000] {logging_mixin.py:190} INFO - Successfully retrieved and saved HTML for: https://www.topcv.vn/viec-lam/chuyen-vien-kinh-doanh-tu-van-tai-chinh-thu-nhap-tu-16-25-trieu-thang/1583648.html?ta_source=JobSearchList_LinkDetail&u_sr_id=W75zYcLd7tvGb9nKP5WoU2ngOEjgOZqYBuPoo9SE_1736762152
[2025-01-13T09:58:36.430+0000] {logging_mixin.py:190} INFO - Successfully retrieved and saved HTML for: https://www.topcv.vn/viec-lam/ky-su-xay-dung-qs-thu-nhap-16-20-trieu-di-lam-ngay-tai-hai-duong/1583646.html?ta_source=JobSearchList_LinkDetail&u_sr_id=W75zYcLd7tvGb9nKP5WoU2ngOEjgOZqYBuPoo9SE_1736762152
[2025-01-13T09:58:43.068+0000] {logging_mixin.py:190} INFO - Successfully retrieved and saved HTML for: https://www.topcv.vn/viec-lam/chuyen-vien-tu-van-bao-hiem-du-an-tpbank-x-sun-life-viet-nam-toan-quoc/1495474.html?ta_source=JobSearchList_LinkDetail&u_sr_id=W75zYcLd7tvGb9nKP5WoU2ngOEjgOZqYBuPoo9SE_1736762152
[2025-01-13T09:58:49.994+0000] {logging_mixin.py:190} INFO - Successfully retrieved and saved HTML for: https://www.topcv.vn/viec-lam/nhan-vien-tu-van-nu-thu-nhap-cao-uu-tien-biet-tieng-anh-hoac-tieng-han-giao-tiep-lam-viec-tai-quan-1/1583604.html?ta_source=JobSearchList_LinkDetail&u_sr_id=W75zYcLd7tvGb9nKP5WoU2ngOEjgOZqYBuPoo9SE_1736762152
[2025-01-13T09:58:55.960+0000] {logging_mixin.py:190} INFO - Successfully retrieved and saved HTML for: https://www.topcv.vn/viec-lam/business-development-chuyen-vien-phat-trien-dai-ly/1560363.html?ta_source=JobSearchList_LinkDetail&u_sr_id=W75zYcLd7tvGb9nKP5WoU2ngOEjgOZqYBuPoo9SE_1736762152
[2025-01-13T09:59:09.866+0000] {logging_mixin.py:190} INFO - Successfully retrieved and saved HTML for: https://www.topcv.vn/viec-lam/truong-phong-kinh-doanh-cung-ung-lao-dong/1343466.html?ta_source=JobSearchList_LinkDetail&u_sr_id=W75zYcLd7tvGb9nKP5WoU2ngOEjgOZqYBuPoo9SE_1736762152
[2025-01-13T09:59:19.475+0000] {logging_mixin.py:190} INFO - Successfully retrieved and saved HTML for: https://www.topcv.vn/viec-lam/truong-nhom-tong-dai-tu-van-telesale-call-leader/1583375.html?ta_source=JobSearchList_LinkDetail&u_sr_id=W75zYcLd7tvGb9nKP5WoU2ngOEjgOZqYBuPoo9SE_1736762152
[2025-01-13T09:59:32.734+0000] {logging_mixin.py:190} INFO - Successfully retrieved and saved HTML for: https://www.topcv.vn/viec-lam/digital-marketing-specialist-performance-marketing-global-ecom-2000-thang/1583383.html?ta_source=JobSearchList_LinkDetail&u_sr_id=W75zYcLd7tvGb9nKP5WoU2ngOEjgOZqYBuPoo9SE_1736762152
[2025-01-13T09:59:46.779+0000] {logging_mixin.py:190} INFO - Successfully retrieved and saved HTML for: https://www.topcv.vn/viec-lam/nhan-vien-sale-thuc-pham/1535305.html?ta_source=JobSearchList_LinkDetail&u_sr_id=W75zYcLd7tvGb9nKP5WoU2ngOEjgOZqYBuPoo9SE_1736762152
[2025-01-13T09:59:53.873+0000] {logging_mixin.py:190} INFO - Successfully retrieved and saved HTML for: https://www.topcv.vn/viec-lam/giam-doc-nha-may-san-xuat/1583339.html?ta_source=JobSearchList_LinkDetail&u_sr_id=W75zYcLd7tvGb9nKP5WoU2ngOEjgOZqYBuPoo9SE_1736762152
[2025-01-13T10:00:02.556+0000] {logging_mixin.py:190} INFO - Successfully retrieved and saved HTML for: https://www.topcv.vn/viec-lam/giam-doc-kinh-doanh/1583300.html?ta_source=JobSearchList_LinkDetail&u_sr_id=W75zYcLd7tvGb9nKP5WoU2ngOEjgOZqYBuPoo9SE_1736762152
[2025-01-13T10:00:09.863+0000] {logging_mixin.py:190} INFO - Successfully retrieved and saved HTML for: https://www.topcv.vn/viec-lam/ke-toan-truong/1583288.html?ta_source=JobSearchList_LinkDetail&u_sr_id=W75zYcLd7tvGb9nKP5WoU2ngOEjgOZqYBuPoo9SE_1736762152
[2025-01-13T10:00:22.669+0000] {logging_mixin.py:190} INFO - Successfully retrieved and saved HTML for: https://www.topcv.vn/brand/goldsunfocusmedia/tuyen-dung/chuyen-vien-phap-che-tieng-trung-hoac-tieng-anh-j1583103.html?ta_source=JobSearchList_LinkDetail&u_sr_id=W75zYcLd7tvGb9nKP5WoU2ngOEjgOZqYBuPoo9SE_1736762152
[2025-01-13T10:00:35.330+0000] {logging_mixin.py:190} INFO - Rate limit reached for https://www.topcv.vn/viec-lam/cong-tac-vien-xu-ly-don-hang/1571432.html?ta_source=JobSearchList_LinkDetail&u_sr_id=W75zYcLd7tvGb9nKP5WoU2ngOEjgOZqYBuPoo9SE_1736762152. Retrying after 30 seconds...
[2025-01-13T10:01:06.111+0000] {logging_mixin.py:190} INFO - Successfully retrieved and saved HTML for: https://www.topcv.vn/viec-lam/cong-tac-vien-xu-ly-don-hang/1571432.html?ta_source=JobSearchList_LinkDetail&u_sr_id=W75zYcLd7tvGb9nKP5WoU2ngOEjgOZqYBuPoo9SE_1736762152
[2025-01-13T10:01:20.635+0000] {logging_mixin.py:190} INFO - Successfully retrieved and saved HTML for: https://www.topcv.vn/viec-lam/giao-vien-bo-mon-dia-li/1583272.html?ta_source=JobSearchList_LinkDetail&u_sr_id=W75zYcLd7tvGb9nKP5WoU2ngOEjgOZqYBuPoo9SE_1736762152
[2025-01-13T10:01:30.133+0000] {logging_mixin.py:190} INFO - Successfully retrieved and saved HTML for: https://www.topcv.vn/viec-lam/marketing-executive/1583191.html?ta_source=JobSearchList_LinkDetail&u_sr_id=W75zYcLd7tvGb9nKP5WoU2ngOEjgOZqYBuPoo9SE_1736762152
[2025-01-13T10:01:40.460+0000] {logging_mixin.py:190} INFO - Successfully retrieved and saved HTML for: https://www.topcv.vn/viec-lam/nhan-vien-tu-van-tuyen-sinh-va-cham-soc-khach-hang-tai-ha-noi-di-lam-sau-tet/1582993.html?ta_source=JobSearchList_LinkDetail&u_sr_id=W75zYcLd7tvGb9nKP5WoU2ngOEjgOZqYBuPoo9SE_1736762152
[2025-01-13T10:01:52.635+0000] {logging_mixin.py:190} INFO - Successfully retrieved and saved HTML for: https://www.topcv.vn/viec-lam/ky-su-me-khoi-du-an-thu-nhap-hap-dan/1583036.html?ta_source=JobSearchList_LinkDetail&u_sr_id=W75zYcLd7tvGb9nKP5WoU2ngOEjgOZqYBuPoo9SE_1736762152
[2025-01-13T10:02:05.850+0000] {logging_mixin.py:190} INFO - Successfully retrieved and saved HTML for: https://www.topcv.vn/viec-lam/nhan-vien-marketing-thu-nhap-tu-10-den-16-trieu-tai-ha-noi-di-lam-sau-tet/1582994.html?ta_source=JobSearchList_LinkDetail&u_sr_id=W75zYcLd7tvGb9nKP5WoU2ngOEjgOZqYBuPoo9SE_1736762152
[2025-01-13T10:02:20.324+0000] {logging_mixin.py:190} INFO - Successfully retrieved and saved HTML for: https://www.topcv.vn/viec-lam/nhan-vien-thiet-ke/1583016.html?ta_source=JobSearchList_LinkDetail&u_sr_id=W75zYcLd7tvGb9nKP5WoU2ngOEjgOZqYBuPoo9SE_1736762152
[2025-01-13T10:02:31.139+0000] {logging_mixin.py:190} INFO - Successfully retrieved and saved HTML for: https://www.topcv.vn/viec-lam/chuyen-vien-chinh-kinh-doanh-m-payroll-tai-khoan-tra-luong-rb-msb-2y108/1582151.html?ta_source=JobSearchList_LinkDetail&u_sr_id=W75zYcLd7tvGb9nKP5WoU2ngOEjgOZqYBuPoo9SE_1736762152
[2025-01-13T10:02:41.991+0000] {logging_mixin.py:190} INFO - Successfully retrieved and saved HTML for: https://www.topcv.vn/viec-lam/nhan-vien-kinh-doanh-tu-van-chot-don-hang-luong-co-ban-tu-7-trieu-hoa-hong-doanh-so/1582406.html?ta_source=JobSearchList_LinkDetail&u_sr_id=W75zYcLd7tvGb9nKP5WoU2ngOEjgOZqYBuPoo9SE_1736762152
[2025-01-13T10:02:57.085+0000] {logging_mixin.py:190} INFO - Successfully retrieved and saved HTML for: https://www.topcv.vn/brand/bpomatbao/tuyen-dung/nhan-vien-van-phong-fulltime-100-data-nong-thu-viec-nhan-100-luong-nhan-viec-ngay-hoac-phong-van-truoc-tet-nhan-viec-sau-tet-nhan-vien-kinh-doanh-tu-van-telesale-sale-admin-j1582562.html?ta_source=JobSearchList_LinkDetail&u_sr_id=W75zYcLd7tvGb9nKP5WoU2ngOEjgOZqYBuPoo9SE_1736762152
[2025-01-13T10:03:02.844+0000] {logging_mixin.py:190} INFO - Successfully retrieved and saved HTML for: https://www.topcv.vn/viec-lam/truong-nhom-quan-ly-chat-luong-qa-qc/1582769.html?ta_source=JobSearchList_LinkDetail&u_sr_id=W75zYcLd7tvGb9nKP5WoU2ngOEjgOZqYBuPoo9SE_1736762152
[2025-01-13T10:03:11.011+0000] {logging_mixin.py:190} INFO - Successfully retrieved and saved HTML for: https://www.topcv.vn/viec-lam/nhan-vien-sales-online-ho-tro-don-hang-data-co-san-thu-nhap-len-den-20-trieu-quan-12/1582458.html?ta_source=JobSearchList_LinkDetail&u_sr_id=W75zYcLd7tvGb9nKP5WoU2ngOEjgOZqYBuPoo9SE_1736762152
[2025-01-13T10:03:20.665+0000] {logging_mixin.py:190} INFO - Successfully retrieved and saved HTML for: https://www.topcv.vn/viec-lam/operations-coordinator-receptionist-shtp-district-9-hcmc/1525526.html?ta_source=JobSearchList_LinkDetail&u_sr_id=W75zYcLd7tvGb9nKP5WoU2ngOEjgOZqYBuPoo9SE_1736762152
[2025-01-13T10:03:26.976+0000] {logging_mixin.py:190} INFO - Successfully retrieved and saved HTML for: https://www.topcv.vn/viec-lam/nhan-vien-livestream-tiktok-facebook-ve-mang-du-lich-1-nam-kinh-nghiem-thu-nhap-15-trieu/1582366.html?ta_source=JobSearchList_LinkDetail&u_sr_id=W75zYcLd7tvGb9nKP5WoU2ngOEjgOZqYBuPoo9SE_1736762152
[2025-01-13T10:03:41.980+0000] {logging_mixin.py:190} INFO - Successfully retrieved and saved HTML for: https://www.topcv.vn/viec-lam/chuyen-vien-quan-ly-khach-hang-chuong-trinh-the-he-but-pha-abbank-s-202x-ha-noi/1582282.html?ta_source=JobSearchList_LinkDetail&u_sr_id=W75zYcLd7tvGb9nKP5WoU2ngOEjgOZqYBuPoo9SE_1736762152
[2025-01-13T10:03:55.619+0000] {logging_mixin.py:190} INFO - Successfully retrieved and saved HTML for: https://www.topcv.vn/viec-lam/giao-vien-mam-non-tai-ho-chi-minh-va-ha-noi/1576716.html?ta_source=JobSearchList_LinkDetail&u_sr_id=W75zYcLd7tvGb9nKP5WoU2ngOEjgOZqYBuPoo9SE_1736762152
[2025-01-13T10:04:05.084+0000] {logging_mixin.py:190} INFO - Successfully retrieved and saved HTML for: https://www.topcv.vn/viec-lam/truong-nhom-marketing-marketing-leader-luong-tu-15-trieu-thang-nhan-viec-ngay/1582398.html?ta_source=JobSearchList_LinkDetail&u_sr_id=W75zYcLd7tvGb9nKP5WoU2ngOEjgOZqYBuPoo9SE_1736762152
[2025-01-13T10:04:10.606+0000] {logging_mixin.py:190} INFO - Successfully retrieved and saved HTML for: https://www.topcv.vn/viec-lam/contact-center-correspondence-officer/1582636.html?ta_source=JobSearchList_LinkDetail&u_sr_id=W75zYcLd7tvGb9nKP5WoU2ngOEjgOZqYBuPoo9SE_1736762152
[2025-01-13T10:04:16.494+0000] {logging_mixin.py:190} INFO - Successfully retrieved and saved HTML for: https://www.topcv.vn/viec-lam/ky-su-xay-dung-qs-qc-khoi-du-an-ho-tro-chi-phi-an-o/1582578.html?ta_source=JobSearchList_LinkDetail&u_sr_id=W75zYcLd7tvGb9nKP5WoU2ngOEjgOZqYBuPoo9SE_1736762152
[2025-01-13T10:04:23.641+0000] {logging_mixin.py:190} INFO - Successfully retrieved and saved HTML for: https://www.topcv.vn/viec-lam/quan-ly-san-xuat-mang-co-khi-che-tao-tai-nhon-trach-dong-nai/1582967.html?ta_source=JobSearchList_LinkDetail&u_sr_id=W75zYcLd7tvGb9nKP5WoU2ngOEjgOZqYBuPoo9SE_1736762152
[2025-01-13T10:04:32.971+0000] {logging_mixin.py:190} INFO - Successfully retrieved and saved HTML for: https://www.topcv.vn/viec-lam/tro-ly-tong-hop-hanh-chinh-ke-toan-ban-thoi-gian-luong-thoa-thuan/1582806.html?ta_source=JobSearchList_LinkDetail&u_sr_id=W75zYcLd7tvGb9nKP5WoU2ngOEjgOZqYBuPoo9SE_1736762152
[2025-01-13T10:04:41.239+0000] {logging_mixin.py:190} INFO - Successfully retrieved and saved HTML for: https://www.topcv.vn/viec-lam/senior-healthcare-nurse-y-ta-dieu-tri-cao-cap/1580763.html?ta_source=JobSearchList_LinkDetail&u_sr_id=W75zYcLd7tvGb9nKP5WoU2ngOEjgOZqYBuPoo9SE_1736762152
[2025-01-13T10:04:55.155+0000] {logging_mixin.py:190} INFO - Successfully retrieved and saved HTML for: https://www.topcv.vn/viec-lam/senior-sales-executive/1316953.html?ta_source=JobSearchList_LinkDetail&u_sr_id=W75zYcLd7tvGb9nKP5WoU2ngOEjgOZqYBuPoo9SE_1736762152
[2025-01-13T10:04:55.156+0000] {python.py:240} INFO - Done. Returned value was: None
[2025-01-13T10:04:55.169+0000] {taskinstance.py:340} INFO - ::group::Post task execution logs
[2025-01-13T10:04:55.169+0000] {taskinstance.py:352} INFO - Marking task as SUCCESS. dag_id=topcv_scraper, task_id=download_html, run_id=manual__2025-01-13T09:55:44.804367+00:00, execution_date=20250113T095544, start_date=20250113T095555, end_date=20250113T100455
[2025-01-13T10:04:55.207+0000] {local_task_job_runner.py:266} INFO - Task exited with return code 0
[2025-01-13T10:04:55.226+0000] {taskinstance.py:3895} INFO - 1 downstream tasks scheduled from follow-on schedule check
[2025-01-13T10:04:55.228+0000] {local_task_job_runner.py:245} INFO - ::endgroup::
