[2025-01-09T02:17:40.813+0000] {processor.py:186} INFO - Started process (PID=109) to work on /home/airflow/.local/lib/python3.12/site-packages/airflow/example_dags/example_kubernetes_executor.py
[2025-01-09T02:17:40.815+0000] {processor.py:914} INFO - Processing file /home/airflow/.local/lib/python3.12/site-packages/airflow/example_dags/example_kubernetes_executor.py for tasks to queue
[2025-01-09T02:17:40.820+0000] {logging_mixin.py:190} INFO - [2025-01-09T02:17:40.820+0000] {dagbag.py:588} INFO - Filling up the DagBag from /home/airflow/.local/lib/python3.12/site-packages/airflow/example_dags/example_kubernetes_executor.py
[2025-01-09T02:17:40.897+0000] {processor.py:925} INFO - DAG(s) 'example_kubernetes_executor' retrieved from /home/airflow/.local/lib/python3.12/site-packages/airflow/example_dags/example_kubernetes_executor.py
[2025-01-09T02:17:41.352+0000] {logging_mixin.py:190} INFO - [2025-01-09T02:17:41.350+0000] {override.py:1911} INFO - Created Permission View: can edit on DAG:example_kubernetes_executor
[2025-01-09T02:17:41.446+0000] {logging_mixin.py:190} INFO - [2025-01-09T02:17:41.445+0000] {override.py:1911} INFO - Created Permission View: can read on DAG:example_kubernetes_executor
[2025-01-09T02:17:41.489+0000] {logging_mixin.py:190} INFO - [2025-01-09T02:17:41.489+0000] {override.py:1911} INFO - Created Permission View: can delete on DAG:example_kubernetes_executor
[2025-01-09T02:17:41.565+0000] {logging_mixin.py:190} INFO - [2025-01-09T02:17:41.565+0000] {override.py:1911} INFO - Created Permission View: can create on DAG Run:example_kubernetes_executor
[2025-01-09T02:17:41.583+0000] {logging_mixin.py:190} INFO - [2025-01-09T02:17:41.583+0000] {override.py:1911} INFO - Created Permission View: menu access on DAG Run:example_kubernetes_executor
[2025-01-09T02:17:41.623+0000] {logging_mixin.py:190} INFO - [2025-01-09T02:17:41.623+0000] {override.py:1911} INFO - Created Permission View: can read on DAG Run:example_kubernetes_executor
[2025-01-09T02:17:41.766+0000] {logging_mixin.py:190} INFO - [2025-01-09T02:17:41.732+0000] {override.py:1911} INFO - Created Permission View: can delete on DAG Run:example_kubernetes_executor
[2025-01-09T02:17:41.768+0000] {logging_mixin.py:190} INFO - [2025-01-09T02:17:41.768+0000] {dag.py:3239} INFO - Sync 1 DAGs
[2025-01-09T02:17:41.823+0000] {logging_mixin.py:190} INFO - [2025-01-09T02:17:41.822+0000] {dag.py:3262} INFO - Creating ORM DAG for example_kubernetes_executor
[2025-01-09T02:17:41.824+0000] {logging_mixin.py:190} INFO - [2025-01-09T02:17:41.824+0000] {dag.py:4180} INFO - Setting next_dagrun for example_kubernetes_executor to None, run_after=None
[2025-01-09T02:17:41.935+0000] {processor.py:208} INFO - Processing /home/airflow/.local/lib/python3.12/site-packages/airflow/example_dags/example_kubernetes_executor.py took 1.145 seconds
[2025-01-09T02:18:21.553+0000] {processor.py:186} INFO - Started process (PID=178) to work on /home/airflow/.local/lib/python3.12/site-packages/airflow/example_dags/example_kubernetes_executor.py
[2025-01-09T02:18:21.595+0000] {processor.py:914} INFO - Processing file /home/airflow/.local/lib/python3.12/site-packages/airflow/example_dags/example_kubernetes_executor.py for tasks to queue
[2025-01-09T02:18:21.597+0000] {logging_mixin.py:190} INFO - [2025-01-09T02:18:21.597+0000] {dagbag.py:588} INFO - Filling up the DagBag from /home/airflow/.local/lib/python3.12/site-packages/airflow/example_dags/example_kubernetes_executor.py
[2025-01-09T02:18:21.611+0000] {processor.py:925} INFO - DAG(s) 'example_kubernetes_executor' retrieved from /home/airflow/.local/lib/python3.12/site-packages/airflow/example_dags/example_kubernetes_executor.py
[2025-01-09T02:18:21.653+0000] {logging_mixin.py:190} INFO - [2025-01-09T02:18:21.652+0000] {dag.py:3239} INFO - Sync 1 DAGs
[2025-01-09T02:18:21.669+0000] {logging_mixin.py:190} INFO - [2025-01-09T02:18:21.669+0000] {dag.py:4180} INFO - Setting next_dagrun for example_kubernetes_executor to None, run_after=None
[2025-01-09T02:18:22.018+0000] {processor.py:208} INFO - Processing /home/airflow/.local/lib/python3.12/site-packages/airflow/example_dags/example_kubernetes_executor.py took 0.470 seconds
[2025-01-09T02:19:04.557+0000] {processor.py:186} INFO - Started process (PID=241) to work on /home/airflow/.local/lib/python3.12/site-packages/airflow/example_dags/example_kubernetes_executor.py
[2025-01-09T02:19:04.668+0000] {processor.py:914} INFO - Processing file /home/airflow/.local/lib/python3.12/site-packages/airflow/example_dags/example_kubernetes_executor.py for tasks to queue
[2025-01-09T02:19:04.709+0000] {logging_mixin.py:190} INFO - [2025-01-09T02:19:04.708+0000] {dagbag.py:588} INFO - Filling up the DagBag from /home/airflow/.local/lib/python3.12/site-packages/airflow/example_dags/example_kubernetes_executor.py
[2025-01-09T02:19:04.924+0000] {processor.py:925} INFO - DAG(s) 'example_kubernetes_executor' retrieved from /home/airflow/.local/lib/python3.12/site-packages/airflow/example_dags/example_kubernetes_executor.py
[2025-01-09T02:19:05.206+0000] {logging_mixin.py:190} INFO - [2025-01-09T02:19:05.205+0000] {dag.py:3239} INFO - Sync 1 DAGs
[2025-01-09T02:19:05.350+0000] {logging_mixin.py:190} INFO - [2025-01-09T02:19:05.350+0000] {dag.py:4180} INFO - Setting next_dagrun for example_kubernetes_executor to None, run_after=None
[2025-01-09T02:19:05.586+0000] {processor.py:208} INFO - Processing /home/airflow/.local/lib/python3.12/site-packages/airflow/example_dags/example_kubernetes_executor.py took 1.097 seconds
[2025-01-09T02:20:21.601+0000] {processor.py:186} INFO - Started process (PID=309) to work on /home/airflow/.local/lib/python3.12/site-packages/airflow/example_dags/example_kubernetes_executor.py
[2025-01-09T02:20:21.603+0000] {processor.py:914} INFO - Processing file /home/airflow/.local/lib/python3.12/site-packages/airflow/example_dags/example_kubernetes_executor.py for tasks to queue
[2025-01-09T02:20:21.608+0000] {logging_mixin.py:190} INFO - [2025-01-09T02:20:21.607+0000] {dagbag.py:588} INFO - Filling up the DagBag from /home/airflow/.local/lib/python3.12/site-packages/airflow/example_dags/example_kubernetes_executor.py
[2025-01-09T02:20:21.956+0000] {processor.py:925} INFO - DAG(s) 'example_kubernetes_executor' retrieved from /home/airflow/.local/lib/python3.12/site-packages/airflow/example_dags/example_kubernetes_executor.py
[2025-01-09T02:20:21.994+0000] {logging_mixin.py:190} INFO - [2025-01-09T02:20:21.993+0000] {dag.py:3239} INFO - Sync 1 DAGs
[2025-01-09T02:20:22.041+0000] {logging_mixin.py:190} INFO - [2025-01-09T02:20:22.041+0000] {dag.py:4180} INFO - Setting next_dagrun for example_kubernetes_executor to None, run_after=None
[2025-01-09T02:20:22.197+0000] {processor.py:208} INFO - Processing /home/airflow/.local/lib/python3.12/site-packages/airflow/example_dags/example_kubernetes_executor.py took 0.751 seconds
