[2025-01-09T02:18:09.822+0000] {processor.py:186} INFO - Started process (PID=142) to work on /home/airflow/.local/lib/python3.12/site-packages/airflow/example_dags/example_outlet_event_extra.py
[2025-01-09T02:18:09.825+0000] {processor.py:914} INFO - Processing file /home/airflow/.local/lib/python3.12/site-packages/airflow/example_dags/example_outlet_event_extra.py for tasks to queue
[2025-01-09T02:18:09.831+0000] {logging_mixin.py:190} INFO - [2025-01-09T02:18:09.830+0000] {dagbag.py:588} INFO - Filling up the DagBag from /home/airflow/.local/lib/python3.12/site-packages/airflow/example_dags/example_outlet_event_extra.py
[2025-01-09T02:18:11.480+0000] {processor.py:925} INFO - DAG(s) 'dataset_with_extra_from_classic_operator', 'dataset_with_extra_by_yield', 'dataset_with_extra_by_context' retrieved from /home/airflow/.local/lib/python3.12/site-packages/airflow/example_dags/example_outlet_event_extra.py
[2025-01-09T02:18:12.054+0000] {logging_mixin.py:190} INFO - [2025-01-09T02:18:12.053+0000] {override.py:1911} INFO - Created Permission View: can edit on DAG:dataset_with_extra_from_classic_operator
[2025-01-09T02:18:12.124+0000] {logging_mixin.py:190} INFO - [2025-01-09T02:18:12.124+0000] {override.py:1911} INFO - Created Permission View: can read on DAG:dataset_with_extra_from_classic_operator
[2025-01-09T02:18:12.166+0000] {logging_mixin.py:190} INFO - [2025-01-09T02:18:12.166+0000] {override.py:1911} INFO - Created Permission View: can delete on DAG:dataset_with_extra_from_classic_operator
[2025-01-09T02:18:12.176+0000] {logging_mixin.py:190} INFO - [2025-01-09T02:18:12.175+0000] {override.py:1911} INFO - Created Permission View: can create on DAG Run:dataset_with_extra_from_classic_operator
[2025-01-09T02:18:12.197+0000] {logging_mixin.py:190} INFO - [2025-01-09T02:18:12.197+0000] {override.py:1911} INFO - Created Permission View: menu access on DAG Run:dataset_with_extra_from_classic_operator
[2025-01-09T02:18:12.261+0000] {logging_mixin.py:190} INFO - [2025-01-09T02:18:12.260+0000] {override.py:1911} INFO - Created Permission View: can read on DAG Run:dataset_with_extra_from_classic_operator
[2025-01-09T02:18:12.302+0000] {logging_mixin.py:190} INFO - [2025-01-09T02:18:12.302+0000] {override.py:1911} INFO - Created Permission View: can delete on DAG Run:dataset_with_extra_from_classic_operator
[2025-01-09T02:18:12.375+0000] {logging_mixin.py:190} INFO - [2025-01-09T02:18:12.374+0000] {override.py:1911} INFO - Created Permission View: can edit on DAG:dataset_with_extra_by_yield
[2025-01-09T02:18:12.469+0000] {logging_mixin.py:190} INFO - [2025-01-09T02:18:12.468+0000] {override.py:1911} INFO - Created Permission View: can read on DAG:dataset_with_extra_by_yield
[2025-01-09T02:18:12.644+0000] {logging_mixin.py:190} INFO - [2025-01-09T02:18:12.644+0000] {override.py:1911} INFO - Created Permission View: can delete on DAG:dataset_with_extra_by_yield
[2025-01-09T02:18:12.961+0000] {logging_mixin.py:190} INFO - [2025-01-09T02:18:12.960+0000] {override.py:1911} INFO - Created Permission View: can create on DAG Run:dataset_with_extra_by_yield
[2025-01-09T02:18:13.051+0000] {logging_mixin.py:190} INFO - [2025-01-09T02:18:13.051+0000] {override.py:1911} INFO - Created Permission View: menu access on DAG Run:dataset_with_extra_by_yield
[2025-01-09T02:18:13.196+0000] {logging_mixin.py:190} INFO - [2025-01-09T02:18:13.196+0000] {override.py:1911} INFO - Created Permission View: can read on DAG Run:dataset_with_extra_by_yield
[2025-01-09T02:18:13.400+0000] {logging_mixin.py:190} INFO - [2025-01-09T02:18:13.399+0000] {override.py:1911} INFO - Created Permission View: can delete on DAG Run:dataset_with_extra_by_yield
[2025-01-09T02:18:13.751+0000] {logging_mixin.py:190} INFO - [2025-01-09T02:18:13.751+0000] {override.py:1911} INFO - Created Permission View: can edit on DAG:dataset_with_extra_by_context
[2025-01-09T02:18:13.992+0000] {logging_mixin.py:190} INFO - [2025-01-09T02:18:13.991+0000] {override.py:1911} INFO - Created Permission View: can read on DAG:dataset_with_extra_by_context
[2025-01-09T02:18:14.105+0000] {logging_mixin.py:190} INFO - [2025-01-09T02:18:14.105+0000] {override.py:1911} INFO - Created Permission View: can delete on DAG:dataset_with_extra_by_context
[2025-01-09T02:18:14.128+0000] {logging_mixin.py:190} INFO - [2025-01-09T02:18:14.128+0000] {override.py:1911} INFO - Created Permission View: can create on DAG Run:dataset_with_extra_by_context
[2025-01-09T02:18:14.142+0000] {logging_mixin.py:190} INFO - [2025-01-09T02:18:14.142+0000] {override.py:1911} INFO - Created Permission View: menu access on DAG Run:dataset_with_extra_by_context
[2025-01-09T02:18:14.185+0000] {logging_mixin.py:190} INFO - [2025-01-09T02:18:14.185+0000] {override.py:1911} INFO - Created Permission View: can read on DAG Run:dataset_with_extra_by_context
[2025-01-09T02:18:14.283+0000] {logging_mixin.py:190} INFO - [2025-01-09T02:18:14.283+0000] {override.py:1911} INFO - Created Permission View: can delete on DAG Run:dataset_with_extra_by_context
[2025-01-09T02:18:14.284+0000] {logging_mixin.py:190} INFO - [2025-01-09T02:18:14.284+0000] {dag.py:3239} INFO - Sync 3 DAGs
[2025-01-09T02:18:14.335+0000] {logging_mixin.py:190} INFO - [2025-01-09T02:18:14.335+0000] {dag.py:3262} INFO - Creating ORM DAG for dataset_with_extra_by_yield
[2025-01-09T02:18:14.336+0000] {logging_mixin.py:190} INFO - [2025-01-09T02:18:14.336+0000] {dag.py:3262} INFO - Creating ORM DAG for dataset_with_extra_by_context
[2025-01-09T02:18:14.337+0000] {logging_mixin.py:190} INFO - [2025-01-09T02:18:14.337+0000] {dag.py:3262} INFO - Creating ORM DAG for dataset_with_extra_from_classic_operator
[2025-01-09T02:18:14.383+0000] {logging_mixin.py:190} INFO - [2025-01-09T02:18:14.382+0000] {dag.py:4180} INFO - Setting next_dagrun for dataset_with_extra_by_context to 2025-01-08 00:00:00+00:00, run_after=2025-01-09 00:00:00+00:00
[2025-01-09T02:18:14.411+0000] {logging_mixin.py:190} INFO - [2025-01-09T02:18:14.394+0000] {dag.py:4180} INFO - Setting next_dagrun for dataset_with_extra_by_yield to 2025-01-08 00:00:00+00:00, run_after=2025-01-09 00:00:00+00:00
[2025-01-09T02:18:14.414+0000] {logging_mixin.py:190} INFO - [2025-01-09T02:18:14.414+0000] {dag.py:4180} INFO - Setting next_dagrun for dataset_with_extra_from_classic_operator to 2025-01-08 00:00:00+00:00, run_after=2025-01-09 00:00:00+00:00
[2025-01-09T02:18:14.515+0000] {processor.py:208} INFO - Processing /home/airflow/.local/lib/python3.12/site-packages/airflow/example_dags/example_outlet_event_extra.py took 4.712 seconds
[2025-01-09T02:18:51.090+0000] {processor.py:186} INFO - Started process (PID=224) to work on /home/airflow/.local/lib/python3.12/site-packages/airflow/example_dags/example_outlet_event_extra.py
[2025-01-09T02:18:51.113+0000] {processor.py:914} INFO - Processing file /home/airflow/.local/lib/python3.12/site-packages/airflow/example_dags/example_outlet_event_extra.py for tasks to queue
[2025-01-09T02:18:51.133+0000] {logging_mixin.py:190} INFO - [2025-01-09T02:18:51.132+0000] {dagbag.py:588} INFO - Filling up the DagBag from /home/airflow/.local/lib/python3.12/site-packages/airflow/example_dags/example_outlet_event_extra.py
[2025-01-09T02:18:55.699+0000] {processor.py:925} INFO - DAG(s) 'dataset_with_extra_from_classic_operator', 'dataset_with_extra_by_yield', 'dataset_with_extra_by_context' retrieved from /home/airflow/.local/lib/python3.12/site-packages/airflow/example_dags/example_outlet_event_extra.py
[2025-01-09T02:18:55.943+0000] {logging_mixin.py:190} INFO - [2025-01-09T02:18:55.942+0000] {dag.py:3239} INFO - Sync 3 DAGs
[2025-01-09T02:18:56.076+0000] {logging_mixin.py:190} INFO - [2025-01-09T02:18:56.075+0000] {dag.py:4180} INFO - Setting next_dagrun for dataset_with_extra_by_context to 2025-01-08 00:00:00+00:00, run_after=2025-01-09 00:00:00+00:00
[2025-01-09T02:18:56.109+0000] {logging_mixin.py:190} INFO - [2025-01-09T02:18:56.108+0000] {dag.py:4180} INFO - Setting next_dagrun for dataset_with_extra_by_yield to 2025-01-08 00:00:00+00:00, run_after=2025-01-09 00:00:00+00:00
[2025-01-09T02:18:56.144+0000] {logging_mixin.py:190} INFO - [2025-01-09T02:18:56.144+0000] {dag.py:4180} INFO - Setting next_dagrun for dataset_with_extra_from_classic_operator to 2025-01-08 00:00:00+00:00, run_after=2025-01-09 00:00:00+00:00
[2025-01-09T02:18:56.332+0000] {processor.py:208} INFO - Processing /home/airflow/.local/lib/python3.12/site-packages/airflow/example_dags/example_outlet_event_extra.py took 5.270 seconds
[2025-01-09T02:20:22.301+0000] {processor.py:186} INFO - Started process (PID=310) to work on /home/airflow/.local/lib/python3.12/site-packages/airflow/example_dags/example_outlet_event_extra.py
[2025-01-09T02:20:22.304+0000] {processor.py:914} INFO - Processing file /home/airflow/.local/lib/python3.12/site-packages/airflow/example_dags/example_outlet_event_extra.py for tasks to queue
[2025-01-09T02:20:22.310+0000] {logging_mixin.py:190} INFO - [2025-01-09T02:20:22.309+0000] {dagbag.py:588} INFO - Filling up the DagBag from /home/airflow/.local/lib/python3.12/site-packages/airflow/example_dags/example_outlet_event_extra.py
[2025-01-09T02:20:23.584+0000] {processor.py:925} INFO - DAG(s) 'dataset_with_extra_by_yield', 'dataset_with_extra_by_context', 'dataset_with_extra_from_classic_operator' retrieved from /home/airflow/.local/lib/python3.12/site-packages/airflow/example_dags/example_outlet_event_extra.py
[2025-01-09T02:20:28.567+0000] {logging_mixin.py:190} INFO - [2025-01-09T02:20:28.566+0000] {process_utils.py:266} INFO - Waiting up to 5 seconds for processes to exit...
