[2025-01-09T02:17:57.485+0000] {processor.py:186} INFO - Started process (PID=130) to work on /home/airflow/.local/lib/python3.12/site-packages/airflow/example_dags/example_latest_only_with_trigger.py
[2025-01-09T02:17:57.492+0000] {processor.py:914} INFO - Processing file /home/airflow/.local/lib/python3.12/site-packages/airflow/example_dags/example_latest_only_with_trigger.py for tasks to queue
[2025-01-09T02:17:57.504+0000] {logging_mixin.py:190} INFO - [2025-01-09T02:17:57.503+0000] {dagbag.py:588} INFO - Filling up the DagBag from /home/airflow/.local/lib/python3.12/site-packages/airflow/example_dags/example_latest_only_with_trigger.py
[2025-01-09T02:17:57.565+0000] {processor.py:925} INFO - DAG(s) 'latest_only_with_trigger' retrieved from /home/airflow/.local/lib/python3.12/site-packages/airflow/example_dags/example_latest_only_with_trigger.py
[2025-01-09T02:17:58.293+0000] {logging_mixin.py:190} INFO - [2025-01-09T02:17:58.292+0000] {override.py:1911} INFO - Created Permission View: can edit on DAG:latest_only_with_trigger
[2025-01-09T02:17:58.389+0000] {logging_mixin.py:190} INFO - [2025-01-09T02:17:58.388+0000] {override.py:1911} INFO - Created Permission View: can read on DAG:latest_only_with_trigger
[2025-01-09T02:17:58.530+0000] {logging_mixin.py:190} INFO - [2025-01-09T02:17:58.530+0000] {override.py:1911} INFO - Created Permission View: can delete on DAG:latest_only_with_trigger
[2025-01-09T02:17:58.813+0000] {logging_mixin.py:190} INFO - [2025-01-09T02:17:58.810+0000] {override.py:1911} INFO - Created Permission View: can create on DAG Run:latest_only_with_trigger
[2025-01-09T02:17:58.889+0000] {logging_mixin.py:190} INFO - [2025-01-09T02:17:58.888+0000] {override.py:1911} INFO - Created Permission View: menu access on DAG Run:latest_only_with_trigger
[2025-01-09T02:17:59.009+0000] {logging_mixin.py:190} INFO - [2025-01-09T02:17:59.007+0000] {override.py:1911} INFO - Created Permission View: can read on DAG Run:latest_only_with_trigger
[2025-01-09T02:17:59.120+0000] {logging_mixin.py:190} INFO - [2025-01-09T02:17:59.119+0000] {override.py:1911} INFO - Created Permission View: can delete on DAG Run:latest_only_with_trigger
[2025-01-09T02:17:59.121+0000] {logging_mixin.py:190} INFO - [2025-01-09T02:17:59.120+0000] {dag.py:3239} INFO - Sync 1 DAGs
[2025-01-09T02:17:59.139+0000] {logging_mixin.py:190} INFO - [2025-01-09T02:17:59.139+0000] {dag.py:3262} INFO - Creating ORM DAG for latest_only_with_trigger
[2025-01-09T02:17:59.161+0000] {logging_mixin.py:190} INFO - [2025-01-09T02:17:59.160+0000] {dag.py:4180} INFO - Setting next_dagrun for latest_only_with_trigger to 2025-01-08 20:00:00+00:00, run_after=2025-01-09 00:00:00+00:00
[2025-01-09T02:17:59.204+0000] {processor.py:208} INFO - Processing /home/airflow/.local/lib/python3.12/site-packages/airflow/example_dags/example_latest_only_with_trigger.py took 1.750 seconds
[2025-01-09T02:18:30.070+0000] {processor.py:186} INFO - Started process (PID=192) to work on /home/airflow/.local/lib/python3.12/site-packages/airflow/example_dags/example_latest_only_with_trigger.py
[2025-01-09T02:18:30.077+0000] {processor.py:914} INFO - Processing file /home/airflow/.local/lib/python3.12/site-packages/airflow/example_dags/example_latest_only_with_trigger.py for tasks to queue
[2025-01-09T02:18:30.094+0000] {logging_mixin.py:190} INFO - [2025-01-09T02:18:30.093+0000] {dagbag.py:588} INFO - Filling up the DagBag from /home/airflow/.local/lib/python3.12/site-packages/airflow/example_dags/example_latest_only_with_trigger.py
[2025-01-09T02:18:30.212+0000] {processor.py:925} INFO - DAG(s) 'latest_only_with_trigger' retrieved from /home/airflow/.local/lib/python3.12/site-packages/airflow/example_dags/example_latest_only_with_trigger.py
[2025-01-09T02:18:30.303+0000] {logging_mixin.py:190} INFO - [2025-01-09T02:18:30.302+0000] {dag.py:3239} INFO - Sync 1 DAGs
[2025-01-09T02:18:30.427+0000] {logging_mixin.py:190} INFO - [2025-01-09T02:18:30.426+0000] {dag.py:4180} INFO - Setting next_dagrun for latest_only_with_trigger to 2025-01-08 20:00:00+00:00, run_after=2025-01-09 00:00:00+00:00
[2025-01-09T02:18:30.532+0000] {processor.py:208} INFO - Processing /home/airflow/.local/lib/python3.12/site-packages/airflow/example_dags/example_latest_only_with_trigger.py took 0.485 seconds
[2025-01-09T02:19:16.585+0000] {processor.py:186} INFO - Started process (PID=255) to work on /home/airflow/.local/lib/python3.12/site-packages/airflow/example_dags/example_latest_only_with_trigger.py
[2025-01-09T02:19:16.620+0000] {processor.py:914} INFO - Processing file /home/airflow/.local/lib/python3.12/site-packages/airflow/example_dags/example_latest_only_with_trigger.py for tasks to queue
[2025-01-09T02:19:16.641+0000] {logging_mixin.py:190} INFO - [2025-01-09T02:19:16.640+0000] {dagbag.py:588} INFO - Filling up the DagBag from /home/airflow/.local/lib/python3.12/site-packages/airflow/example_dags/example_latest_only_with_trigger.py
[2025-01-09T02:19:16.870+0000] {processor.py:925} INFO - DAG(s) 'latest_only_with_trigger' retrieved from /home/airflow/.local/lib/python3.12/site-packages/airflow/example_dags/example_latest_only_with_trigger.py
[2025-01-09T02:19:17.580+0000] {logging_mixin.py:190} INFO - [2025-01-09T02:19:17.579+0000] {dag.py:3239} INFO - Sync 1 DAGs
[2025-01-09T02:19:18.050+0000] {logging_mixin.py:190} INFO - [2025-01-09T02:19:18.049+0000] {dag.py:4180} INFO - Setting next_dagrun for latest_only_with_trigger to 2025-01-08 20:00:00+00:00, run_after=2025-01-09 00:00:00+00:00
[2025-01-09T02:19:18.366+0000] {processor.py:208} INFO - Processing /home/airflow/.local/lib/python3.12/site-packages/airflow/example_dags/example_latest_only_with_trigger.py took 1.788 seconds
