[2025-01-09T02:17:42.025+0000] {processor.py:186} INFO - Started process (PID=111) to work on /home/airflow/.local/lib/python3.12/site-packages/airflow/example_dags/example_params_trigger_ui.py
[2025-01-09T02:17:42.027+0000] {processor.py:914} INFO - Processing file /home/airflow/.local/lib/python3.12/site-packages/airflow/example_dags/example_params_trigger_ui.py for tasks to queue
[2025-01-09T02:17:42.030+0000] {logging_mixin.py:190} INFO - [2025-01-09T02:17:42.030+0000] {dagbag.py:588} INFO - Filling up the DagBag from /home/airflow/.local/lib/python3.12/site-packages/airflow/example_dags/example_params_trigger_ui.py
[2025-01-09T02:17:42.138+0000] {processor.py:925} INFO - DAG(s) 'example_params_trigger_ui' retrieved from /home/airflow/.local/lib/python3.12/site-packages/airflow/example_dags/example_params_trigger_ui.py
[2025-01-09T02:17:42.668+0000] {logging_mixin.py:190} INFO - [2025-01-09T02:17:42.667+0000] {override.py:1911} INFO - Created Permission View: can edit on DAG:example_params_trigger_ui
[2025-01-09T02:17:42.794+0000] {logging_mixin.py:190} INFO - [2025-01-09T02:17:42.794+0000] {override.py:1911} INFO - Created Permission View: can read on DAG:example_params_trigger_ui
[2025-01-09T02:17:42.834+0000] {logging_mixin.py:190} INFO - [2025-01-09T02:17:42.833+0000] {override.py:1911} INFO - Created Permission View: can delete on DAG:example_params_trigger_ui
[2025-01-09T02:17:43.278+0000] {logging_mixin.py:190} INFO - [2025-01-09T02:17:43.277+0000] {override.py:1911} INFO - Created Permission View: can create on DAG Run:example_params_trigger_ui
[2025-01-09T02:17:43.355+0000] {logging_mixin.py:190} INFO - [2025-01-09T02:17:43.354+0000] {override.py:1911} INFO - Created Permission View: menu access on DAG Run:example_params_trigger_ui
[2025-01-09T02:17:43.434+0000] {logging_mixin.py:190} INFO - [2025-01-09T02:17:43.433+0000] {override.py:1911} INFO - Created Permission View: can read on DAG Run:example_params_trigger_ui
[2025-01-09T02:17:43.441+0000] {logging_mixin.py:190} INFO - [2025-01-09T02:17:43.440+0000] {override.py:1911} INFO - Created Permission View: can delete on DAG Run:example_params_trigger_ui
[2025-01-09T02:17:43.441+0000] {logging_mixin.py:190} INFO - [2025-01-09T02:17:43.441+0000] {dag.py:3239} INFO - Sync 1 DAGs
[2025-01-09T02:17:43.506+0000] {logging_mixin.py:190} INFO - [2025-01-09T02:17:43.505+0000] {dag.py:3262} INFO - Creating ORM DAG for example_params_trigger_ui
[2025-01-09T02:17:43.507+0000] {logging_mixin.py:190} INFO - [2025-01-09T02:17:43.507+0000] {dag.py:4180} INFO - Setting next_dagrun for example_params_trigger_ui to None, run_after=None
[2025-01-09T02:17:43.670+0000] {processor.py:208} INFO - Processing /home/airflow/.local/lib/python3.12/site-packages/airflow/example_dags/example_params_trigger_ui.py took 1.667 seconds
[2025-01-09T02:18:22.053+0000] {processor.py:186} INFO - Started process (PID=180) to work on /home/airflow/.local/lib/python3.12/site-packages/airflow/example_dags/example_params_trigger_ui.py
[2025-01-09T02:18:22.108+0000] {processor.py:914} INFO - Processing file /home/airflow/.local/lib/python3.12/site-packages/airflow/example_dags/example_params_trigger_ui.py for tasks to queue
[2025-01-09T02:18:22.111+0000] {logging_mixin.py:190} INFO - [2025-01-09T02:18:22.111+0000] {dagbag.py:588} INFO - Filling up the DagBag from /home/airflow/.local/lib/python3.12/site-packages/airflow/example_dags/example_params_trigger_ui.py
[2025-01-09T02:18:22.121+0000] {processor.py:925} INFO - DAG(s) 'example_params_trigger_ui' retrieved from /home/airflow/.local/lib/python3.12/site-packages/airflow/example_dags/example_params_trigger_ui.py
[2025-01-09T02:18:22.164+0000] {logging_mixin.py:190} INFO - [2025-01-09T02:18:22.164+0000] {dag.py:3239} INFO - Sync 1 DAGs
[2025-01-09T02:18:22.178+0000] {logging_mixin.py:190} INFO - [2025-01-09T02:18:22.178+0000] {dag.py:4180} INFO - Setting next_dagrun for example_params_trigger_ui to None, run_after=None
[2025-01-09T02:18:22.545+0000] {processor.py:208} INFO - Processing /home/airflow/.local/lib/python3.12/site-packages/airflow/example_dags/example_params_trigger_ui.py took 0.498 seconds
[2025-01-09T02:19:05.852+0000] {processor.py:186} INFO - Started process (PID=243) to work on /home/airflow/.local/lib/python3.12/site-packages/airflow/example_dags/example_params_trigger_ui.py
[2025-01-09T02:19:05.875+0000] {processor.py:914} INFO - Processing file /home/airflow/.local/lib/python3.12/site-packages/airflow/example_dags/example_params_trigger_ui.py for tasks to queue
[2025-01-09T02:19:05.912+0000] {logging_mixin.py:190} INFO - [2025-01-09T02:19:05.906+0000] {dagbag.py:588} INFO - Filling up the DagBag from /home/airflow/.local/lib/python3.12/site-packages/airflow/example_dags/example_params_trigger_ui.py
[2025-01-09T02:19:06.259+0000] {processor.py:925} INFO - DAG(s) 'example_params_trigger_ui' retrieved from /home/airflow/.local/lib/python3.12/site-packages/airflow/example_dags/example_params_trigger_ui.py
[2025-01-09T02:19:06.777+0000] {logging_mixin.py:190} INFO - [2025-01-09T02:19:06.776+0000] {dag.py:3239} INFO - Sync 1 DAGs
[2025-01-09T02:19:06.844+0000] {logging_mixin.py:190} INFO - [2025-01-09T02:19:06.844+0000] {dag.py:4180} INFO - Setting next_dagrun for example_params_trigger_ui to None, run_after=None
[2025-01-09T02:19:07.274+0000] {processor.py:208} INFO - Processing /home/airflow/.local/lib/python3.12/site-packages/airflow/example_dags/example_params_trigger_ui.py took 1.470 seconds
