[2025-01-09T02:16:39.548+0000] {processor.py:186} INFO - Started process (PID=78) to work on /home/airflow/.local/lib/python3.12/site-packages/airflow/example_dags/example_dag_decorator.py
[2025-01-09T02:16:39.551+0000] {processor.py:914} INFO - Processing file /home/airflow/.local/lib/python3.12/site-packages/airflow/example_dags/example_dag_decorator.py for tasks to queue
[2025-01-09T02:16:39.591+0000] {logging_mixin.py:190} INFO - [2025-01-09T02:16:39.589+0000] {dagbag.py:588} INFO - Filling up the DagBag from /home/airflow/.local/lib/python3.12/site-packages/airflow/example_dags/example_dag_decorator.py
[2025-01-09T02:16:40.307+0000] {processor.py:925} INFO - DAG(s) 'example_dag_decorator' retrieved from /home/airflow/.local/lib/python3.12/site-packages/airflow/example_dags/example_dag_decorator.py
[2025-01-09T02:16:43.385+0000] {logging_mixin.py:190} INFO - [2025-01-09T02:16:43.369+0000] {override.py:1911} INFO - Created Permission View: can edit on DAG:example_dag_decorator
[2025-01-09T02:16:43.795+0000] {logging_mixin.py:190} INFO - [2025-01-09T02:16:43.795+0000] {override.py:1911} INFO - Created Permission View: can read on DAG:example_dag_decorator
[2025-01-09T02:16:44.039+0000] {logging_mixin.py:190} INFO - [2025-01-09T02:16:44.031+0000] {override.py:1911} INFO - Created Permission View: can delete on DAG:example_dag_decorator
[2025-01-09T02:16:44.379+0000] {logging_mixin.py:190} INFO - [2025-01-09T02:16:44.376+0000] {override.py:1911} INFO - Created Permission View: can create on DAG Run:example_dag_decorator
[2025-01-09T02:16:44.526+0000] {logging_mixin.py:190} INFO - [2025-01-09T02:16:44.517+0000] {override.py:1911} INFO - Created Permission View: menu access on DAG Run:example_dag_decorator
[2025-01-09T02:16:44.954+0000] {logging_mixin.py:190} INFO - [2025-01-09T02:16:44.951+0000] {override.py:1911} INFO - Created Permission View: can read on DAG Run:example_dag_decorator
[2025-01-09T02:16:45.295+0000] {logging_mixin.py:190} INFO - [2025-01-09T02:16:45.293+0000] {override.py:1911} INFO - Created Permission View: can delete on DAG Run:example_dag_decorator
[2025-01-09T02:16:45.319+0000] {logging_mixin.py:190} INFO - [2025-01-09T02:16:45.317+0000] {dag.py:3239} INFO - Sync 1 DAGs
[2025-01-09T02:16:45.693+0000] {logging_mixin.py:190} INFO - [2025-01-09T02:16:45.605+0000] {dag.py:3262} INFO - Creating ORM DAG for example_dag_decorator
[2025-01-09T02:16:45.720+0000] {logging_mixin.py:190} INFO - [2025-01-09T02:16:45.715+0000] {dag.py:4180} INFO - Setting next_dagrun for example_dag_decorator to None, run_after=None
[2025-01-09T02:16:46.267+0000] {processor.py:208} INFO - Processing /home/airflow/.local/lib/python3.12/site-packages/airflow/example_dags/example_dag_decorator.py took 7.030 seconds
[2025-01-09T02:18:14.609+0000] {processor.py:186} INFO - Started process (PID=153) to work on /home/airflow/.local/lib/python3.12/site-packages/airflow/example_dags/example_dag_decorator.py
[2025-01-09T02:18:14.618+0000] {processor.py:914} INFO - Processing file /home/airflow/.local/lib/python3.12/site-packages/airflow/example_dags/example_dag_decorator.py for tasks to queue
[2025-01-09T02:18:14.622+0000] {logging_mixin.py:190} INFO - [2025-01-09T02:18:14.622+0000] {dagbag.py:588} INFO - Filling up the DagBag from /home/airflow/.local/lib/python3.12/site-packages/airflow/example_dags/example_dag_decorator.py
[2025-01-09T02:18:14.649+0000] {processor.py:925} INFO - DAG(s) 'example_dag_decorator' retrieved from /home/airflow/.local/lib/python3.12/site-packages/airflow/example_dags/example_dag_decorator.py
[2025-01-09T02:18:15.037+0000] {logging_mixin.py:190} INFO - [2025-01-09T02:18:15.037+0000] {dag.py:3239} INFO - Sync 1 DAGs
[2025-01-09T02:18:15.086+0000] {logging_mixin.py:190} INFO - [2025-01-09T02:18:15.086+0000] {dag.py:4180} INFO - Setting next_dagrun for example_dag_decorator to None, run_after=None
[2025-01-09T02:18:15.143+0000] {processor.py:208} INFO - Processing /home/airflow/.local/lib/python3.12/site-packages/airflow/example_dags/example_dag_decorator.py took 0.540 seconds
[2025-01-09T02:18:47.298+0000] {processor.py:186} INFO - Started process (PID=215) to work on /home/airflow/.local/lib/python3.12/site-packages/airflow/example_dags/example_dag_decorator.py
[2025-01-09T02:18:47.335+0000] {processor.py:914} INFO - Processing file /home/airflow/.local/lib/python3.12/site-packages/airflow/example_dags/example_dag_decorator.py for tasks to queue
[2025-01-09T02:18:47.350+0000] {logging_mixin.py:190} INFO - [2025-01-09T02:18:47.349+0000] {dagbag.py:588} INFO - Filling up the DagBag from /home/airflow/.local/lib/python3.12/site-packages/airflow/example_dags/example_dag_decorator.py
[2025-01-09T02:18:47.402+0000] {processor.py:925} INFO - DAG(s) 'example_dag_decorator' retrieved from /home/airflow/.local/lib/python3.12/site-packages/airflow/example_dags/example_dag_decorator.py
[2025-01-09T02:18:48.249+0000] {logging_mixin.py:190} INFO - [2025-01-09T02:18:48.249+0000] {dag.py:3239} INFO - Sync 1 DAGs
[2025-01-09T02:18:48.384+0000] {logging_mixin.py:190} INFO - [2025-01-09T02:18:48.379+0000] {dag.py:4180} INFO - Setting next_dagrun for example_dag_decorator to None, run_after=None
[2025-01-09T02:18:48.536+0000] {processor.py:208} INFO - Processing /home/airflow/.local/lib/python3.12/site-packages/airflow/example_dags/example_dag_decorator.py took 1.254 seconds
[2025-01-09T02:19:36.838+0000] {processor.py:186} INFO - Started process (PID=285) to work on /home/airflow/.local/lib/python3.12/site-packages/airflow/example_dags/example_dag_decorator.py
[2025-01-09T02:19:36.845+0000] {processor.py:914} INFO - Processing file /home/airflow/.local/lib/python3.12/site-packages/airflow/example_dags/example_dag_decorator.py for tasks to queue
[2025-01-09T02:19:36.922+0000] {logging_mixin.py:190} INFO - [2025-01-09T02:19:36.921+0000] {dagbag.py:588} INFO - Filling up the DagBag from /home/airflow/.local/lib/python3.12/site-packages/airflow/example_dags/example_dag_decorator.py
[2025-01-09T02:19:36.959+0000] {processor.py:925} INFO - DAG(s) 'example_dag_decorator' retrieved from /home/airflow/.local/lib/python3.12/site-packages/airflow/example_dags/example_dag_decorator.py
[2025-01-09T02:19:37.309+0000] {logging_mixin.py:190} INFO - [2025-01-09T02:19:37.309+0000] {dag.py:3239} INFO - Sync 1 DAGs
[2025-01-09T02:19:37.587+0000] {logging_mixin.py:190} INFO - [2025-01-09T02:19:37.587+0000] {dag.py:4180} INFO - Setting next_dagrun for example_dag_decorator to None, run_after=None
[2025-01-09T02:19:38.321+0000] {processor.py:208} INFO - Processing /home/airflow/.local/lib/python3.12/site-packages/airflow/example_dags/example_dag_decorator.py took 1.487 seconds
