[2025-01-09T02:17:59.251+0000] {processor.py:186} INFO - Started process (PID=131) to work on /home/airflow/.local/lib/python3.12/site-packages/airflow/example_dags/example_xcomargs.py
[2025-01-09T02:17:59.253+0000] {processor.py:914} INFO - Processing file /home/airflow/.local/lib/python3.12/site-packages/airflow/example_dags/example_xcomargs.py for tasks to queue
[2025-01-09T02:17:59.260+0000] {logging_mixin.py:190} INFO - [2025-01-09T02:17:59.260+0000] {dagbag.py:588} INFO - Filling up the DagBag from /home/airflow/.local/lib/python3.12/site-packages/airflow/example_dags/example_xcomargs.py
[2025-01-09T02:17:59.294+0000] {processor.py:925} INFO - DAG(s) 'example_xcom_args_with_operators', 'example_xcom_args' retrieved from /home/airflow/.local/lib/python3.12/site-packages/airflow/example_dags/example_xcomargs.py
[2025-01-09T02:17:59.947+0000] {logging_mixin.py:190} INFO - [2025-01-09T02:17:59.944+0000] {override.py:1911} INFO - Created Permission View: can edit on DAG:example_xcom_args_with_operators
[2025-01-09T02:18:00.019+0000] {logging_mixin.py:190} INFO - [2025-01-09T02:18:00.019+0000] {override.py:1911} INFO - Created Permission View: can read on DAG:example_xcom_args_with_operators
[2025-01-09T02:18:00.125+0000] {logging_mixin.py:190} INFO - [2025-01-09T02:18:00.124+0000] {override.py:1911} INFO - Created Permission View: can delete on DAG:example_xcom_args_with_operators
[2025-01-09T02:18:00.316+0000] {logging_mixin.py:190} INFO - [2025-01-09T02:18:00.316+0000] {override.py:1911} INFO - Created Permission View: can create on DAG Run:example_xcom_args_with_operators
[2025-01-09T02:18:00.424+0000] {logging_mixin.py:190} INFO - [2025-01-09T02:18:00.424+0000] {override.py:1911} INFO - Created Permission View: menu access on DAG Run:example_xcom_args_with_operators
[2025-01-09T02:18:00.543+0000] {logging_mixin.py:190} INFO - [2025-01-09T02:18:00.542+0000] {override.py:1911} INFO - Created Permission View: can read on DAG Run:example_xcom_args_with_operators
[2025-01-09T02:18:00.830+0000] {logging_mixin.py:190} INFO - [2025-01-09T02:18:00.830+0000] {override.py:1911} INFO - Created Permission View: can delete on DAG Run:example_xcom_args_with_operators
[2025-01-09T02:18:00.901+0000] {logging_mixin.py:190} INFO - [2025-01-09T02:18:00.901+0000] {override.py:1911} INFO - Created Permission View: can edit on DAG:example_xcom_args
[2025-01-09T02:18:01.031+0000] {logging_mixin.py:190} INFO - [2025-01-09T02:18:01.030+0000] {override.py:1911} INFO - Created Permission View: can read on DAG:example_xcom_args
[2025-01-09T02:18:01.067+0000] {logging_mixin.py:190} INFO - [2025-01-09T02:18:01.067+0000] {override.py:1911} INFO - Created Permission View: can delete on DAG:example_xcom_args
[2025-01-09T02:18:01.080+0000] {logging_mixin.py:190} INFO - [2025-01-09T02:18:01.080+0000] {override.py:1911} INFO - Created Permission View: can create on DAG Run:example_xcom_args
[2025-01-09T02:18:01.119+0000] {logging_mixin.py:190} INFO - [2025-01-09T02:18:01.119+0000] {override.py:1911} INFO - Created Permission View: menu access on DAG Run:example_xcom_args
[2025-01-09T02:18:01.199+0000] {logging_mixin.py:190} INFO - [2025-01-09T02:18:01.199+0000] {override.py:1911} INFO - Created Permission View: can read on DAG Run:example_xcom_args
[2025-01-09T02:18:01.273+0000] {logging_mixin.py:190} INFO - [2025-01-09T02:18:01.273+0000] {override.py:1911} INFO - Created Permission View: can delete on DAG Run:example_xcom_args
[2025-01-09T02:18:01.274+0000] {logging_mixin.py:190} INFO - [2025-01-09T02:18:01.274+0000] {dag.py:3239} INFO - Sync 2 DAGs
[2025-01-09T02:18:01.330+0000] {logging_mixin.py:190} INFO - [2025-01-09T02:18:01.329+0000] {dag.py:3262} INFO - Creating ORM DAG for example_xcom_args_with_operators
[2025-01-09T02:18:01.333+0000] {logging_mixin.py:190} INFO - [2025-01-09T02:18:01.333+0000] {dag.py:3262} INFO - Creating ORM DAG for example_xcom_args
[2025-01-09T02:18:01.338+0000] {logging_mixin.py:190} INFO - [2025-01-09T02:18:01.338+0000] {dag.py:4180} INFO - Setting next_dagrun for example_xcom_args to None, run_after=None
[2025-01-09T02:18:01.339+0000] {logging_mixin.py:190} INFO - [2025-01-09T02:18:01.339+0000] {dag.py:4180} INFO - Setting next_dagrun for example_xcom_args_with_operators to None, run_after=None
[2025-01-09T02:18:01.472+0000] {processor.py:208} INFO - Processing /home/airflow/.local/lib/python3.12/site-packages/airflow/example_dags/example_xcomargs.py took 2.230 seconds
[2025-01-09T02:18:31.848+0000] {processor.py:186} INFO - Started process (PID=194) to work on /home/airflow/.local/lib/python3.12/site-packages/airflow/example_dags/example_xcomargs.py
[2025-01-09T02:18:31.873+0000] {processor.py:914} INFO - Processing file /home/airflow/.local/lib/python3.12/site-packages/airflow/example_dags/example_xcomargs.py for tasks to queue
[2025-01-09T02:18:31.889+0000] {logging_mixin.py:190} INFO - [2025-01-09T02:18:31.888+0000] {dagbag.py:588} INFO - Filling up the DagBag from /home/airflow/.local/lib/python3.12/site-packages/airflow/example_dags/example_xcomargs.py
[2025-01-09T02:18:31.983+0000] {processor.py:925} INFO - DAG(s) 'example_xcom_args', 'example_xcom_args_with_operators' retrieved from /home/airflow/.local/lib/python3.12/site-packages/airflow/example_dags/example_xcomargs.py
[2025-01-09T02:18:32.139+0000] {logging_mixin.py:190} INFO - [2025-01-09T02:18:32.139+0000] {dag.py:3239} INFO - Sync 2 DAGs
[2025-01-09T02:18:32.323+0000] {logging_mixin.py:190} INFO - [2025-01-09T02:18:32.323+0000] {dag.py:4180} INFO - Setting next_dagrun for example_xcom_args to None, run_after=None
[2025-01-09T02:18:32.351+0000] {logging_mixin.py:190} INFO - [2025-01-09T02:18:32.350+0000] {dag.py:4180} INFO - Setting next_dagrun for example_xcom_args_with_operators to None, run_after=None
[2025-01-09T02:18:32.514+0000] {processor.py:208} INFO - Processing /home/airflow/.local/lib/python3.12/site-packages/airflow/example_dags/example_xcomargs.py took 0.708 seconds
[2025-01-09T02:19:18.787+0000] {processor.py:186} INFO - Started process (PID=256) to work on /home/airflow/.local/lib/python3.12/site-packages/airflow/example_dags/example_xcomargs.py
[2025-01-09T02:19:18.794+0000] {processor.py:914} INFO - Processing file /home/airflow/.local/lib/python3.12/site-packages/airflow/example_dags/example_xcomargs.py for tasks to queue
[2025-01-09T02:19:18.800+0000] {logging_mixin.py:190} INFO - [2025-01-09T02:19:18.800+0000] {dagbag.py:588} INFO - Filling up the DagBag from /home/airflow/.local/lib/python3.12/site-packages/airflow/example_dags/example_xcomargs.py
[2025-01-09T02:19:18.936+0000] {processor.py:925} INFO - DAG(s) 'example_xcom_args', 'example_xcom_args_with_operators' retrieved from /home/airflow/.local/lib/python3.12/site-packages/airflow/example_dags/example_xcomargs.py
[2025-01-09T02:19:19.283+0000] {logging_mixin.py:190} INFO - [2025-01-09T02:19:19.283+0000] {dag.py:3239} INFO - Sync 2 DAGs
[2025-01-09T02:19:19.551+0000] {logging_mixin.py:190} INFO - [2025-01-09T02:19:19.550+0000] {dag.py:4180} INFO - Setting next_dagrun for example_xcom_args to None, run_after=None
[2025-01-09T02:19:19.607+0000] {logging_mixin.py:190} INFO - [2025-01-09T02:19:19.606+0000] {dag.py:4180} INFO - Setting next_dagrun for example_xcom_args_with_operators to None, run_after=None
[2025-01-09T02:19:19.902+0000] {processor.py:208} INFO - Processing /home/airflow/.local/lib/python3.12/site-packages/airflow/example_dags/example_xcomargs.py took 1.277 seconds
