[2025-01-09T02:17:39.630+0000] {processor.py:186} INFO - Started process (PID=107) to work on /home/airflow/.local/lib/python3.12/site-packages/airflow/example_dags/example_setup_teardown_taskflow.py
[2025-01-09T02:17:39.666+0000] {processor.py:914} INFO - Processing file /home/airflow/.local/lib/python3.12/site-packages/airflow/example_dags/example_setup_teardown_taskflow.py for tasks to queue
[2025-01-09T02:17:39.672+0000] {logging_mixin.py:190} INFO - [2025-01-09T02:17:39.672+0000] {dagbag.py:588} INFO - Filling up the DagBag from /home/airflow/.local/lib/python3.12/site-packages/airflow/example_dags/example_setup_teardown_taskflow.py
[2025-01-09T02:17:39.709+0000] {processor.py:925} INFO - DAG(s) 'example_setup_teardown_taskflow' retrieved from /home/airflow/.local/lib/python3.12/site-packages/airflow/example_dags/example_setup_teardown_taskflow.py
[2025-01-09T02:17:40.130+0000] {logging_mixin.py:190} INFO - [2025-01-09T02:17:40.130+0000] {override.py:1911} INFO - Created Permission View: can edit on DAG:example_setup_teardown_taskflow
[2025-01-09T02:17:40.192+0000] {logging_mixin.py:190} INFO - [2025-01-09T02:17:40.192+0000] {override.py:1911} INFO - Created Permission View: can read on DAG:example_setup_teardown_taskflow
[2025-01-09T02:17:40.255+0000] {logging_mixin.py:190} INFO - [2025-01-09T02:17:40.254+0000] {override.py:1911} INFO - Created Permission View: can delete on DAG:example_setup_teardown_taskflow
[2025-01-09T02:17:40.396+0000] {logging_mixin.py:190} INFO - [2025-01-09T02:17:40.396+0000] {override.py:1911} INFO - Created Permission View: can create on DAG Run:example_setup_teardown_taskflow
[2025-01-09T02:17:40.432+0000] {logging_mixin.py:190} INFO - [2025-01-09T02:17:40.432+0000] {override.py:1911} INFO - Created Permission View: menu access on DAG Run:example_setup_teardown_taskflow
[2025-01-09T02:17:40.457+0000] {logging_mixin.py:190} INFO - [2025-01-09T02:17:40.456+0000] {override.py:1911} INFO - Created Permission View: can read on DAG Run:example_setup_teardown_taskflow
[2025-01-09T02:17:40.503+0000] {logging_mixin.py:190} INFO - [2025-01-09T02:17:40.503+0000] {override.py:1911} INFO - Created Permission View: can delete on DAG Run:example_setup_teardown_taskflow
[2025-01-09T02:17:40.513+0000] {logging_mixin.py:190} INFO - [2025-01-09T02:17:40.513+0000] {dag.py:3239} INFO - Sync 1 DAGs
[2025-01-09T02:17:40.568+0000] {logging_mixin.py:190} INFO - [2025-01-09T02:17:40.568+0000] {dag.py:3262} INFO - Creating ORM DAG for example_setup_teardown_taskflow
[2025-01-09T02:17:40.569+0000] {logging_mixin.py:190} INFO - [2025-01-09T02:17:40.569+0000] {dag.py:4180} INFO - Setting next_dagrun for example_setup_teardown_taskflow to None, run_after=None
[2025-01-09T02:17:40.702+0000] {processor.py:208} INFO - Processing /home/airflow/.local/lib/python3.12/site-packages/airflow/example_dags/example_setup_teardown_taskflow.py took 1.079 seconds
[2025-01-09T02:18:20.388+0000] {processor.py:186} INFO - Started process (PID=172) to work on /home/airflow/.local/lib/python3.12/site-packages/airflow/example_dags/example_setup_teardown_taskflow.py
[2025-01-09T02:18:20.522+0000] {processor.py:914} INFO - Processing file /home/airflow/.local/lib/python3.12/site-packages/airflow/example_dags/example_setup_teardown_taskflow.py for tasks to queue
[2025-01-09T02:18:20.525+0000] {logging_mixin.py:190} INFO - [2025-01-09T02:18:20.524+0000] {dagbag.py:588} INFO - Filling up the DagBag from /home/airflow/.local/lib/python3.12/site-packages/airflow/example_dags/example_setup_teardown_taskflow.py
[2025-01-09T02:18:20.535+0000] {processor.py:925} INFO - DAG(s) 'example_setup_teardown_taskflow' retrieved from /home/airflow/.local/lib/python3.12/site-packages/airflow/example_dags/example_setup_teardown_taskflow.py
[2025-01-09T02:18:20.562+0000] {logging_mixin.py:190} INFO - [2025-01-09T02:18:20.562+0000] {dag.py:3239} INFO - Sync 1 DAGs
[2025-01-09T02:18:20.579+0000] {logging_mixin.py:190} INFO - [2025-01-09T02:18:20.579+0000] {dag.py:4180} INFO - Setting next_dagrun for example_setup_teardown_taskflow to None, run_after=None
[2025-01-09T02:18:21.527+0000] {processor.py:208} INFO - Processing /home/airflow/.local/lib/python3.12/site-packages/airflow/example_dags/example_setup_teardown_taskflow.py took 1.165 seconds
[2025-01-09T02:19:03.418+0000] {processor.py:186} INFO - Started process (PID=239) to work on /home/airflow/.local/lib/python3.12/site-packages/airflow/example_dags/example_setup_teardown_taskflow.py
[2025-01-09T02:19:03.469+0000] {processor.py:914} INFO - Processing file /home/airflow/.local/lib/python3.12/site-packages/airflow/example_dags/example_setup_teardown_taskflow.py for tasks to queue
[2025-01-09T02:19:03.476+0000] {logging_mixin.py:190} INFO - [2025-01-09T02:19:03.476+0000] {dagbag.py:588} INFO - Filling up the DagBag from /home/airflow/.local/lib/python3.12/site-packages/airflow/example_dags/example_setup_teardown_taskflow.py
[2025-01-09T02:19:03.581+0000] {processor.py:925} INFO - DAG(s) 'example_setup_teardown_taskflow' retrieved from /home/airflow/.local/lib/python3.12/site-packages/airflow/example_dags/example_setup_teardown_taskflow.py
[2025-01-09T02:19:03.778+0000] {logging_mixin.py:190} INFO - [2025-01-09T02:19:03.778+0000] {dag.py:3239} INFO - Sync 1 DAGs
[2025-01-09T02:19:03.820+0000] {logging_mixin.py:190} INFO - [2025-01-09T02:19:03.819+0000] {dag.py:4180} INFO - Setting next_dagrun for example_setup_teardown_taskflow to None, run_after=None
[2025-01-09T02:19:03.912+0000] {processor.py:208} INFO - Processing /home/airflow/.local/lib/python3.12/site-packages/airflow/example_dags/example_setup_teardown_taskflow.py took 0.505 seconds
[2025-01-09T02:20:20.061+0000] {processor.py:186} INFO - Started process (PID=307) to work on /home/airflow/.local/lib/python3.12/site-packages/airflow/example_dags/example_setup_teardown_taskflow.py
[2025-01-09T02:20:20.074+0000] {processor.py:914} INFO - Processing file /home/airflow/.local/lib/python3.12/site-packages/airflow/example_dags/example_setup_teardown_taskflow.py for tasks to queue
[2025-01-09T02:20:20.076+0000] {logging_mixin.py:190} INFO - [2025-01-09T02:20:20.076+0000] {dagbag.py:588} INFO - Filling up the DagBag from /home/airflow/.local/lib/python3.12/site-packages/airflow/example_dags/example_setup_teardown_taskflow.py
[2025-01-09T02:20:20.099+0000] {processor.py:925} INFO - DAG(s) 'example_setup_teardown_taskflow' retrieved from /home/airflow/.local/lib/python3.12/site-packages/airflow/example_dags/example_setup_teardown_taskflow.py
[2025-01-09T02:20:20.185+0000] {logging_mixin.py:190} INFO - [2025-01-09T02:20:20.185+0000] {dag.py:3239} INFO - Sync 1 DAGs
[2025-01-09T02:20:20.268+0000] {logging_mixin.py:190} INFO - [2025-01-09T02:20:20.267+0000] {dag.py:4180} INFO - Setting next_dagrun for example_setup_teardown_taskflow to None, run_after=None
[2025-01-09T02:20:20.787+0000] {processor.py:208} INFO - Processing /home/airflow/.local/lib/python3.12/site-packages/airflow/example_dags/example_setup_teardown_taskflow.py took 0.732 seconds
