[2025-01-09T02:17:26.804+0000] {processor.py:186} INFO - Started process (PID=99) to work on /home/airflow/.local/lib/python3.12/site-packages/airflow/example_dags/example_python_decorator.py
[2025-01-09T02:17:26.821+0000] {processor.py:914} INFO - Processing file /home/airflow/.local/lib/python3.12/site-packages/airflow/example_dags/example_python_decorator.py for tasks to queue
[2025-01-09T02:17:26.840+0000] {logging_mixin.py:190} INFO - [2025-01-09T02:17:26.840+0000] {dagbag.py:588} INFO - Filling up the DagBag from /home/airflow/.local/lib/python3.12/site-packages/airflow/example_dags/example_python_decorator.py
[2025-01-09T02:17:26.964+0000] {processor.py:925} INFO - DAG(s) 'example_python_decorator' retrieved from /home/airflow/.local/lib/python3.12/site-packages/airflow/example_dags/example_python_decorator.py
[2025-01-09T02:17:27.309+0000] {logging_mixin.py:190} INFO - [2025-01-09T02:17:27.309+0000] {override.py:1911} INFO - Created Permission View: can edit on DAG:example_python_decorator
[2025-01-09T02:17:27.425+0000] {logging_mixin.py:190} INFO - [2025-01-09T02:17:27.424+0000] {override.py:1911} INFO - Created Permission View: can read on DAG:example_python_decorator
[2025-01-09T02:17:27.526+0000] {logging_mixin.py:190} INFO - [2025-01-09T02:17:27.525+0000] {override.py:1911} INFO - Created Permission View: can delete on DAG:example_python_decorator
[2025-01-09T02:17:27.711+0000] {logging_mixin.py:190} INFO - [2025-01-09T02:17:27.711+0000] {override.py:1911} INFO - Created Permission View: can create on DAG Run:example_python_decorator
[2025-01-09T02:17:27.840+0000] {logging_mixin.py:190} INFO - [2025-01-09T02:17:27.839+0000] {override.py:1911} INFO - Created Permission View: menu access on DAG Run:example_python_decorator
[2025-01-09T02:17:28.029+0000] {logging_mixin.py:190} INFO - [2025-01-09T02:17:28.028+0000] {override.py:1911} INFO - Created Permission View: can read on DAG Run:example_python_decorator
[2025-01-09T02:17:28.356+0000] {logging_mixin.py:190} INFO - [2025-01-09T02:17:28.355+0000] {override.py:1911} INFO - Created Permission View: can delete on DAG Run:example_python_decorator
[2025-01-09T02:17:28.358+0000] {logging_mixin.py:190} INFO - [2025-01-09T02:17:28.357+0000] {dag.py:3239} INFO - Sync 1 DAGs
[2025-01-09T02:17:28.409+0000] {logging_mixin.py:190} INFO - [2025-01-09T02:17:28.409+0000] {dag.py:3262} INFO - Creating ORM DAG for example_python_decorator
[2025-01-09T02:17:28.410+0000] {logging_mixin.py:190} INFO - [2025-01-09T02:17:28.410+0000] {dag.py:4180} INFO - Setting next_dagrun for example_python_decorator to None, run_after=None
[2025-01-09T02:17:28.535+0000] {processor.py:208} INFO - Processing /home/airflow/.local/lib/python3.12/site-packages/airflow/example_dags/example_python_decorator.py took 1.777 seconds
[2025-01-09T02:18:18.995+0000] {processor.py:186} INFO - Started process (PID=163) to work on /home/airflow/.local/lib/python3.12/site-packages/airflow/example_dags/example_python_decorator.py
[2025-01-09T02:18:19.044+0000] {processor.py:914} INFO - Processing file /home/airflow/.local/lib/python3.12/site-packages/airflow/example_dags/example_python_decorator.py for tasks to queue
[2025-01-09T02:18:19.048+0000] {logging_mixin.py:190} INFO - [2025-01-09T02:18:19.048+0000] {dagbag.py:588} INFO - Filling up the DagBag from /home/airflow/.local/lib/python3.12/site-packages/airflow/example_dags/example_python_decorator.py
[2025-01-09T02:18:19.088+0000] {processor.py:925} INFO - DAG(s) 'example_python_decorator' retrieved from /home/airflow/.local/lib/python3.12/site-packages/airflow/example_dags/example_python_decorator.py
[2025-01-09T02:18:19.125+0000] {logging_mixin.py:190} INFO - [2025-01-09T02:18:19.125+0000] {dag.py:3239} INFO - Sync 1 DAGs
[2025-01-09T02:18:19.185+0000] {logging_mixin.py:190} INFO - [2025-01-09T02:18:19.184+0000] {dag.py:4180} INFO - Setting next_dagrun for example_python_decorator to None, run_after=None
[2025-01-09T02:18:19.380+0000] {processor.py:208} INFO - Processing /home/airflow/.local/lib/python3.12/site-packages/airflow/example_dags/example_python_decorator.py took 0.391 seconds
[2025-01-09T02:18:58.816+0000] {processor.py:186} INFO - Started process (PID=231) to work on /home/airflow/.local/lib/python3.12/site-packages/airflow/example_dags/example_python_decorator.py
[2025-01-09T02:18:58.871+0000] {processor.py:914} INFO - Processing file /home/airflow/.local/lib/python3.12/site-packages/airflow/example_dags/example_python_decorator.py for tasks to queue
[2025-01-09T02:18:58.925+0000] {logging_mixin.py:190} INFO - [2025-01-09T02:18:58.924+0000] {dagbag.py:588} INFO - Filling up the DagBag from /home/airflow/.local/lib/python3.12/site-packages/airflow/example_dags/example_python_decorator.py
[2025-01-09T02:18:59.042+0000] {processor.py:925} INFO - DAG(s) 'example_python_decorator' retrieved from /home/airflow/.local/lib/python3.12/site-packages/airflow/example_dags/example_python_decorator.py
[2025-01-09T02:18:59.211+0000] {logging_mixin.py:190} INFO - [2025-01-09T02:18:59.210+0000] {dag.py:3239} INFO - Sync 1 DAGs
[2025-01-09T02:18:59.286+0000] {logging_mixin.py:190} INFO - [2025-01-09T02:18:59.286+0000] {dag.py:4180} INFO - Setting next_dagrun for example_python_decorator to None, run_after=None
[2025-01-09T02:18:59.548+0000] {processor.py:208} INFO - Processing /home/airflow/.local/lib/python3.12/site-packages/airflow/example_dags/example_python_decorator.py took 0.738 seconds
[2025-01-09T02:19:43.226+0000] {processor.py:186} INFO - Started process (PID=294) to work on /home/airflow/.local/lib/python3.12/site-packages/airflow/example_dags/example_python_decorator.py
[2025-01-09T02:19:43.290+0000] {processor.py:914} INFO - Processing file /home/airflow/.local/lib/python3.12/site-packages/airflow/example_dags/example_python_decorator.py for tasks to queue
[2025-01-09T02:19:43.292+0000] {logging_mixin.py:190} INFO - [2025-01-09T02:19:43.292+0000] {dagbag.py:588} INFO - Filling up the DagBag from /home/airflow/.local/lib/python3.12/site-packages/airflow/example_dags/example_python_decorator.py
[2025-01-09T02:19:43.449+0000] {processor.py:925} INFO - DAG(s) 'example_python_decorator' retrieved from /home/airflow/.local/lib/python3.12/site-packages/airflow/example_dags/example_python_decorator.py
[2025-01-09T02:19:43.472+0000] {logging_mixin.py:190} INFO - [2025-01-09T02:19:43.471+0000] {dag.py:3239} INFO - Sync 1 DAGs
[2025-01-09T02:19:43.487+0000] {logging_mixin.py:190} INFO - [2025-01-09T02:19:43.487+0000] {dag.py:4180} INFO - Setting next_dagrun for example_python_decorator to None, run_after=None
[2025-01-09T02:20:15.634+0000] {processor.py:208} INFO - Processing /home/airflow/.local/lib/python3.12/site-packages/airflow/example_dags/example_python_decorator.py took 32.417 seconds
