[2025-01-09T02:17:43.759+0000] {processor.py:186} INFO - Started process (PID=113) to work on /home/airflow/.local/lib/python3.12/site-packages/airflow/example_dags/example_dynamic_task_mapping.py
[2025-01-09T02:17:43.774+0000] {processor.py:914} INFO - Processing file /home/airflow/.local/lib/python3.12/site-packages/airflow/example_dags/example_dynamic_task_mapping.py for tasks to queue
[2025-01-09T02:17:43.776+0000] {logging_mixin.py:190} INFO - [2025-01-09T02:17:43.776+0000] {dagbag.py:588} INFO - Filling up the DagBag from /home/airflow/.local/lib/python3.12/site-packages/airflow/example_dags/example_dynamic_task_mapping.py
[2025-01-09T02:17:43.828+0000] {processor.py:925} INFO - DAG(s) 'example_dynamic_task_mapping' retrieved from /home/airflow/.local/lib/python3.12/site-packages/airflow/example_dags/example_dynamic_task_mapping.py
[2025-01-09T02:17:44.468+0000] {logging_mixin.py:190} INFO - [2025-01-09T02:17:44.466+0000] {override.py:1911} INFO - Created Permission View: can edit on DAG:example_dynamic_task_mapping
[2025-01-09T02:17:44.601+0000] {logging_mixin.py:190} INFO - [2025-01-09T02:17:44.601+0000] {override.py:1911} INFO - Created Permission View: can read on DAG:example_dynamic_task_mapping
[2025-01-09T02:17:44.853+0000] {logging_mixin.py:190} INFO - [2025-01-09T02:17:44.853+0000] {override.py:1911} INFO - Created Permission View: can delete on DAG:example_dynamic_task_mapping
[2025-01-09T02:17:45.044+0000] {logging_mixin.py:190} INFO - [2025-01-09T02:17:45.044+0000] {override.py:1911} INFO - Created Permission View: can create on DAG Run:example_dynamic_task_mapping
[2025-01-09T02:17:45.256+0000] {logging_mixin.py:190} INFO - [2025-01-09T02:17:45.256+0000] {override.py:1911} INFO - Created Permission View: menu access on DAG Run:example_dynamic_task_mapping
[2025-01-09T02:17:45.421+0000] {logging_mixin.py:190} INFO - [2025-01-09T02:17:45.421+0000] {override.py:1911} INFO - Created Permission View: can read on DAG Run:example_dynamic_task_mapping
[2025-01-09T02:17:45.464+0000] {logging_mixin.py:190} INFO - [2025-01-09T02:17:45.464+0000] {override.py:1911} INFO - Created Permission View: can delete on DAG Run:example_dynamic_task_mapping
[2025-01-09T02:17:45.465+0000] {logging_mixin.py:190} INFO - [2025-01-09T02:17:45.465+0000] {dag.py:3239} INFO - Sync 1 DAGs
[2025-01-09T02:17:45.592+0000] {logging_mixin.py:190} INFO - [2025-01-09T02:17:45.591+0000] {dag.py:3262} INFO - Creating ORM DAG for example_dynamic_task_mapping
[2025-01-09T02:17:45.598+0000] {logging_mixin.py:190} INFO - [2025-01-09T02:17:45.597+0000] {dag.py:4180} INFO - Setting next_dagrun for example_dynamic_task_mapping to None, run_after=None
[2025-01-09T02:17:45.722+0000] {processor.py:208} INFO - Processing /home/airflow/.local/lib/python3.12/site-packages/airflow/example_dags/example_dynamic_task_mapping.py took 1.969 seconds
[2025-01-09T02:18:22.579+0000] {processor.py:186} INFO - Started process (PID=182) to work on /home/airflow/.local/lib/python3.12/site-packages/airflow/example_dags/example_dynamic_task_mapping.py
[2025-01-09T02:18:22.599+0000] {processor.py:914} INFO - Processing file /home/airflow/.local/lib/python3.12/site-packages/airflow/example_dags/example_dynamic_task_mapping.py for tasks to queue
[2025-01-09T02:18:22.602+0000] {logging_mixin.py:190} INFO - [2025-01-09T02:18:22.602+0000] {dagbag.py:588} INFO - Filling up the DagBag from /home/airflow/.local/lib/python3.12/site-packages/airflow/example_dags/example_dynamic_task_mapping.py
[2025-01-09T02:18:22.610+0000] {processor.py:925} INFO - DAG(s) 'example_dynamic_task_mapping' retrieved from /home/airflow/.local/lib/python3.12/site-packages/airflow/example_dags/example_dynamic_task_mapping.py
[2025-01-09T02:18:22.626+0000] {logging_mixin.py:190} INFO - [2025-01-09T02:18:22.626+0000] {dag.py:3239} INFO - Sync 1 DAGs
[2025-01-09T02:18:22.641+0000] {logging_mixin.py:190} INFO - [2025-01-09T02:18:22.641+0000] {dag.py:4180} INFO - Setting next_dagrun for example_dynamic_task_mapping to None, run_after=None
[2025-01-09T02:18:23.132+0000] {processor.py:208} INFO - Processing /home/airflow/.local/lib/python3.12/site-packages/airflow/example_dags/example_dynamic_task_mapping.py took 0.558 seconds
[2025-01-09T02:19:08.405+0000] {processor.py:186} INFO - Started process (PID=245) to work on /home/airflow/.local/lib/python3.12/site-packages/airflow/example_dags/example_dynamic_task_mapping.py
[2025-01-09T02:19:08.433+0000] {processor.py:914} INFO - Processing file /home/airflow/.local/lib/python3.12/site-packages/airflow/example_dags/example_dynamic_task_mapping.py for tasks to queue
[2025-01-09T02:19:08.436+0000] {logging_mixin.py:190} INFO - [2025-01-09T02:19:08.436+0000] {dagbag.py:588} INFO - Filling up the DagBag from /home/airflow/.local/lib/python3.12/site-packages/airflow/example_dags/example_dynamic_task_mapping.py
[2025-01-09T02:19:08.569+0000] {processor.py:925} INFO - DAG(s) 'example_dynamic_task_mapping' retrieved from /home/airflow/.local/lib/python3.12/site-packages/airflow/example_dags/example_dynamic_task_mapping.py
[2025-01-09T02:19:09.072+0000] {logging_mixin.py:190} INFO - [2025-01-09T02:19:09.072+0000] {dag.py:3239} INFO - Sync 1 DAGs
[2025-01-09T02:19:09.238+0000] {logging_mixin.py:190} INFO - [2025-01-09T02:19:09.238+0000] {dag.py:4180} INFO - Setting next_dagrun for example_dynamic_task_mapping to None, run_after=None
[2025-01-09T02:19:09.556+0000] {processor.py:208} INFO - Processing /home/airflow/.local/lib/python3.12/site-packages/airflow/example_dags/example_dynamic_task_mapping.py took 1.175 seconds
