[2025-01-09T02:17:30.642+0000] {processor.py:186} INFO - Started process (PID=101) to work on /home/airflow/.local/lib/python3.12/site-packages/airflow/example_dags/example_short_circuit_operator.py
[2025-01-09T02:17:30.652+0000] {processor.py:914} INFO - Processing file /home/airflow/.local/lib/python3.12/site-packages/airflow/example_dags/example_short_circuit_operator.py for tasks to queue
[2025-01-09T02:17:30.655+0000] {logging_mixin.py:190} INFO - [2025-01-09T02:17:30.655+0000] {dagbag.py:588} INFO - Filling up the DagBag from /home/airflow/.local/lib/python3.12/site-packages/airflow/example_dags/example_short_circuit_operator.py
[2025-01-09T02:17:30.745+0000] {processor.py:925} INFO - DAG(s) 'example_short_circuit_operator' retrieved from /home/airflow/.local/lib/python3.12/site-packages/airflow/example_dags/example_short_circuit_operator.py
[2025-01-09T02:17:31.382+0000] {logging_mixin.py:190} INFO - [2025-01-09T02:17:31.380+0000] {override.py:1911} INFO - Created Permission View: can edit on DAG:example_short_circuit_operator
[2025-01-09T02:17:31.573+0000] {logging_mixin.py:190} INFO - [2025-01-09T02:17:31.572+0000] {override.py:1911} INFO - Created Permission View: can read on DAG:example_short_circuit_operator
[2025-01-09T02:17:31.894+0000] {logging_mixin.py:190} INFO - [2025-01-09T02:17:31.893+0000] {override.py:1911} INFO - Created Permission View: can delete on DAG:example_short_circuit_operator
[2025-01-09T02:17:32.277+0000] {logging_mixin.py:190} INFO - [2025-01-09T02:17:32.277+0000] {override.py:1911} INFO - Created Permission View: can create on DAG Run:example_short_circuit_operator
[2025-01-09T02:17:32.499+0000] {logging_mixin.py:190} INFO - [2025-01-09T02:17:32.499+0000] {override.py:1911} INFO - Created Permission View: menu access on DAG Run:example_short_circuit_operator
[2025-01-09T02:17:32.667+0000] {logging_mixin.py:190} INFO - [2025-01-09T02:17:32.667+0000] {override.py:1911} INFO - Created Permission View: can read on DAG Run:example_short_circuit_operator
[2025-01-09T02:17:32.983+0000] {logging_mixin.py:190} INFO - [2025-01-09T02:17:32.983+0000] {override.py:1911} INFO - Created Permission View: can delete on DAG Run:example_short_circuit_operator
[2025-01-09T02:17:32.984+0000] {logging_mixin.py:190} INFO - [2025-01-09T02:17:32.984+0000] {dag.py:3239} INFO - Sync 1 DAGs
[2025-01-09T02:17:33.015+0000] {logging_mixin.py:190} INFO - [2025-01-09T02:17:33.015+0000] {dag.py:3262} INFO - Creating ORM DAG for example_short_circuit_operator
[2025-01-09T02:17:33.016+0000] {logging_mixin.py:190} INFO - [2025-01-09T02:17:33.016+0000] {dag.py:4180} INFO - Setting next_dagrun for example_short_circuit_operator to None, run_after=None
[2025-01-09T02:17:33.431+0000] {processor.py:208} INFO - Processing /home/airflow/.local/lib/python3.12/site-packages/airflow/example_dags/example_short_circuit_operator.py took 2.796 seconds
[2025-01-09T02:18:19.706+0000] {processor.py:186} INFO - Started process (PID=165) to work on /home/airflow/.local/lib/python3.12/site-packages/airflow/example_dags/example_short_circuit_operator.py
[2025-01-09T02:18:19.737+0000] {processor.py:914} INFO - Processing file /home/airflow/.local/lib/python3.12/site-packages/airflow/example_dags/example_short_circuit_operator.py for tasks to queue
[2025-01-09T02:18:19.739+0000] {logging_mixin.py:190} INFO - [2025-01-09T02:18:19.739+0000] {dagbag.py:588} INFO - Filling up the DagBag from /home/airflow/.local/lib/python3.12/site-packages/airflow/example_dags/example_short_circuit_operator.py
[2025-01-09T02:18:19.749+0000] {processor.py:925} INFO - DAG(s) 'example_short_circuit_operator' retrieved from /home/airflow/.local/lib/python3.12/site-packages/airflow/example_dags/example_short_circuit_operator.py
[2025-01-09T02:18:19.815+0000] {logging_mixin.py:190} INFO - [2025-01-09T02:18:19.814+0000] {dag.py:3239} INFO - Sync 1 DAGs
[2025-01-09T02:18:19.838+0000] {logging_mixin.py:190} INFO - [2025-01-09T02:18:19.837+0000] {dag.py:4180} INFO - Setting next_dagrun for example_short_circuit_operator to None, run_after=None
[2025-01-09T02:18:19.959+0000] {processor.py:208} INFO - Processing /home/airflow/.local/lib/python3.12/site-packages/airflow/example_dags/example_short_circuit_operator.py took 0.258 seconds
[2025-01-09T02:19:00.639+0000] {processor.py:186} INFO - Started process (PID=233) to work on /home/airflow/.local/lib/python3.12/site-packages/airflow/example_dags/example_short_circuit_operator.py
[2025-01-09T02:19:00.663+0000] {processor.py:914} INFO - Processing file /home/airflow/.local/lib/python3.12/site-packages/airflow/example_dags/example_short_circuit_operator.py for tasks to queue
[2025-01-09T02:19:00.669+0000] {logging_mixin.py:190} INFO - [2025-01-09T02:19:00.669+0000] {dagbag.py:588} INFO - Filling up the DagBag from /home/airflow/.local/lib/python3.12/site-packages/airflow/example_dags/example_short_circuit_operator.py
[2025-01-09T02:19:00.728+0000] {processor.py:925} INFO - DAG(s) 'example_short_circuit_operator' retrieved from /home/airflow/.local/lib/python3.12/site-packages/airflow/example_dags/example_short_circuit_operator.py
[2025-01-09T02:19:00.845+0000] {logging_mixin.py:190} INFO - [2025-01-09T02:19:00.845+0000] {dag.py:3239} INFO - Sync 1 DAGs
[2025-01-09T02:19:00.926+0000] {logging_mixin.py:190} INFO - [2025-01-09T02:19:00.920+0000] {dag.py:4180} INFO - Setting next_dagrun for example_short_circuit_operator to None, run_after=None
[2025-01-09T02:19:01.142+0000] {processor.py:208} INFO - Processing /home/airflow/.local/lib/python3.12/site-packages/airflow/example_dags/example_short_circuit_operator.py took 0.511 seconds
[2025-01-09T02:20:15.985+0000] {processor.py:186} INFO - Started process (PID=301) to work on /home/airflow/.local/lib/python3.12/site-packages/airflow/example_dags/example_short_circuit_operator.py
[2025-01-09T02:20:16.073+0000] {processor.py:914} INFO - Processing file /home/airflow/.local/lib/python3.12/site-packages/airflow/example_dags/example_short_circuit_operator.py for tasks to queue
[2025-01-09T02:20:16.082+0000] {logging_mixin.py:190} INFO - [2025-01-09T02:20:16.078+0000] {dagbag.py:588} INFO - Filling up the DagBag from /home/airflow/.local/lib/python3.12/site-packages/airflow/example_dags/example_short_circuit_operator.py
[2025-01-09T02:20:16.092+0000] {processor.py:925} INFO - DAG(s) 'example_short_circuit_operator' retrieved from /home/airflow/.local/lib/python3.12/site-packages/airflow/example_dags/example_short_circuit_operator.py
[2025-01-09T02:20:16.286+0000] {logging_mixin.py:190} INFO - [2025-01-09T02:20:16.286+0000] {dag.py:3239} INFO - Sync 1 DAGs
[2025-01-09T02:20:16.378+0000] {logging_mixin.py:190} INFO - [2025-01-09T02:20:16.377+0000] {dag.py:4180} INFO - Setting next_dagrun for example_short_circuit_operator to None, run_after=None
[2025-01-09T02:20:17.007+0000] {processor.py:208} INFO - Processing /home/airflow/.local/lib/python3.12/site-packages/airflow/example_dags/example_short_circuit_operator.py took 1.027 seconds
