[2025-01-09T02:18:07.669+0000] {processor.py:186} INFO - Started process (PID=139) to work on /home/airflow/.local/lib/python3.12/site-packages/airflow/example_dags/example_bash_decorator.py
[2025-01-09T02:18:07.671+0000] {processor.py:914} INFO - Processing file /home/airflow/.local/lib/python3.12/site-packages/airflow/example_dags/example_bash_decorator.py for tasks to queue
[2025-01-09T02:18:07.674+0000] {logging_mixin.py:190} INFO - [2025-01-09T02:18:07.674+0000] {dagbag.py:588} INFO - Filling up the DagBag from /home/airflow/.local/lib/python3.12/site-packages/airflow/example_dags/example_bash_decorator.py
[2025-01-09T02:18:07.705+0000] {processor.py:925} INFO - DAG(s) 'example_bash_decorator' retrieved from /home/airflow/.local/lib/python3.12/site-packages/airflow/example_dags/example_bash_decorator.py
[2025-01-09T02:18:07.973+0000] {logging_mixin.py:190} INFO - [2025-01-09T02:18:07.972+0000] {override.py:1911} INFO - Created Permission View: can edit on DAG:example_bash_decorator
[2025-01-09T02:18:08.083+0000] {logging_mixin.py:190} INFO - [2025-01-09T02:18:08.083+0000] {override.py:1911} INFO - Created Permission View: can read on DAG:example_bash_decorator
[2025-01-09T02:18:08.158+0000] {logging_mixin.py:190} INFO - [2025-01-09T02:18:08.158+0000] {override.py:1911} INFO - Created Permission View: can delete on DAG:example_bash_decorator
[2025-01-09T02:18:08.348+0000] {logging_mixin.py:190} INFO - [2025-01-09T02:18:08.347+0000] {override.py:1911} INFO - Created Permission View: can create on DAG Run:example_bash_decorator
[2025-01-09T02:18:08.423+0000] {logging_mixin.py:190} INFO - [2025-01-09T02:18:08.422+0000] {override.py:1911} INFO - Created Permission View: menu access on DAG Run:example_bash_decorator
[2025-01-09T02:18:08.508+0000] {logging_mixin.py:190} INFO - [2025-01-09T02:18:08.502+0000] {override.py:1911} INFO - Created Permission View: can read on DAG Run:example_bash_decorator
[2025-01-09T02:18:08.621+0000] {logging_mixin.py:190} INFO - [2025-01-09T02:18:08.620+0000] {override.py:1911} INFO - Created Permission View: can delete on DAG Run:example_bash_decorator
[2025-01-09T02:18:08.621+0000] {logging_mixin.py:190} INFO - [2025-01-09T02:18:08.621+0000] {dag.py:3239} INFO - Sync 1 DAGs
[2025-01-09T02:18:08.634+0000] {logging_mixin.py:190} INFO - [2025-01-09T02:18:08.634+0000] {dag.py:3262} INFO - Creating ORM DAG for example_bash_decorator
[2025-01-09T02:18:08.635+0000] {logging_mixin.py:190} INFO - [2025-01-09T02:18:08.635+0000] {dag.py:4180} INFO - Setting next_dagrun for example_bash_decorator to None, run_after=None
[2025-01-09T02:18:08.766+0000] {processor.py:208} INFO - Processing /home/airflow/.local/lib/python3.12/site-packages/airflow/example_dags/example_bash_decorator.py took 1.106 seconds
[2025-01-09T02:18:41.361+0000] {processor.py:186} INFO - Started process (PID=202) to work on /home/airflow/.local/lib/python3.12/site-packages/airflow/example_dags/example_bash_decorator.py
[2025-01-09T02:18:41.369+0000] {processor.py:914} INFO - Processing file /home/airflow/.local/lib/python3.12/site-packages/airflow/example_dags/example_bash_decorator.py for tasks to queue
[2025-01-09T02:18:41.374+0000] {logging_mixin.py:190} INFO - [2025-01-09T02:18:41.373+0000] {dagbag.py:588} INFO - Filling up the DagBag from /home/airflow/.local/lib/python3.12/site-packages/airflow/example_dags/example_bash_decorator.py
[2025-01-09T02:18:41.465+0000] {processor.py:925} INFO - DAG(s) 'example_bash_decorator' retrieved from /home/airflow/.local/lib/python3.12/site-packages/airflow/example_dags/example_bash_decorator.py
[2025-01-09T02:18:41.627+0000] {logging_mixin.py:190} INFO - [2025-01-09T02:18:41.626+0000] {dag.py:3239} INFO - Sync 1 DAGs
[2025-01-09T02:18:41.807+0000] {logging_mixin.py:190} INFO - [2025-01-09T02:18:41.806+0000] {dag.py:4180} INFO - Setting next_dagrun for example_bash_decorator to None, run_after=None
[2025-01-09T02:18:41.940+0000] {processor.py:208} INFO - Processing /home/airflow/.local/lib/python3.12/site-packages/airflow/example_dags/example_bash_decorator.py took 0.612 seconds
[2025-01-09T02:19:34.212+0000] {processor.py:186} INFO - Started process (PID=277) to work on /home/airflow/.local/lib/python3.12/site-packages/airflow/example_dags/example_bash_decorator.py
[2025-01-09T02:19:34.220+0000] {processor.py:914} INFO - Processing file /home/airflow/.local/lib/python3.12/site-packages/airflow/example_dags/example_bash_decorator.py for tasks to queue
[2025-01-09T02:19:34.225+0000] {logging_mixin.py:190} INFO - [2025-01-09T02:19:34.224+0000] {dagbag.py:588} INFO - Filling up the DagBag from /home/airflow/.local/lib/python3.12/site-packages/airflow/example_dags/example_bash_decorator.py
[2025-01-09T02:19:34.280+0000] {processor.py:925} INFO - DAG(s) 'example_bash_decorator' retrieved from /home/airflow/.local/lib/python3.12/site-packages/airflow/example_dags/example_bash_decorator.py
[2025-01-09T02:19:34.566+0000] {logging_mixin.py:190} INFO - [2025-01-09T02:19:34.566+0000] {dag.py:3239} INFO - Sync 1 DAGs
[2025-01-09T02:19:34.602+0000] {logging_mixin.py:190} INFO - [2025-01-09T02:19:34.602+0000] {dag.py:4180} INFO - Setting next_dagrun for example_bash_decorator to None, run_after=None
[2025-01-09T02:19:34.777+0000] {processor.py:208} INFO - Processing /home/airflow/.local/lib/python3.12/site-packages/airflow/example_dags/example_bash_decorator.py took 0.571 seconds
