[2025-01-09T02:17:46.671+0000] {processor.py:186} INFO - Started process (PID=116) to work on /home/airflow/.local/lib/python3.12/site-packages/airflow/example_dags/example_short_circuit_decorator.py
[2025-01-09T02:17:46.672+0000] {processor.py:914} INFO - Processing file /home/airflow/.local/lib/python3.12/site-packages/airflow/example_dags/example_short_circuit_decorator.py for tasks to queue
[2025-01-09T02:17:46.675+0000] {logging_mixin.py:190} INFO - [2025-01-09T02:17:46.674+0000] {dagbag.py:588} INFO - Filling up the DagBag from /home/airflow/.local/lib/python3.12/site-packages/airflow/example_dags/example_short_circuit_decorator.py
[2025-01-09T02:17:46.744+0000] {processor.py:925} INFO - DAG(s) 'example_short_circuit_decorator' retrieved from /home/airflow/.local/lib/python3.12/site-packages/airflow/example_dags/example_short_circuit_decorator.py
[2025-01-09T02:17:47.843+0000] {logging_mixin.py:190} INFO - [2025-01-09T02:17:47.843+0000] {override.py:1911} INFO - Created Permission View: can edit on DAG:example_short_circuit_decorator
[2025-01-09T02:17:48.050+0000] {logging_mixin.py:190} INFO - [2025-01-09T02:17:48.049+0000] {override.py:1911} INFO - Created Permission View: can read on DAG:example_short_circuit_decorator
[2025-01-09T02:17:48.276+0000] {logging_mixin.py:190} INFO - [2025-01-09T02:17:48.275+0000] {override.py:1911} INFO - Created Permission View: can delete on DAG:example_short_circuit_decorator
[2025-01-09T02:17:48.473+0000] {logging_mixin.py:190} INFO - [2025-01-09T02:17:48.472+0000] {override.py:1911} INFO - Created Permission View: can create on DAG Run:example_short_circuit_decorator
[2025-01-09T02:17:48.513+0000] {logging_mixin.py:190} INFO - [2025-01-09T02:17:48.512+0000] {override.py:1911} INFO - Created Permission View: menu access on DAG Run:example_short_circuit_decorator
[2025-01-09T02:17:48.545+0000] {logging_mixin.py:190} INFO - [2025-01-09T02:17:48.545+0000] {override.py:1911} INFO - Created Permission View: can read on DAG Run:example_short_circuit_decorator
[2025-01-09T02:17:48.599+0000] {logging_mixin.py:190} INFO - [2025-01-09T02:17:48.589+0000] {override.py:1911} INFO - Created Permission View: can delete on DAG Run:example_short_circuit_decorator
[2025-01-09T02:17:48.608+0000] {logging_mixin.py:190} INFO - [2025-01-09T02:17:48.607+0000] {dag.py:3239} INFO - Sync 1 DAGs
[2025-01-09T02:17:48.709+0000] {logging_mixin.py:190} INFO - [2025-01-09T02:17:48.709+0000] {dag.py:3262} INFO - Creating ORM DAG for example_short_circuit_decorator
[2025-01-09T02:17:48.716+0000] {logging_mixin.py:190} INFO - [2025-01-09T02:17:48.716+0000] {dag.py:4180} INFO - Setting next_dagrun for example_short_circuit_decorator to None, run_after=None
[2025-01-09T02:17:48.826+0000] {processor.py:208} INFO - Processing /home/airflow/.local/lib/python3.12/site-packages/airflow/example_dags/example_short_circuit_decorator.py took 2.202 seconds
[2025-01-09T02:18:23.504+0000] {processor.py:186} INFO - Started process (PID=185) to work on /home/airflow/.local/lib/python3.12/site-packages/airflow/example_dags/example_short_circuit_decorator.py
[2025-01-09T02:18:23.538+0000] {processor.py:914} INFO - Processing file /home/airflow/.local/lib/python3.12/site-packages/airflow/example_dags/example_short_circuit_decorator.py for tasks to queue
[2025-01-09T02:18:23.542+0000] {logging_mixin.py:190} INFO - [2025-01-09T02:18:23.541+0000] {dagbag.py:588} INFO - Filling up the DagBag from /home/airflow/.local/lib/python3.12/site-packages/airflow/example_dags/example_short_circuit_decorator.py
[2025-01-09T02:18:23.555+0000] {processor.py:925} INFO - DAG(s) 'example_short_circuit_decorator' retrieved from /home/airflow/.local/lib/python3.12/site-packages/airflow/example_dags/example_short_circuit_decorator.py
[2025-01-09T02:18:23.607+0000] {logging_mixin.py:190} INFO - [2025-01-09T02:18:23.606+0000] {dag.py:3239} INFO - Sync 1 DAGs
[2025-01-09T02:18:23.642+0000] {logging_mixin.py:190} INFO - [2025-01-09T02:18:23.642+0000] {dag.py:4180} INFO - Setting next_dagrun for example_short_circuit_decorator to None, run_after=None
[2025-01-09T02:18:23.671+0000] {processor.py:208} INFO - Processing /home/airflow/.local/lib/python3.12/site-packages/airflow/example_dags/example_short_circuit_decorator.py took 0.177 seconds
[2025-01-09T02:19:10.707+0000] {processor.py:186} INFO - Started process (PID=248) to work on /home/airflow/.local/lib/python3.12/site-packages/airflow/example_dags/example_short_circuit_decorator.py
[2025-01-09T02:19:10.751+0000] {processor.py:914} INFO - Processing file /home/airflow/.local/lib/python3.12/site-packages/airflow/example_dags/example_short_circuit_decorator.py for tasks to queue
[2025-01-09T02:19:10.895+0000] {logging_mixin.py:190} INFO - [2025-01-09T02:19:10.894+0000] {dagbag.py:588} INFO - Filling up the DagBag from /home/airflow/.local/lib/python3.12/site-packages/airflow/example_dags/example_short_circuit_decorator.py
[2025-01-09T02:19:11.233+0000] {processor.py:925} INFO - DAG(s) 'example_short_circuit_decorator' retrieved from /home/airflow/.local/lib/python3.12/site-packages/airflow/example_dags/example_short_circuit_decorator.py
[2025-01-09T02:19:11.531+0000] {logging_mixin.py:190} INFO - [2025-01-09T02:19:11.530+0000] {dag.py:3239} INFO - Sync 1 DAGs
[2025-01-09T02:19:11.829+0000] {logging_mixin.py:190} INFO - [2025-01-09T02:19:11.829+0000] {dag.py:4180} INFO - Setting next_dagrun for example_short_circuit_decorator to None, run_after=None
[2025-01-09T02:19:12.051+0000] {processor.py:208} INFO - Processing /home/airflow/.local/lib/python3.12/site-packages/airflow/example_dags/example_short_circuit_decorator.py took 1.505 seconds
