[2025-01-09T02:18:06.676+0000] {processor.py:186} INFO - Started process (PID=137) to work on /home/airflow/.local/lib/python3.12/site-packages/airflow/example_dags/example_complex.py
[2025-01-09T02:18:06.677+0000] {processor.py:914} INFO - Processing file /home/airflow/.local/lib/python3.12/site-packages/airflow/example_dags/example_complex.py for tasks to queue
[2025-01-09T02:18:06.679+0000] {logging_mixin.py:190} INFO - [2025-01-09T02:18:06.679+0000] {dagbag.py:588} INFO - Filling up the DagBag from /home/airflow/.local/lib/python3.12/site-packages/airflow/example_dags/example_complex.py
[2025-01-09T02:18:06.721+0000] {processor.py:925} INFO - DAG(s) 'example_complex' retrieved from /home/airflow/.local/lib/python3.12/site-packages/airflow/example_dags/example_complex.py
[2025-01-09T02:18:06.936+0000] {logging_mixin.py:190} INFO - [2025-01-09T02:18:06.936+0000] {override.py:1911} INFO - Created Permission View: can edit on DAG:example_complex
[2025-01-09T02:18:06.985+0000] {logging_mixin.py:190} INFO - [2025-01-09T02:18:06.985+0000] {override.py:1911} INFO - Created Permission View: can read on DAG:example_complex
[2025-01-09T02:18:07.053+0000] {logging_mixin.py:190} INFO - [2025-01-09T02:18:07.053+0000] {override.py:1911} INFO - Created Permission View: can delete on DAG:example_complex
[2025-01-09T02:18:07.199+0000] {logging_mixin.py:190} INFO - [2025-01-09T02:18:07.199+0000] {override.py:1911} INFO - Created Permission View: can create on DAG Run:example_complex
[2025-01-09T02:18:07.251+0000] {logging_mixin.py:190} INFO - [2025-01-09T02:18:07.250+0000] {override.py:1911} INFO - Created Permission View: menu access on DAG Run:example_complex
[2025-01-09T02:18:07.359+0000] {logging_mixin.py:190} INFO - [2025-01-09T02:18:07.359+0000] {override.py:1911} INFO - Created Permission View: can read on DAG Run:example_complex
[2025-01-09T02:18:07.492+0000] {logging_mixin.py:190} INFO - [2025-01-09T02:18:07.492+0000] {override.py:1911} INFO - Created Permission View: can delete on DAG Run:example_complex
[2025-01-09T02:18:07.493+0000] {logging_mixin.py:190} INFO - [2025-01-09T02:18:07.493+0000] {dag.py:3239} INFO - Sync 1 DAGs
[2025-01-09T02:18:07.514+0000] {logging_mixin.py:190} INFO - [2025-01-09T02:18:07.514+0000] {dag.py:3262} INFO - Creating ORM DAG for example_complex
[2025-01-09T02:18:07.516+0000] {logging_mixin.py:190} INFO - [2025-01-09T02:18:07.515+0000] {dag.py:4180} INFO - Setting next_dagrun for example_complex to None, run_after=None
[2025-01-09T02:18:07.588+0000] {processor.py:208} INFO - Processing /home/airflow/.local/lib/python3.12/site-packages/airflow/example_dags/example_complex.py took 0.919 seconds
[2025-01-09T02:18:38.926+0000] {processor.py:186} INFO - Started process (PID=200) to work on /home/airflow/.local/lib/python3.12/site-packages/airflow/example_dags/example_complex.py
[2025-01-09T02:18:38.939+0000] {processor.py:914} INFO - Processing file /home/airflow/.local/lib/python3.12/site-packages/airflow/example_dags/example_complex.py for tasks to queue
[2025-01-09T02:18:38.971+0000] {logging_mixin.py:190} INFO - [2025-01-09T02:18:38.970+0000] {dagbag.py:588} INFO - Filling up the DagBag from /home/airflow/.local/lib/python3.12/site-packages/airflow/example_dags/example_complex.py
[2025-01-09T02:18:39.040+0000] {processor.py:925} INFO - DAG(s) 'example_complex' retrieved from /home/airflow/.local/lib/python3.12/site-packages/airflow/example_dags/example_complex.py
[2025-01-09T02:18:39.211+0000] {logging_mixin.py:190} INFO - [2025-01-09T02:18:39.211+0000] {dag.py:3239} INFO - Sync 1 DAGs
[2025-01-09T02:18:39.296+0000] {logging_mixin.py:190} INFO - [2025-01-09T02:18:39.295+0000] {dag.py:4180} INFO - Setting next_dagrun for example_complex to None, run_after=None
[2025-01-09T02:18:39.462+0000] {processor.py:208} INFO - Processing /home/airflow/.local/lib/python3.12/site-packages/airflow/example_dags/example_complex.py took 0.569 seconds
[2025-01-09T02:19:33.663+0000] {processor.py:186} INFO - Started process (PID=275) to work on /home/airflow/.local/lib/python3.12/site-packages/airflow/example_dags/example_complex.py
[2025-01-09T02:19:33.677+0000] {processor.py:914} INFO - Processing file /home/airflow/.local/lib/python3.12/site-packages/airflow/example_dags/example_complex.py for tasks to queue
[2025-01-09T02:19:33.704+0000] {logging_mixin.py:190} INFO - [2025-01-09T02:19:33.704+0000] {dagbag.py:588} INFO - Filling up the DagBag from /home/airflow/.local/lib/python3.12/site-packages/airflow/example_dags/example_complex.py
[2025-01-09T02:19:33.723+0000] {processor.py:925} INFO - DAG(s) 'example_complex' retrieved from /home/airflow/.local/lib/python3.12/site-packages/airflow/example_dags/example_complex.py
[2025-01-09T02:19:33.794+0000] {logging_mixin.py:190} INFO - [2025-01-09T02:19:33.794+0000] {dag.py:3239} INFO - Sync 1 DAGs
[2025-01-09T02:19:33.987+0000] {logging_mixin.py:190} INFO - [2025-01-09T02:19:33.987+0000] {dag.py:4180} INFO - Setting next_dagrun for example_complex to None, run_after=None
[2025-01-09T02:19:34.123+0000] {processor.py:208} INFO - Processing /home/airflow/.local/lib/python3.12/site-packages/airflow/example_dags/example_complex.py took 0.494 seconds
