[2025-01-09T02:18:04.644+0000] {processor.py:186} INFO - Started process (PID=135) to work on /home/airflow/.local/lib/python3.12/site-packages/airflow/example_dags/example_dynamic_task_mapping_with_no_taskflow_operators.py
[2025-01-09T02:18:04.646+0000] {processor.py:914} INFO - Processing file /home/airflow/.local/lib/python3.12/site-packages/airflow/example_dags/example_dynamic_task_mapping_with_no_taskflow_operators.py for tasks to queue
[2025-01-09T02:18:04.649+0000] {logging_mixin.py:190} INFO - [2025-01-09T02:18:04.649+0000] {dagbag.py:588} INFO - Filling up the DagBag from /home/airflow/.local/lib/python3.12/site-packages/airflow/example_dags/example_dynamic_task_mapping_with_no_taskflow_operators.py
[2025-01-09T02:18:04.686+0000] {processor.py:925} INFO - DAG(s) 'example_dynamic_task_mapping_with_no_taskflow_operators' retrieved from /home/airflow/.local/lib/python3.12/site-packages/airflow/example_dags/example_dynamic_task_mapping_with_no_taskflow_operators.py
[2025-01-09T02:18:05.160+0000] {logging_mixin.py:190} INFO - [2025-01-09T02:18:05.159+0000] {override.py:1911} INFO - Created Permission View: can edit on DAG:example_dynamic_task_mapping_with_no_taskflow_operators
[2025-01-09T02:18:05.198+0000] {logging_mixin.py:190} INFO - [2025-01-09T02:18:05.197+0000] {override.py:1911} INFO - Created Permission View: can read on DAG:example_dynamic_task_mapping_with_no_taskflow_operators
[2025-01-09T02:18:05.240+0000] {logging_mixin.py:190} INFO - [2025-01-09T02:18:05.240+0000] {override.py:1911} INFO - Created Permission View: can delete on DAG:example_dynamic_task_mapping_with_no_taskflow_operators
[2025-01-09T02:18:05.378+0000] {logging_mixin.py:190} INFO - [2025-01-09T02:18:05.378+0000] {override.py:1911} INFO - Created Permission View: can create on DAG Run:example_dynamic_task_mapping_with_no_taskflow_operators
[2025-01-09T02:18:05.417+0000] {logging_mixin.py:190} INFO - [2025-01-09T02:18:05.417+0000] {override.py:1911} INFO - Created Permission View: menu access on DAG Run:example_dynamic_task_mapping_with_no_taskflow_operators
[2025-01-09T02:18:05.523+0000] {logging_mixin.py:190} INFO - [2025-01-09T02:18:05.522+0000] {override.py:1911} INFO - Created Permission View: can read on DAG Run:example_dynamic_task_mapping_with_no_taskflow_operators
[2025-01-09T02:18:05.660+0000] {logging_mixin.py:190} INFO - [2025-01-09T02:18:05.660+0000] {override.py:1911} INFO - Created Permission View: can delete on DAG Run:example_dynamic_task_mapping_with_no_taskflow_operators
[2025-01-09T02:18:05.661+0000] {logging_mixin.py:190} INFO - [2025-01-09T02:18:05.660+0000] {dag.py:3239} INFO - Sync 1 DAGs
[2025-01-09T02:18:05.677+0000] {logging_mixin.py:190} INFO - [2025-01-09T02:18:05.677+0000] {dag.py:3262} INFO - Creating ORM DAG for example_dynamic_task_mapping_with_no_taskflow_operators
[2025-01-09T02:18:05.678+0000] {logging_mixin.py:190} INFO - [2025-01-09T02:18:05.678+0000] {dag.py:4180} INFO - Setting next_dagrun for example_dynamic_task_mapping_with_no_taskflow_operators to None, run_after=None
[2025-01-09T02:18:05.781+0000] {processor.py:208} INFO - Processing /home/airflow/.local/lib/python3.12/site-packages/airflow/example_dags/example_dynamic_task_mapping_with_no_taskflow_operators.py took 1.144 seconds
[2025-01-09T02:18:36.729+0000] {processor.py:186} INFO - Started process (PID=197) to work on /home/airflow/.local/lib/python3.12/site-packages/airflow/example_dags/example_dynamic_task_mapping_with_no_taskflow_operators.py
[2025-01-09T02:18:36.742+0000] {processor.py:914} INFO - Processing file /home/airflow/.local/lib/python3.12/site-packages/airflow/example_dags/example_dynamic_task_mapping_with_no_taskflow_operators.py for tasks to queue
[2025-01-09T02:18:36.751+0000] {logging_mixin.py:190} INFO - [2025-01-09T02:18:36.750+0000] {dagbag.py:588} INFO - Filling up the DagBag from /home/airflow/.local/lib/python3.12/site-packages/airflow/example_dags/example_dynamic_task_mapping_with_no_taskflow_operators.py
[2025-01-09T02:18:36.856+0000] {processor.py:925} INFO - DAG(s) 'example_dynamic_task_mapping_with_no_taskflow_operators' retrieved from /home/airflow/.local/lib/python3.12/site-packages/airflow/example_dags/example_dynamic_task_mapping_with_no_taskflow_operators.py
[2025-01-09T02:18:37.014+0000] {logging_mixin.py:190} INFO - [2025-01-09T02:18:37.014+0000] {dag.py:3239} INFO - Sync 1 DAGs
[2025-01-09T02:18:37.127+0000] {logging_mixin.py:190} INFO - [2025-01-09T02:18:37.120+0000] {dag.py:4180} INFO - Setting next_dagrun for example_dynamic_task_mapping_with_no_taskflow_operators to None, run_after=None
[2025-01-09T02:18:37.271+0000] {processor.py:208} INFO - Processing /home/airflow/.local/lib/python3.12/site-packages/airflow/example_dags/example_dynamic_task_mapping_with_no_taskflow_operators.py took 0.593 seconds
[2025-01-09T02:19:32.720+0000] {processor.py:186} INFO - Started process (PID=273) to work on /home/airflow/.local/lib/python3.12/site-packages/airflow/example_dags/example_dynamic_task_mapping_with_no_taskflow_operators.py
[2025-01-09T02:19:32.789+0000] {processor.py:914} INFO - Processing file /home/airflow/.local/lib/python3.12/site-packages/airflow/example_dags/example_dynamic_task_mapping_with_no_taskflow_operators.py for tasks to queue
[2025-01-09T02:19:32.818+0000] {logging_mixin.py:190} INFO - [2025-01-09T02:19:32.817+0000] {dagbag.py:588} INFO - Filling up the DagBag from /home/airflow/.local/lib/python3.12/site-packages/airflow/example_dags/example_dynamic_task_mapping_with_no_taskflow_operators.py
[2025-01-09T02:19:32.925+0000] {processor.py:925} INFO - DAG(s) 'example_dynamic_task_mapping_with_no_taskflow_operators' retrieved from /home/airflow/.local/lib/python3.12/site-packages/airflow/example_dags/example_dynamic_task_mapping_with_no_taskflow_operators.py
[2025-01-09T02:19:33.119+0000] {logging_mixin.py:190} INFO - [2025-01-09T02:19:33.119+0000] {dag.py:3239} INFO - Sync 1 DAGs
[2025-01-09T02:19:33.179+0000] {logging_mixin.py:190} INFO - [2025-01-09T02:19:33.179+0000] {dag.py:4180} INFO - Setting next_dagrun for example_dynamic_task_mapping_with_no_taskflow_operators to None, run_after=None
[2025-01-09T02:19:33.619+0000] {processor.py:208} INFO - Processing /home/airflow/.local/lib/python3.12/site-packages/airflow/example_dags/example_dynamic_task_mapping_with_no_taskflow_operators.py took 0.969 seconds
