[2025-01-09T02:17:38.016+0000] {processor.py:186} INFO - Started process (PID=105) to work on /home/airflow/.local/lib/python3.12/site-packages/airflow/example_dags/example_task_group.py
[2025-01-09T02:17:38.030+0000] {processor.py:914} INFO - Processing file /home/airflow/.local/lib/python3.12/site-packages/airflow/example_dags/example_task_group.py for tasks to queue
[2025-01-09T02:17:38.036+0000] {logging_mixin.py:190} INFO - [2025-01-09T02:17:38.035+0000] {dagbag.py:588} INFO - Filling up the DagBag from /home/airflow/.local/lib/python3.12/site-packages/airflow/example_dags/example_task_group.py
[2025-01-09T02:17:38.160+0000] {processor.py:925} INFO - DAG(s) 'example_task_group' retrieved from /home/airflow/.local/lib/python3.12/site-packages/airflow/example_dags/example_task_group.py
[2025-01-09T02:17:38.925+0000] {logging_mixin.py:190} INFO - [2025-01-09T02:17:38.924+0000] {override.py:1911} INFO - Created Permission View: can edit on DAG:example_task_group
[2025-01-09T02:17:39.035+0000] {logging_mixin.py:190} INFO - [2025-01-09T02:17:39.034+0000] {override.py:1911} INFO - Created Permission View: can read on DAG:example_task_group
[2025-01-09T02:17:39.094+0000] {logging_mixin.py:190} INFO - [2025-01-09T02:17:39.093+0000] {override.py:1911} INFO - Created Permission View: can delete on DAG:example_task_group
[2025-01-09T02:17:39.174+0000] {logging_mixin.py:190} INFO - [2025-01-09T02:17:39.173+0000] {override.py:1911} INFO - Created Permission View: can create on DAG Run:example_task_group
[2025-01-09T02:17:39.250+0000] {logging_mixin.py:190} INFO - [2025-01-09T02:17:39.249+0000] {override.py:1911} INFO - Created Permission View: menu access on DAG Run:example_task_group
[2025-01-09T02:17:39.289+0000] {logging_mixin.py:190} INFO - [2025-01-09T02:17:39.288+0000] {override.py:1911} INFO - Created Permission View: can read on DAG Run:example_task_group
[2025-01-09T02:17:39.361+0000] {logging_mixin.py:190} INFO - [2025-01-09T02:17:39.361+0000] {override.py:1911} INFO - Created Permission View: can delete on DAG Run:example_task_group
[2025-01-09T02:17:39.362+0000] {logging_mixin.py:190} INFO - [2025-01-09T02:17:39.362+0000] {dag.py:3239} INFO - Sync 1 DAGs
[2025-01-09T02:17:39.411+0000] {logging_mixin.py:190} INFO - [2025-01-09T02:17:39.411+0000] {dag.py:3262} INFO - Creating ORM DAG for example_task_group
[2025-01-09T02:17:39.427+0000] {logging_mixin.py:190} INFO - [2025-01-09T02:17:39.427+0000] {dag.py:4180} INFO - Setting next_dagrun for example_task_group to None, run_after=None
[2025-01-09T02:17:39.544+0000] {processor.py:208} INFO - Processing /home/airflow/.local/lib/python3.12/site-packages/airflow/example_dags/example_task_group.py took 1.572 seconds
[2025-01-09T02:18:20.155+0000] {processor.py:186} INFO - Started process (PID=169) to work on /home/airflow/.local/lib/python3.12/site-packages/airflow/example_dags/example_task_group.py
[2025-01-09T02:18:20.163+0000] {processor.py:914} INFO - Processing file /home/airflow/.local/lib/python3.12/site-packages/airflow/example_dags/example_task_group.py for tasks to queue
[2025-01-09T02:18:20.166+0000] {logging_mixin.py:190} INFO - [2025-01-09T02:18:20.165+0000] {dagbag.py:588} INFO - Filling up the DagBag from /home/airflow/.local/lib/python3.12/site-packages/airflow/example_dags/example_task_group.py
[2025-01-09T02:18:20.175+0000] {processor.py:925} INFO - DAG(s) 'example_task_group' retrieved from /home/airflow/.local/lib/python3.12/site-packages/airflow/example_dags/example_task_group.py
[2025-01-09T02:18:20.198+0000] {logging_mixin.py:190} INFO - [2025-01-09T02:18:20.198+0000] {dag.py:3239} INFO - Sync 1 DAGs
[2025-01-09T02:18:20.216+0000] {logging_mixin.py:190} INFO - [2025-01-09T02:18:20.215+0000] {dag.py:4180} INFO - Setting next_dagrun for example_task_group to None, run_after=None
[2025-01-09T02:18:20.312+0000] {processor.py:208} INFO - Processing /home/airflow/.local/lib/python3.12/site-packages/airflow/example_dags/example_task_group.py took 0.163 seconds
[2025-01-09T02:19:02.822+0000] {processor.py:186} INFO - Started process (PID=237) to work on /home/airflow/.local/lib/python3.12/site-packages/airflow/example_dags/example_task_group.py
[2025-01-09T02:19:02.848+0000] {processor.py:914} INFO - Processing file /home/airflow/.local/lib/python3.12/site-packages/airflow/example_dags/example_task_group.py for tasks to queue
[2025-01-09T02:19:02.861+0000] {logging_mixin.py:190} INFO - [2025-01-09T02:19:02.861+0000] {dagbag.py:588} INFO - Filling up the DagBag from /home/airflow/.local/lib/python3.12/site-packages/airflow/example_dags/example_task_group.py
[2025-01-09T02:19:02.932+0000] {processor.py:925} INFO - DAG(s) 'example_task_group' retrieved from /home/airflow/.local/lib/python3.12/site-packages/airflow/example_dags/example_task_group.py
[2025-01-09T02:19:03.111+0000] {logging_mixin.py:190} INFO - [2025-01-09T02:19:03.110+0000] {dag.py:3239} INFO - Sync 1 DAGs
[2025-01-09T02:19:03.196+0000] {logging_mixin.py:190} INFO - [2025-01-09T02:19:03.196+0000] {dag.py:4180} INFO - Setting next_dagrun for example_task_group to None, run_after=None
[2025-01-09T02:19:03.342+0000] {processor.py:208} INFO - Processing /home/airflow/.local/lib/python3.12/site-packages/airflow/example_dags/example_task_group.py took 0.537 seconds
[2025-01-09T02:20:19.482+0000] {processor.py:186} INFO - Started process (PID=305) to work on /home/airflow/.local/lib/python3.12/site-packages/airflow/example_dags/example_task_group.py
[2025-01-09T02:20:19.483+0000] {processor.py:914} INFO - Processing file /home/airflow/.local/lib/python3.12/site-packages/airflow/example_dags/example_task_group.py for tasks to queue
[2025-01-09T02:20:19.518+0000] {logging_mixin.py:190} INFO - [2025-01-09T02:20:19.518+0000] {dagbag.py:588} INFO - Filling up the DagBag from /home/airflow/.local/lib/python3.12/site-packages/airflow/example_dags/example_task_group.py
[2025-01-09T02:20:19.610+0000] {processor.py:925} INFO - DAG(s) 'example_task_group' retrieved from /home/airflow/.local/lib/python3.12/site-packages/airflow/example_dags/example_task_group.py
[2025-01-09T02:20:19.705+0000] {logging_mixin.py:190} INFO - [2025-01-09T02:20:19.705+0000] {dag.py:3239} INFO - Sync 1 DAGs
[2025-01-09T02:20:19.764+0000] {logging_mixin.py:190} INFO - [2025-01-09T02:20:19.764+0000] {dag.py:4180} INFO - Setting next_dagrun for example_task_group to None, run_after=None
[2025-01-09T02:20:19.935+0000] {processor.py:208} INFO - Processing /home/airflow/.local/lib/python3.12/site-packages/airflow/example_dags/example_task_group.py took 0.484 seconds
