[2025-01-09T02:17:36.443+0000] {processor.py:186} INFO - Started process (PID=104) to work on /home/airflow/.local/lib/python3.12/site-packages/airflow/example_dags/example_branch_operator_decorator.py
[2025-01-09T02:17:36.445+0000] {processor.py:914} INFO - Processing file /home/airflow/.local/lib/python3.12/site-packages/airflow/example_dags/example_branch_operator_decorator.py for tasks to queue
[2025-01-09T02:17:36.449+0000] {logging_mixin.py:190} INFO - [2025-01-09T02:17:36.449+0000] {dagbag.py:588} INFO - Filling up the DagBag from /home/airflow/.local/lib/python3.12/site-packages/airflow/example_dags/example_branch_operator_decorator.py
[2025-01-09T02:17:36.561+0000] {processor.py:925} INFO - DAG(s) 'example_branch_python_operator_decorator' retrieved from /home/airflow/.local/lib/python3.12/site-packages/airflow/example_dags/example_branch_operator_decorator.py
[2025-01-09T02:17:37.207+0000] {logging_mixin.py:190} INFO - [2025-01-09T02:17:37.200+0000] {override.py:1911} INFO - Created Permission View: can edit on DAG:example_branch_python_operator_decorator
[2025-01-09T02:17:37.305+0000] {logging_mixin.py:190} INFO - [2025-01-09T02:17:37.305+0000] {override.py:1911} INFO - Created Permission View: can read on DAG:example_branch_python_operator_decorator
[2025-01-09T02:17:37.365+0000] {logging_mixin.py:190} INFO - [2025-01-09T02:17:37.351+0000] {override.py:1911} INFO - Created Permission View: can delete on DAG:example_branch_python_operator_decorator
[2025-01-09T02:17:37.487+0000] {logging_mixin.py:190} INFO - [2025-01-09T02:17:37.486+0000] {override.py:1911} INFO - Created Permission View: can create on DAG Run:example_branch_python_operator_decorator
[2025-01-09T02:17:37.570+0000] {logging_mixin.py:190} INFO - [2025-01-09T02:17:37.569+0000] {override.py:1911} INFO - Created Permission View: menu access on DAG Run:example_branch_python_operator_decorator
[2025-01-09T02:17:37.657+0000] {logging_mixin.py:190} INFO - [2025-01-09T02:17:37.656+0000] {override.py:1911} INFO - Created Permission View: can read on DAG Run:example_branch_python_operator_decorator
[2025-01-09T02:17:37.702+0000] {logging_mixin.py:190} INFO - [2025-01-09T02:17:37.701+0000] {override.py:1911} INFO - Created Permission View: can delete on DAG Run:example_branch_python_operator_decorator
[2025-01-09T02:17:37.704+0000] {logging_mixin.py:190} INFO - [2025-01-09T02:17:37.704+0000] {dag.py:3239} INFO - Sync 1 DAGs
[2025-01-09T02:17:37.764+0000] {logging_mixin.py:190} INFO - [2025-01-09T02:17:37.763+0000] {dag.py:3262} INFO - Creating ORM DAG for example_branch_python_operator_decorator
[2025-01-09T02:17:37.797+0000] {logging_mixin.py:190} INFO - [2025-01-09T02:17:37.797+0000] {dag.py:4180} INFO - Setting next_dagrun for example_branch_python_operator_decorator to 2025-01-08 00:00:00+00:00, run_after=2025-01-09 00:00:00+00:00
[2025-01-09T02:17:37.887+0000] {processor.py:208} INFO - Processing /home/airflow/.local/lib/python3.12/site-packages/airflow/example_dags/example_branch_operator_decorator.py took 1.484 seconds
[2025-01-09T02:18:20.084+0000] {processor.py:186} INFO - Started process (PID=168) to work on /home/airflow/.local/lib/python3.12/site-packages/airflow/example_dags/example_branch_operator_decorator.py
[2025-01-09T02:18:20.086+0000] {processor.py:914} INFO - Processing file /home/airflow/.local/lib/python3.12/site-packages/airflow/example_dags/example_branch_operator_decorator.py for tasks to queue
[2025-01-09T02:18:20.089+0000] {logging_mixin.py:190} INFO - [2025-01-09T02:18:20.088+0000] {dagbag.py:588} INFO - Filling up the DagBag from /home/airflow/.local/lib/python3.12/site-packages/airflow/example_dags/example_branch_operator_decorator.py
[2025-01-09T02:18:20.116+0000] {processor.py:925} INFO - DAG(s) 'example_branch_python_operator_decorator' retrieved from /home/airflow/.local/lib/python3.12/site-packages/airflow/example_dags/example_branch_operator_decorator.py
[2025-01-09T02:18:20.160+0000] {logging_mixin.py:190} INFO - [2025-01-09T02:18:20.160+0000] {dag.py:3239} INFO - Sync 1 DAGs
[2025-01-09T02:18:20.187+0000] {logging_mixin.py:190} INFO - [2025-01-09T02:18:20.187+0000] {dag.py:4180} INFO - Setting next_dagrun for example_branch_python_operator_decorator to 2025-01-08 00:00:00+00:00, run_after=2025-01-09 00:00:00+00:00
[2025-01-09T02:18:20.214+0000] {processor.py:208} INFO - Processing /home/airflow/.local/lib/python3.12/site-packages/airflow/example_dags/example_branch_operator_decorator.py took 0.136 seconds
[2025-01-09T02:19:02.553+0000] {processor.py:186} INFO - Started process (PID=236) to work on /home/airflow/.local/lib/python3.12/site-packages/airflow/example_dags/example_branch_operator_decorator.py
[2025-01-09T02:19:02.573+0000] {processor.py:914} INFO - Processing file /home/airflow/.local/lib/python3.12/site-packages/airflow/example_dags/example_branch_operator_decorator.py for tasks to queue
[2025-01-09T02:19:02.596+0000] {logging_mixin.py:190} INFO - [2025-01-09T02:19:02.595+0000] {dagbag.py:588} INFO - Filling up the DagBag from /home/airflow/.local/lib/python3.12/site-packages/airflow/example_dags/example_branch_operator_decorator.py
[2025-01-09T02:19:02.761+0000] {processor.py:925} INFO - DAG(s) 'example_branch_python_operator_decorator' retrieved from /home/airflow/.local/lib/python3.12/site-packages/airflow/example_dags/example_branch_operator_decorator.py
[2025-01-09T02:19:02.902+0000] {logging_mixin.py:190} INFO - [2025-01-09T02:19:02.902+0000] {dag.py:3239} INFO - Sync 1 DAGs
[2025-01-09T02:19:03.101+0000] {logging_mixin.py:190} INFO - [2025-01-09T02:19:03.100+0000] {dag.py:4180} INFO - Setting next_dagrun for example_branch_python_operator_decorator to 2025-01-08 00:00:00+00:00, run_after=2025-01-09 00:00:00+00:00
[2025-01-09T02:19:03.191+0000] {processor.py:208} INFO - Processing /home/airflow/.local/lib/python3.12/site-packages/airflow/example_dags/example_branch_operator_decorator.py took 0.650 seconds
[2025-01-09T02:20:19.210+0000] {processor.py:186} INFO - Started process (PID=304) to work on /home/airflow/.local/lib/python3.12/site-packages/airflow/example_dags/example_branch_operator_decorator.py
[2025-01-09T02:20:19.212+0000] {processor.py:914} INFO - Processing file /home/airflow/.local/lib/python3.12/site-packages/airflow/example_dags/example_branch_operator_decorator.py for tasks to queue
[2025-01-09T02:20:19.217+0000] {logging_mixin.py:190} INFO - [2025-01-09T02:20:19.217+0000] {dagbag.py:588} INFO - Filling up the DagBag from /home/airflow/.local/lib/python3.12/site-packages/airflow/example_dags/example_branch_operator_decorator.py
[2025-01-09T02:20:19.244+0000] {processor.py:925} INFO - DAG(s) 'example_branch_python_operator_decorator' retrieved from /home/airflow/.local/lib/python3.12/site-packages/airflow/example_dags/example_branch_operator_decorator.py
[2025-01-09T02:20:19.529+0000] {logging_mixin.py:190} INFO - [2025-01-09T02:20:19.529+0000] {dag.py:3239} INFO - Sync 1 DAGs
[2025-01-09T02:20:19.627+0000] {logging_mixin.py:190} INFO - [2025-01-09T02:20:19.627+0000] {dag.py:4180} INFO - Setting next_dagrun for example_branch_python_operator_decorator to 2025-01-08 00:00:00+00:00, run_after=2025-01-09 00:00:00+00:00
[2025-01-09T02:20:19.817+0000] {processor.py:208} INFO - Processing /home/airflow/.local/lib/python3.12/site-packages/airflow/example_dags/example_branch_operator_decorator.py took 0.626 seconds
