[2025-01-09T02:18:02.815+0000] {processor.py:186} INFO - Started process (PID=134) to work on /home/airflow/.local/lib/python3.12/site-packages/airflow/example_dags/example_python_operator.py
[2025-01-09T02:18:02.828+0000] {processor.py:914} INFO - Processing file /home/airflow/.local/lib/python3.12/site-packages/airflow/example_dags/example_python_operator.py for tasks to queue
[2025-01-09T02:18:02.834+0000] {logging_mixin.py:190} INFO - [2025-01-09T02:18:02.833+0000] {dagbag.py:588} INFO - Filling up the DagBag from /home/airflow/.local/lib/python3.12/site-packages/airflow/example_dags/example_python_operator.py
[2025-01-09T02:18:02.996+0000] {processor.py:925} INFO - DAG(s) 'example_python_operator' retrieved from /home/airflow/.local/lib/python3.12/site-packages/airflow/example_dags/example_python_operator.py
[2025-01-09T02:18:03.758+0000] {logging_mixin.py:190} INFO - [2025-01-09T02:18:03.757+0000] {override.py:1911} INFO - Created Permission View: can edit on DAG:example_python_operator
[2025-01-09T02:18:03.792+0000] {logging_mixin.py:190} INFO - [2025-01-09T02:18:03.792+0000] {override.py:1911} INFO - Created Permission View: can read on DAG:example_python_operator
[2025-01-09T02:18:03.874+0000] {logging_mixin.py:190} INFO - [2025-01-09T02:18:03.873+0000] {override.py:1911} INFO - Created Permission View: can delete on DAG:example_python_operator
[2025-01-09T02:18:04.109+0000] {logging_mixin.py:190} INFO - [2025-01-09T02:18:04.109+0000] {override.py:1911} INFO - Created Permission View: can create on DAG Run:example_python_operator
[2025-01-09T02:18:04.159+0000] {logging_mixin.py:190} INFO - [2025-01-09T02:18:04.158+0000] {override.py:1911} INFO - Created Permission View: menu access on DAG Run:example_python_operator
[2025-01-09T02:18:04.302+0000] {logging_mixin.py:190} INFO - [2025-01-09T02:18:04.296+0000] {override.py:1911} INFO - Created Permission View: can read on DAG Run:example_python_operator
[2025-01-09T02:18:04.448+0000] {logging_mixin.py:190} INFO - [2025-01-09T02:18:04.445+0000] {override.py:1911} INFO - Created Permission View: can delete on DAG Run:example_python_operator
[2025-01-09T02:18:04.452+0000] {logging_mixin.py:190} INFO - [2025-01-09T02:18:04.451+0000] {dag.py:3239} INFO - Sync 1 DAGs
[2025-01-09T02:18:04.492+0000] {logging_mixin.py:190} INFO - [2025-01-09T02:18:04.492+0000] {dag.py:3262} INFO - Creating ORM DAG for example_python_operator
[2025-01-09T02:18:04.494+0000] {logging_mixin.py:190} INFO - [2025-01-09T02:18:04.494+0000] {dag.py:4180} INFO - Setting next_dagrun for example_python_operator to None, run_after=None
[2025-01-09T02:18:04.569+0000] {processor.py:208} INFO - Processing /home/airflow/.local/lib/python3.12/site-packages/airflow/example_dags/example_python_operator.py took 1.775 seconds
[2025-01-09T02:18:34.910+0000] {processor.py:186} INFO - Started process (PID=196) to work on /home/airflow/.local/lib/python3.12/site-packages/airflow/example_dags/example_python_operator.py
[2025-01-09T02:18:35.057+0000] {processor.py:914} INFO - Processing file /home/airflow/.local/lib/python3.12/site-packages/airflow/example_dags/example_python_operator.py for tasks to queue
[2025-01-09T02:18:35.067+0000] {logging_mixin.py:190} INFO - [2025-01-09T02:18:35.067+0000] {dagbag.py:588} INFO - Filling up the DagBag from /home/airflow/.local/lib/python3.12/site-packages/airflow/example_dags/example_python_operator.py
[2025-01-09T02:18:35.166+0000] {processor.py:925} INFO - DAG(s) 'example_python_operator' retrieved from /home/airflow/.local/lib/python3.12/site-packages/airflow/example_dags/example_python_operator.py
[2025-01-09T02:18:35.362+0000] {logging_mixin.py:190} INFO - [2025-01-09T02:18:35.361+0000] {dag.py:3239} INFO - Sync 1 DAGs
[2025-01-09T02:18:35.925+0000] {logging_mixin.py:190} INFO - [2025-01-09T02:18:35.900+0000] {dag.py:4180} INFO - Setting next_dagrun for example_python_operator to None, run_after=None
[2025-01-09T02:18:36.446+0000] {processor.py:208} INFO - Processing /home/airflow/.local/lib/python3.12/site-packages/airflow/example_dags/example_python_operator.py took 1.558 seconds
[2025-01-09T02:19:31.804+0000] {processor.py:186} INFO - Started process (PID=272) to work on /home/airflow/.local/lib/python3.12/site-packages/airflow/example_dags/example_python_operator.py
[2025-01-09T02:19:31.806+0000] {processor.py:914} INFO - Processing file /home/airflow/.local/lib/python3.12/site-packages/airflow/example_dags/example_python_operator.py for tasks to queue
[2025-01-09T02:19:31.810+0000] {logging_mixin.py:190} INFO - [2025-01-09T02:19:31.809+0000] {dagbag.py:588} INFO - Filling up the DagBag from /home/airflow/.local/lib/python3.12/site-packages/airflow/example_dags/example_python_operator.py
[2025-01-09T02:19:31.845+0000] {processor.py:925} INFO - DAG(s) 'example_python_operator' retrieved from /home/airflow/.local/lib/python3.12/site-packages/airflow/example_dags/example_python_operator.py
[2025-01-09T02:19:31.957+0000] {logging_mixin.py:190} INFO - [2025-01-09T02:19:31.956+0000] {dag.py:3239} INFO - Sync 1 DAGs
[2025-01-09T02:19:32.123+0000] {logging_mixin.py:190} INFO - [2025-01-09T02:19:32.122+0000] {dag.py:4180} INFO - Setting next_dagrun for example_python_operator to None, run_after=None
[2025-01-09T02:19:32.403+0000] {processor.py:208} INFO - Processing /home/airflow/.local/lib/python3.12/site-packages/airflow/example_dags/example_python_operator.py took 0.606 seconds
