[2025-01-09T02:17:54.389+0000] {processor.py:186} INFO - Started process (PID=128) to work on /home/airflow/.local/lib/python3.12/site-packages/airflow/example_dags/example_display_name.py
[2025-01-09T02:17:54.402+0000] {processor.py:914} INFO - Processing file /home/airflow/.local/lib/python3.12/site-packages/airflow/example_dags/example_display_name.py for tasks to queue
[2025-01-09T02:17:54.427+0000] {logging_mixin.py:190} INFO - [2025-01-09T02:17:54.427+0000] {dagbag.py:588} INFO - Filling up the DagBag from /home/airflow/.local/lib/python3.12/site-packages/airflow/example_dags/example_display_name.py
[2025-01-09T02:17:54.479+0000] {processor.py:925} INFO - DAG(s) 'example_display_name' retrieved from /home/airflow/.local/lib/python3.12/site-packages/airflow/example_dags/example_display_name.py
[2025-01-09T02:17:55.004+0000] {logging_mixin.py:190} INFO - [2025-01-09T02:17:55.003+0000] {override.py:1911} INFO - Created Permission View: can edit on DAG:example_display_name
[2025-01-09T02:17:55.071+0000] {logging_mixin.py:190} INFO - [2025-01-09T02:17:55.070+0000] {override.py:1911} INFO - Created Permission View: can read on DAG:example_display_name
[2025-01-09T02:17:55.098+0000] {logging_mixin.py:190} INFO - [2025-01-09T02:17:55.097+0000] {override.py:1911} INFO - Created Permission View: can delete on DAG:example_display_name
[2025-01-09T02:17:55.113+0000] {logging_mixin.py:190} INFO - [2025-01-09T02:17:55.112+0000] {override.py:1911} INFO - Created Permission View: can create on DAG Run:example_display_name
[2025-01-09T02:17:55.140+0000] {logging_mixin.py:190} INFO - [2025-01-09T02:17:55.139+0000] {override.py:1911} INFO - Created Permission View: menu access on DAG Run:example_display_name
[2025-01-09T02:17:55.192+0000] {logging_mixin.py:190} INFO - [2025-01-09T02:17:55.192+0000] {override.py:1911} INFO - Created Permission View: can read on DAG Run:example_display_name
[2025-01-09T02:17:55.235+0000] {logging_mixin.py:190} INFO - [2025-01-09T02:17:55.234+0000] {override.py:1911} INFO - Created Permission View: can delete on DAG Run:example_display_name
[2025-01-09T02:17:55.236+0000] {logging_mixin.py:190} INFO - [2025-01-09T02:17:55.235+0000] {dag.py:3239} INFO - Sync 1 DAGs
[2025-01-09T02:17:55.348+0000] {logging_mixin.py:190} INFO - [2025-01-09T02:17:55.348+0000] {dag.py:3262} INFO - Creating ORM DAG for example_display_name
[2025-01-09T02:17:55.353+0000] {logging_mixin.py:190} INFO - [2025-01-09T02:17:55.353+0000] {dag.py:4180} INFO - Setting next_dagrun for example_display_name to None, run_after=None
[2025-01-09T02:17:55.498+0000] {processor.py:208} INFO - Processing /home/airflow/.local/lib/python3.12/site-packages/airflow/example_dags/example_display_name.py took 1.114 seconds
[2025-01-09T02:18:25.643+0000] {processor.py:186} INFO - Started process (PID=190) to work on /home/airflow/.local/lib/python3.12/site-packages/airflow/example_dags/example_display_name.py
[2025-01-09T02:18:25.645+0000] {processor.py:914} INFO - Processing file /home/airflow/.local/lib/python3.12/site-packages/airflow/example_dags/example_display_name.py for tasks to queue
[2025-01-09T02:18:25.649+0000] {logging_mixin.py:190} INFO - [2025-01-09T02:18:25.649+0000] {dagbag.py:588} INFO - Filling up the DagBag from /home/airflow/.local/lib/python3.12/site-packages/airflow/example_dags/example_display_name.py
[2025-01-09T02:18:25.662+0000] {processor.py:925} INFO - DAG(s) 'example_display_name' retrieved from /home/airflow/.local/lib/python3.12/site-packages/airflow/example_dags/example_display_name.py
[2025-01-09T02:18:25.702+0000] {logging_mixin.py:190} INFO - [2025-01-09T02:18:25.701+0000] {dag.py:3239} INFO - Sync 1 DAGs
[2025-01-09T02:18:25.767+0000] {logging_mixin.py:190} INFO - [2025-01-09T02:18:25.767+0000] {dag.py:4180} INFO - Setting next_dagrun for example_display_name to None, run_after=None
[2025-01-09T02:18:25.852+0000] {processor.py:208} INFO - Processing /home/airflow/.local/lib/python3.12/site-packages/airflow/example_dags/example_display_name.py took 0.219 seconds
[2025-01-09T02:19:15.866+0000] {processor.py:186} INFO - Started process (PID=253) to work on /home/airflow/.local/lib/python3.12/site-packages/airflow/example_dags/example_display_name.py
[2025-01-09T02:19:15.883+0000] {processor.py:914} INFO - Processing file /home/airflow/.local/lib/python3.12/site-packages/airflow/example_dags/example_display_name.py for tasks to queue
[2025-01-09T02:19:15.913+0000] {logging_mixin.py:190} INFO - [2025-01-09T02:19:15.910+0000] {dagbag.py:588} INFO - Filling up the DagBag from /home/airflow/.local/lib/python3.12/site-packages/airflow/example_dags/example_display_name.py
[2025-01-09T02:19:16.057+0000] {processor.py:925} INFO - DAG(s) 'example_display_name' retrieved from /home/airflow/.local/lib/python3.12/site-packages/airflow/example_dags/example_display_name.py
[2025-01-09T02:19:16.189+0000] {logging_mixin.py:190} INFO - [2025-01-09T02:19:16.188+0000] {dag.py:3239} INFO - Sync 1 DAGs
[2025-01-09T02:19:16.324+0000] {logging_mixin.py:190} INFO - [2025-01-09T02:19:16.324+0000] {dag.py:4180} INFO - Setting next_dagrun for example_display_name to None, run_after=None
[2025-01-09T02:19:16.435+0000] {processor.py:208} INFO - Processing /home/airflow/.local/lib/python3.12/site-packages/airflow/example_dags/example_display_name.py took 0.724 seconds
