[2025-01-09T02:16:23.704+0000] {processor.py:186} INFO - Started process (PID=74) to work on /home/airflow/.local/lib/python3.12/site-packages/airflow/example_dags/example_local_kubernetes_executor.py
[2025-01-09T02:16:23.746+0000] {processor.py:914} INFO - Processing file /home/airflow/.local/lib/python3.12/site-packages/airflow/example_dags/example_local_kubernetes_executor.py for tasks to queue
[2025-01-09T02:16:23.980+0000] {logging_mixin.py:190} INFO - [2025-01-09T02:16:23.978+0000] {dagbag.py:588} INFO - Filling up the DagBag from /home/airflow/.local/lib/python3.12/site-packages/airflow/example_dags/example_local_kubernetes_executor.py
[2025-01-09T02:16:25.352+0000] {processor.py:925} INFO - DAG(s) 'example_local_kubernetes_executor' retrieved from /home/airflow/.local/lib/python3.12/site-packages/airflow/example_dags/example_local_kubernetes_executor.py
[2025-01-09T02:16:31.619+0000] {logging_mixin.py:190} INFO - [2025-01-09T02:16:31.612+0000] {override.py:1911} INFO - Created Permission View: can edit on DAG:example_local_kubernetes_executor
[2025-01-09T02:16:31.744+0000] {logging_mixin.py:190} INFO - [2025-01-09T02:16:31.744+0000] {override.py:1911} INFO - Created Permission View: can read on DAG:example_local_kubernetes_executor
[2025-01-09T02:16:31.786+0000] {logging_mixin.py:190} INFO - [2025-01-09T02:16:31.785+0000] {override.py:1911} INFO - Created Permission View: can delete on DAG:example_local_kubernetes_executor
[2025-01-09T02:16:31.880+0000] {logging_mixin.py:190} INFO - [2025-01-09T02:16:31.879+0000] {override.py:1911} INFO - Created Permission View: can create on DAG Run:example_local_kubernetes_executor
[2025-01-09T02:16:31.897+0000] {logging_mixin.py:190} INFO - [2025-01-09T02:16:31.897+0000] {override.py:1911} INFO - Created Permission View: menu access on DAG Run:example_local_kubernetes_executor
[2025-01-09T02:16:32.018+0000] {logging_mixin.py:190} INFO - [2025-01-09T02:16:32.017+0000] {override.py:1911} INFO - Created Permission View: can read on DAG Run:example_local_kubernetes_executor
[2025-01-09T02:16:32.033+0000] {logging_mixin.py:190} INFO - [2025-01-09T02:16:32.032+0000] {override.py:1911} INFO - Created Permission View: can delete on DAG Run:example_local_kubernetes_executor
[2025-01-09T02:16:32.034+0000] {logging_mixin.py:190} INFO - [2025-01-09T02:16:32.033+0000] {dag.py:3239} INFO - Sync 1 DAGs
[2025-01-09T02:16:32.146+0000] {logging_mixin.py:190} INFO - [2025-01-09T02:16:32.146+0000] {dag.py:3262} INFO - Creating ORM DAG for example_local_kubernetes_executor
[2025-01-09T02:16:32.149+0000] {logging_mixin.py:190} INFO - [2025-01-09T02:16:32.148+0000] {dag.py:4180} INFO - Setting next_dagrun for example_local_kubernetes_executor to None, run_after=None
[2025-01-09T02:16:32.764+0000] {processor.py:208} INFO - Processing /home/airflow/.local/lib/python3.12/site-packages/airflow/example_dags/example_local_kubernetes_executor.py took 9.066 seconds
[2025-01-09T02:18:12.836+0000] {processor.py:186} INFO - Started process (PID=149) to work on /home/airflow/.local/lib/python3.12/site-packages/airflow/example_dags/example_local_kubernetes_executor.py
[2025-01-09T02:18:12.844+0000] {processor.py:914} INFO - Processing file /home/airflow/.local/lib/python3.12/site-packages/airflow/example_dags/example_local_kubernetes_executor.py for tasks to queue
[2025-01-09T02:18:12.928+0000] {logging_mixin.py:190} INFO - [2025-01-09T02:18:12.928+0000] {dagbag.py:588} INFO - Filling up the DagBag from /home/airflow/.local/lib/python3.12/site-packages/airflow/example_dags/example_local_kubernetes_executor.py
[2025-01-09T02:18:12.941+0000] {processor.py:925} INFO - DAG(s) 'example_local_kubernetes_executor' retrieved from /home/airflow/.local/lib/python3.12/site-packages/airflow/example_dags/example_local_kubernetes_executor.py
[2025-01-09T02:18:12.960+0000] {logging_mixin.py:190} INFO - [2025-01-09T02:18:12.960+0000] {dag.py:3239} INFO - Sync 1 DAGs
[2025-01-09T02:18:12.987+0000] {logging_mixin.py:190} INFO - [2025-01-09T02:18:12.987+0000] {dag.py:4180} INFO - Setting next_dagrun for example_local_kubernetes_executor to None, run_after=None
[2025-01-09T02:18:13.130+0000] {processor.py:208} INFO - Processing /home/airflow/.local/lib/python3.12/site-packages/airflow/example_dags/example_local_kubernetes_executor.py took 0.300 seconds
[2025-01-09T02:18:44.593+0000] {processor.py:186} INFO - Started process (PID=211) to work on /home/airflow/.local/lib/python3.12/site-packages/airflow/example_dags/example_local_kubernetes_executor.py
[2025-01-09T02:18:44.604+0000] {processor.py:914} INFO - Processing file /home/airflow/.local/lib/python3.12/site-packages/airflow/example_dags/example_local_kubernetes_executor.py for tasks to queue
[2025-01-09T02:18:44.613+0000] {logging_mixin.py:190} INFO - [2025-01-09T02:18:44.611+0000] {dagbag.py:588} INFO - Filling up the DagBag from /home/airflow/.local/lib/python3.12/site-packages/airflow/example_dags/example_local_kubernetes_executor.py
[2025-01-09T02:18:44.745+0000] {processor.py:925} INFO - DAG(s) 'example_local_kubernetes_executor' retrieved from /home/airflow/.local/lib/python3.12/site-packages/airflow/example_dags/example_local_kubernetes_executor.py
[2025-01-09T02:18:44.843+0000] {logging_mixin.py:190} INFO - [2025-01-09T02:18:44.842+0000] {dag.py:3239} INFO - Sync 1 DAGs
[2025-01-09T02:18:44.985+0000] {logging_mixin.py:190} INFO - [2025-01-09T02:18:44.983+0000] {dag.py:4180} INFO - Setting next_dagrun for example_local_kubernetes_executor to None, run_after=None
[2025-01-09T02:18:45.088+0000] {processor.py:208} INFO - Processing /home/airflow/.local/lib/python3.12/site-packages/airflow/example_dags/example_local_kubernetes_executor.py took 0.525 seconds
[2025-01-09T02:19:20.566+0000] {processor.py:186} INFO - Started process (PID=258) to work on /home/airflow/.local/lib/python3.12/site-packages/airflow/example_dags/example_local_kubernetes_executor.py
[2025-01-09T02:19:20.762+0000] {processor.py:914} INFO - Processing file /home/airflow/.local/lib/python3.12/site-packages/airflow/example_dags/example_local_kubernetes_executor.py for tasks to queue
[2025-01-09T02:19:20.846+0000] {logging_mixin.py:190} INFO - [2025-01-09T02:19:20.845+0000] {dagbag.py:588} INFO - Filling up the DagBag from /home/airflow/.local/lib/python3.12/site-packages/airflow/example_dags/example_local_kubernetes_executor.py
[2025-01-09T02:19:21.007+0000] {processor.py:925} INFO - DAG(s) 'example_local_kubernetes_executor' retrieved from /home/airflow/.local/lib/python3.12/site-packages/airflow/example_dags/example_local_kubernetes_executor.py
[2025-01-09T02:19:21.412+0000] {logging_mixin.py:190} INFO - [2025-01-09T02:19:21.412+0000] {dag.py:3239} INFO - Sync 1 DAGs
[2025-01-09T02:19:21.469+0000] {logging_mixin.py:190} INFO - [2025-01-09T02:19:21.469+0000] {dag.py:4180} INFO - Setting next_dagrun for example_local_kubernetes_executor to None, run_after=None
[2025-01-09T02:19:21.574+0000] {processor.py:208} INFO - Processing /home/airflow/.local/lib/python3.12/site-packages/airflow/example_dags/example_local_kubernetes_executor.py took 1.462 seconds
