[2025-01-09T02:17:35.811+0000] {processor.py:186} INFO - Started process (PID=103) to work on /home/airflow/.local/lib/python3.12/site-packages/airflow/example_dags/example_branch_datetime_operator.py
[2025-01-09T02:17:35.820+0000] {processor.py:914} INFO - Processing file /home/airflow/.local/lib/python3.12/site-packages/airflow/example_dags/example_branch_datetime_operator.py for tasks to queue
[2025-01-09T02:17:35.825+0000] {logging_mixin.py:190} INFO - [2025-01-09T02:17:35.824+0000] {dagbag.py:588} INFO - Filling up the DagBag from /home/airflow/.local/lib/python3.12/site-packages/airflow/example_dags/example_branch_datetime_operator.py
[2025-01-09T02:17:35.880+0000] {processor.py:925} INFO - DAG(s) 'example_branch_datetime_operator_3', 'example_branch_datetime_operator', 'example_branch_datetime_operator_2' retrieved from /home/airflow/.local/lib/python3.12/site-packages/airflow/example_dags/example_branch_datetime_operator.py
[2025-01-09T02:17:36.370+0000] {logging_mixin.py:190} INFO - [2025-01-09T02:17:36.369+0000] {override.py:1911} INFO - Created Permission View: can edit on DAG:example_branch_datetime_operator_3
[2025-01-09T02:17:36.417+0000] {logging_mixin.py:190} INFO - [2025-01-09T02:17:36.416+0000] {override.py:1911} INFO - Created Permission View: can read on DAG:example_branch_datetime_operator_3
[2025-01-09T02:17:36.523+0000] {logging_mixin.py:190} INFO - [2025-01-09T02:17:36.516+0000] {override.py:1911} INFO - Created Permission View: can delete on DAG:example_branch_datetime_operator_3
[2025-01-09T02:17:36.615+0000] {logging_mixin.py:190} INFO - [2025-01-09T02:17:36.613+0000] {override.py:1911} INFO - Created Permission View: can create on DAG Run:example_branch_datetime_operator_3
[2025-01-09T02:17:36.665+0000] {logging_mixin.py:190} INFO - [2025-01-09T02:17:36.665+0000] {override.py:1911} INFO - Created Permission View: menu access on DAG Run:example_branch_datetime_operator_3
[2025-01-09T02:17:36.741+0000] {logging_mixin.py:190} INFO - [2025-01-09T02:17:36.740+0000] {override.py:1911} INFO - Created Permission View: can read on DAG Run:example_branch_datetime_operator_3
[2025-01-09T02:17:36.793+0000] {logging_mixin.py:190} INFO - [2025-01-09T02:17:36.784+0000] {override.py:1911} INFO - Created Permission View: can delete on DAG Run:example_branch_datetime_operator_3
[2025-01-09T02:17:36.933+0000] {logging_mixin.py:190} INFO - [2025-01-09T02:17:36.932+0000] {override.py:1911} INFO - Created Permission View: can edit on DAG:example_branch_datetime_operator
[2025-01-09T02:17:37.011+0000] {logging_mixin.py:190} INFO - [2025-01-09T02:17:37.010+0000] {override.py:1911} INFO - Created Permission View: can read on DAG:example_branch_datetime_operator
[2025-01-09T02:17:37.082+0000] {logging_mixin.py:190} INFO - [2025-01-09T02:17:37.080+0000] {override.py:1911} INFO - Created Permission View: can delete on DAG:example_branch_datetime_operator
[2025-01-09T02:17:37.196+0000] {logging_mixin.py:190} INFO - [2025-01-09T02:17:37.196+0000] {override.py:1911} INFO - Created Permission View: can create on DAG Run:example_branch_datetime_operator
[2025-01-09T02:17:37.289+0000] {logging_mixin.py:190} INFO - [2025-01-09T02:17:37.288+0000] {override.py:1911} INFO - Created Permission View: menu access on DAG Run:example_branch_datetime_operator
[2025-01-09T02:17:37.352+0000] {logging_mixin.py:190} INFO - [2025-01-09T02:17:37.352+0000] {override.py:1911} INFO - Created Permission View: can read on DAG Run:example_branch_datetime_operator
[2025-01-09T02:17:37.440+0000] {logging_mixin.py:190} INFO - [2025-01-09T02:17:37.436+0000] {override.py:1911} INFO - Created Permission View: can delete on DAG Run:example_branch_datetime_operator
[2025-01-09T02:17:37.572+0000] {logging_mixin.py:190} INFO - [2025-01-09T02:17:37.570+0000] {override.py:1911} INFO - Created Permission View: can edit on DAG:example_branch_datetime_operator_2
[2025-01-09T02:17:37.698+0000] {logging_mixin.py:190} INFO - [2025-01-09T02:17:37.697+0000] {override.py:1911} INFO - Created Permission View: can read on DAG:example_branch_datetime_operator_2
[2025-01-09T02:17:37.713+0000] {logging_mixin.py:190} INFO - [2025-01-09T02:17:37.706+0000] {override.py:1911} INFO - Created Permission View: can delete on DAG:example_branch_datetime_operator_2
[2025-01-09T02:17:37.846+0000] {logging_mixin.py:190} INFO - [2025-01-09T02:17:37.845+0000] {override.py:1911} INFO - Created Permission View: can create on DAG Run:example_branch_datetime_operator_2
[2025-01-09T02:17:37.885+0000] {logging_mixin.py:190} INFO - [2025-01-09T02:17:37.885+0000] {override.py:1911} INFO - Created Permission View: menu access on DAG Run:example_branch_datetime_operator_2
[2025-01-09T02:17:37.966+0000] {logging_mixin.py:190} INFO - [2025-01-09T02:17:37.965+0000] {override.py:1911} INFO - Created Permission View: can read on DAG Run:example_branch_datetime_operator_2
[2025-01-09T02:17:37.979+0000] {logging_mixin.py:190} INFO - [2025-01-09T02:17:37.979+0000] {override.py:1911} INFO - Created Permission View: can delete on DAG Run:example_branch_datetime_operator_2
[2025-01-09T02:17:37.980+0000] {logging_mixin.py:190} INFO - [2025-01-09T02:17:37.980+0000] {dag.py:3239} INFO - Sync 3 DAGs
[2025-01-09T02:17:38.049+0000] {logging_mixin.py:190} INFO - [2025-01-09T02:17:38.049+0000] {dag.py:3262} INFO - Creating ORM DAG for example_branch_datetime_operator_2
[2025-01-09T02:17:38.050+0000] {logging_mixin.py:190} INFO - [2025-01-09T02:17:38.050+0000] {dag.py:3262} INFO - Creating ORM DAG for example_branch_datetime_operator
[2025-01-09T02:17:38.051+0000] {logging_mixin.py:190} INFO - [2025-01-09T02:17:38.051+0000] {dag.py:3262} INFO - Creating ORM DAG for example_branch_datetime_operator_3
[2025-01-09T02:17:38.068+0000] {logging_mixin.py:190} INFO - [2025-01-09T02:17:38.068+0000] {dag.py:4180} INFO - Setting next_dagrun for example_branch_datetime_operator to 2025-01-08 00:00:00+00:00, run_after=2025-01-09 00:00:00+00:00
[2025-01-09T02:17:38.071+0000] {logging_mixin.py:190} INFO - [2025-01-09T02:17:38.071+0000] {dag.py:4180} INFO - Setting next_dagrun for example_branch_datetime_operator_2 to 2025-01-08 00:00:00+00:00, run_after=2025-01-09 00:00:00+00:00
[2025-01-09T02:17:38.083+0000] {logging_mixin.py:190} INFO - [2025-01-09T02:17:38.082+0000] {dag.py:4180} INFO - Setting next_dagrun for example_branch_datetime_operator_3 to 2025-01-08 00:00:00+00:00, run_after=2025-01-09 00:00:00+00:00
[2025-01-09T02:17:38.234+0000] {processor.py:208} INFO - Processing /home/airflow/.local/lib/python3.12/site-packages/airflow/example_dags/example_branch_datetime_operator.py took 2.434 seconds
[2025-01-09T02:18:19.995+0000] {processor.py:186} INFO - Started process (PID=167) to work on /home/airflow/.local/lib/python3.12/site-packages/airflow/example_dags/example_branch_datetime_operator.py
[2025-01-09T02:18:20.007+0000] {processor.py:914} INFO - Processing file /home/airflow/.local/lib/python3.12/site-packages/airflow/example_dags/example_branch_datetime_operator.py for tasks to queue
[2025-01-09T02:18:20.009+0000] {logging_mixin.py:190} INFO - [2025-01-09T02:18:20.009+0000] {dagbag.py:588} INFO - Filling up the DagBag from /home/airflow/.local/lib/python3.12/site-packages/airflow/example_dags/example_branch_datetime_operator.py
[2025-01-09T02:18:20.027+0000] {processor.py:925} INFO - DAG(s) 'example_branch_datetime_operator_2', 'example_branch_datetime_operator', 'example_branch_datetime_operator_3' retrieved from /home/airflow/.local/lib/python3.12/site-packages/airflow/example_dags/example_branch_datetime_operator.py
[2025-01-09T02:18:20.057+0000] {logging_mixin.py:190} INFO - [2025-01-09T02:18:20.056+0000] {dag.py:3239} INFO - Sync 3 DAGs
[2025-01-09T02:18:20.088+0000] {logging_mixin.py:190} INFO - [2025-01-09T02:18:20.088+0000] {dag.py:4180} INFO - Setting next_dagrun for example_branch_datetime_operator to 2025-01-08 00:00:00+00:00, run_after=2025-01-09 00:00:00+00:00
[2025-01-09T02:18:20.094+0000] {logging_mixin.py:190} INFO - [2025-01-09T02:18:20.094+0000] {dag.py:4180} INFO - Setting next_dagrun for example_branch_datetime_operator_2 to 2025-01-08 00:00:00+00:00, run_after=2025-01-09 00:00:00+00:00
[2025-01-09T02:18:20.097+0000] {logging_mixin.py:190} INFO - [2025-01-09T02:18:20.097+0000] {dag.py:4180} INFO - Setting next_dagrun for example_branch_datetime_operator_3 to 2025-01-08 00:00:00+00:00, run_after=2025-01-09 00:00:00+00:00
[2025-01-09T02:18:20.117+0000] {processor.py:208} INFO - Processing /home/airflow/.local/lib/python3.12/site-packages/airflow/example_dags/example_branch_datetime_operator.py took 0.127 seconds
[2025-01-09T02:19:02.020+0000] {processor.py:186} INFO - Started process (PID=235) to work on /home/airflow/.local/lib/python3.12/site-packages/airflow/example_dags/example_branch_datetime_operator.py
[2025-01-09T02:19:02.022+0000] {processor.py:914} INFO - Processing file /home/airflow/.local/lib/python3.12/site-packages/airflow/example_dags/example_branch_datetime_operator.py for tasks to queue
[2025-01-09T02:19:02.030+0000] {logging_mixin.py:190} INFO - [2025-01-09T02:19:02.025+0000] {dagbag.py:588} INFO - Filling up the DagBag from /home/airflow/.local/lib/python3.12/site-packages/airflow/example_dags/example_branch_datetime_operator.py
[2025-01-09T02:19:02.091+0000] {processor.py:925} INFO - DAG(s) 'example_branch_datetime_operator', 'example_branch_datetime_operator_2', 'example_branch_datetime_operator_3' retrieved from /home/airflow/.local/lib/python3.12/site-packages/airflow/example_dags/example_branch_datetime_operator.py
[2025-01-09T02:19:02.253+0000] {logging_mixin.py:190} INFO - [2025-01-09T02:19:02.253+0000] {dag.py:3239} INFO - Sync 3 DAGs
[2025-01-09T02:19:02.327+0000] {logging_mixin.py:190} INFO - [2025-01-09T02:19:02.327+0000] {dag.py:4180} INFO - Setting next_dagrun for example_branch_datetime_operator to 2025-01-08 00:00:00+00:00, run_after=2025-01-09 00:00:00+00:00
[2025-01-09T02:19:02.343+0000] {logging_mixin.py:190} INFO - [2025-01-09T02:19:02.342+0000] {dag.py:4180} INFO - Setting next_dagrun for example_branch_datetime_operator_2 to 2025-01-08 00:00:00+00:00, run_after=2025-01-09 00:00:00+00:00
[2025-01-09T02:19:02.354+0000] {logging_mixin.py:190} INFO - [2025-01-09T02:19:02.353+0000] {dag.py:4180} INFO - Setting next_dagrun for example_branch_datetime_operator_3 to 2025-01-08 00:00:00+00:00, run_after=2025-01-09 00:00:00+00:00
[2025-01-09T02:19:02.465+0000] {processor.py:208} INFO - Processing /home/airflow/.local/lib/python3.12/site-packages/airflow/example_dags/example_branch_datetime_operator.py took 0.493 seconds
[2025-01-09T02:20:18.254+0000] {processor.py:186} INFO - Started process (PID=303) to work on /home/airflow/.local/lib/python3.12/site-packages/airflow/example_dags/example_branch_datetime_operator.py
[2025-01-09T02:20:18.258+0000] {processor.py:914} INFO - Processing file /home/airflow/.local/lib/python3.12/site-packages/airflow/example_dags/example_branch_datetime_operator.py for tasks to queue
[2025-01-09T02:20:18.262+0000] {logging_mixin.py:190} INFO - [2025-01-09T02:20:18.261+0000] {dagbag.py:588} INFO - Filling up the DagBag from /home/airflow/.local/lib/python3.12/site-packages/airflow/example_dags/example_branch_datetime_operator.py
[2025-01-09T02:20:18.517+0000] {processor.py:925} INFO - DAG(s) 'example_branch_datetime_operator_3', 'example_branch_datetime_operator', 'example_branch_datetime_operator_2' retrieved from /home/airflow/.local/lib/python3.12/site-packages/airflow/example_dags/example_branch_datetime_operator.py
[2025-01-09T02:20:18.558+0000] {logging_mixin.py:190} INFO - [2025-01-09T02:20:18.557+0000] {dag.py:3239} INFO - Sync 3 DAGs
[2025-01-09T02:20:18.663+0000] {logging_mixin.py:190} INFO - [2025-01-09T02:20:18.663+0000] {dag.py:4180} INFO - Setting next_dagrun for example_branch_datetime_operator to 2025-01-08 00:00:00+00:00, run_after=2025-01-09 00:00:00+00:00
[2025-01-09T02:20:18.718+0000] {logging_mixin.py:190} INFO - [2025-01-09T02:20:18.718+0000] {dag.py:4180} INFO - Setting next_dagrun for example_branch_datetime_operator_2 to 2025-01-08 00:00:00+00:00, run_after=2025-01-09 00:00:00+00:00
[2025-01-09T02:20:18.801+0000] {logging_mixin.py:190} INFO - [2025-01-09T02:20:18.800+0000] {dag.py:4180} INFO - Setting next_dagrun for example_branch_datetime_operator_3 to 2025-01-08 00:00:00+00:00, run_after=2025-01-09 00:00:00+00:00
[2025-01-09T02:20:19.289+0000] {processor.py:208} INFO - Processing /home/airflow/.local/lib/python3.12/site-packages/airflow/example_dags/example_branch_datetime_operator.py took 1.064 seconds
