[2025-01-09T02:17:40.051+0000] {processor.py:186} INFO - Started process (PID=108) to work on /home/airflow/.local/lib/python3.12/site-packages/airflow/example_dags/example_bash_operator.py
[2025-01-09T02:17:40.052+0000] {processor.py:914} INFO - Processing file /home/airflow/.local/lib/python3.12/site-packages/airflow/example_dags/example_bash_operator.py for tasks to queue
[2025-01-09T02:17:40.064+0000] {logging_mixin.py:190} INFO - [2025-01-09T02:17:40.064+0000] {dagbag.py:588} INFO - Filling up the DagBag from /home/airflow/.local/lib/python3.12/site-packages/airflow/example_dags/example_bash_operator.py
[2025-01-09T02:17:40.121+0000] {processor.py:925} INFO - DAG(s) 'example_bash_operator' retrieved from /home/airflow/.local/lib/python3.12/site-packages/airflow/example_dags/example_bash_operator.py
[2025-01-09T02:17:40.513+0000] {logging_mixin.py:190} INFO - [2025-01-09T02:17:40.512+0000] {override.py:1911} INFO - Created Permission View: can edit on DAG:example_bash_operator
[2025-01-09T02:17:40.583+0000] {logging_mixin.py:190} INFO - [2025-01-09T02:17:40.583+0000] {override.py:1911} INFO - Created Permission View: can read on DAG:example_bash_operator
[2025-01-09T02:17:40.656+0000] {logging_mixin.py:190} INFO - [2025-01-09T02:17:40.656+0000] {override.py:1911} INFO - Created Permission View: can delete on DAG:example_bash_operator
[2025-01-09T02:17:40.740+0000] {logging_mixin.py:190} INFO - [2025-01-09T02:17:40.739+0000] {override.py:1911} INFO - Created Permission View: can create on DAG Run:example_bash_operator
[2025-01-09T02:17:40.818+0000] {logging_mixin.py:190} INFO - [2025-01-09T02:17:40.818+0000] {override.py:1911} INFO - Created Permission View: menu access on DAG Run:example_bash_operator
[2025-01-09T02:17:40.869+0000] {logging_mixin.py:190} INFO - [2025-01-09T02:17:40.868+0000] {override.py:1911} INFO - Created Permission View: can read on DAG Run:example_bash_operator
[2025-01-09T02:17:40.905+0000] {logging_mixin.py:190} INFO - [2025-01-09T02:17:40.904+0000] {override.py:1911} INFO - Created Permission View: can delete on DAG Run:example_bash_operator
[2025-01-09T02:17:40.906+0000] {logging_mixin.py:190} INFO - [2025-01-09T02:17:40.906+0000] {dag.py:3239} INFO - Sync 1 DAGs
[2025-01-09T02:17:40.985+0000] {logging_mixin.py:190} INFO - [2025-01-09T02:17:40.985+0000] {dag.py:3262} INFO - Creating ORM DAG for example_bash_operator
[2025-01-09T02:17:41.045+0000] {logging_mixin.py:190} INFO - [2025-01-09T02:17:41.045+0000] {dag.py:4180} INFO - Setting next_dagrun for example_bash_operator to 2025-01-08 00:00:00+00:00, run_after=2025-01-09 00:00:00+00:00
[2025-01-09T02:17:41.163+0000] {processor.py:208} INFO - Processing /home/airflow/.local/lib/python3.12/site-packages/airflow/example_dags/example_bash_operator.py took 1.139 seconds
[2025-01-09T02:18:21.195+0000] {processor.py:186} INFO - Started process (PID=177) to work on /home/airflow/.local/lib/python3.12/site-packages/airflow/example_dags/example_bash_operator.py
[2025-01-09T02:18:21.228+0000] {processor.py:914} INFO - Processing file /home/airflow/.local/lib/python3.12/site-packages/airflow/example_dags/example_bash_operator.py for tasks to queue
[2025-01-09T02:18:21.231+0000] {logging_mixin.py:190} INFO - [2025-01-09T02:18:21.230+0000] {dagbag.py:588} INFO - Filling up the DagBag from /home/airflow/.local/lib/python3.12/site-packages/airflow/example_dags/example_bash_operator.py
[2025-01-09T02:18:21.243+0000] {processor.py:925} INFO - DAG(s) 'example_bash_operator' retrieved from /home/airflow/.local/lib/python3.12/site-packages/airflow/example_dags/example_bash_operator.py
[2025-01-09T02:18:21.270+0000] {logging_mixin.py:190} INFO - [2025-01-09T02:18:21.269+0000] {dag.py:3239} INFO - Sync 1 DAGs
[2025-01-09T02:18:21.302+0000] {logging_mixin.py:190} INFO - [2025-01-09T02:18:21.301+0000] {dag.py:4180} INFO - Setting next_dagrun for example_bash_operator to 2025-01-08 00:00:00+00:00, run_after=2025-01-09 00:00:00+00:00
[2025-01-09T02:18:21.682+0000] {processor.py:208} INFO - Processing /home/airflow/.local/lib/python3.12/site-packages/airflow/example_dags/example_bash_operator.py took 0.492 seconds
[2025-01-09T02:19:04.134+0000] {processor.py:186} INFO - Started process (PID=240) to work on /home/airflow/.local/lib/python3.12/site-packages/airflow/example_dags/example_bash_operator.py
[2025-01-09T02:19:04.188+0000] {processor.py:914} INFO - Processing file /home/airflow/.local/lib/python3.12/site-packages/airflow/example_dags/example_bash_operator.py for tasks to queue
[2025-01-09T02:19:04.190+0000] {logging_mixin.py:190} INFO - [2025-01-09T02:19:04.190+0000] {dagbag.py:588} INFO - Filling up the DagBag from /home/airflow/.local/lib/python3.12/site-packages/airflow/example_dags/example_bash_operator.py
[2025-01-09T02:19:04.215+0000] {processor.py:925} INFO - DAG(s) 'example_bash_operator' retrieved from /home/airflow/.local/lib/python3.12/site-packages/airflow/example_dags/example_bash_operator.py
[2025-01-09T02:19:04.431+0000] {logging_mixin.py:190} INFO - [2025-01-09T02:19:04.431+0000] {dag.py:3239} INFO - Sync 1 DAGs
[2025-01-09T02:19:04.700+0000] {logging_mixin.py:190} INFO - [2025-01-09T02:19:04.700+0000] {dag.py:4180} INFO - Setting next_dagrun for example_bash_operator to 2025-01-08 00:00:00+00:00, run_after=2025-01-09 00:00:00+00:00
[2025-01-09T02:19:05.126+0000] {processor.py:208} INFO - Processing /home/airflow/.local/lib/python3.12/site-packages/airflow/example_dags/example_bash_operator.py took 0.998 seconds
[2025-01-09T02:20:20.494+0000] {processor.py:186} INFO - Started process (PID=308) to work on /home/airflow/.local/lib/python3.12/site-packages/airflow/example_dags/example_bash_operator.py
[2025-01-09T02:20:20.788+0000] {processor.py:914} INFO - Processing file /home/airflow/.local/lib/python3.12/site-packages/airflow/example_dags/example_bash_operator.py for tasks to queue
[2025-01-09T02:20:20.796+0000] {logging_mixin.py:190} INFO - [2025-01-09T02:20:20.796+0000] {dagbag.py:588} INFO - Filling up the DagBag from /home/airflow/.local/lib/python3.12/site-packages/airflow/example_dags/example_bash_operator.py
[2025-01-09T02:20:20.887+0000] {processor.py:925} INFO - DAG(s) 'example_bash_operator' retrieved from /home/airflow/.local/lib/python3.12/site-packages/airflow/example_dags/example_bash_operator.py
[2025-01-09T02:20:21.049+0000] {logging_mixin.py:190} INFO - [2025-01-09T02:20:21.049+0000] {dag.py:3239} INFO - Sync 1 DAGs
[2025-01-09T02:20:21.457+0000] {logging_mixin.py:190} INFO - [2025-01-09T02:20:21.457+0000] {dag.py:4180} INFO - Setting next_dagrun for example_bash_operator to 2025-01-08 00:00:00+00:00, run_after=2025-01-09 00:00:00+00:00
[2025-01-09T02:20:22.175+0000] {processor.py:208} INFO - Processing /home/airflow/.local/lib/python3.12/site-packages/airflow/example_dags/example_bash_operator.py took 1.687 seconds
