[2025-01-09T02:17:52.279+0000] {processor.py:186} INFO - Started process (PID=126) to work on /home/airflow/.local/lib/python3.12/site-packages/airflow/example_dags/example_time_delta_sensor_async.py
[2025-01-09T02:17:52.282+0000] {processor.py:914} INFO - Processing file /home/airflow/.local/lib/python3.12/site-packages/airflow/example_dags/example_time_delta_sensor_async.py for tasks to queue
[2025-01-09T02:17:52.321+0000] {logging_mixin.py:190} INFO - [2025-01-09T02:17:52.321+0000] {dagbag.py:588} INFO - Filling up the DagBag from /home/airflow/.local/lib/python3.12/site-packages/airflow/example_dags/example_time_delta_sensor_async.py
[2025-01-09T02:17:52.441+0000] {processor.py:925} INFO - DAG(s) 'example_time_delta_sensor_async' retrieved from /home/airflow/.local/lib/python3.12/site-packages/airflow/example_dags/example_time_delta_sensor_async.py
[2025-01-09T02:17:53.365+0000] {logging_mixin.py:190} INFO - [2025-01-09T02:17:53.365+0000] {override.py:1911} INFO - Created Permission View: can edit on DAG:example_time_delta_sensor_async
[2025-01-09T02:17:53.568+0000] {logging_mixin.py:190} INFO - [2025-01-09T02:17:53.568+0000] {override.py:1911} INFO - Created Permission View: can read on DAG:example_time_delta_sensor_async
[2025-01-09T02:17:53.728+0000] {logging_mixin.py:190} INFO - [2025-01-09T02:17:53.728+0000] {override.py:1911} INFO - Created Permission View: can delete on DAG:example_time_delta_sensor_async
[2025-01-09T02:17:53.868+0000] {logging_mixin.py:190} INFO - [2025-01-09T02:17:53.868+0000] {override.py:1911} INFO - Created Permission View: can create on DAG Run:example_time_delta_sensor_async
[2025-01-09T02:17:53.919+0000] {logging_mixin.py:190} INFO - [2025-01-09T02:17:53.918+0000] {override.py:1911} INFO - Created Permission View: menu access on DAG Run:example_time_delta_sensor_async
[2025-01-09T02:17:53.968+0000] {logging_mixin.py:190} INFO - [2025-01-09T02:17:53.968+0000] {override.py:1911} INFO - Created Permission View: can read on DAG Run:example_time_delta_sensor_async
[2025-01-09T02:17:54.007+0000] {logging_mixin.py:190} INFO - [2025-01-09T02:17:54.007+0000] {override.py:1911} INFO - Created Permission View: can delete on DAG Run:example_time_delta_sensor_async
[2025-01-09T02:17:54.008+0000] {logging_mixin.py:190} INFO - [2025-01-09T02:17:54.007+0000] {dag.py:3239} INFO - Sync 1 DAGs
[2025-01-09T02:17:54.099+0000] {logging_mixin.py:190} INFO - [2025-01-09T02:17:54.098+0000] {dag.py:3262} INFO - Creating ORM DAG for example_time_delta_sensor_async
[2025-01-09T02:17:54.100+0000] {logging_mixin.py:190} INFO - [2025-01-09T02:17:54.099+0000] {dag.py:4180} INFO - Setting next_dagrun for example_time_delta_sensor_async to None, run_after=None
[2025-01-09T02:17:54.251+0000] {processor.py:208} INFO - Processing /home/airflow/.local/lib/python3.12/site-packages/airflow/example_dags/example_time_delta_sensor_async.py took 1.978 seconds
[2025-01-09T02:18:24.380+0000] {processor.py:186} INFO - Started process (PID=189) to work on /home/airflow/.local/lib/python3.12/site-packages/airflow/example_dags/example_time_delta_sensor_async.py
[2025-01-09T02:18:24.409+0000] {processor.py:914} INFO - Processing file /home/airflow/.local/lib/python3.12/site-packages/airflow/example_dags/example_time_delta_sensor_async.py for tasks to queue
[2025-01-09T02:18:24.412+0000] {logging_mixin.py:190} INFO - [2025-01-09T02:18:24.412+0000] {dagbag.py:588} INFO - Filling up the DagBag from /home/airflow/.local/lib/python3.12/site-packages/airflow/example_dags/example_time_delta_sensor_async.py
[2025-01-09T02:18:24.423+0000] {processor.py:925} INFO - DAG(s) 'example_time_delta_sensor_async' retrieved from /home/airflow/.local/lib/python3.12/site-packages/airflow/example_dags/example_time_delta_sensor_async.py
[2025-01-09T02:18:24.443+0000] {logging_mixin.py:190} INFO - [2025-01-09T02:18:24.443+0000] {dag.py:3239} INFO - Sync 1 DAGs
[2025-01-09T02:18:24.463+0000] {logging_mixin.py:190} INFO - [2025-01-09T02:18:24.463+0000] {dag.py:4180} INFO - Setting next_dagrun for example_time_delta_sensor_async to None, run_after=None
[2025-01-09T02:18:24.567+0000] {processor.py:208} INFO - Processing /home/airflow/.local/lib/python3.12/site-packages/airflow/example_dags/example_time_delta_sensor_async.py took 0.195 seconds
[2025-01-09T02:19:13.757+0000] {processor.py:186} INFO - Started process (PID=252) to work on /home/airflow/.local/lib/python3.12/site-packages/airflow/example_dags/example_time_delta_sensor_async.py
[2025-01-09T02:19:13.765+0000] {processor.py:914} INFO - Processing file /home/airflow/.local/lib/python3.12/site-packages/airflow/example_dags/example_time_delta_sensor_async.py for tasks to queue
[2025-01-09T02:19:13.815+0000] {logging_mixin.py:190} INFO - [2025-01-09T02:19:13.814+0000] {dagbag.py:588} INFO - Filling up the DagBag from /home/airflow/.local/lib/python3.12/site-packages/airflow/example_dags/example_time_delta_sensor_async.py
[2025-01-09T02:19:14.038+0000] {processor.py:925} INFO - DAG(s) 'example_time_delta_sensor_async' retrieved from /home/airflow/.local/lib/python3.12/site-packages/airflow/example_dags/example_time_delta_sensor_async.py
[2025-01-09T02:19:15.011+0000] {logging_mixin.py:190} INFO - [2025-01-09T02:19:15.011+0000] {dag.py:3239} INFO - Sync 1 DAGs
[2025-01-09T02:19:15.453+0000] {logging_mixin.py:190} INFO - [2025-01-09T02:19:15.453+0000] {dag.py:4180} INFO - Setting next_dagrun for example_time_delta_sensor_async to None, run_after=None
[2025-01-09T02:19:15.691+0000] {processor.py:208} INFO - Processing /home/airflow/.local/lib/python3.12/site-packages/airflow/example_dags/example_time_delta_sensor_async.py took 1.998 seconds
