[2025-01-09T02:17:12.339+0000] {processor.py:186} INFO - Started process (PID=92) to work on /home/airflow/.local/lib/python3.12/site-packages/airflow/example_dags/example_datasets.py
[2025-01-09T02:17:12.352+0000] {processor.py:914} INFO - Processing file /home/airflow/.local/lib/python3.12/site-packages/airflow/example_dags/example_datasets.py for tasks to queue
[2025-01-09T02:17:12.471+0000] {logging_mixin.py:190} INFO - [2025-01-09T02:17:12.471+0000] {dagbag.py:588} INFO - Filling up the DagBag from /home/airflow/.local/lib/python3.12/site-packages/airflow/example_dags/example_datasets.py
[2025-01-09T02:17:25.075+0000] {processor.py:925} INFO - DAG(s) 'conditional_dataset_and_time_based_timetable', 'dataset_consumes_1', 'consume_1_or_both_2_and_3_with_dataset_expressions', 'dataset_consumes_unknown_never_scheduled', 'consume_1_and_2_with_dataset_expressions', 'dataset_produces_2', 'dataset_consumes_1_and_2', 'consume_1_or_2_with_dataset_expressions', 'dataset_produces_1', 'dataset_consumes_1_never_scheduled' retrieved from /home/airflow/.local/lib/python3.12/site-packages/airflow/example_dags/example_datasets.py
[2025-01-09T02:17:25.526+0000] {logging_mixin.py:190} INFO - [2025-01-09T02:17:25.525+0000] {override.py:1911} INFO - Created Permission View: can edit on DAG:conditional_dataset_and_time_based_timetable
[2025-01-09T02:17:25.594+0000] {logging_mixin.py:190} INFO - [2025-01-09T02:17:25.593+0000] {override.py:1911} INFO - Created Permission View: can read on DAG:conditional_dataset_and_time_based_timetable
[2025-01-09T02:17:25.673+0000] {logging_mixin.py:190} INFO - [2025-01-09T02:17:25.672+0000] {override.py:1911} INFO - Created Permission View: can delete on DAG:conditional_dataset_and_time_based_timetable
[2025-01-09T02:17:25.682+0000] {logging_mixin.py:190} INFO - [2025-01-09T02:17:25.682+0000] {override.py:1911} INFO - Created Permission View: can create on DAG Run:conditional_dataset_and_time_based_timetable
[2025-01-09T02:17:25.699+0000] {logging_mixin.py:190} INFO - [2025-01-09T02:17:25.698+0000] {override.py:1911} INFO - Created Permission View: menu access on DAG Run:conditional_dataset_and_time_based_timetable
[2025-01-09T02:17:25.772+0000] {logging_mixin.py:190} INFO - [2025-01-09T02:17:25.772+0000] {override.py:1911} INFO - Created Permission View: can read on DAG Run:conditional_dataset_and_time_based_timetable
[2025-01-09T02:17:25.809+0000] {logging_mixin.py:190} INFO - [2025-01-09T02:17:25.808+0000] {override.py:1911} INFO - Created Permission View: can delete on DAG Run:conditional_dataset_and_time_based_timetable
[2025-01-09T02:17:25.892+0000] {logging_mixin.py:190} INFO - [2025-01-09T02:17:25.891+0000] {override.py:1911} INFO - Created Permission View: can edit on DAG:dataset_consumes_1
[2025-01-09T02:17:25.933+0000] {logging_mixin.py:190} INFO - [2025-01-09T02:17:25.932+0000] {override.py:1911} INFO - Created Permission View: can read on DAG:dataset_consumes_1
[2025-01-09T02:17:26.002+0000] {logging_mixin.py:190} INFO - [2025-01-09T02:17:26.002+0000] {override.py:1911} INFO - Created Permission View: can delete on DAG:dataset_consumes_1
[2025-01-09T02:17:26.046+0000] {logging_mixin.py:190} INFO - [2025-01-09T02:17:26.045+0000] {override.py:1911} INFO - Created Permission View: can create on DAG Run:dataset_consumes_1
[2025-01-09T02:17:26.062+0000] {logging_mixin.py:190} INFO - [2025-01-09T02:17:26.061+0000] {override.py:1911} INFO - Created Permission View: menu access on DAG Run:dataset_consumes_1
[2025-01-09T02:17:26.103+0000] {logging_mixin.py:190} INFO - [2025-01-09T02:17:26.102+0000] {override.py:1911} INFO - Created Permission View: can read on DAG Run:dataset_consumes_1
[2025-01-09T02:17:26.129+0000] {logging_mixin.py:190} INFO - [2025-01-09T02:17:26.124+0000] {override.py:1911} INFO - Created Permission View: can delete on DAG Run:dataset_consumes_1
[2025-01-09T02:17:26.248+0000] {logging_mixin.py:190} INFO - [2025-01-09T02:17:26.247+0000] {override.py:1911} INFO - Created Permission View: can edit on DAG:consume_1_or_both_2_and_3_with_dataset_expressions
[2025-01-09T02:17:26.261+0000] {logging_mixin.py:190} INFO - [2025-01-09T02:17:26.260+0000] {override.py:1911} INFO - Created Permission View: can read on DAG:consume_1_or_both_2_and_3_with_dataset_expressions
[2025-01-09T02:17:26.333+0000] {logging_mixin.py:190} INFO - [2025-01-09T02:17:26.333+0000] {override.py:1911} INFO - Created Permission View: can delete on DAG:consume_1_or_both_2_and_3_with_dataset_expressions
[2025-01-09T02:17:26.373+0000] {logging_mixin.py:190} INFO - [2025-01-09T02:17:26.373+0000] {override.py:1911} INFO - Created Permission View: can create on DAG Run:consume_1_or_both_2_and_3_with_dataset_expressions
[2025-01-09T02:17:26.419+0000] {logging_mixin.py:190} INFO - [2025-01-09T02:17:26.418+0000] {override.py:1911} INFO - Created Permission View: menu access on DAG Run:consume_1_or_both_2_and_3_with_dataset_expressions
[2025-01-09T02:17:26.485+0000] {logging_mixin.py:190} INFO - [2025-01-09T02:17:26.484+0000] {override.py:1911} INFO - Created Permission View: can read on DAG Run:consume_1_or_both_2_and_3_with_dataset_expressions
[2025-01-09T02:17:26.679+0000] {logging_mixin.py:190} INFO - [2025-01-09T02:17:26.679+0000] {override.py:1911} INFO - Created Permission View: can delete on DAG Run:consume_1_or_both_2_and_3_with_dataset_expressions
[2025-01-09T02:17:26.786+0000] {logging_mixin.py:190} INFO - [2025-01-09T02:17:26.782+0000] {override.py:1911} INFO - Created Permission View: can edit on DAG:dataset_consumes_unknown_never_scheduled
[2025-01-09T02:17:26.835+0000] {logging_mixin.py:190} INFO - [2025-01-09T02:17:26.835+0000] {override.py:1911} INFO - Created Permission View: can read on DAG:dataset_consumes_unknown_never_scheduled
[2025-01-09T02:17:26.954+0000] {logging_mixin.py:190} INFO - [2025-01-09T02:17:26.954+0000] {override.py:1911} INFO - Created Permission View: can delete on DAG:dataset_consumes_unknown_never_scheduled
[2025-01-09T02:17:27.119+0000] {logging_mixin.py:190} INFO - [2025-01-09T02:17:27.118+0000] {override.py:1911} INFO - Created Permission View: can create on DAG Run:dataset_consumes_unknown_never_scheduled
[2025-01-09T02:17:27.203+0000] {logging_mixin.py:190} INFO - [2025-01-09T02:17:27.202+0000] {override.py:1911} INFO - Created Permission View: menu access on DAG Run:dataset_consumes_unknown_never_scheduled
[2025-01-09T02:17:27.296+0000] {logging_mixin.py:190} INFO - [2025-01-09T02:17:27.296+0000] {override.py:1911} INFO - Created Permission View: can read on DAG Run:dataset_consumes_unknown_never_scheduled
[2025-01-09T02:17:27.314+0000] {logging_mixin.py:190} INFO - [2025-01-09T02:17:27.314+0000] {override.py:1911} INFO - Created Permission View: can delete on DAG Run:dataset_consumes_unknown_never_scheduled
[2025-01-09T02:17:27.526+0000] {logging_mixin.py:190} INFO - [2025-01-09T02:17:27.525+0000] {override.py:1911} INFO - Created Permission View: can edit on DAG:consume_1_and_2_with_dataset_expressions
[2025-01-09T02:17:27.663+0000] {logging_mixin.py:190} INFO - [2025-01-09T02:17:27.662+0000] {override.py:1911} INFO - Created Permission View: can read on DAG:consume_1_and_2_with_dataset_expressions
[2025-01-09T02:17:27.771+0000] {logging_mixin.py:190} INFO - [2025-01-09T02:17:27.770+0000] {override.py:1911} INFO - Created Permission View: can delete on DAG:consume_1_and_2_with_dataset_expressions
[2025-01-09T02:17:28.138+0000] {logging_mixin.py:190} INFO - [2025-01-09T02:17:28.137+0000] {override.py:1911} INFO - Created Permission View: can create on DAG Run:consume_1_and_2_with_dataset_expressions
[2025-01-09T02:17:28.359+0000] {logging_mixin.py:190} INFO - [2025-01-09T02:17:28.358+0000] {override.py:1911} INFO - Created Permission View: menu access on DAG Run:consume_1_and_2_with_dataset_expressions
[2025-01-09T02:17:28.525+0000] {logging_mixin.py:190} INFO - [2025-01-09T02:17:28.525+0000] {override.py:1911} INFO - Created Permission View: can read on DAG Run:consume_1_and_2_with_dataset_expressions
[2025-01-09T02:17:28.619+0000] {logging_mixin.py:190} INFO - [2025-01-09T02:17:28.619+0000] {override.py:1911} INFO - Created Permission View: can delete on DAG Run:consume_1_and_2_with_dataset_expressions
[2025-01-09T02:17:29.071+0000] {logging_mixin.py:190} INFO - [2025-01-09T02:17:29.071+0000] {override.py:1911} INFO - Created Permission View: can edit on DAG:dataset_produces_2
[2025-01-09T02:17:29.201+0000] {logging_mixin.py:190} INFO - [2025-01-09T02:17:29.200+0000] {override.py:1911} INFO - Created Permission View: can read on DAG:dataset_produces_2
[2025-01-09T02:17:29.396+0000] {logging_mixin.py:190} INFO - [2025-01-09T02:17:29.395+0000] {override.py:1911} INFO - Created Permission View: can delete on DAG:dataset_produces_2
[2025-01-09T02:17:29.688+0000] {logging_mixin.py:190} INFO - [2025-01-09T02:17:29.687+0000] {override.py:1911} INFO - Created Permission View: can create on DAG Run:dataset_produces_2
[2025-01-09T02:17:29.818+0000] {logging_mixin.py:190} INFO - [2025-01-09T02:17:29.817+0000] {override.py:1911} INFO - Created Permission View: menu access on DAG Run:dataset_produces_2
[2025-01-09T02:17:29.948+0000] {logging_mixin.py:190} INFO - [2025-01-09T02:17:29.948+0000] {override.py:1911} INFO - Created Permission View: can read on DAG Run:dataset_produces_2
[2025-01-09T02:17:30.107+0000] {logging_mixin.py:190} INFO - [2025-01-09T02:17:30.107+0000] {override.py:1911} INFO - Created Permission View: can delete on DAG Run:dataset_produces_2
[2025-01-09T02:17:30.488+0000] {logging_mixin.py:190} INFO - [2025-01-09T02:17:30.488+0000] {override.py:1911} INFO - Created Permission View: can edit on DAG:dataset_consumes_1_and_2
[2025-01-09T02:17:30.687+0000] {logging_mixin.py:190} INFO - [2025-01-09T02:17:30.686+0000] {override.py:1911} INFO - Created Permission View: can read on DAG:dataset_consumes_1_and_2
[2025-01-09T02:17:30.929+0000] {logging_mixin.py:190} INFO - [2025-01-09T02:17:30.929+0000] {override.py:1911} INFO - Created Permission View: can delete on DAG:dataset_consumes_1_and_2
[2025-01-09T02:17:31.378+0000] {logging_mixin.py:190} INFO - [2025-01-09T02:17:31.378+0000] {override.py:1911} INFO - Created Permission View: can create on DAG Run:dataset_consumes_1_and_2
[2025-01-09T02:17:31.572+0000] {logging_mixin.py:190} INFO - [2025-01-09T02:17:31.571+0000] {override.py:1911} INFO - Created Permission View: menu access on DAG Run:dataset_consumes_1_and_2
[2025-01-09T02:17:31.894+0000] {logging_mixin.py:190} INFO - [2025-01-09T02:17:31.893+0000] {override.py:1911} INFO - Created Permission View: can read on DAG Run:dataset_consumes_1_and_2
[2025-01-09T02:17:32.082+0000] {logging_mixin.py:190} INFO - [2025-01-09T02:17:32.082+0000] {override.py:1911} INFO - Created Permission View: can delete on DAG Run:dataset_consumes_1_and_2
[2025-01-09T02:17:32.500+0000] {logging_mixin.py:190} INFO - [2025-01-09T02:17:32.499+0000] {override.py:1911} INFO - Created Permission View: can edit on DAG:consume_1_or_2_with_dataset_expressions
[2025-01-09T02:17:32.667+0000] {logging_mixin.py:190} INFO - [2025-01-09T02:17:32.667+0000] {override.py:1911} INFO - Created Permission View: can read on DAG:consume_1_or_2_with_dataset_expressions
[2025-01-09T02:17:32.989+0000] {logging_mixin.py:190} INFO - [2025-01-09T02:17:32.984+0000] {override.py:1911} INFO - Created Permission View: can delete on DAG:consume_1_or_2_with_dataset_expressions
[2025-01-09T02:17:33.487+0000] {logging_mixin.py:190} INFO - [2025-01-09T02:17:33.487+0000] {override.py:1911} INFO - Created Permission View: can create on DAG Run:consume_1_or_2_with_dataset_expressions
[2025-01-09T02:17:33.643+0000] {logging_mixin.py:190} INFO - [2025-01-09T02:17:33.642+0000] {override.py:1911} INFO - Created Permission View: menu access on DAG Run:consume_1_or_2_with_dataset_expressions
[2025-01-09T02:17:33.805+0000] {logging_mixin.py:190} INFO - [2025-01-09T02:17:33.804+0000] {override.py:1911} INFO - Created Permission View: can read on DAG Run:consume_1_or_2_with_dataset_expressions
[2025-01-09T02:17:33.933+0000] {logging_mixin.py:190} INFO - [2025-01-09T02:17:33.933+0000] {override.py:1911} INFO - Created Permission View: can delete on DAG Run:consume_1_or_2_with_dataset_expressions
[2025-01-09T02:17:34.260+0000] {logging_mixin.py:190} INFO - [2025-01-09T02:17:34.259+0000] {override.py:1911} INFO - Created Permission View: can edit on DAG:dataset_produces_1
[2025-01-09T02:17:34.361+0000] {logging_mixin.py:190} INFO - [2025-01-09T02:17:34.361+0000] {override.py:1911} INFO - Created Permission View: can read on DAG:dataset_produces_1
[2025-01-09T02:17:34.495+0000] {logging_mixin.py:190} INFO - [2025-01-09T02:17:34.493+0000] {override.py:1911} INFO - Created Permission View: can delete on DAG:dataset_produces_1
[2025-01-09T02:17:34.833+0000] {logging_mixin.py:190} INFO - [2025-01-09T02:17:34.832+0000] {override.py:1911} INFO - Created Permission View: can create on DAG Run:dataset_produces_1
[2025-01-09T02:17:35.233+0000] {logging_mixin.py:190} INFO - [2025-01-09T02:17:35.232+0000] {override.py:1911} INFO - Created Permission View: menu access on DAG Run:dataset_produces_1
[2025-01-09T02:17:35.418+0000] {logging_mixin.py:190} INFO - [2025-01-09T02:17:35.418+0000] {override.py:1911} INFO - Created Permission View: can read on DAG Run:dataset_produces_1
[2025-01-09T02:17:35.472+0000] {logging_mixin.py:190} INFO - [2025-01-09T02:17:35.468+0000] {override.py:1911} INFO - Created Permission View: can delete on DAG Run:dataset_produces_1
[2025-01-09T02:17:35.627+0000] {logging_mixin.py:190} INFO - [2025-01-09T02:17:35.626+0000] {override.py:1911} INFO - Created Permission View: can edit on DAG:dataset_consumes_1_never_scheduled
[2025-01-09T02:17:35.675+0000] {logging_mixin.py:190} INFO - [2025-01-09T02:17:35.674+0000] {override.py:1911} INFO - Created Permission View: can read on DAG:dataset_consumes_1_never_scheduled
[2025-01-09T02:17:35.714+0000] {logging_mixin.py:190} INFO - [2025-01-09T02:17:35.713+0000] {override.py:1911} INFO - Created Permission View: can delete on DAG:dataset_consumes_1_never_scheduled
[2025-01-09T02:17:35.757+0000] {logging_mixin.py:190} INFO - [2025-01-09T02:17:35.756+0000] {override.py:1911} INFO - Created Permission View: can create on DAG Run:dataset_consumes_1_never_scheduled
[2025-01-09T02:17:35.791+0000] {logging_mixin.py:190} INFO - [2025-01-09T02:17:35.790+0000] {override.py:1911} INFO - Created Permission View: menu access on DAG Run:dataset_consumes_1_never_scheduled
[2025-01-09T02:17:35.857+0000] {logging_mixin.py:190} INFO - [2025-01-09T02:17:35.848+0000] {override.py:1911} INFO - Created Permission View: can read on DAG Run:dataset_consumes_1_never_scheduled
[2025-01-09T02:17:35.907+0000] {logging_mixin.py:190} INFO - [2025-01-09T02:17:35.907+0000] {override.py:1911} INFO - Created Permission View: can delete on DAG Run:dataset_consumes_1_never_scheduled
[2025-01-09T02:17:35.915+0000] {logging_mixin.py:190} INFO - [2025-01-09T02:17:35.915+0000] {dag.py:3239} INFO - Sync 10 DAGs
[2025-01-09T02:17:35.958+0000] {logging_mixin.py:190} INFO - [2025-01-09T02:17:35.957+0000] {dag.py:3262} INFO - Creating ORM DAG for dataset_produces_2
[2025-01-09T02:17:35.959+0000] {logging_mixin.py:190} INFO - [2025-01-09T02:17:35.959+0000] {dag.py:3262} INFO - Creating ORM DAG for dataset_consumes_1
[2025-01-09T02:17:35.960+0000] {logging_mixin.py:190} INFO - [2025-01-09T02:17:35.959+0000] {dag.py:3262} INFO - Creating ORM DAG for dataset_consumes_unknown_never_scheduled
[2025-01-09T02:17:35.976+0000] {logging_mixin.py:190} INFO - [2025-01-09T02:17:35.976+0000] {dag.py:3262} INFO - Creating ORM DAG for conditional_dataset_and_time_based_timetable
[2025-01-09T02:17:35.978+0000] {logging_mixin.py:190} INFO - [2025-01-09T02:17:35.978+0000] {dag.py:3262} INFO - Creating ORM DAG for dataset_consumes_1_never_scheduled
[2025-01-09T02:17:35.979+0000] {logging_mixin.py:190} INFO - [2025-01-09T02:17:35.979+0000] {dag.py:3262} INFO - Creating ORM DAG for consume_1_or_both_2_and_3_with_dataset_expressions
[2025-01-09T02:17:35.979+0000] {logging_mixin.py:190} INFO - [2025-01-09T02:17:35.979+0000] {dag.py:3262} INFO - Creating ORM DAG for dataset_consumes_1_and_2
[2025-01-09T02:17:35.980+0000] {logging_mixin.py:190} INFO - [2025-01-09T02:17:35.980+0000] {dag.py:3262} INFO - Creating ORM DAG for consume_1_or_2_with_dataset_expressions
[2025-01-09T02:17:35.981+0000] {logging_mixin.py:190} INFO - [2025-01-09T02:17:35.981+0000] {dag.py:3262} INFO - Creating ORM DAG for dataset_produces_1
[2025-01-09T02:17:35.982+0000] {logging_mixin.py:190} INFO - [2025-01-09T02:17:35.982+0000] {dag.py:3262} INFO - Creating ORM DAG for consume_1_and_2_with_dataset_expressions
[2025-01-09T02:17:36.007+0000] {logging_mixin.py:190} INFO - [2025-01-09T02:17:36.006+0000] {dag.py:4180} INFO - Setting next_dagrun for conditional_dataset_and_time_based_timetable to 2025-01-08 01:00:00+00:00, run_after=2025-01-08 01:00:00+00:00
[2025-01-09T02:17:36.011+0000] {logging_mixin.py:190} INFO - [2025-01-09T02:17:36.008+0000] {dag.py:4180} INFO - Setting next_dagrun for consume_1_and_2_with_dataset_expressions to None, run_after=None
[2025-01-09T02:17:36.014+0000] {logging_mixin.py:190} INFO - [2025-01-09T02:17:36.013+0000] {dag.py:4180} INFO - Setting next_dagrun for consume_1_or_2_with_dataset_expressions to None, run_after=None
[2025-01-09T02:17:36.014+0000] {logging_mixin.py:190} INFO - [2025-01-09T02:17:36.014+0000] {dag.py:4180} INFO - Setting next_dagrun for consume_1_or_both_2_and_3_with_dataset_expressions to None, run_after=None
[2025-01-09T02:17:36.016+0000] {logging_mixin.py:190} INFO - [2025-01-09T02:17:36.016+0000] {dag.py:4180} INFO - Setting next_dagrun for dataset_consumes_1 to None, run_after=None
[2025-01-09T02:17:36.035+0000] {logging_mixin.py:190} INFO - [2025-01-09T02:17:36.028+0000] {dag.py:4180} INFO - Setting next_dagrun for dataset_consumes_1_and_2 to None, run_after=None
[2025-01-09T02:17:36.038+0000] {logging_mixin.py:190} INFO - [2025-01-09T02:17:36.037+0000] {dag.py:4180} INFO - Setting next_dagrun for dataset_consumes_1_never_scheduled to None, run_after=None
[2025-01-09T02:17:36.044+0000] {logging_mixin.py:190} INFO - [2025-01-09T02:17:36.043+0000] {dag.py:4180} INFO - Setting next_dagrun for dataset_consumes_unknown_never_scheduled to None, run_after=None
[2025-01-09T02:17:36.046+0000] {logging_mixin.py:190} INFO - [2025-01-09T02:17:36.046+0000] {dag.py:4180} INFO - Setting next_dagrun for dataset_produces_1 to 2025-01-08 00:00:00+00:00, run_after=2025-01-09 00:00:00+00:00
[2025-01-09T02:17:36.054+0000] {logging_mixin.py:190} INFO - [2025-01-09T02:17:36.054+0000] {dag.py:4180} INFO - Setting next_dagrun for dataset_produces_2 to None, run_after=None
[2025-01-09T02:17:36.255+0000] {processor.py:208} INFO - Processing /home/airflow/.local/lib/python3.12/site-packages/airflow/example_dags/example_datasets.py took 24.093 seconds
[2025-01-09T02:18:17.593+0000] {processor.py:186} INFO - Started process (PID=162) to work on /home/airflow/.local/lib/python3.12/site-packages/airflow/example_dags/example_datasets.py
[2025-01-09T02:18:17.934+0000] {processor.py:914} INFO - Processing file /home/airflow/.local/lib/python3.12/site-packages/airflow/example_dags/example_datasets.py for tasks to queue
[2025-01-09T02:18:17.939+0000] {logging_mixin.py:190} INFO - [2025-01-09T02:18:17.938+0000] {dagbag.py:588} INFO - Filling up the DagBag from /home/airflow/.local/lib/python3.12/site-packages/airflow/example_dags/example_datasets.py
[2025-01-09T02:18:19.463+0000] {processor.py:925} INFO - DAG(s) 'dataset_consumes_1_and_2', 'consume_1_or_2_with_dataset_expressions', 'consume_1_or_both_2_and_3_with_dataset_expressions', 'dataset_produces_2', 'dataset_consumes_unknown_never_scheduled', 'dataset_consumes_1_never_scheduled', 'dataset_produces_1', 'consume_1_and_2_with_dataset_expressions', 'dataset_consumes_1', 'conditional_dataset_and_time_based_timetable' retrieved from /home/airflow/.local/lib/python3.12/site-packages/airflow/example_dags/example_datasets.py
[2025-01-09T02:18:19.510+0000] {logging_mixin.py:190} INFO - [2025-01-09T02:18:19.510+0000] {dag.py:3239} INFO - Sync 10 DAGs
[2025-01-09T02:18:19.574+0000] {logging_mixin.py:190} INFO - [2025-01-09T02:18:19.573+0000] {dag.py:4180} INFO - Setting next_dagrun for conditional_dataset_and_time_based_timetable to 2025-01-08 01:00:00+00:00, run_after=2025-01-08 01:00:00+00:00
[2025-01-09T02:18:19.579+0000] {logging_mixin.py:190} INFO - [2025-01-09T02:18:19.579+0000] {dag.py:4180} INFO - Setting next_dagrun for consume_1_and_2_with_dataset_expressions to None, run_after=None
[2025-01-09T02:18:19.589+0000] {logging_mixin.py:190} INFO - [2025-01-09T02:18:19.589+0000] {dag.py:4180} INFO - Setting next_dagrun for consume_1_or_2_with_dataset_expressions to None, run_after=None
[2025-01-09T02:18:19.590+0000] {logging_mixin.py:190} INFO - [2025-01-09T02:18:19.590+0000] {dag.py:4180} INFO - Setting next_dagrun for consume_1_or_both_2_and_3_with_dataset_expressions to None, run_after=None
[2025-01-09T02:18:19.592+0000] {logging_mixin.py:190} INFO - [2025-01-09T02:18:19.591+0000] {dag.py:4180} INFO - Setting next_dagrun for dataset_consumes_1 to None, run_after=None
[2025-01-09T02:18:19.593+0000] {logging_mixin.py:190} INFO - [2025-01-09T02:18:19.592+0000] {dag.py:4180} INFO - Setting next_dagrun for dataset_consumes_1_and_2 to None, run_after=None
[2025-01-09T02:18:19.594+0000] {logging_mixin.py:190} INFO - [2025-01-09T02:18:19.594+0000] {dag.py:4180} INFO - Setting next_dagrun for dataset_consumes_1_never_scheduled to None, run_after=None
[2025-01-09T02:18:19.599+0000] {logging_mixin.py:190} INFO - [2025-01-09T02:18:19.599+0000] {dag.py:4180} INFO - Setting next_dagrun for dataset_consumes_unknown_never_scheduled to None, run_after=None
[2025-01-09T02:18:19.616+0000] {logging_mixin.py:190} INFO - [2025-01-09T02:18:19.616+0000] {dag.py:4180} INFO - Setting next_dagrun for dataset_produces_1 to 2025-01-08 00:00:00+00:00, run_after=2025-01-09 00:00:00+00:00
[2025-01-09T02:18:19.652+0000] {logging_mixin.py:190} INFO - [2025-01-09T02:18:19.652+0000] {dag.py:4180} INFO - Setting next_dagrun for dataset_produces_2 to None, run_after=None
[2025-01-09T02:18:19.747+0000] {processor.py:208} INFO - Processing /home/airflow/.local/lib/python3.12/site-packages/airflow/example_dags/example_datasets.py took 2.185 seconds
[2025-01-09T02:18:57.937+0000] {processor.py:186} INFO - Started process (PID=230) to work on /home/airflow/.local/lib/python3.12/site-packages/airflow/example_dags/example_datasets.py
[2025-01-09T02:18:57.982+0000] {processor.py:914} INFO - Processing file /home/airflow/.local/lib/python3.12/site-packages/airflow/example_dags/example_datasets.py for tasks to queue
[2025-01-09T02:18:57.985+0000] {logging_mixin.py:190} INFO - [2025-01-09T02:18:57.985+0000] {dagbag.py:588} INFO - Filling up the DagBag from /home/airflow/.local/lib/python3.12/site-packages/airflow/example_dags/example_datasets.py
[2025-01-09T02:19:01.052+0000] {processor.py:925} INFO - DAG(s) 'dataset_produces_2', 'conditional_dataset_and_time_based_timetable', 'dataset_consumes_unknown_never_scheduled', 'consume_1_or_both_2_and_3_with_dataset_expressions', 'dataset_consumes_1_and_2', 'dataset_consumes_1', 'consume_1_and_2_with_dataset_expressions', 'dataset_consumes_1_never_scheduled', 'dataset_produces_1', 'consume_1_or_2_with_dataset_expressions' retrieved from /home/airflow/.local/lib/python3.12/site-packages/airflow/example_dags/example_datasets.py
[2025-01-09T02:19:01.181+0000] {logging_mixin.py:190} INFO - [2025-01-09T02:19:01.180+0000] {dag.py:3239} INFO - Sync 10 DAGs
[2025-01-09T02:19:01.289+0000] {logging_mixin.py:190} INFO - [2025-01-09T02:19:01.279+0000] {dag.py:4180} INFO - Setting next_dagrun for conditional_dataset_and_time_based_timetable to 2025-01-08 01:00:00+00:00, run_after=2025-01-08 01:00:00+00:00
[2025-01-09T02:19:01.364+0000] {logging_mixin.py:190} INFO - [2025-01-09T02:19:01.364+0000] {dag.py:4180} INFO - Setting next_dagrun for consume_1_and_2_with_dataset_expressions to None, run_after=None
[2025-01-09T02:19:01.369+0000] {logging_mixin.py:190} INFO - [2025-01-09T02:19:01.369+0000] {dag.py:4180} INFO - Setting next_dagrun for consume_1_or_2_with_dataset_expressions to None, run_after=None
[2025-01-09T02:19:01.430+0000] {logging_mixin.py:190} INFO - [2025-01-09T02:19:01.429+0000] {dag.py:4180} INFO - Setting next_dagrun for consume_1_or_both_2_and_3_with_dataset_expressions to None, run_after=None
[2025-01-09T02:19:01.443+0000] {logging_mixin.py:190} INFO - [2025-01-09T02:19:01.435+0000] {dag.py:4180} INFO - Setting next_dagrun for dataset_consumes_1 to None, run_after=None
[2025-01-09T02:19:01.491+0000] {logging_mixin.py:190} INFO - [2025-01-09T02:19:01.491+0000] {dag.py:4180} INFO - Setting next_dagrun for dataset_consumes_1_and_2 to None, run_after=None
[2025-01-09T02:19:01.500+0000] {logging_mixin.py:190} INFO - [2025-01-09T02:19:01.500+0000] {dag.py:4180} INFO - Setting next_dagrun for dataset_consumes_1_never_scheduled to None, run_after=None
[2025-01-09T02:19:01.502+0000] {logging_mixin.py:190} INFO - [2025-01-09T02:19:01.502+0000] {dag.py:4180} INFO - Setting next_dagrun for dataset_consumes_unknown_never_scheduled to None, run_after=None
[2025-01-09T02:19:01.507+0000] {logging_mixin.py:190} INFO - [2025-01-09T02:19:01.507+0000] {dag.py:4180} INFO - Setting next_dagrun for dataset_produces_1 to 2025-01-08 00:00:00+00:00, run_after=2025-01-09 00:00:00+00:00
[2025-01-09T02:19:01.562+0000] {logging_mixin.py:190} INFO - [2025-01-09T02:19:01.562+0000] {dag.py:4180} INFO - Setting next_dagrun for dataset_produces_2 to None, run_after=None
[2025-01-09T02:19:01.836+0000] {processor.py:208} INFO - Processing /home/airflow/.local/lib/python3.12/site-packages/airflow/example_dags/example_datasets.py took 3.906 seconds
[2025-01-09T02:19:40.228+0000] {processor.py:186} INFO - Started process (PID=293) to work on /home/airflow/.local/lib/python3.12/site-packages/airflow/example_dags/example_datasets.py
[2025-01-09T02:19:40.230+0000] {processor.py:914} INFO - Processing file /home/airflow/.local/lib/python3.12/site-packages/airflow/example_dags/example_datasets.py for tasks to queue
[2025-01-09T02:19:40.238+0000] {logging_mixin.py:190} INFO - [2025-01-09T02:19:40.237+0000] {dagbag.py:588} INFO - Filling up the DagBag from /home/airflow/.local/lib/python3.12/site-packages/airflow/example_dags/example_datasets.py
[2025-01-09T02:19:42.822+0000] {processor.py:925} INFO - DAG(s) 'dataset_consumes_1_and_2', 'dataset_consumes_1_never_scheduled', 'dataset_consumes_1', 'dataset_produces_2', 'consume_1_or_2_with_dataset_expressions', 'dataset_consumes_unknown_never_scheduled', 'conditional_dataset_and_time_based_timetable', 'dataset_produces_1', 'consume_1_and_2_with_dataset_expressions', 'consume_1_or_both_2_and_3_with_dataset_expressions' retrieved from /home/airflow/.local/lib/python3.12/site-packages/airflow/example_dags/example_datasets.py
[2025-01-09T02:19:42.943+0000] {logging_mixin.py:190} INFO - [2025-01-09T02:19:42.943+0000] {dag.py:3239} INFO - Sync 10 DAGs
[2025-01-09T02:19:43.039+0000] {logging_mixin.py:190} INFO - [2025-01-09T02:19:43.038+0000] {dag.py:4180} INFO - Setting next_dagrun for conditional_dataset_and_time_based_timetable to 2025-01-08 01:00:00+00:00, run_after=2025-01-08 01:00:00+00:00
[2025-01-09T02:19:43.103+0000] {logging_mixin.py:190} INFO - [2025-01-09T02:19:43.103+0000] {dag.py:4180} INFO - Setting next_dagrun for consume_1_and_2_with_dataset_expressions to None, run_after=None
[2025-01-09T02:19:43.167+0000] {logging_mixin.py:190} INFO - [2025-01-09T02:19:43.167+0000] {dag.py:4180} INFO - Setting next_dagrun for consume_1_or_2_with_dataset_expressions to None, run_after=None
[2025-01-09T02:19:43.226+0000] {logging_mixin.py:190} INFO - [2025-01-09T02:19:43.226+0000] {dag.py:4180} INFO - Setting next_dagrun for consume_1_or_both_2_and_3_with_dataset_expressions to None, run_after=None
[2025-01-09T02:19:43.291+0000] {logging_mixin.py:190} INFO - [2025-01-09T02:19:43.291+0000] {dag.py:4180} INFO - Setting next_dagrun for dataset_consumes_1 to None, run_after=None
[2025-01-09T02:19:43.447+0000] {logging_mixin.py:190} INFO - [2025-01-09T02:19:43.447+0000] {dag.py:4180} INFO - Setting next_dagrun for dataset_consumes_1_and_2 to None, run_after=None
[2025-01-09T02:19:43.448+0000] {logging_mixin.py:190} INFO - [2025-01-09T02:19:43.448+0000] {dag.py:4180} INFO - Setting next_dagrun for dataset_consumes_1_never_scheduled to None, run_after=None
[2025-01-09T02:19:43.449+0000] {logging_mixin.py:190} INFO - [2025-01-09T02:19:43.449+0000] {dag.py:4180} INFO - Setting next_dagrun for dataset_consumes_unknown_never_scheduled to None, run_after=None
[2025-01-09T02:19:43.452+0000] {logging_mixin.py:190} INFO - [2025-01-09T02:19:43.452+0000] {dag.py:4180} INFO - Setting next_dagrun for dataset_produces_1 to 2025-01-08 00:00:00+00:00, run_after=2025-01-09 00:00:00+00:00
[2025-01-09T02:19:43.453+0000] {logging_mixin.py:190} INFO - [2025-01-09T02:19:43.453+0000] {dag.py:4180} INFO - Setting next_dagrun for dataset_produces_2 to None, run_after=None
[2025-01-09T02:20:15.634+0000] {processor.py:208} INFO - Processing /home/airflow/.local/lib/python3.12/site-packages/airflow/example_dags/example_datasets.py took 35.435 seconds
