[2025-01-09T02:17:08.160+0000] {processor.py:186} INFO - Started process (PID=90) to work on /home/airflow/.local/lib/python3.12/site-packages/airflow/example_dags/example_inlet_event_extra.py
[2025-01-09T02:17:08.194+0000] {processor.py:914} INFO - Processing file /home/airflow/.local/lib/python3.12/site-packages/airflow/example_dags/example_inlet_event_extra.py for tasks to queue
[2025-01-09T02:17:08.240+0000] {logging_mixin.py:190} INFO - [2025-01-09T02:17:08.232+0000] {dagbag.py:588} INFO - Filling up the DagBag from /home/airflow/.local/lib/python3.12/site-packages/airflow/example_dags/example_inlet_event_extra.py
[2025-01-09T02:17:25.070+0000] {processor.py:925} INFO - DAG(s) 'read_dataset_event', 'read_dataset_event_from_classic' retrieved from /home/airflow/.local/lib/python3.12/site-packages/airflow/example_dags/example_inlet_event_extra.py
[2025-01-09T02:17:25.488+0000] {logging_mixin.py:190} INFO - [2025-01-09T02:17:25.486+0000] {override.py:1911} INFO - Created Permission View: can edit on DAG:read_dataset_event
[2025-01-09T02:17:25.546+0000] {logging_mixin.py:190} INFO - [2025-01-09T02:17:25.546+0000] {override.py:1911} INFO - Created Permission View: can read on DAG:read_dataset_event
[2025-01-09T02:17:25.595+0000] {logging_mixin.py:190} INFO - [2025-01-09T02:17:25.595+0000] {override.py:1911} INFO - Created Permission View: can delete on DAG:read_dataset_event
[2025-01-09T02:17:25.678+0000] {logging_mixin.py:190} INFO - [2025-01-09T02:17:25.677+0000] {override.py:1911} INFO - Created Permission View: can create on DAG Run:read_dataset_event
[2025-01-09T02:17:25.690+0000] {logging_mixin.py:190} INFO - [2025-01-09T02:17:25.689+0000] {override.py:1911} INFO - Created Permission View: menu access on DAG Run:read_dataset_event
[2025-01-09T02:17:25.707+0000] {logging_mixin.py:190} INFO - [2025-01-09T02:17:25.707+0000] {override.py:1911} INFO - Created Permission View: can read on DAG Run:read_dataset_event
[2025-01-09T02:17:25.805+0000] {logging_mixin.py:190} INFO - [2025-01-09T02:17:25.805+0000] {override.py:1911} INFO - Created Permission View: can delete on DAG Run:read_dataset_event
[2025-01-09T02:17:25.928+0000] {logging_mixin.py:190} INFO - [2025-01-09T02:17:25.928+0000] {override.py:1911} INFO - Created Permission View: can edit on DAG:read_dataset_event_from_classic
[2025-01-09T02:17:26.038+0000] {logging_mixin.py:190} INFO - [2025-01-09T02:17:26.037+0000] {override.py:1911} INFO - Created Permission View: can read on DAG:read_dataset_event_from_classic
[2025-01-09T02:17:26.052+0000] {logging_mixin.py:190} INFO - [2025-01-09T02:17:26.051+0000] {override.py:1911} INFO - Created Permission View: can delete on DAG:read_dataset_event_from_classic
[2025-01-09T02:17:26.102+0000] {logging_mixin.py:190} INFO - [2025-01-09T02:17:26.101+0000] {override.py:1911} INFO - Created Permission View: can create on DAG Run:read_dataset_event_from_classic
[2025-01-09T02:17:26.240+0000] {logging_mixin.py:190} INFO - [2025-01-09T02:17:26.239+0000] {override.py:1911} INFO - Created Permission View: menu access on DAG Run:read_dataset_event_from_classic
[2025-01-09T02:17:26.263+0000] {logging_mixin.py:190} INFO - [2025-01-09T02:17:26.263+0000] {override.py:1911} INFO - Created Permission View: can read on DAG Run:read_dataset_event_from_classic
[2025-01-09T02:17:26.333+0000] {logging_mixin.py:190} INFO - [2025-01-09T02:17:26.332+0000] {override.py:1911} INFO - Created Permission View: can delete on DAG Run:read_dataset_event_from_classic
[2025-01-09T02:17:26.334+0000] {logging_mixin.py:190} INFO - [2025-01-09T02:17:26.334+0000] {dag.py:3239} INFO - Sync 2 DAGs
[2025-01-09T02:17:26.373+0000] {logging_mixin.py:190} INFO - [2025-01-09T02:17:26.368+0000] {dag.py:3262} INFO - Creating ORM DAG for read_dataset_event_from_classic
[2025-01-09T02:17:26.380+0000] {logging_mixin.py:190} INFO - [2025-01-09T02:17:26.379+0000] {dag.py:3262} INFO - Creating ORM DAG for read_dataset_event
[2025-01-09T02:17:26.414+0000] {logging_mixin.py:190} INFO - [2025-01-09T02:17:26.414+0000] {dag.py:4180} INFO - Setting next_dagrun for read_dataset_event to 2025-01-08 00:00:00+00:00, run_after=2025-01-09 00:00:00+00:00
[2025-01-09T02:17:26.450+0000] {logging_mixin.py:190} INFO - [2025-01-09T02:17:26.449+0000] {dag.py:4180} INFO - Setting next_dagrun for read_dataset_event_from_classic to 2025-01-08 00:00:00+00:00, run_after=2025-01-09 00:00:00+00:00
[2025-01-09T02:17:26.691+0000] {processor.py:208} INFO - Processing /home/airflow/.local/lib/python3.12/site-packages/airflow/example_dags/example_inlet_event_extra.py took 18.606 seconds
[2025-01-09T02:18:16.691+0000] {processor.py:186} INFO - Started process (PID=160) to work on /home/airflow/.local/lib/python3.12/site-packages/airflow/example_dags/example_inlet_event_extra.py
[2025-01-09T02:18:16.698+0000] {processor.py:914} INFO - Processing file /home/airflow/.local/lib/python3.12/site-packages/airflow/example_dags/example_inlet_event_extra.py for tasks to queue
[2025-01-09T02:18:16.702+0000] {logging_mixin.py:190} INFO - [2025-01-09T02:18:16.701+0000] {dagbag.py:588} INFO - Filling up the DagBag from /home/airflow/.local/lib/python3.12/site-packages/airflow/example_dags/example_inlet_event_extra.py
[2025-01-09T02:18:18.424+0000] {processor.py:925} INFO - DAG(s) 'read_dataset_event_from_classic', 'read_dataset_event' retrieved from /home/airflow/.local/lib/python3.12/site-packages/airflow/example_dags/example_inlet_event_extra.py
[2025-01-09T02:18:18.451+0000] {logging_mixin.py:190} INFO - [2025-01-09T02:18:18.451+0000] {dag.py:3239} INFO - Sync 2 DAGs
[2025-01-09T02:18:18.487+0000] {logging_mixin.py:190} INFO - [2025-01-09T02:18:18.487+0000] {dag.py:4180} INFO - Setting next_dagrun for read_dataset_event to 2025-01-08 00:00:00+00:00, run_after=2025-01-09 00:00:00+00:00
[2025-01-09T02:18:18.494+0000] {logging_mixin.py:190} INFO - [2025-01-09T02:18:18.494+0000] {dag.py:4180} INFO - Setting next_dagrun for read_dataset_event_from_classic to 2025-01-08 00:00:00+00:00, run_after=2025-01-09 00:00:00+00:00
[2025-01-09T02:18:18.659+0000] {processor.py:208} INFO - Processing /home/airflow/.local/lib/python3.12/site-packages/airflow/example_dags/example_inlet_event_extra.py took 1.974 seconds
[2025-01-09T02:18:55.267+0000] {processor.py:186} INFO - Started process (PID=228) to work on /home/airflow/.local/lib/python3.12/site-packages/airflow/example_dags/example_inlet_event_extra.py
[2025-01-09T02:18:55.320+0000] {processor.py:914} INFO - Processing file /home/airflow/.local/lib/python3.12/site-packages/airflow/example_dags/example_inlet_event_extra.py for tasks to queue
[2025-01-09T02:18:55.333+0000] {logging_mixin.py:190} INFO - [2025-01-09T02:18:55.332+0000] {dagbag.py:588} INFO - Filling up the DagBag from /home/airflow/.local/lib/python3.12/site-packages/airflow/example_dags/example_inlet_event_extra.py
[2025-01-09T02:18:57.905+0000] {processor.py:925} INFO - DAG(s) 'read_dataset_event_from_classic', 'read_dataset_event' retrieved from /home/airflow/.local/lib/python3.12/site-packages/airflow/example_dags/example_inlet_event_extra.py
[2025-01-09T02:18:58.064+0000] {logging_mixin.py:190} INFO - [2025-01-09T02:18:58.064+0000] {dag.py:3239} INFO - Sync 2 DAGs
[2025-01-09T02:18:58.369+0000] {logging_mixin.py:190} INFO - [2025-01-09T02:18:58.365+0000] {dag.py:4180} INFO - Setting next_dagrun for read_dataset_event to 2025-01-08 00:00:00+00:00, run_after=2025-01-09 00:00:00+00:00
[2025-01-09T02:18:58.412+0000] {logging_mixin.py:190} INFO - [2025-01-09T02:18:58.411+0000] {dag.py:4180} INFO - Setting next_dagrun for read_dataset_event_from_classic to 2025-01-08 00:00:00+00:00, run_after=2025-01-09 00:00:00+00:00
[2025-01-09T02:18:58.643+0000] {processor.py:208} INFO - Processing /home/airflow/.local/lib/python3.12/site-packages/airflow/example_dags/example_inlet_event_extra.py took 3.382 seconds
[2025-01-09T02:19:39.373+0000] {processor.py:186} INFO - Started process (PID=291) to work on /home/airflow/.local/lib/python3.12/site-packages/airflow/example_dags/example_inlet_event_extra.py
[2025-01-09T02:19:39.402+0000] {processor.py:914} INFO - Processing file /home/airflow/.local/lib/python3.12/site-packages/airflow/example_dags/example_inlet_event_extra.py for tasks to queue
[2025-01-09T02:19:39.405+0000] {logging_mixin.py:190} INFO - [2025-01-09T02:19:39.404+0000] {dagbag.py:588} INFO - Filling up the DagBag from /home/airflow/.local/lib/python3.12/site-packages/airflow/example_dags/example_inlet_event_extra.py
[2025-01-09T02:19:41.144+0000] {processor.py:925} INFO - DAG(s) 'read_dataset_event_from_classic', 'read_dataset_event' retrieved from /home/airflow/.local/lib/python3.12/site-packages/airflow/example_dags/example_inlet_event_extra.py
[2025-01-09T02:19:41.299+0000] {logging_mixin.py:190} INFO - [2025-01-09T02:19:41.299+0000] {dag.py:3239} INFO - Sync 2 DAGs
[2025-01-09T02:19:41.380+0000] {logging_mixin.py:190} INFO - [2025-01-09T02:19:41.380+0000] {dag.py:4180} INFO - Setting next_dagrun for read_dataset_event to 2025-01-08 00:00:00+00:00, run_after=2025-01-09 00:00:00+00:00
[2025-01-09T02:19:41.390+0000] {logging_mixin.py:190} INFO - [2025-01-09T02:19:41.389+0000] {dag.py:4180} INFO - Setting next_dagrun for read_dataset_event_from_classic to 2025-01-08 00:00:00+00:00, run_after=2025-01-09 00:00:00+00:00
[2025-01-09T02:19:43.166+0000] {processor.py:208} INFO - Processing /home/airflow/.local/lib/python3.12/site-packages/airflow/example_dags/example_inlet_event_extra.py took 3.826 seconds
