[2025-01-09T02:17:44.645+0000] {processor.py:186} INFO - Started process (PID=114) to work on /home/airflow/.local/lib/python3.12/site-packages/airflow/example_dags/example_branch_day_of_week_operator.py
[2025-01-09T02:17:44.652+0000] {processor.py:914} INFO - Processing file /home/airflow/.local/lib/python3.12/site-packages/airflow/example_dags/example_branch_day_of_week_operator.py for tasks to queue
[2025-01-09T02:17:44.692+0000] {logging_mixin.py:190} INFO - [2025-01-09T02:17:44.690+0000] {dagbag.py:588} INFO - Filling up the DagBag from /home/airflow/.local/lib/python3.12/site-packages/airflow/example_dags/example_branch_day_of_week_operator.py
[2025-01-09T02:17:44.771+0000] {processor.py:925} INFO - DAG(s) 'example_weekday_branch_operator' retrieved from /home/airflow/.local/lib/python3.12/site-packages/airflow/example_dags/example_branch_day_of_week_operator.py
[2025-01-09T02:17:45.256+0000] {logging_mixin.py:190} INFO - [2025-01-09T02:17:45.255+0000] {override.py:1911} INFO - Created Permission View: can edit on DAG:example_weekday_branch_operator
[2025-01-09T02:17:45.465+0000] {logging_mixin.py:190} INFO - [2025-01-09T02:17:45.464+0000] {override.py:1911} INFO - Created Permission View: can read on DAG:example_weekday_branch_operator
[2025-01-09T02:17:45.657+0000] {logging_mixin.py:190} INFO - [2025-01-09T02:17:45.656+0000] {override.py:1911} INFO - Created Permission View: can delete on DAG:example_weekday_branch_operator
[2025-01-09T02:17:45.765+0000] {logging_mixin.py:190} INFO - [2025-01-09T02:17:45.761+0000] {override.py:1911} INFO - Created Permission View: can create on DAG Run:example_weekday_branch_operator
[2025-01-09T02:17:45.824+0000] {logging_mixin.py:190} INFO - [2025-01-09T02:17:45.815+0000] {override.py:1911} INFO - Created Permission View: menu access on DAG Run:example_weekday_branch_operator
[2025-01-09T02:17:45.870+0000] {logging_mixin.py:190} INFO - [2025-01-09T02:17:45.869+0000] {override.py:1911} INFO - Created Permission View: can read on DAG Run:example_weekday_branch_operator
[2025-01-09T02:17:45.912+0000] {logging_mixin.py:190} INFO - [2025-01-09T02:17:45.912+0000] {override.py:1911} INFO - Created Permission View: can delete on DAG Run:example_weekday_branch_operator
[2025-01-09T02:17:45.913+0000] {logging_mixin.py:190} INFO - [2025-01-09T02:17:45.912+0000] {dag.py:3239} INFO - Sync 1 DAGs
[2025-01-09T02:17:46.009+0000] {logging_mixin.py:190} INFO - [2025-01-09T02:17:46.009+0000] {dag.py:3262} INFO - Creating ORM DAG for example_weekday_branch_operator
[2025-01-09T02:17:46.112+0000] {logging_mixin.py:190} INFO - [2025-01-09T02:17:46.111+0000] {dag.py:4180} INFO - Setting next_dagrun for example_weekday_branch_operator to 2025-01-08 00:00:00+00:00, run_after=2025-01-09 00:00:00+00:00
[2025-01-09T02:17:46.412+0000] {processor.py:208} INFO - Processing /home/airflow/.local/lib/python3.12/site-packages/airflow/example_dags/example_branch_day_of_week_operator.py took 1.807 seconds
[2025-01-09T02:18:23.181+0000] {processor.py:186} INFO - Started process (PID=183) to work on /home/airflow/.local/lib/python3.12/site-packages/airflow/example_dags/example_branch_day_of_week_operator.py
[2025-01-09T02:18:23.199+0000] {processor.py:914} INFO - Processing file /home/airflow/.local/lib/python3.12/site-packages/airflow/example_dags/example_branch_day_of_week_operator.py for tasks to queue
[2025-01-09T02:18:23.202+0000] {logging_mixin.py:190} INFO - [2025-01-09T02:18:23.201+0000] {dagbag.py:588} INFO - Filling up the DagBag from /home/airflow/.local/lib/python3.12/site-packages/airflow/example_dags/example_branch_day_of_week_operator.py
[2025-01-09T02:18:23.215+0000] {processor.py:925} INFO - DAG(s) 'example_weekday_branch_operator' retrieved from /home/airflow/.local/lib/python3.12/site-packages/airflow/example_dags/example_branch_day_of_week_operator.py
[2025-01-09T02:18:23.243+0000] {logging_mixin.py:190} INFO - [2025-01-09T02:18:23.242+0000] {dag.py:3239} INFO - Sync 1 DAGs
[2025-01-09T02:18:23.304+0000] {logging_mixin.py:190} INFO - [2025-01-09T02:18:23.303+0000] {dag.py:4180} INFO - Setting next_dagrun for example_weekday_branch_operator to 2025-01-08 00:00:00+00:00, run_after=2025-01-09 00:00:00+00:00
[2025-01-09T02:18:23.414+0000] {processor.py:208} INFO - Processing /home/airflow/.local/lib/python3.12/site-packages/airflow/example_dags/example_branch_day_of_week_operator.py took 0.238 seconds
[2025-01-09T02:19:08.408+0000] {processor.py:186} INFO - Started process (PID=246) to work on /home/airflow/.local/lib/python3.12/site-packages/airflow/example_dags/example_branch_day_of_week_operator.py
[2025-01-09T02:19:08.434+0000] {processor.py:914} INFO - Processing file /home/airflow/.local/lib/python3.12/site-packages/airflow/example_dags/example_branch_day_of_week_operator.py for tasks to queue
[2025-01-09T02:19:08.449+0000] {logging_mixin.py:190} INFO - [2025-01-09T02:19:08.443+0000] {dagbag.py:588} INFO - Filling up the DagBag from /home/airflow/.local/lib/python3.12/site-packages/airflow/example_dags/example_branch_day_of_week_operator.py
[2025-01-09T02:19:08.764+0000] {processor.py:925} INFO - DAG(s) 'example_weekday_branch_operator' retrieved from /home/airflow/.local/lib/python3.12/site-packages/airflow/example_dags/example_branch_day_of_week_operator.py
[2025-01-09T02:19:09.252+0000] {logging_mixin.py:190} INFO - [2025-01-09T02:19:09.251+0000] {dag.py:3239} INFO - Sync 1 DAGs
[2025-01-09T02:19:09.555+0000] {logging_mixin.py:190} INFO - [2025-01-09T02:19:09.555+0000] {dag.py:4180} INFO - Setting next_dagrun for example_weekday_branch_operator to 2025-01-08 00:00:00+00:00, run_after=2025-01-09 00:00:00+00:00
[2025-01-09T02:19:09.727+0000] {processor.py:208} INFO - Processing /home/airflow/.local/lib/python3.12/site-packages/airflow/example_dags/example_branch_day_of_week_operator.py took 1.337 seconds
