[2025-01-09T02:17:41.314+0000] {processor.py:186} INFO - Started process (PID=110) to work on /home/airflow/.local/lib/python3.12/site-packages/airflow/example_dags/example_nested_branch_dag.py
[2025-01-09T02:17:41.353+0000] {processor.py:914} INFO - Processing file /home/airflow/.local/lib/python3.12/site-packages/airflow/example_dags/example_nested_branch_dag.py for tasks to queue
[2025-01-09T02:17:41.377+0000] {logging_mixin.py:190} INFO - [2025-01-09T02:17:41.376+0000] {dagbag.py:588} INFO - Filling up the DagBag from /home/airflow/.local/lib/python3.12/site-packages/airflow/example_dags/example_nested_branch_dag.py
[2025-01-09T02:17:41.409+0000] {processor.py:925} INFO - DAG(s) 'example_nested_branch_dag' retrieved from /home/airflow/.local/lib/python3.12/site-packages/airflow/example_dags/example_nested_branch_dag.py
[2025-01-09T02:17:41.880+0000] {logging_mixin.py:190} INFO - [2025-01-09T02:17:41.878+0000] {override.py:1911} INFO - Created Permission View: can edit on DAG:example_nested_branch_dag
[2025-01-09T02:17:41.972+0000] {logging_mixin.py:190} INFO - [2025-01-09T02:17:41.971+0000] {override.py:1911} INFO - Created Permission View: can read on DAG:example_nested_branch_dag
[2025-01-09T02:17:41.987+0000] {logging_mixin.py:190} INFO - [2025-01-09T02:17:41.986+0000] {override.py:1911} INFO - Created Permission View: can delete on DAG:example_nested_branch_dag
[2025-01-09T02:17:42.093+0000] {logging_mixin.py:190} INFO - [2025-01-09T02:17:42.093+0000] {override.py:1911} INFO - Created Permission View: can create on DAG Run:example_nested_branch_dag
[2025-01-09T02:17:42.118+0000] {logging_mixin.py:190} INFO - [2025-01-09T02:17:42.118+0000] {override.py:1911} INFO - Created Permission View: menu access on DAG Run:example_nested_branch_dag
[2025-01-09T02:17:42.197+0000] {logging_mixin.py:190} INFO - [2025-01-09T02:17:42.196+0000] {override.py:1911} INFO - Created Permission View: can read on DAG Run:example_nested_branch_dag
[2025-01-09T02:17:42.283+0000] {logging_mixin.py:190} INFO - [2025-01-09T02:17:42.283+0000] {override.py:1911} INFO - Created Permission View: can delete on DAG Run:example_nested_branch_dag
[2025-01-09T02:17:42.284+0000] {logging_mixin.py:190} INFO - [2025-01-09T02:17:42.284+0000] {dag.py:3239} INFO - Sync 1 DAGs
[2025-01-09T02:17:42.345+0000] {logging_mixin.py:190} INFO - [2025-01-09T02:17:42.344+0000] {dag.py:3262} INFO - Creating ORM DAG for example_nested_branch_dag
[2025-01-09T02:17:42.404+0000] {logging_mixin.py:190} INFO - [2025-01-09T02:17:42.404+0000] {dag.py:4180} INFO - Setting next_dagrun for example_nested_branch_dag to 2025-01-08 00:00:00+00:00, run_after=2025-01-09 00:00:00+00:00
[2025-01-09T02:17:42.528+0000] {processor.py:208} INFO - Processing /home/airflow/.local/lib/python3.12/site-packages/airflow/example_dags/example_nested_branch_dag.py took 1.220 seconds
[2025-01-09T02:18:21.712+0000] {processor.py:186} INFO - Started process (PID=179) to work on /home/airflow/.local/lib/python3.12/site-packages/airflow/example_dags/example_nested_branch_dag.py
[2025-01-09T02:18:21.716+0000] {processor.py:914} INFO - Processing file /home/airflow/.local/lib/python3.12/site-packages/airflow/example_dags/example_nested_branch_dag.py for tasks to queue
[2025-01-09T02:18:21.718+0000] {logging_mixin.py:190} INFO - [2025-01-09T02:18:21.718+0000] {dagbag.py:588} INFO - Filling up the DagBag from /home/airflow/.local/lib/python3.12/site-packages/airflow/example_dags/example_nested_branch_dag.py
[2025-01-09T02:18:21.730+0000] {processor.py:925} INFO - DAG(s) 'example_nested_branch_dag' retrieved from /home/airflow/.local/lib/python3.12/site-packages/airflow/example_dags/example_nested_branch_dag.py
[2025-01-09T02:18:21.752+0000] {logging_mixin.py:190} INFO - [2025-01-09T02:18:21.751+0000] {dag.py:3239} INFO - Sync 1 DAGs
[2025-01-09T02:18:21.777+0000] {logging_mixin.py:190} INFO - [2025-01-09T02:18:21.777+0000] {dag.py:4180} INFO - Setting next_dagrun for example_nested_branch_dag to 2025-01-08 00:00:00+00:00, run_after=2025-01-09 00:00:00+00:00
[2025-01-09T02:18:22.018+0000] {processor.py:208} INFO - Processing /home/airflow/.local/lib/python3.12/site-packages/airflow/example_dags/example_nested_branch_dag.py took 0.312 seconds
[2025-01-09T02:19:05.638+0000] {processor.py:186} INFO - Started process (PID=242) to work on /home/airflow/.local/lib/python3.12/site-packages/airflow/example_dags/example_nested_branch_dag.py
[2025-01-09T02:19:05.662+0000] {processor.py:914} INFO - Processing file /home/airflow/.local/lib/python3.12/site-packages/airflow/example_dags/example_nested_branch_dag.py for tasks to queue
[2025-01-09T02:19:05.666+0000] {logging_mixin.py:190} INFO - [2025-01-09T02:19:05.665+0000] {dagbag.py:588} INFO - Filling up the DagBag from /home/airflow/.local/lib/python3.12/site-packages/airflow/example_dags/example_nested_branch_dag.py
[2025-01-09T02:19:05.789+0000] {processor.py:925} INFO - DAG(s) 'example_nested_branch_dag' retrieved from /home/airflow/.local/lib/python3.12/site-packages/airflow/example_dags/example_nested_branch_dag.py
[2025-01-09T02:19:06.031+0000] {logging_mixin.py:190} INFO - [2025-01-09T02:19:06.031+0000] {dag.py:3239} INFO - Sync 1 DAGs
[2025-01-09T02:19:06.285+0000] {logging_mixin.py:190} INFO - [2025-01-09T02:19:06.284+0000] {dag.py:4180} INFO - Setting next_dagrun for example_nested_branch_dag to 2025-01-08 00:00:00+00:00, run_after=2025-01-09 00:00:00+00:00
[2025-01-09T02:19:06.958+0000] {processor.py:208} INFO - Processing /home/airflow/.local/lib/python3.12/site-packages/airflow/example_dags/example_nested_branch_dag.py took 1.370 seconds
