[2025-01-09T02:18:01.250+0000] {processor.py:186} INFO - Started process (PID=132) to work on /home/airflow/.local/lib/python3.12/site-packages/airflow/example_dags/example_dataset_alias_with_no_taskflow.py
[2025-01-09T02:18:01.257+0000] {processor.py:914} INFO - Processing file /home/airflow/.local/lib/python3.12/site-packages/airflow/example_dags/example_dataset_alias_with_no_taskflow.py for tasks to queue
[2025-01-09T02:18:01.269+0000] {logging_mixin.py:190} INFO - [2025-01-09T02:18:01.268+0000] {dagbag.py:588} INFO - Filling up the DagBag from /home/airflow/.local/lib/python3.12/site-packages/airflow/example_dags/example_dataset_alias_with_no_taskflow.py
[2025-01-09T02:18:03.676+0000] {processor.py:925} INFO - DAG(s) 'dataset_s3_bucket_producer_with_no_taskflow', 'dataset_alias_example_alias_consumer_with_no_taskflow', 'dataset_s3_bucket_consumer_with_no_taskflow', 'dataset_alias_example_alias_producer_with_no_taskflow' retrieved from /home/airflow/.local/lib/python3.12/site-packages/airflow/example_dags/example_dataset_alias_with_no_taskflow.py
[2025-01-09T02:18:04.069+0000] {logging_mixin.py:190} INFO - [2025-01-09T02:18:04.068+0000] {override.py:1911} INFO - Created Permission View: can edit on DAG:dataset_s3_bucket_producer_with_no_taskflow
[2025-01-09T02:18:04.154+0000] {logging_mixin.py:190} INFO - [2025-01-09T02:18:04.153+0000] {override.py:1911} INFO - Created Permission View: can read on DAG:dataset_s3_bucket_producer_with_no_taskflow
[2025-01-09T02:18:04.230+0000] {logging_mixin.py:190} INFO - [2025-01-09T02:18:04.230+0000] {override.py:1911} INFO - Created Permission View: can delete on DAG:dataset_s3_bucket_producer_with_no_taskflow
[2025-01-09T02:18:04.376+0000] {logging_mixin.py:190} INFO - [2025-01-09T02:18:04.375+0000] {override.py:1911} INFO - Created Permission View: can create on DAG Run:dataset_s3_bucket_producer_with_no_taskflow
[2025-01-09T02:18:04.479+0000] {logging_mixin.py:190} INFO - [2025-01-09T02:18:04.479+0000] {override.py:1911} INFO - Created Permission View: menu access on DAG Run:dataset_s3_bucket_producer_with_no_taskflow
[2025-01-09T02:18:04.527+0000] {logging_mixin.py:190} INFO - [2025-01-09T02:18:04.527+0000] {override.py:1911} INFO - Created Permission View: can read on DAG Run:dataset_s3_bucket_producer_with_no_taskflow
[2025-01-09T02:18:04.601+0000] {logging_mixin.py:190} INFO - [2025-01-09T02:18:04.601+0000] {override.py:1911} INFO - Created Permission View: can delete on DAG Run:dataset_s3_bucket_producer_with_no_taskflow
[2025-01-09T02:18:04.713+0000] {logging_mixin.py:190} INFO - [2025-01-09T02:18:04.711+0000] {override.py:1911} INFO - Created Permission View: can edit on DAG:dataset_alias_example_alias_consumer_with_no_taskflow
[2025-01-09T02:18:04.824+0000] {logging_mixin.py:190} INFO - [2025-01-09T02:18:04.823+0000] {override.py:1911} INFO - Created Permission View: can read on DAG:dataset_alias_example_alias_consumer_with_no_taskflow
[2025-01-09T02:18:05.005+0000] {logging_mixin.py:190} INFO - [2025-01-09T02:18:05.005+0000] {override.py:1911} INFO - Created Permission View: can delete on DAG:dataset_alias_example_alias_consumer_with_no_taskflow
[2025-01-09T02:18:05.048+0000] {logging_mixin.py:190} INFO - [2025-01-09T02:18:05.048+0000] {override.py:1911} INFO - Created Permission View: can create on DAG Run:dataset_alias_example_alias_consumer_with_no_taskflow
[2025-01-09T02:18:05.084+0000] {logging_mixin.py:190} INFO - [2025-01-09T02:18:05.083+0000] {override.py:1911} INFO - Created Permission View: menu access on DAG Run:dataset_alias_example_alias_consumer_with_no_taskflow
[2025-01-09T02:18:05.123+0000] {logging_mixin.py:190} INFO - [2025-01-09T02:18:05.123+0000] {override.py:1911} INFO - Created Permission View: can read on DAG Run:dataset_alias_example_alias_consumer_with_no_taskflow
[2025-01-09T02:18:05.166+0000] {logging_mixin.py:190} INFO - [2025-01-09T02:18:05.166+0000] {override.py:1911} INFO - Created Permission View: can delete on DAG Run:dataset_alias_example_alias_consumer_with_no_taskflow
[2025-01-09T02:18:05.272+0000] {logging_mixin.py:190} INFO - [2025-01-09T02:18:05.272+0000] {override.py:1911} INFO - Created Permission View: can edit on DAG:dataset_s3_bucket_consumer_with_no_taskflow
[2025-01-09T02:18:05.375+0000] {logging_mixin.py:190} INFO - [2025-01-09T02:18:05.375+0000] {override.py:1911} INFO - Created Permission View: can read on DAG:dataset_s3_bucket_consumer_with_no_taskflow
[2025-01-09T02:18:05.386+0000] {logging_mixin.py:190} INFO - [2025-01-09T02:18:05.385+0000] {override.py:1911} INFO - Created Permission View: can delete on DAG:dataset_s3_bucket_consumer_with_no_taskflow
[2025-01-09T02:18:05.525+0000] {logging_mixin.py:190} INFO - [2025-01-09T02:18:05.525+0000] {override.py:1911} INFO - Created Permission View: can create on DAG Run:dataset_s3_bucket_consumer_with_no_taskflow
[2025-01-09T02:18:05.735+0000] {logging_mixin.py:190} INFO - [2025-01-09T02:18:05.734+0000] {override.py:1911} INFO - Created Permission View: menu access on DAG Run:dataset_s3_bucket_consumer_with_no_taskflow
[2025-01-09T02:18:05.843+0000] {logging_mixin.py:190} INFO - [2025-01-09T02:18:05.841+0000] {override.py:1911} INFO - Created Permission View: can read on DAG Run:dataset_s3_bucket_consumer_with_no_taskflow
[2025-01-09T02:18:05.907+0000] {logging_mixin.py:190} INFO - [2025-01-09T02:18:05.906+0000] {override.py:1911} INFO - Created Permission View: can delete on DAG Run:dataset_s3_bucket_consumer_with_no_taskflow
[2025-01-09T02:18:05.986+0000] {logging_mixin.py:190} INFO - [2025-01-09T02:18:05.985+0000] {override.py:1911} INFO - Created Permission View: can edit on DAG:dataset_alias_example_alias_producer_with_no_taskflow
[2025-01-09T02:18:06.024+0000] {logging_mixin.py:190} INFO - [2025-01-09T02:18:06.022+0000] {override.py:1911} INFO - Created Permission View: can read on DAG:dataset_alias_example_alias_producer_with_no_taskflow
[2025-01-09T02:18:06.058+0000] {logging_mixin.py:190} INFO - [2025-01-09T02:18:06.056+0000] {override.py:1911} INFO - Created Permission View: can delete on DAG:dataset_alias_example_alias_producer_with_no_taskflow
[2025-01-09T02:18:06.173+0000] {logging_mixin.py:190} INFO - [2025-01-09T02:18:06.172+0000] {override.py:1911} INFO - Created Permission View: can create on DAG Run:dataset_alias_example_alias_producer_with_no_taskflow
[2025-01-09T02:18:06.242+0000] {logging_mixin.py:190} INFO - [2025-01-09T02:18:06.241+0000] {override.py:1911} INFO - Created Permission View: menu access on DAG Run:dataset_alias_example_alias_producer_with_no_taskflow
[2025-01-09T02:18:06.345+0000] {logging_mixin.py:190} INFO - [2025-01-09T02:18:06.344+0000] {override.py:1911} INFO - Created Permission View: can read on DAG Run:dataset_alias_example_alias_producer_with_no_taskflow
[2025-01-09T02:18:06.447+0000] {logging_mixin.py:190} INFO - [2025-01-09T02:18:06.446+0000] {override.py:1911} INFO - Created Permission View: can delete on DAG Run:dataset_alias_example_alias_producer_with_no_taskflow
[2025-01-09T02:18:06.448+0000] {logging_mixin.py:190} INFO - [2025-01-09T02:18:06.447+0000] {dag.py:3239} INFO - Sync 4 DAGs
[2025-01-09T02:18:06.461+0000] {logging_mixin.py:190} INFO - [2025-01-09T02:18:06.461+0000] {dag.py:3262} INFO - Creating ORM DAG for dataset_s3_bucket_producer_with_no_taskflow
[2025-01-09T02:18:06.463+0000] {logging_mixin.py:190} INFO - [2025-01-09T02:18:06.462+0000] {dag.py:3262} INFO - Creating ORM DAG for dataset_s3_bucket_consumer_with_no_taskflow
[2025-01-09T02:18:06.464+0000] {logging_mixin.py:190} INFO - [2025-01-09T02:18:06.463+0000] {dag.py:3262} INFO - Creating ORM DAG for dataset_alias_example_alias_consumer_with_no_taskflow
[2025-01-09T02:18:06.465+0000] {logging_mixin.py:190} INFO - [2025-01-09T02:18:06.464+0000] {dag.py:3262} INFO - Creating ORM DAG for dataset_alias_example_alias_producer_with_no_taskflow
[2025-01-09T02:18:06.474+0000] {logging_mixin.py:190} INFO - [2025-01-09T02:18:06.474+0000] {dag.py:4180} INFO - Setting next_dagrun for dataset_alias_example_alias_consumer_with_no_taskflow to None, run_after=None
[2025-01-09T02:18:06.475+0000] {logging_mixin.py:190} INFO - [2025-01-09T02:18:06.475+0000] {dag.py:4180} INFO - Setting next_dagrun for dataset_alias_example_alias_producer_with_no_taskflow to None, run_after=None
[2025-01-09T02:18:06.476+0000] {logging_mixin.py:190} INFO - [2025-01-09T02:18:06.476+0000] {dag.py:4180} INFO - Setting next_dagrun for dataset_s3_bucket_consumer_with_no_taskflow to None, run_after=None
[2025-01-09T02:18:06.477+0000] {logging_mixin.py:190} INFO - [2025-01-09T02:18:06.477+0000] {dag.py:4180} INFO - Setting next_dagrun for dataset_s3_bucket_producer_with_no_taskflow to None, run_after=None
[2025-01-09T02:18:06.600+0000] {processor.py:208} INFO - Processing /home/airflow/.local/lib/python3.12/site-packages/airflow/example_dags/example_dataset_alias_with_no_taskflow.py took 5.356 seconds
[2025-01-09T02:18:37.413+0000] {processor.py:186} INFO - Started process (PID=198) to work on /home/airflow/.local/lib/python3.12/site-packages/airflow/example_dags/example_dataset_alias_with_no_taskflow.py
[2025-01-09T02:18:37.460+0000] {processor.py:914} INFO - Processing file /home/airflow/.local/lib/python3.12/site-packages/airflow/example_dags/example_dataset_alias_with_no_taskflow.py for tasks to queue
[2025-01-09T02:18:37.513+0000] {logging_mixin.py:190} INFO - [2025-01-09T02:18:37.512+0000] {dagbag.py:588} INFO - Filling up the DagBag from /home/airflow/.local/lib/python3.12/site-packages/airflow/example_dags/example_dataset_alias_with_no_taskflow.py
[2025-01-09T02:18:42.390+0000] {processor.py:925} INFO - DAG(s) 'dataset_alias_example_alias_producer_with_no_taskflow', 'dataset_s3_bucket_producer_with_no_taskflow', 'dataset_alias_example_alias_consumer_with_no_taskflow', 'dataset_s3_bucket_consumer_with_no_taskflow' retrieved from /home/airflow/.local/lib/python3.12/site-packages/airflow/example_dags/example_dataset_alias_with_no_taskflow.py
[2025-01-09T02:18:42.494+0000] {logging_mixin.py:190} INFO - [2025-01-09T02:18:42.492+0000] {dag.py:3239} INFO - Sync 4 DAGs
[2025-01-09T02:18:42.609+0000] {logging_mixin.py:190} INFO - [2025-01-09T02:18:42.609+0000] {dag.py:4180} INFO - Setting next_dagrun for dataset_alias_example_alias_consumer_with_no_taskflow to None, run_after=None
[2025-01-09T02:18:42.631+0000] {logging_mixin.py:190} INFO - [2025-01-09T02:18:42.630+0000] {dag.py:4180} INFO - Setting next_dagrun for dataset_alias_example_alias_producer_with_no_taskflow to None, run_after=None
[2025-01-09T02:18:42.643+0000] {logging_mixin.py:190} INFO - [2025-01-09T02:18:42.643+0000] {dag.py:4180} INFO - Setting next_dagrun for dataset_s3_bucket_consumer_with_no_taskflow to None, run_after=None
[2025-01-09T02:18:42.647+0000] {logging_mixin.py:190} INFO - [2025-01-09T02:18:42.647+0000] {dag.py:4180} INFO - Setting next_dagrun for dataset_s3_bucket_producer_with_no_taskflow to None, run_after=None
[2025-01-09T02:18:42.748+0000] {processor.py:208} INFO - Processing /home/airflow/.local/lib/python3.12/site-packages/airflow/example_dags/example_dataset_alias_with_no_taskflow.py took 5.368 seconds
[2025-01-09T02:19:26.623+0000] {processor.py:186} INFO - Started process (PID=270) to work on /home/airflow/.local/lib/python3.12/site-packages/airflow/example_dags/example_dataset_alias_with_no_taskflow.py
[2025-01-09T02:19:26.634+0000] {processor.py:914} INFO - Processing file /home/airflow/.local/lib/python3.12/site-packages/airflow/example_dags/example_dataset_alias_with_no_taskflow.py for tasks to queue
[2025-01-09T02:19:26.650+0000] {logging_mixin.py:190} INFO - [2025-01-09T02:19:26.649+0000] {dagbag.py:588} INFO - Filling up the DagBag from /home/airflow/.local/lib/python3.12/site-packages/airflow/example_dags/example_dataset_alias_with_no_taskflow.py
[2025-01-09T02:19:31.156+0000] {processor.py:925} INFO - DAG(s) 'dataset_alias_example_alias_consumer_with_no_taskflow', 'dataset_alias_example_alias_producer_with_no_taskflow', 'dataset_s3_bucket_producer_with_no_taskflow', 'dataset_s3_bucket_consumer_with_no_taskflow' retrieved from /home/airflow/.local/lib/python3.12/site-packages/airflow/example_dags/example_dataset_alias_with_no_taskflow.py
[2025-01-09T02:19:31.344+0000] {logging_mixin.py:190} INFO - [2025-01-09T02:19:31.343+0000] {dag.py:3239} INFO - Sync 4 DAGs
[2025-01-09T02:19:31.469+0000] {logging_mixin.py:190} INFO - [2025-01-09T02:19:31.468+0000] {dag.py:4180} INFO - Setting next_dagrun for dataset_alias_example_alias_consumer_with_no_taskflow to None, run_after=None
[2025-01-09T02:19:31.480+0000] {logging_mixin.py:190} INFO - [2025-01-09T02:19:31.480+0000] {dag.py:4180} INFO - Setting next_dagrun for dataset_alias_example_alias_producer_with_no_taskflow to None, run_after=None
[2025-01-09T02:19:31.486+0000] {logging_mixin.py:190} INFO - [2025-01-09T02:19:31.483+0000] {dag.py:4180} INFO - Setting next_dagrun for dataset_s3_bucket_consumer_with_no_taskflow to None, run_after=None
[2025-01-09T02:19:31.523+0000] {logging_mixin.py:190} INFO - [2025-01-09T02:19:31.523+0000] {dag.py:4180} INFO - Setting next_dagrun for dataset_s3_bucket_producer_with_no_taskflow to None, run_after=None
[2025-01-09T02:19:31.610+0000] {processor.py:208} INFO - Processing /home/airflow/.local/lib/python3.12/site-packages/airflow/example_dags/example_dataset_alias_with_no_taskflow.py took 5.006 seconds
