[2025-01-09T02:17:42.651+0000] {processor.py:186} INFO - Started process (PID=112) to work on /home/airflow/.local/lib/python3.12/site-packages/airflow/example_dags/example_xcom.py
[2025-01-09T02:17:42.652+0000] {processor.py:914} INFO - Processing file /home/airflow/.local/lib/python3.12/site-packages/airflow/example_dags/example_xcom.py for tasks to queue
[2025-01-09T02:17:42.654+0000] {logging_mixin.py:190} INFO - [2025-01-09T02:17:42.654+0000] {dagbag.py:588} INFO - Filling up the DagBag from /home/airflow/.local/lib/python3.12/site-packages/airflow/example_dags/example_xcom.py
[2025-01-09T02:17:42.710+0000] {processor.py:925} INFO - DAG(s) 'example_xcom' retrieved from /home/airflow/.local/lib/python3.12/site-packages/airflow/example_dags/example_xcom.py
[2025-01-09T02:17:43.456+0000] {logging_mixin.py:190} INFO - [2025-01-09T02:17:43.456+0000] {override.py:1911} INFO - Created Permission View: can edit on DAG:example_xcom
[2025-01-09T02:17:43.575+0000] {logging_mixin.py:190} INFO - [2025-01-09T02:17:43.575+0000] {override.py:1911} INFO - Created Permission View: can read on DAG:example_xcom
[2025-01-09T02:17:43.677+0000] {logging_mixin.py:190} INFO - [2025-01-09T02:17:43.676+0000] {override.py:1911} INFO - Created Permission View: can delete on DAG:example_xcom
[2025-01-09T02:17:43.813+0000] {logging_mixin.py:190} INFO - [2025-01-09T02:17:43.813+0000] {override.py:1911} INFO - Created Permission View: can create on DAG Run:example_xcom
[2025-01-09T02:17:43.913+0000] {logging_mixin.py:190} INFO - [2025-01-09T02:17:43.913+0000] {override.py:1911} INFO - Created Permission View: menu access on DAG Run:example_xcom
[2025-01-09T02:17:43.984+0000] {logging_mixin.py:190} INFO - [2025-01-09T02:17:43.983+0000] {override.py:1911} INFO - Created Permission View: can read on DAG Run:example_xcom
[2025-01-09T02:17:44.049+0000] {logging_mixin.py:190} INFO - [2025-01-09T02:17:44.049+0000] {override.py:1911} INFO - Created Permission View: can delete on DAG Run:example_xcom
[2025-01-09T02:17:44.050+0000] {logging_mixin.py:190} INFO - [2025-01-09T02:17:44.050+0000] {dag.py:3239} INFO - Sync 1 DAGs
[2025-01-09T02:17:44.108+0000] {logging_mixin.py:190} INFO - [2025-01-09T02:17:44.108+0000] {dag.py:3262} INFO - Creating ORM DAG for example_xcom
[2025-01-09T02:17:44.162+0000] {logging_mixin.py:190} INFO - [2025-01-09T02:17:44.162+0000] {dag.py:4180} INFO - Setting next_dagrun for example_xcom to 2021-01-01 00:00:00+00:00, run_after=2021-01-01 00:00:00+00:00
[2025-01-09T02:17:44.437+0000] {processor.py:208} INFO - Processing /home/airflow/.local/lib/python3.12/site-packages/airflow/example_dags/example_xcom.py took 1.804 seconds
[2025-01-09T02:18:22.578+0000] {processor.py:186} INFO - Started process (PID=181) to work on /home/airflow/.local/lib/python3.12/site-packages/airflow/example_dags/example_xcom.py
[2025-01-09T02:18:22.601+0000] {processor.py:914} INFO - Processing file /home/airflow/.local/lib/python3.12/site-packages/airflow/example_dags/example_xcom.py for tasks to queue
[2025-01-09T02:18:22.603+0000] {logging_mixin.py:190} INFO - [2025-01-09T02:18:22.603+0000] {dagbag.py:588} INFO - Filling up the DagBag from /home/airflow/.local/lib/python3.12/site-packages/airflow/example_dags/example_xcom.py
[2025-01-09T02:18:22.611+0000] {processor.py:925} INFO - DAG(s) 'example_xcom' retrieved from /home/airflow/.local/lib/python3.12/site-packages/airflow/example_dags/example_xcom.py
[2025-01-09T02:18:22.628+0000] {logging_mixin.py:190} INFO - [2025-01-09T02:18:22.628+0000] {dag.py:3239} INFO - Sync 1 DAGs
[2025-01-09T02:18:22.651+0000] {logging_mixin.py:190} INFO - [2025-01-09T02:18:22.650+0000] {dag.py:4180} INFO - Setting next_dagrun for example_xcom to 2021-01-01 00:00:00+00:00, run_after=2021-01-01 00:00:00+00:00
[2025-01-09T02:18:23.145+0000] {processor.py:208} INFO - Processing /home/airflow/.local/lib/python3.12/site-packages/airflow/example_dags/example_xcom.py took 0.573 seconds
[2025-01-09T02:19:07.655+0000] {processor.py:186} INFO - Started process (PID=244) to work on /home/airflow/.local/lib/python3.12/site-packages/airflow/example_dags/example_xcom.py
[2025-01-09T02:19:07.657+0000] {processor.py:914} INFO - Processing file /home/airflow/.local/lib/python3.12/site-packages/airflow/example_dags/example_xcom.py for tasks to queue
[2025-01-09T02:19:07.660+0000] {logging_mixin.py:190} INFO - [2025-01-09T02:19:07.659+0000] {dagbag.py:588} INFO - Filling up the DagBag from /home/airflow/.local/lib/python3.12/site-packages/airflow/example_dags/example_xcom.py
[2025-01-09T02:19:07.719+0000] {processor.py:925} INFO - DAG(s) 'example_xcom' retrieved from /home/airflow/.local/lib/python3.12/site-packages/airflow/example_dags/example_xcom.py
[2025-01-09T02:19:07.851+0000] {logging_mixin.py:190} INFO - [2025-01-09T02:19:07.851+0000] {dag.py:3239} INFO - Sync 1 DAGs
[2025-01-09T02:19:07.970+0000] {logging_mixin.py:190} INFO - [2025-01-09T02:19:07.969+0000] {dag.py:4180} INFO - Setting next_dagrun for example_xcom to 2021-01-01 00:00:00+00:00, run_after=2021-01-01 00:00:00+00:00
[2025-01-09T02:19:08.122+0000] {processor.py:208} INFO - Processing /home/airflow/.local/lib/python3.12/site-packages/airflow/example_dags/example_xcom.py took 0.511 seconds
