[2025-01-09T02:18:08.847+0000] {processor.py:186} INFO - Started process (PID=140) to work on /home/airflow/.local/lib/python3.12/site-packages/airflow/example_dags/example_skip_dag.py
[2025-01-09T02:18:08.848+0000] {processor.py:914} INFO - Processing file /home/airflow/.local/lib/python3.12/site-packages/airflow/example_dags/example_skip_dag.py for tasks to queue
[2025-01-09T02:18:08.851+0000] {logging_mixin.py:190} INFO - [2025-01-09T02:18:08.850+0000] {dagbag.py:588} INFO - Filling up the DagBag from /home/airflow/.local/lib/python3.12/site-packages/airflow/example_dags/example_skip_dag.py
[2025-01-09T02:18:08.879+0000] {processor.py:925} INFO - DAG(s) 'example_skip_dag' retrieved from /home/airflow/.local/lib/python3.12/site-packages/airflow/example_dags/example_skip_dag.py
[2025-01-09T02:18:09.256+0000] {logging_mixin.py:190} INFO - [2025-01-09T02:18:09.255+0000] {override.py:1911} INFO - Created Permission View: can edit on DAG:example_skip_dag
[2025-01-09T02:18:09.368+0000] {logging_mixin.py:190} INFO - [2025-01-09T02:18:09.368+0000] {override.py:1911} INFO - Created Permission View: can read on DAG:example_skip_dag
[2025-01-09T02:18:09.379+0000] {logging_mixin.py:190} INFO - [2025-01-09T02:18:09.378+0000] {override.py:1911} INFO - Created Permission View: can delete on DAG:example_skip_dag
[2025-01-09T02:18:09.495+0000] {logging_mixin.py:190} INFO - [2025-01-09T02:18:09.494+0000] {override.py:1911} INFO - Created Permission View: can create on DAG Run:example_skip_dag
[2025-01-09T02:18:09.505+0000] {logging_mixin.py:190} INFO - [2025-01-09T02:18:09.505+0000] {override.py:1911} INFO - Created Permission View: menu access on DAG Run:example_skip_dag
[2025-01-09T02:18:09.524+0000] {logging_mixin.py:190} INFO - [2025-01-09T02:18:09.523+0000] {override.py:1911} INFO - Created Permission View: can read on DAG Run:example_skip_dag
[2025-01-09T02:18:09.542+0000] {logging_mixin.py:190} INFO - [2025-01-09T02:18:09.542+0000] {override.py:1911} INFO - Created Permission View: can delete on DAG Run:example_skip_dag
[2025-01-09T02:18:09.544+0000] {logging_mixin.py:190} INFO - [2025-01-09T02:18:09.543+0000] {dag.py:3239} INFO - Sync 1 DAGs
[2025-01-09T02:18:09.572+0000] {logging_mixin.py:190} INFO - [2025-01-09T02:18:09.572+0000] {dag.py:3262} INFO - Creating ORM DAG for example_skip_dag
[2025-01-09T02:18:09.584+0000] {logging_mixin.py:190} INFO - [2025-01-09T02:18:09.584+0000] {dag.py:4180} INFO - Setting next_dagrun for example_skip_dag to 2025-01-08 00:00:00+00:00, run_after=2025-01-09 00:00:00+00:00
[2025-01-09T02:18:09.620+0000] {processor.py:208} INFO - Processing /home/airflow/.local/lib/python3.12/site-packages/airflow/example_dags/example_skip_dag.py took 0.778 seconds
[2025-01-09T02:18:42.082+0000] {processor.py:186} INFO - Started process (PID=203) to work on /home/airflow/.local/lib/python3.12/site-packages/airflow/example_dags/example_skip_dag.py
[2025-01-09T02:18:42.084+0000] {processor.py:914} INFO - Processing file /home/airflow/.local/lib/python3.12/site-packages/airflow/example_dags/example_skip_dag.py for tasks to queue
[2025-01-09T02:18:42.092+0000] {logging_mixin.py:190} INFO - [2025-01-09T02:18:42.092+0000] {dagbag.py:588} INFO - Filling up the DagBag from /home/airflow/.local/lib/python3.12/site-packages/airflow/example_dags/example_skip_dag.py
[2025-01-09T02:18:42.117+0000] {processor.py:925} INFO - DAG(s) 'example_skip_dag' retrieved from /home/airflow/.local/lib/python3.12/site-packages/airflow/example_dags/example_skip_dag.py
[2025-01-09T02:18:42.199+0000] {logging_mixin.py:190} INFO - [2025-01-09T02:18:42.199+0000] {dag.py:3239} INFO - Sync 1 DAGs
[2025-01-09T02:18:42.318+0000] {logging_mixin.py:190} INFO - [2025-01-09T02:18:42.317+0000] {dag.py:4180} INFO - Setting next_dagrun for example_skip_dag to 2025-01-08 00:00:00+00:00, run_after=2025-01-09 00:00:00+00:00
[2025-01-09T02:18:42.427+0000] {processor.py:208} INFO - Processing /home/airflow/.local/lib/python3.12/site-packages/airflow/example_dags/example_skip_dag.py took 0.371 seconds
[2025-01-09T02:19:34.665+0000] {processor.py:186} INFO - Started process (PID=278) to work on /home/airflow/.local/lib/python3.12/site-packages/airflow/example_dags/example_skip_dag.py
[2025-01-09T02:19:34.700+0000] {processor.py:914} INFO - Processing file /home/airflow/.local/lib/python3.12/site-packages/airflow/example_dags/example_skip_dag.py for tasks to queue
[2025-01-09T02:19:34.731+0000] {logging_mixin.py:190} INFO - [2025-01-09T02:19:34.731+0000] {dagbag.py:588} INFO - Filling up the DagBag from /home/airflow/.local/lib/python3.12/site-packages/airflow/example_dags/example_skip_dag.py
[2025-01-09T02:19:34.768+0000] {processor.py:925} INFO - DAG(s) 'example_skip_dag' retrieved from /home/airflow/.local/lib/python3.12/site-packages/airflow/example_dags/example_skip_dag.py
[2025-01-09T02:19:34.934+0000] {logging_mixin.py:190} INFO - [2025-01-09T02:19:34.932+0000] {dag.py:3239} INFO - Sync 1 DAGs
[2025-01-09T02:19:34.992+0000] {logging_mixin.py:190} INFO - [2025-01-09T02:19:34.992+0000] {dag.py:4180} INFO - Setting next_dagrun for example_skip_dag to 2025-01-08 00:00:00+00:00, run_after=2025-01-09 00:00:00+00:00
[2025-01-09T02:19:35.153+0000] {processor.py:208} INFO - Processing /home/airflow/.local/lib/python3.12/site-packages/airflow/example_dags/example_skip_dag.py took 0.517 seconds
