[2025-01-09T02:17:49.087+0000] {processor.py:186} INFO - Started process (PID=118) to work on /home/airflow/.local/lib/python3.12/site-packages/airflow/example_dags/tutorial_taskflow_api_virtualenv.py
[2025-01-09T02:17:49.166+0000] {processor.py:914} INFO - Processing file /home/airflow/.local/lib/python3.12/site-packages/airflow/example_dags/tutorial_taskflow_api_virtualenv.py for tasks to queue
[2025-01-09T02:17:49.185+0000] {logging_mixin.py:190} INFO - [2025-01-09T02:17:49.185+0000] {dagbag.py:588} INFO - Filling up the DagBag from /home/airflow/.local/lib/python3.12/site-packages/airflow/example_dags/tutorial_taskflow_api_virtualenv.py
[2025-01-09T02:17:49.377+0000] {processor.py:925} INFO - DAG(s) 'tutorial_taskflow_api_virtualenv' retrieved from /home/airflow/.local/lib/python3.12/site-packages/airflow/example_dags/tutorial_taskflow_api_virtualenv.py
[2025-01-09T02:17:50.628+0000] {logging_mixin.py:190} INFO - [2025-01-09T02:17:50.627+0000] {override.py:1911} INFO - Created Permission View: can edit on DAG:tutorial_taskflow_api_virtualenv
[2025-01-09T02:17:50.656+0000] {logging_mixin.py:190} INFO - [2025-01-09T02:17:50.656+0000] {override.py:1911} INFO - Created Permission View: can read on DAG:tutorial_taskflow_api_virtualenv
[2025-01-09T02:17:50.743+0000] {logging_mixin.py:190} INFO - [2025-01-09T02:17:50.742+0000] {override.py:1911} INFO - Created Permission View: can delete on DAG:tutorial_taskflow_api_virtualenv
[2025-01-09T02:17:51.003+0000] {logging_mixin.py:190} INFO - [2025-01-09T02:17:51.003+0000] {override.py:1911} INFO - Created Permission View: can create on DAG Run:tutorial_taskflow_api_virtualenv
[2025-01-09T02:17:51.138+0000] {logging_mixin.py:190} INFO - [2025-01-09T02:17:51.137+0000] {override.py:1911} INFO - Created Permission View: menu access on DAG Run:tutorial_taskflow_api_virtualenv
[2025-01-09T02:17:51.196+0000] {logging_mixin.py:190} INFO - [2025-01-09T02:17:51.196+0000] {override.py:1911} INFO - Created Permission View: can read on DAG Run:tutorial_taskflow_api_virtualenv
[2025-01-09T02:17:51.323+0000] {logging_mixin.py:190} INFO - [2025-01-09T02:17:51.323+0000] {override.py:1911} INFO - Created Permission View: can delete on DAG Run:tutorial_taskflow_api_virtualenv
[2025-01-09T02:17:51.324+0000] {logging_mixin.py:190} INFO - [2025-01-09T02:17:51.324+0000] {dag.py:3239} INFO - Sync 1 DAGs
[2025-01-09T02:17:51.386+0000] {logging_mixin.py:190} INFO - [2025-01-09T02:17:51.386+0000] {dag.py:3262} INFO - Creating ORM DAG for tutorial_taskflow_api_virtualenv
[2025-01-09T02:17:51.387+0000] {logging_mixin.py:190} INFO - [2025-01-09T02:17:51.387+0000] {dag.py:4180} INFO - Setting next_dagrun for tutorial_taskflow_api_virtualenv to None, run_after=None
[2025-01-09T02:17:51.445+0000] {processor.py:208} INFO - Processing /home/airflow/.local/lib/python3.12/site-packages/airflow/example_dags/tutorial_taskflow_api_virtualenv.py took 2.414 seconds
[2025-01-09T02:18:23.946+0000] {processor.py:186} INFO - Started process (PID=187) to work on /home/airflow/.local/lib/python3.12/site-packages/airflow/example_dags/tutorial_taskflow_api_virtualenv.py
[2025-01-09T02:18:23.969+0000] {processor.py:914} INFO - Processing file /home/airflow/.local/lib/python3.12/site-packages/airflow/example_dags/tutorial_taskflow_api_virtualenv.py for tasks to queue
[2025-01-09T02:18:23.972+0000] {logging_mixin.py:190} INFO - [2025-01-09T02:18:23.971+0000] {dagbag.py:588} INFO - Filling up the DagBag from /home/airflow/.local/lib/python3.12/site-packages/airflow/example_dags/tutorial_taskflow_api_virtualenv.py
[2025-01-09T02:18:23.985+0000] {processor.py:925} INFO - DAG(s) 'tutorial_taskflow_api_virtualenv' retrieved from /home/airflow/.local/lib/python3.12/site-packages/airflow/example_dags/tutorial_taskflow_api_virtualenv.py
[2025-01-09T02:18:24.020+0000] {logging_mixin.py:190} INFO - [2025-01-09T02:18:24.019+0000] {dag.py:3239} INFO - Sync 1 DAGs
[2025-01-09T02:18:24.044+0000] {logging_mixin.py:190} INFO - [2025-01-09T02:18:24.044+0000] {dag.py:4180} INFO - Setting next_dagrun for tutorial_taskflow_api_virtualenv to None, run_after=None
[2025-01-09T02:18:24.150+0000] {processor.py:208} INFO - Processing /home/airflow/.local/lib/python3.12/site-packages/airflow/example_dags/tutorial_taskflow_api_virtualenv.py took 0.210 seconds
[2025-01-09T02:19:12.219+0000] {processor.py:186} INFO - Started process (PID=250) to work on /home/airflow/.local/lib/python3.12/site-packages/airflow/example_dags/tutorial_taskflow_api_virtualenv.py
[2025-01-09T02:19:12.247+0000] {processor.py:914} INFO - Processing file /home/airflow/.local/lib/python3.12/site-packages/airflow/example_dags/tutorial_taskflow_api_virtualenv.py for tasks to queue
[2025-01-09T02:19:12.271+0000] {logging_mixin.py:190} INFO - [2025-01-09T02:19:12.271+0000] {dagbag.py:588} INFO - Filling up the DagBag from /home/airflow/.local/lib/python3.12/site-packages/airflow/example_dags/tutorial_taskflow_api_virtualenv.py
[2025-01-09T02:19:12.574+0000] {processor.py:925} INFO - DAG(s) 'tutorial_taskflow_api_virtualenv' retrieved from /home/airflow/.local/lib/python3.12/site-packages/airflow/example_dags/tutorial_taskflow_api_virtualenv.py
[2025-01-09T02:19:12.941+0000] {logging_mixin.py:190} INFO - [2025-01-09T02:19:12.940+0000] {dag.py:3239} INFO - Sync 1 DAGs
[2025-01-09T02:19:13.233+0000] {logging_mixin.py:190} INFO - [2025-01-09T02:19:13.233+0000] {dag.py:4180} INFO - Setting next_dagrun for tutorial_taskflow_api_virtualenv to None, run_after=None
[2025-01-09T02:19:13.503+0000] {processor.py:208} INFO - Processing /home/airflow/.local/lib/python3.12/site-packages/airflow/example_dags/tutorial_taskflow_api_virtualenv.py took 1.290 seconds
