[2025-01-09T02:18:01.577+0000] {processor.py:186} INFO - Started process (PID=133) to work on /home/airflow/.local/lib/python3.12/site-packages/airflow/example_dags/tutorial_dag.py
[2025-01-09T02:18:01.583+0000] {processor.py:914} INFO - Processing file /home/airflow/.local/lib/python3.12/site-packages/airflow/example_dags/tutorial_dag.py for tasks to queue
[2025-01-09T02:18:01.587+0000] {logging_mixin.py:190} INFO - [2025-01-09T02:18:01.586+0000] {dagbag.py:588} INFO - Filling up the DagBag from /home/airflow/.local/lib/python3.12/site-packages/airflow/example_dags/tutorial_dag.py
[2025-01-09T02:18:01.618+0000] {processor.py:925} INFO - DAG(s) 'tutorial_dag' retrieved from /home/airflow/.local/lib/python3.12/site-packages/airflow/example_dags/tutorial_dag.py
[2025-01-09T02:18:02.084+0000] {logging_mixin.py:190} INFO - [2025-01-09T02:18:02.080+0000] {override.py:1911} INFO - Created Permission View: can edit on DAG:tutorial_dag
[2025-01-09T02:18:02.184+0000] {logging_mixin.py:190} INFO - [2025-01-09T02:18:02.184+0000] {override.py:1911} INFO - Created Permission View: can read on DAG:tutorial_dag
[2025-01-09T02:18:02.262+0000] {logging_mixin.py:190} INFO - [2025-01-09T02:18:02.261+0000] {override.py:1911} INFO - Created Permission View: can delete on DAG:tutorial_dag
[2025-01-09T02:18:02.413+0000] {logging_mixin.py:190} INFO - [2025-01-09T02:18:02.412+0000] {override.py:1911} INFO - Created Permission View: can create on DAG Run:tutorial_dag
[2025-01-09T02:18:02.479+0000] {logging_mixin.py:190} INFO - [2025-01-09T02:18:02.479+0000] {override.py:1911} INFO - Created Permission View: menu access on DAG Run:tutorial_dag
[2025-01-09T02:18:02.554+0000] {logging_mixin.py:190} INFO - [2025-01-09T02:18:02.553+0000] {override.py:1911} INFO - Created Permission View: can read on DAG Run:tutorial_dag
[2025-01-09T02:18:02.564+0000] {logging_mixin.py:190} INFO - [2025-01-09T02:18:02.563+0000] {override.py:1911} INFO - Created Permission View: can delete on DAG Run:tutorial_dag
[2025-01-09T02:18:02.565+0000] {logging_mixin.py:190} INFO - [2025-01-09T02:18:02.564+0000] {dag.py:3239} INFO - Sync 1 DAGs
[2025-01-09T02:18:02.629+0000] {logging_mixin.py:190} INFO - [2025-01-09T02:18:02.628+0000] {dag.py:3262} INFO - Creating ORM DAG for tutorial_dag
[2025-01-09T02:18:02.631+0000] {logging_mixin.py:190} INFO - [2025-01-09T02:18:02.630+0000] {dag.py:4180} INFO - Setting next_dagrun for tutorial_dag to None, run_after=None
[2025-01-09T02:18:02.707+0000] {processor.py:208} INFO - Processing /home/airflow/.local/lib/python3.12/site-packages/airflow/example_dags/tutorial_dag.py took 1.148 seconds
[2025-01-09T02:18:33.507+0000] {processor.py:186} INFO - Started process (PID=195) to work on /home/airflow/.local/lib/python3.12/site-packages/airflow/example_dags/tutorial_dag.py
[2025-01-09T02:18:33.513+0000] {processor.py:914} INFO - Processing file /home/airflow/.local/lib/python3.12/site-packages/airflow/example_dags/tutorial_dag.py for tasks to queue
[2025-01-09T02:18:33.541+0000] {logging_mixin.py:190} INFO - [2025-01-09T02:18:33.524+0000] {dagbag.py:588} INFO - Filling up the DagBag from /home/airflow/.local/lib/python3.12/site-packages/airflow/example_dags/tutorial_dag.py
[2025-01-09T02:18:33.637+0000] {processor.py:925} INFO - DAG(s) 'tutorial_dag' retrieved from /home/airflow/.local/lib/python3.12/site-packages/airflow/example_dags/tutorial_dag.py
[2025-01-09T02:18:33.833+0000] {logging_mixin.py:190} INFO - [2025-01-09T02:18:33.833+0000] {dag.py:3239} INFO - Sync 1 DAGs
[2025-01-09T02:18:33.928+0000] {logging_mixin.py:190} INFO - [2025-01-09T02:18:33.927+0000] {dag.py:4180} INFO - Setting next_dagrun for tutorial_dag to None, run_after=None
[2025-01-09T02:18:34.222+0000] {processor.py:208} INFO - Processing /home/airflow/.local/lib/python3.12/site-packages/airflow/example_dags/tutorial_dag.py took 0.737 seconds
[2025-01-09T02:19:31.324+0000] {processor.py:186} INFO - Started process (PID=271) to work on /home/airflow/.local/lib/python3.12/site-packages/airflow/example_dags/tutorial_dag.py
[2025-01-09T02:19:31.342+0000] {processor.py:914} INFO - Processing file /home/airflow/.local/lib/python3.12/site-packages/airflow/example_dags/tutorial_dag.py for tasks to queue
[2025-01-09T02:19:31.360+0000] {logging_mixin.py:190} INFO - [2025-01-09T02:19:31.359+0000] {dagbag.py:588} INFO - Filling up the DagBag from /home/airflow/.local/lib/python3.12/site-packages/airflow/example_dags/tutorial_dag.py
[2025-01-09T02:19:31.397+0000] {processor.py:925} INFO - DAG(s) 'tutorial_dag' retrieved from /home/airflow/.local/lib/python3.12/site-packages/airflow/example_dags/tutorial_dag.py
[2025-01-09T02:19:31.525+0000] {logging_mixin.py:190} INFO - [2025-01-09T02:19:31.525+0000] {dag.py:3239} INFO - Sync 1 DAGs
[2025-01-09T02:19:31.586+0000] {logging_mixin.py:190} INFO - [2025-01-09T02:19:31.585+0000] {dag.py:4180} INFO - Setting next_dagrun for tutorial_dag to None, run_after=None
[2025-01-09T02:19:31.703+0000] {processor.py:208} INFO - Processing /home/airflow/.local/lib/python3.12/site-packages/airflow/example_dags/tutorial_dag.py took 0.399 seconds
