[2025-01-09T02:17:45.956+0000] {processor.py:186} INFO - Started process (PID=115) to work on /home/airflow/.local/lib/python3.12/site-packages/airflow/example_dags/tutorial_taskflow_templates.py
[2025-01-09T02:17:45.957+0000] {processor.py:914} INFO - Processing file /home/airflow/.local/lib/python3.12/site-packages/airflow/example_dags/tutorial_taskflow_templates.py for tasks to queue
[2025-01-09T02:17:45.965+0000] {logging_mixin.py:190} INFO - [2025-01-09T02:17:45.964+0000] {dagbag.py:588} INFO - Filling up the DagBag from /home/airflow/.local/lib/python3.12/site-packages/airflow/example_dags/tutorial_taskflow_templates.py
[2025-01-09T02:17:46.091+0000] {processor.py:925} INFO - DAG(s) 'tutorial_taskflow_templates' retrieved from /home/airflow/.local/lib/python3.12/site-packages/airflow/example_dags/tutorial_taskflow_templates.py
[2025-01-09T02:17:46.934+0000] {logging_mixin.py:190} INFO - [2025-01-09T02:17:46.933+0000] {override.py:1911} INFO - Created Permission View: can edit on DAG:tutorial_taskflow_templates
[2025-01-09T02:17:47.115+0000] {logging_mixin.py:190} INFO - [2025-01-09T02:17:47.115+0000] {override.py:1911} INFO - Created Permission View: can read on DAG:tutorial_taskflow_templates
[2025-01-09T02:17:47.367+0000] {logging_mixin.py:190} INFO - [2025-01-09T02:17:47.367+0000] {override.py:1911} INFO - Created Permission View: can delete on DAG:tutorial_taskflow_templates
[2025-01-09T02:17:47.649+0000] {logging_mixin.py:190} INFO - [2025-01-09T02:17:47.648+0000] {override.py:1911} INFO - Created Permission View: can create on DAG Run:tutorial_taskflow_templates
[2025-01-09T02:17:47.975+0000] {logging_mixin.py:190} INFO - [2025-01-09T02:17:47.974+0000] {override.py:1911} INFO - Created Permission View: menu access on DAG Run:tutorial_taskflow_templates
[2025-01-09T02:17:48.180+0000] {logging_mixin.py:190} INFO - [2025-01-09T02:17:48.179+0000] {override.py:1911} INFO - Created Permission View: can read on DAG Run:tutorial_taskflow_templates
[2025-01-09T02:17:48.341+0000] {logging_mixin.py:190} INFO - [2025-01-09T02:17:48.341+0000] {override.py:1911} INFO - Created Permission View: can delete on DAG Run:tutorial_taskflow_templates
[2025-01-09T02:17:48.342+0000] {logging_mixin.py:190} INFO - [2025-01-09T02:17:48.342+0000] {dag.py:3239} INFO - Sync 1 DAGs
[2025-01-09T02:17:48.397+0000] {logging_mixin.py:190} INFO - [2025-01-09T02:17:48.397+0000] {dag.py:3262} INFO - Creating ORM DAG for tutorial_taskflow_templates
[2025-01-09T02:17:48.474+0000] {logging_mixin.py:190} INFO - [2025-01-09T02:17:48.474+0000] {dag.py:4180} INFO - Setting next_dagrun for tutorial_taskflow_templates to 2025-01-08 00:00:00+00:00, run_after=2025-01-09 00:00:00+00:00
[2025-01-09T02:17:48.621+0000] {processor.py:208} INFO - Processing /home/airflow/.local/lib/python3.12/site-packages/airflow/example_dags/tutorial_taskflow_templates.py took 2.715 seconds
[2025-01-09T02:18:23.465+0000] {processor.py:186} INFO - Started process (PID=184) to work on /home/airflow/.local/lib/python3.12/site-packages/airflow/example_dags/tutorial_taskflow_templates.py
[2025-01-09T02:18:23.473+0000] {processor.py:914} INFO - Processing file /home/airflow/.local/lib/python3.12/site-packages/airflow/example_dags/tutorial_taskflow_templates.py for tasks to queue
[2025-01-09T02:18:23.478+0000] {logging_mixin.py:190} INFO - [2025-01-09T02:18:23.478+0000] {dagbag.py:588} INFO - Filling up the DagBag from /home/airflow/.local/lib/python3.12/site-packages/airflow/example_dags/tutorial_taskflow_templates.py
[2025-01-09T02:18:23.508+0000] {processor.py:925} INFO - DAG(s) 'tutorial_taskflow_templates' retrieved from /home/airflow/.local/lib/python3.12/site-packages/airflow/example_dags/tutorial_taskflow_templates.py
[2025-01-09T02:18:23.539+0000] {logging_mixin.py:190} INFO - [2025-01-09T02:18:23.539+0000] {dag.py:3239} INFO - Sync 1 DAGs
[2025-01-09T02:18:23.616+0000] {logging_mixin.py:190} INFO - [2025-01-09T02:18:23.615+0000] {dag.py:4180} INFO - Setting next_dagrun for tutorial_taskflow_templates to 2025-01-08 00:00:00+00:00, run_after=2025-01-09 00:00:00+00:00
[2025-01-09T02:18:23.664+0000] {processor.py:208} INFO - Processing /home/airflow/.local/lib/python3.12/site-packages/airflow/example_dags/tutorial_taskflow_templates.py took 0.206 seconds
[2025-01-09T02:19:10.014+0000] {processor.py:186} INFO - Started process (PID=247) to work on /home/airflow/.local/lib/python3.12/site-packages/airflow/example_dags/tutorial_taskflow_templates.py
[2025-01-09T02:19:10.022+0000] {processor.py:914} INFO - Processing file /home/airflow/.local/lib/python3.12/site-packages/airflow/example_dags/tutorial_taskflow_templates.py for tasks to queue
[2025-01-09T02:19:10.043+0000] {logging_mixin.py:190} INFO - [2025-01-09T02:19:10.043+0000] {dagbag.py:588} INFO - Filling up the DagBag from /home/airflow/.local/lib/python3.12/site-packages/airflow/example_dags/tutorial_taskflow_templates.py
[2025-01-09T02:19:10.121+0000] {processor.py:925} INFO - DAG(s) 'tutorial_taskflow_templates' retrieved from /home/airflow/.local/lib/python3.12/site-packages/airflow/example_dags/tutorial_taskflow_templates.py
[2025-01-09T02:19:10.324+0000] {logging_mixin.py:190} INFO - [2025-01-09T02:19:10.324+0000] {dag.py:3239} INFO - Sync 1 DAGs
[2025-01-09T02:19:10.766+0000] {logging_mixin.py:190} INFO - [2025-01-09T02:19:10.753+0000] {dag.py:4180} INFO - Setting next_dagrun for tutorial_taskflow_templates to 2025-01-08 00:00:00+00:00, run_after=2025-01-09 00:00:00+00:00
[2025-01-09T02:19:11.079+0000] {processor.py:208} INFO - Processing /home/airflow/.local/lib/python3.12/site-packages/airflow/example_dags/tutorial_taskflow_templates.py took 1.101 seconds
