[2025-01-09T02:16:45.891+0000] {processor.py:186} INFO - Started process (PID=79) to work on /home/airflow/.local/lib/python3.12/site-packages/airflow/example_dags/tutorial.py
[2025-01-09T02:16:45.971+0000] {processor.py:914} INFO - Processing file /home/airflow/.local/lib/python3.12/site-packages/airflow/example_dags/tutorial.py for tasks to queue
[2025-01-09T02:16:45.994+0000] {logging_mixin.py:190} INFO - [2025-01-09T02:16:45.993+0000] {dagbag.py:588} INFO - Filling up the DagBag from /home/airflow/.local/lib/python3.12/site-packages/airflow/example_dags/tutorial.py
[2025-01-09T02:16:46.476+0000] {processor.py:925} INFO - DAG(s) 'tutorial' retrieved from /home/airflow/.local/lib/python3.12/site-packages/airflow/example_dags/tutorial.py
[2025-01-09T02:16:51.122+0000] {logging_mixin.py:190} INFO - [2025-01-09T02:16:51.115+0000] {override.py:1911} INFO - Created Permission View: can edit on DAG:tutorial
[2025-01-09T02:16:51.289+0000] {logging_mixin.py:190} INFO - [2025-01-09T02:16:51.288+0000] {override.py:1911} INFO - Created Permission View: can read on DAG:tutorial
[2025-01-09T02:16:51.617+0000] {logging_mixin.py:190} INFO - [2025-01-09T02:16:51.612+0000] {override.py:1911} INFO - Created Permission View: can delete on DAG:tutorial
[2025-01-09T02:16:51.845+0000] {logging_mixin.py:190} INFO - [2025-01-09T02:16:51.839+0000] {override.py:1911} INFO - Created Permission View: can create on DAG Run:tutorial
[2025-01-09T02:16:52.088+0000] {logging_mixin.py:190} INFO - [2025-01-09T02:16:52.087+0000] {override.py:1911} INFO - Created Permission View: menu access on DAG Run:tutorial
[2025-01-09T02:16:52.261+0000] {logging_mixin.py:190} INFO - [2025-01-09T02:16:52.260+0000] {override.py:1911} INFO - Created Permission View: can read on DAG Run:tutorial
[2025-01-09T02:16:52.379+0000] {logging_mixin.py:190} INFO - [2025-01-09T02:16:52.378+0000] {override.py:1911} INFO - Created Permission View: can delete on DAG Run:tutorial
[2025-01-09T02:16:52.380+0000] {logging_mixin.py:190} INFO - [2025-01-09T02:16:52.380+0000] {dag.py:3239} INFO - Sync 1 DAGs
[2025-01-09T02:16:52.627+0000] {logging_mixin.py:190} INFO - [2025-01-09T02:16:52.626+0000] {dag.py:3262} INFO - Creating ORM DAG for tutorial
[2025-01-09T02:16:52.841+0000] {logging_mixin.py:190} INFO - [2025-01-09T02:16:52.841+0000] {dag.py:4180} INFO - Setting next_dagrun for tutorial to 2025-01-08 00:00:00+00:00, run_after=2025-01-09 00:00:00+00:00
[2025-01-09T02:16:53.424+0000] {processor.py:208} INFO - Processing /home/airflow/.local/lib/python3.12/site-packages/airflow/example_dags/tutorial.py took 7.563 seconds
[2025-01-09T02:18:14.763+0000] {processor.py:186} INFO - Started process (PID=154) to work on /home/airflow/.local/lib/python3.12/site-packages/airflow/example_dags/tutorial.py
[2025-01-09T02:18:14.769+0000] {processor.py:914} INFO - Processing file /home/airflow/.local/lib/python3.12/site-packages/airflow/example_dags/tutorial.py for tasks to queue
[2025-01-09T02:18:14.783+0000] {logging_mixin.py:190} INFO - [2025-01-09T02:18:14.783+0000] {dagbag.py:588} INFO - Filling up the DagBag from /home/airflow/.local/lib/python3.12/site-packages/airflow/example_dags/tutorial.py
[2025-01-09T02:18:14.833+0000] {processor.py:925} INFO - DAG(s) 'tutorial' retrieved from /home/airflow/.local/lib/python3.12/site-packages/airflow/example_dags/tutorial.py
[2025-01-09T02:18:14.993+0000] {logging_mixin.py:190} INFO - [2025-01-09T02:18:14.993+0000] {dag.py:3239} INFO - Sync 1 DAGs
[2025-01-09T02:18:15.053+0000] {logging_mixin.py:190} INFO - [2025-01-09T02:18:15.053+0000] {dag.py:4180} INFO - Setting next_dagrun for tutorial to 2025-01-08 00:00:00+00:00, run_after=2025-01-09 00:00:00+00:00
[2025-01-09T02:18:15.106+0000] {processor.py:208} INFO - Processing /home/airflow/.local/lib/python3.12/site-packages/airflow/example_dags/tutorial.py took 0.370 seconds
[2025-01-09T02:18:47.855+0000] {processor.py:186} INFO - Started process (PID=216) to work on /home/airflow/.local/lib/python3.12/site-packages/airflow/example_dags/tutorial.py
[2025-01-09T02:18:47.860+0000] {processor.py:914} INFO - Processing file /home/airflow/.local/lib/python3.12/site-packages/airflow/example_dags/tutorial.py for tasks to queue
[2025-01-09T02:18:47.873+0000] {logging_mixin.py:190} INFO - [2025-01-09T02:18:47.868+0000] {dagbag.py:588} INFO - Filling up the DagBag from /home/airflow/.local/lib/python3.12/site-packages/airflow/example_dags/tutorial.py
[2025-01-09T02:18:47.938+0000] {processor.py:925} INFO - DAG(s) 'tutorial' retrieved from /home/airflow/.local/lib/python3.12/site-packages/airflow/example_dags/tutorial.py
[2025-01-09T02:18:48.099+0000] {logging_mixin.py:190} INFO - [2025-01-09T02:18:48.099+0000] {dag.py:3239} INFO - Sync 1 DAGs
[2025-01-09T02:18:48.212+0000] {logging_mixin.py:190} INFO - [2025-01-09T02:18:48.212+0000] {dag.py:4180} INFO - Setting next_dagrun for tutorial to 2025-01-08 00:00:00+00:00, run_after=2025-01-09 00:00:00+00:00
[2025-01-09T02:18:48.464+0000] {processor.py:208} INFO - Processing /home/airflow/.local/lib/python3.12/site-packages/airflow/example_dags/tutorial.py took 0.709 seconds
[2025-01-09T02:19:23.231+0000] {processor.py:186} INFO - Started process (PID=268) to work on /home/airflow/.local/lib/python3.12/site-packages/airflow/example_dags/tutorial.py
[2025-01-09T02:19:23.920+0000] {processor.py:914} INFO - Processing file /home/airflow/.local/lib/python3.12/site-packages/airflow/example_dags/tutorial.py for tasks to queue
[2025-01-09T02:19:23.973+0000] {logging_mixin.py:190} INFO - [2025-01-09T02:19:23.971+0000] {dagbag.py:588} INFO - Filling up the DagBag from /home/airflow/.local/lib/python3.12/site-packages/airflow/example_dags/tutorial.py
[2025-01-09T02:19:24.038+0000] {processor.py:925} INFO - DAG(s) 'tutorial' retrieved from /home/airflow/.local/lib/python3.12/site-packages/airflow/example_dags/tutorial.py
[2025-01-09T02:19:24.864+0000] {logging_mixin.py:190} INFO - [2025-01-09T02:19:24.863+0000] {dag.py:3239} INFO - Sync 1 DAGs
[2025-01-09T02:19:26.258+0000] {logging_mixin.py:190} INFO - [2025-01-09T02:19:26.258+0000] {dag.py:4180} INFO - Setting next_dagrun for tutorial to 2025-01-08 00:00:00+00:00, run_after=2025-01-09 00:00:00+00:00
[2025-01-09T02:19:26.491+0000] {processor.py:208} INFO - Processing /home/airflow/.local/lib/python3.12/site-packages/airflow/example_dags/tutorial.py took 3.780 seconds
