[2025-01-09T02:18:05.854+0000] {processor.py:186} INFO - Started process (PID=136) to work on /home/airflow/.local/lib/python3.12/site-packages/airflow/example_dags/tutorial_taskflow_api.py
[2025-01-09T02:18:05.855+0000] {processor.py:914} INFO - Processing file /home/airflow/.local/lib/python3.12/site-packages/airflow/example_dags/tutorial_taskflow_api.py for tasks to queue
[2025-01-09T02:18:05.859+0000] {logging_mixin.py:190} INFO - [2025-01-09T02:18:05.859+0000] {dagbag.py:588} INFO - Filling up the DagBag from /home/airflow/.local/lib/python3.12/site-packages/airflow/example_dags/tutorial_taskflow_api.py
[2025-01-09T02:18:05.889+0000] {processor.py:925} INFO - DAG(s) 'tutorial_taskflow_api' retrieved from /home/airflow/.local/lib/python3.12/site-packages/airflow/example_dags/tutorial_taskflow_api.py
[2025-01-09T02:18:06.307+0000] {logging_mixin.py:190} INFO - [2025-01-09T02:18:06.306+0000] {override.py:1911} INFO - Created Permission View: can edit on DAG:tutorial_taskflow_api
[2025-01-09T02:18:06.409+0000] {logging_mixin.py:190} INFO - [2025-01-09T02:18:06.409+0000] {override.py:1911} INFO - Created Permission View: can read on DAG:tutorial_taskflow_api
[2025-01-09T02:18:06.486+0000] {logging_mixin.py:190} INFO - [2025-01-09T02:18:06.486+0000] {override.py:1911} INFO - Created Permission View: can delete on DAG:tutorial_taskflow_api
[2025-01-09T02:18:06.630+0000] {logging_mixin.py:190} INFO - [2025-01-09T02:18:06.630+0000] {override.py:1911} INFO - Created Permission View: can create on DAG Run:tutorial_taskflow_api
[2025-01-09T02:18:06.699+0000] {logging_mixin.py:190} INFO - [2025-01-09T02:18:06.699+0000] {override.py:1911} INFO - Created Permission View: menu access on DAG Run:tutorial_taskflow_api
[2025-01-09T02:18:06.768+0000] {logging_mixin.py:190} INFO - [2025-01-09T02:18:06.768+0000] {override.py:1911} INFO - Created Permission View: can read on DAG Run:tutorial_taskflow_api
[2025-01-09T02:18:06.854+0000] {logging_mixin.py:190} INFO - [2025-01-09T02:18:06.854+0000] {override.py:1911} INFO - Created Permission View: can delete on DAG Run:tutorial_taskflow_api
[2025-01-09T02:18:06.855+0000] {logging_mixin.py:190} INFO - [2025-01-09T02:18:06.854+0000] {dag.py:3239} INFO - Sync 1 DAGs
[2025-01-09T02:18:06.882+0000] {logging_mixin.py:190} INFO - [2025-01-09T02:18:06.882+0000] {dag.py:3262} INFO - Creating ORM DAG for tutorial_taskflow_api
[2025-01-09T02:18:06.888+0000] {logging_mixin.py:190} INFO - [2025-01-09T02:18:06.888+0000] {dag.py:4180} INFO - Setting next_dagrun for tutorial_taskflow_api to None, run_after=None
[2025-01-09T02:18:06.952+0000] {processor.py:208} INFO - Processing /home/airflow/.local/lib/python3.12/site-packages/airflow/example_dags/tutorial_taskflow_api.py took 1.106 seconds
[2025-01-09T02:18:38.035+0000] {processor.py:186} INFO - Started process (PID=199) to work on /home/airflow/.local/lib/python3.12/site-packages/airflow/example_dags/tutorial_taskflow_api.py
[2025-01-09T02:18:38.074+0000] {processor.py:914} INFO - Processing file /home/airflow/.local/lib/python3.12/site-packages/airflow/example_dags/tutorial_taskflow_api.py for tasks to queue
[2025-01-09T02:18:38.125+0000] {logging_mixin.py:190} INFO - [2025-01-09T02:18:38.123+0000] {dagbag.py:588} INFO - Filling up the DagBag from /home/airflow/.local/lib/python3.12/site-packages/airflow/example_dags/tutorial_taskflow_api.py
[2025-01-09T02:18:38.234+0000] {processor.py:925} INFO - DAG(s) 'tutorial_taskflow_api' retrieved from /home/airflow/.local/lib/python3.12/site-packages/airflow/example_dags/tutorial_taskflow_api.py
[2025-01-09T02:18:38.393+0000] {logging_mixin.py:190} INFO - [2025-01-09T02:18:38.392+0000] {dag.py:3239} INFO - Sync 1 DAGs
[2025-01-09T02:18:38.545+0000] {logging_mixin.py:190} INFO - [2025-01-09T02:18:38.544+0000] {dag.py:4180} INFO - Setting next_dagrun for tutorial_taskflow_api to None, run_after=None
[2025-01-09T02:18:38.718+0000] {processor.py:208} INFO - Processing /home/airflow/.local/lib/python3.12/site-packages/airflow/example_dags/tutorial_taskflow_api.py took 0.804 seconds
[2025-01-09T02:19:32.720+0000] {processor.py:186} INFO - Started process (PID=274) to work on /home/airflow/.local/lib/python3.12/site-packages/airflow/example_dags/tutorial_taskflow_api.py
[2025-01-09T02:19:32.783+0000] {processor.py:914} INFO - Processing file /home/airflow/.local/lib/python3.12/site-packages/airflow/example_dags/tutorial_taskflow_api.py for tasks to queue
[2025-01-09T02:19:32.815+0000] {logging_mixin.py:190} INFO - [2025-01-09T02:19:32.815+0000] {dagbag.py:588} INFO - Filling up the DagBag from /home/airflow/.local/lib/python3.12/site-packages/airflow/example_dags/tutorial_taskflow_api.py
[2025-01-09T02:19:32.928+0000] {processor.py:925} INFO - DAG(s) 'tutorial_taskflow_api' retrieved from /home/airflow/.local/lib/python3.12/site-packages/airflow/example_dags/tutorial_taskflow_api.py
[2025-01-09T02:19:33.111+0000] {logging_mixin.py:190} INFO - [2025-01-09T02:19:33.111+0000] {dag.py:3239} INFO - Sync 1 DAGs
[2025-01-09T02:19:33.155+0000] {logging_mixin.py:190} INFO - [2025-01-09T02:19:33.155+0000] {dag.py:4180} INFO - Setting next_dagrun for tutorial_taskflow_api to None, run_after=None
[2025-01-09T02:19:33.279+0000] {processor.py:208} INFO - Processing /home/airflow/.local/lib/python3.12/site-packages/airflow/example_dags/tutorial_taskflow_api.py took 0.565 seconds
