[2025-01-13T02:29:45.168+0000] {local_task_job_runner.py:123} INFO - ::group::Pre task execution logs
[2025-01-13T02:29:45.256+0000] {taskinstance.py:2613} INFO - Dependencies all met for dep_context=non-requeueable deps ti=<TaskInstance: topcv_scraper.download_html scheduled__2025-01-12T00:00:00+00:00 [queued]>
[2025-01-13T02:29:45.438+0000] {taskinstance.py:2613} INFO - Dependencies all met for dep_context=requeueable deps ti=<TaskInstance: topcv_scraper.download_html scheduled__2025-01-12T00:00:00+00:00 [queued]>
[2025-01-13T02:29:45.439+0000] {taskinstance.py:2866} INFO - Starting attempt 1 of 2
[2025-01-13T02:29:45.547+0000] {taskinstance.py:2889} INFO - Executing <Task(PythonOperator): download_html> on 2025-01-12 00:00:00+00:00
[2025-01-13T02:29:45.564+0000] {warnings.py:112} WARNING - /home/***/.local/lib/python3.12/site-packages/***/task/task_runner/standard_task_runner.py:70: DeprecationWarning: This process (pid=269) is multi-threaded, use of fork() may lead to deadlocks in the child.
  pid = os.fork()

[2025-01-13T02:29:45.574+0000] {standard_task_runner.py:72} INFO - Started process 270 to run task
[2025-01-13T02:29:45.590+0000] {standard_task_runner.py:104} INFO - Running: ['***', 'tasks', 'run', 'topcv_scraper', 'download_html', 'scheduled__2025-01-12T00:00:00+00:00', '--job-id', '19', '--raw', '--subdir', 'DAGS_FOLDER/crawl_data.py', '--cfg-path', '/tmp/tmpjsf1qjtr']
[2025-01-13T02:29:45.619+0000] {standard_task_runner.py:105} INFO - Job 19: Subtask download_html
[2025-01-13T02:29:45.877+0000] {task_command.py:467} INFO - Running <TaskInstance: topcv_scraper.download_html scheduled__2025-01-12T00:00:00+00:00 [running]> on host 91a339479d94
[2025-01-13T02:30:03.623+0000] {taskinstance.py:3132} INFO - Exporting env vars: AIRFLOW_CTX_DAG_OWNER='***' AIRFLOW_CTX_DAG_ID='topcv_scraper' AIRFLOW_CTX_TASK_ID='download_html' AIRFLOW_CTX_EXECUTION_DATE='2025-01-12T00:00:00+00:00' AIRFLOW_CTX_TRY_NUMBER='1' AIRFLOW_CTX_DAG_RUN_ID='scheduled__2025-01-12T00:00:00+00:00'
[2025-01-13T02:30:03.629+0000] {taskinstance.py:731} INFO - ::endgroup::
[2025-01-13T02:30:03.713+0000] {python.py:240} INFO - Done. Returned value was: None
[2025-01-13T02:30:03.794+0000] {taskinstance.py:340} INFO - ::group::Post task execution logs
[2025-01-13T02:30:03.798+0000] {taskinstance.py:352} INFO - Marking task as SUCCESS. dag_id=topcv_scraper, task_id=download_html, run_id=scheduled__2025-01-12T00:00:00+00:00, execution_date=20250112T000000, start_date=20250113T022945, end_date=20250113T023003
[2025-01-13T02:30:04.106+0000] {local_task_job_runner.py:266} INFO - Task exited with return code 0
[2025-01-13T02:30:04.152+0000] {local_task_job_runner.py:245} INFO - ::endgroup::
[2025-01-13T09:55:55.700+0000] {local_task_job_runner.py:123} INFO - ::group::Pre task execution logs
[2025-01-13T09:55:55.728+0000] {taskinstance.py:2613} INFO - Dependencies all met for dep_context=non-requeueable deps ti=<TaskInstance: topcv_scraper.download_html scheduled__2025-01-12T00:00:00+00:00 [queued]>
[2025-01-13T09:55:55.742+0000] {taskinstance.py:2613} INFO - Dependencies all met for dep_context=requeueable deps ti=<TaskInstance: topcv_scraper.download_html scheduled__2025-01-12T00:00:00+00:00 [queued]>
[2025-01-13T09:55:55.743+0000] {taskinstance.py:2866} INFO - Starting attempt 1 of 2
[2025-01-13T09:55:55.766+0000] {taskinstance.py:2889} INFO - Executing <Task(PythonOperator): download_html> on 2025-01-12 00:00:00+00:00
[2025-01-13T09:55:55.782+0000] {warnings.py:112} WARNING - /home/***/.local/lib/python3.12/site-packages/***/task/task_runner/standard_task_runner.py:70: DeprecationWarning: This process (pid=85) is multi-threaded, use of fork() may lead to deadlocks in the child.
  pid = os.fork()

[2025-01-13T09:55:55.795+0000] {standard_task_runner.py:72} INFO - Started process 87 to run task
[2025-01-13T09:55:55.801+0000] {standard_task_runner.py:104} INFO - Running: ['***', 'tasks', 'run', 'topcv_scraper', 'download_html', 'scheduled__2025-01-12T00:00:00+00:00', '--job-id', '5', '--raw', '--subdir', 'DAGS_FOLDER/crawl_data.py', '--cfg-path', '/tmp/tmpkckr8_4t']
[2025-01-13T09:55:55.814+0000] {standard_task_runner.py:105} INFO - Job 5: Subtask download_html
[2025-01-13T09:55:55.915+0000] {task_command.py:467} INFO - Running <TaskInstance: topcv_scraper.download_html scheduled__2025-01-12T00:00:00+00:00 [running]> on host c9148da66659
[2025-01-13T09:55:56.305+0000] {taskinstance.py:3132} INFO - Exporting env vars: AIRFLOW_CTX_DAG_OWNER='***' AIRFLOW_CTX_DAG_ID='topcv_scraper' AIRFLOW_CTX_TASK_ID='download_html' AIRFLOW_CTX_EXECUTION_DATE='2025-01-12T00:00:00+00:00' AIRFLOW_CTX_TRY_NUMBER='1' AIRFLOW_CTX_DAG_RUN_ID='scheduled__2025-01-12T00:00:00+00:00'
[2025-01-13T09:55:56.306+0000] {taskinstance.py:731} INFO - ::endgroup::
[2025-01-13T09:56:06.594+0000] {logging_mixin.py:190} INFO - Successfully retrieved and saved HTML for: https://www.topcv.vn/viec-lam/nhan-vien-tu-van-ban-hang-qua-dien-thoai-telesales-cham-soc-khach-hang-data-san-thu-viec-100-luong-fulltime-quan-12/1583957.html?ta_source=JobSearchList_LinkDetail&u_sr_id=W75zYcLd7tvGb9nKP5WoU2ngOEjgOZqYBuPoo9SE_1736762152
[2025-01-13T09:56:19.023+0000] {logging_mixin.py:190} INFO - Successfully retrieved and saved HTML for: https://www.topcv.vn/viec-lam/chuyen-vien-tu-van-tham-my-thu-nhap-tu-15tr-30tr-thang/1391152.html?ta_source=JobSearchList_LinkDetail&u_sr_id=W75zYcLd7tvGb9nKP5WoU2ngOEjgOZqYBuPoo9SE_1736762152
[2025-01-13T09:56:30.060+0000] {logging_mixin.py:190} INFO - Successfully retrieved and saved HTML for: https://www.topcv.vn/viec-lam/lap-trinh-vien-php-senior/1299695.html?ta_source=JobSearchList_LinkDetail&u_sr_id=W75zYcLd7tvGb9nKP5WoU2ngOEjgOZqYBuPoo9SE_1736762152
[2025-01-13T09:56:44.795+0000] {logging_mixin.py:190} INFO - Successfully retrieved and saved HTML for: https://www.topcv.vn/viec-lam/chuyen-vien-tu-van-tong-dai-call-center-tu-van-chot-don-telesales-data-hotlead-kinh-nghiem-tu-3-thang-tro-len-nhan-viec-sau-tet/1583849.html?ta_source=JobSearchList_LinkDetail&u_sr_id=W75zYcLd7tvGb9nKP5WoU2ngOEjgOZqYBuPoo9SE_1736762152
[2025-01-13T09:56:55.678+0000] {logging_mixin.py:190} INFO - Successfully retrieved and saved HTML for: https://www.topcv.vn/viec-lam/chuyen-vien-quan-he-khach-hang-ca-nhan-toan-quoc-yeu-cau-tren-1-nam-kinh-nghiem-tin-dung/1583837.html?ta_source=JobSearchList_LinkDetail&u_sr_id=W75zYcLd7tvGb9nKP5WoU2ngOEjgOZqYBuPoo9SE_1736762152
[2025-01-13T09:57:07.155+0000] {logging_mixin.py:190} INFO - Successfully retrieved and saved HTML for: https://www.topcv.vn/viec-lam/chuyen-vien-quan-he-khach-hang-doanh-nghiep-toan-quoc-luong-kinh-doanh-hap-dan/1583810.html?ta_source=JobSearchList_LinkDetail&u_sr_id=W75zYcLd7tvGb9nKP5WoU2ngOEjgOZqYBuPoo9SE_1736762152
[2025-01-13T09:57:22.500+0000] {logging_mixin.py:190} INFO - Successfully retrieved and saved HTML for: https://www.topcv.vn/viec-lam/nhan-vien-kinh-doanh-tu-van-nganh-nong-san-luong-12-18-trieu-ho-chi-minh/1583817.html?ta_source=JobSearchList_LinkDetail&u_sr_id=W75zYcLd7tvGb9nKP5WoU2ngOEjgOZqYBuPoo9SE_1736762152
[2025-01-13T09:57:29.721+0000] {logging_mixin.py:190} INFO - Successfully retrieved and saved HTML for: https://www.topcv.vn/viec-lam/cong-tac-vien-tu-van-tuyen-dung/1583728.html?ta_source=JobSearchList_LinkDetail&u_sr_id=W75zYcLd7tvGb9nKP5WoU2ngOEjgOZqYBuPoo9SE_1736762152
[2025-01-13T09:57:37.344+0000] {logging_mixin.py:190} INFO - Successfully retrieved and saved HTML for: https://www.topcv.vn/viec-lam/cua-hang-truong-shop-manager-thu-nhap-tu-12-16-trieu-thao-dien-tu-1-nam-kinh-nghiem/1388928.html?ta_source=JobSearchList_LinkDetail&u_sr_id=W75zYcLd7tvGb9nKP5WoU2ngOEjgOZqYBuPoo9SE_1736762152
[2025-01-13T09:57:50.001+0000] {logging_mixin.py:190} INFO - Successfully retrieved and saved HTML for: https://www.topcv.vn/viec-lam/phu-trach-hanh-chinh-nhan-su-nam-tu-liem-ha-noi-luong-co-ban-upto-15tr-toi-thieu-3-nam-kinh-nghiem/1583738.html?ta_source=JobSearchList_LinkDetail&u_sr_id=W75zYcLd7tvGb9nKP5WoU2ngOEjgOZqYBuPoo9SE_1736762152
[2025-01-13T09:58:01.592+0000] {logging_mixin.py:190} INFO - Successfully retrieved and saved HTML for: https://www.topcv.vn/viec-lam/ke-toan-noi-bo-nam-tu-liem-ha-noi-luong-co-ban-upto-20tr-toi-thieu-3-nam-kinh-nghiem/1583723.html?ta_source=JobSearchList_LinkDetail&u_sr_id=W75zYcLd7tvGb9nKP5WoU2ngOEjgOZqYBuPoo9SE_1736762152
[2025-01-13T09:58:16.821+0000] {logging_mixin.py:190} INFO - Successfully retrieved and saved HTML for: https://www.topcv.vn/viec-lam/nhan-vien-ke-hoach-san-xuat/1583696.html?ta_source=JobSearchList_LinkDetail&u_sr_id=W75zYcLd7tvGb9nKP5WoU2ngOEjgOZqYBuPoo9SE_1736762152
[2025-01-13T09:58:26.425+0000] {logging_mixin.py:190} INFO - Successfully retrieved and saved HTML for: https://www.topcv.vn/viec-lam/chuyen-vien-kinh-doanh-nam-tu-liem-ha-noi-thu-nhap-upto-40tr-toi-thieu-3-nam-kinh-nghiem-di-lam-ngay/1583669.html?ta_source=JobSearchList_LinkDetail&u_sr_id=W75zYcLd7tvGb9nKP5WoU2ngOEjgOZqYBuPoo9SE_1736762152
[2025-01-13T09:58:32.109+0000] {logging_mixin.py:190} INFO - Successfully retrieved and saved HTML for: https://www.topcv.vn/viec-lam/nhan-vien-kinh-doanh-tu-van-thu-nhap-hap-dan-ha-dong-ha-noi/1583649.html?ta_source=JobSearchList_LinkDetail&u_sr_id=W75zYcLd7tvGb9nKP5WoU2ngOEjgOZqYBuPoo9SE_1736762152
[2025-01-13T09:58:40.659+0000] {logging_mixin.py:190} INFO - Successfully retrieved and saved HTML for: https://www.topcv.vn/viec-lam/chuyen-vien-kinh-doanh-tu-van-tai-chinh-thu-nhap-tu-16-25-trieu-thang/1583648.html?ta_source=JobSearchList_LinkDetail&u_sr_id=W75zYcLd7tvGb9nKP5WoU2ngOEjgOZqYBuPoo9SE_1736762152
[2025-01-13T09:58:53.070+0000] {logging_mixin.py:190} INFO - Successfully retrieved and saved HTML for: https://www.topcv.vn/viec-lam/ky-su-xay-dung-qs-thu-nhap-16-20-trieu-di-lam-ngay-tai-hai-duong/1583646.html?ta_source=JobSearchList_LinkDetail&u_sr_id=W75zYcLd7tvGb9nKP5WoU2ngOEjgOZqYBuPoo9SE_1736762152
[2025-01-13T09:59:04.723+0000] {logging_mixin.py:190} INFO - Successfully retrieved and saved HTML for: https://www.topcv.vn/viec-lam/chuyen-vien-tu-van-bao-hiem-du-an-tpbank-x-sun-life-viet-nam-toan-quoc/1495474.html?ta_source=JobSearchList_LinkDetail&u_sr_id=W75zYcLd7tvGb9nKP5WoU2ngOEjgOZqYBuPoo9SE_1736762152
[2025-01-13T09:59:18.226+0000] {logging_mixin.py:190} INFO - Successfully retrieved and saved HTML for: https://www.topcv.vn/viec-lam/nhan-vien-tu-van-nu-thu-nhap-cao-uu-tien-biet-tieng-anh-hoac-tieng-han-giao-tiep-lam-viec-tai-quan-1/1583604.html?ta_source=JobSearchList_LinkDetail&u_sr_id=W75zYcLd7tvGb9nKP5WoU2ngOEjgOZqYBuPoo9SE_1736762152
[2025-01-13T09:59:29.288+0000] {logging_mixin.py:190} INFO - Successfully retrieved and saved HTML for: https://www.topcv.vn/viec-lam/business-development-chuyen-vien-phat-trien-dai-ly/1560363.html?ta_source=JobSearchList_LinkDetail&u_sr_id=W75zYcLd7tvGb9nKP5WoU2ngOEjgOZqYBuPoo9SE_1736762152
[2025-01-13T09:59:44.254+0000] {logging_mixin.py:190} INFO - Successfully retrieved and saved HTML for: https://www.topcv.vn/viec-lam/truong-phong-kinh-doanh-cung-ung-lao-dong/1343466.html?ta_source=JobSearchList_LinkDetail&u_sr_id=W75zYcLd7tvGb9nKP5WoU2ngOEjgOZqYBuPoo9SE_1736762152
[2025-01-13T09:59:56.282+0000] {logging_mixin.py:190} INFO - Successfully retrieved and saved HTML for: https://www.topcv.vn/viec-lam/truong-nhom-tong-dai-tu-van-telesale-call-leader/1583375.html?ta_source=JobSearchList_LinkDetail&u_sr_id=W75zYcLd7tvGb9nKP5WoU2ngOEjgOZqYBuPoo9SE_1736762152
[2025-01-13T10:00:04.008+0000] {logging_mixin.py:190} INFO - Successfully retrieved and saved HTML for: https://www.topcv.vn/viec-lam/digital-marketing-specialist-performance-marketing-global-ecom-2000-thang/1583383.html?ta_source=JobSearchList_LinkDetail&u_sr_id=W75zYcLd7tvGb9nKP5WoU2ngOEjgOZqYBuPoo9SE_1736762152
[2025-01-13T10:00:16.095+0000] {logging_mixin.py:190} INFO - Successfully retrieved and saved HTML for: https://www.topcv.vn/viec-lam/nhan-vien-sale-thuc-pham/1535305.html?ta_source=JobSearchList_LinkDetail&u_sr_id=W75zYcLd7tvGb9nKP5WoU2ngOEjgOZqYBuPoo9SE_1736762152
[2025-01-13T10:00:21.709+0000] {logging_mixin.py:190} INFO - Successfully retrieved and saved HTML for: https://www.topcv.vn/viec-lam/giam-doc-nha-may-san-xuat/1583339.html?ta_source=JobSearchList_LinkDetail&u_sr_id=W75zYcLd7tvGb9nKP5WoU2ngOEjgOZqYBuPoo9SE_1736762152
[2025-01-13T10:00:33.347+0000] {logging_mixin.py:190} INFO - Successfully retrieved and saved HTML for: https://www.topcv.vn/viec-lam/giam-doc-kinh-doanh/1583300.html?ta_source=JobSearchList_LinkDetail&u_sr_id=W75zYcLd7tvGb9nKP5WoU2ngOEjgOZqYBuPoo9SE_1736762152
[2025-01-13T10:00:45.357+0000] {logging_mixin.py:190} INFO - Successfully retrieved and saved HTML for: https://www.topcv.vn/viec-lam/ke-toan-truong/1583288.html?ta_source=JobSearchList_LinkDetail&u_sr_id=W75zYcLd7tvGb9nKP5WoU2ngOEjgOZqYBuPoo9SE_1736762152
[2025-01-13T10:00:58.956+0000] {logging_mixin.py:190} INFO - Successfully retrieved and saved HTML for: https://www.topcv.vn/brand/goldsunfocusmedia/tuyen-dung/chuyen-vien-phap-che-tieng-trung-hoac-tieng-anh-j1583103.html?ta_source=JobSearchList_LinkDetail&u_sr_id=W75zYcLd7tvGb9nKP5WoU2ngOEjgOZqYBuPoo9SE_1736762152
[2025-01-13T10:01:13.697+0000] {logging_mixin.py:190} INFO - Successfully retrieved and saved HTML for: https://www.topcv.vn/viec-lam/cong-tac-vien-xu-ly-don-hang/1571432.html?ta_source=JobSearchList_LinkDetail&u_sr_id=W75zYcLd7tvGb9nKP5WoU2ngOEjgOZqYBuPoo9SE_1736762152
[2025-01-13T10:01:22.195+0000] {logging_mixin.py:190} INFO - Successfully retrieved and saved HTML for: https://www.topcv.vn/viec-lam/giao-vien-bo-mon-dia-li/1583272.html?ta_source=JobSearchList_LinkDetail&u_sr_id=W75zYcLd7tvGb9nKP5WoU2ngOEjgOZqYBuPoo9SE_1736762152
[2025-01-13T10:01:28.458+0000] {logging_mixin.py:190} INFO - Successfully retrieved and saved HTML for: https://www.topcv.vn/viec-lam/marketing-executive/1583191.html?ta_source=JobSearchList_LinkDetail&u_sr_id=W75zYcLd7tvGb9nKP5WoU2ngOEjgOZqYBuPoo9SE_1736762152
[2025-01-13T10:01:42.353+0000] {logging_mixin.py:190} INFO - Successfully retrieved and saved HTML for: https://www.topcv.vn/viec-lam/nhan-vien-tu-van-tuyen-sinh-va-cham-soc-khach-hang-tai-ha-noi-di-lam-sau-tet/1582993.html?ta_source=JobSearchList_LinkDetail&u_sr_id=W75zYcLd7tvGb9nKP5WoU2ngOEjgOZqYBuPoo9SE_1736762152
[2025-01-13T10:01:54.127+0000] {logging_mixin.py:190} INFO - Successfully retrieved and saved HTML for: https://www.topcv.vn/viec-lam/ky-su-me-khoi-du-an-thu-nhap-hap-dan/1583036.html?ta_source=JobSearchList_LinkDetail&u_sr_id=W75zYcLd7tvGb9nKP5WoU2ngOEjgOZqYBuPoo9SE_1736762152
[2025-01-13T10:02:05.687+0000] {logging_mixin.py:190} INFO - Successfully retrieved and saved HTML for: https://www.topcv.vn/viec-lam/nhan-vien-marketing-thu-nhap-tu-10-den-16-trieu-tai-ha-noi-di-lam-sau-tet/1582994.html?ta_source=JobSearchList_LinkDetail&u_sr_id=W75zYcLd7tvGb9nKP5WoU2ngOEjgOZqYBuPoo9SE_1736762152
[2025-01-13T10:02:17.365+0000] {logging_mixin.py:190} INFO - Successfully retrieved and saved HTML for: https://www.topcv.vn/viec-lam/nhan-vien-thiet-ke/1583016.html?ta_source=JobSearchList_LinkDetail&u_sr_id=W75zYcLd7tvGb9nKP5WoU2ngOEjgOZqYBuPoo9SE_1736762152
[2025-01-13T10:02:32.245+0000] {logging_mixin.py:190} INFO - Successfully retrieved and saved HTML for: https://www.topcv.vn/viec-lam/chuyen-vien-chinh-kinh-doanh-m-payroll-tai-khoan-tra-luong-rb-msb-2y108/1582151.html?ta_source=JobSearchList_LinkDetail&u_sr_id=W75zYcLd7tvGb9nKP5WoU2ngOEjgOZqYBuPoo9SE_1736762152
[2025-01-13T10:02:40.060+0000] {logging_mixin.py:190} INFO - Successfully retrieved and saved HTML for: https://www.topcv.vn/viec-lam/nhan-vien-kinh-doanh-tu-van-chot-don-hang-luong-co-ban-tu-7-trieu-hoa-hong-doanh-so/1582406.html?ta_source=JobSearchList_LinkDetail&u_sr_id=W75zYcLd7tvGb9nKP5WoU2ngOEjgOZqYBuPoo9SE_1736762152
[2025-01-13T10:02:48.162+0000] {logging_mixin.py:190} INFO - Successfully retrieved and saved HTML for: https://www.topcv.vn/brand/bpomatbao/tuyen-dung/nhan-vien-van-phong-fulltime-100-data-nong-thu-viec-nhan-100-luong-nhan-viec-ngay-hoac-phong-van-truoc-tet-nhan-viec-sau-tet-nhan-vien-kinh-doanh-tu-van-telesale-sale-admin-j1582562.html?ta_source=JobSearchList_LinkDetail&u_sr_id=W75zYcLd7tvGb9nKP5WoU2ngOEjgOZqYBuPoo9SE_1736762152
[2025-01-13T10:02:55.446+0000] {logging_mixin.py:190} INFO - Successfully retrieved and saved HTML for: https://www.topcv.vn/viec-lam/truong-nhom-quan-ly-chat-luong-qa-qc/1582769.html?ta_source=JobSearchList_LinkDetail&u_sr_id=W75zYcLd7tvGb9nKP5WoU2ngOEjgOZqYBuPoo9SE_1736762152
[2025-01-13T10:03:03.504+0000] {logging_mixin.py:190} INFO - Successfully retrieved and saved HTML for: https://www.topcv.vn/viec-lam/nhan-vien-sales-online-ho-tro-don-hang-data-co-san-thu-nhap-len-den-20-trieu-quan-12/1582458.html?ta_source=JobSearchList_LinkDetail&u_sr_id=W75zYcLd7tvGb9nKP5WoU2ngOEjgOZqYBuPoo9SE_1736762152
[2025-01-13T10:03:15.046+0000] {logging_mixin.py:190} INFO - Successfully retrieved and saved HTML for: https://www.topcv.vn/viec-lam/operations-coordinator-receptionist-shtp-district-9-hcmc/1525526.html?ta_source=JobSearchList_LinkDetail&u_sr_id=W75zYcLd7tvGb9nKP5WoU2ngOEjgOZqYBuPoo9SE_1736762152
[2025-01-13T10:03:21.086+0000] {logging_mixin.py:190} INFO - Rate limit reached for https://www.topcv.vn/viec-lam/nhan-vien-livestream-tiktok-facebook-ve-mang-du-lich-1-nam-kinh-nghiem-thu-nhap-15-trieu/1582366.html?ta_source=JobSearchList_LinkDetail&u_sr_id=W75zYcLd7tvGb9nKP5WoU2ngOEjgOZqYBuPoo9SE_1736762152. Retrying after 30 seconds...
[2025-01-13T10:03:51.558+0000] {logging_mixin.py:190} INFO - Successfully retrieved and saved HTML for: https://www.topcv.vn/viec-lam/nhan-vien-livestream-tiktok-facebook-ve-mang-du-lich-1-nam-kinh-nghiem-thu-nhap-15-trieu/1582366.html?ta_source=JobSearchList_LinkDetail&u_sr_id=W75zYcLd7tvGb9nKP5WoU2ngOEjgOZqYBuPoo9SE_1736762152
[2025-01-13T10:04:00.917+0000] {logging_mixin.py:190} INFO - Successfully retrieved and saved HTML for: https://www.topcv.vn/viec-lam/chuyen-vien-quan-ly-khach-hang-chuong-trinh-the-he-but-pha-abbank-s-202x-ha-noi/1582282.html?ta_source=JobSearchList_LinkDetail&u_sr_id=W75zYcLd7tvGb9nKP5WoU2ngOEjgOZqYBuPoo9SE_1736762152
[2025-01-13T10:04:15.429+0000] {logging_mixin.py:190} INFO - Successfully retrieved and saved HTML for: https://www.topcv.vn/viec-lam/giao-vien-mam-non-tai-ho-chi-minh-va-ha-noi/1576716.html?ta_source=JobSearchList_LinkDetail&u_sr_id=W75zYcLd7tvGb9nKP5WoU2ngOEjgOZqYBuPoo9SE_1736762152
[2025-01-13T10:04:21.398+0000] {logging_mixin.py:190} INFO - Successfully retrieved and saved HTML for: https://www.topcv.vn/viec-lam/truong-nhom-marketing-marketing-leader-luong-tu-15-trieu-thang-nhan-viec-ngay/1582398.html?ta_source=JobSearchList_LinkDetail&u_sr_id=W75zYcLd7tvGb9nKP5WoU2ngOEjgOZqYBuPoo9SE_1736762152
[2025-01-13T10:04:33.370+0000] {logging_mixin.py:190} INFO - Successfully retrieved and saved HTML for: https://www.topcv.vn/viec-lam/contact-center-correspondence-officer/1582636.html?ta_source=JobSearchList_LinkDetail&u_sr_id=W75zYcLd7tvGb9nKP5WoU2ngOEjgOZqYBuPoo9SE_1736762152
[2025-01-13T10:04:43.114+0000] {logging_mixin.py:190} INFO - Successfully retrieved and saved HTML for: https://www.topcv.vn/viec-lam/ky-su-xay-dung-qs-qc-khoi-du-an-ho-tro-chi-phi-an-o/1582578.html?ta_source=JobSearchList_LinkDetail&u_sr_id=W75zYcLd7tvGb9nKP5WoU2ngOEjgOZqYBuPoo9SE_1736762152
[2025-01-13T10:04:53.643+0000] {logging_mixin.py:190} INFO - Successfully retrieved and saved HTML for: https://www.topcv.vn/viec-lam/quan-ly-san-xuat-mang-co-khi-che-tao-tai-nhon-trach-dong-nai/1582967.html?ta_source=JobSearchList_LinkDetail&u_sr_id=W75zYcLd7tvGb9nKP5WoU2ngOEjgOZqYBuPoo9SE_1736762152
[2025-01-13T10:04:59.481+0000] {logging_mixin.py:190} INFO - Successfully retrieved and saved HTML for: https://www.topcv.vn/viec-lam/tro-ly-tong-hop-hanh-chinh-ke-toan-ban-thoi-gian-luong-thoa-thuan/1582806.html?ta_source=JobSearchList_LinkDetail&u_sr_id=W75zYcLd7tvGb9nKP5WoU2ngOEjgOZqYBuPoo9SE_1736762152
[2025-01-13T10:05:07.900+0000] {logging_mixin.py:190} INFO - Successfully retrieved and saved HTML for: https://www.topcv.vn/viec-lam/senior-healthcare-nurse-y-ta-dieu-tri-cao-cap/1580763.html?ta_source=JobSearchList_LinkDetail&u_sr_id=W75zYcLd7tvGb9nKP5WoU2ngOEjgOZqYBuPoo9SE_1736762152
[2025-01-13T10:05:15.477+0000] {logging_mixin.py:190} INFO - Successfully retrieved and saved HTML for: https://www.topcv.vn/viec-lam/senior-sales-executive/1316953.html?ta_source=JobSearchList_LinkDetail&u_sr_id=W75zYcLd7tvGb9nKP5WoU2ngOEjgOZqYBuPoo9SE_1736762152
[2025-01-13T10:05:15.478+0000] {python.py:240} INFO - Done. Returned value was: None
[2025-01-13T10:05:15.494+0000] {taskinstance.py:340} INFO - ::group::Post task execution logs
[2025-01-13T10:05:15.495+0000] {taskinstance.py:352} INFO - Marking task as SUCCESS. dag_id=topcv_scraper, task_id=download_html, run_id=scheduled__2025-01-12T00:00:00+00:00, execution_date=20250112T000000, start_date=20250113T095555, end_date=20250113T100515
[2025-01-13T10:05:15.534+0000] {local_task_job_runner.py:266} INFO - Task exited with return code 0
[2025-01-13T10:05:15.560+0000] {taskinstance.py:3895} INFO - 1 downstream tasks scheduled from follow-on schedule check
[2025-01-13T10:05:15.564+0000] {local_task_job_runner.py:245} INFO - ::endgroup::
