[2025-01-14T03:18:23.684+0000] {local_task_job_runner.py:123} INFO - ::group::Pre task execution logs
[2025-01-14T03:18:23.922+0000] {taskinstance.py:2613} INFO - Dependencies all met for dep_context=non-requeueable deps ti=<TaskInstance: topcv_scraper.scrape_urls manual__2025-01-14T03:18:16.685580+00:00 [queued]>
[2025-01-14T03:18:23.985+0000] {taskinstance.py:2613} INFO - Dependencies all met for dep_context=requeueable deps ti=<TaskInstance: topcv_scraper.scrape_urls manual__2025-01-14T03:18:16.685580+00:00 [queued]>
[2025-01-14T03:18:23.989+0000] {taskinstance.py:2866} INFO - Starting attempt 1 of 2
[2025-01-14T03:18:24.080+0000] {taskinstance.py:2889} INFO - Executing <Task(PythonOperator): scrape_urls> on 2025-01-14 03:18:16.685580+00:00
[2025-01-14T03:18:24.170+0000] {warnings.py:112} WARNING - /home/***/.local/lib/python3.12/site-packages/***/task/task_runner/standard_task_runner.py:70: DeprecationWarning: This process (pid=184) is multi-threaded, use of fork() may lead to deadlocks in the child.
  pid = os.fork()

[2025-01-14T03:18:24.174+0000] {standard_task_runner.py:72} INFO - Started process 186 to run task
[2025-01-14T03:18:24.158+0000] {standard_task_runner.py:104} INFO - Running: ['***', 'tasks', 'run', 'topcv_scraper', 'scrape_urls', 'manual__2025-01-14T03:18:16.685580+00:00', '--job-id', '5', '--raw', '--subdir', 'DAGS_FOLDER/crawl_data.py', '--cfg-path', '/tmp/tmpwvuj8fgx']
[2025-01-14T03:18:24.216+0000] {standard_task_runner.py:105} INFO - Job 5: Subtask scrape_urls
[2025-01-14T03:18:24.644+0000] {task_command.py:467} INFO - Running <TaskInstance: topcv_scraper.scrape_urls manual__2025-01-14T03:18:16.685580+00:00 [running]> on host 1c765e14a650
[2025-01-14T03:18:24.987+0000] {taskinstance.py:3132} INFO - Exporting env vars: AIRFLOW_CTX_DAG_OWNER='***' AIRFLOW_CTX_DAG_ID='topcv_scraper' AIRFLOW_CTX_TASK_ID='scrape_urls' AIRFLOW_CTX_EXECUTION_DATE='2025-01-14T03:18:16.685580+00:00' AIRFLOW_CTX_TRY_NUMBER='1' AIRFLOW_CTX_DAG_RUN_ID='manual__2025-01-14T03:18:16.685580+00:00'
[2025-01-14T03:18:24.995+0000] {taskinstance.py:731} INFO - ::endgroup::
[2025-01-14T03:18:35.495+0000] {logging_mixin.py:190} INFO - https://www.topcv.vn/viec-lam/nhan-vien-sales-xuat-khau-thu-nhap-len-den-30-trieu-dong-bac-tu-liem/1584267.html?ta_source=JobSearchList_LinkDetail&u_sr_id=15m4i5sWfKlGnoxhznWb3n9Kf3dxL2alI5EFPoMu_1736824706
[2025-01-14T03:18:35.497+0000] {logging_mixin.py:190} INFO - https://www.topcv.vn/brand/fecredit/tuyen-dung/unit-head-of-credit-assessment-department-j1537184.html?ta_source=JobSearchList_LinkDetail&u_sr_id=15m4i5sWfKlGnoxhznWb3n9Kf3dxL2alI5EFPoMu_1736824706
[2025-01-14T03:18:35.504+0000] {logging_mixin.py:190} INFO - https://www.topcv.vn/viec-lam/ky-thuat-vien-bao-tri-pm-technician/1584138.html?ta_source=JobSearchList_LinkDetail&u_sr_id=15m4i5sWfKlGnoxhznWb3n9Kf3dxL2alI5EFPoMu_1736824706
[2025-01-14T03:18:35.505+0000] {logging_mixin.py:190} INFO - https://www.topcv.vn/viec-lam/ke-toan-noi-bo-biet-tieng-trung-nhan-viec-sau-tet/1584146.html?ta_source=JobSearchList_LinkDetail&u_sr_id=15m4i5sWfKlGnoxhznWb3n9Kf3dxL2alI5EFPoMu_1736824706
[2025-01-14T03:18:35.506+0000] {logging_mixin.py:190} INFO - https://www.topcv.vn/viec-lam/senior-full-stack-developer/1584140.html?ta_source=JobSearchList_LinkDetail&u_sr_id=15m4i5sWfKlGnoxhznWb3n9Kf3dxL2alI5EFPoMu_1736824706
[2025-01-14T03:18:35.506+0000] {logging_mixin.py:190} INFO - https://www.topcv.vn/viec-lam/nhan-vien-kinh-doanh-tu-van-sale-executive-thu-nhap-tu-10-tro-len-ha-noi-hcm/1534595.html?ta_source=JobSearchList_LinkDetail&u_sr_id=15m4i5sWfKlGnoxhznWb3n9Kf3dxL2alI5EFPoMu_1736824706
[2025-01-14T03:18:35.507+0000] {logging_mixin.py:190} INFO - https://www.topcv.vn/viec-lam/nhan-vien-sale-thuc-pham/1535305.html?ta_source=JobSearchList_LinkDetail&u_sr_id=15m4i5sWfKlGnoxhznWb3n9Kf3dxL2alI5EFPoMu_1736824706
[2025-01-14T03:18:35.508+0000] {logging_mixin.py:190} INFO - https://www.topcv.vn/viec-lam/chuyen-vien-tu-van-bao-hiem-du-an-tpbank-x-sun-life-viet-nam-toan-quoc/1495474.html?ta_source=JobSearchList_LinkDetail&u_sr_id=15m4i5sWfKlGnoxhznWb3n9Kf3dxL2alI5EFPoMu_1736824706
[2025-01-14T03:18:35.510+0000] {logging_mixin.py:190} INFO - https://www.topcv.vn/viec-lam/nhan-vien-tu-van-nu-thu-nhap-cao-uu-tien-biet-tieng-anh-hoac-tieng-han-giao-tiep-lam-viec-tai-quan-1/1583604.html?ta_source=JobSearchList_LinkDetail&u_sr_id=15m4i5sWfKlGnoxhznWb3n9Kf3dxL2alI5EFPoMu_1736824706
[2025-01-14T03:18:35.511+0000] {logging_mixin.py:190} INFO - https://www.topcv.vn/viec-lam/truong-nhom-tong-dai-tu-van-telesale-call-leader/1583375.html?ta_source=JobSearchList_LinkDetail&u_sr_id=15m4i5sWfKlGnoxhznWb3n9Kf3dxL2alI5EFPoMu_1736824706
[2025-01-14T03:18:35.512+0000] {logging_mixin.py:190} INFO - https://www.topcv.vn/viec-lam/giao-vien-bo-mon-dia-li/1583272.html?ta_source=JobSearchList_LinkDetail&u_sr_id=15m4i5sWfKlGnoxhznWb3n9Kf3dxL2alI5EFPoMu_1736824706
[2025-01-14T03:18:35.523+0000] {logging_mixin.py:190} INFO - https://www.topcv.vn/viec-lam/giam-doc-nha-may-san-xuat/1583339.html?ta_source=JobSearchList_LinkDetail&u_sr_id=15m4i5sWfKlGnoxhznWb3n9Kf3dxL2alI5EFPoMu_1736824706
[2025-01-14T03:18:35.524+0000] {logging_mixin.py:190} INFO - https://www.topcv.vn/viec-lam/nhan-vien-livestream-tiktok/1584029.html?ta_source=JobSearchList_LinkDetail&u_sr_id=15m4i5sWfKlGnoxhznWb3n9Kf3dxL2alI5EFPoMu_1736824706
[2025-01-14T03:18:35.525+0000] {logging_mixin.py:190} INFO - https://www.topcv.vn/viec-lam/business-development-chuyen-vien-phat-trien-dai-ly/1560363.html?ta_source=JobSearchList_LinkDetail&u_sr_id=15m4i5sWfKlGnoxhznWb3n9Kf3dxL2alI5EFPoMu_1736824706
[2025-01-14T03:18:35.526+0000] {logging_mixin.py:190} INFO - https://www.topcv.vn/viec-lam/nhan-vien-thi-truong-cong-ty-facolos-pickleball/1525118.html?ta_source=JobSearchList_LinkDetail&u_sr_id=15m4i5sWfKlGnoxhznWb3n9Kf3dxL2alI5EFPoMu_1736824706
[2025-01-14T03:18:35.526+0000] {logging_mixin.py:190} INFO - https://www.topcv.vn/viec-lam/cua-hang-truong-shop-manager-thu-nhap-tu-12-16-trieu-thao-dien-tu-1-nam-kinh-nghiem/1388928.html?ta_source=JobSearchList_LinkDetail&u_sr_id=15m4i5sWfKlGnoxhznWb3n9Kf3dxL2alI5EFPoMu_1736824706
[2025-01-14T03:18:35.527+0000] {logging_mixin.py:190} INFO - https://www.topcv.vn/viec-lam/truong-phong-kinh-doanh-cung-ung-lao-dong/1343466.html?ta_source=JobSearchList_LinkDetail&u_sr_id=15m4i5sWfKlGnoxhznWb3n9Kf3dxL2alI5EFPoMu_1736824706
[2025-01-14T03:18:35.527+0000] {logging_mixin.py:190} INFO - https://www.topcv.vn/viec-lam/chuyen-vien-tu-van-tham-my-thu-nhap-tu-15tr-30tr-thang/1391152.html?ta_source=JobSearchList_LinkDetail&u_sr_id=15m4i5sWfKlGnoxhznWb3n9Kf3dxL2alI5EFPoMu_1736824706
[2025-01-14T03:18:35.528+0000] {logging_mixin.py:190} INFO - https://www.topcv.vn/viec-lam/lap-trinh-vien-php-senior/1299695.html?ta_source=JobSearchList_LinkDetail&u_sr_id=15m4i5sWfKlGnoxhznWb3n9Kf3dxL2alI5EFPoMu_1736824706
[2025-01-14T03:18:35.528+0000] {logging_mixin.py:190} INFO - https://www.topcv.vn/viec-lam/nhan-vien-ke-hoach-san-xuat/1583696.html?ta_source=JobSearchList_LinkDetail&u_sr_id=15m4i5sWfKlGnoxhznWb3n9Kf3dxL2alI5EFPoMu_1736824706
[2025-01-14T03:18:35.529+0000] {logging_mixin.py:190} INFO - https://www.topcv.vn/viec-lam/giam-doc-kinh-doanh/1583300.html?ta_source=JobSearchList_LinkDetail&u_sr_id=15m4i5sWfKlGnoxhznWb3n9Kf3dxL2alI5EFPoMu_1736824706
[2025-01-14T03:18:35.530+0000] {logging_mixin.py:190} INFO - https://www.topcv.vn/viec-lam/ke-toan-truong/1583288.html?ta_source=JobSearchList_LinkDetail&u_sr_id=15m4i5sWfKlGnoxhznWb3n9Kf3dxL2alI5EFPoMu_1736824706
[2025-01-14T03:18:35.530+0000] {logging_mixin.py:190} INFO - https://www.topcv.vn/viec-lam/chuyen-vien-kinh-doanh-tu-van-tai-chinh-thu-nhap-tu-16-25-trieu-thang/1583648.html?ta_source=JobSearchList_LinkDetail&u_sr_id=15m4i5sWfKlGnoxhznWb3n9Kf3dxL2alI5EFPoMu_1736824706
[2025-01-14T03:18:35.531+0000] {logging_mixin.py:190} INFO - https://www.topcv.vn/viec-lam/nhan-vien-tu-van-ban-hang-qua-dien-thoai-telesales-cham-soc-khach-hang-data-san-thu-viec-100-luong-fulltime-quan-12/1583957.html?ta_source=JobSearchList_LinkDetail&u_sr_id=15m4i5sWfKlGnoxhznWb3n9Kf3dxL2alI5EFPoMu_1736824706
[2025-01-14T03:18:35.531+0000] {logging_mixin.py:190} INFO - https://www.topcv.vn/viec-lam/ky-su-xay-dung-qs-thu-nhap-16-20-trieu-di-lam-ngay-tai-hai-duong/1583646.html?ta_source=JobSearchList_LinkDetail&u_sr_id=15m4i5sWfKlGnoxhznWb3n9Kf3dxL2alI5EFPoMu_1736824706
[2025-01-14T03:18:35.532+0000] {logging_mixin.py:190} INFO - https://www.topcv.vn/viec-lam/chuyen-vien-tu-van-tong-dai-call-center-tu-van-chot-don-telesales-data-hotlead-kinh-nghiem-tu-3-thang-tro-len-nhan-viec-sau-tet/1583849.html?ta_source=JobSearchList_LinkDetail&u_sr_id=15m4i5sWfKlGnoxhznWb3n9Kf3dxL2alI5EFPoMu_1736824706
[2025-01-14T03:18:35.533+0000] {logging_mixin.py:190} INFO - https://www.topcv.vn/viec-lam/nhan-vien-kinh-doanh-tu-van-nganh-nong-san-luong-12-18-trieu-ho-chi-minh/1583817.html?ta_source=JobSearchList_LinkDetail&u_sr_id=15m4i5sWfKlGnoxhznWb3n9Kf3dxL2alI5EFPoMu_1736824706
[2025-01-14T03:18:35.534+0000] {logging_mixin.py:190} INFO - https://www.topcv.vn/viec-lam/chuyen-vien-kinh-doanh-nam-tu-liem-ha-noi-thu-nhap-upto-40tr-toi-thieu-3-nam-kinh-nghiem-di-lam-ngay/1583669.html?ta_source=JobSearchList_LinkDetail&u_sr_id=15m4i5sWfKlGnoxhznWb3n9Kf3dxL2alI5EFPoMu_1736824706
[2025-01-14T03:18:35.554+0000] {logging_mixin.py:190} INFO - https://www.topcv.vn/viec-lam/nhan-vien-kinh-doanh-tu-van-thu-nhap-hap-dan-ha-dong-ha-noi/1583649.html?ta_source=JobSearchList_LinkDetail&u_sr_id=15m4i5sWfKlGnoxhznWb3n9Kf3dxL2alI5EFPoMu_1736824706
[2025-01-14T03:18:35.555+0000] {logging_mixin.py:190} INFO - https://www.topcv.vn/viec-lam/ke-toan-noi-bo-nam-tu-liem-ha-noi-luong-co-ban-upto-20tr-toi-thieu-3-nam-kinh-nghiem/1583723.html?ta_source=JobSearchList_LinkDetail&u_sr_id=15m4i5sWfKlGnoxhznWb3n9Kf3dxL2alI5EFPoMu_1736824706
[2025-01-14T03:18:35.555+0000] {logging_mixin.py:190} INFO - https://www.topcv.vn/viec-lam/digital-marketing-specialist-performance-marketing-global-ecom-2000-thang/1583383.html?ta_source=JobSearchList_LinkDetail&u_sr_id=15m4i5sWfKlGnoxhznWb3n9Kf3dxL2alI5EFPoMu_1736824706
[2025-01-14T03:18:35.556+0000] {logging_mixin.py:190} INFO - https://www.topcv.vn/brand/chinhanhtranscosmoshochiminh/tuyen-dung/nhan-vien-thiet-ke-ky-thuat-cad-senior-level-j1583534.html?ta_source=JobSearchList_LinkDetail&u_sr_id=15m4i5sWfKlGnoxhznWb3n9Kf3dxL2alI5EFPoMu_1736824706
[2025-01-14T03:18:35.557+0000] {logging_mixin.py:190} INFO - https://www.topcv.vn/viec-lam/nhan-vien-tap-su-tiem-nang-tpbank-quan-2-thu-nhap-hap-dan-tu-12-15tr-nhan-viec-ngay-hoac-sau-tet/1583726.html?ta_source=JobSearchList_LinkDetail&u_sr_id=15m4i5sWfKlGnoxhznWb3n9Kf3dxL2alI5EFPoMu_1736824706
[2025-01-14T03:18:35.557+0000] {logging_mixin.py:190} INFO - https://www.topcv.vn/viec-lam/chuyen-vien-quan-he-khach-hang-ca-nhan-toan-quoc-yeu-cau-tren-1-nam-kinh-nghiem-tin-dung/1583837.html?ta_source=JobSearchList_LinkDetail&u_sr_id=15m4i5sWfKlGnoxhznWb3n9Kf3dxL2alI5EFPoMu_1736824706
[2025-01-14T03:18:35.558+0000] {logging_mixin.py:190} INFO - https://www.topcv.vn/viec-lam/chuyen-vien-quan-he-khach-hang-doanh-nghiep-toan-quoc-luong-kinh-doanh-hap-dan/1583810.html?ta_source=JobSearchList_LinkDetail&u_sr_id=15m4i5sWfKlGnoxhznWb3n9Kf3dxL2alI5EFPoMu_1736824706
[2025-01-14T03:18:35.558+0000] {logging_mixin.py:190} INFO - https://www.topcv.vn/viec-lam/nhan-vien-tong-dai-tu-van-tieng-viet/1583808.html?ta_source=JobSearchList_LinkDetail&u_sr_id=15m4i5sWfKlGnoxhznWb3n9Kf3dxL2alI5EFPoMu_1736824706
[2025-01-14T03:18:35.559+0000] {logging_mixin.py:190} INFO - https://www.topcv.vn/viec-lam/cong-tac-vien-tu-van-tuyen-dung/1583728.html?ta_source=JobSearchList_LinkDetail&u_sr_id=15m4i5sWfKlGnoxhznWb3n9Kf3dxL2alI5EFPoMu_1736824706
[2025-01-14T03:18:35.559+0000] {logging_mixin.py:190} INFO - https://www.topcv.vn/viec-lam/phu-trach-hanh-chinh-nhan-su-nam-tu-liem-ha-noi-luong-co-ban-upto-15tr-toi-thieu-3-nam-kinh-nghiem/1583738.html?ta_source=JobSearchList_LinkDetail&u_sr_id=15m4i5sWfKlGnoxhznWb3n9Kf3dxL2alI5EFPoMu_1736824706
[2025-01-14T03:18:35.560+0000] {logging_mixin.py:190} INFO - https://www.topcv.vn/viec-lam/nhan-vien-xac-thuc-du-lieu-qc-phong-van-truoc-tet-nhan-viec-sau-tet/1583531.html?ta_source=JobSearchList_LinkDetail&u_sr_id=15m4i5sWfKlGnoxhznWb3n9Kf3dxL2alI5EFPoMu_1736824706
[2025-01-14T03:18:35.560+0000] {logging_mixin.py:190} INFO - https://www.topcv.vn/brand/goldsunfocusmedia/tuyen-dung/chuyen-vien-phap-che-tieng-trung-hoac-tieng-anh-j1583103.html?ta_source=JobSearchList_LinkDetail&u_sr_id=15m4i5sWfKlGnoxhznWb3n9Kf3dxL2alI5EFPoMu_1736824706
[2025-01-14T03:18:35.561+0000] {logging_mixin.py:190} INFO - https://www.topcv.vn/viec-lam/cong-tac-vien-xu-ly-don-hang/1571432.html?ta_source=JobSearchList_LinkDetail&u_sr_id=15m4i5sWfKlGnoxhznWb3n9Kf3dxL2alI5EFPoMu_1736824706
[2025-01-14T03:18:35.562+0000] {logging_mixin.py:190} INFO - https://www.topcv.vn/viec-lam/marketing-executive-apply-cv-in-english/1583191.html?ta_source=JobSearchList_LinkDetail&u_sr_id=15m4i5sWfKlGnoxhznWb3n9Kf3dxL2alI5EFPoMu_1736824706
[2025-01-14T03:18:35.564+0000] {logging_mixin.py:190} INFO - https://www.topcv.vn/viec-lam/ky-su-me-khoi-du-an-thu-nhap-hap-dan/1583036.html?ta_source=JobSearchList_LinkDetail&u_sr_id=15m4i5sWfKlGnoxhznWb3n9Kf3dxL2alI5EFPoMu_1736824706
[2025-01-14T03:18:35.574+0000] {logging_mixin.py:190} INFO - https://www.topcv.vn/viec-lam/nhan-vien-marketing-thu-nhap-tu-10-den-16-trieu-tai-ha-noi-di-lam-sau-tet/1582994.html?ta_source=JobSearchList_LinkDetail&u_sr_id=15m4i5sWfKlGnoxhznWb3n9Kf3dxL2alI5EFPoMu_1736824706
[2025-01-14T03:18:35.574+0000] {logging_mixin.py:190} INFO - https://www.topcv.vn/viec-lam/nhan-vien-tu-van-tuyen-sinh-va-cham-soc-khach-hang-tai-ha-noi-di-lam-sau-tet/1582993.html?ta_source=JobSearchList_LinkDetail&u_sr_id=15m4i5sWfKlGnoxhznWb3n9Kf3dxL2alI5EFPoMu_1736824706
[2025-01-14T03:18:35.575+0000] {logging_mixin.py:190} INFO - https://www.topcv.vn/viec-lam/nhan-vien-thiet-ke/1583016.html?ta_source=JobSearchList_LinkDetail&u_sr_id=15m4i5sWfKlGnoxhznWb3n9Kf3dxL2alI5EFPoMu_1736824706
[2025-01-14T03:18:35.576+0000] {logging_mixin.py:190} INFO - https://www.topcv.vn/viec-lam/senior-healthcare-nurse-y-ta-dieu-tri-cao-cap/1580763.html?ta_source=JobSearchList_LinkDetail&u_sr_id=15m4i5sWfKlGnoxhznWb3n9Kf3dxL2alI5EFPoMu_1736824706
[2025-01-14T03:18:35.577+0000] {logging_mixin.py:190} INFO - https://www.topcv.vn/viec-lam/nhan-vien-sales-online-ho-tro-don-hang-data-co-san-thu-nhap-len-den-20-trieu-quan-12/1582458.html?ta_source=JobSearchList_LinkDetail&u_sr_id=15m4i5sWfKlGnoxhznWb3n9Kf3dxL2alI5EFPoMu_1736824706
[2025-01-14T03:18:35.578+0000] {logging_mixin.py:190} INFO - https://www.topcv.vn/viec-lam/nhan-vien-livestream-tiktok-facebook-ve-mang-du-lich-1-nam-kinh-nghiem-thu-nhap-15-trieu/1582366.html?ta_source=JobSearchList_LinkDetail&u_sr_id=15m4i5sWfKlGnoxhznWb3n9Kf3dxL2alI5EFPoMu_1736824706
[2025-01-14T03:18:35.578+0000] {logging_mixin.py:190} INFO - https://www.topcv.vn/viec-lam/chuyen-vien-quan-he-khach-hang-fdi-tieng-trung-tieng-han/1523027.html?ta_source=JobSearchList_LinkDetail&u_sr_id=15m4i5sWfKlGnoxhznWb3n9Kf3dxL2alI5EFPoMu_1736824706
[2025-01-14T03:18:35.579+0000] {logging_mixin.py:190} INFO - URLs successfully saved to /tmp/extracted_urls.txt
[2025-01-14T03:18:35.579+0000] {python.py:240} INFO - Done. Returned value was: None
[2025-01-14T03:18:35.619+0000] {taskinstance.py:340} INFO - ::group::Post task execution logs
[2025-01-14T03:18:35.623+0000] {taskinstance.py:352} INFO - Marking task as SUCCESS. dag_id=topcv_scraper, task_id=scrape_urls, run_id=manual__2025-01-14T03:18:16.685580+00:00, execution_date=20250114T031816, start_date=20250114T031823, end_date=20250114T031835
[2025-01-14T03:18:35.789+0000] {local_task_job_runner.py:266} INFO - Task exited with return code 0
[2025-01-14T03:18:35.965+0000] {taskinstance.py:3895} INFO - 1 downstream tasks scheduled from follow-on schedule check
[2025-01-14T03:18:35.973+0000] {local_task_job_runner.py:245} INFO - ::endgroup::
