[2025-01-10T18:46:49.657+0000] {local_task_job_runner.py:123} INFO - ::group::Pre task execution logs
[2025-01-10T18:46:49.698+0000] {taskinstance.py:2613} INFO - Dependencies all met for dep_context=non-requeueable deps ti=<TaskInstance: topcv_scraper.download_html manual__2025-01-10T18:45:45.545806+00:00 [queued]>
[2025-01-10T18:46:49.716+0000] {taskinstance.py:2613} INFO - Dependencies all met for dep_context=requeueable deps ti=<TaskInstance: topcv_scraper.download_html manual__2025-01-10T18:45:45.545806+00:00 [queued]>
[2025-01-10T18:46:49.717+0000] {taskinstance.py:2866} INFO - Starting attempt 1 of 2
[2025-01-10T18:46:49.743+0000] {taskinstance.py:2889} INFO - Executing <Task(PythonOperator): download_html> on 2025-01-10 18:45:45.545806+00:00
[2025-01-10T18:46:49.754+0000] {warnings.py:112} WARNING - /home/***/.local/lib/python3.12/site-packages/***/task/task_runner/standard_task_runner.py:70: DeprecationWarning: This process (pid=88) is multi-threaded, use of fork() may lead to deadlocks in the child.
  pid = os.fork()

[2025-01-10T18:46:49.764+0000] {standard_task_runner.py:72} INFO - Started process 91 to run task
[2025-01-10T18:46:49.763+0000] {standard_task_runner.py:104} INFO - Running: ['***', 'tasks', 'run', 'topcv_scraper', 'download_html', 'manual__2025-01-10T18:45:45.545806+00:00', '--job-id', '6', '--raw', '--subdir', 'DAGS_FOLDER/crawl_data.py', '--cfg-path', '/tmp/tmpos90o4si']
[2025-01-10T18:46:49.768+0000] {standard_task_runner.py:105} INFO - Job 6: Subtask download_html
[2025-01-10T18:46:49.848+0000] {task_command.py:467} INFO - Running <TaskInstance: topcv_scraper.download_html manual__2025-01-10T18:45:45.545806+00:00 [running]> on host 1d1dc2f58764
[2025-01-10T18:46:49.992+0000] {taskinstance.py:3132} INFO - Exporting env vars: AIRFLOW_CTX_DAG_OWNER='***' AIRFLOW_CTX_DAG_ID='topcv_scraper' AIRFLOW_CTX_TASK_ID='download_html' AIRFLOW_CTX_EXECUTION_DATE='2025-01-10T18:45:45.545806+00:00' AIRFLOW_CTX_TRY_NUMBER='1' AIRFLOW_CTX_DAG_RUN_ID='manual__2025-01-10T18:45:45.545806+00:00'
[2025-01-10T18:46:49.994+0000] {taskinstance.py:731} INFO - ::endgroup::
[2025-01-10T18:46:58.209+0000] {logging_mixin.py:190} INFO - Successfully retrieved and saved HTML for: https://www.topcv.vn/viec-lam/nhan-vien-van-phong-nhap-lieu-data-entry-thu-nhap-7-trieu-thang-tai-hn-hcm/1308266.html?ta_source=JobSearchList_LinkDetail&u_sr_id=ra4uTGX8TGnrqUpgq99grr3x3KU4mShGrozvaDdU_1736534754
[2025-01-10T18:47:05.508+0000] {logging_mixin.py:190} INFO - Successfully retrieved and saved HTML for: https://www.topcv.vn/viec-lam/ke-toan-vien-muc-luong-8-11-trieu/1582903.html?ta_source=JobSearchList_LinkDetail&u_sr_id=ra4uTGX8TGnrqUpgq99grr3x3KU4mShGrozvaDdU_1736534754
[2025-01-10T18:47:13.961+0000] {logging_mixin.py:190} INFO - Successfully retrieved and saved HTML for: https://www.topcv.vn/viec-lam/giao-vien-am-nhac-parttime-khoi-tieu-hoc/1582593.html?ta_source=JobSearchList_LinkDetail&u_sr_id=ra4uTGX8TGnrqUpgq99grr3x3KU4mShGrozvaDdU_1736534754
[2025-01-10T18:47:22.986+0000] {logging_mixin.py:190} INFO - Successfully retrieved and saved HTML for: https://www.topcv.vn/viec-lam/nhan-vien-han-nguoi-tho-phu-co-khi/1582779.html?ta_source=JobSearchList_LinkDetail&u_sr_id=ra4uTGX8TGnrqUpgq99grr3x3KU4mShGrozvaDdU_1736534754
[2025-01-10T18:47:37.775+0000] {logging_mixin.py:190} INFO - Successfully retrieved and saved HTML for: https://www.topcv.vn/viec-lam/truong-nhom-quan-ly-chat-luong-qa-qc/1582769.html?ta_source=JobSearchList_LinkDetail&u_sr_id=ra4uTGX8TGnrqUpgq99grr3x3KU4mShGrozvaDdU_1736534754
[2025-01-10T18:47:45.394+0000] {logging_mixin.py:190} INFO - Successfully retrieved and saved HTML for: https://www.topcv.vn/viec-lam/nhan-vien-kinh-doanh-tieng-anh-tieng-trung/1581286.html?ta_source=JobSearchList_LinkDetail&u_sr_id=ra4uTGX8TGnrqUpgq99grr3x3KU4mShGrozvaDdU_1736534754
[2025-01-10T18:47:58.403+0000] {logging_mixin.py:190} INFO - Successfully retrieved and saved HTML for: https://www.topcv.vn/viec-lam/nhan-vien-sales-online-ho-tro-don-hang-data-co-san-thu-nhap-len-den-20-trieu-quan-12/1582458.html?ta_source=JobSearchList_LinkDetail&u_sr_id=ra4uTGX8TGnrqUpgq99grr3x3KU4mShGrozvaDdU_1736534754
[2025-01-10T18:48:09.881+0000] {logging_mixin.py:190} INFO - Successfully retrieved and saved HTML for: https://www.topcv.vn/viec-lam/giao-vien-mam-non-tai-ho-chi-minh-va-ha-noi/1576716.html?ta_source=JobSearchList_LinkDetail&u_sr_id=ra4uTGX8TGnrqUpgq99grr3x3KU4mShGrozvaDdU_1736534754
[2025-01-10T18:48:24.602+0000] {logging_mixin.py:190} INFO - Successfully retrieved and saved HTML for: https://www.topcv.vn/viec-lam/nhan-vien-y-te-mam-non-tai-ho-chi-minh/1524935.html?ta_source=JobSearchList_LinkDetail&u_sr_id=ra4uTGX8TGnrqUpgq99grr3x3KU4mShGrozvaDdU_1736534754
[2025-01-10T18:48:34.742+0000] {logging_mixin.py:190} INFO - Rate limit reached for https://www.topcv.vn/viec-lam/contact-center-follow-up-officer/1582625.html?ta_source=JobSearchList_LinkDetail&u_sr_id=ra4uTGX8TGnrqUpgq99grr3x3KU4mShGrozvaDdU_1736534754. Retrying after 30 seconds...
[2025-01-10T18:49:05.399+0000] {logging_mixin.py:190} INFO - Successfully retrieved and saved HTML for: https://www.topcv.vn/viec-lam/contact-center-follow-up-officer/1582625.html?ta_source=JobSearchList_LinkDetail&u_sr_id=ra4uTGX8TGnrqUpgq99grr3x3KU4mShGrozvaDdU_1736534754
[2025-01-10T18:49:11.773+0000] {logging_mixin.py:190} INFO - Rate limit reached for https://www.topcv.vn/viec-lam/contact-center-correspondence-officer/1582636.html?ta_source=JobSearchList_LinkDetail&u_sr_id=ra4uTGX8TGnrqUpgq99grr3x3KU4mShGrozvaDdU_1736534754. Retrying after 30 seconds...
[2025-01-10T18:49:41.947+0000] {logging_mixin.py:190} INFO - Rate limit reached for https://www.topcv.vn/viec-lam/contact-center-correspondence-officer/1582636.html?ta_source=JobSearchList_LinkDetail&u_sr_id=ra4uTGX8TGnrqUpgq99grr3x3KU4mShGrozvaDdU_1736534754. Retrying after 30 seconds...
[2025-01-10T18:50:12.689+0000] {logging_mixin.py:190} INFO - Successfully retrieved and saved HTML for: https://www.topcv.vn/viec-lam/contact-center-correspondence-officer/1582636.html?ta_source=JobSearchList_LinkDetail&u_sr_id=ra4uTGX8TGnrqUpgq99grr3x3KU4mShGrozvaDdU_1736534754
[2025-01-10T18:50:27.011+0000] {logging_mixin.py:190} INFO - Successfully retrieved and saved HTML for: https://www.topcv.vn/viec-lam/chuyen-vien-phan-tich-mo-hinh-qlrr/1582693.html?ta_source=JobSearchList_LinkDetail&u_sr_id=ra4uTGX8TGnrqUpgq99grr3x3KU4mShGrozvaDdU_1736534754
[2025-01-10T18:50:39.043+0000] {logging_mixin.py:190} INFO - Successfully retrieved and saved HTML for: https://www.topcv.vn/viec-lam/chuyen-vien-quan-he-khach-hang-fdi-tieng-trung-tieng-han/1523027.html?ta_source=JobSearchList_LinkDetail&u_sr_id=ra4uTGX8TGnrqUpgq99grr3x3KU4mShGrozvaDdU_1736534754
[2025-01-10T18:50:50.988+0000] {logging_mixin.py:190} INFO - Successfully retrieved and saved HTML for: https://www.topcv.vn/viec-lam/nhan-vien-ban-hang-tai-cua-hang-tai-ho-chi-minh-ha-noi/1482186.html?ta_source=JobSearchList_LinkDetail&u_sr_id=ra4uTGX8TGnrqUpgq99grr3x3KU4mShGrozvaDdU_1736534754
[2025-01-10T18:51:04.248+0000] {logging_mixin.py:190} INFO - Successfully retrieved and saved HTML for: https://www.topcv.vn/viec-lam/nhan-vien-kinh-doanh-mang-can-ho-thu-nhap-tu-7-50-trieu-khong-yeu-cau-kinh-nghiem/1463269.html?ta_source=JobSearchList_LinkDetail&u_sr_id=ra4uTGX8TGnrqUpgq99grr3x3KU4mShGrozvaDdU_1736534754
[2025-01-10T18:51:19.618+0000] {logging_mixin.py:190} INFO - Successfully retrieved and saved HTML for: https://www.topcv.vn/viec-lam/chuyen-vien-tu-van-du-hoc-sales-du-hoc-thu-nhap-10-20-trieu-luong-cung-cao-nhan-viec-ngay/1582607.html?ta_source=JobSearchList_LinkDetail&u_sr_id=ra4uTGX8TGnrqUpgq99grr3x3KU4mShGrozvaDdU_1736534754
[2025-01-10T18:51:25.161+0000] {logging_mixin.py:190} INFO - Successfully retrieved and saved HTML for: https://www.topcv.vn/viec-lam/ky-su-xay-dung-qs-qc-khoi-du-an-ho-tro-chi-phi-an-o/1582578.html?ta_source=JobSearchList_LinkDetail&u_sr_id=ra4uTGX8TGnrqUpgq99grr3x3KU4mShGrozvaDdU_1736534754
[2025-01-10T18:51:35.909+0000] {logging_mixin.py:190} INFO - Rate limit reached for https://www.topcv.vn/viec-lam/phien-dich-du-an-tieng-trung-thu-nhap-hap-dan/1582569.html?ta_source=JobSearchList_LinkDetail&u_sr_id=ra4uTGX8TGnrqUpgq99grr3x3KU4mShGrozvaDdU_1736534754. Retrying after 30 seconds...
[2025-01-10T18:52:06.531+0000] {logging_mixin.py:190} INFO - Successfully retrieved and saved HTML for: https://www.topcv.vn/viec-lam/phien-dich-du-an-tieng-trung-thu-nhap-hap-dan/1582569.html?ta_source=JobSearchList_LinkDetail&u_sr_id=ra4uTGX8TGnrqUpgq99grr3x3KU4mShGrozvaDdU_1736534754
[2025-01-10T18:52:20.274+0000] {logging_mixin.py:190} INFO - Successfully retrieved and saved HTML for: https://www.topcv.vn/brand/bpomatbao/tuyen-dung/nhan-vien-kinh-doanh-ban-hang-ho-tro-100-data-nong-nhan-viec-ngay-hoac-phong-van-truoc-tet-nhan-viec-sau-tet-thu-viec-nhan-100-luong-cung-thu-nhap-upto-25-trieu-thang-tu-van-telesale-sales-admin-j1582562.html?ta_source=JobSearchList_LinkDetail&u_sr_id=ra4uTGX8TGnrqUpgq99grr3x3KU4mShGrozvaDdU_1736534754
[2025-01-10T18:52:31.137+0000] {logging_mixin.py:190} INFO - Successfully retrieved and saved HTML for: https://www.topcv.vn/viec-lam/operations-coordinator-receptionist-shtp-district-9-hcmc/1525526.html?ta_source=JobSearchList_LinkDetail&u_sr_id=ra4uTGX8TGnrqUpgq99grr3x3KU4mShGrozvaDdU_1736534754
[2025-01-10T18:52:43.408+0000] {logging_mixin.py:190} INFO - Successfully retrieved and saved HTML for: https://www.topcv.vn/viec-lam/truong-nhom-marketing-marketing-leader-luong-tu-15-trieu-thang-nhan-viec-ngay/1582398.html?ta_source=JobSearchList_LinkDetail&u_sr_id=ra4uTGX8TGnrqUpgq99grr3x3KU4mShGrozvaDdU_1736534754
[2025-01-10T18:52:58.214+0000] {logging_mixin.py:190} INFO - Successfully retrieved and saved HTML for: https://www.topcv.vn/viec-lam/nhan-vien-kinh-doanh-tu-van-chot-don-hang-luong-co-ban-tu-7-trieu-hoa-hong-doanh-so/1582406.html?ta_source=JobSearchList_LinkDetail&u_sr_id=ra4uTGX8TGnrqUpgq99grr3x3KU4mShGrozvaDdU_1736534754
[2025-01-10T18:53:06.281+0000] {logging_mixin.py:190} INFO - Successfully retrieved and saved HTML for: https://www.topcv.vn/viec-lam/quan-ly-trung-tam-tieng-anh-thu-nhap-upto-60-trieu-ha-noi-tp-ho-chi-minh/1582467.html?ta_source=JobSearchList_LinkDetail&u_sr_id=ra4uTGX8TGnrqUpgq99grr3x3KU4mShGrozvaDdU_1736534754
[2025-01-10T18:53:16.664+0000] {logging_mixin.py:190} INFO - Successfully retrieved and saved HTML for: https://www.topcv.vn/viec-lam/senior-sales-executive/1316953.html?ta_source=JobSearchList_LinkDetail&u_sr_id=ra4uTGX8TGnrqUpgq99grr3x3KU4mShGrozvaDdU_1736534754
[2025-01-10T18:53:29.260+0000] {logging_mixin.py:190} INFO - Successfully retrieved and saved HTML for: https://www.topcv.vn/viec-lam/2d-artist/1582454.html?ta_source=JobSearchList_LinkDetail&u_sr_id=ra4uTGX8TGnrqUpgq99grr3x3KU4mShGrozvaDdU_1736534754
[2025-01-10T18:53:41.493+0000] {logging_mixin.py:190} INFO - Successfully retrieved and saved HTML for: https://www.topcv.vn/viec-lam/nhan-vien-content-marketing-nganh-du-lich-2-nam-kinh-nghiem-thu-nhap-15-trieu/1582422.html?ta_source=JobSearchList_LinkDetail&u_sr_id=ra4uTGX8TGnrqUpgq99grr3x3KU4mShGrozvaDdU_1736534754
[2025-01-10T18:53:57.397+0000] {logging_mixin.py:190} INFO - Successfully retrieved and saved HTML for: https://www.topcv.vn/viec-lam/nhan-vien-livestream-tiktok-facebook-ve-mang-du-lich-1-nam-kinh-nghiem-thu-nhap-15-trieu/1582366.html?ta_source=JobSearchList_LinkDetail&u_sr_id=ra4uTGX8TGnrqUpgq99grr3x3KU4mShGrozvaDdU_1736534754
[2025-01-10T18:54:09.153+0000] {logging_mixin.py:190} INFO - Successfully retrieved and saved HTML for: https://www.topcv.vn/viec-lam/thu-ky/1505191.html?ta_source=JobSearchList_LinkDetail&u_sr_id=ra4uTGX8TGnrqUpgq99grr3x3KU4mShGrozvaDdU_1736534754
[2025-01-10T18:54:22.664+0000] {logging_mixin.py:190} INFO - Successfully retrieved and saved HTML for: https://www.topcv.vn/viec-lam/chuyen-vien-quan-ly-khach-hang-chuong-trinh-the-he-but-pha-abbank-s-202x-ha-noi/1582282.html?ta_source=JobSearchList_LinkDetail&u_sr_id=ra4uTGX8TGnrqUpgq99grr3x3KU4mShGrozvaDdU_1736534754
[2025-01-10T18:54:29.069+0000] {logging_mixin.py:190} INFO - Successfully retrieved and saved HTML for: https://www.topcv.vn/viec-lam/chuyen-vien-quan-ly-khach-hang-chuong-trinh-the-he-but-pha-abbank-s-202x-ho-chi-minh/1582291.html?ta_source=JobSearchList_LinkDetail&u_sr_id=ra4uTGX8TGnrqUpgq99grr3x3KU4mShGrozvaDdU_1736534754
[2025-01-10T18:54:37.461+0000] {logging_mixin.py:190} INFO - Successfully retrieved and saved HTML for: https://www.topcv.vn/viec-lam/giao-dich-vien-chuong-trinh-the-he-but-pha-abbank-s-202x-ho-chi-minh/1582301.html?ta_source=JobSearchList_LinkDetail&u_sr_id=ra4uTGX8TGnrqUpgq99grr3x3KU4mShGrozvaDdU_1736534754
[2025-01-10T18:54:50.889+0000] {logging_mixin.py:190} INFO - Successfully retrieved and saved HTML for: https://www.topcv.vn/viec-lam/giao-dich-vien-chuong-trinh-the-he-but-pha-abbank-s-202x-ha-noi/1582306.html?ta_source=JobSearchList_LinkDetail&u_sr_id=ra4uTGX8TGnrqUpgq99grr3x3KU4mShGrozvaDdU_1736534754
