[2025-01-16T02:17:30.687+0000] {local_task_job_runner.py:123} INFO - ::group::Pre task execution logs
[2025-01-16T02:17:30.717+0000] {taskinstance.py:2613} INFO - Dependencies all met for dep_context=non-requeueable deps ti=<TaskInstance: topcv_scraper.extract_job_data manual__2025-01-16T02:05:13.338128+00:00 [queued]>
[2025-01-16T02:17:30.734+0000] {taskinstance.py:2613} INFO - Dependencies all met for dep_context=requeueable deps ti=<TaskInstance: topcv_scraper.extract_job_data manual__2025-01-16T02:05:13.338128+00:00 [queued]>
[2025-01-16T02:17:30.736+0000] {taskinstance.py:2866} INFO - Starting attempt 1 of 2
[2025-01-16T02:17:30.759+0000] {taskinstance.py:2889} INFO - Executing <Task(PythonOperator): extract_job_data> on 2025-01-16 02:05:13.338128+00:00
[2025-01-16T02:17:30.768+0000] {warnings.py:112} WARNING - /home/***/.local/lib/python3.12/site-packages/***/task/task_runner/standard_task_runner.py:70: DeprecationWarning: This process (pid=234) is multi-threaded, use of fork() may lead to deadlocks in the child.
  pid = os.fork()

[2025-01-16T02:17:30.771+0000] {standard_task_runner.py:72} INFO - Started process 235 to run task
[2025-01-16T02:17:30.771+0000] {standard_task_runner.py:104} INFO - Running: ['***', 'tasks', 'run', 'topcv_scraper', 'extract_job_data', 'manual__2025-01-16T02:05:13.338128+00:00', '--job-id', '8', '--raw', '--subdir', 'DAGS_FOLDER/crawl_data_topcv.py', '--cfg-path', '/tmp/tmp9h__xa4p']
[2025-01-16T02:17:30.782+0000] {standard_task_runner.py:105} INFO - Job 8: Subtask extract_job_data
[2025-01-16T02:17:30.879+0000] {task_command.py:467} INFO - Running <TaskInstance: topcv_scraper.extract_job_data manual__2025-01-16T02:05:13.338128+00:00 [running]> on host 6b15ef797a18
[2025-01-16T02:17:31.030+0000] {taskinstance.py:3132} INFO - Exporting env vars: AIRFLOW_CTX_DAG_OWNER='***' AIRFLOW_CTX_DAG_ID='topcv_scraper' AIRFLOW_CTX_TASK_ID='extract_job_data' AIRFLOW_CTX_EXECUTION_DATE='2025-01-16T02:05:13.338128+00:00' AIRFLOW_CTX_TRY_NUMBER='1' AIRFLOW_CTX_DAG_RUN_ID='manual__2025-01-16T02:05:13.338128+00:00'
[2025-01-16T02:17:31.032+0000] {taskinstance.py:731} INFO - ::endgroup::
[2025-01-16T02:18:23.207+0000] {logging_mixin.py:190} INFO - Job data saved to extracted_jobs.csv successfully.
[2025-01-16T02:18:23.210+0000] {python.py:240} INFO - Done. Returned value was: None
[2025-01-16T02:18:23.233+0000] {taskinstance.py:340} INFO - ::group::Post task execution logs
[2025-01-16T02:18:23.234+0000] {taskinstance.py:352} INFO - Marking task as SUCCESS. dag_id=topcv_scraper, task_id=extract_job_data, run_id=manual__2025-01-16T02:05:13.338128+00:00, execution_date=20250116T020513, start_date=20250116T021730, end_date=20250116T021823
[2025-01-16T02:18:23.294+0000] {local_task_job_runner.py:266} INFO - Task exited with return code 0
[2025-01-16T02:18:23.315+0000] {taskinstance.py:3895} INFO - 0 downstream tasks scheduled from follow-on schedule check
[2025-01-16T02:18:23.318+0000] {local_task_job_runner.py:245} INFO - ::endgroup::
