[2025-02-08T15:39:06.072+0000] {local_task_job_runner.py:123} INFO - ::group::Pre task execution logs
[2025-02-08T15:39:06.096+0000] {taskinstance.py:2613} INFO - Dependencies all met for dep_context=non-requeueable deps ti=<TaskInstance: etl.raw_kaggle_source manual__2025-02-08T15:39:04.360250+00:00 [queued]>
[2025-02-08T15:39:06.108+0000] {taskinstance.py:2613} INFO - Dependencies all met for dep_context=requeueable deps ti=<TaskInstance: etl.raw_kaggle_source manual__2025-02-08T15:39:04.360250+00:00 [queued]>
[2025-02-08T15:39:06.109+0000] {taskinstance.py:2866} INFO - Starting attempt 1 of 4
[2025-02-08T15:39:06.126+0000] {taskinstance.py:2889} INFO - Executing <Task(BashOperator): raw_kaggle_source> on 2025-02-08 15:39:04.360250+00:00
[2025-02-08T15:39:06.134+0000] {warnings.py:112} WARNING - /home/***/.local/lib/python3.12/site-packages/***/task/task_runner/standard_task_runner.py:70: DeprecationWarning: This process (pid=87) is multi-threaded, use of fork() may lead to deadlocks in the child.
  pid = os.fork()

[2025-02-08T15:39:06.136+0000] {standard_task_runner.py:72} INFO - Started process 88 to run task
[2025-02-08T15:39:06.143+0000] {standard_task_runner.py:104} INFO - Running: ['***', 'tasks', 'run', 'etl', 'raw_kaggle_source', 'manual__2025-02-08T15:39:04.360250+00:00', '--job-id', '4', '--raw', '--subdir', 'DAGS_FOLDER/etl.py', '--cfg-path', '/tmp/tmpdu_c8_11']
[2025-02-08T15:39:06.146+0000] {standard_task_runner.py:105} INFO - Job 4: Subtask raw_kaggle_source
[2025-02-08T15:39:06.211+0000] {task_command.py:467} INFO - Running <TaskInstance: etl.raw_kaggle_source manual__2025-02-08T15:39:04.360250+00:00 [running]> on host b45b39a99641
[2025-02-08T15:39:06.310+0000] {taskinstance.py:3132} INFO - Exporting env vars: AIRFLOW_CTX_DAG_OWNER='etl' AIRFLOW_CTX_DAG_ID='etl' AIRFLOW_CTX_TASK_ID='raw_kaggle_source' AIRFLOW_CTX_EXECUTION_DATE='2025-02-08T15:39:04.360250+00:00' AIRFLOW_CTX_TRY_NUMBER='1' AIRFLOW_CTX_DAG_RUN_ID='manual__2025-02-08T15:39:04.360250+00:00'
[2025-02-08T15:39:06.311+0000] {taskinstance.py:731} INFO - ::endgroup::
[2025-02-08T15:39:06.351+0000] {subprocess.py:78} INFO - Tmp dir root location: /tmp
[2025-02-08T15:39:06.354+0000] {subprocess.py:88} INFO - Running command: ['/usr/bin/bash', '-c', 'docker exec spark-master /opt/spark/bin/spark-submit   --master spark://spark-master:7077   --conf spark.executor.memory=2g   --verbose   /opt/spark/ETL/raw/kaggle_source.py']
[2025-02-08T15:39:06.366+0000] {subprocess.py:99} INFO - Output:
[2025-02-08T15:39:11.024+0000] {subprocess.py:106} INFO - Using properties file: /opt/spark/conf/spark-defaults.conf
[2025-02-08T15:39:11.341+0000] {subprocess.py:106} INFO - Adding default property: spark.eventLog.enabled=true
[2025-02-08T15:39:11.343+0000] {subprocess.py:106} INFO - Adding default property: spark.history.fs.logDirectory=/opt/spark/spark-events
[2025-02-08T15:39:11.344+0000] {subprocess.py:106} INFO - Adding default property: spark.master=spark://spark-master:7077
[2025-02-08T15:39:11.345+0000] {subprocess.py:106} INFO - Adding default property: spark.eventLog.dir=/opt/spark/spark-events
[2025-02-08T15:39:11.379+0000] {subprocess.py:106} INFO - Parsed arguments:
[2025-02-08T15:39:11.380+0000] {subprocess.py:106} INFO -   master                  spark://spark-master:7077
[2025-02-08T15:39:11.380+0000] {subprocess.py:106} INFO -   remote                  null
[2025-02-08T15:39:11.381+0000] {subprocess.py:106} INFO -   deployMode              null
[2025-02-08T15:39:11.381+0000] {subprocess.py:106} INFO -   executorMemory          2g
[2025-02-08T15:39:11.382+0000] {subprocess.py:106} INFO -   executorCores           null
[2025-02-08T15:39:11.382+0000] {subprocess.py:106} INFO -   totalExecutorCores      null
[2025-02-08T15:39:11.382+0000] {subprocess.py:106} INFO -   propertiesFile          /opt/spark/conf/spark-defaults.conf
[2025-02-08T15:39:11.383+0000] {subprocess.py:106} INFO -   driverMemory            null
[2025-02-08T15:39:11.383+0000] {subprocess.py:106} INFO -   driverCores             null
[2025-02-08T15:39:11.384+0000] {subprocess.py:106} INFO -   driverExtraClassPath    null
[2025-02-08T15:39:11.384+0000] {subprocess.py:106} INFO -   driverExtraLibraryPath  null
[2025-02-08T15:39:11.385+0000] {subprocess.py:106} INFO -   driverExtraJavaOptions  null
[2025-02-08T15:39:11.385+0000] {subprocess.py:106} INFO -   supervise               false
[2025-02-08T15:39:11.385+0000] {subprocess.py:106} INFO -   queue                   null
[2025-02-08T15:39:11.386+0000] {subprocess.py:106} INFO -   numExecutors            null
[2025-02-08T15:39:11.386+0000] {subprocess.py:106} INFO -   files                   null
[2025-02-08T15:39:11.387+0000] {subprocess.py:106} INFO -   pyFiles                 null
[2025-02-08T15:39:11.387+0000] {subprocess.py:106} INFO -   archives                null
[2025-02-08T15:39:11.388+0000] {subprocess.py:106} INFO -   mainClass               null
[2025-02-08T15:39:11.388+0000] {subprocess.py:106} INFO -   primaryResource         file:/opt/spark/ETL/raw/kaggle_source.py
[2025-02-08T15:39:11.389+0000] {subprocess.py:106} INFO -   name                    kaggle_source.py
[2025-02-08T15:39:11.389+0000] {subprocess.py:106} INFO -   childArgs               []
[2025-02-08T15:39:11.389+0000] {subprocess.py:106} INFO -   jars                    null
[2025-02-08T15:39:11.390+0000] {subprocess.py:106} INFO -   packages                null
[2025-02-08T15:39:11.390+0000] {subprocess.py:106} INFO -   packagesExclusions      null
[2025-02-08T15:39:11.391+0000] {subprocess.py:106} INFO -   repositories            null
[2025-02-08T15:39:11.391+0000] {subprocess.py:106} INFO -   verbose                 true
[2025-02-08T15:39:11.391+0000] {subprocess.py:106} INFO - 
[2025-02-08T15:39:11.392+0000] {subprocess.py:106} INFO - Spark properties used, including those specified through
[2025-02-08T15:39:11.392+0000] {subprocess.py:106} INFO -  --conf and those from the properties file /opt/spark/conf/spark-defaults.conf:
[2025-02-08T15:39:11.393+0000] {subprocess.py:106} INFO -   (spark.eventLog.dir,/opt/spark/spark-events)
[2025-02-08T15:39:11.393+0000] {subprocess.py:106} INFO -   (spark.eventLog.enabled,true)
[2025-02-08T15:39:11.393+0000] {subprocess.py:106} INFO -   (spark.executor.memory,2g)
[2025-02-08T15:39:11.394+0000] {subprocess.py:106} INFO -   (spark.history.fs.logDirectory,/opt/spark/spark-events)
[2025-02-08T15:39:11.394+0000] {subprocess.py:106} INFO -   (spark.master,spark://spark-master:7077)
[2025-02-08T15:39:11.395+0000] {subprocess.py:106} INFO - 
[2025-02-08T15:39:11.395+0000] {subprocess.py:106} INFO - 
[2025-02-08T15:39:12.099+0000] {subprocess.py:106} INFO - Main class:
[2025-02-08T15:39:12.100+0000] {subprocess.py:106} INFO - org.apache.spark.deploy.PythonRunner
[2025-02-08T15:39:12.101+0000] {subprocess.py:106} INFO - Arguments:
[2025-02-08T15:39:12.102+0000] {subprocess.py:106} INFO - file:/opt/spark/ETL/raw/kaggle_source.py
[2025-02-08T15:39:12.102+0000] {subprocess.py:106} INFO - null
[2025-02-08T15:39:12.107+0000] {subprocess.py:106} INFO - Spark config:
[2025-02-08T15:39:12.108+0000] {subprocess.py:106} INFO - (spark.app.name,kaggle_source.py)
[2025-02-08T15:39:12.108+0000] {subprocess.py:106} INFO - (spark.app.submitTime,1739029152048)
[2025-02-08T15:39:12.108+0000] {subprocess.py:106} INFO - (spark.eventLog.dir,/opt/spark/spark-events)
[2025-02-08T15:39:12.109+0000] {subprocess.py:106} INFO - (spark.eventLog.enabled,true)
[2025-02-08T15:39:12.109+0000] {subprocess.py:106} INFO - (spark.executor.memory,2g)
[2025-02-08T15:39:12.110+0000] {subprocess.py:106} INFO - (spark.history.fs.logDirectory,/opt/spark/spark-events)
[2025-02-08T15:39:12.110+0000] {subprocess.py:106} INFO - (spark.master,spark://spark-master:7077)
[2025-02-08T15:39:12.110+0000] {subprocess.py:106} INFO - (spark.submit.deployMode,client)
[2025-02-08T15:39:12.111+0000] {subprocess.py:106} INFO - (spark.submit.pyFiles,)
[2025-02-08T15:39:12.112+0000] {subprocess.py:106} INFO - Classpath elements:
[2025-02-08T15:39:12.113+0000] {subprocess.py:106} INFO - 
[2025-02-08T15:39:12.114+0000] {subprocess.py:106} INFO - 
[2025-02-08T15:39:12.115+0000] {subprocess.py:106} INFO - 
[2025-02-08T15:39:13.851+0000] {subprocess.py:106} INFO - 25/02/08 15:39:13 INFO SparkContext: Running Spark version 3.5.4
[2025-02-08T15:39:13.857+0000] {subprocess.py:106} INFO - 25/02/08 15:39:13 INFO SparkContext: OS info Linux, 5.15.167.4-microsoft-standard-WSL2, amd64
[2025-02-08T15:39:13.860+0000] {subprocess.py:106} INFO - 25/02/08 15:39:13 INFO SparkContext: Java version 11.0.26
[2025-02-08T15:39:14.020+0000] {subprocess.py:106} INFO - 25/02/08 15:39:14 WARN NativeCodeLoader: Unable to load native-hadoop library for your platform... using builtin-java classes where applicable
[2025-02-08T15:39:14.280+0000] {subprocess.py:106} INFO - 25/02/08 15:39:14 INFO ResourceUtils: ==============================================================
[2025-02-08T15:39:14.282+0000] {subprocess.py:106} INFO - 25/02/08 15:39:14 INFO ResourceUtils: No custom resources configured for spark.driver.
[2025-02-08T15:39:14.283+0000] {subprocess.py:106} INFO - 25/02/08 15:39:14 INFO ResourceUtils: ==============================================================
[2025-02-08T15:39:14.287+0000] {subprocess.py:106} INFO - 25/02/08 15:39:14 INFO SparkContext: Submitted application: Raw Layer
[2025-02-08T15:39:14.368+0000] {subprocess.py:106} INFO - 25/02/08 15:39:14 INFO ResourceProfile: Default ResourceProfile created, executor resources: Map(memory -> name: memory, amount: 2048, script: , vendor: , offHeap -> name: offHeap, amount: 0, script: , vendor: ), task resources: Map(cpus -> name: cpus, amount: 1.0)
[2025-02-08T15:39:14.405+0000] {subprocess.py:106} INFO - 25/02/08 15:39:14 INFO ResourceProfile: Limiting resource is cpu
[2025-02-08T15:39:14.408+0000] {subprocess.py:106} INFO - 25/02/08 15:39:14 INFO ResourceProfileManager: Added ResourceProfile id: 0
[2025-02-08T15:39:14.591+0000] {subprocess.py:106} INFO - 25/02/08 15:39:14 INFO SecurityManager: Changing view acls to: root
[2025-02-08T15:39:14.592+0000] {subprocess.py:106} INFO - 25/02/08 15:39:14 INFO SecurityManager: Changing modify acls to: root
[2025-02-08T15:39:14.594+0000] {subprocess.py:106} INFO - 25/02/08 15:39:14 INFO SecurityManager: Changing view acls groups to:
[2025-02-08T15:39:14.597+0000] {subprocess.py:106} INFO - 25/02/08 15:39:14 INFO SecurityManager: Changing modify acls groups to:
[2025-02-08T15:39:14.600+0000] {subprocess.py:106} INFO - 25/02/08 15:39:14 INFO SecurityManager: SecurityManager: authentication disabled; ui acls disabled; users with view permissions: root; groups with view permissions: EMPTY; users with modify permissions: root; groups with modify permissions: EMPTY
[2025-02-08T15:39:15.944+0000] {subprocess.py:106} INFO - 25/02/08 15:39:15 INFO Utils: Successfully started service 'sparkDriver' on port 46459.
[2025-02-08T15:39:16.102+0000] {subprocess.py:106} INFO - 25/02/08 15:39:16 INFO SparkEnv: Registering MapOutputTracker
[2025-02-08T15:39:16.326+0000] {subprocess.py:106} INFO - 25/02/08 15:39:16 INFO SparkEnv: Registering BlockManagerMaster
[2025-02-08T15:39:16.419+0000] {subprocess.py:106} INFO - 25/02/08 15:39:16 INFO BlockManagerMasterEndpoint: Using org.apache.spark.storage.DefaultTopologyMapper for getting topology information
[2025-02-08T15:39:16.425+0000] {subprocess.py:106} INFO - 25/02/08 15:39:16 INFO BlockManagerMasterEndpoint: BlockManagerMasterEndpoint up
[2025-02-08T15:39:16.466+0000] {subprocess.py:106} INFO - 25/02/08 15:39:16 INFO SparkEnv: Registering BlockManagerMasterHeartbeat
[2025-02-08T15:39:16.587+0000] {subprocess.py:106} INFO - 25/02/08 15:39:16 INFO DiskBlockManager: Created local directory at /tmp/blockmgr-74871f73-8f53-4344-8955-110a03b53c4f
[2025-02-08T15:39:16.667+0000] {subprocess.py:106} INFO - 25/02/08 15:39:16 INFO MemoryStore: MemoryStore started with capacity 434.4 MiB
[2025-02-08T15:39:16.761+0000] {subprocess.py:106} INFO - 25/02/08 15:39:16 INFO SparkEnv: Registering OutputCommitCoordinator
[2025-02-08T15:39:18.087+0000] {subprocess.py:106} INFO - 25/02/08 15:39:18 INFO JettyUtils: Start Jetty 0.0.0.0:4040 for SparkUI
[2025-02-08T15:39:18.480+0000] {subprocess.py:106} INFO - 25/02/08 15:39:18 WARN Utils: Service 'SparkUI' could not bind on port 4040. Attempting port 4041.
[2025-02-08T15:39:18.532+0000] {subprocess.py:106} INFO - 25/02/08 15:39:18 INFO Utils: Successfully started service 'SparkUI' on port 4041.
[2025-02-08T15:39:19.923+0000] {subprocess.py:106} INFO - 25/02/08 15:39:19 INFO StandaloneAppClient$ClientEndpoint: Connecting to master spark://spark-master:7077...
[2025-02-08T15:39:20.078+0000] {subprocess.py:106} INFO - 25/02/08 15:39:20 INFO TransportClientFactory: Successfully created connection to spark-master/172.20.0.2:7077 after 88 ms (0 ms spent in bootstraps)
[2025-02-08T15:39:21.158+0000] {subprocess.py:106} INFO - 25/02/08 15:39:21 INFO StandaloneSchedulerBackend: Connected to Spark cluster with app ID app-20250208153921-0004
[2025-02-08T15:39:21.207+0000] {subprocess.py:106} INFO - 25/02/08 15:39:21 INFO Utils: Successfully started service 'org.apache.spark.network.netty.NettyBlockTransferService' on port 45447.
[2025-02-08T15:39:21.210+0000] {subprocess.py:106} INFO - 25/02/08 15:39:21 INFO NettyBlockTransferService: Server created on 13574e9a5001:45447
[2025-02-08T15:39:21.213+0000] {subprocess.py:106} INFO - 25/02/08 15:39:21 INFO BlockManager: Using org.apache.spark.storage.RandomBlockReplicationPolicy for block replication policy
[2025-02-08T15:39:21.250+0000] {subprocess.py:106} INFO - 25/02/08 15:39:21 INFO BlockManagerMaster: Registering BlockManager BlockManagerId(driver, 13574e9a5001, 45447, None)
[2025-02-08T15:39:21.271+0000] {subprocess.py:106} INFO - 25/02/08 15:39:21 INFO BlockManagerMasterEndpoint: Registering block manager 13574e9a5001:45447 with 434.4 MiB RAM, BlockManagerId(driver, 13574e9a5001, 45447, None)
[2025-02-08T15:39:21.290+0000] {subprocess.py:106} INFO - 25/02/08 15:39:21 INFO BlockManagerMaster: Registered BlockManager BlockManagerId(driver, 13574e9a5001, 45447, None)
[2025-02-08T15:39:21.295+0000] {subprocess.py:106} INFO - 25/02/08 15:39:21 INFO BlockManager: Initialized BlockManager: BlockManagerId(driver, 13574e9a5001, 45447, None)
[2025-02-08T15:39:22.409+0000] {subprocess.py:106} INFO - 25/02/08 15:39:22 INFO SingleEventLogFileWriter: Logging events to file:/opt/spark/spark-events/app-20250208153921-0004.inprogress
[2025-02-08T15:39:23.454+0000] {subprocess.py:106} INFO - 25/02/08 15:39:23 INFO StandaloneSchedulerBackend: SchedulerBackend is ready for scheduling beginning after reached minRegisteredResourcesRatio: 0.0
[2025-02-08T15:40:05.617+0000] {subprocess.py:110} INFO - Command exited with return code 0
[2025-02-08T15:40:05.656+0000] {taskinstance.py:340} INFO - ::group::Post task execution logs
[2025-02-08T15:40:05.657+0000] {taskinstance.py:352} INFO - Marking task as SUCCESS. dag_id=etl, task_id=raw_kaggle_source, run_id=manual__2025-02-08T15:39:04.360250+00:00, execution_date=20250208T153904, start_date=20250208T153906, end_date=20250208T154005
[2025-02-08T15:40:05.702+0000] {local_task_job_runner.py:266} INFO - Task exited with return code 0
[2025-02-08T15:40:05.732+0000] {taskinstance.py:3895} INFO - 1 downstream tasks scheduled from follow-on schedule check
[2025-02-08T15:40:05.736+0000] {local_task_job_runner.py:245} INFO - ::endgroup::
