[2025-01-16T02:16:27.504+0000] {local_task_job_runner.py:123} INFO - ::group::Pre task execution logs
[2025-01-16T02:16:27.532+0000] {taskinstance.py:2613} INFO - Dependencies all met for dep_context=non-requeueable deps ti=<TaskInstance: topcv_scraper.extract_job_data scheduled__2025-01-15T00:00:00+00:00 [queued]>
[2025-01-16T02:16:27.563+0000] {taskinstance.py:2613} INFO - Dependencies all met for dep_context=requeueable deps ti=<TaskInstance: topcv_scraper.extract_job_data scheduled__2025-01-15T00:00:00+00:00 [queued]>
[2025-01-16T02:16:27.566+0000] {taskinstance.py:2866} INFO - Starting attempt 1 of 2
[2025-01-16T02:16:27.628+0000] {taskinstance.py:2889} INFO - Executing <Task(PythonOperator): extract_job_data> on 2025-01-15 00:00:00+00:00
[2025-01-16T02:16:27.640+0000] {warnings.py:112} WARNING - /home/***/.local/lib/python3.12/site-packages/***/task/task_runner/standard_task_runner.py:70: DeprecationWarning: This process (pid=217) is multi-threaded, use of fork() may lead to deadlocks in the child.
  pid = os.fork()

[2025-01-16T02:16:27.644+0000] {standard_task_runner.py:72} INFO - Started process 218 to run task
[2025-01-16T02:16:27.656+0000] {standard_task_runner.py:104} INFO - Running: ['***', 'tasks', 'run', 'topcv_scraper', 'extract_job_data', 'scheduled__2025-01-15T00:00:00+00:00', '--job-id', '7', '--raw', '--subdir', 'DAGS_FOLDER/crawl_data_topcv.py', '--cfg-path', '/tmp/tmp6_erpat3']
[2025-01-16T02:16:27.661+0000] {standard_task_runner.py:105} INFO - Job 7: Subtask extract_job_data
[2025-01-16T02:16:27.752+0000] {task_command.py:467} INFO - Running <TaskInstance: topcv_scraper.extract_job_data scheduled__2025-01-15T00:00:00+00:00 [running]> on host 6b15ef797a18
[2025-01-16T02:16:27.878+0000] {taskinstance.py:3132} INFO - Exporting env vars: AIRFLOW_CTX_DAG_OWNER='***' AIRFLOW_CTX_DAG_ID='topcv_scraper' AIRFLOW_CTX_TASK_ID='extract_job_data' AIRFLOW_CTX_EXECUTION_DATE='2025-01-15T00:00:00+00:00' AIRFLOW_CTX_TRY_NUMBER='1' AIRFLOW_CTX_DAG_RUN_ID='scheduled__2025-01-15T00:00:00+00:00'
[2025-01-16T02:16:27.881+0000] {taskinstance.py:731} INFO - ::endgroup::
[2025-01-16T02:17:23.510+0000] {logging_mixin.py:190} INFO - Job data saved to extracted_jobs.csv successfully.
[2025-01-16T02:17:23.521+0000] {python.py:240} INFO - Done. Returned value was: None
[2025-01-16T02:17:23.562+0000] {taskinstance.py:340} INFO - ::group::Post task execution logs
[2025-01-16T02:17:23.566+0000] {taskinstance.py:352} INFO - Marking task as SUCCESS. dag_id=topcv_scraper, task_id=extract_job_data, run_id=scheduled__2025-01-15T00:00:00+00:00, execution_date=20250115T000000, start_date=20250116T021627, end_date=20250116T021723
[2025-01-16T02:17:23.731+0000] {local_task_job_runner.py:266} INFO - Task exited with return code 0
[2025-01-16T02:17:23.790+0000] {taskinstance.py:3895} INFO - 0 downstream tasks scheduled from follow-on schedule check
[2025-01-16T02:17:23.797+0000] {local_task_job_runner.py:245} INFO - ::endgroup::
[2025-01-16T02:59:53.101+0000] {local_task_job_runner.py:123} INFO - ::group::Pre task execution logs
[2025-01-16T02:59:53.134+0000] {taskinstance.py:2613} INFO - Dependencies all met for dep_context=non-requeueable deps ti=<TaskInstance: topcv_scraper.extract_job_data scheduled__2025-01-15T00:00:00+00:00 [queued]>
[2025-01-16T02:59:53.152+0000] {taskinstance.py:2613} INFO - Dependencies all met for dep_context=requeueable deps ti=<TaskInstance: topcv_scraper.extract_job_data scheduled__2025-01-15T00:00:00+00:00 [queued]>
[2025-01-16T02:59:53.153+0000] {taskinstance.py:2866} INFO - Starting attempt 1 of 2
[2025-01-16T02:59:53.186+0000] {taskinstance.py:2889} INFO - Executing <Task(PythonOperator): extract_job_data> on 2025-01-15 00:00:00+00:00
[2025-01-16T02:59:53.195+0000] {warnings.py:112} WARNING - /home/***/.local/lib/python3.12/site-packages/***/task/task_runner/standard_task_runner.py:70: DeprecationWarning: This process (pid=208) is multi-threaded, use of fork() may lead to deadlocks in the child.
  pid = os.fork()

[2025-01-16T02:59:53.198+0000] {standard_task_runner.py:72} INFO - Started process 209 to run task
[2025-01-16T02:59:53.205+0000] {standard_task_runner.py:104} INFO - Running: ['***', 'tasks', 'run', 'topcv_scraper', 'extract_job_data', 'scheduled__2025-01-15T00:00:00+00:00', '--job-id', '8', '--raw', '--subdir', 'DAGS_FOLDER/crawl_data_topcv.py', '--cfg-path', '/tmp/tmpq1h4wdel']
[2025-01-16T02:59:53.211+0000] {standard_task_runner.py:105} INFO - Job 8: Subtask extract_job_data
[2025-01-16T02:59:53.313+0000] {task_command.py:467} INFO - Running <TaskInstance: topcv_scraper.extract_job_data scheduled__2025-01-15T00:00:00+00:00 [running]> on host 6b9b16f85a92
[2025-01-16T02:59:53.471+0000] {taskinstance.py:3132} INFO - Exporting env vars: AIRFLOW_CTX_DAG_OWNER='***' AIRFLOW_CTX_DAG_ID='topcv_scraper' AIRFLOW_CTX_TASK_ID='extract_job_data' AIRFLOW_CTX_EXECUTION_DATE='2025-01-15T00:00:00+00:00' AIRFLOW_CTX_TRY_NUMBER='1' AIRFLOW_CTX_DAG_RUN_ID='scheduled__2025-01-15T00:00:00+00:00'
[2025-01-16T02:59:53.473+0000] {taskinstance.py:731} INFO - ::endgroup::
[2025-01-16T03:01:07.912+0000] {logging_mixin.py:190} INFO - Job data saved to /opt/***/data/extracted_jobs.csv successfully.
[2025-01-16T03:01:07.914+0000] {python.py:240} INFO - Done. Returned value was: None
[2025-01-16T03:01:07.931+0000] {taskinstance.py:340} INFO - ::group::Post task execution logs
[2025-01-16T03:01:07.932+0000] {taskinstance.py:352} INFO - Marking task as SUCCESS. dag_id=topcv_scraper, task_id=extract_job_data, run_id=scheduled__2025-01-15T00:00:00+00:00, execution_date=20250115T000000, start_date=20250116T025953, end_date=20250116T030107
[2025-01-16T03:01:07.974+0000] {local_task_job_runner.py:266} INFO - Task exited with return code 0
[2025-01-16T03:01:08.000+0000] {taskinstance.py:3895} INFO - 0 downstream tasks scheduled from follow-on schedule check
[2025-01-16T03:01:08.003+0000] {local_task_job_runner.py:245} INFO - ::endgroup::
