[2025-02-08T15:40:06.925+0000] {local_task_job_runner.py:123} INFO - ::group::Pre task execution logs
[2025-02-08T15:40:06.965+0000] {taskinstance.py:2613} INFO - Dependencies all met for dep_context=non-requeueable deps ti=<TaskInstance: etl.foundation_kaggle manual__2025-02-08T15:39:04.360250+00:00 [queued]>
[2025-02-08T15:40:06.981+0000] {taskinstance.py:2613} INFO - Dependencies all met for dep_context=requeueable deps ti=<TaskInstance: etl.foundation_kaggle manual__2025-02-08T15:39:04.360250+00:00 [queued]>
[2025-02-08T15:40:06.982+0000] {taskinstance.py:2866} INFO - Starting attempt 1 of 4
[2025-02-08T15:40:07.012+0000] {taskinstance.py:2889} INFO - Executing <Task(BashOperator): foundation_kaggle> on 2025-02-08 15:39:04.360250+00:00
[2025-02-08T15:40:07.031+0000] {warnings.py:112} WARNING - /home/***/.local/lib/python3.12/site-packages/***/task/task_runner/standard_task_runner.py:70: DeprecationWarning: This process (pid=133) is multi-threaded, use of fork() may lead to deadlocks in the child.
  pid = os.fork()

[2025-02-08T15:40:07.034+0000] {standard_task_runner.py:72} INFO - Started process 134 to run task
[2025-02-08T15:40:07.039+0000] {standard_task_runner.py:104} INFO - Running: ['***', 'tasks', 'run', 'etl', 'foundation_kaggle', 'manual__2025-02-08T15:39:04.360250+00:00', '--job-id', '6', '--raw', '--subdir', 'DAGS_FOLDER/etl.py', '--cfg-path', '/tmp/tmp_48pf9az']
[2025-02-08T15:40:07.040+0000] {standard_task_runner.py:105} INFO - Job 6: Subtask foundation_kaggle
[2025-02-08T15:40:07.133+0000] {task_command.py:467} INFO - Running <TaskInstance: etl.foundation_kaggle manual__2025-02-08T15:39:04.360250+00:00 [running]> on host b45b39a99641
[2025-02-08T15:40:07.328+0000] {taskinstance.py:3132} INFO - Exporting env vars: AIRFLOW_CTX_DAG_OWNER='etl' AIRFLOW_CTX_DAG_ID='etl' AIRFLOW_CTX_TASK_ID='foundation_kaggle' AIRFLOW_CTX_EXECUTION_DATE='2025-02-08T15:39:04.360250+00:00' AIRFLOW_CTX_TRY_NUMBER='1' AIRFLOW_CTX_DAG_RUN_ID='manual__2025-02-08T15:39:04.360250+00:00'
[2025-02-08T15:40:07.329+0000] {taskinstance.py:731} INFO - ::endgroup::
[2025-02-08T15:40:07.356+0000] {subprocess.py:78} INFO - Tmp dir root location: /tmp
[2025-02-08T15:40:07.358+0000] {subprocess.py:88} INFO - Running command: ['/usr/bin/bash', '-c', 'docker exec spark-master /opt/spark/bin/spark-submit     --master spark://spark-master:7077     --conf spark.executor.memory=2g     --verbose     /opt/spark/ETL/foundation/foundation_kaggle.py']
[2025-02-08T15:40:07.373+0000] {subprocess.py:99} INFO - Output:
[2025-02-08T15:40:11.282+0000] {subprocess.py:106} INFO - Using properties file: /opt/spark/conf/spark-defaults.conf
[2025-02-08T15:40:11.657+0000] {subprocess.py:106} INFO - Adding default property: spark.eventLog.enabled=true
[2025-02-08T15:40:11.657+0000] {subprocess.py:106} INFO - Adding default property: spark.history.fs.logDirectory=/opt/spark/spark-events
[2025-02-08T15:40:11.658+0000] {subprocess.py:106} INFO - Adding default property: spark.master=spark://spark-master:7077
[2025-02-08T15:40:11.658+0000] {subprocess.py:106} INFO - Adding default property: spark.eventLog.dir=/opt/spark/spark-events
[2025-02-08T15:40:11.746+0000] {subprocess.py:106} INFO - Parsed arguments:
[2025-02-08T15:40:11.747+0000] {subprocess.py:106} INFO -   master                  spark://spark-master:7077
[2025-02-08T15:40:11.748+0000] {subprocess.py:106} INFO -   remote                  null
[2025-02-08T15:40:11.748+0000] {subprocess.py:106} INFO -   deployMode              null
[2025-02-08T15:40:11.749+0000] {subprocess.py:106} INFO -   executorMemory          2g
[2025-02-08T15:40:11.749+0000] {subprocess.py:106} INFO -   executorCores           null
[2025-02-08T15:40:11.750+0000] {subprocess.py:106} INFO -   totalExecutorCores      null
[2025-02-08T15:40:11.750+0000] {subprocess.py:106} INFO -   propertiesFile          /opt/spark/conf/spark-defaults.conf
[2025-02-08T15:40:11.751+0000] {subprocess.py:106} INFO -   driverMemory            null
[2025-02-08T15:40:11.751+0000] {subprocess.py:106} INFO -   driverCores             null
[2025-02-08T15:40:11.752+0000] {subprocess.py:106} INFO -   driverExtraClassPath    null
[2025-02-08T15:40:11.753+0000] {subprocess.py:106} INFO -   driverExtraLibraryPath  null
[2025-02-08T15:40:11.753+0000] {subprocess.py:106} INFO -   driverExtraJavaOptions  null
[2025-02-08T15:40:11.754+0000] {subprocess.py:106} INFO -   supervise               false
[2025-02-08T15:40:11.754+0000] {subprocess.py:106} INFO -   queue                   null
[2025-02-08T15:40:11.754+0000] {subprocess.py:106} INFO -   numExecutors            null
[2025-02-08T15:40:11.755+0000] {subprocess.py:106} INFO -   files                   null
[2025-02-08T15:40:11.755+0000] {subprocess.py:106} INFO -   pyFiles                 null
[2025-02-08T15:40:11.756+0000] {subprocess.py:106} INFO -   archives                null
[2025-02-08T15:40:11.756+0000] {subprocess.py:106} INFO -   mainClass               null
[2025-02-08T15:40:11.757+0000] {subprocess.py:106} INFO -   primaryResource         file:/opt/spark/ETL/foundation/foundation_kaggle.py
[2025-02-08T15:40:11.757+0000] {subprocess.py:106} INFO -   name                    foundation_kaggle.py
[2025-02-08T15:40:11.758+0000] {subprocess.py:106} INFO -   childArgs               []
[2025-02-08T15:40:11.761+0000] {subprocess.py:106} INFO -   jars                    null
[2025-02-08T15:40:11.762+0000] {subprocess.py:106} INFO -   packages                null
[2025-02-08T15:40:11.763+0000] {subprocess.py:106} INFO -   packagesExclusions      null
[2025-02-08T15:40:11.763+0000] {subprocess.py:106} INFO -   repositories            null
[2025-02-08T15:40:11.764+0000] {subprocess.py:106} INFO -   verbose                 true
[2025-02-08T15:40:11.764+0000] {subprocess.py:106} INFO - 
[2025-02-08T15:40:11.765+0000] {subprocess.py:106} INFO - Spark properties used, including those specified through
[2025-02-08T15:40:11.765+0000] {subprocess.py:106} INFO -  --conf and those from the properties file /opt/spark/conf/spark-defaults.conf:
[2025-02-08T15:40:11.766+0000] {subprocess.py:106} INFO -   (spark.eventLog.dir,/opt/spark/spark-events)
[2025-02-08T15:40:11.766+0000] {subprocess.py:106} INFO -   (spark.eventLog.enabled,true)
[2025-02-08T15:40:11.767+0000] {subprocess.py:106} INFO -   (spark.executor.memory,2g)
[2025-02-08T15:40:11.767+0000] {subprocess.py:106} INFO -   (spark.history.fs.logDirectory,/opt/spark/spark-events)
[2025-02-08T15:40:11.768+0000] {subprocess.py:106} INFO -   (spark.master,spark://spark-master:7077)
[2025-02-08T15:40:11.770+0000] {subprocess.py:106} INFO - 
[2025-02-08T15:40:11.771+0000] {subprocess.py:106} INFO - 
[2025-02-08T15:40:12.561+0000] {subprocess.py:106} INFO - Main class:
[2025-02-08T15:40:12.562+0000] {subprocess.py:106} INFO - org.apache.spark.deploy.PythonRunner
[2025-02-08T15:40:12.572+0000] {subprocess.py:106} INFO - Arguments:
[2025-02-08T15:40:12.572+0000] {subprocess.py:106} INFO - file:/opt/spark/ETL/foundation/foundation_kaggle.py
[2025-02-08T15:40:12.578+0000] {subprocess.py:106} INFO - null
[2025-02-08T15:40:12.585+0000] {subprocess.py:106} INFO - Spark config:
[2025-02-08T15:40:12.586+0000] {subprocess.py:106} INFO - (spark.app.name,foundation_kaggle.py)
[2025-02-08T15:40:12.586+0000] {subprocess.py:106} INFO - (spark.app.submitTime,1739029212513)
[2025-02-08T15:40:12.588+0000] {subprocess.py:106} INFO - (spark.eventLog.dir,/opt/spark/spark-events)
[2025-02-08T15:40:12.589+0000] {subprocess.py:106} INFO - (spark.eventLog.enabled,true)
[2025-02-08T15:40:12.589+0000] {subprocess.py:106} INFO - (spark.executor.memory,2g)
[2025-02-08T15:40:12.590+0000] {subprocess.py:106} INFO - (spark.history.fs.logDirectory,/opt/spark/spark-events)
[2025-02-08T15:40:12.590+0000] {subprocess.py:106} INFO - (spark.master,spark://spark-master:7077)
[2025-02-08T15:40:12.591+0000] {subprocess.py:106} INFO - (spark.submit.deployMode,client)
[2025-02-08T15:40:12.592+0000] {subprocess.py:106} INFO - (spark.submit.pyFiles,)
[2025-02-08T15:40:12.593+0000] {subprocess.py:106} INFO - Classpath elements:
[2025-02-08T15:40:12.593+0000] {subprocess.py:106} INFO - 
[2025-02-08T15:40:12.596+0000] {subprocess.py:106} INFO - 
[2025-02-08T15:40:12.597+0000] {subprocess.py:106} INFO - 
[2025-02-08T15:40:14.229+0000] {subprocess.py:106} INFO - 25/02/08 15:40:14 INFO SparkContext: Running Spark version 3.5.4
[2025-02-08T15:40:14.233+0000] {subprocess.py:106} INFO - 25/02/08 15:40:14 INFO SparkContext: OS info Linux, 5.15.167.4-microsoft-standard-WSL2, amd64
[2025-02-08T15:40:14.234+0000] {subprocess.py:106} INFO - 25/02/08 15:40:14 INFO SparkContext: Java version 11.0.26
[2025-02-08T15:40:14.477+0000] {subprocess.py:106} INFO - 25/02/08 15:40:14 WARN NativeCodeLoader: Unable to load native-hadoop library for your platform... using builtin-java classes where applicable
[2025-02-08T15:40:14.869+0000] {subprocess.py:106} INFO - 25/02/08 15:40:14 INFO ResourceUtils: ==============================================================
[2025-02-08T15:40:14.872+0000] {subprocess.py:106} INFO - 25/02/08 15:40:14 INFO ResourceUtils: No custom resources configured for spark.driver.
[2025-02-08T15:40:14.875+0000] {subprocess.py:106} INFO - 25/02/08 15:40:14 INFO ResourceUtils: ==============================================================
[2025-02-08T15:40:14.878+0000] {subprocess.py:106} INFO - 25/02/08 15:40:14 INFO SparkContext: Submitted application: Foundation Layer
[2025-02-08T15:40:14.949+0000] {subprocess.py:106} INFO - 25/02/08 15:40:14 INFO ResourceProfile: Default ResourceProfile created, executor resources: Map(memory -> name: memory, amount: 2048, script: , vendor: , offHeap -> name: offHeap, amount: 0, script: , vendor: ), task resources: Map(cpus -> name: cpus, amount: 1.0)
[2025-02-08T15:40:14.991+0000] {subprocess.py:106} INFO - 25/02/08 15:40:14 INFO ResourceProfile: Limiting resource is cpu
[2025-02-08T15:40:14.996+0000] {subprocess.py:106} INFO - 25/02/08 15:40:14 INFO ResourceProfileManager: Added ResourceProfile id: 0
[2025-02-08T15:40:15.144+0000] {subprocess.py:106} INFO - 25/02/08 15:40:15 INFO SecurityManager: Changing view acls to: root
[2025-02-08T15:40:15.151+0000] {subprocess.py:106} INFO - 25/02/08 15:40:15 INFO SecurityManager: Changing modify acls to: root
[2025-02-08T15:40:15.158+0000] {subprocess.py:106} INFO - 25/02/08 15:40:15 INFO SecurityManager: Changing view acls groups to:
[2025-02-08T15:40:15.164+0000] {subprocess.py:106} INFO - 25/02/08 15:40:15 INFO SecurityManager: Changing modify acls groups to:
[2025-02-08T15:40:15.165+0000] {subprocess.py:106} INFO - 25/02/08 15:40:15 INFO SecurityManager: SecurityManager: authentication disabled; ui acls disabled; users with view permissions: root; groups with view permissions: EMPTY; users with modify permissions: root; groups with modify permissions: EMPTY
[2025-02-08T15:40:16.566+0000] {subprocess.py:106} INFO - 25/02/08 15:40:16 INFO Utils: Successfully started service 'sparkDriver' on port 34617.
[2025-02-08T15:40:16.699+0000] {subprocess.py:106} INFO - 25/02/08 15:40:16 INFO SparkEnv: Registering MapOutputTracker
[2025-02-08T15:40:16.815+0000] {subprocess.py:106} INFO - 25/02/08 15:40:16 INFO SparkEnv: Registering BlockManagerMaster
[2025-02-08T15:40:16.865+0000] {subprocess.py:106} INFO - 25/02/08 15:40:16 INFO BlockManagerMasterEndpoint: Using org.apache.spark.storage.DefaultTopologyMapper for getting topology information
[2025-02-08T15:40:16.867+0000] {subprocess.py:106} INFO - 25/02/08 15:40:16 INFO BlockManagerMasterEndpoint: BlockManagerMasterEndpoint up
[2025-02-08T15:40:16.898+0000] {subprocess.py:106} INFO - 25/02/08 15:40:16 INFO SparkEnv: Registering BlockManagerMasterHeartbeat
[2025-02-08T15:40:17.019+0000] {subprocess.py:106} INFO - 25/02/08 15:40:17 INFO DiskBlockManager: Created local directory at /tmp/blockmgr-5ba193b8-dacf-455e-9291-2c5c58da8e8f
[2025-02-08T15:40:17.062+0000] {subprocess.py:106} INFO - 25/02/08 15:40:17 INFO MemoryStore: MemoryStore started with capacity 434.4 MiB
[2025-02-08T15:40:17.094+0000] {subprocess.py:106} INFO - 25/02/08 15:40:17 INFO SparkEnv: Registering OutputCommitCoordinator
[2025-02-08T15:40:17.796+0000] {subprocess.py:106} INFO - 25/02/08 15:40:17 INFO JettyUtils: Start Jetty 0.0.0.0:4040 for SparkUI
[2025-02-08T15:40:17.917+0000] {subprocess.py:106} INFO - 25/02/08 15:40:17 WARN Utils: Service 'SparkUI' could not bind on port 4040. Attempting port 4041.
[2025-02-08T15:40:17.941+0000] {subprocess.py:106} INFO - 25/02/08 15:40:17 INFO Utils: Successfully started service 'SparkUI' on port 4041.
[2025-02-08T15:40:18.456+0000] {subprocess.py:106} INFO - 25/02/08 15:40:18 INFO StandaloneAppClient$ClientEndpoint: Connecting to master spark://spark-master:7077...
[2025-02-08T15:40:18.660+0000] {subprocess.py:106} INFO - 25/02/08 15:40:18 INFO TransportClientFactory: Successfully created connection to spark-master/172.20.0.2:7077 after 124 ms (0 ms spent in bootstraps)
[2025-02-08T15:40:18.942+0000] {subprocess.py:106} INFO - 25/02/08 15:40:18 INFO StandaloneSchedulerBackend: Connected to Spark cluster with app ID app-20250208154018-0006
[2025-02-08T15:40:18.960+0000] {subprocess.py:106} INFO - 25/02/08 15:40:18 INFO Utils: Successfully started service 'org.apache.spark.network.netty.NettyBlockTransferService' on port 38021.
[2025-02-08T15:40:18.961+0000] {subprocess.py:106} INFO - 25/02/08 15:40:18 INFO NettyBlockTransferService: Server created on 13574e9a5001:38021
[2025-02-08T15:40:18.963+0000] {subprocess.py:106} INFO - 25/02/08 15:40:18 INFO BlockManager: Using org.apache.spark.storage.RandomBlockReplicationPolicy for block replication policy
[2025-02-08T15:40:18.973+0000] {subprocess.py:106} INFO - 25/02/08 15:40:18 INFO BlockManagerMaster: Registering BlockManager BlockManagerId(driver, 13574e9a5001, 38021, None)
[2025-02-08T15:40:18.978+0000] {subprocess.py:106} INFO - 25/02/08 15:40:18 INFO BlockManagerMasterEndpoint: Registering block manager 13574e9a5001:38021 with 434.4 MiB RAM, BlockManagerId(driver, 13574e9a5001, 38021, None)
[2025-02-08T15:40:18.983+0000] {subprocess.py:106} INFO - 25/02/08 15:40:18 INFO BlockManagerMaster: Registered BlockManager BlockManagerId(driver, 13574e9a5001, 38021, None)
[2025-02-08T15:40:18.985+0000] {subprocess.py:106} INFO - 25/02/08 15:40:18 INFO BlockManager: Initialized BlockManager: BlockManagerId(driver, 13574e9a5001, 38021, None)
[2025-02-08T15:40:19.553+0000] {subprocess.py:106} INFO - 25/02/08 15:40:19 INFO SingleEventLogFileWriter: Logging events to file:/opt/spark/spark-events/app-20250208154018-0006.inprogress
[2025-02-08T15:40:20.022+0000] {subprocess.py:106} INFO - 25/02/08 15:40:20 INFO StandaloneSchedulerBackend: SchedulerBackend is ready for scheduling beginning after reached minRegisteredResourcesRatio: 0.0
[2025-02-08T15:40:58.264+0000] {subprocess.py:110} INFO - Command exited with return code 0
[2025-02-08T15:40:58.326+0000] {taskinstance.py:340} INFO - ::group::Post task execution logs
[2025-02-08T15:40:58.327+0000] {taskinstance.py:352} INFO - Marking task as SUCCESS. dag_id=etl, task_id=foundation_kaggle, run_id=manual__2025-02-08T15:39:04.360250+00:00, execution_date=20250208T153904, start_date=20250208T154006, end_date=20250208T154058
[2025-02-08T15:40:58.385+0000] {local_task_job_runner.py:266} INFO - Task exited with return code 0
[2025-02-08T15:40:58.410+0000] {taskinstance.py:3895} INFO - 1 downstream tasks scheduled from follow-on schedule check
[2025-02-08T15:40:58.420+0000] {local_task_job_runner.py:245} INFO - ::endgroup::
