[2025-02-08T15:39:43.295+0000] {local_task_job_runner.py:123} INFO - ::group::Pre task execution logs
[2025-02-08T15:39:43.316+0000] {taskinstance.py:2613} INFO - Dependencies all met for dep_context=non-requeueable deps ti=<TaskInstance: etl.foundation_top_cv manual__2025-02-08T15:39:04.360250+00:00 [queued]>
[2025-02-08T15:39:43.325+0000] {taskinstance.py:2613} INFO - Dependencies all met for dep_context=requeueable deps ti=<TaskInstance: etl.foundation_top_cv manual__2025-02-08T15:39:04.360250+00:00 [queued]>
[2025-02-08T15:39:43.326+0000] {taskinstance.py:2866} INFO - Starting attempt 1 of 4
[2025-02-08T15:39:43.346+0000] {taskinstance.py:2889} INFO - Executing <Task(BashOperator): foundation_top_cv> on 2025-02-08 15:39:04.360250+00:00
[2025-02-08T15:39:43.353+0000] {warnings.py:112} WARNING - /home/***/.local/lib/python3.12/site-packages/***/task/task_runner/standard_task_runner.py:70: DeprecationWarning: This process (pid=115) is multi-threaded, use of fork() may lead to deadlocks in the child.
  pid = os.fork()

[2025-02-08T15:39:43.357+0000] {standard_task_runner.py:72} INFO - Started process 116 to run task
[2025-02-08T15:39:43.355+0000] {standard_task_runner.py:104} INFO - Running: ['***', 'tasks', 'run', 'etl', 'foundation_top_cv', 'manual__2025-02-08T15:39:04.360250+00:00', '--job-id', '5', '--raw', '--subdir', 'DAGS_FOLDER/etl.py', '--cfg-path', '/tmp/tmpu31118tm']
[2025-02-08T15:39:43.359+0000] {standard_task_runner.py:105} INFO - Job 5: Subtask foundation_top_cv
[2025-02-08T15:39:43.430+0000] {task_command.py:467} INFO - Running <TaskInstance: etl.foundation_top_cv manual__2025-02-08T15:39:04.360250+00:00 [running]> on host b45b39a99641
[2025-02-08T15:39:43.540+0000] {taskinstance.py:3132} INFO - Exporting env vars: AIRFLOW_CTX_DAG_OWNER='etl' AIRFLOW_CTX_DAG_ID='etl' AIRFLOW_CTX_TASK_ID='foundation_top_cv' AIRFLOW_CTX_EXECUTION_DATE='2025-02-08T15:39:04.360250+00:00' AIRFLOW_CTX_TRY_NUMBER='1' AIRFLOW_CTX_DAG_RUN_ID='manual__2025-02-08T15:39:04.360250+00:00'
[2025-02-08T15:39:43.541+0000] {taskinstance.py:731} INFO - ::endgroup::
[2025-02-08T15:39:43.564+0000] {subprocess.py:78} INFO - Tmp dir root location: /tmp
[2025-02-08T15:39:43.567+0000] {subprocess.py:88} INFO - Running command: ['/usr/bin/bash', '-c', 'docker exec spark-master /opt/spark/bin/spark-submit     --master spark://spark-master:7077     --conf spark.executor.memory=2g     --verbose     /opt/spark/ETL/foundation/foundation_top_cv.py']
[2025-02-08T15:39:43.577+0000] {subprocess.py:99} INFO - Output:
[2025-02-08T15:39:47.328+0000] {subprocess.py:106} INFO - Using properties file: /opt/spark/conf/spark-defaults.conf
[2025-02-08T15:39:47.667+0000] {subprocess.py:106} INFO - Adding default property: spark.eventLog.enabled=true
[2025-02-08T15:39:47.668+0000] {subprocess.py:106} INFO - Adding default property: spark.history.fs.logDirectory=/opt/spark/spark-events
[2025-02-08T15:39:47.668+0000] {subprocess.py:106} INFO - Adding default property: spark.master=spark://spark-master:7077
[2025-02-08T15:39:47.669+0000] {subprocess.py:106} INFO - Adding default property: spark.eventLog.dir=/opt/spark/spark-events
[2025-02-08T15:39:47.756+0000] {subprocess.py:106} INFO - Parsed arguments:
[2025-02-08T15:39:47.757+0000] {subprocess.py:106} INFO -   master                  spark://spark-master:7077
[2025-02-08T15:39:47.758+0000] {subprocess.py:106} INFO -   remote                  null
[2025-02-08T15:39:47.758+0000] {subprocess.py:106} INFO -   deployMode              null
[2025-02-08T15:39:47.759+0000] {subprocess.py:106} INFO -   executorMemory          2g
[2025-02-08T15:39:47.759+0000] {subprocess.py:106} INFO -   executorCores           null
[2025-02-08T15:39:47.760+0000] {subprocess.py:106} INFO -   totalExecutorCores      null
[2025-02-08T15:39:47.760+0000] {subprocess.py:106} INFO -   propertiesFile          /opt/spark/conf/spark-defaults.conf
[2025-02-08T15:39:47.761+0000] {subprocess.py:106} INFO -   driverMemory            null
[2025-02-08T15:39:47.761+0000] {subprocess.py:106} INFO -   driverCores             null
[2025-02-08T15:39:47.762+0000] {subprocess.py:106} INFO -   driverExtraClassPath    null
[2025-02-08T15:39:47.762+0000] {subprocess.py:106} INFO -   driverExtraLibraryPath  null
[2025-02-08T15:39:47.763+0000] {subprocess.py:106} INFO -   driverExtraJavaOptions  null
[2025-02-08T15:39:47.763+0000] {subprocess.py:106} INFO -   supervise               false
[2025-02-08T15:39:47.763+0000] {subprocess.py:106} INFO -   queue                   null
[2025-02-08T15:39:47.764+0000] {subprocess.py:106} INFO -   numExecutors            null
[2025-02-08T15:39:47.764+0000] {subprocess.py:106} INFO -   files                   null
[2025-02-08T15:39:47.765+0000] {subprocess.py:106} INFO -   pyFiles                 null
[2025-02-08T15:39:47.765+0000] {subprocess.py:106} INFO -   archives                null
[2025-02-08T15:39:47.766+0000] {subprocess.py:106} INFO -   mainClass               null
[2025-02-08T15:39:47.766+0000] {subprocess.py:106} INFO -   primaryResource         file:/opt/spark/ETL/foundation/foundation_top_cv.py
[2025-02-08T15:39:47.769+0000] {subprocess.py:106} INFO -   name                    foundation_top_cv.py
[2025-02-08T15:39:47.769+0000] {subprocess.py:106} INFO -   childArgs               []
[2025-02-08T15:39:47.770+0000] {subprocess.py:106} INFO -   jars                    null
[2025-02-08T15:39:47.770+0000] {subprocess.py:106} INFO -   packages                null
[2025-02-08T15:39:47.770+0000] {subprocess.py:106} INFO -   packagesExclusions      null
[2025-02-08T15:39:47.772+0000] {subprocess.py:106} INFO -   repositories            null
[2025-02-08T15:39:47.772+0000] {subprocess.py:106} INFO -   verbose                 true
[2025-02-08T15:39:47.773+0000] {subprocess.py:106} INFO - 
[2025-02-08T15:39:47.773+0000] {subprocess.py:106} INFO - Spark properties used, including those specified through
[2025-02-08T15:39:47.774+0000] {subprocess.py:106} INFO -  --conf and those from the properties file /opt/spark/conf/spark-defaults.conf:
[2025-02-08T15:39:47.776+0000] {subprocess.py:106} INFO -   (spark.eventLog.dir,/opt/spark/spark-events)
[2025-02-08T15:39:47.782+0000] {subprocess.py:106} INFO -   (spark.eventLog.enabled,true)
[2025-02-08T15:39:47.782+0000] {subprocess.py:106} INFO -   (spark.executor.memory,2g)
[2025-02-08T15:39:47.783+0000] {subprocess.py:106} INFO -   (spark.history.fs.logDirectory,/opt/spark/spark-events)
[2025-02-08T15:39:47.784+0000] {subprocess.py:106} INFO -   (spark.master,spark://spark-master:7077)
[2025-02-08T15:39:47.784+0000] {subprocess.py:106} INFO - 
[2025-02-08T15:39:47.785+0000] {subprocess.py:106} INFO - 
[2025-02-08T15:39:48.399+0000] {subprocess.py:106} INFO - Main class:
[2025-02-08T15:39:48.403+0000] {subprocess.py:106} INFO - org.apache.spark.deploy.PythonRunner
[2025-02-08T15:39:48.403+0000] {subprocess.py:106} INFO - Arguments:
[2025-02-08T15:39:48.404+0000] {subprocess.py:106} INFO - file:/opt/spark/ETL/foundation/foundation_top_cv.py
[2025-02-08T15:39:48.404+0000] {subprocess.py:106} INFO - null
[2025-02-08T15:39:48.408+0000] {subprocess.py:106} INFO - Spark config:
[2025-02-08T15:39:48.409+0000] {subprocess.py:106} INFO - (spark.app.name,foundation_top_cv.py)
[2025-02-08T15:39:48.412+0000] {subprocess.py:106} INFO - (spark.app.submitTime,1739029188365)
[2025-02-08T15:39:48.420+0000] {subprocess.py:106} INFO - (spark.eventLog.dir,/opt/spark/spark-events)
[2025-02-08T15:39:48.422+0000] {subprocess.py:106} INFO - (spark.eventLog.enabled,true)
[2025-02-08T15:39:48.424+0000] {subprocess.py:106} INFO - (spark.executor.memory,2g)
[2025-02-08T15:39:48.424+0000] {subprocess.py:106} INFO - (spark.history.fs.logDirectory,/opt/spark/spark-events)
[2025-02-08T15:39:48.425+0000] {subprocess.py:106} INFO - (spark.master,spark://spark-master:7077)
[2025-02-08T15:39:48.427+0000] {subprocess.py:106} INFO - (spark.submit.deployMode,client)
[2025-02-08T15:39:48.430+0000] {subprocess.py:106} INFO - (spark.submit.pyFiles,)
[2025-02-08T15:39:48.432+0000] {subprocess.py:106} INFO - Classpath elements:
[2025-02-08T15:39:48.435+0000] {subprocess.py:106} INFO - 
[2025-02-08T15:39:48.438+0000] {subprocess.py:106} INFO - 
[2025-02-08T15:39:48.438+0000] {subprocess.py:106} INFO - 
[2025-02-08T15:39:48.616+0000] {subprocess.py:106} INFO - /opt/spark/ETL/foundation/foundation_top_cv.py:38: SyntaxWarning: invalid escape sequence '\s'
[2025-02-08T15:39:48.618+0000] {subprocess.py:106} INFO -   "\s+", " ")).alias(c) for c in df_clean_top_cv.columns]
[2025-02-08T15:39:49.945+0000] {subprocess.py:106} INFO - 25/02/08 15:39:49 INFO SparkContext: Running Spark version 3.5.4
[2025-02-08T15:39:49.950+0000] {subprocess.py:106} INFO - 25/02/08 15:39:49 INFO SparkContext: OS info Linux, 5.15.167.4-microsoft-standard-WSL2, amd64
[2025-02-08T15:39:49.956+0000] {subprocess.py:106} INFO - 25/02/08 15:39:49 INFO SparkContext: Java version 11.0.26
[2025-02-08T15:39:50.216+0000] {subprocess.py:106} INFO - 25/02/08 15:39:50 WARN NativeCodeLoader: Unable to load native-hadoop library for your platform... using builtin-java classes where applicable
[2025-02-08T15:39:50.729+0000] {subprocess.py:106} INFO - 25/02/08 15:39:50 INFO ResourceUtils: ==============================================================
[2025-02-08T15:39:50.736+0000] {subprocess.py:106} INFO - 25/02/08 15:39:50 INFO ResourceUtils: No custom resources configured for spark.driver.
[2025-02-08T15:39:50.737+0000] {subprocess.py:106} INFO - 25/02/08 15:39:50 INFO ResourceUtils: ==============================================================
[2025-02-08T15:39:50.738+0000] {subprocess.py:106} INFO - 25/02/08 15:39:50 INFO SparkContext: Submitted application: Foundation Layer
[2025-02-08T15:39:50.850+0000] {subprocess.py:106} INFO - 25/02/08 15:39:50 INFO ResourceProfile: Default ResourceProfile created, executor resources: Map(memory -> name: memory, amount: 2048, script: , vendor: , offHeap -> name: offHeap, amount: 0, script: , vendor: ), task resources: Map(cpus -> name: cpus, amount: 1.0)
[2025-02-08T15:39:50.909+0000] {subprocess.py:106} INFO - 25/02/08 15:39:50 INFO ResourceProfile: Limiting resource is cpu
[2025-02-08T15:39:50.914+0000] {subprocess.py:106} INFO - 25/02/08 15:39:50 INFO ResourceProfileManager: Added ResourceProfile id: 0
[2025-02-08T15:39:51.138+0000] {subprocess.py:106} INFO - 25/02/08 15:39:51 INFO SecurityManager: Changing view acls to: root
[2025-02-08T15:39:51.142+0000] {subprocess.py:106} INFO - 25/02/08 15:39:51 INFO SecurityManager: Changing modify acls to: root
[2025-02-08T15:39:51.146+0000] {subprocess.py:106} INFO - 25/02/08 15:39:51 INFO SecurityManager: Changing view acls groups to:
[2025-02-08T15:39:51.152+0000] {subprocess.py:106} INFO - 25/02/08 15:39:51 INFO SecurityManager: Changing modify acls groups to:
[2025-02-08T15:39:51.155+0000] {subprocess.py:106} INFO - 25/02/08 15:39:51 INFO SecurityManager: SecurityManager: authentication disabled; ui acls disabled; users with view permissions: root; groups with view permissions: EMPTY; users with modify permissions: root; groups with modify permissions: EMPTY
[2025-02-08T15:39:52.232+0000] {subprocess.py:106} INFO - 25/02/08 15:39:52 INFO Utils: Successfully started service 'sparkDriver' on port 34203.
[2025-02-08T15:39:52.401+0000] {subprocess.py:106} INFO - 25/02/08 15:39:52 INFO SparkEnv: Registering MapOutputTracker
[2025-02-08T15:39:52.527+0000] {subprocess.py:106} INFO - 25/02/08 15:39:52 INFO SparkEnv: Registering BlockManagerMaster
[2025-02-08T15:39:52.587+0000] {subprocess.py:106} INFO - 25/02/08 15:39:52 INFO BlockManagerMasterEndpoint: Using org.apache.spark.storage.DefaultTopologyMapper for getting topology information
[2025-02-08T15:39:52.590+0000] {subprocess.py:106} INFO - 25/02/08 15:39:52 INFO BlockManagerMasterEndpoint: BlockManagerMasterEndpoint up
[2025-02-08T15:39:52.603+0000] {subprocess.py:106} INFO - 25/02/08 15:39:52 INFO SparkEnv: Registering BlockManagerMasterHeartbeat
[2025-02-08T15:39:52.694+0000] {subprocess.py:106} INFO - 25/02/08 15:39:52 INFO DiskBlockManager: Created local directory at /tmp/blockmgr-1220cdc2-5b65-4ce8-95a1-9f372d0ff70f
[2025-02-08T15:39:52.779+0000] {subprocess.py:106} INFO - 25/02/08 15:39:52 INFO MemoryStore: MemoryStore started with capacity 434.4 MiB
[2025-02-08T15:39:52.937+0000] {subprocess.py:106} INFO - 25/02/08 15:39:52 INFO SparkEnv: Registering OutputCommitCoordinator
[2025-02-08T15:39:53.662+0000] {subprocess.py:106} INFO - 25/02/08 15:39:53 INFO JettyUtils: Start Jetty 0.0.0.0:4040 for SparkUI
[2025-02-08T15:39:53.926+0000] {subprocess.py:106} INFO - 25/02/08 15:39:53 INFO Utils: Successfully started service 'SparkUI' on port 4040.
[2025-02-08T15:39:54.747+0000] {subprocess.py:106} INFO - 25/02/08 15:39:54 INFO StandaloneAppClient$ClientEndpoint: Connecting to master spark://spark-master:7077...
[2025-02-08T15:39:55.276+0000] {subprocess.py:106} INFO - 25/02/08 15:39:55 INFO TransportClientFactory: Successfully created connection to spark-master/172.20.0.2:7077 after 294 ms (0 ms spent in bootstraps)
[2025-02-08T15:39:56.112+0000] {subprocess.py:106} INFO - 25/02/08 15:39:56 INFO StandaloneSchedulerBackend: Connected to Spark cluster with app ID app-20250208153956-0005
[2025-02-08T15:39:56.170+0000] {subprocess.py:106} INFO - 25/02/08 15:39:56 INFO Utils: Successfully started service 'org.apache.spark.network.netty.NettyBlockTransferService' on port 40495.
[2025-02-08T15:39:56.171+0000] {subprocess.py:106} INFO - 25/02/08 15:39:56 INFO NettyBlockTransferService: Server created on 13574e9a5001:40495
[2025-02-08T15:39:56.180+0000] {subprocess.py:106} INFO - 25/02/08 15:39:56 INFO BlockManager: Using org.apache.spark.storage.RandomBlockReplicationPolicy for block replication policy
[2025-02-08T15:39:56.225+0000] {subprocess.py:106} INFO - 25/02/08 15:39:56 INFO BlockManagerMaster: Registering BlockManager BlockManagerId(driver, 13574e9a5001, 40495, None)
[2025-02-08T15:39:56.242+0000] {subprocess.py:106} INFO - 25/02/08 15:39:56 INFO BlockManagerMasterEndpoint: Registering block manager 13574e9a5001:40495 with 434.4 MiB RAM, BlockManagerId(driver, 13574e9a5001, 40495, None)
[2025-02-08T15:39:56.275+0000] {subprocess.py:106} INFO - 25/02/08 15:39:56 INFO BlockManagerMaster: Registered BlockManager BlockManagerId(driver, 13574e9a5001, 40495, None)
[2025-02-08T15:39:56.286+0000] {subprocess.py:106} INFO - 25/02/08 15:39:56 INFO BlockManager: Initialized BlockManager: BlockManagerId(driver, 13574e9a5001, 40495, None)
[2025-02-08T15:39:57.511+0000] {subprocess.py:106} INFO - 25/02/08 15:39:57 INFO SingleEventLogFileWriter: Logging events to file:/opt/spark/spark-events/app-20250208153956-0005.inprogress
[2025-02-08T15:39:58.512+0000] {subprocess.py:106} INFO - 25/02/08 15:39:58 INFO StandaloneSchedulerBackend: SchedulerBackend is ready for scheduling beginning after reached minRegisteredResourcesRatio: 0.0
[2025-02-08T15:40:41.573+0000] {subprocess.py:106} INFO - +-----------------+-------------------------------------+-------------+-------------+------------------------------------------------------------------------------------------+------+------------------+--------+--------+-----------------------------------------------------------------------------------------------------------------------------------------------------------+------------------------------------+--------------------------------------------------------------------------------------------------------------------------------------------------------------------------------------------------------------------------------------------------------------------------------------------------------------+-------------------------------------------------------------------------------------------------------------------------------------------------------------------------------------------------------------------------------------------------------------------------------------------------------------------------------------------------------------------------------------------------------------------------------------------------------------------------------------------------------------------------------------------------------------------------------------------------------------------------------------------------------------------------------------------------------------------+------------------------------------------------------------------------------------------------------------------------------------------------------------------------------------------------------------------------------------------------------------------------------------------------------------------------------------------------------------------------------------------------------------------------------------------+---------------------------------------------------------------------------------------+----------------------------------+------------------------------------------------------------------+
[2025-02-08T15:40:41.574+0000] {subprocess.py:106} INFO - |job_title        |company_name                         |company_scale|company_field|company_address                                                                           |salary|year_of_experience|job_city|due_date|url                                                                                                                                                        |job_id                              |job_responsibilities                                                                                                                                                                                                                                                                                          |requirements                                                                                                                                                                                                                                                                                                                                                                                                                                                                                                                                                                                                                                                                                                       |benefits                                                                                                                                                                                                                                                                                                                                                                                                                                  |working_location                                                                       |working_time                      |application_method                                                |
[2025-02-08T15:40:41.575+0000] {subprocess.py:106} INFO - +-----------------+-------------------------------------+-------------+-------------+------------------------------------------------------------------------------------------+------+------------------+--------+--------+-----------------------------------------------------------------------------------------------------------------------------------------------------------+------------------------------------+--------------------------------------------------------------------------------------------------------------------------------------------------------------------------------------------------------------------------------------------------------------------------------------------------------------+-------------------------------------------------------------------------------------------------------------------------------------------------------------------------------------------------------------------------------------------------------------------------------------------------------------------------------------------------------------------------------------------------------------------------------------------------------------------------------------------------------------------------------------------------------------------------------------------------------------------------------------------------------------------------------------------------------------------+------------------------------------------------------------------------------------------------------------------------------------------------------------------------------------------------------------------------------------------------------------------------------------------------------------------------------------------------------------------------------------------------------------------------------------------+---------------------------------------------------------------------------------------+----------------------------------+------------------------------------------------------------------+
[2025-02-08T15:40:41.575+0000] {subprocess.py:106} INFO - |Solution Provider|Công ty TNHH WPP Engineering Việt Nam|1-9 nhân viên|Cơ khí       |Phòng 05, Tầng 23, Tòa nhà Tasco, Đường Phạm Hùng, Phường Mễ Trì, Quận Nam Từ Liêm, Hà Nội|NULL  |2 năm             |Hà Nội  |Hết Hạn |https://www.topcv.vn/viec-lam/solution-provider/1585345.html?ta_source=JobSearchList_LinkDetail&u_sr_id=ZzVlbS3UB5jntYeh4iRpC3jG4JnCQlssrfv8QHOO_1737075076|002f760c-fcf4-4f7e-9875-1f94d2dcd621|Sell our machines and productsProvide solutions to customer issuesAcquire new potential customersCoordinate between customers and teamsPrepare and submit a report to your leaderSchedule appointments and visit customersMonitor customer status and investment trendsThe development of knowledge and skills|Submit CV in EnglishGender: MaleAge: ≤ 40 years oldFaculty of Engineering: Mechanical, electrical, electronics engineer or related fields.Educational Level: BachelorWork Experinece: minimum 1-2 yearsEnglish Skill: IntermediateComputer Skills: Excel, Word, PowerPointWilling to travel, with the ability to move to neighboring countriesKnowledge:- Knowledge of application and service- Knowledge of sales and marketing- Knowledge of management and coordination- Knowledge of economics and competitors.- Self-developmentSkills- Technical skills- Sales and negotiation skills- Planning and analytical skills- Communication and coordination skills- Data management skills- Self-development skills|- Employment contract, participation in social insurance, health insurance, and unemployment insurance as regulated.- Year-end bonus based on business results.- Social insurance coverage after 2 months of probation.- Provided with a laptop and phone for work.- Allowance for business trips/training.- Employees with good performance will be trained by the parent company in Thailand.- Dynamic and friendly working environment.|- Hà Nội: Phòng 05, Tầng 23, Toà nhà Tasco, Đường Phạm Hùng, Phường Mễ Trì, Nam Từ Liêm|Thứ 2 - Thứ 6 (từ 08:30 đến 17:00)|Ứng viên nộp hồ sơ trực tuyến bằng cách bấmỨng tuyểnngay dưới đây.|
[2025-02-08T15:40:41.576+0000] {subprocess.py:106} INFO - +-----------------+-------------------------------------+-------------+-------------+------------------------------------------------------------------------------------------+------+------------------+--------+--------+-----------------------------------------------------------------------------------------------------------------------------------------------------------+------------------------------------+--------------------------------------------------------------------------------------------------------------------------------------------------------------------------------------------------------------------------------------------------------------------------------------------------------------+-------------------------------------------------------------------------------------------------------------------------------------------------------------------------------------------------------------------------------------------------------------------------------------------------------------------------------------------------------------------------------------------------------------------------------------------------------------------------------------------------------------------------------------------------------------------------------------------------------------------------------------------------------------------------------------------------------------------+------------------------------------------------------------------------------------------------------------------------------------------------------------------------------------------------------------------------------------------------------------------------------------------------------------------------------------------------------------------------------------------------------------------------------------------+---------------------------------------------------------------------------------------+----------------------------------+------------------------------------------------------------------+
[2025-02-08T15:40:41.577+0000] {subprocess.py:106} INFO - only showing top 1 row
[2025-02-08T15:40:41.577+0000] {subprocess.py:106} INFO - 
[2025-02-08T15:40:42.258+0000] {subprocess.py:110} INFO - Command exited with return code 0
[2025-02-08T15:40:42.309+0000] {taskinstance.py:340} INFO - ::group::Post task execution logs
[2025-02-08T15:40:42.310+0000] {taskinstance.py:352} INFO - Marking task as SUCCESS. dag_id=etl, task_id=foundation_top_cv, run_id=manual__2025-02-08T15:39:04.360250+00:00, execution_date=20250208T153904, start_date=20250208T153943, end_date=20250208T154042
[2025-02-08T15:40:42.379+0000] {local_task_job_runner.py:266} INFO - Task exited with return code 0
[2025-02-08T15:40:42.405+0000] {taskinstance.py:3895} INFO - 0 downstream tasks scheduled from follow-on schedule check
[2025-02-08T15:40:42.410+0000] {local_task_job_runner.py:245} INFO - ::endgroup::
