[2025-01-08T14:19:59.535+0000] {processor.py:186} INFO - Started process (PID=99) to work on /home/airflow/.local/lib/python3.12/site-packages/airflow/example_dags/example_datasets.py
[2025-01-08T14:19:59.631+0000] {processor.py:914} INFO - Processing file /home/airflow/.local/lib/python3.12/site-packages/airflow/example_dags/example_datasets.py for tasks to queue
[2025-01-08T14:19:59.703+0000] {logging_mixin.py:190} INFO - [2025-01-08T14:19:59.694+0000] {dagbag.py:588} INFO - Filling up the DagBag from /home/airflow/.local/lib/python3.12/site-packages/airflow/example_dags/example_datasets.py
[2025-01-08T14:20:24.267+0000] {processor.py:925} INFO - DAG(s) 'dataset_produces_2', 'conditional_dataset_and_time_based_timetable', 'dataset_consumes_unknown_never_scheduled', 'consume_1_or_2_with_dataset_expressions', 'consume_1_and_2_with_dataset_expressions', 'dataset_consumes_1_and_2', 'dataset_produces_1', 'consume_1_or_both_2_and_3_with_dataset_expressions', 'dataset_consumes_1_never_scheduled', 'dataset_consumes_1' retrieved from /home/airflow/.local/lib/python3.12/site-packages/airflow/example_dags/example_datasets.py
[2025-01-08T14:20:26.392+0000] {logging_mixin.py:190} INFO - [2025-01-08T14:20:26.391+0000] {override.py:1911} INFO - Created Permission View: can read on DAG:dataset_produces_2
[2025-01-08T14:20:26.659+0000] {logging_mixin.py:190} INFO - [2025-01-08T14:20:26.655+0000] {override.py:1911} INFO - Created Permission View: can edit on DAG:dataset_produces_2
[2025-01-08T14:20:26.948+0000] {logging_mixin.py:190} INFO - [2025-01-08T14:20:26.942+0000] {override.py:1911} INFO - Created Permission View: can delete on DAG:dataset_produces_2
[2025-01-08T14:20:27.068+0000] {logging_mixin.py:190} INFO - [2025-01-08T14:20:27.021+0000] {override.py:1911} INFO - Created Permission View: can create on DAG Run:dataset_produces_2
[2025-01-08T14:20:27.175+0000] {logging_mixin.py:190} INFO - [2025-01-08T14:20:27.174+0000] {override.py:1911} INFO - Created Permission View: can read on DAG Run:dataset_produces_2
[2025-01-08T14:20:27.202+0000] {logging_mixin.py:190} INFO - [2025-01-08T14:20:27.202+0000] {override.py:1911} INFO - Created Permission View: can delete on DAG Run:dataset_produces_2
[2025-01-08T14:20:27.284+0000] {logging_mixin.py:190} INFO - [2025-01-08T14:20:27.269+0000] {override.py:1911} INFO - Created Permission View: menu access on DAG Run:dataset_produces_2
[2025-01-08T14:20:27.700+0000] {logging_mixin.py:190} INFO - [2025-01-08T14:20:27.699+0000] {override.py:1911} INFO - Created Permission View: can read on DAG:conditional_dataset_and_time_based_timetable
[2025-01-08T14:20:27.844+0000] {logging_mixin.py:190} INFO - [2025-01-08T14:20:27.838+0000] {override.py:1911} INFO - Created Permission View: can edit on DAG:conditional_dataset_and_time_based_timetable
[2025-01-08T14:20:27.869+0000] {logging_mixin.py:190} INFO - [2025-01-08T14:20:27.868+0000] {override.py:1911} INFO - Created Permission View: can delete on DAG:conditional_dataset_and_time_based_timetable
[2025-01-08T14:20:27.978+0000] {logging_mixin.py:190} INFO - [2025-01-08T14:20:27.977+0000] {override.py:1911} INFO - Created Permission View: can create on DAG Run:conditional_dataset_and_time_based_timetable
[2025-01-08T14:20:28.054+0000] {logging_mixin.py:190} INFO - [2025-01-08T14:20:28.054+0000] {override.py:1911} INFO - Created Permission View: can read on DAG Run:conditional_dataset_and_time_based_timetable
[2025-01-08T14:20:28.119+0000] {logging_mixin.py:190} INFO - [2025-01-08T14:20:28.119+0000] {override.py:1911} INFO - Created Permission View: can delete on DAG Run:conditional_dataset_and_time_based_timetable
[2025-01-08T14:20:28.150+0000] {logging_mixin.py:190} INFO - [2025-01-08T14:20:28.144+0000] {override.py:1911} INFO - Created Permission View: menu access on DAG Run:conditional_dataset_and_time_based_timetable
[2025-01-08T14:20:28.433+0000] {logging_mixin.py:190} INFO - [2025-01-08T14:20:28.417+0000] {override.py:1911} INFO - Created Permission View: can read on DAG:dataset_consumes_unknown_never_scheduled
[2025-01-08T14:20:28.748+0000] {logging_mixin.py:190} INFO - [2025-01-08T14:20:28.738+0000] {override.py:1911} INFO - Created Permission View: can edit on DAG:dataset_consumes_unknown_never_scheduled
[2025-01-08T14:20:28.872+0000] {logging_mixin.py:190} INFO - [2025-01-08T14:20:28.872+0000] {override.py:1911} INFO - Created Permission View: can delete on DAG:dataset_consumes_unknown_never_scheduled
[2025-01-08T14:20:29.070+0000] {logging_mixin.py:190} INFO - [2025-01-08T14:20:29.070+0000] {override.py:1911} INFO - Created Permission View: can create on DAG Run:dataset_consumes_unknown_never_scheduled
[2025-01-08T14:20:29.226+0000] {logging_mixin.py:190} INFO - [2025-01-08T14:20:29.226+0000] {override.py:1911} INFO - Created Permission View: can read on DAG Run:dataset_consumes_unknown_never_scheduled
[2025-01-08T14:20:29.367+0000] {logging_mixin.py:190} INFO - [2025-01-08T14:20:29.356+0000] {override.py:1911} INFO - Created Permission View: can delete on DAG Run:dataset_consumes_unknown_never_scheduled
[2025-01-08T14:20:29.549+0000] {logging_mixin.py:190} INFO - [2025-01-08T14:20:29.542+0000] {override.py:1911} INFO - Created Permission View: menu access on DAG Run:dataset_consumes_unknown_never_scheduled
[2025-01-08T14:20:29.839+0000] {logging_mixin.py:190} INFO - [2025-01-08T14:20:29.815+0000] {override.py:1911} INFO - Created Permission View: can read on DAG:consume_1_or_2_with_dataset_expressions
[2025-01-08T14:20:30.059+0000] {logging_mixin.py:190} INFO - [2025-01-08T14:20:30.059+0000] {override.py:1911} INFO - Created Permission View: can edit on DAG:consume_1_or_2_with_dataset_expressions
[2025-01-08T14:20:30.153+0000] {logging_mixin.py:190} INFO - [2025-01-08T14:20:30.147+0000] {override.py:1911} INFO - Created Permission View: can delete on DAG:consume_1_or_2_with_dataset_expressions
[2025-01-08T14:20:30.252+0000] {logging_mixin.py:190} INFO - [2025-01-08T14:20:30.252+0000] {override.py:1911} INFO - Created Permission View: can create on DAG Run:consume_1_or_2_with_dataset_expressions
[2025-01-08T14:20:30.457+0000] {logging_mixin.py:190} INFO - [2025-01-08T14:20:30.457+0000] {override.py:1911} INFO - Created Permission View: can read on DAG Run:consume_1_or_2_with_dataset_expressions
[2025-01-08T14:20:30.553+0000] {logging_mixin.py:190} INFO - [2025-01-08T14:20:30.549+0000] {override.py:1911} INFO - Created Permission View: can delete on DAG Run:consume_1_or_2_with_dataset_expressions
[2025-01-08T14:20:30.606+0000] {logging_mixin.py:190} INFO - [2025-01-08T14:20:30.605+0000] {override.py:1911} INFO - Created Permission View: menu access on DAG Run:consume_1_or_2_with_dataset_expressions
[2025-01-08T14:20:31.231+0000] {logging_mixin.py:190} INFO - [2025-01-08T14:20:31.230+0000] {override.py:1911} INFO - Created Permission View: can read on DAG:consume_1_and_2_with_dataset_expressions
[2025-01-08T14:20:31.248+0000] {logging_mixin.py:190} INFO - [2025-01-08T14:20:31.248+0000] {override.py:1911} INFO - Created Permission View: can edit on DAG:consume_1_and_2_with_dataset_expressions
[2025-01-08T14:20:31.464+0000] {logging_mixin.py:190} INFO - [2025-01-08T14:20:31.464+0000] {override.py:1911} INFO - Created Permission View: can delete on DAG:consume_1_and_2_with_dataset_expressions
[2025-01-08T14:20:31.612+0000] {logging_mixin.py:190} INFO - [2025-01-08T14:20:31.612+0000] {override.py:1911} INFO - Created Permission View: can create on DAG Run:consume_1_and_2_with_dataset_expressions
[2025-01-08T14:20:31.762+0000] {logging_mixin.py:190} INFO - [2025-01-08T14:20:31.762+0000] {override.py:1911} INFO - Created Permission View: can read on DAG Run:consume_1_and_2_with_dataset_expressions
[2025-01-08T14:20:31.826+0000] {logging_mixin.py:190} INFO - [2025-01-08T14:20:31.825+0000] {override.py:1911} INFO - Created Permission View: can delete on DAG Run:consume_1_and_2_with_dataset_expressions
[2025-01-08T14:20:31.920+0000] {logging_mixin.py:190} INFO - [2025-01-08T14:20:31.919+0000] {override.py:1911} INFO - Created Permission View: menu access on DAG Run:consume_1_and_2_with_dataset_expressions
[2025-01-08T14:20:32.160+0000] {logging_mixin.py:190} INFO - [2025-01-08T14:20:32.159+0000] {override.py:1911} INFO - Created Permission View: can read on DAG:dataset_consumes_1_and_2
[2025-01-08T14:20:32.231+0000] {logging_mixin.py:190} INFO - [2025-01-08T14:20:32.230+0000] {override.py:1911} INFO - Created Permission View: can edit on DAG:dataset_consumes_1_and_2
[2025-01-08T14:20:32.334+0000] {logging_mixin.py:190} INFO - [2025-01-08T14:20:32.334+0000] {override.py:1911} INFO - Created Permission View: can delete on DAG:dataset_consumes_1_and_2
[2025-01-08T14:20:32.579+0000] {logging_mixin.py:190} INFO - [2025-01-08T14:20:32.578+0000] {override.py:1911} INFO - Created Permission View: can create on DAG Run:dataset_consumes_1_and_2
[2025-01-08T14:20:32.696+0000] {logging_mixin.py:190} INFO - [2025-01-08T14:20:32.694+0000] {override.py:1911} INFO - Created Permission View: can read on DAG Run:dataset_consumes_1_and_2
[2025-01-08T14:20:32.778+0000] {logging_mixin.py:190} INFO - [2025-01-08T14:20:32.778+0000] {override.py:1911} INFO - Created Permission View: can delete on DAG Run:dataset_consumes_1_and_2
[2025-01-08T14:20:32.842+0000] {logging_mixin.py:190} INFO - [2025-01-08T14:20:32.841+0000] {override.py:1911} INFO - Created Permission View: menu access on DAG Run:dataset_consumes_1_and_2
[2025-01-08T14:20:33.015+0000] {logging_mixin.py:190} INFO - [2025-01-08T14:20:33.006+0000] {override.py:1911} INFO - Created Permission View: can read on DAG:dataset_produces_1
[2025-01-08T14:20:33.127+0000] {logging_mixin.py:190} INFO - [2025-01-08T14:20:33.127+0000] {override.py:1911} INFO - Created Permission View: can edit on DAG:dataset_produces_1
[2025-01-08T14:20:33.253+0000] {logging_mixin.py:190} INFO - [2025-01-08T14:20:33.250+0000] {override.py:1911} INFO - Created Permission View: can delete on DAG:dataset_produces_1
[2025-01-08T14:20:33.419+0000] {logging_mixin.py:190} INFO - [2025-01-08T14:20:33.419+0000] {override.py:1911} INFO - Created Permission View: can create on DAG Run:dataset_produces_1
[2025-01-08T14:20:33.822+0000] {logging_mixin.py:190} INFO - [2025-01-08T14:20:33.822+0000] {override.py:1911} INFO - Created Permission View: can read on DAG Run:dataset_produces_1
[2025-01-08T14:20:33.874+0000] {logging_mixin.py:190} INFO - [2025-01-08T14:20:33.874+0000] {override.py:1911} INFO - Created Permission View: can delete on DAG Run:dataset_produces_1
[2025-01-08T14:20:34.141+0000] {logging_mixin.py:190} INFO - [2025-01-08T14:20:34.141+0000] {override.py:1911} INFO - Created Permission View: menu access on DAG Run:dataset_produces_1
[2025-01-08T14:20:34.514+0000] {logging_mixin.py:190} INFO - [2025-01-08T14:20:34.510+0000] {override.py:1911} INFO - Created Permission View: can read on DAG:consume_1_or_both_2_and_3_with_dataset_expressions
[2025-01-08T14:20:34.633+0000] {logging_mixin.py:190} INFO - [2025-01-08T14:20:34.629+0000] {override.py:1911} INFO - Created Permission View: can edit on DAG:consume_1_or_both_2_and_3_with_dataset_expressions
[2025-01-08T14:20:34.698+0000] {logging_mixin.py:190} INFO - [2025-01-08T14:20:34.691+0000] {override.py:1911} INFO - Created Permission View: can delete on DAG:consume_1_or_both_2_and_3_with_dataset_expressions
[2025-01-08T14:20:35.302+0000] {logging_mixin.py:190} INFO - [2025-01-08T14:20:35.301+0000] {override.py:1911} INFO - Created Permission View: can create on DAG Run:consume_1_or_both_2_and_3_with_dataset_expressions
[2025-01-08T14:20:35.479+0000] {logging_mixin.py:190} INFO - [2025-01-08T14:20:35.466+0000] {override.py:1911} INFO - Created Permission View: can read on DAG Run:consume_1_or_both_2_and_3_with_dataset_expressions
[2025-01-08T14:20:35.684+0000] {logging_mixin.py:190} INFO - [2025-01-08T14:20:35.684+0000] {override.py:1911} INFO - Created Permission View: can delete on DAG Run:consume_1_or_both_2_and_3_with_dataset_expressions
[2025-01-08T14:20:35.796+0000] {logging_mixin.py:190} INFO - [2025-01-08T14:20:35.761+0000] {override.py:1911} INFO - Created Permission View: menu access on DAG Run:consume_1_or_both_2_and_3_with_dataset_expressions
[2025-01-08T14:20:35.874+0000] {logging_mixin.py:190} INFO - [2025-01-08T14:20:35.874+0000] {override.py:1911} INFO - Created Permission View: can read on DAG:dataset_consumes_1_never_scheduled
[2025-01-08T14:20:35.937+0000] {logging_mixin.py:190} INFO - [2025-01-08T14:20:35.937+0000] {override.py:1911} INFO - Created Permission View: can edit on DAG:dataset_consumes_1_never_scheduled
[2025-01-08T14:20:35.975+0000] {logging_mixin.py:190} INFO - [2025-01-08T14:20:35.974+0000] {override.py:1911} INFO - Created Permission View: can delete on DAG:dataset_consumes_1_never_scheduled
[2025-01-08T14:20:36.074+0000] {logging_mixin.py:190} INFO - [2025-01-08T14:20:36.074+0000] {override.py:1911} INFO - Created Permission View: can create on DAG Run:dataset_consumes_1_never_scheduled
[2025-01-08T14:20:36.110+0000] {logging_mixin.py:190} INFO - [2025-01-08T14:20:36.109+0000] {override.py:1911} INFO - Created Permission View: can read on DAG Run:dataset_consumes_1_never_scheduled
[2025-01-08T14:20:36.297+0000] {logging_mixin.py:190} INFO - [2025-01-08T14:20:36.296+0000] {override.py:1911} INFO - Created Permission View: can delete on DAG Run:dataset_consumes_1_never_scheduled
[2025-01-08T14:20:36.435+0000] {logging_mixin.py:190} INFO - [2025-01-08T14:20:36.435+0000] {override.py:1911} INFO - Created Permission View: menu access on DAG Run:dataset_consumes_1_never_scheduled
[2025-01-08T14:20:36.530+0000] {logging_mixin.py:190} INFO - [2025-01-08T14:20:36.529+0000] {override.py:1911} INFO - Created Permission View: can read on DAG:dataset_consumes_1
[2025-01-08T14:20:36.621+0000] {logging_mixin.py:190} INFO - [2025-01-08T14:20:36.615+0000] {override.py:1911} INFO - Created Permission View: can edit on DAG:dataset_consumes_1
[2025-01-08T14:20:36.812+0000] {logging_mixin.py:190} INFO - [2025-01-08T14:20:36.812+0000] {override.py:1911} INFO - Created Permission View: can delete on DAG:dataset_consumes_1
[2025-01-08T14:20:37.113+0000] {logging_mixin.py:190} INFO - [2025-01-08T14:20:37.109+0000] {override.py:1911} INFO - Created Permission View: can create on DAG Run:dataset_consumes_1
[2025-01-08T14:20:37.372+0000] {logging_mixin.py:190} INFO - [2025-01-08T14:20:37.368+0000] {override.py:1911} INFO - Created Permission View: can read on DAG Run:dataset_consumes_1
[2025-01-08T14:20:37.573+0000] {logging_mixin.py:190} INFO - [2025-01-08T14:20:37.570+0000] {override.py:1911} INFO - Created Permission View: can delete on DAG Run:dataset_consumes_1
[2025-01-08T14:20:37.631+0000] {logging_mixin.py:190} INFO - [2025-01-08T14:20:37.631+0000] {override.py:1911} INFO - Created Permission View: menu access on DAG Run:dataset_consumes_1
[2025-01-08T14:20:37.632+0000] {logging_mixin.py:190} INFO - [2025-01-08T14:20:37.632+0000] {dag.py:3239} INFO - Sync 10 DAGs
[2025-01-08T14:20:37.796+0000] {logging_mixin.py:190} INFO - [2025-01-08T14:20:37.738+0000] {dag.py:3262} INFO - Creating ORM DAG for dataset_consumes_1
[2025-01-08T14:20:37.798+0000] {logging_mixin.py:190} INFO - [2025-01-08T14:20:37.797+0000] {dag.py:3262} INFO - Creating ORM DAG for dataset_consumes_1_and_2
[2025-01-08T14:20:37.810+0000] {logging_mixin.py:190} INFO - [2025-01-08T14:20:37.809+0000] {dag.py:3262} INFO - Creating ORM DAG for dataset_produces_2
[2025-01-08T14:20:37.844+0000] {logging_mixin.py:190} INFO - [2025-01-08T14:20:37.844+0000] {dag.py:3262} INFO - Creating ORM DAG for dataset_consumes_unknown_never_scheduled
[2025-01-08T14:20:37.873+0000] {logging_mixin.py:190} INFO - [2025-01-08T14:20:37.863+0000] {dag.py:3262} INFO - Creating ORM DAG for consume_1_or_both_2_and_3_with_dataset_expressions
[2025-01-08T14:20:37.909+0000] {logging_mixin.py:190} INFO - [2025-01-08T14:20:37.909+0000] {dag.py:3262} INFO - Creating ORM DAG for conditional_dataset_and_time_based_timetable
[2025-01-08T14:20:37.935+0000] {logging_mixin.py:190} INFO - [2025-01-08T14:20:37.935+0000] {dag.py:3262} INFO - Creating ORM DAG for consume_1_and_2_with_dataset_expressions
[2025-01-08T14:20:37.941+0000] {logging_mixin.py:190} INFO - [2025-01-08T14:20:37.940+0000] {dag.py:3262} INFO - Creating ORM DAG for dataset_produces_1
[2025-01-08T14:20:37.952+0000] {logging_mixin.py:190} INFO - [2025-01-08T14:20:37.951+0000] {dag.py:3262} INFO - Creating ORM DAG for consume_1_or_2_with_dataset_expressions
[2025-01-08T14:20:38.014+0000] {logging_mixin.py:190} INFO - [2025-01-08T14:20:38.013+0000] {dag.py:3262} INFO - Creating ORM DAG for dataset_consumes_1_never_scheduled
[2025-01-08T14:20:38.090+0000] {logging_mixin.py:190} INFO - [2025-01-08T14:20:38.089+0000] {dag.py:4180} INFO - Setting next_dagrun for conditional_dataset_and_time_based_timetable to 2025-01-08 01:00:00+00:00, run_after=2025-01-08 01:00:00+00:00
[2025-01-08T14:20:38.096+0000] {logging_mixin.py:190} INFO - [2025-01-08T14:20:38.096+0000] {dag.py:4180} INFO - Setting next_dagrun for consume_1_and_2_with_dataset_expressions to None, run_after=None
[2025-01-08T14:20:38.097+0000] {logging_mixin.py:190} INFO - [2025-01-08T14:20:38.097+0000] {dag.py:4180} INFO - Setting next_dagrun for consume_1_or_2_with_dataset_expressions to None, run_after=None
[2025-01-08T14:20:38.098+0000] {logging_mixin.py:190} INFO - [2025-01-08T14:20:38.097+0000] {dag.py:4180} INFO - Setting next_dagrun for consume_1_or_both_2_and_3_with_dataset_expressions to None, run_after=None
[2025-01-08T14:20:38.106+0000] {logging_mixin.py:190} INFO - [2025-01-08T14:20:38.098+0000] {dag.py:4180} INFO - Setting next_dagrun for dataset_consumes_1 to None, run_after=None
[2025-01-08T14:20:38.108+0000] {logging_mixin.py:190} INFO - [2025-01-08T14:20:38.107+0000] {dag.py:4180} INFO - Setting next_dagrun for dataset_consumes_1_and_2 to None, run_after=None
[2025-01-08T14:20:38.115+0000] {logging_mixin.py:190} INFO - [2025-01-08T14:20:38.115+0000] {dag.py:4180} INFO - Setting next_dagrun for dataset_consumes_1_never_scheduled to None, run_after=None
[2025-01-08T14:20:38.127+0000] {logging_mixin.py:190} INFO - [2025-01-08T14:20:38.127+0000] {dag.py:4180} INFO - Setting next_dagrun for dataset_consumes_unknown_never_scheduled to None, run_after=None
[2025-01-08T14:20:38.129+0000] {logging_mixin.py:190} INFO - [2025-01-08T14:20:38.129+0000] {dag.py:4180} INFO - Setting next_dagrun for dataset_produces_1 to 2025-01-07 00:00:00+00:00, run_after=2025-01-08 00:00:00+00:00
[2025-01-08T14:20:38.143+0000] {logging_mixin.py:190} INFO - [2025-01-08T14:20:38.141+0000] {dag.py:4180} INFO - Setting next_dagrun for dataset_produces_2 to None, run_after=None
[2025-01-08T14:20:38.734+0000] {processor.py:208} INFO - Processing /home/airflow/.local/lib/python3.12/site-packages/airflow/example_dags/example_datasets.py took 39.240 seconds
[2025-01-08T14:21:51.614+0000] {processor.py:186} INFO - Started process (PID=173) to work on /home/airflow/.local/lib/python3.12/site-packages/airflow/example_dags/example_datasets.py
[2025-01-08T14:21:51.623+0000] {processor.py:914} INFO - Processing file /home/airflow/.local/lib/python3.12/site-packages/airflow/example_dags/example_datasets.py for tasks to queue
[2025-01-08T14:21:51.651+0000] {logging_mixin.py:190} INFO - [2025-01-08T14:21:51.628+0000] {dagbag.py:588} INFO - Filling up the DagBag from /home/airflow/.local/lib/python3.12/site-packages/airflow/example_dags/example_datasets.py
[2025-01-08T14:21:53.680+0000] {processor.py:925} INFO - DAG(s) 'consume_1_or_both_2_and_3_with_dataset_expressions', 'dataset_consumes_unknown_never_scheduled', 'dataset_produces_2', 'consume_1_and_2_with_dataset_expressions', 'dataset_consumes_1_and_2', 'consume_1_or_2_with_dataset_expressions', 'dataset_consumes_1_never_scheduled', 'conditional_dataset_and_time_based_timetable', 'dataset_consumes_1', 'dataset_produces_1' retrieved from /home/airflow/.local/lib/python3.12/site-packages/airflow/example_dags/example_datasets.py
[2025-01-08T14:21:53.745+0000] {logging_mixin.py:190} INFO - [2025-01-08T14:21:53.744+0000] {dag.py:3239} INFO - Sync 10 DAGs
[2025-01-08T14:21:53.795+0000] {logging_mixin.py:190} INFO - [2025-01-08T14:21:53.795+0000] {dag.py:4180} INFO - Setting next_dagrun for conditional_dataset_and_time_based_timetable to 2025-01-08 01:00:00+00:00, run_after=2025-01-08 01:00:00+00:00
[2025-01-08T14:21:53.801+0000] {logging_mixin.py:190} INFO - [2025-01-08T14:21:53.801+0000] {dag.py:4180} INFO - Setting next_dagrun for consume_1_and_2_with_dataset_expressions to None, run_after=None
[2025-01-08T14:21:53.813+0000] {logging_mixin.py:190} INFO - [2025-01-08T14:21:53.806+0000] {dag.py:4180} INFO - Setting next_dagrun for consume_1_or_2_with_dataset_expressions to None, run_after=None
[2025-01-08T14:21:53.818+0000] {logging_mixin.py:190} INFO - [2025-01-08T14:21:53.818+0000] {dag.py:4180} INFO - Setting next_dagrun for consume_1_or_both_2_and_3_with_dataset_expressions to None, run_after=None
[2025-01-08T14:21:53.830+0000] {logging_mixin.py:190} INFO - [2025-01-08T14:21:53.827+0000] {dag.py:4180} INFO - Setting next_dagrun for dataset_consumes_1 to None, run_after=None
[2025-01-08T14:21:53.839+0000] {logging_mixin.py:190} INFO - [2025-01-08T14:21:53.839+0000] {dag.py:4180} INFO - Setting next_dagrun for dataset_consumes_1_and_2 to None, run_after=None
[2025-01-08T14:21:53.850+0000] {logging_mixin.py:190} INFO - [2025-01-08T14:21:53.847+0000] {dag.py:4180} INFO - Setting next_dagrun for dataset_consumes_1_never_scheduled to None, run_after=None
[2025-01-08T14:21:53.855+0000] {logging_mixin.py:190} INFO - [2025-01-08T14:21:53.854+0000] {dag.py:4180} INFO - Setting next_dagrun for dataset_consumes_unknown_never_scheduled to None, run_after=None
[2025-01-08T14:21:53.861+0000] {logging_mixin.py:190} INFO - [2025-01-08T14:21:53.860+0000] {dag.py:4180} INFO - Setting next_dagrun for dataset_produces_1 to 2025-01-07 00:00:00+00:00, run_after=2025-01-08 00:00:00+00:00
[2025-01-08T14:21:53.864+0000] {logging_mixin.py:190} INFO - [2025-01-08T14:21:53.864+0000] {dag.py:4180} INFO - Setting next_dagrun for dataset_produces_2 to None, run_after=None
[2025-01-08T14:21:53.959+0000] {processor.py:208} INFO - Processing /home/airflow/.local/lib/python3.12/site-packages/airflow/example_dags/example_datasets.py took 2.353 seconds
