[2025-01-08T14:20:50.000+0000] {processor.py:186} INFO - Started process (PID=127) to work on /home/airflow/.local/lib/python3.12/site-packages/airflow/example_dags/example_time_delta_sensor_async.py
[2025-01-08T14:20:50.001+0000] {processor.py:914} INFO - Processing file /home/airflow/.local/lib/python3.12/site-packages/airflow/example_dags/example_time_delta_sensor_async.py for tasks to queue
[2025-01-08T14:20:50.043+0000] {logging_mixin.py:190} INFO - [2025-01-08T14:20:50.043+0000] {dagbag.py:588} INFO - Filling up the DagBag from /home/airflow/.local/lib/python3.12/site-packages/airflow/example_dags/example_time_delta_sensor_async.py
[2025-01-08T14:20:50.075+0000] {processor.py:925} INFO - DAG(s) 'example_time_delta_sensor_async' retrieved from /home/airflow/.local/lib/python3.12/site-packages/airflow/example_dags/example_time_delta_sensor_async.py
[2025-01-08T14:20:51.025+0000] {logging_mixin.py:190} INFO - [2025-01-08T14:20:51.023+0000] {override.py:1911} INFO - Created Permission View: can read on DAG:example_time_delta_sensor_async
[2025-01-08T14:20:51.053+0000] {logging_mixin.py:190} INFO - [2025-01-08T14:20:51.052+0000] {override.py:1911} INFO - Created Permission View: can edit on DAG:example_time_delta_sensor_async
[2025-01-08T14:20:51.127+0000] {logging_mixin.py:190} INFO - [2025-01-08T14:20:51.127+0000] {override.py:1911} INFO - Created Permission View: can delete on DAG:example_time_delta_sensor_async
[2025-01-08T14:20:51.192+0000] {logging_mixin.py:190} INFO - [2025-01-08T14:20:51.192+0000] {override.py:1911} INFO - Created Permission View: can create on DAG Run:example_time_delta_sensor_async
[2025-01-08T14:20:51.257+0000] {logging_mixin.py:190} INFO - [2025-01-08T14:20:51.256+0000] {override.py:1911} INFO - Created Permission View: can read on DAG Run:example_time_delta_sensor_async
[2025-01-08T14:20:51.424+0000] {logging_mixin.py:190} INFO - [2025-01-08T14:20:51.422+0000] {override.py:1911} INFO - Created Permission View: can delete on DAG Run:example_time_delta_sensor_async
[2025-01-08T14:20:51.460+0000] {logging_mixin.py:190} INFO - [2025-01-08T14:20:51.459+0000] {override.py:1911} INFO - Created Permission View: menu access on DAG Run:example_time_delta_sensor_async
[2025-01-08T14:20:51.464+0000] {logging_mixin.py:190} INFO - [2025-01-08T14:20:51.463+0000] {dag.py:3239} INFO - Sync 1 DAGs
[2025-01-08T14:20:51.550+0000] {logging_mixin.py:190} INFO - [2025-01-08T14:20:51.550+0000] {dag.py:3262} INFO - Creating ORM DAG for example_time_delta_sensor_async
[2025-01-08T14:20:51.553+0000] {logging_mixin.py:190} INFO - [2025-01-08T14:20:51.553+0000] {dag.py:4180} INFO - Setting next_dagrun for example_time_delta_sensor_async to None, run_after=None
[2025-01-08T14:20:51.766+0000] {processor.py:208} INFO - Processing /home/airflow/.local/lib/python3.12/site-packages/airflow/example_dags/example_time_delta_sensor_async.py took 1.777 seconds
[2025-01-08T14:21:57.937+0000] {processor.py:186} INFO - Started process (PID=195) to work on /home/airflow/.local/lib/python3.12/site-packages/airflow/example_dags/example_time_delta_sensor_async.py
[2025-01-08T14:21:57.984+0000] {processor.py:914} INFO - Processing file /home/airflow/.local/lib/python3.12/site-packages/airflow/example_dags/example_time_delta_sensor_async.py for tasks to queue
[2025-01-08T14:21:57.988+0000] {logging_mixin.py:190} INFO - [2025-01-08T14:21:57.987+0000] {dagbag.py:588} INFO - Filling up the DagBag from /home/airflow/.local/lib/python3.12/site-packages/airflow/example_dags/example_time_delta_sensor_async.py
[2025-01-08T14:21:58.005+0000] {processor.py:925} INFO - DAG(s) 'example_time_delta_sensor_async' retrieved from /home/airflow/.local/lib/python3.12/site-packages/airflow/example_dags/example_time_delta_sensor_async.py
[2025-01-08T14:21:58.036+0000] {logging_mixin.py:190} INFO - [2025-01-08T14:21:58.036+0000] {dag.py:3239} INFO - Sync 1 DAGs
[2025-01-08T14:21:58.070+0000] {logging_mixin.py:190} INFO - [2025-01-08T14:21:58.070+0000] {dag.py:4180} INFO - Setting next_dagrun for example_time_delta_sensor_async to None, run_after=None
[2025-01-08T14:21:58.220+0000] {processor.py:208} INFO - Processing /home/airflow/.local/lib/python3.12/site-packages/airflow/example_dags/example_time_delta_sensor_async.py took 0.289 seconds
