[2025-01-08T14:21:29.354+0000] {processor.py:186} INFO - Started process (PID=143) to work on /home/airflow/.local/lib/python3.12/site-packages/airflow/example_dags/example_complex.py
[2025-01-08T14:21:29.355+0000] {processor.py:914} INFO - Processing file /home/airflow/.local/lib/python3.12/site-packages/airflow/example_dags/example_complex.py for tasks to queue
[2025-01-08T14:21:29.359+0000] {logging_mixin.py:190} INFO - [2025-01-08T14:21:29.359+0000] {dagbag.py:588} INFO - Filling up the DagBag from /home/airflow/.local/lib/python3.12/site-packages/airflow/example_dags/example_complex.py
[2025-01-08T14:21:29.711+0000] {processor.py:925} INFO - DAG(s) 'example_complex' retrieved from /home/airflow/.local/lib/python3.12/site-packages/airflow/example_dags/example_complex.py
[2025-01-08T14:21:31.303+0000] {logging_mixin.py:190} INFO - [2025-01-08T14:21:31.302+0000] {override.py:1911} INFO - Created Permission View: can read on DAG:example_complex
[2025-01-08T14:21:31.341+0000] {logging_mixin.py:190} INFO - [2025-01-08T14:21:31.341+0000] {override.py:1911} INFO - Created Permission View: can edit on DAG:example_complex
[2025-01-08T14:21:31.383+0000] {logging_mixin.py:190} INFO - [2025-01-08T14:21:31.380+0000] {override.py:1911} INFO - Created Permission View: can delete on DAG:example_complex
[2025-01-08T14:21:31.461+0000] {logging_mixin.py:190} INFO - [2025-01-08T14:21:31.461+0000] {override.py:1911} INFO - Created Permission View: can create on DAG Run:example_complex
[2025-01-08T14:21:31.500+0000] {logging_mixin.py:190} INFO - [2025-01-08T14:21:31.499+0000] {override.py:1911} INFO - Created Permission View: can read on DAG Run:example_complex
[2025-01-08T14:21:31.523+0000] {logging_mixin.py:190} INFO - [2025-01-08T14:21:31.521+0000] {override.py:1911} INFO - Created Permission View: can delete on DAG Run:example_complex
[2025-01-08T14:21:31.548+0000] {logging_mixin.py:190} INFO - [2025-01-08T14:21:31.548+0000] {override.py:1911} INFO - Created Permission View: menu access on DAG Run:example_complex
[2025-01-08T14:21:31.549+0000] {logging_mixin.py:190} INFO - [2025-01-08T14:21:31.549+0000] {dag.py:3239} INFO - Sync 1 DAGs
[2025-01-08T14:21:31.583+0000] {logging_mixin.py:190} INFO - [2025-01-08T14:21:31.583+0000] {dag.py:3262} INFO - Creating ORM DAG for example_complex
[2025-01-08T14:21:31.600+0000] {logging_mixin.py:190} INFO - [2025-01-08T14:21:31.600+0000] {dag.py:4180} INFO - Setting next_dagrun for example_complex to None, run_after=None
[2025-01-08T14:21:31.838+0000] {processor.py:208} INFO - Processing /home/airflow/.local/lib/python3.12/site-packages/airflow/example_dags/example_complex.py took 2.490 seconds
[2025-01-08T14:22:02.154+0000] {processor.py:186} INFO - Started process (PID=212) to work on /home/airflow/.local/lib/python3.12/site-packages/airflow/example_dags/example_complex.py
[2025-01-08T14:22:02.181+0000] {processor.py:914} INFO - Processing file /home/airflow/.local/lib/python3.12/site-packages/airflow/example_dags/example_complex.py for tasks to queue
[2025-01-08T14:22:02.184+0000] {logging_mixin.py:190} INFO - [2025-01-08T14:22:02.184+0000] {dagbag.py:588} INFO - Filling up the DagBag from /home/airflow/.local/lib/python3.12/site-packages/airflow/example_dags/example_complex.py
[2025-01-08T14:22:02.214+0000] {processor.py:925} INFO - DAG(s) 'example_complex' retrieved from /home/airflow/.local/lib/python3.12/site-packages/airflow/example_dags/example_complex.py
[2025-01-08T14:22:02.347+0000] {logging_mixin.py:190} INFO - [2025-01-08T14:22:02.347+0000] {dag.py:3239} INFO - Sync 1 DAGs
[2025-01-08T14:22:02.369+0000] {logging_mixin.py:190} INFO - [2025-01-08T14:22:02.369+0000] {dag.py:4180} INFO - Setting next_dagrun for example_complex to None, run_after=None
[2025-01-08T14:22:02.452+0000] {processor.py:208} INFO - Processing /home/airflow/.local/lib/python3.12/site-packages/airflow/example_dags/example_complex.py took 0.305 seconds
