[2025-01-08T14:20:43.743+0000] {processor.py:186} INFO - Started process (PID=117) to work on /home/airflow/.local/lib/python3.12/site-packages/airflow/example_dags/example_nested_branch_dag.py
[2025-01-08T14:20:43.779+0000] {processor.py:914} INFO - Processing file /home/airflow/.local/lib/python3.12/site-packages/airflow/example_dags/example_nested_branch_dag.py for tasks to queue
[2025-01-08T14:20:43.786+0000] {logging_mixin.py:190} INFO - [2025-01-08T14:20:43.785+0000] {dagbag.py:588} INFO - Filling up the DagBag from /home/airflow/.local/lib/python3.12/site-packages/airflow/example_dags/example_nested_branch_dag.py
[2025-01-08T14:20:43.859+0000] {processor.py:925} INFO - DAG(s) 'example_nested_branch_dag' retrieved from /home/airflow/.local/lib/python3.12/site-packages/airflow/example_dags/example_nested_branch_dag.py
[2025-01-08T14:20:44.317+0000] {logging_mixin.py:190} INFO - [2025-01-08T14:20:44.315+0000] {override.py:1911} INFO - Created Permission View: can read on DAG:example_nested_branch_dag
[2025-01-08T14:20:44.357+0000] {logging_mixin.py:190} INFO - [2025-01-08T14:20:44.356+0000] {override.py:1911} INFO - Created Permission View: can edit on DAG:example_nested_branch_dag
[2025-01-08T14:20:44.464+0000] {logging_mixin.py:190} INFO - [2025-01-08T14:20:44.463+0000] {override.py:1911} INFO - Created Permission View: can delete on DAG:example_nested_branch_dag
[2025-01-08T14:20:44.487+0000] {logging_mixin.py:190} INFO - [2025-01-08T14:20:44.486+0000] {override.py:1911} INFO - Created Permission View: can create on DAG Run:example_nested_branch_dag
[2025-01-08T14:20:44.505+0000] {logging_mixin.py:190} INFO - [2025-01-08T14:20:44.505+0000] {override.py:1911} INFO - Created Permission View: can read on DAG Run:example_nested_branch_dag
[2025-01-08T14:20:44.521+0000] {logging_mixin.py:190} INFO - [2025-01-08T14:20:44.520+0000] {override.py:1911} INFO - Created Permission View: can delete on DAG Run:example_nested_branch_dag
[2025-01-08T14:20:44.529+0000] {logging_mixin.py:190} INFO - [2025-01-08T14:20:44.529+0000] {override.py:1911} INFO - Created Permission View: menu access on DAG Run:example_nested_branch_dag
[2025-01-08T14:20:44.532+0000] {logging_mixin.py:190} INFO - [2025-01-08T14:20:44.532+0000] {dag.py:3239} INFO - Sync 1 DAGs
[2025-01-08T14:20:44.563+0000] {logging_mixin.py:190} INFO - [2025-01-08T14:20:44.553+0000] {dag.py:3262} INFO - Creating ORM DAG for example_nested_branch_dag
[2025-01-08T14:20:44.592+0000] {logging_mixin.py:190} INFO - [2025-01-08T14:20:44.592+0000] {dag.py:4180} INFO - Setting next_dagrun for example_nested_branch_dag to 2025-01-07 00:00:00+00:00, run_after=2025-01-08 00:00:00+00:00
[2025-01-08T14:20:44.654+0000] {processor.py:208} INFO - Processing /home/airflow/.local/lib/python3.12/site-packages/airflow/example_dags/example_nested_branch_dag.py took 0.924 seconds
[2025-01-08T14:21:56.032+0000] {processor.py:186} INFO - Started process (PID=185) to work on /home/airflow/.local/lib/python3.12/site-packages/airflow/example_dags/example_nested_branch_dag.py
[2025-01-08T14:21:56.054+0000] {processor.py:914} INFO - Processing file /home/airflow/.local/lib/python3.12/site-packages/airflow/example_dags/example_nested_branch_dag.py for tasks to queue
[2025-01-08T14:21:56.057+0000] {logging_mixin.py:190} INFO - [2025-01-08T14:21:56.057+0000] {dagbag.py:588} INFO - Filling up the DagBag from /home/airflow/.local/lib/python3.12/site-packages/airflow/example_dags/example_nested_branch_dag.py
[2025-01-08T14:21:56.086+0000] {processor.py:925} INFO - DAG(s) 'example_nested_branch_dag' retrieved from /home/airflow/.local/lib/python3.12/site-packages/airflow/example_dags/example_nested_branch_dag.py
[2025-01-08T14:21:56.129+0000] {logging_mixin.py:190} INFO - [2025-01-08T14:21:56.128+0000] {dag.py:3239} INFO - Sync 1 DAGs
[2025-01-08T14:21:56.162+0000] {logging_mixin.py:190} INFO - [2025-01-08T14:21:56.161+0000] {dag.py:4180} INFO - Setting next_dagrun for example_nested_branch_dag to 2025-01-07 00:00:00+00:00, run_after=2025-01-08 00:00:00+00:00
[2025-01-08T14:21:56.226+0000] {processor.py:208} INFO - Processing /home/airflow/.local/lib/python3.12/site-packages/airflow/example_dags/example_nested_branch_dag.py took 0.201 seconds
