[2025-01-08T14:19:39.229+0000] {processor.py:186} INFO - Started process (PID=89) to work on /home/airflow/.local/lib/python3.12/site-packages/airflow/example_dags/example_workday_timetable.py
[2025-01-08T14:19:39.381+0000] {processor.py:914} INFO - Processing file /home/airflow/.local/lib/python3.12/site-packages/airflow/example_dags/example_workday_timetable.py for tasks to queue
[2025-01-08T14:19:39.500+0000] {logging_mixin.py:190} INFO - [2025-01-08T14:19:39.499+0000] {dagbag.py:588} INFO - Filling up the DagBag from /home/airflow/.local/lib/python3.12/site-packages/airflow/example_dags/example_workday_timetable.py
[2025-01-08T14:19:39.606+0000] {processor.py:925} INFO - DAG(s) 'example_workday_timetable' retrieved from /home/airflow/.local/lib/python3.12/site-packages/airflow/example_dags/example_workday_timetable.py
[2025-01-08T14:19:41.815+0000] {logging_mixin.py:190} INFO - [2025-01-08T14:19:41.814+0000] {override.py:1911} INFO - Created Permission View: can read on DAG:example_workday_timetable
[2025-01-08T14:19:41.912+0000] {logging_mixin.py:190} INFO - [2025-01-08T14:19:41.910+0000] {override.py:1911} INFO - Created Permission View: can edit on DAG:example_workday_timetable
[2025-01-08T14:19:42.016+0000] {logging_mixin.py:190} INFO - [2025-01-08T14:19:42.015+0000] {override.py:1911} INFO - Created Permission View: can delete on DAG:example_workday_timetable
[2025-01-08T14:19:42.115+0000] {logging_mixin.py:190} INFO - [2025-01-08T14:19:42.115+0000] {override.py:1911} INFO - Created Permission View: can create on DAG Run:example_workday_timetable
[2025-01-08T14:19:42.311+0000] {logging_mixin.py:190} INFO - [2025-01-08T14:19:42.311+0000] {override.py:1911} INFO - Created Permission View: can read on DAG Run:example_workday_timetable
[2025-01-08T14:19:42.817+0000] {logging_mixin.py:190} INFO - [2025-01-08T14:19:42.812+0000] {override.py:1911} INFO - Created Permission View: can delete on DAG Run:example_workday_timetable
[2025-01-08T14:19:43.111+0000] {logging_mixin.py:190} INFO - [2025-01-08T14:19:43.106+0000] {override.py:1911} INFO - Created Permission View: menu access on DAG Run:example_workday_timetable
[2025-01-08T14:19:43.194+0000] {logging_mixin.py:190} INFO - [2025-01-08T14:19:43.155+0000] {dag.py:3239} INFO - Sync 1 DAGs
[2025-01-08T14:19:43.397+0000] {logging_mixin.py:190} INFO - [2025-01-08T14:19:43.392+0000] {dag.py:3262} INFO - Creating ORM DAG for example_workday_timetable
[2025-01-08T14:19:45.189+0000] {logging_mixin.py:190} INFO - [2025-01-08T14:19:45.189+0000] {dag.py:4180} INFO - Setting next_dagrun for example_workday_timetable to 2021-01-04 00:00:00+00:00, run_after=2021-01-05 00:00:00+00:00
[2025-01-08T14:19:46.096+0000] {processor.py:208} INFO - Processing /home/airflow/.local/lib/python3.12/site-packages/airflow/example_dags/example_workday_timetable.py took 6.877 seconds
[2025-01-08T14:21:48.730+0000] {processor.py:186} INFO - Started process (PID=169) to work on /home/airflow/.local/lib/python3.12/site-packages/airflow/example_dags/example_workday_timetable.py
[2025-01-08T14:21:48.755+0000] {processor.py:914} INFO - Processing file /home/airflow/.local/lib/python3.12/site-packages/airflow/example_dags/example_workday_timetable.py for tasks to queue
[2025-01-08T14:21:48.759+0000] {logging_mixin.py:190} INFO - [2025-01-08T14:21:48.759+0000] {dagbag.py:588} INFO - Filling up the DagBag from /home/airflow/.local/lib/python3.12/site-packages/airflow/example_dags/example_workday_timetable.py
[2025-01-08T14:21:48.910+0000] {processor.py:925} INFO - DAG(s) 'example_workday_timetable' retrieved from /home/airflow/.local/lib/python3.12/site-packages/airflow/example_dags/example_workday_timetable.py
[2025-01-08T14:21:49.278+0000] {logging_mixin.py:190} INFO - [2025-01-08T14:21:49.277+0000] {dag.py:3239} INFO - Sync 1 DAGs
[2025-01-08T14:21:49.819+0000] {logging_mixin.py:190} INFO - [2025-01-08T14:21:49.819+0000] {dag.py:4180} INFO - Setting next_dagrun for example_workday_timetable to 2021-01-04 00:00:00+00:00, run_after=2021-01-05 00:00:00+00:00
[2025-01-08T14:21:50.072+0000] {processor.py:208} INFO - Processing /home/airflow/.local/lib/python3.12/site-packages/airflow/example_dags/example_workday_timetable.py took 1.401 seconds
[2025-01-08T14:22:20.652+0000] {processor.py:186} INFO - Started process (PID=233) to work on /home/airflow/.local/lib/python3.12/site-packages/airflow/example_dags/example_workday_timetable.py
[2025-01-08T14:22:20.688+0000] {processor.py:914} INFO - Processing file /home/airflow/.local/lib/python3.12/site-packages/airflow/example_dags/example_workday_timetable.py for tasks to queue
[2025-01-08T14:22:20.691+0000] {logging_mixin.py:190} INFO - [2025-01-08T14:22:20.691+0000] {dagbag.py:588} INFO - Filling up the DagBag from /home/airflow/.local/lib/python3.12/site-packages/airflow/example_dags/example_workday_timetable.py
[2025-01-08T14:22:20.699+0000] {processor.py:925} INFO - DAG(s) 'example_workday_timetable' retrieved from /home/airflow/.local/lib/python3.12/site-packages/airflow/example_dags/example_workday_timetable.py
[2025-01-08T14:22:20.723+0000] {logging_mixin.py:190} INFO - [2025-01-08T14:22:20.723+0000] {dag.py:3239} INFO - Sync 1 DAGs
[2025-01-08T14:22:20.803+0000] {logging_mixin.py:190} INFO - [2025-01-08T14:22:20.802+0000] {dag.py:4180} INFO - Setting next_dagrun for example_workday_timetable to 2021-01-04 00:00:00+00:00, run_after=2021-01-05 00:00:00+00:00
[2025-01-08T14:22:20.829+0000] {processor.py:208} INFO - Processing /home/airflow/.local/lib/python3.12/site-packages/airflow/example_dags/example_workday_timetable.py took 0.185 seconds
