[2025-01-08T14:21:33.650+0000] {processor.py:186} INFO - Started process (PID=152) to work on /home/airflow/.local/lib/python3.12/site-packages/airflow/example_dags/example_latest_only.py
[2025-01-08T14:21:33.653+0000] {processor.py:914} INFO - Processing file /home/airflow/.local/lib/python3.12/site-packages/airflow/example_dags/example_latest_only.py for tasks to queue
[2025-01-08T14:21:33.662+0000] {logging_mixin.py:190} INFO - [2025-01-08T14:21:33.661+0000] {dagbag.py:588} INFO - Filling up the DagBag from /home/airflow/.local/lib/python3.12/site-packages/airflow/example_dags/example_latest_only.py
[2025-01-08T14:21:33.736+0000] {processor.py:925} INFO - DAG(s) 'latest_only' retrieved from /home/airflow/.local/lib/python3.12/site-packages/airflow/example_dags/example_latest_only.py
[2025-01-08T14:21:34.484+0000] {logging_mixin.py:190} INFO - [2025-01-08T14:21:34.483+0000] {override.py:1911} INFO - Created Permission View: can read on DAG:latest_only
[2025-01-08T14:21:34.644+0000] {logging_mixin.py:190} INFO - [2025-01-08T14:21:34.644+0000] {override.py:1911} INFO - Created Permission View: can edit on DAG:latest_only
[2025-01-08T14:21:35.275+0000] {logging_mixin.py:190} INFO - [2025-01-08T14:21:35.274+0000] {override.py:1911} INFO - Created Permission View: can delete on DAG:latest_only
[2025-01-08T14:21:35.649+0000] {logging_mixin.py:190} INFO - [2025-01-08T14:21:35.647+0000] {override.py:1911} INFO - Created Permission View: can create on DAG Run:latest_only
[2025-01-08T14:21:35.775+0000] {logging_mixin.py:190} INFO - [2025-01-08T14:21:35.771+0000] {override.py:1911} INFO - Created Permission View: can read on DAG Run:latest_only
[2025-01-08T14:21:35.895+0000] {logging_mixin.py:190} INFO - [2025-01-08T14:21:35.895+0000] {override.py:1911} INFO - Created Permission View: can delete on DAG Run:latest_only
[2025-01-08T14:21:35.950+0000] {logging_mixin.py:190} INFO - [2025-01-08T14:21:35.950+0000] {override.py:1911} INFO - Created Permission View: menu access on DAG Run:latest_only
[2025-01-08T14:21:35.977+0000] {logging_mixin.py:190} INFO - [2025-01-08T14:21:35.977+0000] {dag.py:3239} INFO - Sync 1 DAGs
[2025-01-08T14:21:36.077+0000] {logging_mixin.py:190} INFO - [2025-01-08T14:21:36.066+0000] {dag.py:3262} INFO - Creating ORM DAG for latest_only
[2025-01-08T14:21:36.154+0000] {logging_mixin.py:190} INFO - [2025-01-08T14:21:36.154+0000] {dag.py:4180} INFO - Setting next_dagrun for latest_only to 2025-01-08 08:00:00+00:00, run_after=2025-01-08 12:00:00+00:00
[2025-01-08T14:21:36.367+0000] {processor.py:208} INFO - Processing /home/airflow/.local/lib/python3.12/site-packages/airflow/example_dags/example_latest_only.py took 2.737 seconds
[2025-01-08T14:22:06.621+0000] {processor.py:186} INFO - Started process (PID=216) to work on /home/airflow/.local/lib/python3.12/site-packages/airflow/example_dags/example_latest_only.py
[2025-01-08T14:22:06.649+0000] {processor.py:914} INFO - Processing file /home/airflow/.local/lib/python3.12/site-packages/airflow/example_dags/example_latest_only.py for tasks to queue
[2025-01-08T14:22:06.651+0000] {logging_mixin.py:190} INFO - [2025-01-08T14:22:06.651+0000] {dagbag.py:588} INFO - Filling up the DagBag from /home/airflow/.local/lib/python3.12/site-packages/airflow/example_dags/example_latest_only.py
[2025-01-08T14:22:06.659+0000] {processor.py:925} INFO - DAG(s) 'latest_only' retrieved from /home/airflow/.local/lib/python3.12/site-packages/airflow/example_dags/example_latest_only.py
[2025-01-08T14:22:06.704+0000] {logging_mixin.py:190} INFO - [2025-01-08T14:22:06.703+0000] {dag.py:3239} INFO - Sync 1 DAGs
[2025-01-08T14:22:06.733+0000] {logging_mixin.py:190} INFO - [2025-01-08T14:22:06.733+0000] {dag.py:4180} INFO - Setting next_dagrun for latest_only to 2025-01-08 08:00:00+00:00, run_after=2025-01-08 12:00:00+00:00
[2025-01-08T14:22:06.840+0000] {processor.py:208} INFO - Processing /home/airflow/.local/lib/python3.12/site-packages/airflow/example_dags/example_latest_only.py took 0.226 seconds
