[2025-01-08T14:21:12.349+0000] {processor.py:186} INFO - Started process (PID=141) to work on /home/airflow/.local/lib/python3.12/site-packages/airflow/example_dags/example_dynamic_task_mapping_with_no_taskflow_operators.py
[2025-01-08T14:21:12.355+0000] {processor.py:914} INFO - Processing file /home/airflow/.local/lib/python3.12/site-packages/airflow/example_dags/example_dynamic_task_mapping_with_no_taskflow_operators.py for tasks to queue
[2025-01-08T14:21:12.369+0000] {logging_mixin.py:190} INFO - [2025-01-08T14:21:12.368+0000] {dagbag.py:588} INFO - Filling up the DagBag from /home/airflow/.local/lib/python3.12/site-packages/airflow/example_dags/example_dynamic_task_mapping_with_no_taskflow_operators.py
[2025-01-08T14:21:12.445+0000] {processor.py:925} INFO - DAG(s) 'example_dynamic_task_mapping_with_no_taskflow_operators' retrieved from /home/airflow/.local/lib/python3.12/site-packages/airflow/example_dags/example_dynamic_task_mapping_with_no_taskflow_operators.py
[2025-01-08T14:21:13.311+0000] {logging_mixin.py:190} INFO - [2025-01-08T14:21:13.310+0000] {override.py:1911} INFO - Created Permission View: can read on DAG:example_dynamic_task_mapping_with_no_taskflow_operators
[2025-01-08T14:21:13.513+0000] {logging_mixin.py:190} INFO - [2025-01-08T14:21:13.512+0000] {override.py:1911} INFO - Created Permission View: can edit on DAG:example_dynamic_task_mapping_with_no_taskflow_operators
[2025-01-08T14:21:13.681+0000] {logging_mixin.py:190} INFO - [2025-01-08T14:21:13.680+0000] {override.py:1911} INFO - Created Permission View: can delete on DAG:example_dynamic_task_mapping_with_no_taskflow_operators
[2025-01-08T14:21:14.119+0000] {logging_mixin.py:190} INFO - [2025-01-08T14:21:14.118+0000] {override.py:1911} INFO - Created Permission View: can create on DAG Run:example_dynamic_task_mapping_with_no_taskflow_operators
[2025-01-08T14:21:14.261+0000] {logging_mixin.py:190} INFO - [2025-01-08T14:21:14.260+0000] {override.py:1911} INFO - Created Permission View: can read on DAG Run:example_dynamic_task_mapping_with_no_taskflow_operators
[2025-01-08T14:21:14.560+0000] {logging_mixin.py:190} INFO - [2025-01-08T14:21:14.560+0000] {override.py:1911} INFO - Created Permission View: can delete on DAG Run:example_dynamic_task_mapping_with_no_taskflow_operators
[2025-01-08T14:21:14.908+0000] {logging_mixin.py:190} INFO - [2025-01-08T14:21:14.906+0000] {override.py:1911} INFO - Created Permission View: menu access on DAG Run:example_dynamic_task_mapping_with_no_taskflow_operators
[2025-01-08T14:21:14.910+0000] {logging_mixin.py:190} INFO - [2025-01-08T14:21:14.910+0000] {dag.py:3239} INFO - Sync 1 DAGs
[2025-01-08T14:21:15.053+0000] {logging_mixin.py:190} INFO - [2025-01-08T14:21:15.053+0000] {dag.py:3262} INFO - Creating ORM DAG for example_dynamic_task_mapping_with_no_taskflow_operators
[2025-01-08T14:21:15.062+0000] {logging_mixin.py:190} INFO - [2025-01-08T14:21:15.061+0000] {dag.py:4180} INFO - Setting next_dagrun for example_dynamic_task_mapping_with_no_taskflow_operators to None, run_after=None
[2025-01-08T14:21:15.562+0000] {processor.py:208} INFO - Processing /home/airflow/.local/lib/python3.12/site-packages/airflow/example_dags/example_dynamic_task_mapping_with_no_taskflow_operators.py took 3.334 seconds
[2025-01-08T14:22:01.472+0000] {processor.py:186} INFO - Started process (PID=210) to work on /home/airflow/.local/lib/python3.12/site-packages/airflow/example_dags/example_dynamic_task_mapping_with_no_taskflow_operators.py
[2025-01-08T14:22:01.509+0000] {processor.py:914} INFO - Processing file /home/airflow/.local/lib/python3.12/site-packages/airflow/example_dags/example_dynamic_task_mapping_with_no_taskflow_operators.py for tasks to queue
[2025-01-08T14:22:01.512+0000] {logging_mixin.py:190} INFO - [2025-01-08T14:22:01.512+0000] {dagbag.py:588} INFO - Filling up the DagBag from /home/airflow/.local/lib/python3.12/site-packages/airflow/example_dags/example_dynamic_task_mapping_with_no_taskflow_operators.py
[2025-01-08T14:22:01.545+0000] {processor.py:925} INFO - DAG(s) 'example_dynamic_task_mapping_with_no_taskflow_operators' retrieved from /home/airflow/.local/lib/python3.12/site-packages/airflow/example_dags/example_dynamic_task_mapping_with_no_taskflow_operators.py
[2025-01-08T14:22:01.602+0000] {logging_mixin.py:190} INFO - [2025-01-08T14:22:01.602+0000] {dag.py:3239} INFO - Sync 1 DAGs
[2025-01-08T14:22:01.649+0000] {logging_mixin.py:190} INFO - [2025-01-08T14:22:01.649+0000] {dag.py:4180} INFO - Setting next_dagrun for example_dynamic_task_mapping_with_no_taskflow_operators to None, run_after=None
[2025-01-08T14:22:01.722+0000] {processor.py:208} INFO - Processing /home/airflow/.local/lib/python3.12/site-packages/airflow/example_dags/example_dynamic_task_mapping_with_no_taskflow_operators.py took 0.256 seconds
