[2025-01-08T14:20:39.140+0000] {processor.py:186} INFO - Started process (PID=111) to work on /home/airflow/.local/lib/python3.12/site-packages/airflow/example_dags/example_branch_operator_decorator.py
[2025-01-08T14:20:39.141+0000] {processor.py:914} INFO - Processing file /home/airflow/.local/lib/python3.12/site-packages/airflow/example_dags/example_branch_operator_decorator.py for tasks to queue
[2025-01-08T14:20:39.144+0000] {logging_mixin.py:190} INFO - [2025-01-08T14:20:39.143+0000] {dagbag.py:588} INFO - Filling up the DagBag from /home/airflow/.local/lib/python3.12/site-packages/airflow/example_dags/example_branch_operator_decorator.py
[2025-01-08T14:20:39.281+0000] {processor.py:925} INFO - DAG(s) 'example_branch_python_operator_decorator' retrieved from /home/airflow/.local/lib/python3.12/site-packages/airflow/example_dags/example_branch_operator_decorator.py
[2025-01-08T14:20:40.424+0000] {logging_mixin.py:190} INFO - [2025-01-08T14:20:40.416+0000] {override.py:1911} INFO - Created Permission View: can read on DAG:example_branch_python_operator_decorator
[2025-01-08T14:20:40.552+0000] {logging_mixin.py:190} INFO - [2025-01-08T14:20:40.546+0000] {override.py:1911} INFO - Created Permission View: can edit on DAG:example_branch_python_operator_decorator
[2025-01-08T14:20:40.618+0000] {logging_mixin.py:190} INFO - [2025-01-08T14:20:40.617+0000] {override.py:1911} INFO - Created Permission View: can delete on DAG:example_branch_python_operator_decorator
[2025-01-08T14:20:40.630+0000] {logging_mixin.py:190} INFO - [2025-01-08T14:20:40.630+0000] {override.py:1911} INFO - Created Permission View: can create on DAG Run:example_branch_python_operator_decorator
[2025-01-08T14:20:40.778+0000] {logging_mixin.py:190} INFO - [2025-01-08T14:20:40.778+0000] {override.py:1911} INFO - Created Permission View: can read on DAG Run:example_branch_python_operator_decorator
[2025-01-08T14:20:40.794+0000] {logging_mixin.py:190} INFO - [2025-01-08T14:20:40.794+0000] {override.py:1911} INFO - Created Permission View: can delete on DAG Run:example_branch_python_operator_decorator
[2025-01-08T14:20:40.822+0000] {logging_mixin.py:190} INFO - [2025-01-08T14:20:40.822+0000] {override.py:1911} INFO - Created Permission View: menu access on DAG Run:example_branch_python_operator_decorator
[2025-01-08T14:20:40.823+0000] {logging_mixin.py:190} INFO - [2025-01-08T14:20:40.823+0000] {dag.py:3239} INFO - Sync 1 DAGs
[2025-01-08T14:20:40.946+0000] {logging_mixin.py:190} INFO - [2025-01-08T14:20:40.946+0000] {dag.py:3262} INFO - Creating ORM DAG for example_branch_python_operator_decorator
[2025-01-08T14:20:41.001+0000] {logging_mixin.py:190} INFO - [2025-01-08T14:20:41.001+0000] {dag.py:4180} INFO - Setting next_dagrun for example_branch_python_operator_decorator to 2025-01-07 00:00:00+00:00, run_after=2025-01-08 00:00:00+00:00
[2025-01-08T14:20:41.214+0000] {processor.py:208} INFO - Processing /home/airflow/.local/lib/python3.12/site-packages/airflow/example_dags/example_branch_operator_decorator.py took 2.123 seconds
[2025-01-08T14:21:55.080+0000] {processor.py:186} INFO - Started process (PID=179) to work on /home/airflow/.local/lib/python3.12/site-packages/airflow/example_dags/example_branch_operator_decorator.py
[2025-01-08T14:21:55.084+0000] {processor.py:914} INFO - Processing file /home/airflow/.local/lib/python3.12/site-packages/airflow/example_dags/example_branch_operator_decorator.py for tasks to queue
[2025-01-08T14:21:55.091+0000] {logging_mixin.py:190} INFO - [2025-01-08T14:21:55.090+0000] {dagbag.py:588} INFO - Filling up the DagBag from /home/airflow/.local/lib/python3.12/site-packages/airflow/example_dags/example_branch_operator_decorator.py
[2025-01-08T14:21:55.131+0000] {processor.py:925} INFO - DAG(s) 'example_branch_python_operator_decorator' retrieved from /home/airflow/.local/lib/python3.12/site-packages/airflow/example_dags/example_branch_operator_decorator.py
[2025-01-08T14:21:55.172+0000] {logging_mixin.py:190} INFO - [2025-01-08T14:21:55.172+0000] {dag.py:3239} INFO - Sync 1 DAGs
[2025-01-08T14:21:55.261+0000] {logging_mixin.py:190} INFO - [2025-01-08T14:21:55.260+0000] {dag.py:4180} INFO - Setting next_dagrun for example_branch_python_operator_decorator to 2025-01-07 00:00:00+00:00, run_after=2025-01-08 00:00:00+00:00
[2025-01-08T14:21:55.353+0000] {processor.py:208} INFO - Processing /home/airflow/.local/lib/python3.12/site-packages/airflow/example_dags/example_branch_operator_decorator.py took 0.343 seconds
