[2025-01-08T14:20:47.768+0000] {processor.py:186} INFO - Started process (PID=124) to work on /home/airflow/.local/lib/python3.12/site-packages/airflow/example_dags/example_task_group_decorator.py
[2025-01-08T14:20:47.777+0000] {processor.py:914} INFO - Processing file /home/airflow/.local/lib/python3.12/site-packages/airflow/example_dags/example_task_group_decorator.py for tasks to queue
[2025-01-08T14:20:47.792+0000] {logging_mixin.py:190} INFO - [2025-01-08T14:20:47.789+0000] {dagbag.py:588} INFO - Filling up the DagBag from /home/airflow/.local/lib/python3.12/site-packages/airflow/example_dags/example_task_group_decorator.py
[2025-01-08T14:20:47.870+0000] {processor.py:925} INFO - DAG(s) 'example_task_group_decorator' retrieved from /home/airflow/.local/lib/python3.12/site-packages/airflow/example_dags/example_task_group_decorator.py
[2025-01-08T14:20:48.487+0000] {logging_mixin.py:190} INFO - [2025-01-08T14:20:48.482+0000] {override.py:1911} INFO - Created Permission View: can read on DAG:example_task_group_decorator
[2025-01-08T14:20:48.567+0000] {logging_mixin.py:190} INFO - [2025-01-08T14:20:48.567+0000] {override.py:1911} INFO - Created Permission View: can edit on DAG:example_task_group_decorator
[2025-01-08T14:20:48.627+0000] {logging_mixin.py:190} INFO - [2025-01-08T14:20:48.625+0000] {override.py:1911} INFO - Created Permission View: can delete on DAG:example_task_group_decorator
[2025-01-08T14:20:48.789+0000] {logging_mixin.py:190} INFO - [2025-01-08T14:20:48.788+0000] {override.py:1911} INFO - Created Permission View: can create on DAG Run:example_task_group_decorator
[2025-01-08T14:20:48.824+0000] {logging_mixin.py:190} INFO - [2025-01-08T14:20:48.824+0000] {override.py:1911} INFO - Created Permission View: can read on DAG Run:example_task_group_decorator
[2025-01-08T14:20:48.848+0000] {logging_mixin.py:190} INFO - [2025-01-08T14:20:48.847+0000] {override.py:1911} INFO - Created Permission View: can delete on DAG Run:example_task_group_decorator
[2025-01-08T14:20:48.964+0000] {logging_mixin.py:190} INFO - [2025-01-08T14:20:48.963+0000] {override.py:1911} INFO - Created Permission View: menu access on DAG Run:example_task_group_decorator
[2025-01-08T14:20:48.965+0000] {logging_mixin.py:190} INFO - [2025-01-08T14:20:48.965+0000] {dag.py:3239} INFO - Sync 1 DAGs
[2025-01-08T14:20:49.021+0000] {logging_mixin.py:190} INFO - [2025-01-08T14:20:49.021+0000] {dag.py:3262} INFO - Creating ORM DAG for example_task_group_decorator
[2025-01-08T14:20:49.022+0000] {logging_mixin.py:190} INFO - [2025-01-08T14:20:49.022+0000] {dag.py:4180} INFO - Setting next_dagrun for example_task_group_decorator to None, run_after=None
[2025-01-08T14:20:49.173+0000] {processor.py:208} INFO - Processing /home/airflow/.local/lib/python3.12/site-packages/airflow/example_dags/example_task_group_decorator.py took 1.427 seconds
[2025-01-08T14:21:57.546+0000] {processor.py:186} INFO - Started process (PID=192) to work on /home/airflow/.local/lib/python3.12/site-packages/airflow/example_dags/example_task_group_decorator.py
[2025-01-08T14:21:57.551+0000] {processor.py:914} INFO - Processing file /home/airflow/.local/lib/python3.12/site-packages/airflow/example_dags/example_task_group_decorator.py for tasks to queue
[2025-01-08T14:21:57.555+0000] {logging_mixin.py:190} INFO - [2025-01-08T14:21:57.554+0000] {dagbag.py:588} INFO - Filling up the DagBag from /home/airflow/.local/lib/python3.12/site-packages/airflow/example_dags/example_task_group_decorator.py
[2025-01-08T14:21:57.583+0000] {processor.py:925} INFO - DAG(s) 'example_task_group_decorator' retrieved from /home/airflow/.local/lib/python3.12/site-packages/airflow/example_dags/example_task_group_decorator.py
[2025-01-08T14:21:57.680+0000] {logging_mixin.py:190} INFO - [2025-01-08T14:21:57.679+0000] {dag.py:3239} INFO - Sync 1 DAGs
[2025-01-08T14:21:57.718+0000] {logging_mixin.py:190} INFO - [2025-01-08T14:21:57.717+0000] {dag.py:4180} INFO - Setting next_dagrun for example_task_group_decorator to None, run_after=None
[2025-01-08T14:21:57.835+0000] {processor.py:208} INFO - Processing /home/airflow/.local/lib/python3.12/site-packages/airflow/example_dags/example_task_group_decorator.py took 0.302 seconds
