[2025-01-08T14:20:51.946+0000] {processor.py:186} INFO - Started process (PID=129) to work on /home/airflow/.local/lib/python3.12/site-packages/airflow/example_dags/example_display_name.py
[2025-01-08T14:20:51.968+0000] {processor.py:914} INFO - Processing file /home/airflow/.local/lib/python3.12/site-packages/airflow/example_dags/example_display_name.py for tasks to queue
[2025-01-08T14:20:51.972+0000] {logging_mixin.py:190} INFO - [2025-01-08T14:20:51.971+0000] {dagbag.py:588} INFO - Filling up the DagBag from /home/airflow/.local/lib/python3.12/site-packages/airflow/example_dags/example_display_name.py
[2025-01-08T14:20:52.080+0000] {processor.py:925} INFO - DAG(s) 'example_display_name' retrieved from /home/airflow/.local/lib/python3.12/site-packages/airflow/example_dags/example_display_name.py
[2025-01-08T14:20:53.009+0000] {logging_mixin.py:190} INFO - [2025-01-08T14:20:53.008+0000] {override.py:1911} INFO - Created Permission View: can read on DAG:example_display_name
[2025-01-08T14:20:53.124+0000] {logging_mixin.py:190} INFO - [2025-01-08T14:20:53.123+0000] {override.py:1911} INFO - Created Permission View: can edit on DAG:example_display_name
[2025-01-08T14:20:53.158+0000] {logging_mixin.py:190} INFO - [2025-01-08T14:20:53.156+0000] {override.py:1911} INFO - Created Permission View: can delete on DAG:example_display_name
[2025-01-08T14:20:53.191+0000] {logging_mixin.py:190} INFO - [2025-01-08T14:20:53.191+0000] {override.py:1911} INFO - Created Permission View: can create on DAG Run:example_display_name
[2025-01-08T14:20:53.233+0000] {logging_mixin.py:190} INFO - [2025-01-08T14:20:53.232+0000] {override.py:1911} INFO - Created Permission View: can read on DAG Run:example_display_name
[2025-01-08T14:20:53.293+0000] {logging_mixin.py:190} INFO - [2025-01-08T14:20:53.293+0000] {override.py:1911} INFO - Created Permission View: can delete on DAG Run:example_display_name
[2025-01-08T14:20:53.346+0000] {logging_mixin.py:190} INFO - [2025-01-08T14:20:53.345+0000] {override.py:1911} INFO - Created Permission View: menu access on DAG Run:example_display_name
[2025-01-08T14:20:53.347+0000] {logging_mixin.py:190} INFO - [2025-01-08T14:20:53.346+0000] {dag.py:3239} INFO - Sync 1 DAGs
[2025-01-08T14:20:53.544+0000] {logging_mixin.py:190} INFO - [2025-01-08T14:20:53.543+0000] {dag.py:3262} INFO - Creating ORM DAG for example_display_name
[2025-01-08T14:20:53.597+0000] {logging_mixin.py:190} INFO - [2025-01-08T14:20:53.596+0000] {dag.py:4180} INFO - Setting next_dagrun for example_display_name to None, run_after=None
[2025-01-08T14:20:53.899+0000] {processor.py:208} INFO - Processing /home/airflow/.local/lib/python3.12/site-packages/airflow/example_dags/example_display_name.py took 1.971 seconds
[2025-01-08T14:21:58.333+0000] {processor.py:186} INFO - Started process (PID=197) to work on /home/airflow/.local/lib/python3.12/site-packages/airflow/example_dags/example_display_name.py
[2025-01-08T14:21:58.356+0000] {processor.py:914} INFO - Processing file /home/airflow/.local/lib/python3.12/site-packages/airflow/example_dags/example_display_name.py for tasks to queue
[2025-01-08T14:21:58.359+0000] {logging_mixin.py:190} INFO - [2025-01-08T14:21:58.359+0000] {dagbag.py:588} INFO - Filling up the DagBag from /home/airflow/.local/lib/python3.12/site-packages/airflow/example_dags/example_display_name.py
[2025-01-08T14:21:58.394+0000] {processor.py:925} INFO - DAG(s) 'example_display_name' retrieved from /home/airflow/.local/lib/python3.12/site-packages/airflow/example_dags/example_display_name.py
[2025-01-08T14:21:58.441+0000] {logging_mixin.py:190} INFO - [2025-01-08T14:21:58.440+0000] {dag.py:3239} INFO - Sync 1 DAGs
[2025-01-08T14:21:58.480+0000] {logging_mixin.py:190} INFO - [2025-01-08T14:21:58.480+0000] {dag.py:4180} INFO - Setting next_dagrun for example_display_name to None, run_after=None
[2025-01-08T14:21:58.567+0000] {processor.py:208} INFO - Processing /home/airflow/.local/lib/python3.12/site-packages/airflow/example_dags/example_display_name.py took 0.255 seconds
