[2025-01-08T14:20:47.106+0000] {processor.py:186} INFO - Started process (PID=123) to work on /home/airflow/.local/lib/python3.12/site-packages/airflow/example_dags/example_short_circuit_decorator.py
[2025-01-08T14:20:47.114+0000] {processor.py:914} INFO - Processing file /home/airflow/.local/lib/python3.12/site-packages/airflow/example_dags/example_short_circuit_decorator.py for tasks to queue
[2025-01-08T14:20:47.129+0000] {logging_mixin.py:190} INFO - [2025-01-08T14:20:47.128+0000] {dagbag.py:588} INFO - Filling up the DagBag from /home/airflow/.local/lib/python3.12/site-packages/airflow/example_dags/example_short_circuit_decorator.py
[2025-01-08T14:20:47.257+0000] {processor.py:925} INFO - DAG(s) 'example_short_circuit_decorator' retrieved from /home/airflow/.local/lib/python3.12/site-packages/airflow/example_dags/example_short_circuit_decorator.py
[2025-01-08T14:20:47.586+0000] {logging_mixin.py:190} INFO - [2025-01-08T14:20:47.583+0000] {override.py:1911} INFO - Created Permission View: can read on DAG:example_short_circuit_decorator
[2025-01-08T14:20:47.673+0000] {logging_mixin.py:190} INFO - [2025-01-08T14:20:47.672+0000] {override.py:1911} INFO - Created Permission View: can edit on DAG:example_short_circuit_decorator
[2025-01-08T14:20:47.725+0000] {logging_mixin.py:190} INFO - [2025-01-08T14:20:47.719+0000] {override.py:1911} INFO - Created Permission View: can delete on DAG:example_short_circuit_decorator
[2025-01-08T14:20:47.779+0000] {logging_mixin.py:190} INFO - [2025-01-08T14:20:47.777+0000] {override.py:1911} INFO - Created Permission View: can create on DAG Run:example_short_circuit_decorator
[2025-01-08T14:20:47.809+0000] {logging_mixin.py:190} INFO - [2025-01-08T14:20:47.808+0000] {override.py:1911} INFO - Created Permission View: can read on DAG Run:example_short_circuit_decorator
[2025-01-08T14:20:47.944+0000] {logging_mixin.py:190} INFO - [2025-01-08T14:20:47.944+0000] {override.py:1911} INFO - Created Permission View: can delete on DAG Run:example_short_circuit_decorator
[2025-01-08T14:20:47.986+0000] {logging_mixin.py:190} INFO - [2025-01-08T14:20:47.985+0000] {override.py:1911} INFO - Created Permission View: menu access on DAG Run:example_short_circuit_decorator
[2025-01-08T14:20:47.991+0000] {logging_mixin.py:190} INFO - [2025-01-08T14:20:47.990+0000] {dag.py:3239} INFO - Sync 1 DAGs
[2025-01-08T14:20:48.151+0000] {logging_mixin.py:190} INFO - [2025-01-08T14:20:48.151+0000] {dag.py:3262} INFO - Creating ORM DAG for example_short_circuit_decorator
[2025-01-08T14:20:48.164+0000] {logging_mixin.py:190} INFO - [2025-01-08T14:20:48.163+0000] {dag.py:4180} INFO - Setting next_dagrun for example_short_circuit_decorator to None, run_after=None
[2025-01-08T14:20:48.310+0000] {processor.py:208} INFO - Processing /home/airflow/.local/lib/python3.12/site-packages/airflow/example_dags/example_short_circuit_decorator.py took 1.213 seconds
[2025-01-08T14:21:57.206+0000] {processor.py:186} INFO - Started process (PID=191) to work on /home/airflow/.local/lib/python3.12/site-packages/airflow/example_dags/example_short_circuit_decorator.py
[2025-01-08T14:21:57.210+0000] {processor.py:914} INFO - Processing file /home/airflow/.local/lib/python3.12/site-packages/airflow/example_dags/example_short_circuit_decorator.py for tasks to queue
[2025-01-08T14:21:57.222+0000] {logging_mixin.py:190} INFO - [2025-01-08T14:21:57.217+0000] {dagbag.py:588} INFO - Filling up the DagBag from /home/airflow/.local/lib/python3.12/site-packages/airflow/example_dags/example_short_circuit_decorator.py
[2025-01-08T14:21:57.257+0000] {processor.py:925} INFO - DAG(s) 'example_short_circuit_decorator' retrieved from /home/airflow/.local/lib/python3.12/site-packages/airflow/example_dags/example_short_circuit_decorator.py
[2025-01-08T14:21:57.324+0000] {logging_mixin.py:190} INFO - [2025-01-08T14:21:57.324+0000] {dag.py:3239} INFO - Sync 1 DAGs
[2025-01-08T14:21:57.365+0000] {logging_mixin.py:190} INFO - [2025-01-08T14:21:57.365+0000] {dag.py:4180} INFO - Setting next_dagrun for example_short_circuit_decorator to None, run_after=None
[2025-01-08T14:21:57.483+0000] {processor.py:208} INFO - Processing /home/airflow/.local/lib/python3.12/site-packages/airflow/example_dags/example_short_circuit_decorator.py took 0.300 seconds
