[2025-01-08T14:20:51.232+0000] {processor.py:186} INFO - Started process (PID=128) to work on /home/airflow/.local/lib/python3.12/site-packages/airflow/example_dags/example_dataset_alias.py
[2025-01-08T14:20:51.233+0000] {processor.py:914} INFO - Processing file /home/airflow/.local/lib/python3.12/site-packages/airflow/example_dags/example_dataset_alias.py for tasks to queue
[2025-01-08T14:20:51.237+0000] {logging_mixin.py:190} INFO - [2025-01-08T14:20:51.237+0000] {dagbag.py:588} INFO - Filling up the DagBag from /home/airflow/.local/lib/python3.12/site-packages/airflow/example_dags/example_dataset_alias.py
[2025-01-08T14:20:56.254+0000] {processor.py:925} INFO - DAG(s) 'dataset_s3_bucket_producer', 'dataset_alias_example_alias_consumer', 'dataset_s3_bucket_consumer', 'dataset_alias_example_alias_producer' retrieved from /home/airflow/.local/lib/python3.12/site-packages/airflow/example_dags/example_dataset_alias.py
[2025-01-08T14:20:58.078+0000] {logging_mixin.py:190} INFO - [2025-01-08T14:20:58.077+0000] {override.py:1911} INFO - Created Permission View: can read on DAG:dataset_s3_bucket_producer
[2025-01-08T14:20:58.302+0000] {logging_mixin.py:190} INFO - [2025-01-08T14:20:58.286+0000] {override.py:1911} INFO - Created Permission View: can edit on DAG:dataset_s3_bucket_producer
[2025-01-08T14:20:58.598+0000] {logging_mixin.py:190} INFO - [2025-01-08T14:20:58.598+0000] {override.py:1911} INFO - Created Permission View: can delete on DAG:dataset_s3_bucket_producer
[2025-01-08T14:20:58.770+0000] {logging_mixin.py:190} INFO - [2025-01-08T14:20:58.770+0000] {override.py:1911} INFO - Created Permission View: can create on DAG Run:dataset_s3_bucket_producer
[2025-01-08T14:20:58.907+0000] {logging_mixin.py:190} INFO - [2025-01-08T14:20:58.907+0000] {override.py:1911} INFO - Created Permission View: can read on DAG Run:dataset_s3_bucket_producer
[2025-01-08T14:20:58.972+0000] {logging_mixin.py:190} INFO - [2025-01-08T14:20:58.970+0000] {override.py:1911} INFO - Created Permission View: can delete on DAG Run:dataset_s3_bucket_producer
[2025-01-08T14:20:59.074+0000] {logging_mixin.py:190} INFO - [2025-01-08T14:20:59.072+0000] {override.py:1911} INFO - Created Permission View: menu access on DAG Run:dataset_s3_bucket_producer
[2025-01-08T14:20:59.223+0000] {logging_mixin.py:190} INFO - [2025-01-08T14:20:59.223+0000] {override.py:1911} INFO - Created Permission View: can read on DAG:dataset_alias_example_alias_consumer
[2025-01-08T14:20:59.486+0000] {logging_mixin.py:190} INFO - [2025-01-08T14:20:59.485+0000] {override.py:1911} INFO - Created Permission View: can edit on DAG:dataset_alias_example_alias_consumer
[2025-01-08T14:20:59.603+0000] {logging_mixin.py:190} INFO - [2025-01-08T14:20:59.599+0000] {override.py:1911} INFO - Created Permission View: can delete on DAG:dataset_alias_example_alias_consumer
[2025-01-08T14:20:59.816+0000] {logging_mixin.py:190} INFO - [2025-01-08T14:20:59.814+0000] {override.py:1911} INFO - Created Permission View: can create on DAG Run:dataset_alias_example_alias_consumer
[2025-01-08T14:20:59.880+0000] {logging_mixin.py:190} INFO - [2025-01-08T14:20:59.880+0000] {override.py:1911} INFO - Created Permission View: can read on DAG Run:dataset_alias_example_alias_consumer
[2025-01-08T14:20:59.970+0000] {logging_mixin.py:190} INFO - [2025-01-08T14:20:59.964+0000] {override.py:1911} INFO - Created Permission View: can delete on DAG Run:dataset_alias_example_alias_consumer
[2025-01-08T14:21:00.116+0000] {logging_mixin.py:190} INFO - [2025-01-08T14:21:00.110+0000] {override.py:1911} INFO - Created Permission View: menu access on DAG Run:dataset_alias_example_alias_consumer
[2025-01-08T14:21:00.594+0000] {logging_mixin.py:190} INFO - [2025-01-08T14:21:00.591+0000] {override.py:1911} INFO - Created Permission View: can read on DAG:dataset_s3_bucket_consumer
[2025-01-08T14:21:00.697+0000] {logging_mixin.py:190} INFO - [2025-01-08T14:21:00.697+0000] {override.py:1911} INFO - Created Permission View: can edit on DAG:dataset_s3_bucket_consumer
[2025-01-08T14:21:00.777+0000] {logging_mixin.py:190} INFO - [2025-01-08T14:21:00.775+0000] {override.py:1911} INFO - Created Permission View: can delete on DAG:dataset_s3_bucket_consumer
[2025-01-08T14:21:00.985+0000] {logging_mixin.py:190} INFO - [2025-01-08T14:21:00.982+0000] {override.py:1911} INFO - Created Permission View: can create on DAG Run:dataset_s3_bucket_consumer
[2025-01-08T14:21:01.235+0000] {logging_mixin.py:190} INFO - [2025-01-08T14:21:01.234+0000] {override.py:1911} INFO - Created Permission View: can read on DAG Run:dataset_s3_bucket_consumer
[2025-01-08T14:21:01.387+0000] {logging_mixin.py:190} INFO - [2025-01-08T14:21:01.361+0000] {override.py:1911} INFO - Created Permission View: can delete on DAG Run:dataset_s3_bucket_consumer
[2025-01-08T14:21:01.628+0000] {logging_mixin.py:190} INFO - [2025-01-08T14:21:01.627+0000] {override.py:1911} INFO - Created Permission View: menu access on DAG Run:dataset_s3_bucket_consumer
[2025-01-08T14:21:01.906+0000] {logging_mixin.py:190} INFO - [2025-01-08T14:21:01.905+0000] {override.py:1911} INFO - Created Permission View: can read on DAG:dataset_alias_example_alias_producer
[2025-01-08T14:21:01.938+0000] {logging_mixin.py:190} INFO - [2025-01-08T14:21:01.936+0000] {override.py:1911} INFO - Created Permission View: can edit on DAG:dataset_alias_example_alias_producer
[2025-01-08T14:21:02.001+0000] {logging_mixin.py:190} INFO - [2025-01-08T14:21:01.999+0000] {override.py:1911} INFO - Created Permission View: can delete on DAG:dataset_alias_example_alias_producer
[2025-01-08T14:21:02.107+0000] {logging_mixin.py:190} INFO - [2025-01-08T14:21:02.106+0000] {override.py:1911} INFO - Created Permission View: can create on DAG Run:dataset_alias_example_alias_producer
[2025-01-08T14:21:02.181+0000] {logging_mixin.py:190} INFO - [2025-01-08T14:21:02.179+0000] {override.py:1911} INFO - Created Permission View: can read on DAG Run:dataset_alias_example_alias_producer
[2025-01-08T14:21:02.318+0000] {logging_mixin.py:190} INFO - [2025-01-08T14:21:02.317+0000] {override.py:1911} INFO - Created Permission View: can delete on DAG Run:dataset_alias_example_alias_producer
[2025-01-08T14:21:02.390+0000] {logging_mixin.py:190} INFO - [2025-01-08T14:21:02.387+0000] {override.py:1911} INFO - Created Permission View: menu access on DAG Run:dataset_alias_example_alias_producer
[2025-01-08T14:21:02.460+0000] {logging_mixin.py:190} INFO - [2025-01-08T14:21:02.423+0000] {dag.py:3239} INFO - Sync 4 DAGs
[2025-01-08T14:21:02.546+0000] {logging_mixin.py:190} INFO - [2025-01-08T14:21:02.545+0000] {dag.py:3262} INFO - Creating ORM DAG for dataset_s3_bucket_producer
[2025-01-08T14:21:02.561+0000] {logging_mixin.py:190} INFO - [2025-01-08T14:21:02.561+0000] {dag.py:3262} INFO - Creating ORM DAG for dataset_alias_example_alias_consumer
[2025-01-08T14:21:02.609+0000] {logging_mixin.py:190} INFO - [2025-01-08T14:21:02.609+0000] {dag.py:3262} INFO - Creating ORM DAG for dataset_s3_bucket_consumer
[2025-01-08T14:21:02.643+0000] {logging_mixin.py:190} INFO - [2025-01-08T14:21:02.619+0000] {dag.py:3262} INFO - Creating ORM DAG for dataset_alias_example_alias_producer
[2025-01-08T14:21:02.826+0000] {logging_mixin.py:190} INFO - [2025-01-08T14:21:02.826+0000] {dag.py:4180} INFO - Setting next_dagrun for dataset_alias_example_alias_consumer to None, run_after=None
[2025-01-08T14:21:02.828+0000] {logging_mixin.py:190} INFO - [2025-01-08T14:21:02.828+0000] {dag.py:4180} INFO - Setting next_dagrun for dataset_alias_example_alias_producer to None, run_after=None
[2025-01-08T14:21:02.829+0000] {logging_mixin.py:190} INFO - [2025-01-08T14:21:02.828+0000] {dag.py:4180} INFO - Setting next_dagrun for dataset_s3_bucket_consumer to None, run_after=None
[2025-01-08T14:21:02.830+0000] {logging_mixin.py:190} INFO - [2025-01-08T14:21:02.829+0000] {dag.py:4180} INFO - Setting next_dagrun for dataset_s3_bucket_producer to None, run_after=None
[2025-01-08T14:21:03.132+0000] {processor.py:208} INFO - Processing /home/airflow/.local/lib/python3.12/site-packages/airflow/example_dags/example_dataset_alias.py took 11.959 seconds
[2025-01-08T14:21:58.308+0000] {processor.py:186} INFO - Started process (PID=196) to work on /home/airflow/.local/lib/python3.12/site-packages/airflow/example_dags/example_dataset_alias.py
[2025-01-08T14:21:58.318+0000] {processor.py:914} INFO - Processing file /home/airflow/.local/lib/python3.12/site-packages/airflow/example_dags/example_dataset_alias.py for tasks to queue
[2025-01-08T14:21:58.326+0000] {logging_mixin.py:190} INFO - [2025-01-08T14:21:58.326+0000] {dagbag.py:588} INFO - Filling up the DagBag from /home/airflow/.local/lib/python3.12/site-packages/airflow/example_dags/example_dataset_alias.py
[2025-01-08T14:22:00.097+0000] {processor.py:925} INFO - DAG(s) 'dataset_s3_bucket_producer', 'dataset_alias_example_alias_consumer', 'dataset_s3_bucket_consumer', 'dataset_alias_example_alias_producer' retrieved from /home/airflow/.local/lib/python3.12/site-packages/airflow/example_dags/example_dataset_alias.py
[2025-01-08T14:22:00.221+0000] {logging_mixin.py:190} INFO - [2025-01-08T14:22:00.219+0000] {dag.py:3239} INFO - Sync 4 DAGs
[2025-01-08T14:22:00.270+0000] {logging_mixin.py:190} INFO - [2025-01-08T14:22:00.270+0000] {dag.py:4180} INFO - Setting next_dagrun for dataset_alias_example_alias_consumer to None, run_after=None
[2025-01-08T14:22:00.294+0000] {logging_mixin.py:190} INFO - [2025-01-08T14:22:00.293+0000] {dag.py:4180} INFO - Setting next_dagrun for dataset_alias_example_alias_producer to None, run_after=None
[2025-01-08T14:22:00.322+0000] {logging_mixin.py:190} INFO - [2025-01-08T14:22:00.322+0000] {dag.py:4180} INFO - Setting next_dagrun for dataset_s3_bucket_consumer to None, run_after=None
[2025-01-08T14:22:00.332+0000] {logging_mixin.py:190} INFO - [2025-01-08T14:22:00.332+0000] {dag.py:4180} INFO - Setting next_dagrun for dataset_s3_bucket_producer to None, run_after=None
[2025-01-08T14:22:00.487+0000] {processor.py:208} INFO - Processing /home/airflow/.local/lib/python3.12/site-packages/airflow/example_dags/example_dataset_alias.py took 2.193 seconds
