[2025-01-08T14:21:03.497+0000] {processor.py:186} INFO - Started process (PID=138) to work on /home/airflow/.local/lib/python3.12/site-packages/airflow/example_dags/example_dataset_alias_with_no_taskflow.py
[2025-01-08T14:21:03.505+0000] {processor.py:914} INFO - Processing file /home/airflow/.local/lib/python3.12/site-packages/airflow/example_dags/example_dataset_alias_with_no_taskflow.py for tasks to queue
[2025-01-08T14:21:03.515+0000] {logging_mixin.py:190} INFO - [2025-01-08T14:21:03.515+0000] {dagbag.py:588} INFO - Filling up the DagBag from /home/airflow/.local/lib/python3.12/site-packages/airflow/example_dags/example_dataset_alias_with_no_taskflow.py
[2025-01-08T14:21:09.679+0000] {processor.py:925} INFO - DAG(s) 'dataset_alias_example_alias_producer_with_no_taskflow', 'dataset_s3_bucket_producer_with_no_taskflow', 'dataset_s3_bucket_consumer_with_no_taskflow', 'dataset_alias_example_alias_consumer_with_no_taskflow' retrieved from /home/airflow/.local/lib/python3.12/site-packages/airflow/example_dags/example_dataset_alias_with_no_taskflow.py
[2025-01-08T14:21:10.982+0000] {logging_mixin.py:190} INFO - [2025-01-08T14:21:10.981+0000] {override.py:1911} INFO - Created Permission View: can read on DAG:dataset_alias_example_alias_producer_with_no_taskflow
[2025-01-08T14:21:11.196+0000] {logging_mixin.py:190} INFO - [2025-01-08T14:21:11.189+0000] {override.py:1911} INFO - Created Permission View: can edit on DAG:dataset_alias_example_alias_producer_with_no_taskflow
[2025-01-08T14:21:11.317+0000] {logging_mixin.py:190} INFO - [2025-01-08T14:21:11.316+0000] {override.py:1911} INFO - Created Permission View: can delete on DAG:dataset_alias_example_alias_producer_with_no_taskflow
[2025-01-08T14:21:11.448+0000] {logging_mixin.py:190} INFO - [2025-01-08T14:21:11.447+0000] {override.py:1911} INFO - Created Permission View: can create on DAG Run:dataset_alias_example_alias_producer_with_no_taskflow
[2025-01-08T14:21:11.603+0000] {logging_mixin.py:190} INFO - [2025-01-08T14:21:11.602+0000] {override.py:1911} INFO - Created Permission View: can read on DAG Run:dataset_alias_example_alias_producer_with_no_taskflow
[2025-01-08T14:21:11.684+0000] {logging_mixin.py:190} INFO - [2025-01-08T14:21:11.640+0000] {override.py:1911} INFO - Created Permission View: can delete on DAG Run:dataset_alias_example_alias_producer_with_no_taskflow
[2025-01-08T14:21:11.791+0000] {logging_mixin.py:190} INFO - [2025-01-08T14:21:11.790+0000] {override.py:1911} INFO - Created Permission View: menu access on DAG Run:dataset_alias_example_alias_producer_with_no_taskflow
[2025-01-08T14:21:11.897+0000] {logging_mixin.py:190} INFO - [2025-01-08T14:21:11.887+0000] {override.py:1911} INFO - Created Permission View: can read on DAG:dataset_s3_bucket_producer_with_no_taskflow
[2025-01-08T14:21:11.973+0000] {logging_mixin.py:190} INFO - [2025-01-08T14:21:11.972+0000] {override.py:1911} INFO - Created Permission View: can edit on DAG:dataset_s3_bucket_producer_with_no_taskflow
[2025-01-08T14:21:12.172+0000] {logging_mixin.py:190} INFO - [2025-01-08T14:21:12.171+0000] {override.py:1911} INFO - Created Permission View: can delete on DAG:dataset_s3_bucket_producer_with_no_taskflow
[2025-01-08T14:21:12.366+0000] {logging_mixin.py:190} INFO - [2025-01-08T14:21:12.365+0000] {override.py:1911} INFO - Created Permission View: can create on DAG Run:dataset_s3_bucket_producer_with_no_taskflow
[2025-01-08T14:21:12.591+0000] {logging_mixin.py:190} INFO - [2025-01-08T14:21:12.590+0000] {override.py:1911} INFO - Created Permission View: can read on DAG Run:dataset_s3_bucket_producer_with_no_taskflow
[2025-01-08T14:21:12.797+0000] {logging_mixin.py:190} INFO - [2025-01-08T14:21:12.797+0000] {override.py:1911} INFO - Created Permission View: can delete on DAG Run:dataset_s3_bucket_producer_with_no_taskflow
[2025-01-08T14:21:12.907+0000] {logging_mixin.py:190} INFO - [2025-01-08T14:21:12.907+0000] {override.py:1911} INFO - Created Permission View: menu access on DAG Run:dataset_s3_bucket_producer_with_no_taskflow
[2025-01-08T14:21:13.449+0000] {logging_mixin.py:190} INFO - [2025-01-08T14:21:13.449+0000] {override.py:1911} INFO - Created Permission View: can read on DAG:dataset_s3_bucket_consumer_with_no_taskflow
[2025-01-08T14:21:13.611+0000] {logging_mixin.py:190} INFO - [2025-01-08T14:21:13.610+0000] {override.py:1911} INFO - Created Permission View: can edit on DAG:dataset_s3_bucket_consumer_with_no_taskflow
[2025-01-08T14:21:13.780+0000] {logging_mixin.py:190} INFO - [2025-01-08T14:21:13.779+0000] {override.py:1911} INFO - Created Permission View: can delete on DAG:dataset_s3_bucket_consumer_with_no_taskflow
[2025-01-08T14:21:14.161+0000] {logging_mixin.py:190} INFO - [2025-01-08T14:21:14.159+0000] {override.py:1911} INFO - Created Permission View: can create on DAG Run:dataset_s3_bucket_consumer_with_no_taskflow
[2025-01-08T14:21:14.409+0000] {logging_mixin.py:190} INFO - [2025-01-08T14:21:14.408+0000] {override.py:1911} INFO - Created Permission View: can read on DAG Run:dataset_s3_bucket_consumer_with_no_taskflow
[2025-01-08T14:21:14.661+0000] {logging_mixin.py:190} INFO - [2025-01-08T14:21:14.660+0000] {override.py:1911} INFO - Created Permission View: can delete on DAG Run:dataset_s3_bucket_consumer_with_no_taskflow
[2025-01-08T14:21:15.041+0000] {logging_mixin.py:190} INFO - [2025-01-08T14:21:15.038+0000] {override.py:1911} INFO - Created Permission View: menu access on DAG Run:dataset_s3_bucket_consumer_with_no_taskflow
[2025-01-08T14:21:16.041+0000] {logging_mixin.py:190} INFO - [2025-01-08T14:21:16.040+0000] {override.py:1911} INFO - Created Permission View: can read on DAG:dataset_alias_example_alias_consumer_with_no_taskflow
[2025-01-08T14:21:17.253+0000] {logging_mixin.py:190} INFO - [2025-01-08T14:21:17.252+0000] {override.py:1911} INFO - Created Permission View: can edit on DAG:dataset_alias_example_alias_consumer_with_no_taskflow
[2025-01-08T14:21:19.311+0000] {logging_mixin.py:190} INFO - [2025-01-08T14:21:19.310+0000] {override.py:1911} INFO - Created Permission View: can delete on DAG:dataset_alias_example_alias_consumer_with_no_taskflow
[2025-01-08T14:21:23.582+0000] {logging_mixin.py:190} INFO - [2025-01-08T14:21:23.581+0000] {override.py:1911} INFO - Created Permission View: can create on DAG Run:dataset_alias_example_alias_consumer_with_no_taskflow
[2025-01-08T14:21:24.343+0000] {logging_mixin.py:190} INFO - [2025-01-08T14:21:24.343+0000] {override.py:1911} INFO - Created Permission View: can read on DAG Run:dataset_alias_example_alias_consumer_with_no_taskflow
[2025-01-08T14:21:25.663+0000] {logging_mixin.py:190} INFO - [2025-01-08T14:21:25.663+0000] {override.py:1911} INFO - Created Permission View: can delete on DAG Run:dataset_alias_example_alias_consumer_with_no_taskflow
[2025-01-08T14:21:27.103+0000] {logging_mixin.py:190} INFO - [2025-01-08T14:21:27.102+0000] {override.py:1911} INFO - Created Permission View: menu access on DAG Run:dataset_alias_example_alias_consumer_with_no_taskflow
[2025-01-08T14:21:27.104+0000] {logging_mixin.py:190} INFO - [2025-01-08T14:21:27.104+0000] {dag.py:3239} INFO - Sync 4 DAGs
[2025-01-08T14:21:27.225+0000] {logging_mixin.py:190} INFO - [2025-01-08T14:21:27.224+0000] {dag.py:3262} INFO - Creating ORM DAG for dataset_s3_bucket_producer_with_no_taskflow
[2025-01-08T14:21:27.228+0000] {logging_mixin.py:190} INFO - [2025-01-08T14:21:27.228+0000] {dag.py:3262} INFO - Creating ORM DAG for dataset_alias_example_alias_consumer_with_no_taskflow
[2025-01-08T14:21:27.229+0000] {logging_mixin.py:190} INFO - [2025-01-08T14:21:27.229+0000] {dag.py:3262} INFO - Creating ORM DAG for dataset_alias_example_alias_producer_with_no_taskflow
[2025-01-08T14:21:27.230+0000] {logging_mixin.py:190} INFO - [2025-01-08T14:21:27.230+0000] {dag.py:3262} INFO - Creating ORM DAG for dataset_s3_bucket_consumer_with_no_taskflow
[2025-01-08T14:21:27.272+0000] {logging_mixin.py:190} INFO - [2025-01-08T14:21:27.271+0000] {dag.py:4180} INFO - Setting next_dagrun for dataset_alias_example_alias_consumer_with_no_taskflow to None, run_after=None
[2025-01-08T14:21:27.278+0000] {logging_mixin.py:190} INFO - [2025-01-08T14:21:27.277+0000] {dag.py:4180} INFO - Setting next_dagrun for dataset_alias_example_alias_producer_with_no_taskflow to None, run_after=None
[2025-01-08T14:21:27.280+0000] {logging_mixin.py:190} INFO - [2025-01-08T14:21:27.279+0000] {dag.py:4180} INFO - Setting next_dagrun for dataset_s3_bucket_consumer_with_no_taskflow to None, run_after=None
[2025-01-08T14:21:27.360+0000] {logging_mixin.py:190} INFO - [2025-01-08T14:21:27.360+0000] {dag.py:4180} INFO - Setting next_dagrun for dataset_s3_bucket_producer_with_no_taskflow to None, run_after=None
[2025-01-08T14:21:28.637+0000] {processor.py:208} INFO - Processing /home/airflow/.local/lib/python3.12/site-packages/airflow/example_dags/example_dataset_alias_with_no_taskflow.py took 25.179 seconds
[2025-01-08T14:22:00.771+0000] {processor.py:186} INFO - Started process (PID=202) to work on /home/airflow/.local/lib/python3.12/site-packages/airflow/example_dags/example_dataset_alias_with_no_taskflow.py
[2025-01-08T14:22:00.806+0000] {processor.py:914} INFO - Processing file /home/airflow/.local/lib/python3.12/site-packages/airflow/example_dags/example_dataset_alias_with_no_taskflow.py for tasks to queue
[2025-01-08T14:22:00.821+0000] {logging_mixin.py:190} INFO - [2025-01-08T14:22:00.821+0000] {dagbag.py:588} INFO - Filling up the DagBag from /home/airflow/.local/lib/python3.12/site-packages/airflow/example_dags/example_dataset_alias_with_no_taskflow.py
[2025-01-08T14:22:02.205+0000] {processor.py:925} INFO - DAG(s) 'dataset_alias_example_alias_producer_with_no_taskflow', 'dataset_s3_bucket_producer_with_no_taskflow', 'dataset_s3_bucket_consumer_with_no_taskflow', 'dataset_alias_example_alias_consumer_with_no_taskflow' retrieved from /home/airflow/.local/lib/python3.12/site-packages/airflow/example_dags/example_dataset_alias_with_no_taskflow.py
[2025-01-08T14:22:02.278+0000] {logging_mixin.py:190} INFO - [2025-01-08T14:22:02.277+0000] {dag.py:3239} INFO - Sync 4 DAGs
[2025-01-08T14:22:02.326+0000] {logging_mixin.py:190} INFO - [2025-01-08T14:22:02.326+0000] {dag.py:4180} INFO - Setting next_dagrun for dataset_alias_example_alias_consumer_with_no_taskflow to None, run_after=None
[2025-01-08T14:22:02.329+0000] {logging_mixin.py:190} INFO - [2025-01-08T14:22:02.329+0000] {dag.py:4180} INFO - Setting next_dagrun for dataset_alias_example_alias_producer_with_no_taskflow to None, run_after=None
[2025-01-08T14:22:02.331+0000] {logging_mixin.py:190} INFO - [2025-01-08T14:22:02.331+0000] {dag.py:4180} INFO - Setting next_dagrun for dataset_s3_bucket_consumer_with_no_taskflow to None, run_after=None
[2025-01-08T14:22:02.339+0000] {logging_mixin.py:190} INFO - [2025-01-08T14:22:02.339+0000] {dag.py:4180} INFO - Setting next_dagrun for dataset_s3_bucket_producer_with_no_taskflow to None, run_after=None
[2025-01-08T14:22:02.400+0000] {processor.py:208} INFO - Processing /home/airflow/.local/lib/python3.12/site-packages/airflow/example_dags/example_dataset_alias_with_no_taskflow.py took 1.640 seconds
