[2025-01-08T14:19:19.270+0000] {processor.py:186} INFO - Started process (PID=78) to work on /home/airflow/.local/lib/python3.12/site-packages/airflow/example_dags/example_dag_decorator.py
[2025-01-08T14:19:19.322+0000] {processor.py:914} INFO - Processing file /home/airflow/.local/lib/python3.12/site-packages/airflow/example_dags/example_dag_decorator.py for tasks to queue
[2025-01-08T14:19:19.387+0000] {logging_mixin.py:190} INFO - [2025-01-08T14:19:19.386+0000] {dagbag.py:588} INFO - Filling up the DagBag from /home/airflow/.local/lib/python3.12/site-packages/airflow/example_dags/example_dag_decorator.py
[2025-01-08T14:19:19.704+0000] {processor.py:925} INFO - DAG(s) 'example_dag_decorator' retrieved from /home/airflow/.local/lib/python3.12/site-packages/airflow/example_dags/example_dag_decorator.py
[2025-01-08T14:19:22.027+0000] {logging_mixin.py:190} INFO - [2025-01-08T14:19:22.025+0000] {override.py:1911} INFO - Created Permission View: can read on DAG:example_dag_decorator
[2025-01-08T14:19:22.603+0000] {logging_mixin.py:190} INFO - [2025-01-08T14:19:22.588+0000] {override.py:1911} INFO - Created Permission View: can edit on DAG:example_dag_decorator
[2025-01-08T14:19:23.843+0000] {logging_mixin.py:190} INFO - [2025-01-08T14:19:23.841+0000] {override.py:1911} INFO - Created Permission View: can delete on DAG:example_dag_decorator
[2025-01-08T14:19:24.660+0000] {logging_mixin.py:190} INFO - [2025-01-08T14:19:24.659+0000] {override.py:1911} INFO - Created Permission View: can create on DAG Run:example_dag_decorator
[2025-01-08T14:19:25.625+0000] {logging_mixin.py:190} INFO - [2025-01-08T14:19:25.624+0000] {override.py:1911} INFO - Created Permission View: can read on DAG Run:example_dag_decorator
[2025-01-08T14:19:25.857+0000] {logging_mixin.py:190} INFO - [2025-01-08T14:19:25.853+0000] {override.py:1911} INFO - Created Permission View: can delete on DAG Run:example_dag_decorator
[2025-01-08T14:19:26.237+0000] {logging_mixin.py:190} INFO - [2025-01-08T14:19:26.237+0000] {override.py:1911} INFO - Created Permission View: menu access on DAG Run:example_dag_decorator
[2025-01-08T14:19:26.239+0000] {logging_mixin.py:190} INFO - [2025-01-08T14:19:26.238+0000] {dag.py:3239} INFO - Sync 1 DAGs
[2025-01-08T14:19:26.796+0000] {logging_mixin.py:190} INFO - [2025-01-08T14:19:26.795+0000] {dag.py:3262} INFO - Creating ORM DAG for example_dag_decorator
[2025-01-08T14:19:26.892+0000] {logging_mixin.py:190} INFO - [2025-01-08T14:19:26.872+0000] {dag.py:4180} INFO - Setting next_dagrun for example_dag_decorator to None, run_after=None
[2025-01-08T14:19:27.441+0000] {processor.py:208} INFO - Processing /home/airflow/.local/lib/python3.12/site-packages/airflow/example_dags/example_dag_decorator.py took 8.304 seconds
[2025-01-08T14:21:45.651+0000] {processor.py:186} INFO - Started process (PID=164) to work on /home/airflow/.local/lib/python3.12/site-packages/airflow/example_dags/example_dag_decorator.py
[2025-01-08T14:21:45.681+0000] {processor.py:914} INFO - Processing file /home/airflow/.local/lib/python3.12/site-packages/airflow/example_dags/example_dag_decorator.py for tasks to queue
[2025-01-08T14:21:45.684+0000] {logging_mixin.py:190} INFO - [2025-01-08T14:21:45.683+0000] {dagbag.py:588} INFO - Filling up the DagBag from /home/airflow/.local/lib/python3.12/site-packages/airflow/example_dags/example_dag_decorator.py
[2025-01-08T14:21:45.835+0000] {processor.py:925} INFO - DAG(s) 'example_dag_decorator' retrieved from /home/airflow/.local/lib/python3.12/site-packages/airflow/example_dags/example_dag_decorator.py
[2025-01-08T14:21:46.315+0000] {logging_mixin.py:190} INFO - [2025-01-08T14:21:46.315+0000] {dag.py:3239} INFO - Sync 1 DAGs
[2025-01-08T14:21:46.529+0000] {logging_mixin.py:190} INFO - [2025-01-08T14:21:46.529+0000] {dag.py:4180} INFO - Setting next_dagrun for example_dag_decorator to None, run_after=None
[2025-01-08T14:21:46.817+0000] {processor.py:208} INFO - Processing /home/airflow/.local/lib/python3.12/site-packages/airflow/example_dags/example_dag_decorator.py took 1.173 seconds
[2025-01-08T14:22:17.228+0000] {processor.py:186} INFO - Started process (PID=228) to work on /home/airflow/.local/lib/python3.12/site-packages/airflow/example_dags/example_dag_decorator.py
[2025-01-08T14:22:17.252+0000] {processor.py:914} INFO - Processing file /home/airflow/.local/lib/python3.12/site-packages/airflow/example_dags/example_dag_decorator.py for tasks to queue
[2025-01-08T14:22:17.262+0000] {logging_mixin.py:190} INFO - [2025-01-08T14:22:17.261+0000] {dagbag.py:588} INFO - Filling up the DagBag from /home/airflow/.local/lib/python3.12/site-packages/airflow/example_dags/example_dag_decorator.py
[2025-01-08T14:22:17.417+0000] {processor.py:925} INFO - DAG(s) 'example_dag_decorator' retrieved from /home/airflow/.local/lib/python3.12/site-packages/airflow/example_dags/example_dag_decorator.py
[2025-01-08T14:22:17.626+0000] {logging_mixin.py:190} INFO - [2025-01-08T14:22:17.626+0000] {dag.py:3239} INFO - Sync 1 DAGs
[2025-01-08T14:22:17.686+0000] {logging_mixin.py:190} INFO - [2025-01-08T14:22:17.686+0000] {dag.py:4180} INFO - Setting next_dagrun for example_dag_decorator to None, run_after=None
[2025-01-08T14:22:17.867+0000] {processor.py:208} INFO - Processing /home/airflow/.local/lib/python3.12/site-packages/airflow/example_dags/example_dag_decorator.py took 0.649 seconds
