[2025-01-08T14:20:26.466+0000] {processor.py:186} INFO - Started process (PID=101) to work on /home/airflow/.local/lib/python3.12/site-packages/airflow/example_dags/example_setup_teardown.py
[2025-01-08T14:20:26.530+0000] {processor.py:914} INFO - Processing file /home/airflow/.local/lib/python3.12/site-packages/airflow/example_dags/example_setup_teardown.py for tasks to queue
[2025-01-08T14:20:26.566+0000] {logging_mixin.py:190} INFO - [2025-01-08T14:20:26.556+0000] {dagbag.py:588} INFO - Filling up the DagBag from /home/airflow/.local/lib/python3.12/site-packages/airflow/example_dags/example_setup_teardown.py
[2025-01-08T14:20:26.778+0000] {processor.py:925} INFO - DAG(s) 'example_setup_teardown' retrieved from /home/airflow/.local/lib/python3.12/site-packages/airflow/example_dags/example_setup_teardown.py
[2025-01-08T14:20:28.144+0000] {logging_mixin.py:190} INFO - [2025-01-08T14:20:28.139+0000] {override.py:1911} INFO - Created Permission View: can read on DAG:example_setup_teardown
[2025-01-08T14:20:28.288+0000] {logging_mixin.py:190} INFO - [2025-01-08T14:20:28.287+0000] {override.py:1911} INFO - Created Permission View: can edit on DAG:example_setup_teardown
[2025-01-08T14:20:28.575+0000] {logging_mixin.py:190} INFO - [2025-01-08T14:20:28.574+0000] {override.py:1911} INFO - Created Permission View: can delete on DAG:example_setup_teardown
[2025-01-08T14:20:28.854+0000] {logging_mixin.py:190} INFO - [2025-01-08T14:20:28.850+0000] {override.py:1911} INFO - Created Permission View: can create on DAG Run:example_setup_teardown
[2025-01-08T14:20:28.958+0000] {logging_mixin.py:190} INFO - [2025-01-08T14:20:28.947+0000] {override.py:1911} INFO - Created Permission View: can read on DAG Run:example_setup_teardown
[2025-01-08T14:20:29.121+0000] {logging_mixin.py:190} INFO - [2025-01-08T14:20:29.120+0000] {override.py:1911} INFO - Created Permission View: can delete on DAG Run:example_setup_teardown
[2025-01-08T14:20:29.261+0000] {logging_mixin.py:190} INFO - [2025-01-08T14:20:29.260+0000] {override.py:1911} INFO - Created Permission View: menu access on DAG Run:example_setup_teardown
[2025-01-08T14:20:29.269+0000] {logging_mixin.py:190} INFO - [2025-01-08T14:20:29.269+0000] {dag.py:3239} INFO - Sync 1 DAGs
[2025-01-08T14:20:29.401+0000] {logging_mixin.py:190} INFO - [2025-01-08T14:20:29.399+0000] {dag.py:3262} INFO - Creating ORM DAG for example_setup_teardown
[2025-01-08T14:20:29.474+0000] {logging_mixin.py:190} INFO - [2025-01-08T14:20:29.460+0000] {dag.py:4180} INFO - Setting next_dagrun for example_setup_teardown to None, run_after=None
[2025-01-08T14:20:29.659+0000] {processor.py:208} INFO - Processing /home/airflow/.local/lib/python3.12/site-packages/airflow/example_dags/example_setup_teardown.py took 3.200 seconds
[2025-01-08T14:21:54.385+0000] {processor.py:186} INFO - Started process (PID=175) to work on /home/airflow/.local/lib/python3.12/site-packages/airflow/example_dags/example_setup_teardown.py
[2025-01-08T14:21:54.388+0000] {processor.py:914} INFO - Processing file /home/airflow/.local/lib/python3.12/site-packages/airflow/example_dags/example_setup_teardown.py for tasks to queue
[2025-01-08T14:21:54.390+0000] {logging_mixin.py:190} INFO - [2025-01-08T14:21:54.390+0000] {dagbag.py:588} INFO - Filling up the DagBag from /home/airflow/.local/lib/python3.12/site-packages/airflow/example_dags/example_setup_teardown.py
[2025-01-08T14:21:54.411+0000] {processor.py:925} INFO - DAG(s) 'example_setup_teardown' retrieved from /home/airflow/.local/lib/python3.12/site-packages/airflow/example_dags/example_setup_teardown.py
[2025-01-08T14:21:54.439+0000] {logging_mixin.py:190} INFO - [2025-01-08T14:21:54.439+0000] {dag.py:3239} INFO - Sync 1 DAGs
[2025-01-08T14:21:54.471+0000] {logging_mixin.py:190} INFO - [2025-01-08T14:21:54.470+0000] {dag.py:4180} INFO - Setting next_dagrun for example_setup_teardown to None, run_after=None
[2025-01-08T14:21:54.562+0000] {processor.py:208} INFO - Processing /home/airflow/.local/lib/python3.12/site-packages/airflow/example_dags/example_setup_teardown.py took 0.184 seconds
