[2025-01-08T14:21:33.191+0000] {processor.py:186} INFO - Started process (PID=151) to work on /home/airflow/.local/lib/python3.12/site-packages/airflow/example_dags/example_skip_dag.py
[2025-01-08T14:21:33.226+0000] {processor.py:914} INFO - Processing file /home/airflow/.local/lib/python3.12/site-packages/airflow/example_dags/example_skip_dag.py for tasks to queue
[2025-01-08T14:21:33.263+0000] {logging_mixin.py:190} INFO - [2025-01-08T14:21:33.262+0000] {dagbag.py:588} INFO - Filling up the DagBag from /home/airflow/.local/lib/python3.12/site-packages/airflow/example_dags/example_skip_dag.py
[2025-01-08T14:21:33.339+0000] {processor.py:925} INFO - DAG(s) 'example_skip_dag' retrieved from /home/airflow/.local/lib/python3.12/site-packages/airflow/example_dags/example_skip_dag.py
[2025-01-08T14:21:34.057+0000] {logging_mixin.py:190} INFO - [2025-01-08T14:21:34.056+0000] {override.py:1911} INFO - Created Permission View: can read on DAG:example_skip_dag
[2025-01-08T14:21:34.134+0000] {logging_mixin.py:190} INFO - [2025-01-08T14:21:34.133+0000] {override.py:1911} INFO - Created Permission View: can edit on DAG:example_skip_dag
[2025-01-08T14:21:34.265+0000] {logging_mixin.py:190} INFO - [2025-01-08T14:21:34.265+0000] {override.py:1911} INFO - Created Permission View: can delete on DAG:example_skip_dag
[2025-01-08T14:21:34.478+0000] {logging_mixin.py:190} INFO - [2025-01-08T14:21:34.475+0000] {override.py:1911} INFO - Created Permission View: can create on DAG Run:example_skip_dag
[2025-01-08T14:21:34.511+0000] {logging_mixin.py:190} INFO - [2025-01-08T14:21:34.510+0000] {override.py:1911} INFO - Created Permission View: can read on DAG Run:example_skip_dag
[2025-01-08T14:21:34.567+0000] {logging_mixin.py:190} INFO - [2025-01-08T14:21:34.565+0000] {override.py:1911} INFO - Created Permission View: can delete on DAG Run:example_skip_dag
[2025-01-08T14:21:34.711+0000] {logging_mixin.py:190} INFO - [2025-01-08T14:21:34.710+0000] {override.py:1911} INFO - Created Permission View: menu access on DAG Run:example_skip_dag
[2025-01-08T14:21:34.714+0000] {logging_mixin.py:190} INFO - [2025-01-08T14:21:34.711+0000] {dag.py:3239} INFO - Sync 1 DAGs
[2025-01-08T14:21:34.729+0000] {logging_mixin.py:190} INFO - [2025-01-08T14:21:34.729+0000] {dag.py:3262} INFO - Creating ORM DAG for example_skip_dag
[2025-01-08T14:21:34.783+0000] {logging_mixin.py:190} INFO - [2025-01-08T14:21:34.783+0000] {dag.py:4180} INFO - Setting next_dagrun for example_skip_dag to 2025-01-07 00:00:00+00:00, run_after=2025-01-08 00:00:00+00:00
[2025-01-08T14:21:35.178+0000] {processor.py:208} INFO - Processing /home/airflow/.local/lib/python3.12/site-packages/airflow/example_dags/example_skip_dag.py took 2.005 seconds
[2025-01-08T14:22:05.580+0000] {processor.py:186} INFO - Started process (PID=215) to work on /home/airflow/.local/lib/python3.12/site-packages/airflow/example_dags/example_skip_dag.py
[2025-01-08T14:22:05.582+0000] {processor.py:914} INFO - Processing file /home/airflow/.local/lib/python3.12/site-packages/airflow/example_dags/example_skip_dag.py for tasks to queue
[2025-01-08T14:22:05.614+0000] {logging_mixin.py:190} INFO - [2025-01-08T14:22:05.613+0000] {dagbag.py:588} INFO - Filling up the DagBag from /home/airflow/.local/lib/python3.12/site-packages/airflow/example_dags/example_skip_dag.py
[2025-01-08T14:22:05.623+0000] {processor.py:925} INFO - DAG(s) 'example_skip_dag' retrieved from /home/airflow/.local/lib/python3.12/site-packages/airflow/example_dags/example_skip_dag.py
[2025-01-08T14:22:05.653+0000] {logging_mixin.py:190} INFO - [2025-01-08T14:22:05.653+0000] {dag.py:3239} INFO - Sync 1 DAGs
[2025-01-08T14:22:05.692+0000] {logging_mixin.py:190} INFO - [2025-01-08T14:22:05.692+0000] {dag.py:4180} INFO - Setting next_dagrun for example_skip_dag to 2025-01-07 00:00:00+00:00, run_after=2025-01-08 00:00:00+00:00
[2025-01-08T14:22:05.731+0000] {processor.py:208} INFO - Processing /home/airflow/.local/lib/python3.12/site-packages/airflow/example_dags/example_skip_dag.py took 0.159 seconds
