[2025-01-08T14:19:41.990+0000] {processor.py:186} INFO - Started process (PID=90) to work on /home/airflow/.local/lib/python3.12/site-packages/airflow/example_dags/example_params_ui_tutorial.py
[2025-01-08T14:19:42.014+0000] {processor.py:914} INFO - Processing file /home/airflow/.local/lib/python3.12/site-packages/airflow/example_dags/example_params_ui_tutorial.py for tasks to queue
[2025-01-08T14:19:42.102+0000] {logging_mixin.py:190} INFO - [2025-01-08T14:19:42.100+0000] {dagbag.py:588} INFO - Filling up the DagBag from /home/airflow/.local/lib/python3.12/site-packages/airflow/example_dags/example_params_ui_tutorial.py
[2025-01-08T14:19:42.691+0000] {processor.py:925} INFO - DAG(s) 'example_params_ui_tutorial' retrieved from /home/airflow/.local/lib/python3.12/site-packages/airflow/example_dags/example_params_ui_tutorial.py
[2025-01-08T14:19:46.486+0000] {logging_mixin.py:190} INFO - [2025-01-08T14:19:46.482+0000] {override.py:1911} INFO - Created Permission View: can read on DAG:example_params_ui_tutorial
[2025-01-08T14:19:48.376+0000] {logging_mixin.py:190} INFO - [2025-01-08T14:19:48.374+0000] {override.py:1911} INFO - Created Permission View: can edit on DAG:example_params_ui_tutorial
[2025-01-08T14:19:48.973+0000] {logging_mixin.py:190} INFO - [2025-01-08T14:19:48.968+0000] {override.py:1911} INFO - Created Permission View: can delete on DAG:example_params_ui_tutorial
[2025-01-08T14:19:50.190+0000] {logging_mixin.py:190} INFO - [2025-01-08T14:19:50.189+0000] {override.py:1911} INFO - Created Permission View: can create on DAG Run:example_params_ui_tutorial
[2025-01-08T14:19:50.867+0000] {logging_mixin.py:190} INFO - [2025-01-08T14:19:50.867+0000] {override.py:1911} INFO - Created Permission View: can read on DAG Run:example_params_ui_tutorial
[2025-01-08T14:19:51.585+0000] {logging_mixin.py:190} INFO - [2025-01-08T14:19:51.581+0000] {override.py:1911} INFO - Created Permission View: can delete on DAG Run:example_params_ui_tutorial
[2025-01-08T14:19:52.037+0000] {logging_mixin.py:190} INFO - [2025-01-08T14:19:52.035+0000] {override.py:1911} INFO - Created Permission View: menu access on DAG Run:example_params_ui_tutorial
[2025-01-08T14:19:52.038+0000] {logging_mixin.py:190} INFO - [2025-01-08T14:19:52.038+0000] {dag.py:3239} INFO - Sync 1 DAGs
[2025-01-08T14:19:52.126+0000] {logging_mixin.py:190} INFO - [2025-01-08T14:19:52.126+0000] {dag.py:3262} INFO - Creating ORM DAG for example_params_ui_tutorial
[2025-01-08T14:19:52.128+0000] {logging_mixin.py:190} INFO - [2025-01-08T14:19:52.127+0000] {dag.py:4180} INFO - Setting next_dagrun for example_params_ui_tutorial to None, run_after=None
[2025-01-08T14:19:52.522+0000] {processor.py:208} INFO - Processing /home/airflow/.local/lib/python3.12/site-packages/airflow/example_dags/example_params_ui_tutorial.py took 10.599 seconds
[2025-01-08T14:21:49.660+0000] {processor.py:186} INFO - Started process (PID=170) to work on /home/airflow/.local/lib/python3.12/site-packages/airflow/example_dags/example_params_ui_tutorial.py
[2025-01-08T14:21:49.698+0000] {processor.py:914} INFO - Processing file /home/airflow/.local/lib/python3.12/site-packages/airflow/example_dags/example_params_ui_tutorial.py for tasks to queue
[2025-01-08T14:21:49.735+0000] {logging_mixin.py:190} INFO - [2025-01-08T14:21:49.735+0000] {dagbag.py:588} INFO - Filling up the DagBag from /home/airflow/.local/lib/python3.12/site-packages/airflow/example_dags/example_params_ui_tutorial.py
[2025-01-08T14:21:49.811+0000] {processor.py:925} INFO - DAG(s) 'example_params_ui_tutorial' retrieved from /home/airflow/.local/lib/python3.12/site-packages/airflow/example_dags/example_params_ui_tutorial.py
[2025-01-08T14:21:50.107+0000] {logging_mixin.py:190} INFO - [2025-01-08T14:21:50.107+0000] {dag.py:3239} INFO - Sync 1 DAGs
[2025-01-08T14:21:50.219+0000] {logging_mixin.py:190} INFO - [2025-01-08T14:21:50.218+0000] {dag.py:4180} INFO - Setting next_dagrun for example_params_ui_tutorial to None, run_after=None
[2025-01-08T14:21:50.649+0000] {processor.py:208} INFO - Processing /home/airflow/.local/lib/python3.12/site-packages/airflow/example_dags/example_params_ui_tutorial.py took 1.066 seconds
[2025-01-08T14:22:20.854+0000] {processor.py:186} INFO - Started process (PID=234) to work on /home/airflow/.local/lib/python3.12/site-packages/airflow/example_dags/example_params_ui_tutorial.py
[2025-01-08T14:22:20.856+0000] {processor.py:914} INFO - Processing file /home/airflow/.local/lib/python3.12/site-packages/airflow/example_dags/example_params_ui_tutorial.py for tasks to queue
[2025-01-08T14:22:20.860+0000] {logging_mixin.py:190} INFO - [2025-01-08T14:22:20.859+0000] {dagbag.py:588} INFO - Filling up the DagBag from /home/airflow/.local/lib/python3.12/site-packages/airflow/example_dags/example_params_ui_tutorial.py
[2025-01-08T14:22:20.873+0000] {processor.py:925} INFO - DAG(s) 'example_params_ui_tutorial' retrieved from /home/airflow/.local/lib/python3.12/site-packages/airflow/example_dags/example_params_ui_tutorial.py
[2025-01-08T14:22:20.932+0000] {logging_mixin.py:190} INFO - [2025-01-08T14:22:20.932+0000] {dag.py:3239} INFO - Sync 1 DAGs
[2025-01-08T14:22:20.949+0000] {logging_mixin.py:190} INFO - [2025-01-08T14:22:20.949+0000] {dag.py:4180} INFO - Setting next_dagrun for example_params_ui_tutorial to None, run_after=None
[2025-01-08T14:22:21.000+0000] {processor.py:208} INFO - Processing /home/airflow/.local/lib/python3.12/site-packages/airflow/example_dags/example_params_ui_tutorial.py took 0.159 seconds
