[2025-01-08T14:20:57.616+0000] {processor.py:186} INFO - Started process (PID=131) to work on /home/airflow/.local/lib/python3.12/site-packages/airflow/example_dags/example_latest_only_with_trigger.py
[2025-01-08T14:20:57.626+0000] {processor.py:914} INFO - Processing file /home/airflow/.local/lib/python3.12/site-packages/airflow/example_dags/example_latest_only_with_trigger.py for tasks to queue
[2025-01-08T14:20:57.653+0000] {logging_mixin.py:190} INFO - [2025-01-08T14:20:57.653+0000] {dagbag.py:588} INFO - Filling up the DagBag from /home/airflow/.local/lib/python3.12/site-packages/airflow/example_dags/example_latest_only_with_trigger.py
[2025-01-08T14:20:57.737+0000] {processor.py:925} INFO - DAG(s) 'latest_only_with_trigger' retrieved from /home/airflow/.local/lib/python3.12/site-packages/airflow/example_dags/example_latest_only_with_trigger.py
[2025-01-08T14:20:59.784+0000] {logging_mixin.py:190} INFO - [2025-01-08T14:20:59.765+0000] {override.py:1911} INFO - Created Permission View: can read on DAG:latest_only_with_trigger
[2025-01-08T14:20:59.938+0000] {logging_mixin.py:190} INFO - [2025-01-08T14:20:59.938+0000] {override.py:1911} INFO - Created Permission View: can edit on DAG:latest_only_with_trigger
[2025-01-08T14:20:59.978+0000] {logging_mixin.py:190} INFO - [2025-01-08T14:20:59.968+0000] {override.py:1911} INFO - Created Permission View: can delete on DAG:latest_only_with_trigger
[2025-01-08T14:21:00.125+0000] {logging_mixin.py:190} INFO - [2025-01-08T14:21:00.125+0000] {override.py:1911} INFO - Created Permission View: can create on DAG Run:latest_only_with_trigger
[2025-01-08T14:21:00.424+0000] {logging_mixin.py:190} INFO - [2025-01-08T14:21:00.420+0000] {override.py:1911} INFO - Created Permission View: can read on DAG Run:latest_only_with_trigger
[2025-01-08T14:21:00.585+0000] {logging_mixin.py:190} INFO - [2025-01-08T14:21:00.584+0000] {override.py:1911} INFO - Created Permission View: can delete on DAG Run:latest_only_with_trigger
[2025-01-08T14:21:00.777+0000] {logging_mixin.py:190} INFO - [2025-01-08T14:21:00.774+0000] {override.py:1911} INFO - Created Permission View: menu access on DAG Run:latest_only_with_trigger
[2025-01-08T14:21:00.781+0000] {logging_mixin.py:190} INFO - [2025-01-08T14:21:00.779+0000] {dag.py:3239} INFO - Sync 1 DAGs
[2025-01-08T14:21:01.105+0000] {logging_mixin.py:190} INFO - [2025-01-08T14:21:01.105+0000] {dag.py:3262} INFO - Creating ORM DAG for latest_only_with_trigger
[2025-01-08T14:21:01.308+0000] {logging_mixin.py:190} INFO - [2025-01-08T14:21:01.308+0000] {dag.py:4180} INFO - Setting next_dagrun for latest_only_with_trigger to 2025-01-08 08:00:00+00:00, run_after=2025-01-08 12:00:00+00:00
[2025-01-08T14:21:01.741+0000] {processor.py:208} INFO - Processing /home/airflow/.local/lib/python3.12/site-packages/airflow/example_dags/example_latest_only_with_trigger.py took 4.179 seconds
[2025-01-08T14:21:59.080+0000] {processor.py:186} INFO - Started process (PID=199) to work on /home/airflow/.local/lib/python3.12/site-packages/airflow/example_dags/example_latest_only_with_trigger.py
[2025-01-08T14:21:59.114+0000] {processor.py:914} INFO - Processing file /home/airflow/.local/lib/python3.12/site-packages/airflow/example_dags/example_latest_only_with_trigger.py for tasks to queue
[2025-01-08T14:21:59.117+0000] {logging_mixin.py:190} INFO - [2025-01-08T14:21:59.117+0000] {dagbag.py:588} INFO - Filling up the DagBag from /home/airflow/.local/lib/python3.12/site-packages/airflow/example_dags/example_latest_only_with_trigger.py
[2025-01-08T14:21:59.150+0000] {processor.py:925} INFO - DAG(s) 'latest_only_with_trigger' retrieved from /home/airflow/.local/lib/python3.12/site-packages/airflow/example_dags/example_latest_only_with_trigger.py
[2025-01-08T14:21:59.334+0000] {logging_mixin.py:190} INFO - [2025-01-08T14:21:59.334+0000] {dag.py:3239} INFO - Sync 1 DAGs
[2025-01-08T14:21:59.449+0000] {logging_mixin.py:190} INFO - [2025-01-08T14:21:59.449+0000] {dag.py:4180} INFO - Setting next_dagrun for latest_only_with_trigger to 2025-01-08 08:00:00+00:00, run_after=2025-01-08 12:00:00+00:00
[2025-01-08T14:21:59.532+0000] {processor.py:208} INFO - Processing /home/airflow/.local/lib/python3.12/site-packages/airflow/example_dags/example_latest_only_with_trigger.py took 0.458 seconds
