[2025-01-08T14:19:33.582+0000] {processor.py:186} INFO - Started process (PID=87) to work on /home/airflow/.local/lib/python3.12/site-packages/airflow/example_dags/example_branch_operator.py
[2025-01-08T14:19:33.636+0000] {processor.py:914} INFO - Processing file /home/airflow/.local/lib/python3.12/site-packages/airflow/example_dags/example_branch_operator.py for tasks to queue
[2025-01-08T14:19:33.722+0000] {logging_mixin.py:190} INFO - [2025-01-08T14:19:33.721+0000] {dagbag.py:588} INFO - Filling up the DagBag from /home/airflow/.local/lib/python3.12/site-packages/airflow/example_dags/example_branch_operator.py
[2025-01-08T14:19:33.893+0000] {processor.py:925} INFO - DAG(s) 'example_branch_operator' retrieved from /home/airflow/.local/lib/python3.12/site-packages/airflow/example_dags/example_branch_operator.py
[2025-01-08T14:19:36.303+0000] {logging_mixin.py:190} INFO - [2025-01-08T14:19:36.302+0000] {override.py:1911} INFO - Created Permission View: can read on DAG:example_branch_operator
[2025-01-08T14:19:36.378+0000] {logging_mixin.py:190} INFO - [2025-01-08T14:19:36.378+0000] {override.py:1911} INFO - Created Permission View: can edit on DAG:example_branch_operator
[2025-01-08T14:19:36.493+0000] {logging_mixin.py:190} INFO - [2025-01-08T14:19:36.493+0000] {override.py:1911} INFO - Created Permission View: can delete on DAG:example_branch_operator
[2025-01-08T14:19:36.748+0000] {logging_mixin.py:190} INFO - [2025-01-08T14:19:36.748+0000] {override.py:1911} INFO - Created Permission View: can create on DAG Run:example_branch_operator
[2025-01-08T14:19:36.939+0000] {logging_mixin.py:190} INFO - [2025-01-08T14:19:36.939+0000] {override.py:1911} INFO - Created Permission View: can read on DAG Run:example_branch_operator
[2025-01-08T14:19:37.075+0000] {logging_mixin.py:190} INFO - [2025-01-08T14:19:37.073+0000] {override.py:1911} INFO - Created Permission View: can delete on DAG Run:example_branch_operator
[2025-01-08T14:19:37.218+0000] {logging_mixin.py:190} INFO - [2025-01-08T14:19:37.217+0000] {override.py:1911} INFO - Created Permission View: menu access on DAG Run:example_branch_operator
[2025-01-08T14:19:37.223+0000] {logging_mixin.py:190} INFO - [2025-01-08T14:19:37.222+0000] {dag.py:3239} INFO - Sync 1 DAGs
[2025-01-08T14:19:37.749+0000] {logging_mixin.py:190} INFO - [2025-01-08T14:19:37.749+0000] {dag.py:3262} INFO - Creating ORM DAG for example_branch_operator
[2025-01-08T14:19:37.940+0000] {logging_mixin.py:190} INFO - [2025-01-08T14:19:37.926+0000] {dag.py:4180} INFO - Setting next_dagrun for example_branch_operator to 2025-01-07 00:00:00+00:00, run_after=2025-01-08 00:00:00+00:00
[2025-01-08T14:19:38.319+0000] {processor.py:208} INFO - Processing /home/airflow/.local/lib/python3.12/site-packages/airflow/example_dags/example_branch_operator.py took 4.743 seconds
[2025-01-08T14:21:47.594+0000] {processor.py:186} INFO - Started process (PID=167) to work on /home/airflow/.local/lib/python3.12/site-packages/airflow/example_dags/example_branch_operator.py
[2025-01-08T14:21:47.596+0000] {processor.py:914} INFO - Processing file /home/airflow/.local/lib/python3.12/site-packages/airflow/example_dags/example_branch_operator.py for tasks to queue
[2025-01-08T14:21:47.598+0000] {logging_mixin.py:190} INFO - [2025-01-08T14:21:47.598+0000] {dagbag.py:588} INFO - Filling up the DagBag from /home/airflow/.local/lib/python3.12/site-packages/airflow/example_dags/example_branch_operator.py
[2025-01-08T14:21:47.678+0000] {processor.py:925} INFO - DAG(s) 'example_branch_operator' retrieved from /home/airflow/.local/lib/python3.12/site-packages/airflow/example_dags/example_branch_operator.py
[2025-01-08T14:21:47.956+0000] {logging_mixin.py:190} INFO - [2025-01-08T14:21:47.956+0000] {dag.py:3239} INFO - Sync 1 DAGs
[2025-01-08T14:21:48.144+0000] {logging_mixin.py:190} INFO - [2025-01-08T14:21:48.144+0000] {dag.py:4180} INFO - Setting next_dagrun for example_branch_operator to 2025-01-07 00:00:00+00:00, run_after=2025-01-08 00:00:00+00:00
[2025-01-08T14:21:48.292+0000] {processor.py:208} INFO - Processing /home/airflow/.local/lib/python3.12/site-packages/airflow/example_dags/example_branch_operator.py took 0.799 seconds
[2025-01-08T14:22:18.605+0000] {processor.py:186} INFO - Started process (PID=231) to work on /home/airflow/.local/lib/python3.12/site-packages/airflow/example_dags/example_branch_operator.py
[2025-01-08T14:22:18.624+0000] {processor.py:914} INFO - Processing file /home/airflow/.local/lib/python3.12/site-packages/airflow/example_dags/example_branch_operator.py for tasks to queue
[2025-01-08T14:22:18.627+0000] {logging_mixin.py:190} INFO - [2025-01-08T14:22:18.627+0000] {dagbag.py:588} INFO - Filling up the DagBag from /home/airflow/.local/lib/python3.12/site-packages/airflow/example_dags/example_branch_operator.py
[2025-01-08T14:22:18.652+0000] {processor.py:925} INFO - DAG(s) 'example_branch_operator' retrieved from /home/airflow/.local/lib/python3.12/site-packages/airflow/example_dags/example_branch_operator.py
[2025-01-08T14:22:18.689+0000] {logging_mixin.py:190} INFO - [2025-01-08T14:22:18.688+0000] {dag.py:3239} INFO - Sync 1 DAGs
[2025-01-08T14:22:18.724+0000] {logging_mixin.py:190} INFO - [2025-01-08T14:22:18.724+0000] {dag.py:4180} INFO - Setting next_dagrun for example_branch_operator to 2025-01-07 00:00:00+00:00, run_after=2025-01-08 00:00:00+00:00
[2025-01-08T14:22:18.816+0000] {processor.py:208} INFO - Processing /home/airflow/.local/lib/python3.12/site-packages/airflow/example_dags/example_branch_operator.py took 0.218 seconds
