[2025-01-08T14:20:40.992+0000] {processor.py:186} INFO - Started process (PID=112) to work on /home/airflow/.local/lib/python3.12/site-packages/airflow/example_dags/example_task_group.py
[2025-01-08T14:20:41.028+0000] {processor.py:914} INFO - Processing file /home/airflow/.local/lib/python3.12/site-packages/airflow/example_dags/example_task_group.py for tasks to queue
[2025-01-08T14:20:41.054+0000] {logging_mixin.py:190} INFO - [2025-01-08T14:20:41.053+0000] {dagbag.py:588} INFO - Filling up the DagBag from /home/airflow/.local/lib/python3.12/site-packages/airflow/example_dags/example_task_group.py
[2025-01-08T14:20:41.095+0000] {processor.py:925} INFO - DAG(s) 'example_task_group' retrieved from /home/airflow/.local/lib/python3.12/site-packages/airflow/example_dags/example_task_group.py
[2025-01-08T14:20:41.444+0000] {logging_mixin.py:190} INFO - [2025-01-08T14:20:41.443+0000] {override.py:1911} INFO - Created Permission View: can read on DAG:example_task_group
[2025-01-08T14:20:41.526+0000] {logging_mixin.py:190} INFO - [2025-01-08T14:20:41.525+0000] {override.py:1911} INFO - Created Permission View: can edit on DAG:example_task_group
[2025-01-08T14:20:41.588+0000] {logging_mixin.py:190} INFO - [2025-01-08T14:20:41.585+0000] {override.py:1911} INFO - Created Permission View: can delete on DAG:example_task_group
[2025-01-08T14:20:41.644+0000] {logging_mixin.py:190} INFO - [2025-01-08T14:20:41.643+0000] {override.py:1911} INFO - Created Permission View: can create on DAG Run:example_task_group
[2025-01-08T14:20:41.702+0000] {logging_mixin.py:190} INFO - [2025-01-08T14:20:41.701+0000] {override.py:1911} INFO - Created Permission View: can read on DAG Run:example_task_group
[2025-01-08T14:20:41.779+0000] {logging_mixin.py:190} INFO - [2025-01-08T14:20:41.778+0000] {override.py:1911} INFO - Created Permission View: can delete on DAG Run:example_task_group
[2025-01-08T14:20:41.890+0000] {logging_mixin.py:190} INFO - [2025-01-08T14:20:41.889+0000] {override.py:1911} INFO - Created Permission View: menu access on DAG Run:example_task_group
[2025-01-08T14:20:41.890+0000] {logging_mixin.py:190} INFO - [2025-01-08T14:20:41.890+0000] {dag.py:3239} INFO - Sync 1 DAGs
[2025-01-08T14:20:41.996+0000] {logging_mixin.py:190} INFO - [2025-01-08T14:20:41.995+0000] {dag.py:3262} INFO - Creating ORM DAG for example_task_group
[2025-01-08T14:20:41.997+0000] {logging_mixin.py:190} INFO - [2025-01-08T14:20:41.997+0000] {dag.py:4180} INFO - Setting next_dagrun for example_task_group to None, run_after=None
[2025-01-08T14:20:42.110+0000] {processor.py:208} INFO - Processing /home/airflow/.local/lib/python3.12/site-packages/airflow/example_dags/example_task_group.py took 1.159 seconds
[2025-01-08T14:21:55.351+0000] {processor.py:186} INFO - Started process (PID=180) to work on /home/airflow/.local/lib/python3.12/site-packages/airflow/example_dags/example_task_group.py
[2025-01-08T14:21:55.351+0000] {processor.py:914} INFO - Processing file /home/airflow/.local/lib/python3.12/site-packages/airflow/example_dags/example_task_group.py for tasks to queue
[2025-01-08T14:21:55.360+0000] {logging_mixin.py:190} INFO - [2025-01-08T14:21:55.360+0000] {dagbag.py:588} INFO - Filling up the DagBag from /home/airflow/.local/lib/python3.12/site-packages/airflow/example_dags/example_task_group.py
[2025-01-08T14:21:55.377+0000] {processor.py:925} INFO - DAG(s) 'example_task_group' retrieved from /home/airflow/.local/lib/python3.12/site-packages/airflow/example_dags/example_task_group.py
[2025-01-08T14:21:55.455+0000] {logging_mixin.py:190} INFO - [2025-01-08T14:21:55.455+0000] {dag.py:3239} INFO - Sync 1 DAGs
[2025-01-08T14:21:55.530+0000] {logging_mixin.py:190} INFO - [2025-01-08T14:21:55.530+0000] {dag.py:4180} INFO - Setting next_dagrun for example_task_group to None, run_after=None
[2025-01-08T14:21:55.628+0000] {processor.py:208} INFO - Processing /home/airflow/.local/lib/python3.12/site-packages/airflow/example_dags/example_task_group.py took 0.294 seconds
