[2025-01-08T14:20:30.006+0000] {processor.py:186} INFO - Started process (PID=108) to work on /home/airflow/.local/lib/python3.12/site-packages/airflow/example_dags/example_short_circuit_operator.py
[2025-01-08T14:20:30.019+0000] {processor.py:914} INFO - Processing file /home/airflow/.local/lib/python3.12/site-packages/airflow/example_dags/example_short_circuit_operator.py for tasks to queue
[2025-01-08T14:20:30.063+0000] {logging_mixin.py:190} INFO - [2025-01-08T14:20:30.025+0000] {dagbag.py:588} INFO - Filling up the DagBag from /home/airflow/.local/lib/python3.12/site-packages/airflow/example_dags/example_short_circuit_operator.py
[2025-01-08T14:20:30.252+0000] {processor.py:925} INFO - DAG(s) 'example_short_circuit_operator' retrieved from /home/airflow/.local/lib/python3.12/site-packages/airflow/example_dags/example_short_circuit_operator.py
[2025-01-08T14:20:31.839+0000] {logging_mixin.py:190} INFO - [2025-01-08T14:20:31.825+0000] {override.py:1911} INFO - Created Permission View: can read on DAG:example_short_circuit_operator
[2025-01-08T14:20:32.007+0000] {logging_mixin.py:190} INFO - [2025-01-08T14:20:32.006+0000] {override.py:1911} INFO - Created Permission View: can edit on DAG:example_short_circuit_operator
[2025-01-08T14:20:32.109+0000] {logging_mixin.py:190} INFO - [2025-01-08T14:20:32.098+0000] {override.py:1911} INFO - Created Permission View: can delete on DAG:example_short_circuit_operator
[2025-01-08T14:20:32.196+0000] {logging_mixin.py:190} INFO - [2025-01-08T14:20:32.195+0000] {override.py:1911} INFO - Created Permission View: can create on DAG Run:example_short_circuit_operator
[2025-01-08T14:20:32.299+0000] {logging_mixin.py:190} INFO - [2025-01-08T14:20:32.298+0000] {override.py:1911} INFO - Created Permission View: can read on DAG Run:example_short_circuit_operator
[2025-01-08T14:20:32.376+0000] {logging_mixin.py:190} INFO - [2025-01-08T14:20:32.375+0000] {override.py:1911} INFO - Created Permission View: can delete on DAG Run:example_short_circuit_operator
[2025-01-08T14:20:32.478+0000] {logging_mixin.py:190} INFO - [2025-01-08T14:20:32.478+0000] {override.py:1911} INFO - Created Permission View: menu access on DAG Run:example_short_circuit_operator
[2025-01-08T14:20:32.479+0000] {logging_mixin.py:190} INFO - [2025-01-08T14:20:32.479+0000] {dag.py:3239} INFO - Sync 1 DAGs
[2025-01-08T14:20:32.553+0000] {logging_mixin.py:190} INFO - [2025-01-08T14:20:32.552+0000] {dag.py:3262} INFO - Creating ORM DAG for example_short_circuit_operator
[2025-01-08T14:20:32.556+0000] {logging_mixin.py:190} INFO - [2025-01-08T14:20:32.555+0000] {dag.py:4180} INFO - Setting next_dagrun for example_short_circuit_operator to None, run_after=None
[2025-01-08T14:20:32.804+0000] {processor.py:208} INFO - Processing /home/airflow/.local/lib/python3.12/site-packages/airflow/example_dags/example_short_circuit_operator.py took 2.809 seconds
[2025-01-08T14:21:54.597+0000] {processor.py:186} INFO - Started process (PID=176) to work on /home/airflow/.local/lib/python3.12/site-packages/airflow/example_dags/example_short_circuit_operator.py
[2025-01-08T14:21:54.613+0000] {processor.py:914} INFO - Processing file /home/airflow/.local/lib/python3.12/site-packages/airflow/example_dags/example_short_circuit_operator.py for tasks to queue
[2025-01-08T14:21:54.618+0000] {logging_mixin.py:190} INFO - [2025-01-08T14:21:54.618+0000] {dagbag.py:588} INFO - Filling up the DagBag from /home/airflow/.local/lib/python3.12/site-packages/airflow/example_dags/example_short_circuit_operator.py
[2025-01-08T14:21:54.641+0000] {processor.py:925} INFO - DAG(s) 'example_short_circuit_operator' retrieved from /home/airflow/.local/lib/python3.12/site-packages/airflow/example_dags/example_short_circuit_operator.py
[2025-01-08T14:21:54.677+0000] {logging_mixin.py:190} INFO - [2025-01-08T14:21:54.677+0000] {dag.py:3239} INFO - Sync 1 DAGs
[2025-01-08T14:21:54.716+0000] {logging_mixin.py:190} INFO - [2025-01-08T14:21:54.716+0000] {dag.py:4180} INFO - Setting next_dagrun for example_short_circuit_operator to None, run_after=None
[2025-01-08T14:21:54.788+0000] {processor.py:208} INFO - Processing /home/airflow/.local/lib/python3.12/site-packages/airflow/example_dags/example_short_circuit_operator.py took 0.197 seconds
