[2025-01-08T14:20:43.281+0000] {processor.py:186} INFO - Started process (PID=116) to work on /home/airflow/.local/lib/python3.12/site-packages/airflow/example_dags/example_kubernetes_executor.py
[2025-01-08T14:20:43.297+0000] {processor.py:914} INFO - Processing file /home/airflow/.local/lib/python3.12/site-packages/airflow/example_dags/example_kubernetes_executor.py for tasks to queue
[2025-01-08T14:20:43.323+0000] {logging_mixin.py:190} INFO - [2025-01-08T14:20:43.323+0000] {dagbag.py:588} INFO - Filling up the DagBag from /home/airflow/.local/lib/python3.12/site-packages/airflow/example_dags/example_kubernetes_executor.py
[2025-01-08T14:20:43.413+0000] {processor.py:925} INFO - DAG(s) 'example_kubernetes_executor' retrieved from /home/airflow/.local/lib/python3.12/site-packages/airflow/example_dags/example_kubernetes_executor.py
[2025-01-08T14:20:43.977+0000] {logging_mixin.py:190} INFO - [2025-01-08T14:20:43.975+0000] {override.py:1911} INFO - Created Permission View: can read on DAG:example_kubernetes_executor
[2025-01-08T14:20:44.076+0000] {logging_mixin.py:190} INFO - [2025-01-08T14:20:44.076+0000] {override.py:1911} INFO - Created Permission View: can edit on DAG:example_kubernetes_executor
[2025-01-08T14:20:44.125+0000] {logging_mixin.py:190} INFO - [2025-01-08T14:20:44.123+0000] {override.py:1911} INFO - Created Permission View: can delete on DAG:example_kubernetes_executor
[2025-01-08T14:20:44.154+0000] {logging_mixin.py:190} INFO - [2025-01-08T14:20:44.149+0000] {override.py:1911} INFO - Created Permission View: can create on DAG Run:example_kubernetes_executor
[2025-01-08T14:20:44.184+0000] {logging_mixin.py:190} INFO - [2025-01-08T14:20:44.183+0000] {override.py:1911} INFO - Created Permission View: can read on DAG Run:example_kubernetes_executor
[2025-01-08T14:20:44.265+0000] {logging_mixin.py:190} INFO - [2025-01-08T14:20:44.265+0000] {override.py:1911} INFO - Created Permission View: can delete on DAG Run:example_kubernetes_executor
[2025-01-08T14:20:44.276+0000] {logging_mixin.py:190} INFO - [2025-01-08T14:20:44.275+0000] {override.py:1911} INFO - Created Permission View: menu access on DAG Run:example_kubernetes_executor
[2025-01-08T14:20:44.277+0000] {logging_mixin.py:190} INFO - [2025-01-08T14:20:44.277+0000] {dag.py:3239} INFO - Sync 1 DAGs
[2025-01-08T14:20:44.336+0000] {logging_mixin.py:190} INFO - [2025-01-08T14:20:44.335+0000] {dag.py:3262} INFO - Creating ORM DAG for example_kubernetes_executor
[2025-01-08T14:20:44.339+0000] {logging_mixin.py:190} INFO - [2025-01-08T14:20:44.338+0000] {dag.py:4180} INFO - Setting next_dagrun for example_kubernetes_executor to None, run_after=None
[2025-01-08T14:20:44.482+0000] {processor.py:208} INFO - Processing /home/airflow/.local/lib/python3.12/site-packages/airflow/example_dags/example_kubernetes_executor.py took 1.206 seconds
[2025-01-08T14:21:55.953+0000] {processor.py:186} INFO - Started process (PID=184) to work on /home/airflow/.local/lib/python3.12/site-packages/airflow/example_dags/example_kubernetes_executor.py
[2025-01-08T14:21:55.977+0000] {processor.py:914} INFO - Processing file /home/airflow/.local/lib/python3.12/site-packages/airflow/example_dags/example_kubernetes_executor.py for tasks to queue
[2025-01-08T14:21:55.981+0000] {logging_mixin.py:190} INFO - [2025-01-08T14:21:55.981+0000] {dagbag.py:588} INFO - Filling up the DagBag from /home/airflow/.local/lib/python3.12/site-packages/airflow/example_dags/example_kubernetes_executor.py
[2025-01-08T14:21:56.021+0000] {processor.py:925} INFO - DAG(s) 'example_kubernetes_executor' retrieved from /home/airflow/.local/lib/python3.12/site-packages/airflow/example_dags/example_kubernetes_executor.py
[2025-01-08T14:21:56.075+0000] {logging_mixin.py:190} INFO - [2025-01-08T14:21:56.075+0000] {dag.py:3239} INFO - Sync 1 DAGs
[2025-01-08T14:21:56.109+0000] {logging_mixin.py:190} INFO - [2025-01-08T14:21:56.109+0000] {dag.py:4180} INFO - Setting next_dagrun for example_kubernetes_executor to None, run_after=None
[2025-01-08T14:21:56.211+0000] {processor.py:208} INFO - Processing /home/airflow/.local/lib/python3.12/site-packages/airflow/example_dags/example_kubernetes_executor.py took 0.267 seconds
