[2025-01-08T14:20:36.982+0000] {processor.py:186} INFO - Started process (PID=110) to work on /home/airflow/.local/lib/python3.12/site-packages/airflow/example_dags/example_branch_datetime_operator.py
[2025-01-08T14:20:37.026+0000] {processor.py:914} INFO - Processing file /home/airflow/.local/lib/python3.12/site-packages/airflow/example_dags/example_branch_datetime_operator.py for tasks to queue
[2025-01-08T14:20:37.075+0000] {logging_mixin.py:190} INFO - [2025-01-08T14:20:37.073+0000] {dagbag.py:588} INFO - Filling up the DagBag from /home/airflow/.local/lib/python3.12/site-packages/airflow/example_dags/example_branch_datetime_operator.py
[2025-01-08T14:20:37.233+0000] {processor.py:925} INFO - DAG(s) 'example_branch_datetime_operator_3', 'example_branch_datetime_operator_2', 'example_branch_datetime_operator' retrieved from /home/airflow/.local/lib/python3.12/site-packages/airflow/example_dags/example_branch_datetime_operator.py
[2025-01-08T14:20:38.611+0000] {logging_mixin.py:190} INFO - [2025-01-08T14:20:38.610+0000] {override.py:1911} INFO - Created Permission View: can read on DAG:example_branch_datetime_operator_3
[2025-01-08T14:20:38.763+0000] {logging_mixin.py:190} INFO - [2025-01-08T14:20:38.732+0000] {override.py:1911} INFO - Created Permission View: can edit on DAG:example_branch_datetime_operator_3
[2025-01-08T14:20:38.842+0000] {logging_mixin.py:190} INFO - [2025-01-08T14:20:38.840+0000] {override.py:1911} INFO - Created Permission View: can delete on DAG:example_branch_datetime_operator_3
[2025-01-08T14:20:39.014+0000] {logging_mixin.py:190} INFO - [2025-01-08T14:20:39.014+0000] {override.py:1911} INFO - Created Permission View: can create on DAG Run:example_branch_datetime_operator_3
[2025-01-08T14:20:39.166+0000] {logging_mixin.py:190} INFO - [2025-01-08T14:20:39.166+0000] {override.py:1911} INFO - Created Permission View: can read on DAG Run:example_branch_datetime_operator_3
[2025-01-08T14:20:39.185+0000] {logging_mixin.py:190} INFO - [2025-01-08T14:20:39.183+0000] {override.py:1911} INFO - Created Permission View: can delete on DAG Run:example_branch_datetime_operator_3
[2025-01-08T14:20:39.227+0000] {logging_mixin.py:190} INFO - [2025-01-08T14:20:39.226+0000] {override.py:1911} INFO - Created Permission View: menu access on DAG Run:example_branch_datetime_operator_3
[2025-01-08T14:20:39.357+0000] {logging_mixin.py:190} INFO - [2025-01-08T14:20:39.356+0000] {override.py:1911} INFO - Created Permission View: can read on DAG:example_branch_datetime_operator_2
[2025-01-08T14:20:39.452+0000] {logging_mixin.py:190} INFO - [2025-01-08T14:20:39.451+0000] {override.py:1911} INFO - Created Permission View: can edit on DAG:example_branch_datetime_operator_2
[2025-01-08T14:20:39.500+0000] {logging_mixin.py:190} INFO - [2025-01-08T14:20:39.500+0000] {override.py:1911} INFO - Created Permission View: can delete on DAG:example_branch_datetime_operator_2
[2025-01-08T14:20:39.520+0000] {logging_mixin.py:190} INFO - [2025-01-08T14:20:39.519+0000] {override.py:1911} INFO - Created Permission View: can create on DAG Run:example_branch_datetime_operator_2
[2025-01-08T14:20:39.659+0000] {logging_mixin.py:190} INFO - [2025-01-08T14:20:39.617+0000] {override.py:1911} INFO - Created Permission View: can read on DAG Run:example_branch_datetime_operator_2
[2025-01-08T14:20:39.780+0000] {logging_mixin.py:190} INFO - [2025-01-08T14:20:39.780+0000] {override.py:1911} INFO - Created Permission View: can delete on DAG Run:example_branch_datetime_operator_2
[2025-01-08T14:20:39.804+0000] {logging_mixin.py:190} INFO - [2025-01-08T14:20:39.803+0000] {override.py:1911} INFO - Created Permission View: menu access on DAG Run:example_branch_datetime_operator_2
[2025-01-08T14:20:39.984+0000] {logging_mixin.py:190} INFO - [2025-01-08T14:20:39.972+0000] {override.py:1911} INFO - Created Permission View: can read on DAG:example_branch_datetime_operator
[2025-01-08T14:20:40.091+0000] {logging_mixin.py:190} INFO - [2025-01-08T14:20:40.088+0000] {override.py:1911} INFO - Created Permission View: can edit on DAG:example_branch_datetime_operator
[2025-01-08T14:20:40.257+0000] {logging_mixin.py:190} INFO - [2025-01-08T14:20:40.257+0000] {override.py:1911} INFO - Created Permission View: can delete on DAG:example_branch_datetime_operator
[2025-01-08T14:20:40.321+0000] {logging_mixin.py:190} INFO - [2025-01-08T14:20:40.321+0000] {override.py:1911} INFO - Created Permission View: can create on DAG Run:example_branch_datetime_operator
[2025-01-08T14:20:40.345+0000] {logging_mixin.py:190} INFO - [2025-01-08T14:20:40.345+0000] {override.py:1911} INFO - Created Permission View: can read on DAG Run:example_branch_datetime_operator
[2025-01-08T14:20:40.376+0000] {logging_mixin.py:190} INFO - [2025-01-08T14:20:40.376+0000] {override.py:1911} INFO - Created Permission View: can delete on DAG Run:example_branch_datetime_operator
[2025-01-08T14:20:40.448+0000] {logging_mixin.py:190} INFO - [2025-01-08T14:20:40.448+0000] {override.py:1911} INFO - Created Permission View: menu access on DAG Run:example_branch_datetime_operator
[2025-01-08T14:20:40.449+0000] {logging_mixin.py:190} INFO - [2025-01-08T14:20:40.449+0000] {dag.py:3239} INFO - Sync 3 DAGs
[2025-01-08T14:20:40.552+0000] {logging_mixin.py:190} INFO - [2025-01-08T14:20:40.550+0000] {dag.py:3262} INFO - Creating ORM DAG for example_branch_datetime_operator_2
[2025-01-08T14:20:40.610+0000] {logging_mixin.py:190} INFO - [2025-01-08T14:20:40.610+0000] {dag.py:3262} INFO - Creating ORM DAG for example_branch_datetime_operator_3
[2025-01-08T14:20:40.610+0000] {logging_mixin.py:190} INFO - [2025-01-08T14:20:40.610+0000] {dag.py:3262} INFO - Creating ORM DAG for example_branch_datetime_operator
[2025-01-08T14:20:40.633+0000] {logging_mixin.py:190} INFO - [2025-01-08T14:20:40.633+0000] {dag.py:4180} INFO - Setting next_dagrun for example_branch_datetime_operator to 2025-01-07 00:00:00+00:00, run_after=2025-01-08 00:00:00+00:00
[2025-01-08T14:20:40.643+0000] {logging_mixin.py:190} INFO - [2025-01-08T14:20:40.643+0000] {dag.py:4180} INFO - Setting next_dagrun for example_branch_datetime_operator_2 to 2025-01-07 00:00:00+00:00, run_after=2025-01-08 00:00:00+00:00
[2025-01-08T14:20:40.655+0000] {logging_mixin.py:190} INFO - [2025-01-08T14:20:40.647+0000] {dag.py:4180} INFO - Setting next_dagrun for example_branch_datetime_operator_3 to 2025-01-07 00:00:00+00:00, run_after=2025-01-08 00:00:00+00:00
[2025-01-08T14:20:40.822+0000] {processor.py:208} INFO - Processing /home/airflow/.local/lib/python3.12/site-packages/airflow/example_dags/example_branch_datetime_operator.py took 3.923 seconds
[2025-01-08T14:21:54.850+0000] {processor.py:186} INFO - Started process (PID=178) to work on /home/airflow/.local/lib/python3.12/site-packages/airflow/example_dags/example_branch_datetime_operator.py
[2025-01-08T14:21:54.863+0000] {processor.py:914} INFO - Processing file /home/airflow/.local/lib/python3.12/site-packages/airflow/example_dags/example_branch_datetime_operator.py for tasks to queue
[2025-01-08T14:21:54.869+0000] {logging_mixin.py:190} INFO - [2025-01-08T14:21:54.868+0000] {dagbag.py:588} INFO - Filling up the DagBag from /home/airflow/.local/lib/python3.12/site-packages/airflow/example_dags/example_branch_datetime_operator.py
[2025-01-08T14:21:54.886+0000] {processor.py:925} INFO - DAG(s) 'example_branch_datetime_operator', 'example_branch_datetime_operator_2', 'example_branch_datetime_operator_3' retrieved from /home/airflow/.local/lib/python3.12/site-packages/airflow/example_dags/example_branch_datetime_operator.py
[2025-01-08T14:21:54.957+0000] {logging_mixin.py:190} INFO - [2025-01-08T14:21:54.954+0000] {dag.py:3239} INFO - Sync 3 DAGs
[2025-01-08T14:21:55.075+0000] {logging_mixin.py:190} INFO - [2025-01-08T14:21:55.074+0000] {dag.py:4180} INFO - Setting next_dagrun for example_branch_datetime_operator to 2025-01-07 00:00:00+00:00, run_after=2025-01-08 00:00:00+00:00
[2025-01-08T14:21:55.084+0000] {logging_mixin.py:190} INFO - [2025-01-08T14:21:55.084+0000] {dag.py:4180} INFO - Setting next_dagrun for example_branch_datetime_operator_2 to 2025-01-07 00:00:00+00:00, run_after=2025-01-08 00:00:00+00:00
[2025-01-08T14:21:55.089+0000] {logging_mixin.py:190} INFO - [2025-01-08T14:21:55.089+0000] {dag.py:4180} INFO - Setting next_dagrun for example_branch_datetime_operator_3 to 2025-01-07 00:00:00+00:00, run_after=2025-01-08 00:00:00+00:00
[2025-01-08T14:21:55.171+0000] {processor.py:208} INFO - Processing /home/airflow/.local/lib/python3.12/site-packages/airflow/example_dags/example_branch_datetime_operator.py took 0.327 seconds
