[2025-01-08T14:20:33.404+0000] {processor.py:186} INFO - Started process (PID=109) to work on /home/airflow/.local/lib/python3.12/site-packages/airflow/example_dags/example_sla_dag.py
[2025-01-08T14:20:33.434+0000] {processor.py:914} INFO - Processing file /home/airflow/.local/lib/python3.12/site-packages/airflow/example_dags/example_sla_dag.py for tasks to queue
[2025-01-08T14:20:33.507+0000] {logging_mixin.py:190} INFO - [2025-01-08T14:20:33.502+0000] {dagbag.py:588} INFO - Filling up the DagBag from /home/airflow/.local/lib/python3.12/site-packages/airflow/example_dags/example_sla_dag.py
[2025-01-08T14:20:33.707+0000] {processor.py:925} INFO - DAG(s) 'example_sla_dag' retrieved from /home/airflow/.local/lib/python3.12/site-packages/airflow/example_dags/example_sla_dag.py
[2025-01-08T14:20:35.128+0000] {logging_mixin.py:190} INFO - [2025-01-08T14:20:35.127+0000] {override.py:1911} INFO - Created Permission View: can read on DAG:example_sla_dag
[2025-01-08T14:20:35.613+0000] {logging_mixin.py:190} INFO - [2025-01-08T14:20:35.590+0000] {override.py:1911} INFO - Created Permission View: can edit on DAG:example_sla_dag
[2025-01-08T14:20:35.662+0000] {logging_mixin.py:190} INFO - [2025-01-08T14:20:35.662+0000] {override.py:1911} INFO - Created Permission View: can delete on DAG:example_sla_dag
[2025-01-08T14:20:35.798+0000] {logging_mixin.py:190} INFO - [2025-01-08T14:20:35.798+0000] {override.py:1911} INFO - Created Permission View: can create on DAG Run:example_sla_dag
[2025-01-08T14:20:35.825+0000] {logging_mixin.py:190} INFO - [2025-01-08T14:20:35.822+0000] {override.py:1911} INFO - Created Permission View: can read on DAG Run:example_sla_dag
[2025-01-08T14:20:35.862+0000] {logging_mixin.py:190} INFO - [2025-01-08T14:20:35.862+0000] {override.py:1911} INFO - Created Permission View: can delete on DAG Run:example_sla_dag
[2025-01-08T14:20:35.935+0000] {logging_mixin.py:190} INFO - [2025-01-08T14:20:35.935+0000] {override.py:1911} INFO - Created Permission View: menu access on DAG Run:example_sla_dag
[2025-01-08T14:20:35.936+0000] {logging_mixin.py:190} INFO - [2025-01-08T14:20:35.936+0000] {dag.py:3239} INFO - Sync 1 DAGs
[2025-01-08T14:20:36.042+0000] {logging_mixin.py:190} INFO - [2025-01-08T14:20:36.042+0000] {dag.py:3262} INFO - Creating ORM DAG for example_sla_dag
[2025-01-08T14:20:36.159+0000] {logging_mixin.py:190} INFO - [2025-01-08T14:20:36.159+0000] {dag.py:4180} INFO - Setting next_dagrun for example_sla_dag to 2025-01-08 14:18:00+00:00, run_after=2025-01-08 14:20:00+00:00
[2025-01-08T14:20:36.526+0000] {processor.py:208} INFO - Processing /home/airflow/.local/lib/python3.12/site-packages/airflow/example_dags/example_sla_dag.py took 3.190 seconds
[2025-01-08T14:21:54.703+0000] {processor.py:186} INFO - Started process (PID=177) to work on /home/airflow/.local/lib/python3.12/site-packages/airflow/example_dags/example_sla_dag.py
[2025-01-08T14:21:54.705+0000] {processor.py:914} INFO - Processing file /home/airflow/.local/lib/python3.12/site-packages/airflow/example_dags/example_sla_dag.py for tasks to queue
[2025-01-08T14:21:54.708+0000] {logging_mixin.py:190} INFO - [2025-01-08T14:21:54.707+0000] {dagbag.py:588} INFO - Filling up the DagBag from /home/airflow/.local/lib/python3.12/site-packages/airflow/example_dags/example_sla_dag.py
[2025-01-08T14:21:54.732+0000] {processor.py:925} INFO - DAG(s) 'example_sla_dag' retrieved from /home/airflow/.local/lib/python3.12/site-packages/airflow/example_dags/example_sla_dag.py
[2025-01-08T14:21:54.761+0000] {logging_mixin.py:190} INFO - [2025-01-08T14:21:54.760+0000] {dag.py:3239} INFO - Sync 1 DAGs
[2025-01-08T14:21:54.808+0000] {logging_mixin.py:190} INFO - [2025-01-08T14:21:54.808+0000] {dag.py:4180} INFO - Setting next_dagrun for example_sla_dag to 2025-01-08 14:18:00+00:00, run_after=2025-01-08 14:20:00+00:00
[2025-01-08T14:21:54.922+0000] {processor.py:208} INFO - Processing /home/airflow/.local/lib/python3.12/site-packages/airflow/example_dags/example_sla_dag.py took 0.233 seconds
