[2025-01-08T14:20:42.282+0000] {processor.py:186} INFO - Started process (PID=114) to work on /home/airflow/.local/lib/python3.12/site-packages/airflow/example_dags/example_setup_teardown_taskflow.py
[2025-01-08T14:20:42.284+0000] {processor.py:914} INFO - Processing file /home/airflow/.local/lib/python3.12/site-packages/airflow/example_dags/example_setup_teardown_taskflow.py for tasks to queue
[2025-01-08T14:20:42.292+0000] {logging_mixin.py:190} INFO - [2025-01-08T14:20:42.291+0000] {dagbag.py:588} INFO - Filling up the DagBag from /home/airflow/.local/lib/python3.12/site-packages/airflow/example_dags/example_setup_teardown_taskflow.py
[2025-01-08T14:20:42.340+0000] {processor.py:925} INFO - DAG(s) 'example_setup_teardown_taskflow' retrieved from /home/airflow/.local/lib/python3.12/site-packages/airflow/example_dags/example_setup_teardown_taskflow.py
[2025-01-08T14:20:42.831+0000] {logging_mixin.py:190} INFO - [2025-01-08T14:20:42.830+0000] {override.py:1911} INFO - Created Permission View: can read on DAG:example_setup_teardown_taskflow
[2025-01-08T14:20:42.857+0000] {logging_mixin.py:190} INFO - [2025-01-08T14:20:42.857+0000] {override.py:1911} INFO - Created Permission View: can edit on DAG:example_setup_teardown_taskflow
[2025-01-08T14:20:42.873+0000] {logging_mixin.py:190} INFO - [2025-01-08T14:20:42.873+0000] {override.py:1911} INFO - Created Permission View: can delete on DAG:example_setup_teardown_taskflow
[2025-01-08T14:20:42.885+0000] {logging_mixin.py:190} INFO - [2025-01-08T14:20:42.885+0000] {override.py:1911} INFO - Created Permission View: can create on DAG Run:example_setup_teardown_taskflow
[2025-01-08T14:20:42.905+0000] {logging_mixin.py:190} INFO - [2025-01-08T14:20:42.905+0000] {override.py:1911} INFO - Created Permission View: can read on DAG Run:example_setup_teardown_taskflow
[2025-01-08T14:20:42.924+0000] {logging_mixin.py:190} INFO - [2025-01-08T14:20:42.923+0000] {override.py:1911} INFO - Created Permission View: can delete on DAG Run:example_setup_teardown_taskflow
[2025-01-08T14:20:42.939+0000] {logging_mixin.py:190} INFO - [2025-01-08T14:20:42.938+0000] {override.py:1911} INFO - Created Permission View: menu access on DAG Run:example_setup_teardown_taskflow
[2025-01-08T14:20:42.939+0000] {logging_mixin.py:190} INFO - [2025-01-08T14:20:42.939+0000] {dag.py:3239} INFO - Sync 1 DAGs
[2025-01-08T14:20:43.012+0000] {logging_mixin.py:190} INFO - [2025-01-08T14:20:43.011+0000] {dag.py:3262} INFO - Creating ORM DAG for example_setup_teardown_taskflow
[2025-01-08T14:20:43.025+0000] {logging_mixin.py:190} INFO - [2025-01-08T14:20:43.025+0000] {dag.py:4180} INFO - Setting next_dagrun for example_setup_teardown_taskflow to None, run_after=None
[2025-01-08T14:20:43.101+0000] {processor.py:208} INFO - Processing /home/airflow/.local/lib/python3.12/site-packages/airflow/example_dags/example_setup_teardown_taskflow.py took 0.835 seconds
[2025-01-08T14:21:55.682+0000] {processor.py:186} INFO - Started process (PID=182) to work on /home/airflow/.local/lib/python3.12/site-packages/airflow/example_dags/example_setup_teardown_taskflow.py
[2025-01-08T14:21:55.694+0000] {processor.py:914} INFO - Processing file /home/airflow/.local/lib/python3.12/site-packages/airflow/example_dags/example_setup_teardown_taskflow.py for tasks to queue
[2025-01-08T14:21:55.698+0000] {logging_mixin.py:190} INFO - [2025-01-08T14:21:55.698+0000] {dagbag.py:588} INFO - Filling up the DagBag from /home/airflow/.local/lib/python3.12/site-packages/airflow/example_dags/example_setup_teardown_taskflow.py
[2025-01-08T14:21:55.716+0000] {processor.py:925} INFO - DAG(s) 'example_setup_teardown_taskflow' retrieved from /home/airflow/.local/lib/python3.12/site-packages/airflow/example_dags/example_setup_teardown_taskflow.py
[2025-01-08T14:21:55.744+0000] {logging_mixin.py:190} INFO - [2025-01-08T14:21:55.743+0000] {dag.py:3239} INFO - Sync 1 DAGs
[2025-01-08T14:21:55.763+0000] {logging_mixin.py:190} INFO - [2025-01-08T14:21:55.763+0000] {dag.py:4180} INFO - Setting next_dagrun for example_setup_teardown_taskflow to None, run_after=None
[2025-01-08T14:21:55.871+0000] {processor.py:208} INFO - Processing /home/airflow/.local/lib/python3.12/site-packages/airflow/example_dags/example_setup_teardown_taskflow.py took 0.202 seconds
