[2025-01-08T14:20:49.396+0000] {processor.py:186} INFO - Started process (PID=126) to work on /home/airflow/.local/lib/python3.12/site-packages/airflow/example_dags/example_sensors.py
[2025-01-08T14:20:49.411+0000] {processor.py:914} INFO - Processing file /home/airflow/.local/lib/python3.12/site-packages/airflow/example_dags/example_sensors.py for tasks to queue
[2025-01-08T14:20:49.462+0000] {logging_mixin.py:190} INFO - [2025-01-08T14:20:49.462+0000] {dagbag.py:588} INFO - Filling up the DagBag from /home/airflow/.local/lib/python3.12/site-packages/airflow/example_dags/example_sensors.py
[2025-01-08T14:20:49.551+0000] {processor.py:925} INFO - DAG(s) 'example_sensors' retrieved from /home/airflow/.local/lib/python3.12/site-packages/airflow/example_dags/example_sensors.py
[2025-01-08T14:20:50.055+0000] {logging_mixin.py:190} INFO - [2025-01-08T14:20:50.055+0000] {override.py:1911} INFO - Created Permission View: can read on DAG:example_sensors
[2025-01-08T14:20:50.166+0000] {logging_mixin.py:190} INFO - [2025-01-08T14:20:50.165+0000] {override.py:1911} INFO - Created Permission View: can edit on DAG:example_sensors
[2025-01-08T14:20:50.312+0000] {logging_mixin.py:190} INFO - [2025-01-08T14:20:50.312+0000] {override.py:1911} INFO - Created Permission View: can delete on DAG:example_sensors
[2025-01-08T14:20:50.336+0000] {logging_mixin.py:190} INFO - [2025-01-08T14:20:50.336+0000] {override.py:1911} INFO - Created Permission View: can create on DAG Run:example_sensors
[2025-01-08T14:20:50.437+0000] {logging_mixin.py:190} INFO - [2025-01-08T14:20:50.437+0000] {override.py:1911} INFO - Created Permission View: can read on DAG Run:example_sensors
[2025-01-08T14:20:50.466+0000] {logging_mixin.py:190} INFO - [2025-01-08T14:20:50.466+0000] {override.py:1911} INFO - Created Permission View: can delete on DAG Run:example_sensors
[2025-01-08T14:20:50.530+0000] {logging_mixin.py:190} INFO - [2025-01-08T14:20:50.529+0000] {override.py:1911} INFO - Created Permission View: menu access on DAG Run:example_sensors
[2025-01-08T14:20:50.535+0000] {logging_mixin.py:190} INFO - [2025-01-08T14:20:50.535+0000] {dag.py:3239} INFO - Sync 1 DAGs
[2025-01-08T14:20:50.749+0000] {logging_mixin.py:190} INFO - [2025-01-08T14:20:50.749+0000] {dag.py:3262} INFO - Creating ORM DAG for example_sensors
[2025-01-08T14:20:50.784+0000] {logging_mixin.py:190} INFO - [2025-01-08T14:20:50.784+0000] {dag.py:4180} INFO - Setting next_dagrun for example_sensors to None, run_after=None
[2025-01-08T14:20:51.036+0000] {processor.py:208} INFO - Processing /home/airflow/.local/lib/python3.12/site-packages/airflow/example_dags/example_sensors.py took 1.657 seconds
[2025-01-08T14:21:57.916+0000] {processor.py:186} INFO - Started process (PID=194) to work on /home/airflow/.local/lib/python3.12/site-packages/airflow/example_dags/example_sensors.py
[2025-01-08T14:21:57.938+0000] {processor.py:914} INFO - Processing file /home/airflow/.local/lib/python3.12/site-packages/airflow/example_dags/example_sensors.py for tasks to queue
[2025-01-08T14:21:57.941+0000] {logging_mixin.py:190} INFO - [2025-01-08T14:21:57.941+0000] {dagbag.py:588} INFO - Filling up the DagBag from /home/airflow/.local/lib/python3.12/site-packages/airflow/example_dags/example_sensors.py
[2025-01-08T14:21:57.956+0000] {processor.py:925} INFO - DAG(s) 'example_sensors' retrieved from /home/airflow/.local/lib/python3.12/site-packages/airflow/example_dags/example_sensors.py
[2025-01-08T14:21:58.020+0000] {logging_mixin.py:190} INFO - [2025-01-08T14:21:58.020+0000] {dag.py:3239} INFO - Sync 1 DAGs
[2025-01-08T14:21:58.061+0000] {logging_mixin.py:190} INFO - [2025-01-08T14:21:58.061+0000] {dag.py:4180} INFO - Setting next_dagrun for example_sensors to None, run_after=None
[2025-01-08T14:21:58.142+0000] {processor.py:208} INFO - Processing /home/airflow/.local/lib/python3.12/site-packages/airflow/example_dags/example_sensors.py took 0.231 seconds
