[2025-01-08T14:20:41.428+0000] {processor.py:186} INFO - Started process (PID=113) to work on /home/airflow/.local/lib/python3.12/site-packages/airflow/example_dags/example_subdag_operator.py
[2025-01-08T14:20:41.440+0000] {processor.py:914} INFO - Processing file /home/airflow/.local/lib/python3.12/site-packages/airflow/example_dags/example_subdag_operator.py for tasks to queue
[2025-01-08T14:20:41.444+0000] {logging_mixin.py:190} INFO - [2025-01-08T14:20:41.444+0000] {dagbag.py:588} INFO - Filling up the DagBag from /home/airflow/.local/lib/python3.12/site-packages/airflow/example_dags/example_subdag_operator.py
[2025-01-08T14:20:41.604+0000] {processor.py:925} INFO - DAG(s) 'example_subdag_operator.section-1', 'example_subdag_operator.section-2', 'example_subdag_operator' retrieved from /home/airflow/.local/lib/python3.12/site-packages/airflow/example_dags/example_subdag_operator.py
[2025-01-08T14:20:42.071+0000] {logging_mixin.py:190} INFO - [2025-01-08T14:20:42.069+0000] {override.py:1911} INFO - Created Permission View: can read on DAG:example_subdag_operator
[2025-01-08T14:20:42.124+0000] {logging_mixin.py:190} INFO - [2025-01-08T14:20:42.124+0000] {override.py:1911} INFO - Created Permission View: can edit on DAG:example_subdag_operator
[2025-01-08T14:20:42.193+0000] {logging_mixin.py:190} INFO - [2025-01-08T14:20:42.193+0000] {override.py:1911} INFO - Created Permission View: can delete on DAG:example_subdag_operator
[2025-01-08T14:20:42.257+0000] {logging_mixin.py:190} INFO - [2025-01-08T14:20:42.257+0000] {override.py:1911} INFO - Created Permission View: can create on DAG Run:example_subdag_operator
[2025-01-08T14:20:42.278+0000] {logging_mixin.py:190} INFO - [2025-01-08T14:20:42.277+0000] {override.py:1911} INFO - Created Permission View: can read on DAG Run:example_subdag_operator
[2025-01-08T14:20:42.302+0000] {logging_mixin.py:190} INFO - [2025-01-08T14:20:42.302+0000] {override.py:1911} INFO - Created Permission View: can delete on DAG Run:example_subdag_operator
[2025-01-08T14:20:42.331+0000] {logging_mixin.py:190} INFO - [2025-01-08T14:20:42.330+0000] {override.py:1911} INFO - Created Permission View: menu access on DAG Run:example_subdag_operator
[2025-01-08T14:20:42.333+0000] {logging_mixin.py:190} INFO - [2025-01-08T14:20:42.332+0000] {dag.py:3239} INFO - Sync 3 DAGs
[2025-01-08T14:20:42.393+0000] {logging_mixin.py:190} INFO - [2025-01-08T14:20:42.391+0000] {dag.py:3262} INFO - Creating ORM DAG for example_subdag_operator.section-1
[2025-01-08T14:20:42.397+0000] {logging_mixin.py:190} INFO - [2025-01-08T14:20:42.396+0000] {dag.py:3262} INFO - Creating ORM DAG for example_subdag_operator.section-2
[2025-01-08T14:20:42.405+0000] {logging_mixin.py:190} INFO - [2025-01-08T14:20:42.402+0000] {dag.py:3262} INFO - Creating ORM DAG for example_subdag_operator
[2025-01-08T14:20:42.443+0000] {logging_mixin.py:190} INFO - [2025-01-08T14:20:42.443+0000] {dag.py:4180} INFO - Setting next_dagrun for example_subdag_operator to 2022-01-01 00:00:00+00:00, run_after=2022-01-01 00:00:00+00:00
[2025-01-08T14:20:42.447+0000] {logging_mixin.py:190} INFO - [2025-01-08T14:20:42.447+0000] {dag.py:4180} INFO - Setting next_dagrun for example_subdag_operator.section-1 to None, run_after=None
[2025-01-08T14:20:42.449+0000] {logging_mixin.py:190} INFO - [2025-01-08T14:20:42.449+0000] {dag.py:4180} INFO - Setting next_dagrun for example_subdag_operator.section-2 to None, run_after=None
[2025-01-08T14:20:42.483+0000] {logging_mixin.py:190} INFO - [2025-01-08T14:20:42.483+0000] {dag.py:3239} INFO - Sync 2 DAGs
[2025-01-08T14:20:42.515+0000] {logging_mixin.py:190} INFO - [2025-01-08T14:20:42.515+0000] {dag.py:4180} INFO - Setting next_dagrun for example_subdag_operator.section-1 to None, run_after=None
[2025-01-08T14:20:42.557+0000] {logging_mixin.py:190} INFO - [2025-01-08T14:20:42.557+0000] {dag.py:4180} INFO - Setting next_dagrun for example_subdag_operator.section-2 to None, run_after=None
[2025-01-08T14:20:42.605+0000] {processor.py:208} INFO - Processing /home/airflow/.local/lib/python3.12/site-packages/airflow/example_dags/example_subdag_operator.py took 1.204 seconds
[2025-01-08T14:21:55.448+0000] {processor.py:186} INFO - Started process (PID=181) to work on /home/airflow/.local/lib/python3.12/site-packages/airflow/example_dags/example_subdag_operator.py
[2025-01-08T14:21:55.483+0000] {processor.py:914} INFO - Processing file /home/airflow/.local/lib/python3.12/site-packages/airflow/example_dags/example_subdag_operator.py for tasks to queue
[2025-01-08T14:21:55.504+0000] {logging_mixin.py:190} INFO - [2025-01-08T14:21:55.493+0000] {dagbag.py:588} INFO - Filling up the DagBag from /home/airflow/.local/lib/python3.12/site-packages/airflow/example_dags/example_subdag_operator.py
[2025-01-08T14:21:55.552+0000] {processor.py:925} INFO - DAG(s) 'example_subdag_operator.section-1', 'example_subdag_operator.section-2', 'example_subdag_operator' retrieved from /home/airflow/.local/lib/python3.12/site-packages/airflow/example_dags/example_subdag_operator.py
[2025-01-08T14:21:55.570+0000] {logging_mixin.py:190} INFO - [2025-01-08T14:21:55.570+0000] {dag.py:3239} INFO - Sync 3 DAGs
[2025-01-08T14:21:55.595+0000] {logging_mixin.py:190} INFO - [2025-01-08T14:21:55.595+0000] {dag.py:4180} INFO - Setting next_dagrun for example_subdag_operator to 2022-01-01 00:00:00+00:00, run_after=2022-01-01 00:00:00+00:00
[2025-01-08T14:21:55.599+0000] {logging_mixin.py:190} INFO - [2025-01-08T14:21:55.599+0000] {dag.py:4180} INFO - Setting next_dagrun for example_subdag_operator.section-1 to None, run_after=None
[2025-01-08T14:21:55.600+0000] {logging_mixin.py:190} INFO - [2025-01-08T14:21:55.600+0000] {dag.py:4180} INFO - Setting next_dagrun for example_subdag_operator.section-2 to None, run_after=None
[2025-01-08T14:21:55.607+0000] {logging_mixin.py:190} INFO - [2025-01-08T14:21:55.607+0000] {dag.py:3239} INFO - Sync 2 DAGs
[2025-01-08T14:21:55.614+0000] {logging_mixin.py:190} INFO - [2025-01-08T14:21:55.613+0000] {dag.py:4180} INFO - Setting next_dagrun for example_subdag_operator.section-1 to None, run_after=None
[2025-01-08T14:21:55.615+0000] {logging_mixin.py:190} INFO - [2025-01-08T14:21:55.614+0000] {dag.py:4180} INFO - Setting next_dagrun for example_subdag_operator.section-2 to None, run_after=None
[2025-01-08T14:21:55.657+0000] {processor.py:208} INFO - Processing /home/airflow/.local/lib/python3.12/site-packages/airflow/example_dags/example_subdag_operator.py took 0.218 seconds
