[2025-01-08T14:20:42.729+0000] {processor.py:186} INFO - Started process (PID=115) to work on /home/airflow/.local/lib/python3.12/site-packages/airflow/example_dags/example_bash_operator.py
[2025-01-08T14:20:42.730+0000] {processor.py:914} INFO - Processing file /home/airflow/.local/lib/python3.12/site-packages/airflow/example_dags/example_bash_operator.py for tasks to queue
[2025-01-08T14:20:42.733+0000] {logging_mixin.py:190} INFO - [2025-01-08T14:20:42.732+0000] {dagbag.py:588} INFO - Filling up the DagBag from /home/airflow/.local/lib/python3.12/site-packages/airflow/example_dags/example_bash_operator.py
[2025-01-08T14:20:42.794+0000] {processor.py:925} INFO - DAG(s) 'example_bash_operator' retrieved from /home/airflow/.local/lib/python3.12/site-packages/airflow/example_dags/example_bash_operator.py
[2025-01-08T14:20:43.049+0000] {logging_mixin.py:190} INFO - [2025-01-08T14:20:43.041+0000] {override.py:1911} INFO - Created Permission View: can read on DAG:example_bash_operator
[2025-01-08T14:20:43.112+0000] {logging_mixin.py:190} INFO - [2025-01-08T14:20:43.112+0000] {override.py:1911} INFO - Created Permission View: can edit on DAG:example_bash_operator
[2025-01-08T14:20:43.145+0000] {logging_mixin.py:190} INFO - [2025-01-08T14:20:43.143+0000] {override.py:1911} INFO - Created Permission View: can delete on DAG:example_bash_operator
[2025-01-08T14:20:43.285+0000] {logging_mixin.py:190} INFO - [2025-01-08T14:20:43.285+0000] {override.py:1911} INFO - Created Permission View: can create on DAG Run:example_bash_operator
[2025-01-08T14:20:43.332+0000] {logging_mixin.py:190} INFO - [2025-01-08T14:20:43.331+0000] {override.py:1911} INFO - Created Permission View: can read on DAG Run:example_bash_operator
[2025-01-08T14:20:43.344+0000] {logging_mixin.py:190} INFO - [2025-01-08T14:20:43.343+0000] {override.py:1911} INFO - Created Permission View: can delete on DAG Run:example_bash_operator
[2025-01-08T14:20:43.378+0000] {logging_mixin.py:190} INFO - [2025-01-08T14:20:43.375+0000] {override.py:1911} INFO - Created Permission View: menu access on DAG Run:example_bash_operator
[2025-01-08T14:20:43.408+0000] {logging_mixin.py:190} INFO - [2025-01-08T14:20:43.407+0000] {dag.py:3239} INFO - Sync 1 DAGs
[2025-01-08T14:20:43.459+0000] {logging_mixin.py:190} INFO - [2025-01-08T14:20:43.458+0000] {dag.py:3262} INFO - Creating ORM DAG for example_bash_operator
[2025-01-08T14:20:43.540+0000] {logging_mixin.py:190} INFO - [2025-01-08T14:20:43.539+0000] {dag.py:4180} INFO - Setting next_dagrun for example_bash_operator to 2025-01-07 00:00:00+00:00, run_after=2025-01-08 00:00:00+00:00
[2025-01-08T14:20:43.613+0000] {processor.py:208} INFO - Processing /home/airflow/.local/lib/python3.12/site-packages/airflow/example_dags/example_bash_operator.py took 0.899 seconds
[2025-01-08T14:21:55.779+0000] {processor.py:186} INFO - Started process (PID=183) to work on /home/airflow/.local/lib/python3.12/site-packages/airflow/example_dags/example_bash_operator.py
[2025-01-08T14:21:55.790+0000] {processor.py:914} INFO - Processing file /home/airflow/.local/lib/python3.12/site-packages/airflow/example_dags/example_bash_operator.py for tasks to queue
[2025-01-08T14:21:55.793+0000] {logging_mixin.py:190} INFO - [2025-01-08T14:21:55.793+0000] {dagbag.py:588} INFO - Filling up the DagBag from /home/airflow/.local/lib/python3.12/site-packages/airflow/example_dags/example_bash_operator.py
[2025-01-08T14:21:55.809+0000] {processor.py:925} INFO - DAG(s) 'example_bash_operator' retrieved from /home/airflow/.local/lib/python3.12/site-packages/airflow/example_dags/example_bash_operator.py
[2025-01-08T14:21:55.841+0000] {logging_mixin.py:190} INFO - [2025-01-08T14:21:55.840+0000] {dag.py:3239} INFO - Sync 1 DAGs
[2025-01-08T14:21:55.906+0000] {logging_mixin.py:190} INFO - [2025-01-08T14:21:55.906+0000] {dag.py:4180} INFO - Setting next_dagrun for example_bash_operator to 2025-01-07 00:00:00+00:00, run_after=2025-01-08 00:00:00+00:00
[2025-01-08T14:21:55.969+0000] {processor.py:208} INFO - Processing /home/airflow/.local/lib/python3.12/site-packages/airflow/example_dags/example_bash_operator.py took 0.218 seconds
