[2025-01-08T14:20:19.805+0000] {processor.py:186} INFO - Started process (PID=100) to work on /home/airflow/.local/lib/python3.12/site-packages/airflow/example_dags/example_python_decorator.py
[2025-01-08T14:20:20.064+0000] {processor.py:914} INFO - Processing file /home/airflow/.local/lib/python3.12/site-packages/airflow/example_dags/example_python_decorator.py for tasks to queue
[2025-01-08T14:20:20.076+0000] {logging_mixin.py:190} INFO - [2025-01-08T14:20:20.074+0000] {dagbag.py:588} INFO - Filling up the DagBag from /home/airflow/.local/lib/python3.12/site-packages/airflow/example_dags/example_python_decorator.py
[2025-01-08T14:20:20.182+0000] {processor.py:925} INFO - DAG(s) 'example_python_decorator' retrieved from /home/airflow/.local/lib/python3.12/site-packages/airflow/example_dags/example_python_decorator.py
[2025-01-08T14:20:24.070+0000] {logging_mixin.py:190} INFO - [2025-01-08T14:20:24.067+0000] {override.py:1911} INFO - Created Permission View: can read on DAG:example_python_decorator
[2025-01-08T14:20:24.460+0000] {logging_mixin.py:190} INFO - [2025-01-08T14:20:24.460+0000] {override.py:1911} INFO - Created Permission View: can edit on DAG:example_python_decorator
[2025-01-08T14:20:24.662+0000] {logging_mixin.py:190} INFO - [2025-01-08T14:20:24.659+0000] {override.py:1911} INFO - Created Permission View: can delete on DAG:example_python_decorator
[2025-01-08T14:20:24.933+0000] {logging_mixin.py:190} INFO - [2025-01-08T14:20:24.933+0000] {override.py:1911} INFO - Created Permission View: can create on DAG Run:example_python_decorator
[2025-01-08T14:20:25.106+0000] {logging_mixin.py:190} INFO - [2025-01-08T14:20:25.100+0000] {override.py:1911} INFO - Created Permission View: can read on DAG Run:example_python_decorator
[2025-01-08T14:20:25.202+0000] {logging_mixin.py:190} INFO - [2025-01-08T14:20:25.201+0000] {override.py:1911} INFO - Created Permission View: can delete on DAG Run:example_python_decorator
[2025-01-08T14:20:25.279+0000] {logging_mixin.py:190} INFO - [2025-01-08T14:20:25.260+0000] {override.py:1911} INFO - Created Permission View: menu access on DAG Run:example_python_decorator
[2025-01-08T14:20:25.284+0000] {logging_mixin.py:190} INFO - [2025-01-08T14:20:25.282+0000] {dag.py:3239} INFO - Sync 1 DAGs
[2025-01-08T14:20:25.551+0000] {logging_mixin.py:190} INFO - [2025-01-08T14:20:25.439+0000] {dag.py:3262} INFO - Creating ORM DAG for example_python_decorator
[2025-01-08T14:20:25.589+0000] {logging_mixin.py:190} INFO - [2025-01-08T14:20:25.571+0000] {dag.py:4180} INFO - Setting next_dagrun for example_python_decorator to None, run_after=None
[2025-01-08T14:20:26.174+0000] {processor.py:208} INFO - Processing /home/airflow/.local/lib/python3.12/site-packages/airflow/example_dags/example_python_decorator.py took 6.783 seconds
[2025-01-08T14:21:54.032+0000] {processor.py:186} INFO - Started process (PID=174) to work on /home/airflow/.local/lib/python3.12/site-packages/airflow/example_dags/example_python_decorator.py
[2025-01-08T14:21:54.060+0000] {processor.py:914} INFO - Processing file /home/airflow/.local/lib/python3.12/site-packages/airflow/example_dags/example_python_decorator.py for tasks to queue
[2025-01-08T14:21:54.064+0000] {logging_mixin.py:190} INFO - [2025-01-08T14:21:54.063+0000] {dagbag.py:588} INFO - Filling up the DagBag from /home/airflow/.local/lib/python3.12/site-packages/airflow/example_dags/example_python_decorator.py
[2025-01-08T14:21:54.091+0000] {processor.py:925} INFO - DAG(s) 'example_python_decorator' retrieved from /home/airflow/.local/lib/python3.12/site-packages/airflow/example_dags/example_python_decorator.py
[2025-01-08T14:21:54.127+0000] {logging_mixin.py:190} INFO - [2025-01-08T14:21:54.127+0000] {dag.py:3239} INFO - Sync 1 DAGs
[2025-01-08T14:21:54.223+0000] {logging_mixin.py:190} INFO - [2025-01-08T14:21:54.223+0000] {dag.py:4180} INFO - Setting next_dagrun for example_python_decorator to None, run_after=None
[2025-01-08T14:21:54.290+0000] {processor.py:208} INFO - Processing /home/airflow/.local/lib/python3.12/site-packages/airflow/example_dags/example_python_decorator.py took 0.271 seconds
