[2025-01-08T14:21:31.979+0000] {processor.py:186} INFO - Started process (PID=150) to work on /home/airflow/.local/lib/python3.12/site-packages/airflow/example_dags/example_bash_decorator.py
[2025-01-08T14:21:32.002+0000] {processor.py:914} INFO - Processing file /home/airflow/.local/lib/python3.12/site-packages/airflow/example_dags/example_bash_decorator.py for tasks to queue
[2025-01-08T14:21:32.028+0000] {logging_mixin.py:190} INFO - [2025-01-08T14:21:32.028+0000] {dagbag.py:588} INFO - Filling up the DagBag from /home/airflow/.local/lib/python3.12/site-packages/airflow/example_dags/example_bash_decorator.py
[2025-01-08T14:21:32.077+0000] {processor.py:925} INFO - DAG(s) 'example_bash_decorator' retrieved from /home/airflow/.local/lib/python3.12/site-packages/airflow/example_dags/example_bash_decorator.py
[2025-01-08T14:21:32.537+0000] {logging_mixin.py:190} INFO - [2025-01-08T14:21:32.535+0000] {override.py:1911} INFO - Created Permission View: can read on DAG:example_bash_decorator
[2025-01-08T14:21:32.658+0000] {logging_mixin.py:190} INFO - [2025-01-08T14:21:32.658+0000] {override.py:1911} INFO - Created Permission View: can edit on DAG:example_bash_decorator
[2025-01-08T14:21:32.721+0000] {logging_mixin.py:190} INFO - [2025-01-08T14:21:32.721+0000] {override.py:1911} INFO - Created Permission View: can delete on DAG:example_bash_decorator
[2025-01-08T14:21:32.860+0000] {logging_mixin.py:190} INFO - [2025-01-08T14:21:32.859+0000] {override.py:1911} INFO - Created Permission View: can create on DAG Run:example_bash_decorator
[2025-01-08T14:21:32.937+0000] {logging_mixin.py:190} INFO - [2025-01-08T14:21:32.904+0000] {override.py:1911} INFO - Created Permission View: can read on DAG Run:example_bash_decorator
[2025-01-08T14:21:33.018+0000] {logging_mixin.py:190} INFO - [2025-01-08T14:21:33.017+0000] {override.py:1911} INFO - Created Permission View: can delete on DAG Run:example_bash_decorator
[2025-01-08T14:21:33.165+0000] {logging_mixin.py:190} INFO - [2025-01-08T14:21:33.162+0000] {override.py:1911} INFO - Created Permission View: menu access on DAG Run:example_bash_decorator
[2025-01-08T14:21:33.168+0000] {logging_mixin.py:190} INFO - [2025-01-08T14:21:33.167+0000] {dag.py:3239} INFO - Sync 1 DAGs
[2025-01-08T14:21:33.201+0000] {logging_mixin.py:190} INFO - [2025-01-08T14:21:33.201+0000] {dag.py:3262} INFO - Creating ORM DAG for example_bash_decorator
[2025-01-08T14:21:33.229+0000] {logging_mixin.py:190} INFO - [2025-01-08T14:21:33.229+0000] {dag.py:4180} INFO - Setting next_dagrun for example_bash_decorator to None, run_after=None
[2025-01-08T14:21:33.425+0000] {processor.py:208} INFO - Processing /home/airflow/.local/lib/python3.12/site-packages/airflow/example_dags/example_bash_decorator.py took 1.467 seconds
[2025-01-08T14:22:03.590+0000] {processor.py:186} INFO - Started process (PID=214) to work on /home/airflow/.local/lib/python3.12/site-packages/airflow/example_dags/example_bash_decorator.py
[2025-01-08T14:22:03.597+0000] {processor.py:914} INFO - Processing file /home/airflow/.local/lib/python3.12/site-packages/airflow/example_dags/example_bash_decorator.py for tasks to queue
[2025-01-08T14:22:03.603+0000] {logging_mixin.py:190} INFO - [2025-01-08T14:22:03.602+0000] {dagbag.py:588} INFO - Filling up the DagBag from /home/airflow/.local/lib/python3.12/site-packages/airflow/example_dags/example_bash_decorator.py
[2025-01-08T14:22:03.646+0000] {processor.py:925} INFO - DAG(s) 'example_bash_decorator' retrieved from /home/airflow/.local/lib/python3.12/site-packages/airflow/example_dags/example_bash_decorator.py
[2025-01-08T14:22:03.681+0000] {logging_mixin.py:190} INFO - [2025-01-08T14:22:03.680+0000] {dag.py:3239} INFO - Sync 1 DAGs
[2025-01-08T14:22:03.739+0000] {logging_mixin.py:190} INFO - [2025-01-08T14:22:03.739+0000] {dag.py:4180} INFO - Setting next_dagrun for example_bash_decorator to None, run_after=None
[2025-01-08T14:22:03.823+0000] {processor.py:208} INFO - Processing /home/airflow/.local/lib/python3.12/site-packages/airflow/example_dags/example_bash_decorator.py took 0.248 seconds
