[2025-01-08T14:20:45.733+0000] {processor.py:186} INFO - Started process (PID=121) to work on /home/airflow/.local/lib/python3.12/site-packages/airflow/example_dags/example_branch_day_of_week_operator.py
[2025-01-08T14:20:45.739+0000] {processor.py:914} INFO - Processing file /home/airflow/.local/lib/python3.12/site-packages/airflow/example_dags/example_branch_day_of_week_operator.py for tasks to queue
[2025-01-08T14:20:45.749+0000] {logging_mixin.py:190} INFO - [2025-01-08T14:20:45.748+0000] {dagbag.py:588} INFO - Filling up the DagBag from /home/airflow/.local/lib/python3.12/site-packages/airflow/example_dags/example_branch_day_of_week_operator.py
[2025-01-08T14:20:45.807+0000] {processor.py:925} INFO - DAG(s) 'example_weekday_branch_operator' retrieved from /home/airflow/.local/lib/python3.12/site-packages/airflow/example_dags/example_branch_day_of_week_operator.py
[2025-01-08T14:20:46.382+0000] {logging_mixin.py:190} INFO - [2025-01-08T14:20:46.381+0000] {override.py:1911} INFO - Created Permission View: can read on DAG:example_weekday_branch_operator
[2025-01-08T14:20:46.399+0000] {logging_mixin.py:190} INFO - [2025-01-08T14:20:46.399+0000] {override.py:1911} INFO - Created Permission View: can edit on DAG:example_weekday_branch_operator
[2025-01-08T14:20:46.424+0000] {logging_mixin.py:190} INFO - [2025-01-08T14:20:46.423+0000] {override.py:1911} INFO - Created Permission View: can delete on DAG:example_weekday_branch_operator
[2025-01-08T14:20:46.483+0000] {logging_mixin.py:190} INFO - [2025-01-08T14:20:46.483+0000] {override.py:1911} INFO - Created Permission View: can create on DAG Run:example_weekday_branch_operator
[2025-01-08T14:20:46.499+0000] {logging_mixin.py:190} INFO - [2025-01-08T14:20:46.498+0000] {override.py:1911} INFO - Created Permission View: can read on DAG Run:example_weekday_branch_operator
[2025-01-08T14:20:46.577+0000] {logging_mixin.py:190} INFO - [2025-01-08T14:20:46.572+0000] {override.py:1911} INFO - Created Permission View: can delete on DAG Run:example_weekday_branch_operator
[2025-01-08T14:20:46.657+0000] {logging_mixin.py:190} INFO - [2025-01-08T14:20:46.657+0000] {override.py:1911} INFO - Created Permission View: menu access on DAG Run:example_weekday_branch_operator
[2025-01-08T14:20:46.658+0000] {logging_mixin.py:190} INFO - [2025-01-08T14:20:46.658+0000] {dag.py:3239} INFO - Sync 1 DAGs
[2025-01-08T14:20:46.682+0000] {logging_mixin.py:190} INFO - [2025-01-08T14:20:46.682+0000] {dag.py:3262} INFO - Creating ORM DAG for example_weekday_branch_operator
[2025-01-08T14:20:46.843+0000] {logging_mixin.py:190} INFO - [2025-01-08T14:20:46.843+0000] {dag.py:4180} INFO - Setting next_dagrun for example_weekday_branch_operator to 2025-01-07 00:00:00+00:00, run_after=2025-01-08 00:00:00+00:00
[2025-01-08T14:20:46.904+0000] {processor.py:208} INFO - Processing /home/airflow/.local/lib/python3.12/site-packages/airflow/example_dags/example_branch_day_of_week_operator.py took 1.182 seconds
[2025-01-08T14:21:56.851+0000] {processor.py:186} INFO - Started process (PID=189) to work on /home/airflow/.local/lib/python3.12/site-packages/airflow/example_dags/example_branch_day_of_week_operator.py
[2025-01-08T14:21:56.883+0000] {processor.py:914} INFO - Processing file /home/airflow/.local/lib/python3.12/site-packages/airflow/example_dags/example_branch_day_of_week_operator.py for tasks to queue
[2025-01-08T14:21:56.886+0000] {logging_mixin.py:190} INFO - [2025-01-08T14:21:56.885+0000] {dagbag.py:588} INFO - Filling up the DagBag from /home/airflow/.local/lib/python3.12/site-packages/airflow/example_dags/example_branch_day_of_week_operator.py
[2025-01-08T14:21:56.898+0000] {processor.py:925} INFO - DAG(s) 'example_weekday_branch_operator' retrieved from /home/airflow/.local/lib/python3.12/site-packages/airflow/example_dags/example_branch_day_of_week_operator.py
[2025-01-08T14:21:56.920+0000] {logging_mixin.py:190} INFO - [2025-01-08T14:21:56.920+0000] {dag.py:3239} INFO - Sync 1 DAGs
[2025-01-08T14:21:56.963+0000] {logging_mixin.py:190} INFO - [2025-01-08T14:21:56.962+0000] {dag.py:4180} INFO - Setting next_dagrun for example_weekday_branch_operator to 2025-01-07 00:00:00+00:00, run_after=2025-01-08 00:00:00+00:00
[2025-01-08T14:21:57.044+0000] {processor.py:208} INFO - Processing /home/airflow/.local/lib/python3.12/site-packages/airflow/example_dags/example_branch_day_of_week_operator.py took 0.200 seconds
