[2025-01-08T14:20:45.280+0000] {processor.py:186} INFO - Started process (PID=120) to work on /home/airflow/.local/lib/python3.12/site-packages/airflow/example_dags/example_dynamic_task_mapping.py
[2025-01-08T14:20:45.304+0000] {processor.py:914} INFO - Processing file /home/airflow/.local/lib/python3.12/site-packages/airflow/example_dags/example_dynamic_task_mapping.py for tasks to queue
[2025-01-08T14:20:45.307+0000] {logging_mixin.py:190} INFO - [2025-01-08T14:20:45.307+0000] {dagbag.py:588} INFO - Filling up the DagBag from /home/airflow/.local/lib/python3.12/site-packages/airflow/example_dags/example_dynamic_task_mapping.py
[2025-01-08T14:20:45.365+0000] {processor.py:925} INFO - DAG(s) 'example_dynamic_task_mapping' retrieved from /home/airflow/.local/lib/python3.12/site-packages/airflow/example_dags/example_dynamic_task_mapping.py
[2025-01-08T14:20:45.717+0000] {logging_mixin.py:190} INFO - [2025-01-08T14:20:45.716+0000] {override.py:1911} INFO - Created Permission View: can read on DAG:example_dynamic_task_mapping
[2025-01-08T14:20:45.743+0000] {logging_mixin.py:190} INFO - [2025-01-08T14:20:45.743+0000] {override.py:1911} INFO - Created Permission View: can edit on DAG:example_dynamic_task_mapping
[2025-01-08T14:20:45.756+0000] {logging_mixin.py:190} INFO - [2025-01-08T14:20:45.755+0000] {override.py:1911} INFO - Created Permission View: can delete on DAG:example_dynamic_task_mapping
[2025-01-08T14:20:45.803+0000] {logging_mixin.py:190} INFO - [2025-01-08T14:20:45.803+0000] {override.py:1911} INFO - Created Permission View: can create on DAG Run:example_dynamic_task_mapping
[2025-01-08T14:20:45.859+0000] {logging_mixin.py:190} INFO - [2025-01-08T14:20:45.858+0000] {override.py:1911} INFO - Created Permission View: can read on DAG Run:example_dynamic_task_mapping
[2025-01-08T14:20:45.904+0000] {logging_mixin.py:190} INFO - [2025-01-08T14:20:45.904+0000] {override.py:1911} INFO - Created Permission View: can delete on DAG Run:example_dynamic_task_mapping
[2025-01-08T14:20:45.977+0000] {logging_mixin.py:190} INFO - [2025-01-08T14:20:45.977+0000] {override.py:1911} INFO - Created Permission View: menu access on DAG Run:example_dynamic_task_mapping
[2025-01-08T14:20:45.978+0000] {logging_mixin.py:190} INFO - [2025-01-08T14:20:45.978+0000] {dag.py:3239} INFO - Sync 1 DAGs
[2025-01-08T14:20:46.066+0000] {logging_mixin.py:190} INFO - [2025-01-08T14:20:46.066+0000] {dag.py:3262} INFO - Creating ORM DAG for example_dynamic_task_mapping
[2025-01-08T14:20:46.074+0000] {logging_mixin.py:190} INFO - [2025-01-08T14:20:46.074+0000] {dag.py:4180} INFO - Setting next_dagrun for example_dynamic_task_mapping to None, run_after=None
[2025-01-08T14:20:46.108+0000] {processor.py:208} INFO - Processing /home/airflow/.local/lib/python3.12/site-packages/airflow/example_dags/example_dynamic_task_mapping.py took 0.837 seconds
[2025-01-08T14:21:56.511+0000] {processor.py:186} INFO - Started process (PID=188) to work on /home/airflow/.local/lib/python3.12/site-packages/airflow/example_dags/example_dynamic_task_mapping.py
[2025-01-08T14:21:56.538+0000] {processor.py:914} INFO - Processing file /home/airflow/.local/lib/python3.12/site-packages/airflow/example_dags/example_dynamic_task_mapping.py for tasks to queue
[2025-01-08T14:21:56.545+0000] {logging_mixin.py:190} INFO - [2025-01-08T14:21:56.545+0000] {dagbag.py:588} INFO - Filling up the DagBag from /home/airflow/.local/lib/python3.12/site-packages/airflow/example_dags/example_dynamic_task_mapping.py
[2025-01-08T14:21:56.559+0000] {processor.py:925} INFO - DAG(s) 'example_dynamic_task_mapping' retrieved from /home/airflow/.local/lib/python3.12/site-packages/airflow/example_dags/example_dynamic_task_mapping.py
[2025-01-08T14:21:56.584+0000] {logging_mixin.py:190} INFO - [2025-01-08T14:21:56.584+0000] {dag.py:3239} INFO - Sync 1 DAGs
[2025-01-08T14:21:56.638+0000] {logging_mixin.py:190} INFO - [2025-01-08T14:21:56.638+0000] {dag.py:4180} INFO - Setting next_dagrun for example_dynamic_task_mapping to None, run_after=None
[2025-01-08T14:21:56.765+0000] {processor.py:208} INFO - Processing /home/airflow/.local/lib/python3.12/site-packages/airflow/example_dags/example_dynamic_task_mapping.py took 0.260 seconds
