[2025-01-08T14:19:18.713+0000] {processor.py:186} INFO - Started process (PID=77) to work on /home/airflow/.local/lib/python3.12/site-packages/airflow/example_dags/example_branch_python_dop_operator_3.py
[2025-01-08T14:19:18.845+0000] {processor.py:914} INFO - Processing file /home/airflow/.local/lib/python3.12/site-packages/airflow/example_dags/example_branch_python_dop_operator_3.py for tasks to queue
[2025-01-08T14:19:18.986+0000] {logging_mixin.py:190} INFO - [2025-01-08T14:19:18.985+0000] {dagbag.py:588} INFO - Filling up the DagBag from /home/airflow/.local/lib/python3.12/site-packages/airflow/example_dags/example_branch_python_dop_operator_3.py
[2025-01-08T14:19:19.123+0000] {processor.py:925} INFO - DAG(s) 'example_branch_dop_operator_v3' retrieved from /home/airflow/.local/lib/python3.12/site-packages/airflow/example_dags/example_branch_python_dop_operator_3.py
[2025-01-08T14:19:21.875+0000] {logging_mixin.py:190} INFO - [2025-01-08T14:19:21.862+0000] {override.py:1911} INFO - Created Permission View: can read on DAG:example_branch_dop_operator_v3
[2025-01-08T14:19:22.925+0000] {logging_mixin.py:190} INFO - [2025-01-08T14:19:22.924+0000] {override.py:1911} INFO - Created Permission View: can edit on DAG:example_branch_dop_operator_v3
[2025-01-08T14:19:23.841+0000] {logging_mixin.py:190} INFO - [2025-01-08T14:19:23.840+0000] {override.py:1911} INFO - Created Permission View: can delete on DAG:example_branch_dop_operator_v3
[2025-01-08T14:19:24.400+0000] {logging_mixin.py:190} INFO - [2025-01-08T14:19:24.400+0000] {override.py:1911} INFO - Created Permission View: can create on DAG Run:example_branch_dop_operator_v3
[2025-01-08T14:19:24.838+0000] {logging_mixin.py:190} INFO - [2025-01-08T14:19:24.836+0000] {override.py:1911} INFO - Created Permission View: can read on DAG Run:example_branch_dop_operator_v3
[2025-01-08T14:19:25.626+0000] {logging_mixin.py:190} INFO - [2025-01-08T14:19:25.626+0000] {override.py:1911} INFO - Created Permission View: can delete on DAG Run:example_branch_dop_operator_v3
[2025-01-08T14:19:25.849+0000] {logging_mixin.py:190} INFO - [2025-01-08T14:19:25.848+0000] {override.py:1911} INFO - Created Permission View: menu access on DAG Run:example_branch_dop_operator_v3
[2025-01-08T14:19:25.852+0000] {logging_mixin.py:190} INFO - [2025-01-08T14:19:25.850+0000] {dag.py:3239} INFO - Sync 1 DAGs
[2025-01-08T14:19:25.980+0000] {logging_mixin.py:190} INFO - [2025-01-08T14:19:25.980+0000] {dag.py:3262} INFO - Creating ORM DAG for example_branch_dop_operator_v3
[2025-01-08T14:19:26.153+0000] {logging_mixin.py:190} INFO - [2025-01-08T14:19:26.153+0000] {dag.py:4180} INFO - Setting next_dagrun for example_branch_dop_operator_v3 to 2025-01-08 14:18:00+00:00, run_after=2025-01-08 14:19:00+00:00
[2025-01-08T14:19:27.123+0000] {processor.py:208} INFO - Processing /home/airflow/.local/lib/python3.12/site-packages/airflow/example_dags/example_branch_python_dop_operator_3.py took 8.425 seconds
[2025-01-08T14:21:45.386+0000] {processor.py:186} INFO - Started process (PID=163) to work on /home/airflow/.local/lib/python3.12/site-packages/airflow/example_dags/example_branch_python_dop_operator_3.py
[2025-01-08T14:21:45.400+0000] {processor.py:914} INFO - Processing file /home/airflow/.local/lib/python3.12/site-packages/airflow/example_dags/example_branch_python_dop_operator_3.py for tasks to queue
[2025-01-08T14:21:45.417+0000] {logging_mixin.py:190} INFO - [2025-01-08T14:21:45.408+0000] {dagbag.py:588} INFO - Filling up the DagBag from /home/airflow/.local/lib/python3.12/site-packages/airflow/example_dags/example_branch_python_dop_operator_3.py
[2025-01-08T14:21:45.516+0000] {processor.py:925} INFO - DAG(s) 'example_branch_dop_operator_v3' retrieved from /home/airflow/.local/lib/python3.12/site-packages/airflow/example_dags/example_branch_python_dop_operator_3.py
[2025-01-08T14:21:45.897+0000] {logging_mixin.py:190} INFO - [2025-01-08T14:21:45.897+0000] {dag.py:3239} INFO - Sync 1 DAGs
[2025-01-08T14:21:46.137+0000] {logging_mixin.py:190} INFO - [2025-01-08T14:21:46.116+0000] {dag.py:4180} INFO - Setting next_dagrun for example_branch_dop_operator_v3 to 2025-01-08 14:20:00+00:00, run_after=2025-01-08 14:21:00+00:00
[2025-01-08T14:21:46.398+0000] {processor.py:208} INFO - Processing /home/airflow/.local/lib/python3.12/site-packages/airflow/example_dags/example_branch_python_dop_operator_3.py took 1.058 seconds
[2025-01-08T14:22:16.811+0000] {processor.py:186} INFO - Started process (PID=227) to work on /home/airflow/.local/lib/python3.12/site-packages/airflow/example_dags/example_branch_python_dop_operator_3.py
[2025-01-08T14:22:16.824+0000] {processor.py:914} INFO - Processing file /home/airflow/.local/lib/python3.12/site-packages/airflow/example_dags/example_branch_python_dop_operator_3.py for tasks to queue
[2025-01-08T14:22:16.827+0000] {logging_mixin.py:190} INFO - [2025-01-08T14:22:16.827+0000] {dagbag.py:588} INFO - Filling up the DagBag from /home/airflow/.local/lib/python3.12/site-packages/airflow/example_dags/example_branch_python_dop_operator_3.py
[2025-01-08T14:22:16.856+0000] {processor.py:925} INFO - DAG(s) 'example_branch_dop_operator_v3' retrieved from /home/airflow/.local/lib/python3.12/site-packages/airflow/example_dags/example_branch_python_dop_operator_3.py
[2025-01-08T14:22:16.912+0000] {logging_mixin.py:190} INFO - [2025-01-08T14:22:16.911+0000] {dag.py:3239} INFO - Sync 1 DAGs
[2025-01-08T14:22:17.052+0000] {logging_mixin.py:190} INFO - [2025-01-08T14:22:17.052+0000] {dag.py:4180} INFO - Setting next_dagrun for example_branch_dop_operator_v3 to 2025-01-08 14:21:00+00:00, run_after=2025-01-08 14:22:00+00:00
[2025-01-08T14:22:17.113+0000] {processor.py:208} INFO - Processing /home/airflow/.local/lib/python3.12/site-packages/airflow/example_dags/example_branch_python_dop_operator_3.py took 0.339 seconds
