[2025-01-08T14:20:48.558+0000] {processor.py:186} INFO - Started process (PID=125) to work on /home/airflow/.local/lib/python3.12/site-packages/airflow/example_dags/tutorial_taskflow_api_virtualenv.py
[2025-01-08T14:20:48.560+0000] {processor.py:914} INFO - Processing file /home/airflow/.local/lib/python3.12/site-packages/airflow/example_dags/tutorial_taskflow_api_virtualenv.py for tasks to queue
[2025-01-08T14:20:48.565+0000] {logging_mixin.py:190} INFO - [2025-01-08T14:20:48.565+0000] {dagbag.py:588} INFO - Filling up the DagBag from /home/airflow/.local/lib/python3.12/site-packages/airflow/example_dags/tutorial_taskflow_api_virtualenv.py
[2025-01-08T14:20:48.686+0000] {processor.py:925} INFO - DAG(s) 'tutorial_taskflow_api_virtualenv' retrieved from /home/airflow/.local/lib/python3.12/site-packages/airflow/example_dags/tutorial_taskflow_api_virtualenv.py
[2025-01-08T14:20:49.406+0000] {logging_mixin.py:190} INFO - [2025-01-08T14:20:49.405+0000] {override.py:1911} INFO - Created Permission View: can read on DAG:tutorial_taskflow_api_virtualenv
[2025-01-08T14:20:49.462+0000] {logging_mixin.py:190} INFO - [2025-01-08T14:20:49.461+0000] {override.py:1911} INFO - Created Permission View: can edit on DAG:tutorial_taskflow_api_virtualenv
[2025-01-08T14:20:49.549+0000] {logging_mixin.py:190} INFO - [2025-01-08T14:20:49.549+0000] {override.py:1911} INFO - Created Permission View: can delete on DAG:tutorial_taskflow_api_virtualenv
[2025-01-08T14:20:49.573+0000] {logging_mixin.py:190} INFO - [2025-01-08T14:20:49.572+0000] {override.py:1911} INFO - Created Permission View: can create on DAG Run:tutorial_taskflow_api_virtualenv
[2025-01-08T14:20:49.620+0000] {logging_mixin.py:190} INFO - [2025-01-08T14:20:49.613+0000] {override.py:1911} INFO - Created Permission View: can read on DAG Run:tutorial_taskflow_api_virtualenv
[2025-01-08T14:20:49.685+0000] {logging_mixin.py:190} INFO - [2025-01-08T14:20:49.685+0000] {override.py:1911} INFO - Created Permission View: can delete on DAG Run:tutorial_taskflow_api_virtualenv
[2025-01-08T14:20:49.693+0000] {logging_mixin.py:190} INFO - [2025-01-08T14:20:49.693+0000] {override.py:1911} INFO - Created Permission View: menu access on DAG Run:tutorial_taskflow_api_virtualenv
[2025-01-08T14:20:49.694+0000] {logging_mixin.py:190} INFO - [2025-01-08T14:20:49.694+0000] {dag.py:3239} INFO - Sync 1 DAGs
[2025-01-08T14:20:49.722+0000] {logging_mixin.py:190} INFO - [2025-01-08T14:20:49.722+0000] {dag.py:3262} INFO - Creating ORM DAG for tutorial_taskflow_api_virtualenv
[2025-01-08T14:20:49.728+0000] {logging_mixin.py:190} INFO - [2025-01-08T14:20:49.728+0000] {dag.py:4180} INFO - Setting next_dagrun for tutorial_taskflow_api_virtualenv to None, run_after=None
[2025-01-08T14:20:49.799+0000] {processor.py:208} INFO - Processing /home/airflow/.local/lib/python3.12/site-packages/airflow/example_dags/tutorial_taskflow_api_virtualenv.py took 1.293 seconds
[2025-01-08T14:21:57.584+0000] {processor.py:186} INFO - Started process (PID=193) to work on /home/airflow/.local/lib/python3.12/site-packages/airflow/example_dags/tutorial_taskflow_api_virtualenv.py
[2025-01-08T14:21:57.595+0000] {processor.py:914} INFO - Processing file /home/airflow/.local/lib/python3.12/site-packages/airflow/example_dags/tutorial_taskflow_api_virtualenv.py for tasks to queue
[2025-01-08T14:21:57.599+0000] {logging_mixin.py:190} INFO - [2025-01-08T14:21:57.599+0000] {dagbag.py:588} INFO - Filling up the DagBag from /home/airflow/.local/lib/python3.12/site-packages/airflow/example_dags/tutorial_taskflow_api_virtualenv.py
[2025-01-08T14:21:57.625+0000] {processor.py:925} INFO - DAG(s) 'tutorial_taskflow_api_virtualenv' retrieved from /home/airflow/.local/lib/python3.12/site-packages/airflow/example_dags/tutorial_taskflow_api_virtualenv.py
[2025-01-08T14:21:57.654+0000] {logging_mixin.py:190} INFO - [2025-01-08T14:21:57.653+0000] {dag.py:3239} INFO - Sync 1 DAGs
[2025-01-08T14:21:57.674+0000] {logging_mixin.py:190} INFO - [2025-01-08T14:21:57.674+0000] {dag.py:4180} INFO - Setting next_dagrun for tutorial_taskflow_api_virtualenv to None, run_after=None
[2025-01-08T14:21:57.774+0000] {processor.py:208} INFO - Processing /home/airflow/.local/lib/python3.12/site-packages/airflow/example_dags/tutorial_taskflow_api_virtualenv.py took 0.206 seconds
