[2025-01-08T14:21:07.013+0000] {processor.py:186} INFO - Started process (PID=139) to work on /home/airflow/.local/lib/python3.12/site-packages/airflow/example_dags/tutorial_dag.py
[2025-01-08T14:21:07.060+0000] {processor.py:914} INFO - Processing file /home/airflow/.local/lib/python3.12/site-packages/airflow/example_dags/tutorial_dag.py for tasks to queue
[2025-01-08T14:21:07.076+0000] {logging_mixin.py:190} INFO - [2025-01-08T14:21:07.075+0000] {dagbag.py:588} INFO - Filling up the DagBag from /home/airflow/.local/lib/python3.12/site-packages/airflow/example_dags/tutorial_dag.py
[2025-01-08T14:21:07.229+0000] {processor.py:925} INFO - DAG(s) 'tutorial_dag' retrieved from /home/airflow/.local/lib/python3.12/site-packages/airflow/example_dags/tutorial_dag.py
[2025-01-08T14:21:08.461+0000] {logging_mixin.py:190} INFO - [2025-01-08T14:21:08.444+0000] {override.py:1911} INFO - Created Permission View: can read on DAG:tutorial_dag
[2025-01-08T14:21:08.536+0000] {logging_mixin.py:190} INFO - [2025-01-08T14:21:08.535+0000] {override.py:1911} INFO - Created Permission View: can edit on DAG:tutorial_dag
[2025-01-08T14:21:08.574+0000] {logging_mixin.py:190} INFO - [2025-01-08T14:21:08.574+0000] {override.py:1911} INFO - Created Permission View: can delete on DAG:tutorial_dag
[2025-01-08T14:21:08.674+0000] {logging_mixin.py:190} INFO - [2025-01-08T14:21:08.671+0000] {override.py:1911} INFO - Created Permission View: can create on DAG Run:tutorial_dag
[2025-01-08T14:21:08.756+0000] {logging_mixin.py:190} INFO - [2025-01-08T14:21:08.755+0000] {override.py:1911} INFO - Created Permission View: can read on DAG Run:tutorial_dag
[2025-01-08T14:21:08.810+0000] {logging_mixin.py:190} INFO - [2025-01-08T14:21:08.810+0000] {override.py:1911} INFO - Created Permission View: can delete on DAG Run:tutorial_dag
[2025-01-08T14:21:08.860+0000] {logging_mixin.py:190} INFO - [2025-01-08T14:21:08.860+0000] {override.py:1911} INFO - Created Permission View: menu access on DAG Run:tutorial_dag
[2025-01-08T14:21:08.861+0000] {logging_mixin.py:190} INFO - [2025-01-08T14:21:08.861+0000] {dag.py:3239} INFO - Sync 1 DAGs
[2025-01-08T14:21:08.984+0000] {logging_mixin.py:190} INFO - [2025-01-08T14:21:08.983+0000] {dag.py:3262} INFO - Creating ORM DAG for tutorial_dag
[2025-01-08T14:21:09.025+0000] {logging_mixin.py:190} INFO - [2025-01-08T14:21:09.025+0000] {dag.py:4180} INFO - Setting next_dagrun for tutorial_dag to None, run_after=None
[2025-01-08T14:21:09.280+0000] {processor.py:208} INFO - Processing /home/airflow/.local/lib/python3.12/site-packages/airflow/example_dags/tutorial_dag.py took 2.341 seconds
[2025-01-08T14:22:00.645+0000] {processor.py:186} INFO - Started process (PID=201) to work on /home/airflow/.local/lib/python3.12/site-packages/airflow/example_dags/tutorial_dag.py
[2025-01-08T14:22:00.663+0000] {processor.py:914} INFO - Processing file /home/airflow/.local/lib/python3.12/site-packages/airflow/example_dags/tutorial_dag.py for tasks to queue
[2025-01-08T14:22:00.668+0000] {logging_mixin.py:190} INFO - [2025-01-08T14:22:00.667+0000] {dagbag.py:588} INFO - Filling up the DagBag from /home/airflow/.local/lib/python3.12/site-packages/airflow/example_dags/tutorial_dag.py
[2025-01-08T14:22:00.683+0000] {processor.py:925} INFO - DAG(s) 'tutorial_dag' retrieved from /home/airflow/.local/lib/python3.12/site-packages/airflow/example_dags/tutorial_dag.py
[2025-01-08T14:22:00.703+0000] {logging_mixin.py:190} INFO - [2025-01-08T14:22:00.702+0000] {dag.py:3239} INFO - Sync 1 DAGs
[2025-01-08T14:22:00.728+0000] {logging_mixin.py:190} INFO - [2025-01-08T14:22:00.728+0000] {dag.py:4180} INFO - Setting next_dagrun for tutorial_dag to None, run_after=None
[2025-01-08T14:22:00.825+0000] {processor.py:208} INFO - Processing /home/airflow/.local/lib/python3.12/site-packages/airflow/example_dags/tutorial_dag.py took 0.185 seconds
