[2025-01-08T14:20:46.274+0000] {processor.py:186} INFO - Started process (PID=122) to work on /home/airflow/.local/lib/python3.12/site-packages/airflow/example_dags/tutorial_taskflow_templates.py
[2025-01-08T14:20:46.317+0000] {processor.py:914} INFO - Processing file /home/airflow/.local/lib/python3.12/site-packages/airflow/example_dags/tutorial_taskflow_templates.py for tasks to queue
[2025-01-08T14:20:46.325+0000] {logging_mixin.py:190} INFO - [2025-01-08T14:20:46.324+0000] {dagbag.py:588} INFO - Filling up the DagBag from /home/airflow/.local/lib/python3.12/site-packages/airflow/example_dags/tutorial_taskflow_templates.py
[2025-01-08T14:20:46.394+0000] {processor.py:925} INFO - DAG(s) 'tutorial_taskflow_templates' retrieved from /home/airflow/.local/lib/python3.12/site-packages/airflow/example_dags/tutorial_taskflow_templates.py
[2025-01-08T14:20:47.085+0000] {logging_mixin.py:190} INFO - [2025-01-08T14:20:47.083+0000] {override.py:1911} INFO - Created Permission View: can read on DAG:tutorial_taskflow_templates
[2025-01-08T14:20:47.117+0000] {logging_mixin.py:190} INFO - [2025-01-08T14:20:47.117+0000] {override.py:1911} INFO - Created Permission View: can edit on DAG:tutorial_taskflow_templates
[2025-01-08T14:20:47.183+0000] {logging_mixin.py:190} INFO - [2025-01-08T14:20:47.180+0000] {override.py:1911} INFO - Created Permission View: can delete on DAG:tutorial_taskflow_templates
[2025-01-08T14:20:47.263+0000] {logging_mixin.py:190} INFO - [2025-01-08T14:20:47.263+0000] {override.py:1911} INFO - Created Permission View: can create on DAG Run:tutorial_taskflow_templates
[2025-01-08T14:20:47.308+0000] {logging_mixin.py:190} INFO - [2025-01-08T14:20:47.307+0000] {override.py:1911} INFO - Created Permission View: can read on DAG Run:tutorial_taskflow_templates
[2025-01-08T14:20:47.384+0000] {logging_mixin.py:190} INFO - [2025-01-08T14:20:47.384+0000] {override.py:1911} INFO - Created Permission View: can delete on DAG Run:tutorial_taskflow_templates
[2025-01-08T14:20:47.423+0000] {logging_mixin.py:190} INFO - [2025-01-08T14:20:47.423+0000] {override.py:1911} INFO - Created Permission View: menu access on DAG Run:tutorial_taskflow_templates
[2025-01-08T14:20:47.424+0000] {logging_mixin.py:190} INFO - [2025-01-08T14:20:47.424+0000] {dag.py:3239} INFO - Sync 1 DAGs
[2025-01-08T14:20:47.470+0000] {logging_mixin.py:190} INFO - [2025-01-08T14:20:47.470+0000] {dag.py:3262} INFO - Creating ORM DAG for tutorial_taskflow_templates
[2025-01-08T14:20:47.508+0000] {logging_mixin.py:190} INFO - [2025-01-08T14:20:47.508+0000] {dag.py:4180} INFO - Setting next_dagrun for tutorial_taskflow_templates to 2025-01-07 00:00:00+00:00, run_after=2025-01-08 00:00:00+00:00
[2025-01-08T14:20:47.575+0000] {processor.py:208} INFO - Processing /home/airflow/.local/lib/python3.12/site-packages/airflow/example_dags/tutorial_taskflow_templates.py took 1.334 seconds
[2025-01-08T14:21:57.195+0000] {processor.py:186} INFO - Started process (PID=190) to work on /home/airflow/.local/lib/python3.12/site-packages/airflow/example_dags/tutorial_taskflow_templates.py
[2025-01-08T14:21:57.201+0000] {processor.py:914} INFO - Processing file /home/airflow/.local/lib/python3.12/site-packages/airflow/example_dags/tutorial_taskflow_templates.py for tasks to queue
[2025-01-08T14:21:57.209+0000] {logging_mixin.py:190} INFO - [2025-01-08T14:21:57.208+0000] {dagbag.py:588} INFO - Filling up the DagBag from /home/airflow/.local/lib/python3.12/site-packages/airflow/example_dags/tutorial_taskflow_templates.py
[2025-01-08T14:21:57.250+0000] {processor.py:925} INFO - DAG(s) 'tutorial_taskflow_templates' retrieved from /home/airflow/.local/lib/python3.12/site-packages/airflow/example_dags/tutorial_taskflow_templates.py
[2025-01-08T14:21:57.303+0000] {logging_mixin.py:190} INFO - [2025-01-08T14:21:57.303+0000] {dag.py:3239} INFO - Sync 1 DAGs
[2025-01-08T14:21:57.354+0000] {logging_mixin.py:190} INFO - [2025-01-08T14:21:57.353+0000] {dag.py:4180} INFO - Setting next_dagrun for tutorial_taskflow_templates to 2025-01-07 00:00:00+00:00, run_after=2025-01-08 00:00:00+00:00
[2025-01-08T14:21:57.414+0000] {processor.py:208} INFO - Processing /home/airflow/.local/lib/python3.12/site-packages/airflow/example_dags/tutorial_taskflow_templates.py took 0.236 seconds
