[2025-01-08T14:19:27.546+0000] {processor.py:186} INFO - Started process (PID=85) to work on /home/airflow/.local/lib/python3.12/site-packages/airflow/example_dags/tutorial.py
[2025-01-08T14:19:27.558+0000] {processor.py:914} INFO - Processing file /home/airflow/.local/lib/python3.12/site-packages/airflow/example_dags/tutorial.py for tasks to queue
[2025-01-08T14:19:27.655+0000] {logging_mixin.py:190} INFO - [2025-01-08T14:19:27.654+0000] {dagbag.py:588} INFO - Filling up the DagBag from /home/airflow/.local/lib/python3.12/site-packages/airflow/example_dags/tutorial.py
[2025-01-08T14:19:27.830+0000] {processor.py:925} INFO - DAG(s) 'tutorial' retrieved from /home/airflow/.local/lib/python3.12/site-packages/airflow/example_dags/tutorial.py
[2025-01-08T14:19:31.092+0000] {logging_mixin.py:190} INFO - [2025-01-08T14:19:31.090+0000] {override.py:1911} INFO - Created Permission View: can read on DAG:tutorial
[2025-01-08T14:19:31.383+0000] {logging_mixin.py:190} INFO - [2025-01-08T14:19:31.383+0000] {override.py:1911} INFO - Created Permission View: can edit on DAG:tutorial
[2025-01-08T14:19:31.424+0000] {logging_mixin.py:190} INFO - [2025-01-08T14:19:31.424+0000] {override.py:1911} INFO - Created Permission View: can delete on DAG:tutorial
[2025-01-08T14:19:31.489+0000] {logging_mixin.py:190} INFO - [2025-01-08T14:19:31.476+0000] {override.py:1911} INFO - Created Permission View: can create on DAG Run:tutorial
[2025-01-08T14:19:31.736+0000] {logging_mixin.py:190} INFO - [2025-01-08T14:19:31.725+0000] {override.py:1911} INFO - Created Permission View: can read on DAG Run:tutorial
[2025-01-08T14:19:31.900+0000] {logging_mixin.py:190} INFO - [2025-01-08T14:19:31.893+0000] {override.py:1911} INFO - Created Permission View: can delete on DAG Run:tutorial
[2025-01-08T14:19:32.217+0000] {logging_mixin.py:190} INFO - [2025-01-08T14:19:32.217+0000] {override.py:1911} INFO - Created Permission View: menu access on DAG Run:tutorial
[2025-01-08T14:19:32.218+0000] {logging_mixin.py:190} INFO - [2025-01-08T14:19:32.218+0000] {dag.py:3239} INFO - Sync 1 DAGs
[2025-01-08T14:19:32.392+0000] {logging_mixin.py:190} INFO - [2025-01-08T14:19:32.392+0000] {dag.py:3262} INFO - Creating ORM DAG for tutorial
[2025-01-08T14:19:32.817+0000] {logging_mixin.py:190} INFO - [2025-01-08T14:19:32.810+0000] {dag.py:4180} INFO - Setting next_dagrun for tutorial to 2025-01-07 00:00:00+00:00, run_after=2025-01-08 00:00:00+00:00
[2025-01-08T14:19:33.367+0000] {processor.py:208} INFO - Processing /home/airflow/.local/lib/python3.12/site-packages/airflow/example_dags/tutorial.py took 5.854 seconds
[2025-01-08T14:21:46.575+0000] {processor.py:186} INFO - Started process (PID=165) to work on /home/airflow/.local/lib/python3.12/site-packages/airflow/example_dags/tutorial.py
[2025-01-08T14:21:46.592+0000] {processor.py:914} INFO - Processing file /home/airflow/.local/lib/python3.12/site-packages/airflow/example_dags/tutorial.py for tasks to queue
[2025-01-08T14:21:46.709+0000] {logging_mixin.py:190} INFO - [2025-01-08T14:21:46.709+0000] {dagbag.py:588} INFO - Filling up the DagBag from /home/airflow/.local/lib/python3.12/site-packages/airflow/example_dags/tutorial.py
[2025-01-08T14:21:46.755+0000] {processor.py:925} INFO - DAG(s) 'tutorial' retrieved from /home/airflow/.local/lib/python3.12/site-packages/airflow/example_dags/tutorial.py
[2025-01-08T14:21:46.969+0000] {logging_mixin.py:190} INFO - [2025-01-08T14:21:46.969+0000] {dag.py:3239} INFO - Sync 1 DAGs
[2025-01-08T14:21:47.159+0000] {logging_mixin.py:190} INFO - [2025-01-08T14:21:47.159+0000] {dag.py:4180} INFO - Setting next_dagrun for tutorial to 2025-01-07 00:00:00+00:00, run_after=2025-01-08 00:00:00+00:00
[2025-01-08T14:21:47.307+0000] {processor.py:208} INFO - Processing /home/airflow/.local/lib/python3.12/site-packages/airflow/example_dags/tutorial.py took 0.740 seconds
[2025-01-08T14:22:17.971+0000] {processor.py:186} INFO - Started process (PID=229) to work on /home/airflow/.local/lib/python3.12/site-packages/airflow/example_dags/tutorial.py
[2025-01-08T14:22:17.974+0000] {processor.py:914} INFO - Processing file /home/airflow/.local/lib/python3.12/site-packages/airflow/example_dags/tutorial.py for tasks to queue
[2025-01-08T14:22:17.978+0000] {logging_mixin.py:190} INFO - [2025-01-08T14:22:17.977+0000] {dagbag.py:588} INFO - Filling up the DagBag from /home/airflow/.local/lib/python3.12/site-packages/airflow/example_dags/tutorial.py
[2025-01-08T14:22:18.024+0000] {processor.py:925} INFO - DAG(s) 'tutorial' retrieved from /home/airflow/.local/lib/python3.12/site-packages/airflow/example_dags/tutorial.py
[2025-01-08T14:22:18.147+0000] {logging_mixin.py:190} INFO - [2025-01-08T14:22:18.146+0000] {dag.py:3239} INFO - Sync 1 DAGs
[2025-01-08T14:22:18.176+0000] {logging_mixin.py:190} INFO - [2025-01-08T14:22:18.176+0000] {dag.py:4180} INFO - Setting next_dagrun for tutorial to 2025-01-07 00:00:00+00:00, run_after=2025-01-08 00:00:00+00:00
[2025-01-08T14:22:18.281+0000] {processor.py:208} INFO - Processing /home/airflow/.local/lib/python3.12/site-packages/airflow/example_dags/tutorial.py took 0.354 seconds
