[2024-12-29T16:47:49.182+0000] {processor.py:186} INFO - Started process (PID=102) to work on /home/airflow/.local/lib/python3.12/site-packages/airflow/example_dags/example_datasets.py
[2024-12-29T16:47:49.279+0000] {processor.py:914} INFO - Processing file /home/airflow/.local/lib/python3.12/site-packages/airflow/example_dags/example_datasets.py for tasks to queue
[2024-12-29T16:47:49.385+0000] {logging_mixin.py:190} INFO - [2024-12-29T16:47:49.384+0000] {dagbag.py:588} INFO - Filling up the DagBag from /home/airflow/.local/lib/python3.12/site-packages/airflow/example_dags/example_datasets.py
[2024-12-29T16:47:56.747+0000] {processor.py:925} INFO - DAG(s) 'consume_1_and_2_with_dataset_expressions', 'dataset_consumes_1', 'dataset_produces_2', 'dataset_consumes_1_never_scheduled', 'dataset_consumes_unknown_never_scheduled', 'dataset_consumes_1_and_2', 'conditional_dataset_and_time_based_timetable', 'dataset_produces_1', 'consume_1_or_both_2_and_3_with_dataset_expressions', 'consume_1_or_2_with_dataset_expressions' retrieved from /home/airflow/.local/lib/python3.12/site-packages/airflow/example_dags/example_datasets.py
[2024-12-29T16:47:58.011+0000] {logging_mixin.py:190} INFO - [2024-12-29T16:47:58.009+0000] {override.py:1911} INFO - Created Permission View: can read on DAG:consume_1_and_2_with_dataset_expressions
[2024-12-29T16:47:58.204+0000] {logging_mixin.py:190} INFO - [2024-12-29T16:47:58.204+0000] {override.py:1911} INFO - Created Permission View: can edit on DAG:consume_1_and_2_with_dataset_expressions
[2024-12-29T16:47:58.559+0000] {logging_mixin.py:190} INFO - [2024-12-29T16:47:58.558+0000] {override.py:1911} INFO - Created Permission View: can delete on DAG:consume_1_and_2_with_dataset_expressions
[2024-12-29T16:47:58.989+0000] {logging_mixin.py:190} INFO - [2024-12-29T16:47:58.988+0000] {override.py:1911} INFO - Created Permission View: can read on DAG Run:consume_1_and_2_with_dataset_expressions
[2024-12-29T16:47:59.068+0000] {logging_mixin.py:190} INFO - [2024-12-29T16:47:59.067+0000] {override.py:1911} INFO - Created Permission View: menu access on DAG Run:consume_1_and_2_with_dataset_expressions
[2024-12-29T16:47:59.164+0000] {logging_mixin.py:190} INFO - [2024-12-29T16:47:59.163+0000] {override.py:1911} INFO - Created Permission View: can delete on DAG Run:consume_1_and_2_with_dataset_expressions
[2024-12-29T16:47:59.226+0000] {logging_mixin.py:190} INFO - [2024-12-29T16:47:59.226+0000] {override.py:1911} INFO - Created Permission View: can create on DAG Run:consume_1_and_2_with_dataset_expressions
[2024-12-29T16:47:59.383+0000] {logging_mixin.py:190} INFO - [2024-12-29T16:47:59.382+0000] {override.py:1911} INFO - Created Permission View: can read on DAG:dataset_consumes_1
[2024-12-29T16:47:59.457+0000] {logging_mixin.py:190} INFO - [2024-12-29T16:47:59.456+0000] {override.py:1911} INFO - Created Permission View: can edit on DAG:dataset_consumes_1
[2024-12-29T16:47:59.507+0000] {logging_mixin.py:190} INFO - [2024-12-29T16:47:59.507+0000] {override.py:1911} INFO - Created Permission View: can delete on DAG:dataset_consumes_1
[2024-12-29T16:47:59.578+0000] {logging_mixin.py:190} INFO - [2024-12-29T16:47:59.577+0000] {override.py:1911} INFO - Created Permission View: can read on DAG Run:dataset_consumes_1
[2024-12-29T16:47:59.628+0000] {logging_mixin.py:190} INFO - [2024-12-29T16:47:59.627+0000] {override.py:1911} INFO - Created Permission View: menu access on DAG Run:dataset_consumes_1
[2024-12-29T16:47:59.708+0000] {logging_mixin.py:190} INFO - [2024-12-29T16:47:59.707+0000] {override.py:1911} INFO - Created Permission View: can delete on DAG Run:dataset_consumes_1
[2024-12-29T16:47:59.789+0000] {logging_mixin.py:190} INFO - [2024-12-29T16:47:59.789+0000] {override.py:1911} INFO - Created Permission View: can create on DAG Run:dataset_consumes_1
[2024-12-29T16:47:59.944+0000] {logging_mixin.py:190} INFO - [2024-12-29T16:47:59.943+0000] {override.py:1911} INFO - Created Permission View: can read on DAG:dataset_produces_2
[2024-12-29T16:48:00.044+0000] {logging_mixin.py:190} INFO - [2024-12-29T16:48:00.043+0000] {override.py:1911} INFO - Created Permission View: can edit on DAG:dataset_produces_2
[2024-12-29T16:48:00.142+0000] {logging_mixin.py:190} INFO - [2024-12-29T16:48:00.142+0000] {override.py:1911} INFO - Created Permission View: can delete on DAG:dataset_produces_2
[2024-12-29T16:48:00.284+0000] {logging_mixin.py:190} INFO - [2024-12-29T16:48:00.282+0000] {override.py:1911} INFO - Created Permission View: can read on DAG Run:dataset_produces_2
[2024-12-29T16:48:00.356+0000] {logging_mixin.py:190} INFO - [2024-12-29T16:48:00.345+0000] {override.py:1911} INFO - Created Permission View: menu access on DAG Run:dataset_produces_2
[2024-12-29T16:48:00.423+0000] {logging_mixin.py:190} INFO - [2024-12-29T16:48:00.422+0000] {override.py:1911} INFO - Created Permission View: can delete on DAG Run:dataset_produces_2
[2024-12-29T16:48:00.509+0000] {logging_mixin.py:190} INFO - [2024-12-29T16:48:00.508+0000] {override.py:1911} INFO - Created Permission View: can create on DAG Run:dataset_produces_2
[2024-12-29T16:48:00.604+0000] {logging_mixin.py:190} INFO - [2024-12-29T16:48:00.603+0000] {override.py:1911} INFO - Created Permission View: can read on DAG:dataset_consumes_1_never_scheduled
[2024-12-29T16:48:00.631+0000] {logging_mixin.py:190} INFO - [2024-12-29T16:48:00.630+0000] {override.py:1911} INFO - Created Permission View: can edit on DAG:dataset_consumes_1_never_scheduled
[2024-12-29T16:48:00.681+0000] {logging_mixin.py:190} INFO - [2024-12-29T16:48:00.680+0000] {override.py:1911} INFO - Created Permission View: can delete on DAG:dataset_consumes_1_never_scheduled
[2024-12-29T16:48:00.757+0000] {logging_mixin.py:190} INFO - [2024-12-29T16:48:00.757+0000] {override.py:1911} INFO - Created Permission View: can read on DAG Run:dataset_consumes_1_never_scheduled
[2024-12-29T16:48:00.829+0000] {logging_mixin.py:190} INFO - [2024-12-29T16:48:00.829+0000] {override.py:1911} INFO - Created Permission View: menu access on DAG Run:dataset_consumes_1_never_scheduled
[2024-12-29T16:48:00.918+0000] {logging_mixin.py:190} INFO - [2024-12-29T16:48:00.917+0000] {override.py:1911} INFO - Created Permission View: can delete on DAG Run:dataset_consumes_1_never_scheduled
[2024-12-29T16:48:01.028+0000] {logging_mixin.py:190} INFO - [2024-12-29T16:48:01.028+0000] {override.py:1911} INFO - Created Permission View: can create on DAG Run:dataset_consumes_1_never_scheduled
[2024-12-29T16:48:01.280+0000] {logging_mixin.py:190} INFO - [2024-12-29T16:48:01.266+0000] {override.py:1911} INFO - Created Permission View: can read on DAG:dataset_consumes_unknown_never_scheduled
[2024-12-29T16:48:01.420+0000] {logging_mixin.py:190} INFO - [2024-12-29T16:48:01.419+0000] {override.py:1911} INFO - Created Permission View: can edit on DAG:dataset_consumes_unknown_never_scheduled
[2024-12-29T16:48:01.482+0000] {logging_mixin.py:190} INFO - [2024-12-29T16:48:01.481+0000] {override.py:1911} INFO - Created Permission View: can delete on DAG:dataset_consumes_unknown_never_scheduled
[2024-12-29T16:48:01.575+0000] {logging_mixin.py:190} INFO - [2024-12-29T16:48:01.575+0000] {override.py:1911} INFO - Created Permission View: can read on DAG Run:dataset_consumes_unknown_never_scheduled
[2024-12-29T16:48:01.637+0000] {logging_mixin.py:190} INFO - [2024-12-29T16:48:01.636+0000] {override.py:1911} INFO - Created Permission View: menu access on DAG Run:dataset_consumes_unknown_never_scheduled
[2024-12-29T16:48:01.690+0000] {logging_mixin.py:190} INFO - [2024-12-29T16:48:01.689+0000] {override.py:1911} INFO - Created Permission View: can delete on DAG Run:dataset_consumes_unknown_never_scheduled
[2024-12-29T16:48:01.763+0000] {logging_mixin.py:190} INFO - [2024-12-29T16:48:01.762+0000] {override.py:1911} INFO - Created Permission View: can create on DAG Run:dataset_consumes_unknown_never_scheduled
[2024-12-29T16:48:01.859+0000] {logging_mixin.py:190} INFO - [2024-12-29T16:48:01.858+0000] {override.py:1911} INFO - Created Permission View: can read on DAG:dataset_consumes_1_and_2
[2024-12-29T16:48:01.921+0000] {logging_mixin.py:190} INFO - [2024-12-29T16:48:01.920+0000] {override.py:1911} INFO - Created Permission View: can edit on DAG:dataset_consumes_1_and_2
[2024-12-29T16:48:01.962+0000] {logging_mixin.py:190} INFO - [2024-12-29T16:48:01.961+0000] {override.py:1911} INFO - Created Permission View: can delete on DAG:dataset_consumes_1_and_2
[2024-12-29T16:48:02.002+0000] {logging_mixin.py:190} INFO - [2024-12-29T16:48:02.002+0000] {override.py:1911} INFO - Created Permission View: can read on DAG Run:dataset_consumes_1_and_2
[2024-12-29T16:48:02.075+0000] {logging_mixin.py:190} INFO - [2024-12-29T16:48:02.074+0000] {override.py:1911} INFO - Created Permission View: menu access on DAG Run:dataset_consumes_1_and_2
[2024-12-29T16:48:02.145+0000] {logging_mixin.py:190} INFO - [2024-12-29T16:48:02.144+0000] {override.py:1911} INFO - Created Permission View: can delete on DAG Run:dataset_consumes_1_and_2
[2024-12-29T16:48:02.193+0000] {logging_mixin.py:190} INFO - [2024-12-29T16:48:02.192+0000] {override.py:1911} INFO - Created Permission View: can create on DAG Run:dataset_consumes_1_and_2
[2024-12-29T16:48:02.338+0000] {logging_mixin.py:190} INFO - [2024-12-29T16:48:02.337+0000] {override.py:1911} INFO - Created Permission View: can read on DAG:conditional_dataset_and_time_based_timetable
[2024-12-29T16:48:02.385+0000] {logging_mixin.py:190} INFO - [2024-12-29T16:48:02.384+0000] {override.py:1911} INFO - Created Permission View: can edit on DAG:conditional_dataset_and_time_based_timetable
[2024-12-29T16:48:02.493+0000] {logging_mixin.py:190} INFO - [2024-12-29T16:48:02.492+0000] {override.py:1911} INFO - Created Permission View: can delete on DAG:conditional_dataset_and_time_based_timetable
[2024-12-29T16:48:02.548+0000] {logging_mixin.py:190} INFO - [2024-12-29T16:48:02.548+0000] {override.py:1911} INFO - Created Permission View: can read on DAG Run:conditional_dataset_and_time_based_timetable
[2024-12-29T16:48:02.620+0000] {logging_mixin.py:190} INFO - [2024-12-29T16:48:02.620+0000] {override.py:1911} INFO - Created Permission View: menu access on DAG Run:conditional_dataset_and_time_based_timetable
[2024-12-29T16:48:02.656+0000] {logging_mixin.py:190} INFO - [2024-12-29T16:48:02.655+0000] {override.py:1911} INFO - Created Permission View: can delete on DAG Run:conditional_dataset_and_time_based_timetable
[2024-12-29T16:48:02.715+0000] {logging_mixin.py:190} INFO - [2024-12-29T16:48:02.715+0000] {override.py:1911} INFO - Created Permission View: can create on DAG Run:conditional_dataset_and_time_based_timetable
[2024-12-29T16:48:02.777+0000] {logging_mixin.py:190} INFO - [2024-12-29T16:48:02.776+0000] {override.py:1911} INFO - Created Permission View: can read on DAG:dataset_produces_1
[2024-12-29T16:48:02.835+0000] {logging_mixin.py:190} INFO - [2024-12-29T16:48:02.834+0000] {override.py:1911} INFO - Created Permission View: can edit on DAG:dataset_produces_1
[2024-12-29T16:48:02.893+0000] {logging_mixin.py:190} INFO - [2024-12-29T16:48:02.892+0000] {override.py:1911} INFO - Created Permission View: can delete on DAG:dataset_produces_1
[2024-12-29T16:48:02.933+0000] {logging_mixin.py:190} INFO - [2024-12-29T16:48:02.933+0000] {override.py:1911} INFO - Created Permission View: can read on DAG Run:dataset_produces_1
[2024-12-29T16:48:02.988+0000] {logging_mixin.py:190} INFO - [2024-12-29T16:48:02.988+0000] {override.py:1911} INFO - Created Permission View: menu access on DAG Run:dataset_produces_1
[2024-12-29T16:48:03.021+0000] {logging_mixin.py:190} INFO - [2024-12-29T16:48:03.021+0000] {override.py:1911} INFO - Created Permission View: can delete on DAG Run:dataset_produces_1
[2024-12-29T16:48:03.077+0000] {logging_mixin.py:190} INFO - [2024-12-29T16:48:03.076+0000] {override.py:1911} INFO - Created Permission View: can create on DAG Run:dataset_produces_1
[2024-12-29T16:48:03.160+0000] {logging_mixin.py:190} INFO - [2024-12-29T16:48:03.160+0000] {override.py:1911} INFO - Created Permission View: can read on DAG:consume_1_or_both_2_and_3_with_dataset_expressions
[2024-12-29T16:48:03.218+0000] {logging_mixin.py:190} INFO - [2024-12-29T16:48:03.217+0000] {override.py:1911} INFO - Created Permission View: can edit on DAG:consume_1_or_both_2_and_3_with_dataset_expressions
[2024-12-29T16:48:03.252+0000] {logging_mixin.py:190} INFO - [2024-12-29T16:48:03.251+0000] {override.py:1911} INFO - Created Permission View: can delete on DAG:consume_1_or_both_2_and_3_with_dataset_expressions
[2024-12-29T16:48:03.333+0000] {logging_mixin.py:190} INFO - [2024-12-29T16:48:03.333+0000] {override.py:1911} INFO - Created Permission View: can read on DAG Run:consume_1_or_both_2_and_3_with_dataset_expressions
[2024-12-29T16:48:03.390+0000] {logging_mixin.py:190} INFO - [2024-12-29T16:48:03.389+0000] {override.py:1911} INFO - Created Permission View: menu access on DAG Run:consume_1_or_both_2_and_3_with_dataset_expressions
[2024-12-29T16:48:03.447+0000] {logging_mixin.py:190} INFO - [2024-12-29T16:48:03.446+0000] {override.py:1911} INFO - Created Permission View: can delete on DAG Run:consume_1_or_both_2_and_3_with_dataset_expressions
[2024-12-29T16:48:03.535+0000] {logging_mixin.py:190} INFO - [2024-12-29T16:48:03.534+0000] {override.py:1911} INFO - Created Permission View: can create on DAG Run:consume_1_or_both_2_and_3_with_dataset_expressions
[2024-12-29T16:48:03.638+0000] {logging_mixin.py:190} INFO - [2024-12-29T16:48:03.636+0000] {override.py:1911} INFO - Created Permission View: can read on DAG:consume_1_or_2_with_dataset_expressions
[2024-12-29T16:48:03.706+0000] {logging_mixin.py:190} INFO - [2024-12-29T16:48:03.706+0000] {override.py:1911} INFO - Created Permission View: can edit on DAG:consume_1_or_2_with_dataset_expressions
[2024-12-29T16:48:03.754+0000] {logging_mixin.py:190} INFO - [2024-12-29T16:48:03.753+0000] {override.py:1911} INFO - Created Permission View: can delete on DAG:consume_1_or_2_with_dataset_expressions
[2024-12-29T16:48:03.820+0000] {logging_mixin.py:190} INFO - [2024-12-29T16:48:03.819+0000] {override.py:1911} INFO - Created Permission View: can read on DAG Run:consume_1_or_2_with_dataset_expressions
[2024-12-29T16:48:03.904+0000] {logging_mixin.py:190} INFO - [2024-12-29T16:48:03.903+0000] {override.py:1911} INFO - Created Permission View: menu access on DAG Run:consume_1_or_2_with_dataset_expressions
[2024-12-29T16:48:03.967+0000] {logging_mixin.py:190} INFO - [2024-12-29T16:48:03.966+0000] {override.py:1911} INFO - Created Permission View: can delete on DAG Run:consume_1_or_2_with_dataset_expressions
[2024-12-29T16:48:04.025+0000] {logging_mixin.py:190} INFO - [2024-12-29T16:48:04.025+0000] {override.py:1911} INFO - Created Permission View: can create on DAG Run:consume_1_or_2_with_dataset_expressions
[2024-12-29T16:48:04.027+0000] {logging_mixin.py:190} INFO - [2024-12-29T16:48:04.026+0000] {dag.py:3239} INFO - Sync 10 DAGs
[2024-12-29T16:48:04.170+0000] {logging_mixin.py:190} INFO - [2024-12-29T16:48:04.155+0000] {dag.py:3262} INFO - Creating ORM DAG for dataset_produces_1
[2024-12-29T16:48:04.187+0000] {logging_mixin.py:190} INFO - [2024-12-29T16:48:04.187+0000] {dag.py:3262} INFO - Creating ORM DAG for consume_1_or_both_2_and_3_with_dataset_expressions
[2024-12-29T16:48:04.189+0000] {logging_mixin.py:190} INFO - [2024-12-29T16:48:04.189+0000] {dag.py:3262} INFO - Creating ORM DAG for dataset_consumes_1
[2024-12-29T16:48:04.193+0000] {logging_mixin.py:190} INFO - [2024-12-29T16:48:04.193+0000] {dag.py:3262} INFO - Creating ORM DAG for dataset_consumes_1_never_scheduled
[2024-12-29T16:48:04.195+0000] {logging_mixin.py:190} INFO - [2024-12-29T16:48:04.195+0000] {dag.py:3262} INFO - Creating ORM DAG for consume_1_or_2_with_dataset_expressions
[2024-12-29T16:48:04.217+0000] {logging_mixin.py:190} INFO - [2024-12-29T16:48:04.217+0000] {dag.py:3262} INFO - Creating ORM DAG for dataset_consumes_1_and_2
[2024-12-29T16:48:04.220+0000] {logging_mixin.py:190} INFO - [2024-12-29T16:48:04.220+0000] {dag.py:3262} INFO - Creating ORM DAG for dataset_consumes_unknown_never_scheduled
[2024-12-29T16:48:04.224+0000] {logging_mixin.py:190} INFO - [2024-12-29T16:48:04.224+0000] {dag.py:3262} INFO - Creating ORM DAG for consume_1_and_2_with_dataset_expressions
[2024-12-29T16:48:04.226+0000] {logging_mixin.py:190} INFO - [2024-12-29T16:48:04.226+0000] {dag.py:3262} INFO - Creating ORM DAG for dataset_produces_2
[2024-12-29T16:48:04.232+0000] {logging_mixin.py:190} INFO - [2024-12-29T16:48:04.231+0000] {dag.py:3262} INFO - Creating ORM DAG for conditional_dataset_and_time_based_timetable
[2024-12-29T16:48:04.373+0000] {logging_mixin.py:190} INFO - [2024-12-29T16:48:04.372+0000] {dag.py:4180} INFO - Setting next_dagrun for conditional_dataset_and_time_based_timetable to 2024-12-25 01:00:00+00:00, run_after=2024-12-25 01:00:00+00:00
[2024-12-29T16:48:04.388+0000] {logging_mixin.py:190} INFO - [2024-12-29T16:48:04.388+0000] {dag.py:4180} INFO - Setting next_dagrun for consume_1_and_2_with_dataset_expressions to None, run_after=None
[2024-12-29T16:48:04.392+0000] {logging_mixin.py:190} INFO - [2024-12-29T16:48:04.392+0000] {dag.py:4180} INFO - Setting next_dagrun for consume_1_or_2_with_dataset_expressions to None, run_after=None
[2024-12-29T16:48:04.395+0000] {logging_mixin.py:190} INFO - [2024-12-29T16:48:04.395+0000] {dag.py:4180} INFO - Setting next_dagrun for consume_1_or_both_2_and_3_with_dataset_expressions to None, run_after=None
[2024-12-29T16:48:04.403+0000] {logging_mixin.py:190} INFO - [2024-12-29T16:48:04.403+0000] {dag.py:4180} INFO - Setting next_dagrun for dataset_consumes_1 to None, run_after=None
[2024-12-29T16:48:04.413+0000] {logging_mixin.py:190} INFO - [2024-12-29T16:48:04.404+0000] {dag.py:4180} INFO - Setting next_dagrun for dataset_consumes_1_and_2 to None, run_after=None
[2024-12-29T16:48:04.426+0000] {logging_mixin.py:190} INFO - [2024-12-29T16:48:04.426+0000] {dag.py:4180} INFO - Setting next_dagrun for dataset_consumes_1_never_scheduled to None, run_after=None
[2024-12-29T16:48:04.430+0000] {logging_mixin.py:190} INFO - [2024-12-29T16:48:04.429+0000] {dag.py:4180} INFO - Setting next_dagrun for dataset_consumes_unknown_never_scheduled to None, run_after=None
[2024-12-29T16:48:04.435+0000] {logging_mixin.py:190} INFO - [2024-12-29T16:48:04.435+0000] {dag.py:4180} INFO - Setting next_dagrun for dataset_produces_1 to 2024-12-28 00:00:00+00:00, run_after=2024-12-29 00:00:00+00:00
[2024-12-29T16:48:04.450+0000] {logging_mixin.py:190} INFO - [2024-12-29T16:48:04.450+0000] {dag.py:4180} INFO - Setting next_dagrun for dataset_produces_2 to None, run_after=None
[2024-12-29T16:48:04.772+0000] {processor.py:208} INFO - Processing /home/airflow/.local/lib/python3.12/site-packages/airflow/example_dags/example_datasets.py took 15.620 seconds
[2024-12-29T16:50:03.085+0000] {processor.py:186} INFO - Started process (PID=183) to work on /home/airflow/.local/lib/python3.12/site-packages/airflow/example_dags/example_datasets.py
[2024-12-29T16:50:03.139+0000] {processor.py:914} INFO - Processing file /home/airflow/.local/lib/python3.12/site-packages/airflow/example_dags/example_datasets.py for tasks to queue
[2024-12-29T16:50:03.143+0000] {logging_mixin.py:190} INFO - [2024-12-29T16:50:03.142+0000] {dagbag.py:588} INFO - Filling up the DagBag from /home/airflow/.local/lib/python3.12/site-packages/airflow/example_dags/example_datasets.py
[2024-12-29T16:50:08.245+0000] {processor.py:925} INFO - DAG(s) 'consume_1_or_both_2_and_3_with_dataset_expressions', 'dataset_consumes_1_never_scheduled', 'dataset_produces_1', 'dataset_consumes_1', 'dataset_produces_2', 'consume_1_and_2_with_dataset_expressions', 'consume_1_or_2_with_dataset_expressions', 'dataset_consumes_unknown_never_scheduled', 'dataset_consumes_1_and_2', 'conditional_dataset_and_time_based_timetable' retrieved from /home/airflow/.local/lib/python3.12/site-packages/airflow/example_dags/example_datasets.py
[2024-12-29T16:50:08.600+0000] {logging_mixin.py:190} INFO - [2024-12-29T16:50:08.599+0000] {dag.py:3239} INFO - Sync 10 DAGs
[2024-12-29T16:50:08.714+0000] {logging_mixin.py:190} INFO - [2024-12-29T16:50:08.713+0000] {dag.py:4180} INFO - Setting next_dagrun for conditional_dataset_and_time_based_timetable to 2024-12-25 01:00:00+00:00, run_after=2024-12-25 01:00:00+00:00
[2024-12-29T16:50:08.755+0000] {logging_mixin.py:190} INFO - [2024-12-29T16:50:08.755+0000] {dag.py:4180} INFO - Setting next_dagrun for consume_1_and_2_with_dataset_expressions to None, run_after=None
[2024-12-29T16:50:08.796+0000] {logging_mixin.py:190} INFO - [2024-12-29T16:50:08.780+0000] {dag.py:4180} INFO - Setting next_dagrun for consume_1_or_2_with_dataset_expressions to None, run_after=None
[2024-12-29T16:50:08.811+0000] {logging_mixin.py:190} INFO - [2024-12-29T16:50:08.810+0000] {dag.py:4180} INFO - Setting next_dagrun for consume_1_or_both_2_and_3_with_dataset_expressions to None, run_after=None
[2024-12-29T16:50:08.821+0000] {logging_mixin.py:190} INFO - [2024-12-29T16:50:08.820+0000] {dag.py:4180} INFO - Setting next_dagrun for dataset_consumes_1 to None, run_after=None
[2024-12-29T16:50:08.830+0000] {logging_mixin.py:190} INFO - [2024-12-29T16:50:08.830+0000] {dag.py:4180} INFO - Setting next_dagrun for dataset_consumes_1_and_2 to None, run_after=None
[2024-12-29T16:50:08.838+0000] {logging_mixin.py:190} INFO - [2024-12-29T16:50:08.838+0000] {dag.py:4180} INFO - Setting next_dagrun for dataset_consumes_1_never_scheduled to None, run_after=None
[2024-12-29T16:50:08.841+0000] {logging_mixin.py:190} INFO - [2024-12-29T16:50:08.840+0000] {dag.py:4180} INFO - Setting next_dagrun for dataset_consumes_unknown_never_scheduled to None, run_after=None
[2024-12-29T16:50:08.860+0000] {logging_mixin.py:190} INFO - [2024-12-29T16:50:08.860+0000] {dag.py:4180} INFO - Setting next_dagrun for dataset_produces_1 to 2024-12-28 00:00:00+00:00, run_after=2024-12-29 00:00:00+00:00
[2024-12-29T16:50:08.871+0000] {logging_mixin.py:190} INFO - [2024-12-29T16:50:08.870+0000] {dag.py:4180} INFO - Setting next_dagrun for dataset_produces_2 to None, run_after=None
[2024-12-29T16:50:09.108+0000] {processor.py:208} INFO - Processing /home/airflow/.local/lib/python3.12/site-packages/airflow/example_dags/example_datasets.py took 6.032 seconds
[2024-12-29T18:40:05.385+0000] {processor.py:186} INFO - Started process (PID=77) to work on /home/airflow/.local/lib/python3.12/site-packages/airflow/example_dags/example_datasets.py
[2024-12-29T18:40:05.397+0000] {processor.py:914} INFO - Processing file /home/airflow/.local/lib/python3.12/site-packages/airflow/example_dags/example_datasets.py for tasks to queue
[2024-12-29T18:40:05.401+0000] {logging_mixin.py:190} INFO - [2024-12-29T18:40:05.400+0000] {dagbag.py:588} INFO - Filling up the DagBag from /home/airflow/.local/lib/python3.12/site-packages/airflow/example_dags/example_datasets.py
[2024-12-29T18:40:08.637+0000] {processor.py:925} INFO - DAG(s) 'consume_1_and_2_with_dataset_expressions', 'dataset_produces_2', 'consume_1_or_2_with_dataset_expressions', 'dataset_produces_1', 'dataset_consumes_1', 'dataset_consumes_1_and_2', 'dataset_consumes_1_never_scheduled', 'conditional_dataset_and_time_based_timetable', 'dataset_consumes_unknown_never_scheduled', 'consume_1_or_both_2_and_3_with_dataset_expressions' retrieved from /home/airflow/.local/lib/python3.12/site-packages/airflow/example_dags/example_datasets.py
[2024-12-29T18:40:08.941+0000] {logging_mixin.py:190} INFO - [2024-12-29T18:40:08.939+0000] {override.py:1911} INFO - Created Permission View: can read on DAG:consume_1_and_2_with_dataset_expressions
[2024-12-29T18:40:08.997+0000] {logging_mixin.py:190} INFO - [2024-12-29T18:40:08.996+0000] {override.py:1911} INFO - Created Permission View: can edit on DAG:consume_1_and_2_with_dataset_expressions
[2024-12-29T18:40:09.023+0000] {logging_mixin.py:190} INFO - [2024-12-29T18:40:09.023+0000] {override.py:1911} INFO - Created Permission View: can delete on DAG:consume_1_and_2_with_dataset_expressions
[2024-12-29T18:40:09.052+0000] {logging_mixin.py:190} INFO - [2024-12-29T18:40:09.051+0000] {override.py:1911} INFO - Created Permission View: can create on DAG Run:consume_1_and_2_with_dataset_expressions
[2024-12-29T18:40:09.087+0000] {logging_mixin.py:190} INFO - [2024-12-29T18:40:09.087+0000] {override.py:1911} INFO - Created Permission View: menu access on DAG Run:consume_1_and_2_with_dataset_expressions
[2024-12-29T18:40:09.117+0000] {logging_mixin.py:190} INFO - [2024-12-29T18:40:09.116+0000] {override.py:1911} INFO - Created Permission View: can read on DAG Run:consume_1_and_2_with_dataset_expressions
[2024-12-29T18:40:09.139+0000] {logging_mixin.py:190} INFO - [2024-12-29T18:40:09.139+0000] {override.py:1911} INFO - Created Permission View: can delete on DAG Run:consume_1_and_2_with_dataset_expressions
[2024-12-29T18:40:09.193+0000] {logging_mixin.py:190} INFO - [2024-12-29T18:40:09.193+0000] {override.py:1911} INFO - Created Permission View: can read on DAG:dataset_produces_2
[2024-12-29T18:40:09.266+0000] {logging_mixin.py:190} INFO - [2024-12-29T18:40:09.266+0000] {override.py:1911} INFO - Created Permission View: can edit on DAG:dataset_produces_2
[2024-12-29T18:40:09.314+0000] {logging_mixin.py:190} INFO - [2024-12-29T18:40:09.314+0000] {override.py:1911} INFO - Created Permission View: can delete on DAG:dataset_produces_2
[2024-12-29T18:40:09.408+0000] {logging_mixin.py:190} INFO - [2024-12-29T18:40:09.404+0000] {override.py:1911} INFO - Created Permission View: can create on DAG Run:dataset_produces_2
[2024-12-29T18:40:09.543+0000] {logging_mixin.py:190} INFO - [2024-12-29T18:40:09.543+0000] {override.py:1911} INFO - Created Permission View: menu access on DAG Run:dataset_produces_2
[2024-12-29T18:40:09.556+0000] {logging_mixin.py:190} INFO - [2024-12-29T18:40:09.556+0000] {override.py:1911} INFO - Created Permission View: can read on DAG Run:dataset_produces_2
[2024-12-29T18:40:09.596+0000] {logging_mixin.py:190} INFO - [2024-12-29T18:40:09.596+0000] {override.py:1911} INFO - Created Permission View: can delete on DAG Run:dataset_produces_2
[2024-12-29T18:40:09.711+0000] {logging_mixin.py:190} INFO - [2024-12-29T18:40:09.711+0000] {override.py:1911} INFO - Created Permission View: can read on DAG:consume_1_or_2_with_dataset_expressions
[2024-12-29T18:40:09.789+0000] {logging_mixin.py:190} INFO - [2024-12-29T18:40:09.786+0000] {override.py:1911} INFO - Created Permission View: can edit on DAG:consume_1_or_2_with_dataset_expressions
[2024-12-29T18:40:09.828+0000] {logging_mixin.py:190} INFO - [2024-12-29T18:40:09.828+0000] {override.py:1911} INFO - Created Permission View: can delete on DAG:consume_1_or_2_with_dataset_expressions
[2024-12-29T18:40:09.861+0000] {logging_mixin.py:190} INFO - [2024-12-29T18:40:09.861+0000] {override.py:1911} INFO - Created Permission View: can create on DAG Run:consume_1_or_2_with_dataset_expressions
[2024-12-29T18:40:09.882+0000] {logging_mixin.py:190} INFO - [2024-12-29T18:40:09.882+0000] {override.py:1911} INFO - Created Permission View: menu access on DAG Run:consume_1_or_2_with_dataset_expressions
[2024-12-29T18:40:09.924+0000] {logging_mixin.py:190} INFO - [2024-12-29T18:40:09.924+0000] {override.py:1911} INFO - Created Permission View: can read on DAG Run:consume_1_or_2_with_dataset_expressions
[2024-12-29T18:40:09.948+0000] {logging_mixin.py:190} INFO - [2024-12-29T18:40:09.947+0000] {override.py:1911} INFO - Created Permission View: can delete on DAG Run:consume_1_or_2_with_dataset_expressions
[2024-12-29T18:40:09.978+0000] {logging_mixin.py:190} INFO - [2024-12-29T18:40:09.977+0000] {override.py:1911} INFO - Created Permission View: can read on DAG:dataset_produces_1
[2024-12-29T18:40:09.991+0000] {logging_mixin.py:190} INFO - [2024-12-29T18:40:09.990+0000] {override.py:1911} INFO - Created Permission View: can edit on DAG:dataset_produces_1
[2024-12-29T18:40:10.008+0000] {logging_mixin.py:190} INFO - [2024-12-29T18:40:10.008+0000] {override.py:1911} INFO - Created Permission View: can delete on DAG:dataset_produces_1
[2024-12-29T18:40:10.034+0000] {logging_mixin.py:190} INFO - [2024-12-29T18:40:10.034+0000] {override.py:1911} INFO - Created Permission View: can create on DAG Run:dataset_produces_1
[2024-12-29T18:40:10.053+0000] {logging_mixin.py:190} INFO - [2024-12-29T18:40:10.053+0000] {override.py:1911} INFO - Created Permission View: menu access on DAG Run:dataset_produces_1
[2024-12-29T18:40:10.088+0000] {logging_mixin.py:190} INFO - [2024-12-29T18:40:10.087+0000] {override.py:1911} INFO - Created Permission View: can read on DAG Run:dataset_produces_1
[2024-12-29T18:40:10.098+0000] {logging_mixin.py:190} INFO - [2024-12-29T18:40:10.097+0000] {override.py:1911} INFO - Created Permission View: can delete on DAG Run:dataset_produces_1
[2024-12-29T18:40:10.132+0000] {logging_mixin.py:190} INFO - [2024-12-29T18:40:10.132+0000] {override.py:1911} INFO - Created Permission View: can read on DAG:dataset_consumes_1
[2024-12-29T18:40:10.151+0000] {logging_mixin.py:190} INFO - [2024-12-29T18:40:10.150+0000] {override.py:1911} INFO - Created Permission View: can edit on DAG:dataset_consumes_1
[2024-12-29T18:40:10.192+0000] {logging_mixin.py:190} INFO - [2024-12-29T18:40:10.191+0000] {override.py:1911} INFO - Created Permission View: can delete on DAG:dataset_consumes_1
[2024-12-29T18:40:10.243+0000] {logging_mixin.py:190} INFO - [2024-12-29T18:40:10.243+0000] {override.py:1911} INFO - Created Permission View: can create on DAG Run:dataset_consumes_1
[2024-12-29T18:40:10.262+0000] {logging_mixin.py:190} INFO - [2024-12-29T18:40:10.262+0000] {override.py:1911} INFO - Created Permission View: menu access on DAG Run:dataset_consumes_1
[2024-12-29T18:40:10.279+0000] {logging_mixin.py:190} INFO - [2024-12-29T18:40:10.274+0000] {override.py:1911} INFO - Created Permission View: can read on DAG Run:dataset_consumes_1
[2024-12-29T18:40:10.308+0000] {logging_mixin.py:190} INFO - [2024-12-29T18:40:10.307+0000] {override.py:1911} INFO - Created Permission View: can delete on DAG Run:dataset_consumes_1
[2024-12-29T18:40:10.353+0000] {logging_mixin.py:190} INFO - [2024-12-29T18:40:10.353+0000] {override.py:1911} INFO - Created Permission View: can read on DAG:dataset_consumes_1_and_2
[2024-12-29T18:40:10.378+0000] {logging_mixin.py:190} INFO - [2024-12-29T18:40:10.377+0000] {override.py:1911} INFO - Created Permission View: can edit on DAG:dataset_consumes_1_and_2
[2024-12-29T18:40:10.395+0000] {logging_mixin.py:190} INFO - [2024-12-29T18:40:10.395+0000] {override.py:1911} INFO - Created Permission View: can delete on DAG:dataset_consumes_1_and_2
[2024-12-29T18:40:10.418+0000] {logging_mixin.py:190} INFO - [2024-12-29T18:40:10.417+0000] {override.py:1911} INFO - Created Permission View: can create on DAG Run:dataset_consumes_1_and_2
[2024-12-29T18:40:10.437+0000] {logging_mixin.py:190} INFO - [2024-12-29T18:40:10.437+0000] {override.py:1911} INFO - Created Permission View: menu access on DAG Run:dataset_consumes_1_and_2
[2024-12-29T18:40:10.451+0000] {logging_mixin.py:190} INFO - [2024-12-29T18:40:10.450+0000] {override.py:1911} INFO - Created Permission View: can read on DAG Run:dataset_consumes_1_and_2
[2024-12-29T18:40:10.484+0000] {logging_mixin.py:190} INFO - [2024-12-29T18:40:10.484+0000] {override.py:1911} INFO - Created Permission View: can delete on DAG Run:dataset_consumes_1_and_2
[2024-12-29T18:40:10.532+0000] {logging_mixin.py:190} INFO - [2024-12-29T18:40:10.532+0000] {override.py:1911} INFO - Created Permission View: can read on DAG:dataset_consumes_1_never_scheduled
[2024-12-29T18:40:10.552+0000] {logging_mixin.py:190} INFO - [2024-12-29T18:40:10.552+0000] {override.py:1911} INFO - Created Permission View: can edit on DAG:dataset_consumes_1_never_scheduled
[2024-12-29T18:40:10.585+0000] {logging_mixin.py:190} INFO - [2024-12-29T18:40:10.584+0000] {override.py:1911} INFO - Created Permission View: can delete on DAG:dataset_consumes_1_never_scheduled
[2024-12-29T18:40:10.596+0000] {logging_mixin.py:190} INFO - [2024-12-29T18:40:10.596+0000] {override.py:1911} INFO - Created Permission View: can create on DAG Run:dataset_consumes_1_never_scheduled
[2024-12-29T18:40:10.618+0000] {logging_mixin.py:190} INFO - [2024-12-29T18:40:10.617+0000] {override.py:1911} INFO - Created Permission View: menu access on DAG Run:dataset_consumes_1_never_scheduled
[2024-12-29T18:40:10.641+0000] {logging_mixin.py:190} INFO - [2024-12-29T18:40:10.641+0000] {override.py:1911} INFO - Created Permission View: can read on DAG Run:dataset_consumes_1_never_scheduled
[2024-12-29T18:40:10.670+0000] {logging_mixin.py:190} INFO - [2024-12-29T18:40:10.670+0000] {override.py:1911} INFO - Created Permission View: can delete on DAG Run:dataset_consumes_1_never_scheduled
[2024-12-29T18:40:10.706+0000] {logging_mixin.py:190} INFO - [2024-12-29T18:40:10.699+0000] {override.py:1911} INFO - Created Permission View: can read on DAG:conditional_dataset_and_time_based_timetable
[2024-12-29T18:40:10.716+0000] {logging_mixin.py:190} INFO - [2024-12-29T18:40:10.715+0000] {override.py:1911} INFO - Created Permission View: can edit on DAG:conditional_dataset_and_time_based_timetable
[2024-12-29T18:40:10.731+0000] {logging_mixin.py:190} INFO - [2024-12-29T18:40:10.731+0000] {override.py:1911} INFO - Created Permission View: can delete on DAG:conditional_dataset_and_time_based_timetable
[2024-12-29T18:40:10.752+0000] {logging_mixin.py:190} INFO - [2024-12-29T18:40:10.752+0000] {override.py:1911} INFO - Created Permission View: can create on DAG Run:conditional_dataset_and_time_based_timetable
[2024-12-29T18:40:10.777+0000] {logging_mixin.py:190} INFO - [2024-12-29T18:40:10.777+0000] {override.py:1911} INFO - Created Permission View: menu access on DAG Run:conditional_dataset_and_time_based_timetable
[2024-12-29T18:40:10.794+0000] {logging_mixin.py:190} INFO - [2024-12-29T18:40:10.794+0000] {override.py:1911} INFO - Created Permission View: can read on DAG Run:conditional_dataset_and_time_based_timetable
[2024-12-29T18:40:10.809+0000] {logging_mixin.py:190} INFO - [2024-12-29T18:40:10.808+0000] {override.py:1911} INFO - Created Permission View: can delete on DAG Run:conditional_dataset_and_time_based_timetable
[2024-12-29T18:40:10.865+0000] {logging_mixin.py:190} INFO - [2024-12-29T18:40:10.865+0000] {override.py:1911} INFO - Created Permission View: can read on DAG:dataset_consumes_unknown_never_scheduled
[2024-12-29T18:40:10.890+0000] {logging_mixin.py:190} INFO - [2024-12-29T18:40:10.889+0000] {override.py:1911} INFO - Created Permission View: can edit on DAG:dataset_consumes_unknown_never_scheduled
[2024-12-29T18:40:10.932+0000] {logging_mixin.py:190} INFO - [2024-12-29T18:40:10.931+0000] {override.py:1911} INFO - Created Permission View: can delete on DAG:dataset_consumes_unknown_never_scheduled
[2024-12-29T18:40:10.947+0000] {logging_mixin.py:190} INFO - [2024-12-29T18:40:10.940+0000] {override.py:1911} INFO - Created Permission View: can create on DAG Run:dataset_consumes_unknown_never_scheduled
[2024-12-29T18:40:10.959+0000] {logging_mixin.py:190} INFO - [2024-12-29T18:40:10.958+0000] {override.py:1911} INFO - Created Permission View: menu access on DAG Run:dataset_consumes_unknown_never_scheduled
[2024-12-29T18:40:10.982+0000] {logging_mixin.py:190} INFO - [2024-12-29T18:40:10.981+0000] {override.py:1911} INFO - Created Permission View: can read on DAG Run:dataset_consumes_unknown_never_scheduled
[2024-12-29T18:40:11.001+0000] {logging_mixin.py:190} INFO - [2024-12-29T18:40:11.000+0000] {override.py:1911} INFO - Created Permission View: can delete on DAG Run:dataset_consumes_unknown_never_scheduled
[2024-12-29T18:40:11.072+0000] {logging_mixin.py:190} INFO - [2024-12-29T18:40:11.071+0000] {override.py:1911} INFO - Created Permission View: can read on DAG:consume_1_or_both_2_and_3_with_dataset_expressions
[2024-12-29T18:40:11.083+0000] {logging_mixin.py:190} INFO - [2024-12-29T18:40:11.083+0000] {override.py:1911} INFO - Created Permission View: can edit on DAG:consume_1_or_both_2_and_3_with_dataset_expressions
[2024-12-29T18:40:11.104+0000] {logging_mixin.py:190} INFO - [2024-12-29T18:40:11.104+0000] {override.py:1911} INFO - Created Permission View: can delete on DAG:consume_1_or_both_2_and_3_with_dataset_expressions
[2024-12-29T18:40:11.125+0000] {logging_mixin.py:190} INFO - [2024-12-29T18:40:11.125+0000] {override.py:1911} INFO - Created Permission View: can create on DAG Run:consume_1_or_both_2_and_3_with_dataset_expressions
[2024-12-29T18:40:11.143+0000] {logging_mixin.py:190} INFO - [2024-12-29T18:40:11.143+0000] {override.py:1911} INFO - Created Permission View: menu access on DAG Run:consume_1_or_both_2_and_3_with_dataset_expressions
[2024-12-29T18:40:11.168+0000] {logging_mixin.py:190} INFO - [2024-12-29T18:40:11.167+0000] {override.py:1911} INFO - Created Permission View: can read on DAG Run:consume_1_or_both_2_and_3_with_dataset_expressions
[2024-12-29T18:40:11.184+0000] {logging_mixin.py:190} INFO - [2024-12-29T18:40:11.183+0000] {override.py:1911} INFO - Created Permission View: can delete on DAG Run:consume_1_or_both_2_and_3_with_dataset_expressions
[2024-12-29T18:40:11.184+0000] {logging_mixin.py:190} INFO - [2024-12-29T18:40:11.184+0000] {dag.py:3239} INFO - Sync 10 DAGs
[2024-12-29T18:40:11.230+0000] {logging_mixin.py:190} INFO - [2024-12-29T18:40:11.229+0000] {dag.py:3262} INFO - Creating ORM DAG for dataset_produces_1
[2024-12-29T18:40:11.233+0000] {logging_mixin.py:190} INFO - [2024-12-29T18:40:11.233+0000] {dag.py:3262} INFO - Creating ORM DAG for dataset_consumes_unknown_never_scheduled
[2024-12-29T18:40:11.243+0000] {logging_mixin.py:190} INFO - [2024-12-29T18:40:11.243+0000] {dag.py:3262} INFO - Creating ORM DAG for consume_1_or_2_with_dataset_expressions
[2024-12-29T18:40:11.244+0000] {logging_mixin.py:190} INFO - [2024-12-29T18:40:11.244+0000] {dag.py:3262} INFO - Creating ORM DAG for consume_1_and_2_with_dataset_expressions
[2024-12-29T18:40:11.245+0000] {logging_mixin.py:190} INFO - [2024-12-29T18:40:11.245+0000] {dag.py:3262} INFO - Creating ORM DAG for dataset_consumes_1_never_scheduled
[2024-12-29T18:40:11.248+0000] {logging_mixin.py:190} INFO - [2024-12-29T18:40:11.248+0000] {dag.py:3262} INFO - Creating ORM DAG for dataset_produces_2
[2024-12-29T18:40:11.249+0000] {logging_mixin.py:190} INFO - [2024-12-29T18:40:11.248+0000] {dag.py:3262} INFO - Creating ORM DAG for consume_1_or_both_2_and_3_with_dataset_expressions
[2024-12-29T18:40:11.251+0000] {logging_mixin.py:190} INFO - [2024-12-29T18:40:11.251+0000] {dag.py:3262} INFO - Creating ORM DAG for dataset_consumes_1
[2024-12-29T18:40:11.257+0000] {logging_mixin.py:190} INFO - [2024-12-29T18:40:11.257+0000] {dag.py:3262} INFO - Creating ORM DAG for conditional_dataset_and_time_based_timetable
[2024-12-29T18:40:11.258+0000] {logging_mixin.py:190} INFO - [2024-12-29T18:40:11.258+0000] {dag.py:3262} INFO - Creating ORM DAG for dataset_consumes_1_and_2
[2024-12-29T18:40:11.369+0000] {logging_mixin.py:190} INFO - [2024-12-29T18:40:11.369+0000] {dag.py:4180} INFO - Setting next_dagrun for conditional_dataset_and_time_based_timetable to 2024-12-25 01:00:00+00:00, run_after=2024-12-25 01:00:00+00:00
[2024-12-29T18:40:11.378+0000] {logging_mixin.py:190} INFO - [2024-12-29T18:40:11.378+0000] {dag.py:4180} INFO - Setting next_dagrun for consume_1_and_2_with_dataset_expressions to None, run_after=None
[2024-12-29T18:40:11.379+0000] {logging_mixin.py:190} INFO - [2024-12-29T18:40:11.379+0000] {dag.py:4180} INFO - Setting next_dagrun for consume_1_or_2_with_dataset_expressions to None, run_after=None
[2024-12-29T18:40:11.380+0000] {logging_mixin.py:190} INFO - [2024-12-29T18:40:11.380+0000] {dag.py:4180} INFO - Setting next_dagrun for consume_1_or_both_2_and_3_with_dataset_expressions to None, run_after=None
[2024-12-29T18:40:11.384+0000] {logging_mixin.py:190} INFO - [2024-12-29T18:40:11.384+0000] {dag.py:4180} INFO - Setting next_dagrun for dataset_consumes_1 to None, run_after=None
[2024-12-29T18:40:11.392+0000] {logging_mixin.py:190} INFO - [2024-12-29T18:40:11.392+0000] {dag.py:4180} INFO - Setting next_dagrun for dataset_consumes_1_and_2 to None, run_after=None
[2024-12-29T18:40:11.397+0000] {logging_mixin.py:190} INFO - [2024-12-29T18:40:11.393+0000] {dag.py:4180} INFO - Setting next_dagrun for dataset_consumes_1_never_scheduled to None, run_after=None
[2024-12-29T18:40:11.399+0000] {logging_mixin.py:190} INFO - [2024-12-29T18:40:11.399+0000] {dag.py:4180} INFO - Setting next_dagrun for dataset_consumes_unknown_never_scheduled to None, run_after=None
[2024-12-29T18:40:11.405+0000] {logging_mixin.py:190} INFO - [2024-12-29T18:40:11.405+0000] {dag.py:4180} INFO - Setting next_dagrun for dataset_produces_1 to 2024-12-28 00:00:00+00:00, run_after=2024-12-29 00:00:00+00:00
[2024-12-29T18:40:11.425+0000] {logging_mixin.py:190} INFO - [2024-12-29T18:40:11.425+0000] {dag.py:4180} INFO - Setting next_dagrun for dataset_produces_2 to None, run_after=None
[2024-12-29T18:40:11.620+0000] {processor.py:208} INFO - Processing /home/airflow/.local/lib/python3.12/site-packages/airflow/example_dags/example_datasets.py took 6.246 seconds
[2024-12-29T18:40:41.766+0000] {processor.py:186} INFO - Started process (PID=146) to work on /home/airflow/.local/lib/python3.12/site-packages/airflow/example_dags/example_datasets.py
[2024-12-29T18:40:41.767+0000] {processor.py:914} INFO - Processing file /home/airflow/.local/lib/python3.12/site-packages/airflow/example_dags/example_datasets.py for tasks to queue
[2024-12-29T18:40:41.769+0000] {logging_mixin.py:190} INFO - [2024-12-29T18:40:41.768+0000] {dagbag.py:588} INFO - Filling up the DagBag from /home/airflow/.local/lib/python3.12/site-packages/airflow/example_dags/example_datasets.py
[2024-12-29T18:40:42.458+0000] {processor.py:925} INFO - DAG(s) 'dataset_produces_2', 'dataset_consumes_1', 'dataset_consumes_unknown_never_scheduled', 'conditional_dataset_and_time_based_timetable', 'dataset_consumes_1_and_2', 'dataset_produces_1', 'consume_1_or_2_with_dataset_expressions', 'consume_1_or_both_2_and_3_with_dataset_expressions', 'consume_1_and_2_with_dataset_expressions', 'dataset_consumes_1_never_scheduled' retrieved from /home/airflow/.local/lib/python3.12/site-packages/airflow/example_dags/example_datasets.py
[2024-12-29T18:40:42.502+0000] {logging_mixin.py:190} INFO - [2024-12-29T18:40:42.502+0000] {dag.py:3239} INFO - Sync 10 DAGs
[2024-12-29T18:40:42.527+0000] {logging_mixin.py:190} INFO - [2024-12-29T18:40:42.527+0000] {dag.py:4180} INFO - Setting next_dagrun for conditional_dataset_and_time_based_timetable to 2024-12-25 01:00:00+00:00, run_after=2024-12-25 01:00:00+00:00
[2024-12-29T18:40:42.531+0000] {logging_mixin.py:190} INFO - [2024-12-29T18:40:42.531+0000] {dag.py:4180} INFO - Setting next_dagrun for consume_1_and_2_with_dataset_expressions to None, run_after=None
[2024-12-29T18:40:42.533+0000] {logging_mixin.py:190} INFO - [2024-12-29T18:40:42.533+0000] {dag.py:4180} INFO - Setting next_dagrun for consume_1_or_2_with_dataset_expressions to None, run_after=None
[2024-12-29T18:40:42.534+0000] {logging_mixin.py:190} INFO - [2024-12-29T18:40:42.534+0000] {dag.py:4180} INFO - Setting next_dagrun for consume_1_or_both_2_and_3_with_dataset_expressions to None, run_after=None
[2024-12-29T18:40:42.536+0000] {logging_mixin.py:190} INFO - [2024-12-29T18:40:42.535+0000] {dag.py:4180} INFO - Setting next_dagrun for dataset_consumes_1 to None, run_after=None
[2024-12-29T18:40:42.537+0000] {logging_mixin.py:190} INFO - [2024-12-29T18:40:42.537+0000] {dag.py:4180} INFO - Setting next_dagrun for dataset_consumes_1_and_2 to None, run_after=None
[2024-12-29T18:40:42.538+0000] {logging_mixin.py:190} INFO - [2024-12-29T18:40:42.538+0000] {dag.py:4180} INFO - Setting next_dagrun for dataset_consumes_1_never_scheduled to None, run_after=None
[2024-12-29T18:40:42.540+0000] {logging_mixin.py:190} INFO - [2024-12-29T18:40:42.539+0000] {dag.py:4180} INFO - Setting next_dagrun for dataset_consumes_unknown_never_scheduled to None, run_after=None
[2024-12-29T18:40:42.542+0000] {logging_mixin.py:190} INFO - [2024-12-29T18:40:42.542+0000] {dag.py:4180} INFO - Setting next_dagrun for dataset_produces_1 to 2024-12-28 00:00:00+00:00, run_after=2024-12-29 00:00:00+00:00
[2024-12-29T18:40:42.543+0000] {logging_mixin.py:190} INFO - [2024-12-29T18:40:42.543+0000] {dag.py:4180} INFO - Setting next_dagrun for dataset_produces_2 to None, run_after=None
[2024-12-29T18:40:42.592+0000] {processor.py:208} INFO - Processing /home/airflow/.local/lib/python3.12/site-packages/airflow/example_dags/example_datasets.py took 0.831 seconds
[2024-12-29T18:41:13.190+0000] {processor.py:186} INFO - Started process (PID=210) to work on /home/airflow/.local/lib/python3.12/site-packages/airflow/example_dags/example_datasets.py
[2024-12-29T18:41:13.191+0000] {processor.py:914} INFO - Processing file /home/airflow/.local/lib/python3.12/site-packages/airflow/example_dags/example_datasets.py for tasks to queue
[2024-12-29T18:41:13.194+0000] {logging_mixin.py:190} INFO - [2024-12-29T18:41:13.194+0000] {dagbag.py:588} INFO - Filling up the DagBag from /home/airflow/.local/lib/python3.12/site-packages/airflow/example_dags/example_datasets.py
[2024-12-29T18:41:13.733+0000] {processor.py:925} INFO - DAG(s) 'dataset_consumes_unknown_never_scheduled', 'dataset_consumes_1_and_2', 'dataset_produces_2', 'dataset_consumes_1', 'dataset_consumes_1_never_scheduled', 'consume_1_or_both_2_and_3_with_dataset_expressions', 'conditional_dataset_and_time_based_timetable', 'consume_1_or_2_with_dataset_expressions', 'consume_1_and_2_with_dataset_expressions', 'dataset_produces_1' retrieved from /home/airflow/.local/lib/python3.12/site-packages/airflow/example_dags/example_datasets.py
[2024-12-29T18:41:13.777+0000] {logging_mixin.py:190} INFO - [2024-12-29T18:41:13.777+0000] {dag.py:3239} INFO - Sync 10 DAGs
[2024-12-29T18:41:13.799+0000] {logging_mixin.py:190} INFO - [2024-12-29T18:41:13.799+0000] {dag.py:4180} INFO - Setting next_dagrun for conditional_dataset_and_time_based_timetable to 2024-12-25 01:00:00+00:00, run_after=2024-12-25 01:00:00+00:00
[2024-12-29T18:41:13.803+0000] {logging_mixin.py:190} INFO - [2024-12-29T18:41:13.803+0000] {dag.py:4180} INFO - Setting next_dagrun for consume_1_and_2_with_dataset_expressions to None, run_after=None
[2024-12-29T18:41:13.804+0000] {logging_mixin.py:190} INFO - [2024-12-29T18:41:13.804+0000] {dag.py:4180} INFO - Setting next_dagrun for consume_1_or_2_with_dataset_expressions to None, run_after=None
[2024-12-29T18:41:13.806+0000] {logging_mixin.py:190} INFO - [2024-12-29T18:41:13.806+0000] {dag.py:4180} INFO - Setting next_dagrun for consume_1_or_both_2_and_3_with_dataset_expressions to None, run_after=None
[2024-12-29T18:41:13.807+0000] {logging_mixin.py:190} INFO - [2024-12-29T18:41:13.807+0000] {dag.py:4180} INFO - Setting next_dagrun for dataset_consumes_1 to None, run_after=None
[2024-12-29T18:41:13.808+0000] {logging_mixin.py:190} INFO - [2024-12-29T18:41:13.808+0000] {dag.py:4180} INFO - Setting next_dagrun for dataset_consumes_1_and_2 to None, run_after=None
[2024-12-29T18:41:13.810+0000] {logging_mixin.py:190} INFO - [2024-12-29T18:41:13.810+0000] {dag.py:4180} INFO - Setting next_dagrun for dataset_consumes_1_never_scheduled to None, run_after=None
[2024-12-29T18:41:13.811+0000] {logging_mixin.py:190} INFO - [2024-12-29T18:41:13.811+0000] {dag.py:4180} INFO - Setting next_dagrun for dataset_consumes_unknown_never_scheduled to None, run_after=None
[2024-12-29T18:41:13.814+0000] {logging_mixin.py:190} INFO - [2024-12-29T18:41:13.814+0000] {dag.py:4180} INFO - Setting next_dagrun for dataset_produces_1 to 2024-12-28 00:00:00+00:00, run_after=2024-12-29 00:00:00+00:00
[2024-12-29T18:41:13.816+0000] {logging_mixin.py:190} INFO - [2024-12-29T18:41:13.815+0000] {dag.py:4180} INFO - Setting next_dagrun for dataset_produces_2 to None, run_after=None
[2024-12-29T18:41:13.856+0000] {processor.py:208} INFO - Processing /home/airflow/.local/lib/python3.12/site-packages/airflow/example_dags/example_datasets.py took 0.672 seconds
