[2024-12-29T16:47:34.211+0000] {processor.py:186} INFO - Started process (PID=96) to work on /home/airflow/.local/lib/python3.12/site-packages/airflow/example_dags/example_branch_operator.py
[2024-12-29T16:47:34.213+0000] {processor.py:914} INFO - Processing file /home/airflow/.local/lib/python3.12/site-packages/airflow/example_dags/example_branch_operator.py for tasks to queue
[2024-12-29T16:47:34.229+0000] {logging_mixin.py:190} INFO - [2024-12-29T16:47:34.229+0000] {dagbag.py:588} INFO - Filling up the DagBag from /home/airflow/.local/lib/python3.12/site-packages/airflow/example_dags/example_branch_operator.py
[2024-12-29T16:47:34.442+0000] {processor.py:925} INFO - DAG(s) 'example_branch_operator' retrieved from /home/airflow/.local/lib/python3.12/site-packages/airflow/example_dags/example_branch_operator.py
[2024-12-29T16:47:35.741+0000] {logging_mixin.py:190} INFO - [2024-12-29T16:47:35.740+0000] {override.py:1911} INFO - Created Permission View: can read on DAG:example_branch_operator
[2024-12-29T16:47:35.857+0000] {logging_mixin.py:190} INFO - [2024-12-29T16:47:35.856+0000] {override.py:1911} INFO - Created Permission View: can edit on DAG:example_branch_operator
[2024-12-29T16:47:35.930+0000] {logging_mixin.py:190} INFO - [2024-12-29T16:47:35.929+0000] {override.py:1911} INFO - Created Permission View: can delete on DAG:example_branch_operator
[2024-12-29T16:47:36.020+0000] {logging_mixin.py:190} INFO - [2024-12-29T16:47:36.019+0000] {override.py:1911} INFO - Created Permission View: can read on DAG Run:example_branch_operator
[2024-12-29T16:47:36.132+0000] {logging_mixin.py:190} INFO - [2024-12-29T16:47:36.131+0000] {override.py:1911} INFO - Created Permission View: menu access on DAG Run:example_branch_operator
[2024-12-29T16:47:36.191+0000] {logging_mixin.py:190} INFO - [2024-12-29T16:47:36.190+0000] {override.py:1911} INFO - Created Permission View: can delete on DAG Run:example_branch_operator
[2024-12-29T16:47:36.265+0000] {logging_mixin.py:190} INFO - [2024-12-29T16:47:36.265+0000] {override.py:1911} INFO - Created Permission View: can create on DAG Run:example_branch_operator
[2024-12-29T16:47:36.266+0000] {logging_mixin.py:190} INFO - [2024-12-29T16:47:36.266+0000] {dag.py:3239} INFO - Sync 1 DAGs
[2024-12-29T16:47:36.368+0000] {logging_mixin.py:190} INFO - [2024-12-29T16:47:36.367+0000] {dag.py:3262} INFO - Creating ORM DAG for example_branch_operator
[2024-12-29T16:47:36.490+0000] {logging_mixin.py:190} INFO - [2024-12-29T16:47:36.490+0000] {dag.py:4180} INFO - Setting next_dagrun for example_branch_operator to 2024-12-28 00:00:00+00:00, run_after=2024-12-29 00:00:00+00:00
[2024-12-29T16:47:36.672+0000] {processor.py:208} INFO - Processing /home/airflow/.local/lib/python3.12/site-packages/airflow/example_dags/example_branch_operator.py took 2.516 seconds
[2024-12-29T16:49:55.082+0000] {processor.py:186} INFO - Started process (PID=177) to work on /home/airflow/.local/lib/python3.12/site-packages/airflow/example_dags/example_branch_operator.py
[2024-12-29T16:49:55.111+0000] {processor.py:914} INFO - Processing file /home/airflow/.local/lib/python3.12/site-packages/airflow/example_dags/example_branch_operator.py for tasks to queue
[2024-12-29T16:49:55.115+0000] {logging_mixin.py:190} INFO - [2024-12-29T16:49:55.115+0000] {dagbag.py:588} INFO - Filling up the DagBag from /home/airflow/.local/lib/python3.12/site-packages/airflow/example_dags/example_branch_operator.py
[2024-12-29T16:49:55.767+0000] {processor.py:925} INFO - DAG(s) 'example_branch_operator' retrieved from /home/airflow/.local/lib/python3.12/site-packages/airflow/example_dags/example_branch_operator.py
[2024-12-29T16:49:56.506+0000] {logging_mixin.py:190} INFO - [2024-12-29T16:49:56.506+0000] {dag.py:3239} INFO - Sync 1 DAGs
[2024-12-29T16:49:57.431+0000] {logging_mixin.py:190} INFO - [2024-12-29T16:49:57.430+0000] {dag.py:4180} INFO - Setting next_dagrun for example_branch_operator to 2024-12-28 00:00:00+00:00, run_after=2024-12-29 00:00:00+00:00
[2024-12-29T16:49:58.072+0000] {processor.py:208} INFO - Processing /home/airflow/.local/lib/python3.12/site-packages/airflow/example_dags/example_branch_operator.py took 3.013 seconds
[2024-12-29T18:40:02.747+0000] {processor.py:186} INFO - Started process (PID=71) to work on /home/airflow/.local/lib/python3.12/site-packages/airflow/example_dags/example_branch_operator.py
[2024-12-29T18:40:02.750+0000] {processor.py:914} INFO - Processing file /home/airflow/.local/lib/python3.12/site-packages/airflow/example_dags/example_branch_operator.py for tasks to queue
[2024-12-29T18:40:02.755+0000] {logging_mixin.py:190} INFO - [2024-12-29T18:40:02.754+0000] {dagbag.py:588} INFO - Filling up the DagBag from /home/airflow/.local/lib/python3.12/site-packages/airflow/example_dags/example_branch_operator.py
[2024-12-29T18:40:02.797+0000] {processor.py:925} INFO - DAG(s) 'example_branch_operator' retrieved from /home/airflow/.local/lib/python3.12/site-packages/airflow/example_dags/example_branch_operator.py
[2024-12-29T18:40:03.029+0000] {logging_mixin.py:190} INFO - [2024-12-29T18:40:03.027+0000] {override.py:1911} INFO - Created Permission View: can read on DAG:example_branch_operator
[2024-12-29T18:40:03.073+0000] {logging_mixin.py:190} INFO - [2024-12-29T18:40:03.072+0000] {override.py:1911} INFO - Created Permission View: can edit on DAG:example_branch_operator
[2024-12-29T18:40:03.090+0000] {logging_mixin.py:190} INFO - [2024-12-29T18:40:03.090+0000] {override.py:1911} INFO - Created Permission View: can delete on DAG:example_branch_operator
[2024-12-29T18:40:03.104+0000] {logging_mixin.py:190} INFO - [2024-12-29T18:40:03.104+0000] {override.py:1911} INFO - Created Permission View: can create on DAG Run:example_branch_operator
[2024-12-29T18:40:03.118+0000] {logging_mixin.py:190} INFO - [2024-12-29T18:40:03.117+0000] {override.py:1911} INFO - Created Permission View: menu access on DAG Run:example_branch_operator
[2024-12-29T18:40:03.146+0000] {logging_mixin.py:190} INFO - [2024-12-29T18:40:03.146+0000] {override.py:1911} INFO - Created Permission View: can read on DAG Run:example_branch_operator
[2024-12-29T18:40:03.153+0000] {logging_mixin.py:190} INFO - [2024-12-29T18:40:03.152+0000] {override.py:1911} INFO - Created Permission View: can delete on DAG Run:example_branch_operator
[2024-12-29T18:40:03.153+0000] {logging_mixin.py:190} INFO - [2024-12-29T18:40:03.153+0000] {dag.py:3239} INFO - Sync 1 DAGs
[2024-12-29T18:40:03.189+0000] {logging_mixin.py:190} INFO - [2024-12-29T18:40:03.189+0000] {dag.py:3262} INFO - Creating ORM DAG for example_branch_operator
[2024-12-29T18:40:03.224+0000] {logging_mixin.py:190} INFO - [2024-12-29T18:40:03.224+0000] {dag.py:4180} INFO - Setting next_dagrun for example_branch_operator to 2024-12-28 00:00:00+00:00, run_after=2024-12-29 00:00:00+00:00
[2024-12-29T18:40:03.305+0000] {processor.py:208} INFO - Processing /home/airflow/.local/lib/python3.12/site-packages/airflow/example_dags/example_branch_operator.py took 0.572 seconds
[2024-12-29T18:40:33.810+0000] {processor.py:186} INFO - Started process (PID=133) to work on /home/airflow/.local/lib/python3.12/site-packages/airflow/example_dags/example_branch_operator.py
[2024-12-29T18:40:33.811+0000] {processor.py:914} INFO - Processing file /home/airflow/.local/lib/python3.12/site-packages/airflow/example_dags/example_branch_operator.py for tasks to queue
[2024-12-29T18:40:33.814+0000] {logging_mixin.py:190} INFO - [2024-12-29T18:40:33.814+0000] {dagbag.py:588} INFO - Filling up the DagBag from /home/airflow/.local/lib/python3.12/site-packages/airflow/example_dags/example_branch_operator.py
[2024-12-29T18:40:33.839+0000] {processor.py:925} INFO - DAG(s) 'example_branch_operator' retrieved from /home/airflow/.local/lib/python3.12/site-packages/airflow/example_dags/example_branch_operator.py
[2024-12-29T18:40:33.871+0000] {logging_mixin.py:190} INFO - [2024-12-29T18:40:33.871+0000] {dag.py:3239} INFO - Sync 1 DAGs
[2024-12-29T18:40:33.901+0000] {logging_mixin.py:190} INFO - [2024-12-29T18:40:33.901+0000] {dag.py:4180} INFO - Setting next_dagrun for example_branch_operator to 2024-12-28 00:00:00+00:00, run_after=2024-12-29 00:00:00+00:00
[2024-12-29T18:40:33.922+0000] {processor.py:208} INFO - Processing /home/airflow/.local/lib/python3.12/site-packages/airflow/example_dags/example_branch_operator.py took 0.118 seconds
[2024-12-29T18:41:04.231+0000] {processor.py:186} INFO - Started process (PID=196) to work on /home/airflow/.local/lib/python3.12/site-packages/airflow/example_dags/example_branch_operator.py
[2024-12-29T18:41:04.232+0000] {processor.py:914} INFO - Processing file /home/airflow/.local/lib/python3.12/site-packages/airflow/example_dags/example_branch_operator.py for tasks to queue
[2024-12-29T18:41:04.234+0000] {logging_mixin.py:190} INFO - [2024-12-29T18:41:04.234+0000] {dagbag.py:588} INFO - Filling up the DagBag from /home/airflow/.local/lib/python3.12/site-packages/airflow/example_dags/example_branch_operator.py
[2024-12-29T18:41:04.256+0000] {processor.py:925} INFO - DAG(s) 'example_branch_operator' retrieved from /home/airflow/.local/lib/python3.12/site-packages/airflow/example_dags/example_branch_operator.py
[2024-12-29T18:41:04.287+0000] {logging_mixin.py:190} INFO - [2024-12-29T18:41:04.286+0000] {dag.py:3239} INFO - Sync 1 DAGs
[2024-12-29T18:41:04.314+0000] {logging_mixin.py:190} INFO - [2024-12-29T18:41:04.313+0000] {dag.py:4180} INFO - Setting next_dagrun for example_branch_operator to 2024-12-28 00:00:00+00:00, run_after=2024-12-29 00:00:00+00:00
[2024-12-29T18:41:04.346+0000] {processor.py:208} INFO - Processing /home/airflow/.local/lib/python3.12/site-packages/airflow/example_dags/example_branch_operator.py took 0.121 seconds
