[2024-12-29T16:48:45.269+0000] {processor.py:186} INFO - Started process (PID=141) to work on /home/airflow/.local/lib/python3.12/site-packages/airflow/example_dags/example_dataset_alias_with_no_taskflow.py
[2024-12-29T16:48:45.278+0000] {processor.py:914} INFO - Processing file /home/airflow/.local/lib/python3.12/site-packages/airflow/example_dags/example_dataset_alias_with_no_taskflow.py for tasks to queue
[2024-12-29T16:48:45.353+0000] {logging_mixin.py:190} INFO - [2024-12-29T16:48:45.333+0000] {dagbag.py:588} INFO - Filling up the DagBag from /home/airflow/.local/lib/python3.12/site-packages/airflow/example_dags/example_dataset_alias_with_no_taskflow.py
[2024-12-29T16:48:57.804+0000] {processor.py:925} INFO - DAG(s) 'dataset_s3_bucket_producer_with_no_taskflow', 'dataset_alias_example_alias_consumer_with_no_taskflow', 'dataset_s3_bucket_consumer_with_no_taskflow', 'dataset_alias_example_alias_producer_with_no_taskflow' retrieved from /home/airflow/.local/lib/python3.12/site-packages/airflow/example_dags/example_dataset_alias_with_no_taskflow.py
[2024-12-29T16:48:59.474+0000] {logging_mixin.py:190} INFO - [2024-12-29T16:48:59.469+0000] {override.py:1911} INFO - Created Permission View: can read on DAG:dataset_s3_bucket_producer_with_no_taskflow
[2024-12-29T16:49:00.396+0000] {logging_mixin.py:190} INFO - [2024-12-29T16:49:00.391+0000] {override.py:1911} INFO - Created Permission View: can edit on DAG:dataset_s3_bucket_producer_with_no_taskflow
[2024-12-29T16:49:00.544+0000] {logging_mixin.py:190} INFO - [2024-12-29T16:49:00.543+0000] {override.py:1911} INFO - Created Permission View: can delete on DAG:dataset_s3_bucket_producer_with_no_taskflow
[2024-12-29T16:49:00.704+0000] {logging_mixin.py:190} INFO - [2024-12-29T16:49:00.703+0000] {override.py:1911} INFO - Created Permission View: can read on DAG Run:dataset_s3_bucket_producer_with_no_taskflow
[2024-12-29T16:49:00.864+0000] {logging_mixin.py:190} INFO - [2024-12-29T16:49:00.864+0000] {override.py:1911} INFO - Created Permission View: menu access on DAG Run:dataset_s3_bucket_producer_with_no_taskflow
[2024-12-29T16:49:01.103+0000] {logging_mixin.py:190} INFO - [2024-12-29T16:49:01.102+0000] {override.py:1911} INFO - Created Permission View: can delete on DAG Run:dataset_s3_bucket_producer_with_no_taskflow
[2024-12-29T16:49:01.285+0000] {logging_mixin.py:190} INFO - [2024-12-29T16:49:01.284+0000] {override.py:1911} INFO - Created Permission View: can create on DAG Run:dataset_s3_bucket_producer_with_no_taskflow
[2024-12-29T16:49:01.495+0000] {logging_mixin.py:190} INFO - [2024-12-29T16:49:01.493+0000] {override.py:1911} INFO - Created Permission View: can read on DAG:dataset_alias_example_alias_consumer_with_no_taskflow
[2024-12-29T16:49:01.712+0000] {logging_mixin.py:190} INFO - [2024-12-29T16:49:01.712+0000] {override.py:1911} INFO - Created Permission View: can edit on DAG:dataset_alias_example_alias_consumer_with_no_taskflow
[2024-12-29T16:49:01.833+0000] {logging_mixin.py:190} INFO - [2024-12-29T16:49:01.833+0000] {override.py:1911} INFO - Created Permission View: can delete on DAG:dataset_alias_example_alias_consumer_with_no_taskflow
[2024-12-29T16:49:01.934+0000] {logging_mixin.py:190} INFO - [2024-12-29T16:49:01.933+0000] {override.py:1911} INFO - Created Permission View: can read on DAG Run:dataset_alias_example_alias_consumer_with_no_taskflow
[2024-12-29T16:49:02.142+0000] {logging_mixin.py:190} INFO - [2024-12-29T16:49:02.073+0000] {override.py:1911} INFO - Created Permission View: menu access on DAG Run:dataset_alias_example_alias_consumer_with_no_taskflow
[2024-12-29T16:49:02.223+0000] {logging_mixin.py:190} INFO - [2024-12-29T16:49:02.223+0000] {override.py:1911} INFO - Created Permission View: can delete on DAG Run:dataset_alias_example_alias_consumer_with_no_taskflow
[2024-12-29T16:49:02.379+0000] {logging_mixin.py:190} INFO - [2024-12-29T16:49:02.378+0000] {override.py:1911} INFO - Created Permission View: can create on DAG Run:dataset_alias_example_alias_consumer_with_no_taskflow
[2024-12-29T16:49:02.641+0000] {logging_mixin.py:190} INFO - [2024-12-29T16:49:02.640+0000] {override.py:1911} INFO - Created Permission View: can read on DAG:dataset_s3_bucket_consumer_with_no_taskflow
[2024-12-29T16:49:02.741+0000] {logging_mixin.py:190} INFO - [2024-12-29T16:49:02.741+0000] {override.py:1911} INFO - Created Permission View: can edit on DAG:dataset_s3_bucket_consumer_with_no_taskflow
[2024-12-29T16:49:02.803+0000] {logging_mixin.py:190} INFO - [2024-12-29T16:49:02.803+0000] {override.py:1911} INFO - Created Permission View: can delete on DAG:dataset_s3_bucket_consumer_with_no_taskflow
[2024-12-29T16:49:02.905+0000] {logging_mixin.py:190} INFO - [2024-12-29T16:49:02.904+0000] {override.py:1911} INFO - Created Permission View: can read on DAG Run:dataset_s3_bucket_consumer_with_no_taskflow
[2024-12-29T16:49:03.124+0000] {logging_mixin.py:190} INFO - [2024-12-29T16:49:03.123+0000] {override.py:1911} INFO - Created Permission View: menu access on DAG Run:dataset_s3_bucket_consumer_with_no_taskflow
[2024-12-29T16:49:03.294+0000] {logging_mixin.py:190} INFO - [2024-12-29T16:49:03.293+0000] {override.py:1911} INFO - Created Permission View: can delete on DAG Run:dataset_s3_bucket_consumer_with_no_taskflow
[2024-12-29T16:49:03.494+0000] {logging_mixin.py:190} INFO - [2024-12-29T16:49:03.492+0000] {override.py:1911} INFO - Created Permission View: can create on DAG Run:dataset_s3_bucket_consumer_with_no_taskflow
[2024-12-29T16:49:03.678+0000] {logging_mixin.py:190} INFO - [2024-12-29T16:49:03.678+0000] {override.py:1911} INFO - Created Permission View: can read on DAG:dataset_alias_example_alias_producer_with_no_taskflow
[2024-12-29T16:49:03.738+0000] {logging_mixin.py:190} INFO - [2024-12-29T16:49:03.738+0000] {override.py:1911} INFO - Created Permission View: can edit on DAG:dataset_alias_example_alias_producer_with_no_taskflow
[2024-12-29T16:49:03.858+0000] {logging_mixin.py:190} INFO - [2024-12-29T16:49:03.857+0000] {override.py:1911} INFO - Created Permission View: can delete on DAG:dataset_alias_example_alias_producer_with_no_taskflow
[2024-12-29T16:49:03.958+0000] {logging_mixin.py:190} INFO - [2024-12-29T16:49:03.957+0000] {override.py:1911} INFO - Created Permission View: can read on DAG Run:dataset_alias_example_alias_producer_with_no_taskflow
[2024-12-29T16:49:04.065+0000] {logging_mixin.py:190} INFO - [2024-12-29T16:49:04.064+0000] {override.py:1911} INFO - Created Permission View: menu access on DAG Run:dataset_alias_example_alias_producer_with_no_taskflow
[2024-12-29T16:49:04.175+0000] {logging_mixin.py:190} INFO - [2024-12-29T16:49:04.174+0000] {override.py:1911} INFO - Created Permission View: can delete on DAG Run:dataset_alias_example_alias_producer_with_no_taskflow
[2024-12-29T16:49:04.343+0000] {logging_mixin.py:190} INFO - [2024-12-29T16:49:04.342+0000] {override.py:1911} INFO - Created Permission View: can create on DAG Run:dataset_alias_example_alias_producer_with_no_taskflow
[2024-12-29T16:49:04.381+0000] {logging_mixin.py:190} INFO - [2024-12-29T16:49:04.370+0000] {dag.py:3239} INFO - Sync 4 DAGs
[2024-12-29T16:49:04.607+0000] {logging_mixin.py:190} INFO - [2024-12-29T16:49:04.606+0000] {dag.py:3262} INFO - Creating ORM DAG for dataset_s3_bucket_producer_with_no_taskflow
[2024-12-29T16:49:04.629+0000] {logging_mixin.py:190} INFO - [2024-12-29T16:49:04.628+0000] {dag.py:3262} INFO - Creating ORM DAG for dataset_alias_example_alias_consumer_with_no_taskflow
[2024-12-29T16:49:04.658+0000] {logging_mixin.py:190} INFO - [2024-12-29T16:49:04.658+0000] {dag.py:3262} INFO - Creating ORM DAG for dataset_s3_bucket_consumer_with_no_taskflow
[2024-12-29T16:49:04.675+0000] {logging_mixin.py:190} INFO - [2024-12-29T16:49:04.675+0000] {dag.py:3262} INFO - Creating ORM DAG for dataset_alias_example_alias_producer_with_no_taskflow
[2024-12-29T16:49:04.803+0000] {logging_mixin.py:190} INFO - [2024-12-29T16:49:04.803+0000] {dag.py:4180} INFO - Setting next_dagrun for dataset_alias_example_alias_consumer_with_no_taskflow to None, run_after=None
[2024-12-29T16:49:04.812+0000] {logging_mixin.py:190} INFO - [2024-12-29T16:49:04.812+0000] {dag.py:4180} INFO - Setting next_dagrun for dataset_alias_example_alias_producer_with_no_taskflow to None, run_after=None
[2024-12-29T16:49:04.843+0000] {logging_mixin.py:190} INFO - [2024-12-29T16:49:04.843+0000] {dag.py:4180} INFO - Setting next_dagrun for dataset_s3_bucket_consumer_with_no_taskflow to None, run_after=None
[2024-12-29T16:49:04.845+0000] {logging_mixin.py:190} INFO - [2024-12-29T16:49:04.844+0000] {dag.py:4180} INFO - Setting next_dagrun for dataset_s3_bucket_producer_with_no_taskflow to None, run_after=None
[2024-12-29T16:49:05.050+0000] {processor.py:208} INFO - Processing /home/airflow/.local/lib/python3.12/site-packages/airflow/example_dags/example_dataset_alias_with_no_taskflow.py took 19.856 seconds
[2024-12-29T18:40:22.150+0000] {processor.py:186} INFO - Started process (PID=110) to work on /home/airflow/.local/lib/python3.12/site-packages/airflow/example_dags/example_dataset_alias_with_no_taskflow.py
[2024-12-29T18:40:22.152+0000] {processor.py:914} INFO - Processing file /home/airflow/.local/lib/python3.12/site-packages/airflow/example_dags/example_dataset_alias_with_no_taskflow.py for tasks to queue
[2024-12-29T18:40:22.155+0000] {logging_mixin.py:190} INFO - [2024-12-29T18:40:22.154+0000] {dagbag.py:588} INFO - Filling up the DagBag from /home/airflow/.local/lib/python3.12/site-packages/airflow/example_dags/example_dataset_alias_with_no_taskflow.py
[2024-12-29T18:40:23.799+0000] {processor.py:925} INFO - DAG(s) 'dataset_s3_bucket_consumer_with_no_taskflow', 'dataset_alias_example_alias_producer_with_no_taskflow', 'dataset_alias_example_alias_consumer_with_no_taskflow', 'dataset_s3_bucket_producer_with_no_taskflow' retrieved from /home/airflow/.local/lib/python3.12/site-packages/airflow/example_dags/example_dataset_alias_with_no_taskflow.py
[2024-12-29T18:40:23.938+0000] {logging_mixin.py:190} INFO - [2024-12-29T18:40:23.937+0000] {override.py:1911} INFO - Created Permission View: can read on DAG:dataset_s3_bucket_consumer_with_no_taskflow
[2024-12-29T18:40:23.949+0000] {logging_mixin.py:190} INFO - [2024-12-29T18:40:23.948+0000] {override.py:1911} INFO - Created Permission View: can edit on DAG:dataset_s3_bucket_consumer_with_no_taskflow
[2024-12-29T18:40:23.965+0000] {logging_mixin.py:190} INFO - [2024-12-29T18:40:23.965+0000] {override.py:1911} INFO - Created Permission View: can delete on DAG:dataset_s3_bucket_consumer_with_no_taskflow
[2024-12-29T18:40:23.981+0000] {logging_mixin.py:190} INFO - [2024-12-29T18:40:23.981+0000] {override.py:1911} INFO - Created Permission View: can create on DAG Run:dataset_s3_bucket_consumer_with_no_taskflow
[2024-12-29T18:40:23.993+0000] {logging_mixin.py:190} INFO - [2024-12-29T18:40:23.993+0000] {override.py:1911} INFO - Created Permission View: menu access on DAG Run:dataset_s3_bucket_consumer_with_no_taskflow
[2024-12-29T18:40:24.000+0000] {logging_mixin.py:190} INFO - [2024-12-29T18:40:24.000+0000] {override.py:1911} INFO - Created Permission View: can read on DAG Run:dataset_s3_bucket_consumer_with_no_taskflow
[2024-12-29T18:40:24.016+0000] {logging_mixin.py:190} INFO - [2024-12-29T18:40:24.016+0000] {override.py:1911} INFO - Created Permission View: can delete on DAG Run:dataset_s3_bucket_consumer_with_no_taskflow
[2024-12-29T18:40:24.032+0000] {logging_mixin.py:190} INFO - [2024-12-29T18:40:24.032+0000] {override.py:1911} INFO - Created Permission View: can read on DAG:dataset_alias_example_alias_producer_with_no_taskflow
[2024-12-29T18:40:24.046+0000] {logging_mixin.py:190} INFO - [2024-12-29T18:40:24.046+0000] {override.py:1911} INFO - Created Permission View: can edit on DAG:dataset_alias_example_alias_producer_with_no_taskflow
[2024-12-29T18:40:24.053+0000] {logging_mixin.py:190} INFO - [2024-12-29T18:40:24.052+0000] {override.py:1911} INFO - Created Permission View: can delete on DAG:dataset_alias_example_alias_producer_with_no_taskflow
[2024-12-29T18:40:24.065+0000] {logging_mixin.py:190} INFO - [2024-12-29T18:40:24.065+0000] {override.py:1911} INFO - Created Permission View: can create on DAG Run:dataset_alias_example_alias_producer_with_no_taskflow
[2024-12-29T18:40:24.073+0000] {logging_mixin.py:190} INFO - [2024-12-29T18:40:24.073+0000] {override.py:1911} INFO - Created Permission View: menu access on DAG Run:dataset_alias_example_alias_producer_with_no_taskflow
[2024-12-29T18:40:24.088+0000] {logging_mixin.py:190} INFO - [2024-12-29T18:40:24.088+0000] {override.py:1911} INFO - Created Permission View: can read on DAG Run:dataset_alias_example_alias_producer_with_no_taskflow
[2024-12-29T18:40:24.117+0000] {logging_mixin.py:190} INFO - [2024-12-29T18:40:24.117+0000] {override.py:1911} INFO - Created Permission View: can delete on DAG Run:dataset_alias_example_alias_producer_with_no_taskflow
[2024-12-29T18:40:24.133+0000] {logging_mixin.py:190} INFO - [2024-12-29T18:40:24.132+0000] {override.py:1911} INFO - Created Permission View: can read on DAG:dataset_alias_example_alias_consumer_with_no_taskflow
[2024-12-29T18:40:24.142+0000] {logging_mixin.py:190} INFO - [2024-12-29T18:40:24.142+0000] {override.py:1911} INFO - Created Permission View: can edit on DAG:dataset_alias_example_alias_consumer_with_no_taskflow
[2024-12-29T18:40:24.163+0000] {logging_mixin.py:190} INFO - [2024-12-29T18:40:24.163+0000] {override.py:1911} INFO - Created Permission View: can delete on DAG:dataset_alias_example_alias_consumer_with_no_taskflow
[2024-12-29T18:40:24.172+0000] {logging_mixin.py:190} INFO - [2024-12-29T18:40:24.171+0000] {override.py:1911} INFO - Created Permission View: can create on DAG Run:dataset_alias_example_alias_consumer_with_no_taskflow
[2024-12-29T18:40:24.180+0000] {logging_mixin.py:190} INFO - [2024-12-29T18:40:24.179+0000] {override.py:1911} INFO - Created Permission View: menu access on DAG Run:dataset_alias_example_alias_consumer_with_no_taskflow
[2024-12-29T18:40:24.188+0000] {logging_mixin.py:190} INFO - [2024-12-29T18:40:24.188+0000] {override.py:1911} INFO - Created Permission View: can read on DAG Run:dataset_alias_example_alias_consumer_with_no_taskflow
[2024-12-29T18:40:24.197+0000] {logging_mixin.py:190} INFO - [2024-12-29T18:40:24.196+0000] {override.py:1911} INFO - Created Permission View: can delete on DAG Run:dataset_alias_example_alias_consumer_with_no_taskflow
[2024-12-29T18:40:24.216+0000] {logging_mixin.py:190} INFO - [2024-12-29T18:40:24.216+0000] {override.py:1911} INFO - Created Permission View: can read on DAG:dataset_s3_bucket_producer_with_no_taskflow
[2024-12-29T18:40:24.231+0000] {logging_mixin.py:190} INFO - [2024-12-29T18:40:24.231+0000] {override.py:1911} INFO - Created Permission View: can edit on DAG:dataset_s3_bucket_producer_with_no_taskflow
[2024-12-29T18:40:24.240+0000] {logging_mixin.py:190} INFO - [2024-12-29T18:40:24.240+0000] {override.py:1911} INFO - Created Permission View: can delete on DAG:dataset_s3_bucket_producer_with_no_taskflow
[2024-12-29T18:40:24.250+0000] {logging_mixin.py:190} INFO - [2024-12-29T18:40:24.250+0000] {override.py:1911} INFO - Created Permission View: can create on DAG Run:dataset_s3_bucket_producer_with_no_taskflow
[2024-12-29T18:40:24.260+0000] {logging_mixin.py:190} INFO - [2024-12-29T18:40:24.260+0000] {override.py:1911} INFO - Created Permission View: menu access on DAG Run:dataset_s3_bucket_producer_with_no_taskflow
[2024-12-29T18:40:24.269+0000] {logging_mixin.py:190} INFO - [2024-12-29T18:40:24.269+0000] {override.py:1911} INFO - Created Permission View: can read on DAG Run:dataset_s3_bucket_producer_with_no_taskflow
[2024-12-29T18:40:24.277+0000] {logging_mixin.py:190} INFO - [2024-12-29T18:40:24.277+0000] {override.py:1911} INFO - Created Permission View: can delete on DAG Run:dataset_s3_bucket_producer_with_no_taskflow
[2024-12-29T18:40:24.279+0000] {logging_mixin.py:190} INFO - [2024-12-29T18:40:24.279+0000] {dag.py:3239} INFO - Sync 4 DAGs
[2024-12-29T18:40:24.305+0000] {logging_mixin.py:190} INFO - [2024-12-29T18:40:24.305+0000] {dag.py:3262} INFO - Creating ORM DAG for dataset_alias_example_alias_consumer_with_no_taskflow
[2024-12-29T18:40:24.306+0000] {logging_mixin.py:190} INFO - [2024-12-29T18:40:24.306+0000] {dag.py:3262} INFO - Creating ORM DAG for dataset_s3_bucket_producer_with_no_taskflow
[2024-12-29T18:40:24.307+0000] {logging_mixin.py:190} INFO - [2024-12-29T18:40:24.307+0000] {dag.py:3262} INFO - Creating ORM DAG for dataset_alias_example_alias_producer_with_no_taskflow
[2024-12-29T18:40:24.309+0000] {logging_mixin.py:190} INFO - [2024-12-29T18:40:24.308+0000] {dag.py:3262} INFO - Creating ORM DAG for dataset_s3_bucket_consumer_with_no_taskflow
[2024-12-29T18:40:24.321+0000] {logging_mixin.py:190} INFO - [2024-12-29T18:40:24.321+0000] {dag.py:4180} INFO - Setting next_dagrun for dataset_alias_example_alias_consumer_with_no_taskflow to None, run_after=None
[2024-12-29T18:40:24.322+0000] {logging_mixin.py:190} INFO - [2024-12-29T18:40:24.322+0000] {dag.py:4180} INFO - Setting next_dagrun for dataset_alias_example_alias_producer_with_no_taskflow to None, run_after=None
[2024-12-29T18:40:24.323+0000] {logging_mixin.py:190} INFO - [2024-12-29T18:40:24.323+0000] {dag.py:4180} INFO - Setting next_dagrun for dataset_s3_bucket_consumer_with_no_taskflow to None, run_after=None
[2024-12-29T18:40:24.324+0000] {logging_mixin.py:190} INFO - [2024-12-29T18:40:24.324+0000] {dag.py:4180} INFO - Setting next_dagrun for dataset_s3_bucket_producer_with_no_taskflow to None, run_after=None
[2024-12-29T18:40:24.373+0000] {processor.py:208} INFO - Processing /home/airflow/.local/lib/python3.12/site-packages/airflow/example_dags/example_dataset_alias_with_no_taskflow.py took 2.229 seconds
[2024-12-29T18:40:55.262+0000] {processor.py:186} INFO - Started process (PID=175) to work on /home/airflow/.local/lib/python3.12/site-packages/airflow/example_dags/example_dataset_alias_with_no_taskflow.py
[2024-12-29T18:40:55.264+0000] {processor.py:914} INFO - Processing file /home/airflow/.local/lib/python3.12/site-packages/airflow/example_dags/example_dataset_alias_with_no_taskflow.py for tasks to queue
[2024-12-29T18:40:55.267+0000] {logging_mixin.py:190} INFO - [2024-12-29T18:40:55.267+0000] {dagbag.py:588} INFO - Filling up the DagBag from /home/airflow/.local/lib/python3.12/site-packages/airflow/example_dags/example_dataset_alias_with_no_taskflow.py
[2024-12-29T18:40:56.100+0000] {processor.py:925} INFO - DAG(s) 'dataset_s3_bucket_consumer_with_no_taskflow', 'dataset_alias_example_alias_producer_with_no_taskflow', 'dataset_s3_bucket_producer_with_no_taskflow', 'dataset_alias_example_alias_consumer_with_no_taskflow' retrieved from /home/airflow/.local/lib/python3.12/site-packages/airflow/example_dags/example_dataset_alias_with_no_taskflow.py
[2024-12-29T18:40:56.155+0000] {logging_mixin.py:190} INFO - [2024-12-29T18:40:56.154+0000] {dag.py:3239} INFO - Sync 4 DAGs
[2024-12-29T18:40:56.193+0000] {logging_mixin.py:190} INFO - [2024-12-29T18:40:56.193+0000] {dag.py:4180} INFO - Setting next_dagrun for dataset_alias_example_alias_consumer_with_no_taskflow to None, run_after=None
[2024-12-29T18:40:56.198+0000] {logging_mixin.py:190} INFO - [2024-12-29T18:40:56.197+0000] {dag.py:4180} INFO - Setting next_dagrun for dataset_alias_example_alias_producer_with_no_taskflow to None, run_after=None
[2024-12-29T18:40:56.209+0000] {logging_mixin.py:190} INFO - [2024-12-29T18:40:56.205+0000] {dag.py:4180} INFO - Setting next_dagrun for dataset_s3_bucket_consumer_with_no_taskflow to None, run_after=None
[2024-12-29T18:40:56.215+0000] {logging_mixin.py:190} INFO - [2024-12-29T18:40:56.214+0000] {dag.py:4180} INFO - Setting next_dagrun for dataset_s3_bucket_producer_with_no_taskflow to None, run_after=None
[2024-12-29T18:40:56.822+0000] {processor.py:208} INFO - Processing /home/airflow/.local/lib/python3.12/site-packages/airflow/example_dags/example_dataset_alias_with_no_taskflow.py took 1.569 seconds
