[2024-12-29T16:47:36.937+0000] {processor.py:186} INFO - Started process (PID=98) to work on /home/airflow/.local/lib/python3.12/site-packages/airflow/example_dags/example_workday_timetable.py
[2024-12-29T16:47:36.938+0000] {processor.py:914} INFO - Processing file /home/airflow/.local/lib/python3.12/site-packages/airflow/example_dags/example_workday_timetable.py for tasks to queue
[2024-12-29T16:47:36.951+0000] {logging_mixin.py:190} INFO - [2024-12-29T16:47:36.948+0000] {dagbag.py:588} INFO - Filling up the DagBag from /home/airflow/.local/lib/python3.12/site-packages/airflow/example_dags/example_workday_timetable.py
[2024-12-29T16:47:37.046+0000] {processor.py:925} INFO - DAG(s) 'example_workday_timetable' retrieved from /home/airflow/.local/lib/python3.12/site-packages/airflow/example_dags/example_workday_timetable.py
[2024-12-29T16:47:38.316+0000] {logging_mixin.py:190} INFO - [2024-12-29T16:47:38.315+0000] {override.py:1911} INFO - Created Permission View: can read on DAG:example_workday_timetable
[2024-12-29T16:47:38.437+0000] {logging_mixin.py:190} INFO - [2024-12-29T16:47:38.434+0000] {override.py:1911} INFO - Created Permission View: can edit on DAG:example_workday_timetable
[2024-12-29T16:47:39.268+0000] {logging_mixin.py:190} INFO - [2024-12-29T16:47:39.266+0000] {override.py:1911} INFO - Created Permission View: can delete on DAG:example_workday_timetable
[2024-12-29T16:47:40.148+0000] {logging_mixin.py:190} INFO - [2024-12-29T16:47:40.142+0000] {override.py:1911} INFO - Created Permission View: can read on DAG Run:example_workday_timetable
[2024-12-29T16:47:40.286+0000] {logging_mixin.py:190} INFO - [2024-12-29T16:47:40.285+0000] {override.py:1911} INFO - Created Permission View: menu access on DAG Run:example_workday_timetable
[2024-12-29T16:47:40.391+0000] {logging_mixin.py:190} INFO - [2024-12-29T16:47:40.391+0000] {override.py:1911} INFO - Created Permission View: can delete on DAG Run:example_workday_timetable
[2024-12-29T16:47:40.498+0000] {logging_mixin.py:190} INFO - [2024-12-29T16:47:40.497+0000] {override.py:1911} INFO - Created Permission View: can create on DAG Run:example_workday_timetable
[2024-12-29T16:47:40.499+0000] {logging_mixin.py:190} INFO - [2024-12-29T16:47:40.498+0000] {dag.py:3239} INFO - Sync 1 DAGs
[2024-12-29T16:47:40.552+0000] {logging_mixin.py:190} INFO - [2024-12-29T16:47:40.552+0000] {dag.py:3262} INFO - Creating ORM DAG for example_workday_timetable
[2024-12-29T16:47:41.155+0000] {logging_mixin.py:190} INFO - [2024-12-29T16:47:41.154+0000] {dag.py:4180} INFO - Setting next_dagrun for example_workday_timetable to 2021-01-04 00:00:00+00:00, run_after=2021-01-05 00:00:00+00:00
[2024-12-29T16:47:41.362+0000] {processor.py:208} INFO - Processing /home/airflow/.local/lib/python3.12/site-packages/airflow/example_dags/example_workday_timetable.py took 4.484 seconds
[2024-12-29T16:49:59.278+0000] {processor.py:186} INFO - Started process (PID=179) to work on /home/airflow/.local/lib/python3.12/site-packages/airflow/example_dags/example_workday_timetable.py
[2024-12-29T16:49:59.375+0000] {processor.py:914} INFO - Processing file /home/airflow/.local/lib/python3.12/site-packages/airflow/example_dags/example_workday_timetable.py for tasks to queue
[2024-12-29T16:49:59.485+0000] {logging_mixin.py:190} INFO - [2024-12-29T16:49:59.484+0000] {dagbag.py:588} INFO - Filling up the DagBag from /home/airflow/.local/lib/python3.12/site-packages/airflow/example_dags/example_workday_timetable.py
[2024-12-29T16:49:59.533+0000] {processor.py:925} INFO - DAG(s) 'example_workday_timetable' retrieved from /home/airflow/.local/lib/python3.12/site-packages/airflow/example_dags/example_workday_timetable.py
[2024-12-29T16:50:00.172+0000] {logging_mixin.py:190} INFO - [2024-12-29T16:50:00.172+0000] {dag.py:3239} INFO - Sync 1 DAGs
[2024-12-29T16:50:00.949+0000] {logging_mixin.py:190} INFO - [2024-12-29T16:50:00.948+0000] {dag.py:4180} INFO - Setting next_dagrun for example_workday_timetable to 2021-01-04 00:00:00+00:00, run_after=2021-01-05 00:00:00+00:00
[2024-12-29T16:50:01.124+0000] {processor.py:208} INFO - Processing /home/airflow/.local/lib/python3.12/site-packages/airflow/example_dags/example_workday_timetable.py took 1.922 seconds
[2024-12-29T18:40:03.392+0000] {processor.py:186} INFO - Started process (PID=73) to work on /home/airflow/.local/lib/python3.12/site-packages/airflow/example_dags/example_workday_timetable.py
[2024-12-29T18:40:03.397+0000] {processor.py:914} INFO - Processing file /home/airflow/.local/lib/python3.12/site-packages/airflow/example_dags/example_workday_timetable.py for tasks to queue
[2024-12-29T18:40:03.401+0000] {logging_mixin.py:190} INFO - [2024-12-29T18:40:03.401+0000] {dagbag.py:588} INFO - Filling up the DagBag from /home/airflow/.local/lib/python3.12/site-packages/airflow/example_dags/example_workday_timetable.py
[2024-12-29T18:40:03.436+0000] {processor.py:925} INFO - DAG(s) 'example_workday_timetable' retrieved from /home/airflow/.local/lib/python3.12/site-packages/airflow/example_dags/example_workday_timetable.py
[2024-12-29T18:40:03.798+0000] {logging_mixin.py:190} INFO - [2024-12-29T18:40:03.797+0000] {override.py:1911} INFO - Created Permission View: can read on DAG:example_workday_timetable
[2024-12-29T18:40:03.821+0000] {logging_mixin.py:190} INFO - [2024-12-29T18:40:03.821+0000] {override.py:1911} INFO - Created Permission View: can edit on DAG:example_workday_timetable
[2024-12-29T18:40:03.834+0000] {logging_mixin.py:190} INFO - [2024-12-29T18:40:03.834+0000] {override.py:1911} INFO - Created Permission View: can delete on DAG:example_workday_timetable
[2024-12-29T18:40:03.852+0000] {logging_mixin.py:190} INFO - [2024-12-29T18:40:03.851+0000] {override.py:1911} INFO - Created Permission View: can create on DAG Run:example_workday_timetable
[2024-12-29T18:40:03.862+0000] {logging_mixin.py:190} INFO - [2024-12-29T18:40:03.861+0000] {override.py:1911} INFO - Created Permission View: menu access on DAG Run:example_workday_timetable
[2024-12-29T18:40:03.879+0000] {logging_mixin.py:190} INFO - [2024-12-29T18:40:03.879+0000] {override.py:1911} INFO - Created Permission View: can read on DAG Run:example_workday_timetable
[2024-12-29T18:40:03.886+0000] {logging_mixin.py:190} INFO - [2024-12-29T18:40:03.886+0000] {override.py:1911} INFO - Created Permission View: can delete on DAG Run:example_workday_timetable
[2024-12-29T18:40:03.886+0000] {logging_mixin.py:190} INFO - [2024-12-29T18:40:03.886+0000] {dag.py:3239} INFO - Sync 1 DAGs
[2024-12-29T18:40:03.907+0000] {logging_mixin.py:190} INFO - [2024-12-29T18:40:03.906+0000] {dag.py:3262} INFO - Creating ORM DAG for example_workday_timetable
[2024-12-29T18:40:04.085+0000] {logging_mixin.py:190} INFO - [2024-12-29T18:40:04.085+0000] {dag.py:4180} INFO - Setting next_dagrun for example_workday_timetable to 2021-01-04 00:00:00+00:00, run_after=2021-01-05 00:00:00+00:00
[2024-12-29T18:40:04.120+0000] {processor.py:208} INFO - Processing /home/airflow/.local/lib/python3.12/site-packages/airflow/example_dags/example_workday_timetable.py took 0.751 seconds
[2024-12-29T18:40:34.971+0000] {processor.py:186} INFO - Started process (PID=135) to work on /home/airflow/.local/lib/python3.12/site-packages/airflow/example_dags/example_workday_timetable.py
[2024-12-29T18:40:34.972+0000] {processor.py:914} INFO - Processing file /home/airflow/.local/lib/python3.12/site-packages/airflow/example_dags/example_workday_timetable.py for tasks to queue
[2024-12-29T18:40:34.975+0000] {logging_mixin.py:190} INFO - [2024-12-29T18:40:34.974+0000] {dagbag.py:588} INFO - Filling up the DagBag from /home/airflow/.local/lib/python3.12/site-packages/airflow/example_dags/example_workday_timetable.py
[2024-12-29T18:40:34.982+0000] {processor.py:925} INFO - DAG(s) 'example_workday_timetable' retrieved from /home/airflow/.local/lib/python3.12/site-packages/airflow/example_dags/example_workday_timetable.py
[2024-12-29T18:40:35.004+0000] {logging_mixin.py:190} INFO - [2024-12-29T18:40:35.004+0000] {dag.py:3239} INFO - Sync 1 DAGs
[2024-12-29T18:40:35.146+0000] {logging_mixin.py:190} INFO - [2024-12-29T18:40:35.146+0000] {dag.py:4180} INFO - Setting next_dagrun for example_workday_timetable to 2021-01-04 00:00:00+00:00, run_after=2021-01-05 00:00:00+00:00
[2024-12-29T18:40:35.175+0000] {processor.py:208} INFO - Processing /home/airflow/.local/lib/python3.12/site-packages/airflow/example_dags/example_workday_timetable.py took 0.210 seconds
[2024-12-29T18:41:05.411+0000] {processor.py:186} INFO - Started process (PID=198) to work on /home/airflow/.local/lib/python3.12/site-packages/airflow/example_dags/example_workday_timetable.py
[2024-12-29T18:41:05.411+0000] {processor.py:914} INFO - Processing file /home/airflow/.local/lib/python3.12/site-packages/airflow/example_dags/example_workday_timetable.py for tasks to queue
[2024-12-29T18:41:05.414+0000] {logging_mixin.py:190} INFO - [2024-12-29T18:41:05.413+0000] {dagbag.py:588} INFO - Filling up the DagBag from /home/airflow/.local/lib/python3.12/site-packages/airflow/example_dags/example_workday_timetable.py
[2024-12-29T18:41:05.419+0000] {processor.py:925} INFO - DAG(s) 'example_workday_timetable' retrieved from /home/airflow/.local/lib/python3.12/site-packages/airflow/example_dags/example_workday_timetable.py
[2024-12-29T18:41:05.435+0000] {logging_mixin.py:190} INFO - [2024-12-29T18:41:05.435+0000] {dag.py:3239} INFO - Sync 1 DAGs
[2024-12-29T18:41:05.499+0000] {logging_mixin.py:190} INFO - [2024-12-29T18:41:05.499+0000] {dag.py:4180} INFO - Setting next_dagrun for example_workday_timetable to 2021-01-04 00:00:00+00:00, run_after=2021-01-05 00:00:00+00:00
[2024-12-29T18:41:05.523+0000] {processor.py:208} INFO - Processing /home/airflow/.local/lib/python3.12/site-packages/airflow/example_dags/example_workday_timetable.py took 0.117 seconds
