[2024-12-29T16:48:06.528+0000] {processor.py:186} INFO - Started process (PID=112) to work on /home/airflow/.local/lib/python3.12/site-packages/airflow/example_dags/example_branch_datetime_operator.py
[2024-12-29T16:48:06.534+0000] {processor.py:914} INFO - Processing file /home/airflow/.local/lib/python3.12/site-packages/airflow/example_dags/example_branch_datetime_operator.py for tasks to queue
[2024-12-29T16:48:06.547+0000] {logging_mixin.py:190} INFO - [2024-12-29T16:48:06.546+0000] {dagbag.py:588} INFO - Filling up the DagBag from /home/airflow/.local/lib/python3.12/site-packages/airflow/example_dags/example_branch_datetime_operator.py
[2024-12-29T16:48:06.645+0000] {processor.py:925} INFO - DAG(s) 'example_branch_datetime_operator_3', 'example_branch_datetime_operator_2', 'example_branch_datetime_operator' retrieved from /home/airflow/.local/lib/python3.12/site-packages/airflow/example_dags/example_branch_datetime_operator.py
[2024-12-29T16:48:07.886+0000] {logging_mixin.py:190} INFO - [2024-12-29T16:48:07.880+0000] {override.py:1911} INFO - Created Permission View: can read on DAG:example_branch_datetime_operator_3
[2024-12-29T16:48:07.994+0000] {logging_mixin.py:190} INFO - [2024-12-29T16:48:07.993+0000] {override.py:1911} INFO - Created Permission View: can edit on DAG:example_branch_datetime_operator_3
[2024-12-29T16:48:08.054+0000] {logging_mixin.py:190} INFO - [2024-12-29T16:48:08.053+0000] {override.py:1911} INFO - Created Permission View: can delete on DAG:example_branch_datetime_operator_3
[2024-12-29T16:48:08.109+0000] {logging_mixin.py:190} INFO - [2024-12-29T16:48:08.108+0000] {override.py:1911} INFO - Created Permission View: can read on DAG Run:example_branch_datetime_operator_3
[2024-12-29T16:48:08.147+0000] {logging_mixin.py:190} INFO - [2024-12-29T16:48:08.147+0000] {override.py:1911} INFO - Created Permission View: menu access on DAG Run:example_branch_datetime_operator_3
[2024-12-29T16:48:08.185+0000] {logging_mixin.py:190} INFO - [2024-12-29T16:48:08.184+0000] {override.py:1911} INFO - Created Permission View: can delete on DAG Run:example_branch_datetime_operator_3
[2024-12-29T16:48:08.257+0000] {logging_mixin.py:190} INFO - [2024-12-29T16:48:08.256+0000] {override.py:1911} INFO - Created Permission View: can create on DAG Run:example_branch_datetime_operator_3
[2024-12-29T16:48:08.328+0000] {logging_mixin.py:190} INFO - [2024-12-29T16:48:08.328+0000] {override.py:1911} INFO - Created Permission View: can read on DAG:example_branch_datetime_operator_2
[2024-12-29T16:48:08.383+0000] {logging_mixin.py:190} INFO - [2024-12-29T16:48:08.383+0000] {override.py:1911} INFO - Created Permission View: can edit on DAG:example_branch_datetime_operator_2
[2024-12-29T16:48:08.435+0000] {logging_mixin.py:190} INFO - [2024-12-29T16:48:08.435+0000] {override.py:1911} INFO - Created Permission View: can delete on DAG:example_branch_datetime_operator_2
[2024-12-29T16:48:08.464+0000] {logging_mixin.py:190} INFO - [2024-12-29T16:48:08.464+0000] {override.py:1911} INFO - Created Permission View: can read on DAG Run:example_branch_datetime_operator_2
[2024-12-29T16:48:08.498+0000] {logging_mixin.py:190} INFO - [2024-12-29T16:48:08.498+0000] {override.py:1911} INFO - Created Permission View: menu access on DAG Run:example_branch_datetime_operator_2
[2024-12-29T16:48:08.527+0000] {logging_mixin.py:190} INFO - [2024-12-29T16:48:08.526+0000] {override.py:1911} INFO - Created Permission View: can delete on DAG Run:example_branch_datetime_operator_2
[2024-12-29T16:48:08.559+0000] {logging_mixin.py:190} INFO - [2024-12-29T16:48:08.558+0000] {override.py:1911} INFO - Created Permission View: can create on DAG Run:example_branch_datetime_operator_2
[2024-12-29T16:48:08.626+0000] {logging_mixin.py:190} INFO - [2024-12-29T16:48:08.626+0000] {override.py:1911} INFO - Created Permission View: can read on DAG:example_branch_datetime_operator
[2024-12-29T16:48:08.702+0000] {logging_mixin.py:190} INFO - [2024-12-29T16:48:08.696+0000] {override.py:1911} INFO - Created Permission View: can edit on DAG:example_branch_datetime_operator
[2024-12-29T16:48:08.736+0000] {logging_mixin.py:190} INFO - [2024-12-29T16:48:08.735+0000] {override.py:1911} INFO - Created Permission View: can delete on DAG:example_branch_datetime_operator
[2024-12-29T16:48:08.778+0000] {logging_mixin.py:190} INFO - [2024-12-29T16:48:08.778+0000] {override.py:1911} INFO - Created Permission View: can read on DAG Run:example_branch_datetime_operator
[2024-12-29T16:48:08.833+0000] {logging_mixin.py:190} INFO - [2024-12-29T16:48:08.832+0000] {override.py:1911} INFO - Created Permission View: menu access on DAG Run:example_branch_datetime_operator
[2024-12-29T16:48:08.894+0000] {logging_mixin.py:190} INFO - [2024-12-29T16:48:08.893+0000] {override.py:1911} INFO - Created Permission View: can delete on DAG Run:example_branch_datetime_operator
[2024-12-29T16:48:08.930+0000] {logging_mixin.py:190} INFO - [2024-12-29T16:48:08.929+0000] {override.py:1911} INFO - Created Permission View: can create on DAG Run:example_branch_datetime_operator
[2024-12-29T16:48:08.936+0000] {logging_mixin.py:190} INFO - [2024-12-29T16:48:08.936+0000] {dag.py:3239} INFO - Sync 3 DAGs
[2024-12-29T16:48:09.012+0000] {logging_mixin.py:190} INFO - [2024-12-29T16:48:09.011+0000] {dag.py:3262} INFO - Creating ORM DAG for example_branch_datetime_operator_3
[2024-12-29T16:48:09.015+0000] {logging_mixin.py:190} INFO - [2024-12-29T16:48:09.015+0000] {dag.py:3262} INFO - Creating ORM DAG for example_branch_datetime_operator_2
[2024-12-29T16:48:09.025+0000] {logging_mixin.py:190} INFO - [2024-12-29T16:48:09.025+0000] {dag.py:3262} INFO - Creating ORM DAG for example_branch_datetime_operator
[2024-12-29T16:48:09.071+0000] {logging_mixin.py:190} INFO - [2024-12-29T16:48:09.071+0000] {dag.py:4180} INFO - Setting next_dagrun for example_branch_datetime_operator to 2024-12-28 00:00:00+00:00, run_after=2024-12-29 00:00:00+00:00
[2024-12-29T16:48:09.088+0000] {logging_mixin.py:190} INFO - [2024-12-29T16:48:09.088+0000] {dag.py:4180} INFO - Setting next_dagrun for example_branch_datetime_operator_2 to 2024-12-28 00:00:00+00:00, run_after=2024-12-29 00:00:00+00:00
[2024-12-29T16:48:09.113+0000] {logging_mixin.py:190} INFO - [2024-12-29T16:48:09.112+0000] {dag.py:4180} INFO - Setting next_dagrun for example_branch_datetime_operator_3 to 2024-12-28 00:00:00+00:00, run_after=2024-12-29 00:00:00+00:00
[2024-12-29T16:48:09.218+0000] {processor.py:208} INFO - Processing /home/airflow/.local/lib/python3.12/site-packages/airflow/example_dags/example_branch_datetime_operator.py took 2.743 seconds
[2024-12-29T16:50:09.250+0000] {processor.py:186} INFO - Started process (PID=194) to work on /home/airflow/.local/lib/python3.12/site-packages/airflow/example_dags/example_branch_datetime_operator.py
[2024-12-29T16:50:09.259+0000] {processor.py:914} INFO - Processing file /home/airflow/.local/lib/python3.12/site-packages/airflow/example_dags/example_branch_datetime_operator.py for tasks to queue
[2024-12-29T16:50:09.279+0000] {logging_mixin.py:190} INFO - [2024-12-29T16:50:09.279+0000] {dagbag.py:588} INFO - Filling up the DagBag from /home/airflow/.local/lib/python3.12/site-packages/airflow/example_dags/example_branch_datetime_operator.py
[2024-12-29T16:50:09.358+0000] {processor.py:925} INFO - DAG(s) 'example_branch_datetime_operator_3', 'example_branch_datetime_operator_2', 'example_branch_datetime_operator' retrieved from /home/airflow/.local/lib/python3.12/site-packages/airflow/example_dags/example_branch_datetime_operator.py
[2024-12-29T16:50:09.578+0000] {logging_mixin.py:190} INFO - [2024-12-29T16:50:09.578+0000] {dag.py:3239} INFO - Sync 3 DAGs
[2024-12-29T16:50:09.738+0000] {logging_mixin.py:190} INFO - [2024-12-29T16:50:09.730+0000] {dag.py:4180} INFO - Setting next_dagrun for example_branch_datetime_operator to 2024-12-28 00:00:00+00:00, run_after=2024-12-29 00:00:00+00:00
[2024-12-29T16:50:09.756+0000] {logging_mixin.py:190} INFO - [2024-12-29T16:50:09.756+0000] {dag.py:4180} INFO - Setting next_dagrun for example_branch_datetime_operator_2 to 2024-12-28 00:00:00+00:00, run_after=2024-12-29 00:00:00+00:00
[2024-12-29T16:50:09.775+0000] {logging_mixin.py:190} INFO - [2024-12-29T16:50:09.774+0000] {dag.py:4180} INFO - Setting next_dagrun for example_branch_datetime_operator_3 to 2024-12-28 00:00:00+00:00, run_after=2024-12-29 00:00:00+00:00
[2024-12-29T16:50:09.902+0000] {processor.py:208} INFO - Processing /home/airflow/.local/lib/python3.12/site-packages/airflow/example_dags/example_branch_datetime_operator.py took 0.680 seconds
[2024-12-29T18:40:12.121+0000] {processor.py:186} INFO - Started process (PID=87) to work on /home/airflow/.local/lib/python3.12/site-packages/airflow/example_dags/example_branch_datetime_operator.py
[2024-12-29T18:40:12.157+0000] {processor.py:914} INFO - Processing file /home/airflow/.local/lib/python3.12/site-packages/airflow/example_dags/example_branch_datetime_operator.py for tasks to queue
[2024-12-29T18:40:12.169+0000] {logging_mixin.py:190} INFO - [2024-12-29T18:40:12.167+0000] {dagbag.py:588} INFO - Filling up the DagBag from /home/airflow/.local/lib/python3.12/site-packages/airflow/example_dags/example_branch_datetime_operator.py
[2024-12-29T18:40:12.201+0000] {processor.py:925} INFO - DAG(s) 'example_branch_datetime_operator_3', 'example_branch_datetime_operator', 'example_branch_datetime_operator_2' retrieved from /home/airflow/.local/lib/python3.12/site-packages/airflow/example_dags/example_branch_datetime_operator.py
[2024-12-29T18:40:12.700+0000] {logging_mixin.py:190} INFO - [2024-12-29T18:40:12.699+0000] {override.py:1911} INFO - Created Permission View: can read on DAG:example_branch_datetime_operator_3
[2024-12-29T18:40:12.728+0000] {logging_mixin.py:190} INFO - [2024-12-29T18:40:12.728+0000] {override.py:1911} INFO - Created Permission View: can edit on DAG:example_branch_datetime_operator_3
[2024-12-29T18:40:12.739+0000] {logging_mixin.py:190} INFO - [2024-12-29T18:40:12.739+0000] {override.py:1911} INFO - Created Permission View: can delete on DAG:example_branch_datetime_operator_3
[2024-12-29T18:40:12.760+0000] {logging_mixin.py:190} INFO - [2024-12-29T18:40:12.759+0000] {override.py:1911} INFO - Created Permission View: can create on DAG Run:example_branch_datetime_operator_3
[2024-12-29T18:40:12.781+0000] {logging_mixin.py:190} INFO - [2024-12-29T18:40:12.781+0000] {override.py:1911} INFO - Created Permission View: menu access on DAG Run:example_branch_datetime_operator_3
[2024-12-29T18:40:12.817+0000] {logging_mixin.py:190} INFO - [2024-12-29T18:40:12.816+0000] {override.py:1911} INFO - Created Permission View: can read on DAG Run:example_branch_datetime_operator_3
[2024-12-29T18:40:12.835+0000] {logging_mixin.py:190} INFO - [2024-12-29T18:40:12.835+0000] {override.py:1911} INFO - Created Permission View: can delete on DAG Run:example_branch_datetime_operator_3
[2024-12-29T18:40:12.883+0000] {logging_mixin.py:190} INFO - [2024-12-29T18:40:12.883+0000] {override.py:1911} INFO - Created Permission View: can read on DAG:example_branch_datetime_operator
[2024-12-29T18:40:12.904+0000] {logging_mixin.py:190} INFO - [2024-12-29T18:40:12.904+0000] {override.py:1911} INFO - Created Permission View: can edit on DAG:example_branch_datetime_operator
[2024-12-29T18:40:12.920+0000] {logging_mixin.py:190} INFO - [2024-12-29T18:40:12.920+0000] {override.py:1911} INFO - Created Permission View: can delete on DAG:example_branch_datetime_operator
[2024-12-29T18:40:12.938+0000] {logging_mixin.py:190} INFO - [2024-12-29T18:40:12.937+0000] {override.py:1911} INFO - Created Permission View: can create on DAG Run:example_branch_datetime_operator
[2024-12-29T18:40:12.951+0000] {logging_mixin.py:190} INFO - [2024-12-29T18:40:12.944+0000] {override.py:1911} INFO - Created Permission View: menu access on DAG Run:example_branch_datetime_operator
[2024-12-29T18:40:12.969+0000] {logging_mixin.py:190} INFO - [2024-12-29T18:40:12.969+0000] {override.py:1911} INFO - Created Permission View: can read on DAG Run:example_branch_datetime_operator
[2024-12-29T18:40:12.984+0000] {logging_mixin.py:190} INFO - [2024-12-29T18:40:12.984+0000] {override.py:1911} INFO - Created Permission View: can delete on DAG Run:example_branch_datetime_operator
[2024-12-29T18:40:13.032+0000] {logging_mixin.py:190} INFO - [2024-12-29T18:40:13.032+0000] {override.py:1911} INFO - Created Permission View: can read on DAG:example_branch_datetime_operator_2
[2024-12-29T18:40:13.042+0000] {logging_mixin.py:190} INFO - [2024-12-29T18:40:13.042+0000] {override.py:1911} INFO - Created Permission View: can edit on DAG:example_branch_datetime_operator_2
[2024-12-29T18:40:13.072+0000] {logging_mixin.py:190} INFO - [2024-12-29T18:40:13.072+0000] {override.py:1911} INFO - Created Permission View: can delete on DAG:example_branch_datetime_operator_2
[2024-12-29T18:40:13.098+0000] {logging_mixin.py:190} INFO - [2024-12-29T18:40:13.098+0000] {override.py:1911} INFO - Created Permission View: can create on DAG Run:example_branch_datetime_operator_2
[2024-12-29T18:40:13.114+0000] {logging_mixin.py:190} INFO - [2024-12-29T18:40:13.113+0000] {override.py:1911} INFO - Created Permission View: menu access on DAG Run:example_branch_datetime_operator_2
[2024-12-29T18:40:13.150+0000] {logging_mixin.py:190} INFO - [2024-12-29T18:40:13.149+0000] {override.py:1911} INFO - Created Permission View: can read on DAG Run:example_branch_datetime_operator_2
[2024-12-29T18:40:13.173+0000] {logging_mixin.py:190} INFO - [2024-12-29T18:40:13.172+0000] {override.py:1911} INFO - Created Permission View: can delete on DAG Run:example_branch_datetime_operator_2
[2024-12-29T18:40:13.173+0000] {logging_mixin.py:190} INFO - [2024-12-29T18:40:13.173+0000] {dag.py:3239} INFO - Sync 3 DAGs
[2024-12-29T18:40:13.226+0000] {logging_mixin.py:190} INFO - [2024-12-29T18:40:13.225+0000] {dag.py:3262} INFO - Creating ORM DAG for example_branch_datetime_operator
[2024-12-29T18:40:13.231+0000] {logging_mixin.py:190} INFO - [2024-12-29T18:40:13.230+0000] {dag.py:3262} INFO - Creating ORM DAG for example_branch_datetime_operator_2
[2024-12-29T18:40:13.242+0000] {logging_mixin.py:190} INFO - [2024-12-29T18:40:13.242+0000] {dag.py:3262} INFO - Creating ORM DAG for example_branch_datetime_operator_3
[2024-12-29T18:40:13.303+0000] {logging_mixin.py:190} INFO - [2024-12-29T18:40:13.303+0000] {dag.py:4180} INFO - Setting next_dagrun for example_branch_datetime_operator to 2024-12-28 00:00:00+00:00, run_after=2024-12-29 00:00:00+00:00
[2024-12-29T18:40:13.317+0000] {logging_mixin.py:190} INFO - [2024-12-29T18:40:13.317+0000] {dag.py:4180} INFO - Setting next_dagrun for example_branch_datetime_operator_2 to 2024-12-28 00:00:00+00:00, run_after=2024-12-29 00:00:00+00:00
[2024-12-29T18:40:13.327+0000] {logging_mixin.py:190} INFO - [2024-12-29T18:40:13.327+0000] {dag.py:4180} INFO - Setting next_dagrun for example_branch_datetime_operator_3 to 2024-12-28 00:00:00+00:00, run_after=2024-12-29 00:00:00+00:00
[2024-12-29T18:40:13.433+0000] {processor.py:208} INFO - Processing /home/airflow/.local/lib/python3.12/site-packages/airflow/example_dags/example_branch_datetime_operator.py took 1.328 seconds
[2024-12-29T18:40:43.769+0000] {processor.py:186} INFO - Started process (PID=150) to work on /home/airflow/.local/lib/python3.12/site-packages/airflow/example_dags/example_branch_datetime_operator.py
[2024-12-29T18:40:43.771+0000] {processor.py:914} INFO - Processing file /home/airflow/.local/lib/python3.12/site-packages/airflow/example_dags/example_branch_datetime_operator.py for tasks to queue
[2024-12-29T18:40:43.782+0000] {logging_mixin.py:190} INFO - [2024-12-29T18:40:43.782+0000] {dagbag.py:588} INFO - Filling up the DagBag from /home/airflow/.local/lib/python3.12/site-packages/airflow/example_dags/example_branch_datetime_operator.py
[2024-12-29T18:40:43.809+0000] {processor.py:925} INFO - DAG(s) 'example_branch_datetime_operator_3', 'example_branch_datetime_operator_2', 'example_branch_datetime_operator' retrieved from /home/airflow/.local/lib/python3.12/site-packages/airflow/example_dags/example_branch_datetime_operator.py
[2024-12-29T18:40:43.858+0000] {logging_mixin.py:190} INFO - [2024-12-29T18:40:43.857+0000] {dag.py:3239} INFO - Sync 3 DAGs
[2024-12-29T18:40:43.898+0000] {logging_mixin.py:190} INFO - [2024-12-29T18:40:43.898+0000] {dag.py:4180} INFO - Setting next_dagrun for example_branch_datetime_operator to 2024-12-28 00:00:00+00:00, run_after=2024-12-29 00:00:00+00:00
[2024-12-29T18:40:43.913+0000] {logging_mixin.py:190} INFO - [2024-12-29T18:40:43.913+0000] {dag.py:4180} INFO - Setting next_dagrun for example_branch_datetime_operator_2 to 2024-12-28 00:00:00+00:00, run_after=2024-12-29 00:00:00+00:00
[2024-12-29T18:40:43.918+0000] {logging_mixin.py:190} INFO - [2024-12-29T18:40:43.918+0000] {dag.py:4180} INFO - Setting next_dagrun for example_branch_datetime_operator_3 to 2024-12-28 00:00:00+00:00, run_after=2024-12-29 00:00:00+00:00
[2024-12-29T18:40:43.956+0000] {processor.py:208} INFO - Processing /home/airflow/.local/lib/python3.12/site-packages/airflow/example_dags/example_branch_datetime_operator.py took 0.194 seconds
[2024-12-29T18:41:14.454+0000] {processor.py:186} INFO - Started process (PID=213) to work on /home/airflow/.local/lib/python3.12/site-packages/airflow/example_dags/example_branch_datetime_operator.py
[2024-12-29T18:41:14.454+0000] {processor.py:914} INFO - Processing file /home/airflow/.local/lib/python3.12/site-packages/airflow/example_dags/example_branch_datetime_operator.py for tasks to queue
[2024-12-29T18:41:14.456+0000] {logging_mixin.py:190} INFO - [2024-12-29T18:41:14.456+0000] {dagbag.py:588} INFO - Filling up the DagBag from /home/airflow/.local/lib/python3.12/site-packages/airflow/example_dags/example_branch_datetime_operator.py
[2024-12-29T18:41:14.467+0000] {processor.py:925} INFO - DAG(s) 'example_branch_datetime_operator_2', 'example_branch_datetime_operator', 'example_branch_datetime_operator_3' retrieved from /home/airflow/.local/lib/python3.12/site-packages/airflow/example_dags/example_branch_datetime_operator.py
[2024-12-29T18:41:14.489+0000] {logging_mixin.py:190} INFO - [2024-12-29T18:41:14.488+0000] {dag.py:3239} INFO - Sync 3 DAGs
[2024-12-29T18:41:14.513+0000] {logging_mixin.py:190} INFO - [2024-12-29T18:41:14.512+0000] {dag.py:4180} INFO - Setting next_dagrun for example_branch_datetime_operator to 2024-12-28 00:00:00+00:00, run_after=2024-12-29 00:00:00+00:00
[2024-12-29T18:41:14.517+0000] {logging_mixin.py:190} INFO - [2024-12-29T18:41:14.517+0000] {dag.py:4180} INFO - Setting next_dagrun for example_branch_datetime_operator_2 to 2024-12-28 00:00:00+00:00, run_after=2024-12-29 00:00:00+00:00
[2024-12-29T18:41:14.520+0000] {logging_mixin.py:190} INFO - [2024-12-29T18:41:14.519+0000] {dag.py:4180} INFO - Setting next_dagrun for example_branch_datetime_operator_3 to 2024-12-28 00:00:00+00:00, run_after=2024-12-29 00:00:00+00:00
[2024-12-29T18:41:14.535+0000] {processor.py:208} INFO - Processing /home/airflow/.local/lib/python3.12/site-packages/airflow/example_dags/example_branch_datetime_operator.py took 0.087 seconds
