[2024-12-29T16:48:57.879+0000] {processor.py:186} INFO - Started process (PID=144) to work on /home/airflow/.local/lib/python3.12/site-packages/airflow/example_dags/example_dynamic_task_mapping_with_no_taskflow_operators.py
[2024-12-29T16:48:57.928+0000] {processor.py:914} INFO - Processing file /home/airflow/.local/lib/python3.12/site-packages/airflow/example_dags/example_dynamic_task_mapping_with_no_taskflow_operators.py for tasks to queue
[2024-12-29T16:48:57.979+0000] {logging_mixin.py:190} INFO - [2024-12-29T16:48:57.977+0000] {dagbag.py:588} INFO - Filling up the DagBag from /home/airflow/.local/lib/python3.12/site-packages/airflow/example_dags/example_dynamic_task_mapping_with_no_taskflow_operators.py
[2024-12-29T16:48:58.161+0000] {processor.py:925} INFO - DAG(s) 'example_dynamic_task_mapping_with_no_taskflow_operators' retrieved from /home/airflow/.local/lib/python3.12/site-packages/airflow/example_dags/example_dynamic_task_mapping_with_no_taskflow_operators.py
[2024-12-29T16:48:59.573+0000] {logging_mixin.py:190} INFO - [2024-12-29T16:48:59.572+0000] {override.py:1911} INFO - Created Permission View: can read on DAG:example_dynamic_task_mapping_with_no_taskflow_operators
[2024-12-29T16:49:00.403+0000] {logging_mixin.py:190} INFO - [2024-12-29T16:49:00.402+0000] {override.py:1911} INFO - Created Permission View: can edit on DAG:example_dynamic_task_mapping_with_no_taskflow_operators
[2024-12-29T16:49:00.504+0000] {logging_mixin.py:190} INFO - [2024-12-29T16:49:00.503+0000] {override.py:1911} INFO - Created Permission View: can delete on DAG:example_dynamic_task_mapping_with_no_taskflow_operators
[2024-12-29T16:49:00.541+0000] {logging_mixin.py:190} INFO - [2024-12-29T16:49:00.540+0000] {override.py:1911} INFO - Created Permission View: can read on DAG Run:example_dynamic_task_mapping_with_no_taskflow_operators
[2024-12-29T16:49:00.657+0000] {logging_mixin.py:190} INFO - [2024-12-29T16:49:00.656+0000] {override.py:1911} INFO - Created Permission View: menu access on DAG Run:example_dynamic_task_mapping_with_no_taskflow_operators
[2024-12-29T16:49:00.841+0000] {logging_mixin.py:190} INFO - [2024-12-29T16:49:00.840+0000] {override.py:1911} INFO - Created Permission View: can delete on DAG Run:example_dynamic_task_mapping_with_no_taskflow_operators
[2024-12-29T16:49:00.965+0000] {logging_mixin.py:190} INFO - [2024-12-29T16:49:00.964+0000] {override.py:1911} INFO - Created Permission View: can create on DAG Run:example_dynamic_task_mapping_with_no_taskflow_operators
[2024-12-29T16:49:01.002+0000] {logging_mixin.py:190} INFO - [2024-12-29T16:49:00.984+0000] {dag.py:3239} INFO - Sync 1 DAGs
[2024-12-29T16:49:01.331+0000] {logging_mixin.py:190} INFO - [2024-12-29T16:49:01.331+0000] {dag.py:3262} INFO - Creating ORM DAG for example_dynamic_task_mapping_with_no_taskflow_operators
[2024-12-29T16:49:01.340+0000] {logging_mixin.py:190} INFO - [2024-12-29T16:49:01.340+0000] {dag.py:4180} INFO - Setting next_dagrun for example_dynamic_task_mapping_with_no_taskflow_operators to None, run_after=None
[2024-12-29T16:49:01.600+0000] {processor.py:208} INFO - Processing /home/airflow/.local/lib/python3.12/site-packages/airflow/example_dags/example_dynamic_task_mapping_with_no_taskflow_operators.py took 3.821 seconds
[2024-12-29T18:40:23.958+0000] {processor.py:186} INFO - Started process (PID=113) to work on /home/airflow/.local/lib/python3.12/site-packages/airflow/example_dags/example_dynamic_task_mapping_with_no_taskflow_operators.py
[2024-12-29T18:40:23.963+0000] {processor.py:914} INFO - Processing file /home/airflow/.local/lib/python3.12/site-packages/airflow/example_dags/example_dynamic_task_mapping_with_no_taskflow_operators.py for tasks to queue
[2024-12-29T18:40:23.972+0000] {logging_mixin.py:190} INFO - [2024-12-29T18:40:23.971+0000] {dagbag.py:588} INFO - Filling up the DagBag from /home/airflow/.local/lib/python3.12/site-packages/airflow/example_dags/example_dynamic_task_mapping_with_no_taskflow_operators.py
[2024-12-29T18:40:23.985+0000] {processor.py:925} INFO - DAG(s) 'example_dynamic_task_mapping_with_no_taskflow_operators' retrieved from /home/airflow/.local/lib/python3.12/site-packages/airflow/example_dags/example_dynamic_task_mapping_with_no_taskflow_operators.py
[2024-12-29T18:40:24.163+0000] {logging_mixin.py:190} INFO - [2024-12-29T18:40:24.162+0000] {override.py:1911} INFO - Created Permission View: can read on DAG:example_dynamic_task_mapping_with_no_taskflow_operators
[2024-12-29T18:40:24.174+0000] {logging_mixin.py:190} INFO - [2024-12-29T18:40:24.173+0000] {override.py:1911} INFO - Created Permission View: can edit on DAG:example_dynamic_task_mapping_with_no_taskflow_operators
[2024-12-29T18:40:24.186+0000] {logging_mixin.py:190} INFO - [2024-12-29T18:40:24.185+0000] {override.py:1911} INFO - Created Permission View: can delete on DAG:example_dynamic_task_mapping_with_no_taskflow_operators
[2024-12-29T18:40:24.195+0000] {logging_mixin.py:190} INFO - [2024-12-29T18:40:24.195+0000] {override.py:1911} INFO - Created Permission View: can create on DAG Run:example_dynamic_task_mapping_with_no_taskflow_operators
[2024-12-29T18:40:24.205+0000] {logging_mixin.py:190} INFO - [2024-12-29T18:40:24.205+0000] {override.py:1911} INFO - Created Permission View: menu access on DAG Run:example_dynamic_task_mapping_with_no_taskflow_operators
[2024-12-29T18:40:24.215+0000] {logging_mixin.py:190} INFO - [2024-12-29T18:40:24.214+0000] {override.py:1911} INFO - Created Permission View: can read on DAG Run:example_dynamic_task_mapping_with_no_taskflow_operators
[2024-12-29T18:40:24.223+0000] {logging_mixin.py:190} INFO - [2024-12-29T18:40:24.223+0000] {override.py:1911} INFO - Created Permission View: can delete on DAG Run:example_dynamic_task_mapping_with_no_taskflow_operators
[2024-12-29T18:40:24.224+0000] {logging_mixin.py:190} INFO - [2024-12-29T18:40:24.223+0000] {dag.py:3239} INFO - Sync 1 DAGs
[2024-12-29T18:40:24.257+0000] {logging_mixin.py:190} INFO - [2024-12-29T18:40:24.256+0000] {dag.py:3262} INFO - Creating ORM DAG for example_dynamic_task_mapping_with_no_taskflow_operators
[2024-12-29T18:40:24.258+0000] {logging_mixin.py:190} INFO - [2024-12-29T18:40:24.258+0000] {dag.py:4180} INFO - Setting next_dagrun for example_dynamic_task_mapping_with_no_taskflow_operators to None, run_after=None
[2024-12-29T18:40:24.285+0000] {processor.py:208} INFO - Processing /home/airflow/.local/lib/python3.12/site-packages/airflow/example_dags/example_dynamic_task_mapping_with_no_taskflow_operators.py took 0.341 seconds
[2024-12-29T18:40:55.275+0000] {processor.py:186} INFO - Started process (PID=176) to work on /home/airflow/.local/lib/python3.12/site-packages/airflow/example_dags/example_dynamic_task_mapping_with_no_taskflow_operators.py
[2024-12-29T18:40:55.276+0000] {processor.py:914} INFO - Processing file /home/airflow/.local/lib/python3.12/site-packages/airflow/example_dags/example_dynamic_task_mapping_with_no_taskflow_operators.py for tasks to queue
[2024-12-29T18:40:55.281+0000] {logging_mixin.py:190} INFO - [2024-12-29T18:40:55.280+0000] {dagbag.py:588} INFO - Filling up the DagBag from /home/airflow/.local/lib/python3.12/site-packages/airflow/example_dags/example_dynamic_task_mapping_with_no_taskflow_operators.py
[2024-12-29T18:40:55.294+0000] {processor.py:925} INFO - DAG(s) 'example_dynamic_task_mapping_with_no_taskflow_operators' retrieved from /home/airflow/.local/lib/python3.12/site-packages/airflow/example_dags/example_dynamic_task_mapping_with_no_taskflow_operators.py
[2024-12-29T18:40:55.338+0000] {logging_mixin.py:190} INFO - [2024-12-29T18:40:55.338+0000] {dag.py:3239} INFO - Sync 1 DAGs
[2024-12-29T18:40:55.366+0000] {logging_mixin.py:190} INFO - [2024-12-29T18:40:55.366+0000] {dag.py:4180} INFO - Setting next_dagrun for example_dynamic_task_mapping_with_no_taskflow_operators to None, run_after=None
[2024-12-29T18:40:55.403+0000] {processor.py:208} INFO - Processing /home/airflow/.local/lib/python3.12/site-packages/airflow/example_dags/example_dynamic_task_mapping_with_no_taskflow_operators.py took 0.136 seconds
