[2024-12-29T16:47:42.602+0000] {processor.py:186} INFO - Started process (PID=101) to work on /home/airflow/.local/lib/python3.12/site-packages/airflow/example_dags/example_branch_labels.py
[2024-12-29T16:47:42.616+0000] {processor.py:914} INFO - Processing file /home/airflow/.local/lib/python3.12/site-packages/airflow/example_dags/example_branch_labels.py for tasks to queue
[2024-12-29T16:47:42.623+0000] {logging_mixin.py:190} INFO - [2024-12-29T16:47:42.623+0000] {dagbag.py:588} INFO - Filling up the DagBag from /home/airflow/.local/lib/python3.12/site-packages/airflow/example_dags/example_branch_labels.py
[2024-12-29T16:47:42.789+0000] {processor.py:925} INFO - DAG(s) 'example_branch_labels' retrieved from /home/airflow/.local/lib/python3.12/site-packages/airflow/example_dags/example_branch_labels.py
[2024-12-29T16:47:45.230+0000] {logging_mixin.py:190} INFO - [2024-12-29T16:47:45.228+0000] {override.py:1911} INFO - Created Permission View: can read on DAG:example_branch_labels
[2024-12-29T16:47:45.914+0000] {logging_mixin.py:190} INFO - [2024-12-29T16:47:45.913+0000] {override.py:1911} INFO - Created Permission View: can edit on DAG:example_branch_labels
[2024-12-29T16:47:46.270+0000] {logging_mixin.py:190} INFO - [2024-12-29T16:47:46.269+0000] {override.py:1911} INFO - Created Permission View: can delete on DAG:example_branch_labels
[2024-12-29T16:47:47.277+0000] {logging_mixin.py:190} INFO - [2024-12-29T16:47:47.277+0000] {override.py:1911} INFO - Created Permission View: can read on DAG Run:example_branch_labels
[2024-12-29T16:47:47.529+0000] {logging_mixin.py:190} INFO - [2024-12-29T16:47:47.527+0000] {override.py:1911} INFO - Created Permission View: menu access on DAG Run:example_branch_labels
[2024-12-29T16:47:47.897+0000] {logging_mixin.py:190} INFO - [2024-12-29T16:47:47.889+0000] {override.py:1911} INFO - Created Permission View: can delete on DAG Run:example_branch_labels
[2024-12-29T16:47:47.952+0000] {logging_mixin.py:190} INFO - [2024-12-29T16:47:47.951+0000] {override.py:1911} INFO - Created Permission View: can create on DAG Run:example_branch_labels
[2024-12-29T16:47:47.952+0000] {logging_mixin.py:190} INFO - [2024-12-29T16:47:47.952+0000] {dag.py:3239} INFO - Sync 1 DAGs
[2024-12-29T16:47:48.107+0000] {logging_mixin.py:190} INFO - [2024-12-29T16:47:48.105+0000] {dag.py:3262} INFO - Creating ORM DAG for example_branch_labels
[2024-12-29T16:47:48.270+0000] {logging_mixin.py:190} INFO - [2024-12-29T16:47:48.270+0000] {dag.py:4180} INFO - Setting next_dagrun for example_branch_labels to 2024-12-28 00:00:00+00:00, run_after=2024-12-29 00:00:00+00:00
[2024-12-29T16:47:48.801+0000] {processor.py:208} INFO - Processing /home/airflow/.local/lib/python3.12/site-packages/airflow/example_dags/example_branch_labels.py took 6.230 seconds
[2024-12-29T16:50:02.333+0000] {processor.py:186} INFO - Started process (PID=182) to work on /home/airflow/.local/lib/python3.12/site-packages/airflow/example_dags/example_branch_labels.py
[2024-12-29T16:50:02.358+0000] {processor.py:914} INFO - Processing file /home/airflow/.local/lib/python3.12/site-packages/airflow/example_dags/example_branch_labels.py for tasks to queue
[2024-12-29T16:50:02.361+0000] {logging_mixin.py:190} INFO - [2024-12-29T16:50:02.361+0000] {dagbag.py:588} INFO - Filling up the DagBag from /home/airflow/.local/lib/python3.12/site-packages/airflow/example_dags/example_branch_labels.py
[2024-12-29T16:50:02.416+0000] {processor.py:925} INFO - DAG(s) 'example_branch_labels' retrieved from /home/airflow/.local/lib/python3.12/site-packages/airflow/example_dags/example_branch_labels.py
[2024-12-29T16:50:02.618+0000] {logging_mixin.py:190} INFO - [2024-12-29T16:50:02.618+0000] {dag.py:3239} INFO - Sync 1 DAGs
[2024-12-29T16:50:02.782+0000] {logging_mixin.py:190} INFO - [2024-12-29T16:50:02.781+0000] {dag.py:4180} INFO - Setting next_dagrun for example_branch_labels to 2024-12-28 00:00:00+00:00, run_after=2024-12-29 00:00:00+00:00
[2024-12-29T16:50:02.892+0000] {processor.py:208} INFO - Processing /home/airflow/.local/lib/python3.12/site-packages/airflow/example_dags/example_branch_labels.py took 0.601 seconds
[2024-12-29T18:40:04.685+0000] {processor.py:186} INFO - Started process (PID=76) to work on /home/airflow/.local/lib/python3.12/site-packages/airflow/example_dags/example_branch_labels.py
[2024-12-29T18:40:04.686+0000] {processor.py:914} INFO - Processing file /home/airflow/.local/lib/python3.12/site-packages/airflow/example_dags/example_branch_labels.py for tasks to queue
[2024-12-29T18:40:04.690+0000] {logging_mixin.py:190} INFO - [2024-12-29T18:40:04.690+0000] {dagbag.py:588} INFO - Filling up the DagBag from /home/airflow/.local/lib/python3.12/site-packages/airflow/example_dags/example_branch_labels.py
[2024-12-29T18:40:04.712+0000] {processor.py:925} INFO - DAG(s) 'example_branch_labels' retrieved from /home/airflow/.local/lib/python3.12/site-packages/airflow/example_dags/example_branch_labels.py
[2024-12-29T18:40:05.045+0000] {logging_mixin.py:190} INFO - [2024-12-29T18:40:05.044+0000] {override.py:1911} INFO - Created Permission View: can read on DAG:example_branch_labels
[2024-12-29T18:40:05.068+0000] {logging_mixin.py:190} INFO - [2024-12-29T18:40:05.067+0000] {override.py:1911} INFO - Created Permission View: can edit on DAG:example_branch_labels
[2024-12-29T18:40:05.089+0000] {logging_mixin.py:190} INFO - [2024-12-29T18:40:05.085+0000] {override.py:1911} INFO - Created Permission View: can delete on DAG:example_branch_labels
[2024-12-29T18:40:05.118+0000] {logging_mixin.py:190} INFO - [2024-12-29T18:40:05.117+0000] {override.py:1911} INFO - Created Permission View: can create on DAG Run:example_branch_labels
[2024-12-29T18:40:05.135+0000] {logging_mixin.py:190} INFO - [2024-12-29T18:40:05.134+0000] {override.py:1911} INFO - Created Permission View: menu access on DAG Run:example_branch_labels
[2024-12-29T18:40:05.168+0000] {logging_mixin.py:190} INFO - [2024-12-29T18:40:05.167+0000] {override.py:1911} INFO - Created Permission View: can read on DAG Run:example_branch_labels
[2024-12-29T18:40:05.182+0000] {logging_mixin.py:190} INFO - [2024-12-29T18:40:05.180+0000] {override.py:1911} INFO - Created Permission View: can delete on DAG Run:example_branch_labels
[2024-12-29T18:40:05.184+0000] {logging_mixin.py:190} INFO - [2024-12-29T18:40:05.183+0000] {dag.py:3239} INFO - Sync 1 DAGs
[2024-12-29T18:40:05.236+0000] {logging_mixin.py:190} INFO - [2024-12-29T18:40:05.236+0000] {dag.py:3262} INFO - Creating ORM DAG for example_branch_labels
[2024-12-29T18:40:05.278+0000] {logging_mixin.py:190} INFO - [2024-12-29T18:40:05.278+0000] {dag.py:4180} INFO - Setting next_dagrun for example_branch_labels to 2024-12-28 00:00:00+00:00, run_after=2024-12-29 00:00:00+00:00
[2024-12-29T18:40:05.308+0000] {processor.py:208} INFO - Processing /home/airflow/.local/lib/python3.12/site-packages/airflow/example_dags/example_branch_labels.py took 0.636 seconds
[2024-12-29T18:40:36.206+0000] {processor.py:186} INFO - Started process (PID=137) to work on /home/airflow/.local/lib/python3.12/site-packages/airflow/example_dags/example_branch_labels.py
[2024-12-29T18:40:36.207+0000] {processor.py:914} INFO - Processing file /home/airflow/.local/lib/python3.12/site-packages/airflow/example_dags/example_branch_labels.py for tasks to queue
[2024-12-29T18:40:36.210+0000] {logging_mixin.py:190} INFO - [2024-12-29T18:40:36.210+0000] {dagbag.py:588} INFO - Filling up the DagBag from /home/airflow/.local/lib/python3.12/site-packages/airflow/example_dags/example_branch_labels.py
[2024-12-29T18:40:36.231+0000] {processor.py:925} INFO - DAG(s) 'example_branch_labels' retrieved from /home/airflow/.local/lib/python3.12/site-packages/airflow/example_dags/example_branch_labels.py
[2024-12-29T18:40:36.253+0000] {logging_mixin.py:190} INFO - [2024-12-29T18:40:36.253+0000] {dag.py:3239} INFO - Sync 1 DAGs
[2024-12-29T18:40:36.279+0000] {logging_mixin.py:190} INFO - [2024-12-29T18:40:36.278+0000] {dag.py:4180} INFO - Setting next_dagrun for example_branch_labels to 2024-12-28 00:00:00+00:00, run_after=2024-12-29 00:00:00+00:00
[2024-12-29T18:40:36.296+0000] {processor.py:208} INFO - Processing /home/airflow/.local/lib/python3.12/site-packages/airflow/example_dags/example_branch_labels.py took 0.103 seconds
[2024-12-29T18:41:06.456+0000] {processor.py:186} INFO - Started process (PID=200) to work on /home/airflow/.local/lib/python3.12/site-packages/airflow/example_dags/example_branch_labels.py
[2024-12-29T18:41:06.457+0000] {processor.py:914} INFO - Processing file /home/airflow/.local/lib/python3.12/site-packages/airflow/example_dags/example_branch_labels.py for tasks to queue
[2024-12-29T18:41:06.459+0000] {logging_mixin.py:190} INFO - [2024-12-29T18:41:06.458+0000] {dagbag.py:588} INFO - Filling up the DagBag from /home/airflow/.local/lib/python3.12/site-packages/airflow/example_dags/example_branch_labels.py
[2024-12-29T18:41:06.467+0000] {processor.py:925} INFO - DAG(s) 'example_branch_labels' retrieved from /home/airflow/.local/lib/python3.12/site-packages/airflow/example_dags/example_branch_labels.py
[2024-12-29T18:41:06.485+0000] {logging_mixin.py:190} INFO - [2024-12-29T18:41:06.485+0000] {dag.py:3239} INFO - Sync 1 DAGs
[2024-12-29T18:41:06.506+0000] {logging_mixin.py:190} INFO - [2024-12-29T18:41:06.506+0000] {dag.py:4180} INFO - Setting next_dagrun for example_branch_labels to 2024-12-28 00:00:00+00:00, run_after=2024-12-29 00:00:00+00:00
[2024-12-29T18:41:06.531+0000] {processor.py:208} INFO - Processing /home/airflow/.local/lib/python3.12/site-packages/airflow/example_dags/example_branch_labels.py took 0.081 seconds
