[2024-12-29T16:48:23.755+0000] {processor.py:186} INFO - Started process (PID=126) to work on /home/airflow/.local/lib/python3.12/site-packages/airflow/example_dags/example_task_group_decorator.py
[2024-12-29T16:48:23.756+0000] {processor.py:914} INFO - Processing file /home/airflow/.local/lib/python3.12/site-packages/airflow/example_dags/example_task_group_decorator.py for tasks to queue
[2024-12-29T16:48:23.806+0000] {logging_mixin.py:190} INFO - [2024-12-29T16:48:23.806+0000] {dagbag.py:588} INFO - Filling up the DagBag from /home/airflow/.local/lib/python3.12/site-packages/airflow/example_dags/example_task_group_decorator.py
[2024-12-29T16:48:24.085+0000] {processor.py:925} INFO - DAG(s) 'example_task_group_decorator' retrieved from /home/airflow/.local/lib/python3.12/site-packages/airflow/example_dags/example_task_group_decorator.py
[2024-12-29T16:48:26.047+0000] {logging_mixin.py:190} INFO - [2024-12-29T16:48:26.045+0000] {override.py:1911} INFO - Created Permission View: can read on DAG:example_task_group_decorator
[2024-12-29T16:48:26.257+0000] {logging_mixin.py:190} INFO - [2024-12-29T16:48:26.256+0000] {override.py:1911} INFO - Created Permission View: can edit on DAG:example_task_group_decorator
[2024-12-29T16:48:26.415+0000] {logging_mixin.py:190} INFO - [2024-12-29T16:48:26.415+0000] {override.py:1911} INFO - Created Permission View: can delete on DAG:example_task_group_decorator
[2024-12-29T16:48:26.518+0000] {logging_mixin.py:190} INFO - [2024-12-29T16:48:26.517+0000] {override.py:1911} INFO - Created Permission View: can read on DAG Run:example_task_group_decorator
[2024-12-29T16:48:26.604+0000] {logging_mixin.py:190} INFO - [2024-12-29T16:48:26.604+0000] {override.py:1911} INFO - Created Permission View: menu access on DAG Run:example_task_group_decorator
[2024-12-29T16:48:26.682+0000] {logging_mixin.py:190} INFO - [2024-12-29T16:48:26.681+0000] {override.py:1911} INFO - Created Permission View: can delete on DAG Run:example_task_group_decorator
[2024-12-29T16:48:26.783+0000] {logging_mixin.py:190} INFO - [2024-12-29T16:48:26.782+0000] {override.py:1911} INFO - Created Permission View: can create on DAG Run:example_task_group_decorator
[2024-12-29T16:48:26.813+0000] {logging_mixin.py:190} INFO - [2024-12-29T16:48:26.812+0000] {dag.py:3239} INFO - Sync 1 DAGs
[2024-12-29T16:48:27.139+0000] {logging_mixin.py:190} INFO - [2024-12-29T16:48:27.139+0000] {dag.py:3262} INFO - Creating ORM DAG for example_task_group_decorator
[2024-12-29T16:48:27.164+0000] {logging_mixin.py:190} INFO - [2024-12-29T16:48:27.154+0000] {dag.py:4180} INFO - Setting next_dagrun for example_task_group_decorator to None, run_after=None
[2024-12-29T16:48:27.348+0000] {processor.py:208} INFO - Processing /home/airflow/.local/lib/python3.12/site-packages/airflow/example_dags/example_task_group_decorator.py took 3.708 seconds
[2024-12-29T16:50:28.950+0000] {processor.py:186} INFO - Started process (PID=208) to work on /home/airflow/.local/lib/python3.12/site-packages/airflow/example_dags/example_task_group_decorator.py
[2024-12-29T16:50:29.150+0000] {processor.py:914} INFO - Processing file /home/airflow/.local/lib/python3.12/site-packages/airflow/example_dags/example_task_group_decorator.py for tasks to queue
[2024-12-29T16:50:31.445+0000] {logging_mixin.py:190} INFO - [2024-12-29T16:50:31.444+0000] {dagbag.py:588} INFO - Filling up the DagBag from /home/airflow/.local/lib/python3.12/site-packages/airflow/example_dags/example_task_group_decorator.py
[2024-12-29T16:50:36.159+0000] {processor.py:925} INFO - DAG(s) 'example_task_group_decorator' retrieved from /home/airflow/.local/lib/python3.12/site-packages/airflow/example_dags/example_task_group_decorator.py
[2024-12-29T16:50:37.501+0000] {logging_mixin.py:190} INFO - [2024-12-29T16:50:37.494+0000] {dag.py:3239} INFO - Sync 1 DAGs
[2024-12-29T16:50:37.817+0000] {logging_mixin.py:190} INFO - [2024-12-29T16:50:37.817+0000] {dag.py:4180} INFO - Setting next_dagrun for example_task_group_decorator to None, run_after=None
[2024-12-29T16:50:38.305+0000] {processor.py:208} INFO - Processing /home/airflow/.local/lib/python3.12/site-packages/airflow/example_dags/example_task_group_decorator.py took 9.495 seconds
[2024-12-29T18:40:19.105+0000] {processor.py:186} INFO - Started process (PID=101) to work on /home/airflow/.local/lib/python3.12/site-packages/airflow/example_dags/example_task_group_decorator.py
[2024-12-29T18:40:19.142+0000] {processor.py:914} INFO - Processing file /home/airflow/.local/lib/python3.12/site-packages/airflow/example_dags/example_task_group_decorator.py for tasks to queue
[2024-12-29T18:40:19.151+0000] {logging_mixin.py:190} INFO - [2024-12-29T18:40:19.151+0000] {dagbag.py:588} INFO - Filling up the DagBag from /home/airflow/.local/lib/python3.12/site-packages/airflow/example_dags/example_task_group_decorator.py
[2024-12-29T18:40:19.212+0000] {processor.py:925} INFO - DAG(s) 'example_task_group_decorator' retrieved from /home/airflow/.local/lib/python3.12/site-packages/airflow/example_dags/example_task_group_decorator.py
[2024-12-29T18:40:19.493+0000] {logging_mixin.py:190} INFO - [2024-12-29T18:40:19.492+0000] {override.py:1911} INFO - Created Permission View: can read on DAG:example_task_group_decorator
[2024-12-29T18:40:19.504+0000] {logging_mixin.py:190} INFO - [2024-12-29T18:40:19.504+0000] {override.py:1911} INFO - Created Permission View: can edit on DAG:example_task_group_decorator
[2024-12-29T18:40:19.520+0000] {logging_mixin.py:190} INFO - [2024-12-29T18:40:19.520+0000] {override.py:1911} INFO - Created Permission View: can delete on DAG:example_task_group_decorator
[2024-12-29T18:40:19.529+0000] {logging_mixin.py:190} INFO - [2024-12-29T18:40:19.529+0000] {override.py:1911} INFO - Created Permission View: can create on DAG Run:example_task_group_decorator
[2024-12-29T18:40:19.538+0000] {logging_mixin.py:190} INFO - [2024-12-29T18:40:19.537+0000] {override.py:1911} INFO - Created Permission View: menu access on DAG Run:example_task_group_decorator
[2024-12-29T18:40:19.548+0000] {logging_mixin.py:190} INFO - [2024-12-29T18:40:19.547+0000] {override.py:1911} INFO - Created Permission View: can read on DAG Run:example_task_group_decorator
[2024-12-29T18:40:19.573+0000] {logging_mixin.py:190} INFO - [2024-12-29T18:40:19.573+0000] {override.py:1911} INFO - Created Permission View: can delete on DAG Run:example_task_group_decorator
[2024-12-29T18:40:19.574+0000] {logging_mixin.py:190} INFO - [2024-12-29T18:40:19.574+0000] {dag.py:3239} INFO - Sync 1 DAGs
[2024-12-29T18:40:19.593+0000] {logging_mixin.py:190} INFO - [2024-12-29T18:40:19.593+0000] {dag.py:3262} INFO - Creating ORM DAG for example_task_group_decorator
[2024-12-29T18:40:19.597+0000] {logging_mixin.py:190} INFO - [2024-12-29T18:40:19.597+0000] {dag.py:4180} INFO - Setting next_dagrun for example_task_group_decorator to None, run_after=None
[2024-12-29T18:40:19.623+0000] {processor.py:208} INFO - Processing /home/airflow/.local/lib/python3.12/site-packages/airflow/example_dags/example_task_group_decorator.py took 0.540 seconds
[2024-12-29T18:40:50.360+0000] {processor.py:186} INFO - Started process (PID=164) to work on /home/airflow/.local/lib/python3.12/site-packages/airflow/example_dags/example_task_group_decorator.py
[2024-12-29T18:40:50.364+0000] {processor.py:914} INFO - Processing file /home/airflow/.local/lib/python3.12/site-packages/airflow/example_dags/example_task_group_decorator.py for tasks to queue
[2024-12-29T18:40:50.378+0000] {logging_mixin.py:190} INFO - [2024-12-29T18:40:50.378+0000] {dagbag.py:588} INFO - Filling up the DagBag from /home/airflow/.local/lib/python3.12/site-packages/airflow/example_dags/example_task_group_decorator.py
[2024-12-29T18:40:50.437+0000] {processor.py:925} INFO - DAG(s) 'example_task_group_decorator' retrieved from /home/airflow/.local/lib/python3.12/site-packages/airflow/example_dags/example_task_group_decorator.py
[2024-12-29T18:40:50.564+0000] {logging_mixin.py:190} INFO - [2024-12-29T18:40:50.563+0000] {dag.py:3239} INFO - Sync 1 DAGs
[2024-12-29T18:40:50.602+0000] {logging_mixin.py:190} INFO - [2024-12-29T18:40:50.599+0000] {dag.py:4180} INFO - Setting next_dagrun for example_task_group_decorator to None, run_after=None
[2024-12-29T18:40:50.655+0000] {processor.py:208} INFO - Processing /home/airflow/.local/lib/python3.12/site-packages/airflow/example_dags/example_task_group_decorator.py took 0.306 seconds
[2024-12-29T18:41:21.236+0000] {processor.py:186} INFO - Started process (PID=227) to work on /home/airflow/.local/lib/python3.12/site-packages/airflow/example_dags/example_task_group_decorator.py
[2024-12-29T18:41:21.237+0000] {processor.py:914} INFO - Processing file /home/airflow/.local/lib/python3.12/site-packages/airflow/example_dags/example_task_group_decorator.py for tasks to queue
[2024-12-29T18:41:21.247+0000] {logging_mixin.py:190} INFO - [2024-12-29T18:41:21.247+0000] {dagbag.py:588} INFO - Filling up the DagBag from /home/airflow/.local/lib/python3.12/site-packages/airflow/example_dags/example_task_group_decorator.py
[2024-12-29T18:41:21.278+0000] {processor.py:925} INFO - DAG(s) 'example_task_group_decorator' retrieved from /home/airflow/.local/lib/python3.12/site-packages/airflow/example_dags/example_task_group_decorator.py
[2024-12-29T18:41:21.331+0000] {logging_mixin.py:190} INFO - [2024-12-29T18:41:21.331+0000] {dag.py:3239} INFO - Sync 1 DAGs
[2024-12-29T18:41:21.360+0000] {logging_mixin.py:190} INFO - [2024-12-29T18:41:21.360+0000] {dag.py:4180} INFO - Setting next_dagrun for example_task_group_decorator to None, run_after=None
[2024-12-29T18:41:21.402+0000] {processor.py:208} INFO - Processing /home/airflow/.local/lib/python3.12/site-packages/airflow/example_dags/example_task_group_decorator.py took 0.172 seconds
