[2024-12-29T16:47:28.491+0000] {processor.py:186} INFO - Started process (PID=86) to work on /home/airflow/.local/lib/python3.12/site-packages/airflow/example_dags/example_trigger_target_dag.py
[2024-12-29T16:47:28.493+0000] {processor.py:914} INFO - Processing file /home/airflow/.local/lib/python3.12/site-packages/airflow/example_dags/example_trigger_target_dag.py for tasks to queue
[2024-12-29T16:47:28.509+0000] {logging_mixin.py:190} INFO - [2024-12-29T16:47:28.508+0000] {dagbag.py:588} INFO - Filling up the DagBag from /home/airflow/.local/lib/python3.12/site-packages/airflow/example_dags/example_trigger_target_dag.py
[2024-12-29T16:47:28.577+0000] {processor.py:925} INFO - DAG(s) 'example_trigger_target_dag' retrieved from /home/airflow/.local/lib/python3.12/site-packages/airflow/example_dags/example_trigger_target_dag.py
[2024-12-29T16:47:29.560+0000] {logging_mixin.py:190} INFO - [2024-12-29T16:47:29.558+0000] {override.py:1911} INFO - Created Permission View: can read on DAG:example_trigger_target_dag
[2024-12-29T16:47:29.728+0000] {logging_mixin.py:190} INFO - [2024-12-29T16:47:29.726+0000] {override.py:1911} INFO - Created Permission View: can edit on DAG:example_trigger_target_dag
[2024-12-29T16:47:29.888+0000] {logging_mixin.py:190} INFO - [2024-12-29T16:47:29.887+0000] {override.py:1911} INFO - Created Permission View: can delete on DAG:example_trigger_target_dag
[2024-12-29T16:47:30.369+0000] {logging_mixin.py:190} INFO - [2024-12-29T16:47:30.368+0000] {override.py:1911} INFO - Created Permission View: can read on DAG Run:example_trigger_target_dag
[2024-12-29T16:47:30.465+0000] {logging_mixin.py:190} INFO - [2024-12-29T16:47:30.465+0000] {override.py:1911} INFO - Created Permission View: menu access on DAG Run:example_trigger_target_dag
[2024-12-29T16:47:30.631+0000] {logging_mixin.py:190} INFO - [2024-12-29T16:47:30.630+0000] {override.py:1911} INFO - Created Permission View: can delete on DAG Run:example_trigger_target_dag
[2024-12-29T16:47:30.808+0000] {logging_mixin.py:190} INFO - [2024-12-29T16:47:30.808+0000] {override.py:1911} INFO - Created Permission View: can create on DAG Run:example_trigger_target_dag
[2024-12-29T16:47:30.810+0000] {logging_mixin.py:190} INFO - [2024-12-29T16:47:30.809+0000] {dag.py:3239} INFO - Sync 1 DAGs
[2024-12-29T16:47:30.932+0000] {logging_mixin.py:190} INFO - [2024-12-29T16:47:30.931+0000] {dag.py:3262} INFO - Creating ORM DAG for example_trigger_target_dag
[2024-12-29T16:47:30.934+0000] {logging_mixin.py:190} INFO - [2024-12-29T16:47:30.934+0000] {dag.py:4180} INFO - Setting next_dagrun for example_trigger_target_dag to None, run_after=None
[2024-12-29T16:47:31.161+0000] {processor.py:208} INFO - Processing /home/airflow/.local/lib/python3.12/site-packages/airflow/example_dags/example_trigger_target_dag.py took 2.691 seconds
[2024-12-29T16:49:26.135+0000] {processor.py:186} INFO - Started process (PID=165) to work on /home/airflow/.local/lib/python3.12/site-packages/airflow/example_dags/example_trigger_target_dag.py
[2024-12-29T16:49:26.179+0000] {processor.py:914} INFO - Processing file /home/airflow/.local/lib/python3.12/site-packages/airflow/example_dags/example_trigger_target_dag.py for tasks to queue
[2024-12-29T16:49:26.242+0000] {logging_mixin.py:190} INFO - [2024-12-29T16:49:26.241+0000] {dagbag.py:588} INFO - Filling up the DagBag from /home/airflow/.local/lib/python3.12/site-packages/airflow/example_dags/example_trigger_target_dag.py
[2024-12-29T16:49:26.464+0000] {processor.py:925} INFO - DAG(s) 'example_trigger_target_dag' retrieved from /home/airflow/.local/lib/python3.12/site-packages/airflow/example_dags/example_trigger_target_dag.py
[2024-12-29T16:49:26.912+0000] {logging_mixin.py:190} INFO - [2024-12-29T16:49:26.911+0000] {dag.py:3239} INFO - Sync 1 DAGs
[2024-12-29T16:49:27.171+0000] {logging_mixin.py:190} INFO - [2024-12-29T16:49:27.119+0000] {dag.py:4180} INFO - Setting next_dagrun for example_trigger_target_dag to None, run_after=None
[2024-12-29T16:49:28.006+0000] {processor.py:208} INFO - Processing /home/airflow/.local/lib/python3.12/site-packages/airflow/example_dags/example_trigger_target_dag.py took 1.968 seconds
[2024-12-29T18:40:01.013+0000] {processor.py:186} INFO - Started process (PID=66) to work on /home/airflow/.local/lib/python3.12/site-packages/airflow/example_dags/example_trigger_target_dag.py
[2024-12-29T18:40:01.018+0000] {processor.py:914} INFO - Processing file /home/airflow/.local/lib/python3.12/site-packages/airflow/example_dags/example_trigger_target_dag.py for tasks to queue
[2024-12-29T18:40:01.027+0000] {logging_mixin.py:190} INFO - [2024-12-29T18:40:01.026+0000] {dagbag.py:588} INFO - Filling up the DagBag from /home/airflow/.local/lib/python3.12/site-packages/airflow/example_dags/example_trigger_target_dag.py
[2024-12-29T18:40:01.049+0000] {processor.py:925} INFO - DAG(s) 'example_trigger_target_dag' retrieved from /home/airflow/.local/lib/python3.12/site-packages/airflow/example_dags/example_trigger_target_dag.py
[2024-12-29T18:40:01.289+0000] {logging_mixin.py:190} INFO - [2024-12-29T18:40:01.288+0000] {override.py:1911} INFO - Created Permission View: can read on DAG:example_trigger_target_dag
[2024-12-29T18:40:01.315+0000] {logging_mixin.py:190} INFO - [2024-12-29T18:40:01.314+0000] {override.py:1911} INFO - Created Permission View: can edit on DAG:example_trigger_target_dag
[2024-12-29T18:40:01.326+0000] {logging_mixin.py:190} INFO - [2024-12-29T18:40:01.326+0000] {override.py:1911} INFO - Created Permission View: can delete on DAG:example_trigger_target_dag
[2024-12-29T18:40:01.338+0000] {logging_mixin.py:190} INFO - [2024-12-29T18:40:01.338+0000] {override.py:1911} INFO - Created Permission View: can create on DAG Run:example_trigger_target_dag
[2024-12-29T18:40:01.349+0000] {logging_mixin.py:190} INFO - [2024-12-29T18:40:01.348+0000] {override.py:1911} INFO - Created Permission View: menu access on DAG Run:example_trigger_target_dag
[2024-12-29T18:40:01.357+0000] {logging_mixin.py:190} INFO - [2024-12-29T18:40:01.357+0000] {override.py:1911} INFO - Created Permission View: can read on DAG Run:example_trigger_target_dag
[2024-12-29T18:40:01.365+0000] {logging_mixin.py:190} INFO - [2024-12-29T18:40:01.365+0000] {override.py:1911} INFO - Created Permission View: can delete on DAG Run:example_trigger_target_dag
[2024-12-29T18:40:01.366+0000] {logging_mixin.py:190} INFO - [2024-12-29T18:40:01.366+0000] {dag.py:3239} INFO - Sync 1 DAGs
[2024-12-29T18:40:01.392+0000] {logging_mixin.py:190} INFO - [2024-12-29T18:40:01.392+0000] {dag.py:3262} INFO - Creating ORM DAG for example_trigger_target_dag
[2024-12-29T18:40:01.393+0000] {logging_mixin.py:190} INFO - [2024-12-29T18:40:01.393+0000] {dag.py:4180} INFO - Setting next_dagrun for example_trigger_target_dag to None, run_after=None
[2024-12-29T18:40:01.428+0000] {processor.py:208} INFO - Processing /home/airflow/.local/lib/python3.12/site-packages/airflow/example_dags/example_trigger_target_dag.py took 0.422 seconds
[2024-12-29T18:40:31.549+0000] {processor.py:186} INFO - Started process (PID=128) to work on /home/airflow/.local/lib/python3.12/site-packages/airflow/example_dags/example_trigger_target_dag.py
[2024-12-29T18:40:31.550+0000] {processor.py:914} INFO - Processing file /home/airflow/.local/lib/python3.12/site-packages/airflow/example_dags/example_trigger_target_dag.py for tasks to queue
[2024-12-29T18:40:31.552+0000] {logging_mixin.py:190} INFO - [2024-12-29T18:40:31.552+0000] {dagbag.py:588} INFO - Filling up the DagBag from /home/airflow/.local/lib/python3.12/site-packages/airflow/example_dags/example_trigger_target_dag.py
[2024-12-29T18:40:31.559+0000] {processor.py:925} INFO - DAG(s) 'example_trigger_target_dag' retrieved from /home/airflow/.local/lib/python3.12/site-packages/airflow/example_dags/example_trigger_target_dag.py
[2024-12-29T18:40:31.575+0000] {logging_mixin.py:190} INFO - [2024-12-29T18:40:31.575+0000] {dag.py:3239} INFO - Sync 1 DAGs
[2024-12-29T18:40:31.588+0000] {logging_mixin.py:190} INFO - [2024-12-29T18:40:31.587+0000] {dag.py:4180} INFO - Setting next_dagrun for example_trigger_target_dag to None, run_after=None
[2024-12-29T18:40:31.617+0000] {processor.py:208} INFO - Processing /home/airflow/.local/lib/python3.12/site-packages/airflow/example_dags/example_trigger_target_dag.py took 0.073 seconds
[2024-12-29T18:41:01.938+0000] {processor.py:186} INFO - Started process (PID=191) to work on /home/airflow/.local/lib/python3.12/site-packages/airflow/example_dags/example_trigger_target_dag.py
[2024-12-29T18:41:01.940+0000] {processor.py:914} INFO - Processing file /home/airflow/.local/lib/python3.12/site-packages/airflow/example_dags/example_trigger_target_dag.py for tasks to queue
[2024-12-29T18:41:01.947+0000] {logging_mixin.py:190} INFO - [2024-12-29T18:41:01.947+0000] {dagbag.py:588} INFO - Filling up the DagBag from /home/airflow/.local/lib/python3.12/site-packages/airflow/example_dags/example_trigger_target_dag.py
[2024-12-29T18:41:01.956+0000] {processor.py:925} INFO - DAG(s) 'example_trigger_target_dag' retrieved from /home/airflow/.local/lib/python3.12/site-packages/airflow/example_dags/example_trigger_target_dag.py
[2024-12-29T18:41:01.976+0000] {logging_mixin.py:190} INFO - [2024-12-29T18:41:01.976+0000] {dag.py:3239} INFO - Sync 1 DAGs
[2024-12-29T18:41:01.991+0000] {logging_mixin.py:190} INFO - [2024-12-29T18:41:01.991+0000] {dag.py:4180} INFO - Setting next_dagrun for example_trigger_target_dag to None, run_after=None
[2024-12-29T18:41:02.014+0000] {processor.py:208} INFO - Processing /home/airflow/.local/lib/python3.12/site-packages/airflow/example_dags/example_trigger_target_dag.py took 0.085 seconds
