[2024-12-29T16:48:09.482+0000] {processor.py:186} INFO - Started process (PID=114) to work on /home/airflow/.local/lib/python3.12/site-packages/airflow/example_dags/example_task_group.py
[2024-12-29T16:48:09.484+0000] {processor.py:914} INFO - Processing file /home/airflow/.local/lib/python3.12/site-packages/airflow/example_dags/example_task_group.py for tasks to queue
[2024-12-29T16:48:09.498+0000] {logging_mixin.py:190} INFO - [2024-12-29T16:48:09.497+0000] {dagbag.py:588} INFO - Filling up the DagBag from /home/airflow/.local/lib/python3.12/site-packages/airflow/example_dags/example_task_group.py
[2024-12-29T16:48:09.596+0000] {processor.py:925} INFO - DAG(s) 'example_task_group' retrieved from /home/airflow/.local/lib/python3.12/site-packages/airflow/example_dags/example_task_group.py
[2024-12-29T16:48:10.350+0000] {logging_mixin.py:190} INFO - [2024-12-29T16:48:10.349+0000] {override.py:1911} INFO - Created Permission View: can read on DAG:example_task_group
[2024-12-29T16:48:10.487+0000] {logging_mixin.py:190} INFO - [2024-12-29T16:48:10.486+0000] {override.py:1911} INFO - Created Permission View: can edit on DAG:example_task_group
[2024-12-29T16:48:10.533+0000] {logging_mixin.py:190} INFO - [2024-12-29T16:48:10.533+0000] {override.py:1911} INFO - Created Permission View: can delete on DAG:example_task_group
[2024-12-29T16:48:10.576+0000] {logging_mixin.py:190} INFO - [2024-12-29T16:48:10.576+0000] {override.py:1911} INFO - Created Permission View: can read on DAG Run:example_task_group
[2024-12-29T16:48:10.608+0000] {logging_mixin.py:190} INFO - [2024-12-29T16:48:10.608+0000] {override.py:1911} INFO - Created Permission View: menu access on DAG Run:example_task_group
[2024-12-29T16:48:10.645+0000] {logging_mixin.py:190} INFO - [2024-12-29T16:48:10.644+0000] {override.py:1911} INFO - Created Permission View: can delete on DAG Run:example_task_group
[2024-12-29T16:48:10.682+0000] {logging_mixin.py:190} INFO - [2024-12-29T16:48:10.681+0000] {override.py:1911} INFO - Created Permission View: can create on DAG Run:example_task_group
[2024-12-29T16:48:10.686+0000] {logging_mixin.py:190} INFO - [2024-12-29T16:48:10.686+0000] {dag.py:3239} INFO - Sync 1 DAGs
[2024-12-29T16:48:10.814+0000] {logging_mixin.py:190} INFO - [2024-12-29T16:48:10.783+0000] {dag.py:3262} INFO - Creating ORM DAG for example_task_group
[2024-12-29T16:48:10.825+0000] {logging_mixin.py:190} INFO - [2024-12-29T16:48:10.825+0000] {dag.py:4180} INFO - Setting next_dagrun for example_task_group to None, run_after=None
[2024-12-29T16:48:10.951+0000] {processor.py:208} INFO - Processing /home/airflow/.local/lib/python3.12/site-packages/airflow/example_dags/example_task_group.py took 1.513 seconds
[2024-12-29T16:50:10.151+0000] {processor.py:186} INFO - Started process (PID=196) to work on /home/airflow/.local/lib/python3.12/site-packages/airflow/example_dags/example_task_group.py
[2024-12-29T16:50:10.166+0000] {processor.py:914} INFO - Processing file /home/airflow/.local/lib/python3.12/site-packages/airflow/example_dags/example_task_group.py for tasks to queue
[2024-12-29T16:50:10.216+0000] {logging_mixin.py:190} INFO - [2024-12-29T16:50:10.216+0000] {dagbag.py:588} INFO - Filling up the DagBag from /home/airflow/.local/lib/python3.12/site-packages/airflow/example_dags/example_task_group.py
[2024-12-29T16:50:10.290+0000] {processor.py:925} INFO - DAG(s) 'example_task_group' retrieved from /home/airflow/.local/lib/python3.12/site-packages/airflow/example_dags/example_task_group.py
[2024-12-29T16:50:10.456+0000] {logging_mixin.py:190} INFO - [2024-12-29T16:50:10.451+0000] {dag.py:3239} INFO - Sync 1 DAGs
[2024-12-29T16:50:10.577+0000] {logging_mixin.py:190} INFO - [2024-12-29T16:50:10.577+0000] {dag.py:4180} INFO - Setting next_dagrun for example_task_group to None, run_after=None
[2024-12-29T16:50:10.668+0000] {processor.py:208} INFO - Processing /home/airflow/.local/lib/python3.12/site-packages/airflow/example_dags/example_task_group.py took 0.545 seconds
[2024-12-29T18:40:13.610+0000] {processor.py:186} INFO - Started process (PID=89) to work on /home/airflow/.local/lib/python3.12/site-packages/airflow/example_dags/example_task_group.py
[2024-12-29T18:40:13.612+0000] {processor.py:914} INFO - Processing file /home/airflow/.local/lib/python3.12/site-packages/airflow/example_dags/example_task_group.py for tasks to queue
[2024-12-29T18:40:13.624+0000] {logging_mixin.py:190} INFO - [2024-12-29T18:40:13.623+0000] {dagbag.py:588} INFO - Filling up the DagBag from /home/airflow/.local/lib/python3.12/site-packages/airflow/example_dags/example_task_group.py
[2024-12-29T18:40:13.684+0000] {processor.py:925} INFO - DAG(s) 'example_task_group' retrieved from /home/airflow/.local/lib/python3.12/site-packages/airflow/example_dags/example_task_group.py
[2024-12-29T18:40:14.262+0000] {logging_mixin.py:190} INFO - [2024-12-29T18:40:14.261+0000] {override.py:1911} INFO - Created Permission View: can read on DAG:example_task_group
[2024-12-29T18:40:14.307+0000] {logging_mixin.py:190} INFO - [2024-12-29T18:40:14.307+0000] {override.py:1911} INFO - Created Permission View: can edit on DAG:example_task_group
[2024-12-29T18:40:14.324+0000] {logging_mixin.py:190} INFO - [2024-12-29T18:40:14.323+0000] {override.py:1911} INFO - Created Permission View: can delete on DAG:example_task_group
[2024-12-29T18:40:14.361+0000] {logging_mixin.py:190} INFO - [2024-12-29T18:40:14.361+0000] {override.py:1911} INFO - Created Permission View: can create on DAG Run:example_task_group
[2024-12-29T18:40:14.384+0000] {logging_mixin.py:190} INFO - [2024-12-29T18:40:14.383+0000] {override.py:1911} INFO - Created Permission View: menu access on DAG Run:example_task_group
[2024-12-29T18:40:14.407+0000] {logging_mixin.py:190} INFO - [2024-12-29T18:40:14.406+0000] {override.py:1911} INFO - Created Permission View: can read on DAG Run:example_task_group
[2024-12-29T18:40:14.439+0000] {logging_mixin.py:190} INFO - [2024-12-29T18:40:14.439+0000] {override.py:1911} INFO - Created Permission View: can delete on DAG Run:example_task_group
[2024-12-29T18:40:14.440+0000] {logging_mixin.py:190} INFO - [2024-12-29T18:40:14.440+0000] {dag.py:3239} INFO - Sync 1 DAGs
[2024-12-29T18:40:14.468+0000] {logging_mixin.py:190} INFO - [2024-12-29T18:40:14.468+0000] {dag.py:3262} INFO - Creating ORM DAG for example_task_group
[2024-12-29T18:40:14.473+0000] {logging_mixin.py:190} INFO - [2024-12-29T18:40:14.473+0000] {dag.py:4180} INFO - Setting next_dagrun for example_task_group to None, run_after=None
[2024-12-29T18:40:14.520+0000] {processor.py:208} INFO - Processing /home/airflow/.local/lib/python3.12/site-packages/airflow/example_dags/example_task_group.py took 0.942 seconds
[2024-12-29T18:40:45.006+0000] {processor.py:186} INFO - Started process (PID=152) to work on /home/airflow/.local/lib/python3.12/site-packages/airflow/example_dags/example_task_group.py
[2024-12-29T18:40:45.007+0000] {processor.py:914} INFO - Processing file /home/airflow/.local/lib/python3.12/site-packages/airflow/example_dags/example_task_group.py for tasks to queue
[2024-12-29T18:40:45.010+0000] {logging_mixin.py:190} INFO - [2024-12-29T18:40:45.010+0000] {dagbag.py:588} INFO - Filling up the DagBag from /home/airflow/.local/lib/python3.12/site-packages/airflow/example_dags/example_task_group.py
[2024-12-29T18:40:45.020+0000] {processor.py:925} INFO - DAG(s) 'example_task_group' retrieved from /home/airflow/.local/lib/python3.12/site-packages/airflow/example_dags/example_task_group.py
[2024-12-29T18:40:45.044+0000] {logging_mixin.py:190} INFO - [2024-12-29T18:40:45.044+0000] {dag.py:3239} INFO - Sync 1 DAGs
[2024-12-29T18:40:45.061+0000] {logging_mixin.py:190} INFO - [2024-12-29T18:40:45.060+0000] {dag.py:4180} INFO - Setting next_dagrun for example_task_group to None, run_after=None
[2024-12-29T18:40:45.083+0000] {processor.py:208} INFO - Processing /home/airflow/.local/lib/python3.12/site-packages/airflow/example_dags/example_task_group.py took 0.086 seconds
[2024-12-29T18:41:15.578+0000] {processor.py:186} INFO - Started process (PID=215) to work on /home/airflow/.local/lib/python3.12/site-packages/airflow/example_dags/example_task_group.py
[2024-12-29T18:41:15.579+0000] {processor.py:914} INFO - Processing file /home/airflow/.local/lib/python3.12/site-packages/airflow/example_dags/example_task_group.py for tasks to queue
[2024-12-29T18:41:15.581+0000] {logging_mixin.py:190} INFO - [2024-12-29T18:41:15.581+0000] {dagbag.py:588} INFO - Filling up the DagBag from /home/airflow/.local/lib/python3.12/site-packages/airflow/example_dags/example_task_group.py
[2024-12-29T18:41:15.589+0000] {processor.py:925} INFO - DAG(s) 'example_task_group' retrieved from /home/airflow/.local/lib/python3.12/site-packages/airflow/example_dags/example_task_group.py
[2024-12-29T18:41:15.610+0000] {logging_mixin.py:190} INFO - [2024-12-29T18:41:15.610+0000] {dag.py:3239} INFO - Sync 1 DAGs
[2024-12-29T18:41:15.625+0000] {logging_mixin.py:190} INFO - [2024-12-29T18:41:15.625+0000] {dag.py:4180} INFO - Setting next_dagrun for example_task_group to None, run_after=None
[2024-12-29T18:41:15.655+0000] {processor.py:208} INFO - Processing /home/airflow/.local/lib/python3.12/site-packages/airflow/example_dags/example_task_group.py took 0.083 seconds
