[2024-12-29T16:47:24.694+0000] {processor.py:186} INFO - Started process (PID=84) to work on /home/airflow/.local/lib/python3.12/site-packages/airflow/example_dags/example_local_kubernetes_executor.py
[2024-12-29T16:47:24.708+0000] {processor.py:914} INFO - Processing file /home/airflow/.local/lib/python3.12/site-packages/airflow/example_dags/example_local_kubernetes_executor.py for tasks to queue
[2024-12-29T16:47:24.723+0000] {logging_mixin.py:190} INFO - [2024-12-29T16:47:24.721+0000] {dagbag.py:588} INFO - Filling up the DagBag from /home/airflow/.local/lib/python3.12/site-packages/airflow/example_dags/example_local_kubernetes_executor.py
[2024-12-29T16:47:24.927+0000] {processor.py:925} INFO - DAG(s) 'example_local_kubernetes_executor' retrieved from /home/airflow/.local/lib/python3.12/site-packages/airflow/example_dags/example_local_kubernetes_executor.py
[2024-12-29T16:47:26.980+0000] {logging_mixin.py:190} INFO - [2024-12-29T16:47:26.977+0000] {override.py:1911} INFO - Created Permission View: can read on DAG:example_local_kubernetes_executor
[2024-12-29T16:47:27.206+0000] {logging_mixin.py:190} INFO - [2024-12-29T16:47:27.205+0000] {override.py:1911} INFO - Created Permission View: can edit on DAG:example_local_kubernetes_executor
[2024-12-29T16:47:27.398+0000] {logging_mixin.py:190} INFO - [2024-12-29T16:47:27.398+0000] {override.py:1911} INFO - Created Permission View: can delete on DAG:example_local_kubernetes_executor
[2024-12-29T16:47:27.750+0000] {logging_mixin.py:190} INFO - [2024-12-29T16:47:27.749+0000] {override.py:1911} INFO - Created Permission View: can read on DAG Run:example_local_kubernetes_executor
[2024-12-29T16:47:27.879+0000] {logging_mixin.py:190} INFO - [2024-12-29T16:47:27.878+0000] {override.py:1911} INFO - Created Permission View: menu access on DAG Run:example_local_kubernetes_executor
[2024-12-29T16:47:28.009+0000] {logging_mixin.py:190} INFO - [2024-12-29T16:47:28.008+0000] {override.py:1911} INFO - Created Permission View: can delete on DAG Run:example_local_kubernetes_executor
[2024-12-29T16:47:28.112+0000] {logging_mixin.py:190} INFO - [2024-12-29T16:47:28.111+0000] {override.py:1911} INFO - Created Permission View: can create on DAG Run:example_local_kubernetes_executor
[2024-12-29T16:47:28.113+0000] {logging_mixin.py:190} INFO - [2024-12-29T16:47:28.112+0000] {dag.py:3239} INFO - Sync 1 DAGs
[2024-12-29T16:47:28.178+0000] {logging_mixin.py:190} INFO - [2024-12-29T16:47:28.177+0000] {dag.py:3262} INFO - Creating ORM DAG for example_local_kubernetes_executor
[2024-12-29T16:47:28.179+0000] {logging_mixin.py:190} INFO - [2024-12-29T16:47:28.179+0000] {dag.py:4180} INFO - Setting next_dagrun for example_local_kubernetes_executor to None, run_after=None
[2024-12-29T16:47:28.375+0000] {processor.py:208} INFO - Processing /home/airflow/.local/lib/python3.12/site-packages/airflow/example_dags/example_local_kubernetes_executor.py took 3.744 seconds
[2024-12-29T16:49:21.576+0000] {processor.py:186} INFO - Started process (PID=163) to work on /home/airflow/.local/lib/python3.12/site-packages/airflow/example_dags/example_local_kubernetes_executor.py
[2024-12-29T16:49:21.594+0000] {processor.py:914} INFO - Processing file /home/airflow/.local/lib/python3.12/site-packages/airflow/example_dags/example_local_kubernetes_executor.py for tasks to queue
[2024-12-29T16:49:21.600+0000] {logging_mixin.py:190} INFO - [2024-12-29T16:49:21.599+0000] {dagbag.py:588} INFO - Filling up the DagBag from /home/airflow/.local/lib/python3.12/site-packages/airflow/example_dags/example_local_kubernetes_executor.py
[2024-12-29T16:49:21.938+0000] {processor.py:925} INFO - DAG(s) 'example_local_kubernetes_executor' retrieved from /home/airflow/.local/lib/python3.12/site-packages/airflow/example_dags/example_local_kubernetes_executor.py
[2024-12-29T16:49:22.662+0000] {logging_mixin.py:190} INFO - [2024-12-29T16:49:22.661+0000] {dag.py:3239} INFO - Sync 1 DAGs
[2024-12-29T16:49:22.791+0000] {logging_mixin.py:190} INFO - [2024-12-29T16:49:22.790+0000] {dag.py:4180} INFO - Setting next_dagrun for example_local_kubernetes_executor to None, run_after=None
[2024-12-29T16:49:23.154+0000] {processor.py:208} INFO - Processing /home/airflow/.local/lib/python3.12/site-packages/airflow/example_dags/example_local_kubernetes_executor.py took 1.744 seconds
[2024-12-29T16:51:07.374+0000] {processor.py:186} INFO - Started process (PID=223) to work on /home/airflow/.local/lib/python3.12/site-packages/airflow/example_dags/example_local_kubernetes_executor.py
[2024-12-29T16:51:07.416+0000] {processor.py:914} INFO - Processing file /home/airflow/.local/lib/python3.12/site-packages/airflow/example_dags/example_local_kubernetes_executor.py for tasks to queue
[2024-12-29T16:51:07.628+0000] {logging_mixin.py:190} INFO - [2024-12-29T16:51:07.628+0000] {dagbag.py:588} INFO - Filling up the DagBag from /home/airflow/.local/lib/python3.12/site-packages/airflow/example_dags/example_local_kubernetes_executor.py
[2024-12-29T16:51:09.991+0000] {processor.py:925} INFO - DAG(s) 'example_local_kubernetes_executor' retrieved from /home/airflow/.local/lib/python3.12/site-packages/airflow/example_dags/example_local_kubernetes_executor.py
[2024-12-29T18:39:59.587+0000] {processor.py:186} INFO - Started process (PID=64) to work on /home/airflow/.local/lib/python3.12/site-packages/airflow/example_dags/example_local_kubernetes_executor.py
[2024-12-29T18:39:59.589+0000] {processor.py:914} INFO - Processing file /home/airflow/.local/lib/python3.12/site-packages/airflow/example_dags/example_local_kubernetes_executor.py for tasks to queue
[2024-12-29T18:39:59.610+0000] {logging_mixin.py:190} INFO - [2024-12-29T18:39:59.609+0000] {dagbag.py:588} INFO - Filling up the DagBag from /home/airflow/.local/lib/python3.12/site-packages/airflow/example_dags/example_local_kubernetes_executor.py
[2024-12-29T18:39:59.715+0000] {processor.py:925} INFO - DAG(s) 'example_local_kubernetes_executor' retrieved from /home/airflow/.local/lib/python3.12/site-packages/airflow/example_dags/example_local_kubernetes_executor.py
[2024-12-29T18:40:00.602+0000] {logging_mixin.py:190} INFO - [2024-12-29T18:40:00.601+0000] {override.py:1911} INFO - Created Permission View: can read on DAG:example_local_kubernetes_executor
[2024-12-29T18:40:00.645+0000] {logging_mixin.py:190} INFO - [2024-12-29T18:40:00.644+0000] {override.py:1911} INFO - Created Permission View: can edit on DAG:example_local_kubernetes_executor
[2024-12-29T18:40:00.681+0000] {logging_mixin.py:190} INFO - [2024-12-29T18:40:00.681+0000] {override.py:1911} INFO - Created Permission View: can delete on DAG:example_local_kubernetes_executor
[2024-12-29T18:40:00.708+0000] {logging_mixin.py:190} INFO - [2024-12-29T18:40:00.708+0000] {override.py:1911} INFO - Created Permission View: can create on DAG Run:example_local_kubernetes_executor
[2024-12-29T18:40:00.729+0000] {logging_mixin.py:190} INFO - [2024-12-29T18:40:00.728+0000] {override.py:1911} INFO - Created Permission View: menu access on DAG Run:example_local_kubernetes_executor
[2024-12-29T18:40:00.769+0000] {logging_mixin.py:190} INFO - [2024-12-29T18:40:00.769+0000] {override.py:1911} INFO - Created Permission View: can read on DAG Run:example_local_kubernetes_executor
[2024-12-29T18:40:00.785+0000] {logging_mixin.py:190} INFO - [2024-12-29T18:40:00.785+0000] {override.py:1911} INFO - Created Permission View: can delete on DAG Run:example_local_kubernetes_executor
[2024-12-29T18:40:00.786+0000] {logging_mixin.py:190} INFO - [2024-12-29T18:40:00.786+0000] {dag.py:3239} INFO - Sync 1 DAGs
[2024-12-29T18:40:00.861+0000] {logging_mixin.py:190} INFO - [2024-12-29T18:40:00.861+0000] {dag.py:3262} INFO - Creating ORM DAG for example_local_kubernetes_executor
[2024-12-29T18:40:00.867+0000] {logging_mixin.py:190} INFO - [2024-12-29T18:40:00.867+0000] {dag.py:4180} INFO - Setting next_dagrun for example_local_kubernetes_executor to None, run_after=None
[2024-12-29T18:40:00.946+0000] {processor.py:208} INFO - Processing /home/airflow/.local/lib/python3.12/site-packages/airflow/example_dags/example_local_kubernetes_executor.py took 1.373 seconds
[2024-12-29T18:40:31.445+0000] {processor.py:186} INFO - Started process (PID=126) to work on /home/airflow/.local/lib/python3.12/site-packages/airflow/example_dags/example_local_kubernetes_executor.py
[2024-12-29T18:40:31.446+0000] {processor.py:914} INFO - Processing file /home/airflow/.local/lib/python3.12/site-packages/airflow/example_dags/example_local_kubernetes_executor.py for tasks to queue
[2024-12-29T18:40:31.451+0000] {logging_mixin.py:190} INFO - [2024-12-29T18:40:31.451+0000] {dagbag.py:588} INFO - Filling up the DagBag from /home/airflow/.local/lib/python3.12/site-packages/airflow/example_dags/example_local_kubernetes_executor.py
[2024-12-29T18:40:31.459+0000] {processor.py:925} INFO - DAG(s) 'example_local_kubernetes_executor' retrieved from /home/airflow/.local/lib/python3.12/site-packages/airflow/example_dags/example_local_kubernetes_executor.py
[2024-12-29T18:40:31.478+0000] {logging_mixin.py:190} INFO - [2024-12-29T18:40:31.478+0000] {dag.py:3239} INFO - Sync 1 DAGs
[2024-12-29T18:40:31.492+0000] {logging_mixin.py:190} INFO - [2024-12-29T18:40:31.492+0000] {dag.py:4180} INFO - Setting next_dagrun for example_local_kubernetes_executor to None, run_after=None
[2024-12-29T18:40:31.518+0000] {processor.py:208} INFO - Processing /home/airflow/.local/lib/python3.12/site-packages/airflow/example_dags/example_local_kubernetes_executor.py took 0.078 seconds
[2024-12-29T18:41:01.793+0000] {processor.py:186} INFO - Started process (PID=189) to work on /home/airflow/.local/lib/python3.12/site-packages/airflow/example_dags/example_local_kubernetes_executor.py
[2024-12-29T18:41:01.794+0000] {processor.py:914} INFO - Processing file /home/airflow/.local/lib/python3.12/site-packages/airflow/example_dags/example_local_kubernetes_executor.py for tasks to queue
[2024-12-29T18:41:01.796+0000] {logging_mixin.py:190} INFO - [2024-12-29T18:41:01.796+0000] {dagbag.py:588} INFO - Filling up the DagBag from /home/airflow/.local/lib/python3.12/site-packages/airflow/example_dags/example_local_kubernetes_executor.py
[2024-12-29T18:41:01.814+0000] {processor.py:925} INFO - DAG(s) 'example_local_kubernetes_executor' retrieved from /home/airflow/.local/lib/python3.12/site-packages/airflow/example_dags/example_local_kubernetes_executor.py
[2024-12-29T18:41:01.865+0000] {logging_mixin.py:190} INFO - [2024-12-29T18:41:01.864+0000] {dag.py:3239} INFO - Sync 1 DAGs
[2024-12-29T18:41:01.884+0000] {logging_mixin.py:190} INFO - [2024-12-29T18:41:01.883+0000] {dag.py:4180} INFO - Setting next_dagrun for example_local_kubernetes_executor to None, run_after=None
[2024-12-29T18:41:01.934+0000] {processor.py:208} INFO - Processing /home/airflow/.local/lib/python3.12/site-packages/airflow/example_dags/example_local_kubernetes_executor.py took 0.146 seconds
