[2024-12-29T16:48:10.417+0000] {processor.py:186} INFO - Started process (PID=115) to work on /home/airflow/.local/lib/python3.12/site-packages/airflow/example_dags/example_subdag_operator.py
[2024-12-29T16:48:10.419+0000] {processor.py:914} INFO - Processing file /home/airflow/.local/lib/python3.12/site-packages/airflow/example_dags/example_subdag_operator.py for tasks to queue
[2024-12-29T16:48:10.432+0000] {logging_mixin.py:190} INFO - [2024-12-29T16:48:10.432+0000] {dagbag.py:588} INFO - Filling up the DagBag from /home/airflow/.local/lib/python3.12/site-packages/airflow/example_dags/example_subdag_operator.py
[2024-12-29T16:48:10.661+0000] {processor.py:925} INFO - DAG(s) 'example_subdag_operator.section-1', 'example_subdag_operator.section-2', 'example_subdag_operator' retrieved from /home/airflow/.local/lib/python3.12/site-packages/airflow/example_dags/example_subdag_operator.py
[2024-12-29T16:48:11.517+0000] {logging_mixin.py:190} INFO - [2024-12-29T16:48:11.516+0000] {override.py:1911} INFO - Created Permission View: can read on DAG:example_subdag_operator
[2024-12-29T16:48:11.689+0000] {logging_mixin.py:190} INFO - [2024-12-29T16:48:11.688+0000] {override.py:1911} INFO - Created Permission View: can edit on DAG:example_subdag_operator
[2024-12-29T16:48:11.799+0000] {logging_mixin.py:190} INFO - [2024-12-29T16:48:11.798+0000] {override.py:1911} INFO - Created Permission View: can delete on DAG:example_subdag_operator
[2024-12-29T16:48:11.839+0000] {logging_mixin.py:190} INFO - [2024-12-29T16:48:11.838+0000] {override.py:1911} INFO - Created Permission View: can read on DAG Run:example_subdag_operator
[2024-12-29T16:48:11.873+0000] {logging_mixin.py:190} INFO - [2024-12-29T16:48:11.873+0000] {override.py:1911} INFO - Created Permission View: menu access on DAG Run:example_subdag_operator
[2024-12-29T16:48:11.931+0000] {logging_mixin.py:190} INFO - [2024-12-29T16:48:11.931+0000] {override.py:1911} INFO - Created Permission View: can delete on DAG Run:example_subdag_operator
[2024-12-29T16:48:11.978+0000] {logging_mixin.py:190} INFO - [2024-12-29T16:48:11.977+0000] {override.py:1911} INFO - Created Permission View: can create on DAG Run:example_subdag_operator
[2024-12-29T16:48:11.979+0000] {logging_mixin.py:190} INFO - [2024-12-29T16:48:11.979+0000] {dag.py:3239} INFO - Sync 3 DAGs
[2024-12-29T16:48:12.150+0000] {logging_mixin.py:190} INFO - [2024-12-29T16:48:12.150+0000] {dag.py:3262} INFO - Creating ORM DAG for example_subdag_operator.section-2
[2024-12-29T16:48:12.186+0000] {logging_mixin.py:190} INFO - [2024-12-29T16:48:12.182+0000] {dag.py:3262} INFO - Creating ORM DAG for example_subdag_operator.section-1
[2024-12-29T16:48:12.187+0000] {logging_mixin.py:190} INFO - [2024-12-29T16:48:12.187+0000] {dag.py:3262} INFO - Creating ORM DAG for example_subdag_operator
[2024-12-29T16:48:12.237+0000] {logging_mixin.py:190} INFO - [2024-12-29T16:48:12.236+0000] {dag.py:4180} INFO - Setting next_dagrun for example_subdag_operator to 2022-01-01 00:00:00+00:00, run_after=2022-01-01 00:00:00+00:00
[2024-12-29T16:48:12.238+0000] {logging_mixin.py:190} INFO - [2024-12-29T16:48:12.238+0000] {dag.py:4180} INFO - Setting next_dagrun for example_subdag_operator.section-1 to None, run_after=None
[2024-12-29T16:48:12.251+0000] {logging_mixin.py:190} INFO - [2024-12-29T16:48:12.250+0000] {dag.py:4180} INFO - Setting next_dagrun for example_subdag_operator.section-2 to None, run_after=None
[2024-12-29T16:48:12.302+0000] {logging_mixin.py:190} INFO - [2024-12-29T16:48:12.302+0000] {dag.py:3239} INFO - Sync 2 DAGs
[2024-12-29T16:48:12.351+0000] {logging_mixin.py:190} INFO - [2024-12-29T16:48:12.348+0000] {dag.py:4180} INFO - Setting next_dagrun for example_subdag_operator.section-1 to None, run_after=None
[2024-12-29T16:48:12.370+0000] {logging_mixin.py:190} INFO - [2024-12-29T16:48:12.370+0000] {dag.py:4180} INFO - Setting next_dagrun for example_subdag_operator.section-2 to None, run_after=None
[2024-12-29T16:48:12.461+0000] {processor.py:208} INFO - Processing /home/airflow/.local/lib/python3.12/site-packages/airflow/example_dags/example_subdag_operator.py took 2.116 seconds
[2024-12-29T16:50:10.775+0000] {processor.py:186} INFO - Started process (PID=197) to work on /home/airflow/.local/lib/python3.12/site-packages/airflow/example_dags/example_subdag_operator.py
[2024-12-29T16:50:10.781+0000] {processor.py:914} INFO - Processing file /home/airflow/.local/lib/python3.12/site-packages/airflow/example_dags/example_subdag_operator.py for tasks to queue
[2024-12-29T16:50:10.799+0000] {logging_mixin.py:190} INFO - [2024-12-29T16:50:10.798+0000] {dagbag.py:588} INFO - Filling up the DagBag from /home/airflow/.local/lib/python3.12/site-packages/airflow/example_dags/example_subdag_operator.py
[2024-12-29T16:50:11.001+0000] {processor.py:925} INFO - DAG(s) 'example_subdag_operator.section-1', 'example_subdag_operator.section-2', 'example_subdag_operator' retrieved from /home/airflow/.local/lib/python3.12/site-packages/airflow/example_dags/example_subdag_operator.py
[2024-12-29T16:50:11.129+0000] {logging_mixin.py:190} INFO - [2024-12-29T16:50:11.129+0000] {dag.py:3239} INFO - Sync 3 DAGs
[2024-12-29T16:50:11.387+0000] {logging_mixin.py:190} INFO - [2024-12-29T16:50:11.387+0000] {dag.py:4180} INFO - Setting next_dagrun for example_subdag_operator to 2022-01-01 00:00:00+00:00, run_after=2022-01-01 00:00:00+00:00
[2024-12-29T16:50:11.441+0000] {logging_mixin.py:190} INFO - [2024-12-29T16:50:11.441+0000] {dag.py:4180} INFO - Setting next_dagrun for example_subdag_operator.section-1 to None, run_after=None
[2024-12-29T16:50:11.461+0000] {logging_mixin.py:190} INFO - [2024-12-29T16:50:11.461+0000] {dag.py:4180} INFO - Setting next_dagrun for example_subdag_operator.section-2 to None, run_after=None
[2024-12-29T16:50:11.513+0000] {logging_mixin.py:190} INFO - [2024-12-29T16:50:11.513+0000] {dag.py:3239} INFO - Sync 2 DAGs
[2024-12-29T16:50:11.549+0000] {logging_mixin.py:190} INFO - [2024-12-29T16:50:11.548+0000] {dag.py:4180} INFO - Setting next_dagrun for example_subdag_operator.section-1 to None, run_after=None
[2024-12-29T16:50:11.552+0000] {logging_mixin.py:190} INFO - [2024-12-29T16:50:11.552+0000] {dag.py:4180} INFO - Setting next_dagrun for example_subdag_operator.section-2 to None, run_after=None
[2024-12-29T16:50:11.637+0000] {processor.py:208} INFO - Processing /home/airflow/.local/lib/python3.12/site-packages/airflow/example_dags/example_subdag_operator.py took 0.871 seconds
[2024-12-29T18:40:13.821+0000] {processor.py:186} INFO - Started process (PID=90) to work on /home/airflow/.local/lib/python3.12/site-packages/airflow/example_dags/example_subdag_operator.py
[2024-12-29T18:40:13.824+0000] {processor.py:914} INFO - Processing file /home/airflow/.local/lib/python3.12/site-packages/airflow/example_dags/example_subdag_operator.py for tasks to queue
[2024-12-29T18:40:13.828+0000] {logging_mixin.py:190} INFO - [2024-12-29T18:40:13.827+0000] {dagbag.py:588} INFO - Filling up the DagBag from /home/airflow/.local/lib/python3.12/site-packages/airflow/example_dags/example_subdag_operator.py
[2024-12-29T18:40:13.996+0000] {processor.py:925} INFO - DAG(s) 'example_subdag_operator.section-1', 'example_subdag_operator.section-2', 'example_subdag_operator' retrieved from /home/airflow/.local/lib/python3.12/site-packages/airflow/example_dags/example_subdag_operator.py
[2024-12-29T18:40:14.498+0000] {logging_mixin.py:190} INFO - [2024-12-29T18:40:14.497+0000] {override.py:1911} INFO - Created Permission View: can read on DAG:example_subdag_operator
[2024-12-29T18:40:14.530+0000] {logging_mixin.py:190} INFO - [2024-12-29T18:40:14.530+0000] {override.py:1911} INFO - Created Permission View: can edit on DAG:example_subdag_operator
[2024-12-29T18:40:14.557+0000] {logging_mixin.py:190} INFO - [2024-12-29T18:40:14.556+0000] {override.py:1911} INFO - Created Permission View: can delete on DAG:example_subdag_operator
[2024-12-29T18:40:14.569+0000] {logging_mixin.py:190} INFO - [2024-12-29T18:40:14.569+0000] {override.py:1911} INFO - Created Permission View: can create on DAG Run:example_subdag_operator
[2024-12-29T18:40:14.590+0000] {logging_mixin.py:190} INFO - [2024-12-29T18:40:14.590+0000] {override.py:1911} INFO - Created Permission View: menu access on DAG Run:example_subdag_operator
[2024-12-29T18:40:14.620+0000] {logging_mixin.py:190} INFO - [2024-12-29T18:40:14.620+0000] {override.py:1911} INFO - Created Permission View: can read on DAG Run:example_subdag_operator
[2024-12-29T18:40:14.641+0000] {logging_mixin.py:190} INFO - [2024-12-29T18:40:14.641+0000] {override.py:1911} INFO - Created Permission View: can delete on DAG Run:example_subdag_operator
[2024-12-29T18:40:14.642+0000] {logging_mixin.py:190} INFO - [2024-12-29T18:40:14.642+0000] {dag.py:3239} INFO - Sync 3 DAGs
[2024-12-29T18:40:14.675+0000] {logging_mixin.py:190} INFO - [2024-12-29T18:40:14.674+0000] {dag.py:3262} INFO - Creating ORM DAG for example_subdag_operator
[2024-12-29T18:40:14.677+0000] {logging_mixin.py:190} INFO - [2024-12-29T18:40:14.676+0000] {dag.py:3262} INFO - Creating ORM DAG for example_subdag_operator.section-1
[2024-12-29T18:40:14.678+0000] {logging_mixin.py:190} INFO - [2024-12-29T18:40:14.677+0000] {dag.py:3262} INFO - Creating ORM DAG for example_subdag_operator.section-2
[2024-12-29T18:40:14.697+0000] {logging_mixin.py:190} INFO - [2024-12-29T18:40:14.697+0000] {dag.py:4180} INFO - Setting next_dagrun for example_subdag_operator to 2022-01-01 00:00:00+00:00, run_after=2022-01-01 00:00:00+00:00
[2024-12-29T18:40:14.700+0000] {logging_mixin.py:190} INFO - [2024-12-29T18:40:14.700+0000] {dag.py:4180} INFO - Setting next_dagrun for example_subdag_operator.section-1 to None, run_after=None
[2024-12-29T18:40:14.701+0000] {logging_mixin.py:190} INFO - [2024-12-29T18:40:14.701+0000] {dag.py:4180} INFO - Setting next_dagrun for example_subdag_operator.section-2 to None, run_after=None
[2024-12-29T18:40:14.722+0000] {logging_mixin.py:190} INFO - [2024-12-29T18:40:14.722+0000] {dag.py:3239} INFO - Sync 2 DAGs
[2024-12-29T18:40:14.730+0000] {logging_mixin.py:190} INFO - [2024-12-29T18:40:14.730+0000] {dag.py:4180} INFO - Setting next_dagrun for example_subdag_operator.section-1 to None, run_after=None
[2024-12-29T18:40:14.741+0000] {logging_mixin.py:190} INFO - [2024-12-29T18:40:14.740+0000] {dag.py:4180} INFO - Setting next_dagrun for example_subdag_operator.section-2 to None, run_after=None
[2024-12-29T18:40:14.785+0000] {processor.py:208} INFO - Processing /home/airflow/.local/lib/python3.12/site-packages/airflow/example_dags/example_subdag_operator.py took 0.995 seconds
[2024-12-29T18:40:45.017+0000] {processor.py:186} INFO - Started process (PID=153) to work on /home/airflow/.local/lib/python3.12/site-packages/airflow/example_dags/example_subdag_operator.py
[2024-12-29T18:40:45.018+0000] {processor.py:914} INFO - Processing file /home/airflow/.local/lib/python3.12/site-packages/airflow/example_dags/example_subdag_operator.py for tasks to queue
[2024-12-29T18:40:45.020+0000] {logging_mixin.py:190} INFO - [2024-12-29T18:40:45.020+0000] {dagbag.py:588} INFO - Filling up the DagBag from /home/airflow/.local/lib/python3.12/site-packages/airflow/example_dags/example_subdag_operator.py
[2024-12-29T18:40:45.047+0000] {processor.py:925} INFO - DAG(s) 'example_subdag_operator.section-1', 'example_subdag_operator.section-2', 'example_subdag_operator' retrieved from /home/airflow/.local/lib/python3.12/site-packages/airflow/example_dags/example_subdag_operator.py
[2024-12-29T18:40:45.063+0000] {logging_mixin.py:190} INFO - [2024-12-29T18:40:45.062+0000] {dag.py:3239} INFO - Sync 3 DAGs
[2024-12-29T18:40:45.096+0000] {logging_mixin.py:190} INFO - [2024-12-29T18:40:45.095+0000] {dag.py:4180} INFO - Setting next_dagrun for example_subdag_operator to 2022-01-01 00:00:00+00:00, run_after=2022-01-01 00:00:00+00:00
[2024-12-29T18:40:45.111+0000] {logging_mixin.py:190} INFO - [2024-12-29T18:40:45.110+0000] {dag.py:4180} INFO - Setting next_dagrun for example_subdag_operator.section-1 to None, run_after=None
[2024-12-29T18:40:45.135+0000] {logging_mixin.py:190} INFO - [2024-12-29T18:40:45.135+0000] {dag.py:4180} INFO - Setting next_dagrun for example_subdag_operator.section-2 to None, run_after=None
[2024-12-29T18:40:45.157+0000] {logging_mixin.py:190} INFO - [2024-12-29T18:40:45.157+0000] {dag.py:3239} INFO - Sync 2 DAGs
[2024-12-29T18:40:45.171+0000] {logging_mixin.py:190} INFO - [2024-12-29T18:40:45.171+0000] {dag.py:4180} INFO - Setting next_dagrun for example_subdag_operator.section-1 to None, run_after=None
[2024-12-29T18:40:45.172+0000] {logging_mixin.py:190} INFO - [2024-12-29T18:40:45.172+0000] {dag.py:4180} INFO - Setting next_dagrun for example_subdag_operator.section-2 to None, run_after=None
[2024-12-29T18:40:45.195+0000] {processor.py:208} INFO - Processing /home/airflow/.local/lib/python3.12/site-packages/airflow/example_dags/example_subdag_operator.py took 0.184 seconds
[2024-12-29T18:41:15.586+0000] {processor.py:186} INFO - Started process (PID=216) to work on /home/airflow/.local/lib/python3.12/site-packages/airflow/example_dags/example_subdag_operator.py
[2024-12-29T18:41:15.587+0000] {processor.py:914} INFO - Processing file /home/airflow/.local/lib/python3.12/site-packages/airflow/example_dags/example_subdag_operator.py for tasks to queue
[2024-12-29T18:41:15.589+0000] {logging_mixin.py:190} INFO - [2024-12-29T18:41:15.589+0000] {dagbag.py:588} INFO - Filling up the DagBag from /home/airflow/.local/lib/python3.12/site-packages/airflow/example_dags/example_subdag_operator.py
[2024-12-29T18:41:15.613+0000] {processor.py:925} INFO - DAG(s) 'example_subdag_operator.section-1', 'example_subdag_operator.section-2', 'example_subdag_operator' retrieved from /home/airflow/.local/lib/python3.12/site-packages/airflow/example_dags/example_subdag_operator.py
[2024-12-29T18:41:15.629+0000] {logging_mixin.py:190} INFO - [2024-12-29T18:41:15.629+0000] {dag.py:3239} INFO - Sync 3 DAGs
[2024-12-29T18:41:15.657+0000] {logging_mixin.py:190} INFO - [2024-12-29T18:41:15.656+0000] {dag.py:4180} INFO - Setting next_dagrun for example_subdag_operator to 2022-01-01 00:00:00+00:00, run_after=2022-01-01 00:00:00+00:00
[2024-12-29T18:41:15.663+0000] {logging_mixin.py:190} INFO - [2024-12-29T18:41:15.662+0000] {dag.py:4180} INFO - Setting next_dagrun for example_subdag_operator.section-1 to None, run_after=None
[2024-12-29T18:41:15.666+0000] {logging_mixin.py:190} INFO - [2024-12-29T18:41:15.665+0000] {dag.py:4180} INFO - Setting next_dagrun for example_subdag_operator.section-2 to None, run_after=None
[2024-12-29T18:41:15.680+0000] {logging_mixin.py:190} INFO - [2024-12-29T18:41:15.679+0000] {dag.py:3239} INFO - Sync 2 DAGs
[2024-12-29T18:41:15.686+0000] {logging_mixin.py:190} INFO - [2024-12-29T18:41:15.686+0000] {dag.py:4180} INFO - Setting next_dagrun for example_subdag_operator.section-1 to None, run_after=None
[2024-12-29T18:41:15.687+0000] {logging_mixin.py:190} INFO - [2024-12-29T18:41:15.687+0000] {dag.py:4180} INFO - Setting next_dagrun for example_subdag_operator.section-2 to None, run_after=None
[2024-12-29T18:41:15.705+0000] {processor.py:208} INFO - Processing /home/airflow/.local/lib/python3.12/site-packages/airflow/example_dags/example_subdag_operator.py took 0.124 seconds
