[2024-12-29T16:48:12.723+0000] {processor.py:186} INFO - Started process (PID=117) to work on /home/airflow/.local/lib/python3.12/site-packages/airflow/example_dags/example_bash_operator.py
[2024-12-29T16:48:12.749+0000] {processor.py:914} INFO - Processing file /home/airflow/.local/lib/python3.12/site-packages/airflow/example_dags/example_bash_operator.py for tasks to queue
[2024-12-29T16:48:12.758+0000] {logging_mixin.py:190} INFO - [2024-12-29T16:48:12.757+0000] {dagbag.py:588} INFO - Filling up the DagBag from /home/airflow/.local/lib/python3.12/site-packages/airflow/example_dags/example_bash_operator.py
[2024-12-29T16:48:12.968+0000] {processor.py:925} INFO - DAG(s) 'example_bash_operator' retrieved from /home/airflow/.local/lib/python3.12/site-packages/airflow/example_dags/example_bash_operator.py
[2024-12-29T16:48:13.907+0000] {logging_mixin.py:190} INFO - [2024-12-29T16:48:13.906+0000] {override.py:1911} INFO - Created Permission View: can read on DAG:example_bash_operator
[2024-12-29T16:48:14.005+0000] {logging_mixin.py:190} INFO - [2024-12-29T16:48:14.004+0000] {override.py:1911} INFO - Created Permission View: can edit on DAG:example_bash_operator
[2024-12-29T16:48:14.045+0000] {logging_mixin.py:190} INFO - [2024-12-29T16:48:14.045+0000] {override.py:1911} INFO - Created Permission View: can delete on DAG:example_bash_operator
[2024-12-29T16:48:14.129+0000] {logging_mixin.py:190} INFO - [2024-12-29T16:48:14.128+0000] {override.py:1911} INFO - Created Permission View: can read on DAG Run:example_bash_operator
[2024-12-29T16:48:14.193+0000] {logging_mixin.py:190} INFO - [2024-12-29T16:48:14.189+0000] {override.py:1911} INFO - Created Permission View: menu access on DAG Run:example_bash_operator
[2024-12-29T16:48:14.229+0000] {logging_mixin.py:190} INFO - [2024-12-29T16:48:14.228+0000] {override.py:1911} INFO - Created Permission View: can delete on DAG Run:example_bash_operator
[2024-12-29T16:48:14.269+0000] {logging_mixin.py:190} INFO - [2024-12-29T16:48:14.269+0000] {override.py:1911} INFO - Created Permission View: can create on DAG Run:example_bash_operator
[2024-12-29T16:48:14.276+0000] {logging_mixin.py:190} INFO - [2024-12-29T16:48:14.271+0000] {dag.py:3239} INFO - Sync 1 DAGs
[2024-12-29T16:48:14.384+0000] {logging_mixin.py:190} INFO - [2024-12-29T16:48:14.375+0000] {dag.py:3262} INFO - Creating ORM DAG for example_bash_operator
[2024-12-29T16:48:14.461+0000] {logging_mixin.py:190} INFO - [2024-12-29T16:48:14.460+0000] {dag.py:4180} INFO - Setting next_dagrun for example_bash_operator to 2024-12-28 00:00:00+00:00, run_after=2024-12-29 00:00:00+00:00
[2024-12-29T16:48:14.642+0000] {processor.py:208} INFO - Processing /home/airflow/.local/lib/python3.12/site-packages/airflow/example_dags/example_bash_operator.py took 1.953 seconds
[2024-12-29T16:50:11.862+0000] {processor.py:186} INFO - Started process (PID=199) to work on /home/airflow/.local/lib/python3.12/site-packages/airflow/example_dags/example_bash_operator.py
[2024-12-29T16:50:11.865+0000] {processor.py:914} INFO - Processing file /home/airflow/.local/lib/python3.12/site-packages/airflow/example_dags/example_bash_operator.py for tasks to queue
[2024-12-29T16:50:11.875+0000] {logging_mixin.py:190} INFO - [2024-12-29T16:50:11.871+0000] {dagbag.py:588} INFO - Filling up the DagBag from /home/airflow/.local/lib/python3.12/site-packages/airflow/example_dags/example_bash_operator.py
[2024-12-29T16:50:11.961+0000] {processor.py:925} INFO - DAG(s) 'example_bash_operator' retrieved from /home/airflow/.local/lib/python3.12/site-packages/airflow/example_dags/example_bash_operator.py
[2024-12-29T16:50:12.185+0000] {logging_mixin.py:190} INFO - [2024-12-29T16:50:12.184+0000] {dag.py:3239} INFO - Sync 1 DAGs
[2024-12-29T16:50:12.480+0000] {logging_mixin.py:190} INFO - [2024-12-29T16:50:12.480+0000] {dag.py:4180} INFO - Setting next_dagrun for example_bash_operator to 2024-12-28 00:00:00+00:00, run_after=2024-12-29 00:00:00+00:00
[2024-12-29T16:50:12.719+0000] {processor.py:208} INFO - Processing /home/airflow/.local/lib/python3.12/site-packages/airflow/example_dags/example_bash_operator.py took 0.909 seconds
[2024-12-29T18:40:14.890+0000] {processor.py:186} INFO - Started process (PID=92) to work on /home/airflow/.local/lib/python3.12/site-packages/airflow/example_dags/example_bash_operator.py
[2024-12-29T18:40:14.913+0000] {processor.py:914} INFO - Processing file /home/airflow/.local/lib/python3.12/site-packages/airflow/example_dags/example_bash_operator.py for tasks to queue
[2024-12-29T18:40:14.919+0000] {logging_mixin.py:190} INFO - [2024-12-29T18:40:14.919+0000] {dagbag.py:588} INFO - Filling up the DagBag from /home/airflow/.local/lib/python3.12/site-packages/airflow/example_dags/example_bash_operator.py
[2024-12-29T18:40:15.025+0000] {processor.py:925} INFO - DAG(s) 'example_bash_operator' retrieved from /home/airflow/.local/lib/python3.12/site-packages/airflow/example_dags/example_bash_operator.py
[2024-12-29T18:40:15.540+0000] {logging_mixin.py:190} INFO - [2024-12-29T18:40:15.539+0000] {override.py:1911} INFO - Created Permission View: can read on DAG:example_bash_operator
[2024-12-29T18:40:15.577+0000] {logging_mixin.py:190} INFO - [2024-12-29T18:40:15.576+0000] {override.py:1911} INFO - Created Permission View: can edit on DAG:example_bash_operator
[2024-12-29T18:40:15.638+0000] {logging_mixin.py:190} INFO - [2024-12-29T18:40:15.638+0000] {override.py:1911} INFO - Created Permission View: can delete on DAG:example_bash_operator
[2024-12-29T18:40:15.692+0000] {logging_mixin.py:190} INFO - [2024-12-29T18:40:15.692+0000] {override.py:1911} INFO - Created Permission View: can create on DAG Run:example_bash_operator
[2024-12-29T18:40:15.740+0000] {logging_mixin.py:190} INFO - [2024-12-29T18:40:15.740+0000] {override.py:1911} INFO - Created Permission View: menu access on DAG Run:example_bash_operator
[2024-12-29T18:40:15.774+0000] {logging_mixin.py:190} INFO - [2024-12-29T18:40:15.773+0000] {override.py:1911} INFO - Created Permission View: can read on DAG Run:example_bash_operator
[2024-12-29T18:40:15.834+0000] {logging_mixin.py:190} INFO - [2024-12-29T18:40:15.834+0000] {override.py:1911} INFO - Created Permission View: can delete on DAG Run:example_bash_operator
[2024-12-29T18:40:15.835+0000] {logging_mixin.py:190} INFO - [2024-12-29T18:40:15.835+0000] {dag.py:3239} INFO - Sync 1 DAGs
[2024-12-29T18:40:15.895+0000] {logging_mixin.py:190} INFO - [2024-12-29T18:40:15.894+0000] {dag.py:3262} INFO - Creating ORM DAG for example_bash_operator
[2024-12-29T18:40:15.940+0000] {logging_mixin.py:190} INFO - [2024-12-29T18:40:15.939+0000] {dag.py:4180} INFO - Setting next_dagrun for example_bash_operator to 2024-12-28 00:00:00+00:00, run_after=2024-12-29 00:00:00+00:00
[2024-12-29T18:40:15.990+0000] {processor.py:208} INFO - Processing /home/airflow/.local/lib/python3.12/site-packages/airflow/example_dags/example_bash_operator.py took 1.111 seconds
[2024-12-29T18:40:46.171+0000] {processor.py:186} INFO - Started process (PID=155) to work on /home/airflow/.local/lib/python3.12/site-packages/airflow/example_dags/example_bash_operator.py
[2024-12-29T18:40:46.172+0000] {processor.py:914} INFO - Processing file /home/airflow/.local/lib/python3.12/site-packages/airflow/example_dags/example_bash_operator.py for tasks to queue
[2024-12-29T18:40:46.174+0000] {logging_mixin.py:190} INFO - [2024-12-29T18:40:46.174+0000] {dagbag.py:588} INFO - Filling up the DagBag from /home/airflow/.local/lib/python3.12/site-packages/airflow/example_dags/example_bash_operator.py
[2024-12-29T18:40:46.199+0000] {processor.py:925} INFO - DAG(s) 'example_bash_operator' retrieved from /home/airflow/.local/lib/python3.12/site-packages/airflow/example_dags/example_bash_operator.py
[2024-12-29T18:40:46.234+0000] {logging_mixin.py:190} INFO - [2024-12-29T18:40:46.234+0000] {dag.py:3239} INFO - Sync 1 DAGs
[2024-12-29T18:40:46.259+0000] {logging_mixin.py:190} INFO - [2024-12-29T18:40:46.259+0000] {dag.py:4180} INFO - Setting next_dagrun for example_bash_operator to 2024-12-28 00:00:00+00:00, run_after=2024-12-29 00:00:00+00:00
[2024-12-29T18:40:46.284+0000] {processor.py:208} INFO - Processing /home/airflow/.local/lib/python3.12/site-packages/airflow/example_dags/example_bash_operator.py took 0.120 seconds
[2024-12-29T18:41:16.713+0000] {processor.py:186} INFO - Started process (PID=218) to work on /home/airflow/.local/lib/python3.12/site-packages/airflow/example_dags/example_bash_operator.py
[2024-12-29T18:41:16.715+0000] {processor.py:914} INFO - Processing file /home/airflow/.local/lib/python3.12/site-packages/airflow/example_dags/example_bash_operator.py for tasks to queue
[2024-12-29T18:41:16.720+0000] {logging_mixin.py:190} INFO - [2024-12-29T18:41:16.719+0000] {dagbag.py:588} INFO - Filling up the DagBag from /home/airflow/.local/lib/python3.12/site-packages/airflow/example_dags/example_bash_operator.py
[2024-12-29T18:41:16.744+0000] {processor.py:925} INFO - DAG(s) 'example_bash_operator' retrieved from /home/airflow/.local/lib/python3.12/site-packages/airflow/example_dags/example_bash_operator.py
[2024-12-29T18:41:16.786+0000] {logging_mixin.py:190} INFO - [2024-12-29T18:41:16.786+0000] {dag.py:3239} INFO - Sync 1 DAGs
[2024-12-29T18:41:16.820+0000] {logging_mixin.py:190} INFO - [2024-12-29T18:41:16.820+0000] {dag.py:4180} INFO - Setting next_dagrun for example_bash_operator to 2024-12-28 00:00:00+00:00, run_after=2024-12-29 00:00:00+00:00
[2024-12-29T18:41:16.848+0000] {processor.py:208} INFO - Processing /home/airflow/.local/lib/python3.12/site-packages/airflow/example_dags/example_bash_operator.py took 0.144 seconds
