[2024-12-29T16:48:08.341+0000] {processor.py:186} INFO - Started process (PID=113) to work on /home/airflow/.local/lib/python3.12/site-packages/airflow/example_dags/example_branch_operator_decorator.py
[2024-12-29T16:48:08.359+0000] {processor.py:914} INFO - Processing file /home/airflow/.local/lib/python3.12/site-packages/airflow/example_dags/example_branch_operator_decorator.py for tasks to queue
[2024-12-29T16:48:08.382+0000] {logging_mixin.py:190} INFO - [2024-12-29T16:48:08.380+0000] {dagbag.py:588} INFO - Filling up the DagBag from /home/airflow/.local/lib/python3.12/site-packages/airflow/example_dags/example_branch_operator_decorator.py
[2024-12-29T16:48:08.569+0000] {processor.py:925} INFO - DAG(s) 'example_branch_python_operator_decorator' retrieved from /home/airflow/.local/lib/python3.12/site-packages/airflow/example_dags/example_branch_operator_decorator.py
[2024-12-29T16:48:09.540+0000] {logging_mixin.py:190} INFO - [2024-12-29T16:48:09.528+0000] {override.py:1911} INFO - Created Permission View: can read on DAG:example_branch_python_operator_decorator
[2024-12-29T16:48:09.621+0000] {logging_mixin.py:190} INFO - [2024-12-29T16:48:09.621+0000] {override.py:1911} INFO - Created Permission View: can edit on DAG:example_branch_python_operator_decorator
[2024-12-29T16:48:09.667+0000] {logging_mixin.py:190} INFO - [2024-12-29T16:48:09.666+0000] {override.py:1911} INFO - Created Permission View: can delete on DAG:example_branch_python_operator_decorator
[2024-12-29T16:48:09.712+0000] {logging_mixin.py:190} INFO - [2024-12-29T16:48:09.712+0000] {override.py:1911} INFO - Created Permission View: can read on DAG Run:example_branch_python_operator_decorator
[2024-12-29T16:48:09.766+0000] {logging_mixin.py:190} INFO - [2024-12-29T16:48:09.766+0000] {override.py:1911} INFO - Created Permission View: menu access on DAG Run:example_branch_python_operator_decorator
[2024-12-29T16:48:09.816+0000] {logging_mixin.py:190} INFO - [2024-12-29T16:48:09.815+0000] {override.py:1911} INFO - Created Permission View: can delete on DAG Run:example_branch_python_operator_decorator
[2024-12-29T16:48:09.854+0000] {logging_mixin.py:190} INFO - [2024-12-29T16:48:09.853+0000] {override.py:1911} INFO - Created Permission View: can create on DAG Run:example_branch_python_operator_decorator
[2024-12-29T16:48:09.874+0000] {logging_mixin.py:190} INFO - [2024-12-29T16:48:09.874+0000] {dag.py:3239} INFO - Sync 1 DAGs
[2024-12-29T16:48:09.989+0000] {logging_mixin.py:190} INFO - [2024-12-29T16:48:09.989+0000] {dag.py:3262} INFO - Creating ORM DAG for example_branch_python_operator_decorator
[2024-12-29T16:48:10.038+0000] {logging_mixin.py:190} INFO - [2024-12-29T16:48:10.037+0000] {dag.py:4180} INFO - Setting next_dagrun for example_branch_python_operator_decorator to 2024-12-28 00:00:00+00:00, run_after=2024-12-29 00:00:00+00:00
[2024-12-29T16:48:10.150+0000] {processor.py:208} INFO - Processing /home/airflow/.local/lib/python3.12/site-packages/airflow/example_dags/example_branch_operator_decorator.py took 1.840 seconds
[2024-12-29T16:50:09.751+0000] {processor.py:186} INFO - Started process (PID=195) to work on /home/airflow/.local/lib/python3.12/site-packages/airflow/example_dags/example_branch_operator_decorator.py
[2024-12-29T16:50:09.776+0000] {processor.py:914} INFO - Processing file /home/airflow/.local/lib/python3.12/site-packages/airflow/example_dags/example_branch_operator_decorator.py for tasks to queue
[2024-12-29T16:50:09.790+0000] {logging_mixin.py:190} INFO - [2024-12-29T16:50:09.790+0000] {dagbag.py:588} INFO - Filling up the DagBag from /home/airflow/.local/lib/python3.12/site-packages/airflow/example_dags/example_branch_operator_decorator.py
[2024-12-29T16:50:10.094+0000] {processor.py:925} INFO - DAG(s) 'example_branch_python_operator_decorator' retrieved from /home/airflow/.local/lib/python3.12/site-packages/airflow/example_dags/example_branch_operator_decorator.py
[2024-12-29T16:50:10.309+0000] {logging_mixin.py:190} INFO - [2024-12-29T16:50:10.308+0000] {dag.py:3239} INFO - Sync 1 DAGs
[2024-12-29T16:50:10.522+0000] {logging_mixin.py:190} INFO - [2024-12-29T16:50:10.521+0000] {dag.py:4180} INFO - Setting next_dagrun for example_branch_python_operator_decorator to 2024-12-28 00:00:00+00:00, run_after=2024-12-29 00:00:00+00:00
[2024-12-29T16:50:10.612+0000] {processor.py:208} INFO - Processing /home/airflow/.local/lib/python3.12/site-packages/airflow/example_dags/example_branch_operator_decorator.py took 0.924 seconds
[2024-12-29T18:40:12.598+0000] {processor.py:186} INFO - Started process (PID=88) to work on /home/airflow/.local/lib/python3.12/site-packages/airflow/example_dags/example_branch_operator_decorator.py
[2024-12-29T18:40:12.620+0000] {processor.py:914} INFO - Processing file /home/airflow/.local/lib/python3.12/site-packages/airflow/example_dags/example_branch_operator_decorator.py for tasks to queue
[2024-12-29T18:40:12.626+0000] {logging_mixin.py:190} INFO - [2024-12-29T18:40:12.625+0000] {dagbag.py:588} INFO - Filling up the DagBag from /home/airflow/.local/lib/python3.12/site-packages/airflow/example_dags/example_branch_operator_decorator.py
[2024-12-29T18:40:12.717+0000] {processor.py:925} INFO - DAG(s) 'example_branch_python_operator_decorator' retrieved from /home/airflow/.local/lib/python3.12/site-packages/airflow/example_dags/example_branch_operator_decorator.py
[2024-12-29T18:40:13.278+0000] {logging_mixin.py:190} INFO - [2024-12-29T18:40:13.277+0000] {override.py:1911} INFO - Created Permission View: can read on DAG:example_branch_python_operator_decorator
[2024-12-29T18:40:13.330+0000] {logging_mixin.py:190} INFO - [2024-12-29T18:40:13.330+0000] {override.py:1911} INFO - Created Permission View: can edit on DAG:example_branch_python_operator_decorator
[2024-12-29T18:40:13.356+0000] {logging_mixin.py:190} INFO - [2024-12-29T18:40:13.356+0000] {override.py:1911} INFO - Created Permission View: can delete on DAG:example_branch_python_operator_decorator
[2024-12-29T18:40:13.389+0000] {logging_mixin.py:190} INFO - [2024-12-29T18:40:13.389+0000] {override.py:1911} INFO - Created Permission View: can create on DAG Run:example_branch_python_operator_decorator
[2024-12-29T18:40:13.421+0000] {logging_mixin.py:190} INFO - [2024-12-29T18:40:13.421+0000] {override.py:1911} INFO - Created Permission View: menu access on DAG Run:example_branch_python_operator_decorator
[2024-12-29T18:40:13.450+0000] {logging_mixin.py:190} INFO - [2024-12-29T18:40:13.450+0000] {override.py:1911} INFO - Created Permission View: can read on DAG Run:example_branch_python_operator_decorator
[2024-12-29T18:40:13.473+0000] {logging_mixin.py:190} INFO - [2024-12-29T18:40:13.472+0000] {override.py:1911} INFO - Created Permission View: can delete on DAG Run:example_branch_python_operator_decorator
[2024-12-29T18:40:13.473+0000] {logging_mixin.py:190} INFO - [2024-12-29T18:40:13.473+0000] {dag.py:3239} INFO - Sync 1 DAGs
[2024-12-29T18:40:13.523+0000] {logging_mixin.py:190} INFO - [2024-12-29T18:40:13.523+0000] {dag.py:3262} INFO - Creating ORM DAG for example_branch_python_operator_decorator
[2024-12-29T18:40:13.552+0000] {logging_mixin.py:190} INFO - [2024-12-29T18:40:13.552+0000] {dag.py:4180} INFO - Setting next_dagrun for example_branch_python_operator_decorator to 2024-12-28 00:00:00+00:00, run_after=2024-12-29 00:00:00+00:00
[2024-12-29T18:40:13.677+0000] {processor.py:208} INFO - Processing /home/airflow/.local/lib/python3.12/site-packages/airflow/example_dags/example_branch_operator_decorator.py took 1.088 seconds
[2024-12-29T18:40:43.787+0000] {processor.py:186} INFO - Started process (PID=151) to work on /home/airflow/.local/lib/python3.12/site-packages/airflow/example_dags/example_branch_operator_decorator.py
[2024-12-29T18:40:43.792+0000] {processor.py:914} INFO - Processing file /home/airflow/.local/lib/python3.12/site-packages/airflow/example_dags/example_branch_operator_decorator.py for tasks to queue
[2024-12-29T18:40:43.797+0000] {logging_mixin.py:190} INFO - [2024-12-29T18:40:43.796+0000] {dagbag.py:588} INFO - Filling up the DagBag from /home/airflow/.local/lib/python3.12/site-packages/airflow/example_dags/example_branch_operator_decorator.py
[2024-12-29T18:40:43.843+0000] {processor.py:925} INFO - DAG(s) 'example_branch_python_operator_decorator' retrieved from /home/airflow/.local/lib/python3.12/site-packages/airflow/example_dags/example_branch_operator_decorator.py
[2024-12-29T18:40:43.885+0000] {logging_mixin.py:190} INFO - [2024-12-29T18:40:43.885+0000] {dag.py:3239} INFO - Sync 1 DAGs
[2024-12-29T18:40:43.932+0000] {logging_mixin.py:190} INFO - [2024-12-29T18:40:43.931+0000] {dag.py:4180} INFO - Setting next_dagrun for example_branch_python_operator_decorator to 2024-12-28 00:00:00+00:00, run_after=2024-12-29 00:00:00+00:00
[2024-12-29T18:40:43.984+0000] {processor.py:208} INFO - Processing /home/airflow/.local/lib/python3.12/site-packages/airflow/example_dags/example_branch_operator_decorator.py took 0.208 seconds
[2024-12-29T18:41:14.456+0000] {processor.py:186} INFO - Started process (PID=214) to work on /home/airflow/.local/lib/python3.12/site-packages/airflow/example_dags/example_branch_operator_decorator.py
[2024-12-29T18:41:14.457+0000] {processor.py:914} INFO - Processing file /home/airflow/.local/lib/python3.12/site-packages/airflow/example_dags/example_branch_operator_decorator.py for tasks to queue
[2024-12-29T18:41:14.459+0000] {logging_mixin.py:190} INFO - [2024-12-29T18:41:14.459+0000] {dagbag.py:588} INFO - Filling up the DagBag from /home/airflow/.local/lib/python3.12/site-packages/airflow/example_dags/example_branch_operator_decorator.py
[2024-12-29T18:41:14.479+0000] {processor.py:925} INFO - DAG(s) 'example_branch_python_operator_decorator' retrieved from /home/airflow/.local/lib/python3.12/site-packages/airflow/example_dags/example_branch_operator_decorator.py
[2024-12-29T18:41:14.504+0000] {logging_mixin.py:190} INFO - [2024-12-29T18:41:14.504+0000] {dag.py:3239} INFO - Sync 1 DAGs
[2024-12-29T18:41:14.527+0000] {logging_mixin.py:190} INFO - [2024-12-29T18:41:14.527+0000] {dag.py:4180} INFO - Setting next_dagrun for example_branch_python_operator_decorator to 2024-12-28 00:00:00+00:00, run_after=2024-12-29 00:00:00+00:00
[2024-12-29T18:41:14.555+0000] {processor.py:208} INFO - Processing /home/airflow/.local/lib/python3.12/site-packages/airflow/example_dags/example_branch_operator_decorator.py took 0.104 seconds
