[2024-12-29T16:49:05.483+0000] {processor.py:186} INFO - Started process (PID=152) to work on /home/airflow/.local/lib/python3.12/site-packages/airflow/example_dags/example_complex.py
[2024-12-29T16:49:05.485+0000] {processor.py:914} INFO - Processing file /home/airflow/.local/lib/python3.12/site-packages/airflow/example_dags/example_complex.py for tasks to queue
[2024-12-29T16:49:05.494+0000] {logging_mixin.py:190} INFO - [2024-12-29T16:49:05.494+0000] {dagbag.py:588} INFO - Filling up the DagBag from /home/airflow/.local/lib/python3.12/site-packages/airflow/example_dags/example_complex.py
[2024-12-29T16:49:05.656+0000] {processor.py:925} INFO - DAG(s) 'example_complex' retrieved from /home/airflow/.local/lib/python3.12/site-packages/airflow/example_dags/example_complex.py
[2024-12-29T16:49:07.323+0000] {logging_mixin.py:190} INFO - [2024-12-29T16:49:07.322+0000] {override.py:1911} INFO - Created Permission View: can read on DAG:example_complex
[2024-12-29T16:49:07.499+0000] {logging_mixin.py:190} INFO - [2024-12-29T16:49:07.499+0000] {override.py:1911} INFO - Created Permission View: can edit on DAG:example_complex
[2024-12-29T16:49:07.542+0000] {logging_mixin.py:190} INFO - [2024-12-29T16:49:07.542+0000] {override.py:1911} INFO - Created Permission View: can delete on DAG:example_complex
[2024-12-29T16:49:07.673+0000] {logging_mixin.py:190} INFO - [2024-12-29T16:49:07.672+0000] {override.py:1911} INFO - Created Permission View: can read on DAG Run:example_complex
[2024-12-29T16:49:07.834+0000] {logging_mixin.py:190} INFO - [2024-12-29T16:49:07.833+0000] {override.py:1911} INFO - Created Permission View: menu access on DAG Run:example_complex
[2024-12-29T16:49:07.900+0000] {logging_mixin.py:190} INFO - [2024-12-29T16:49:07.899+0000] {override.py:1911} INFO - Created Permission View: can delete on DAG Run:example_complex
[2024-12-29T16:49:08.020+0000] {logging_mixin.py:190} INFO - [2024-12-29T16:49:08.020+0000] {override.py:1911} INFO - Created Permission View: can create on DAG Run:example_complex
[2024-12-29T16:49:08.022+0000] {logging_mixin.py:190} INFO - [2024-12-29T16:49:08.022+0000] {dag.py:3239} INFO - Sync 1 DAGs
[2024-12-29T16:49:08.180+0000] {logging_mixin.py:190} INFO - [2024-12-29T16:49:08.180+0000] {dag.py:3262} INFO - Creating ORM DAG for example_complex
[2024-12-29T16:49:08.234+0000] {logging_mixin.py:190} INFO - [2024-12-29T16:49:08.234+0000] {dag.py:4180} INFO - Setting next_dagrun for example_complex to None, run_after=None
[2024-12-29T16:49:08.555+0000] {processor.py:208} INFO - Processing /home/airflow/.local/lib/python3.12/site-packages/airflow/example_dags/example_complex.py took 3.132 seconds
[2024-12-29T18:40:24.450+0000] {processor.py:186} INFO - Started process (PID=115) to work on /home/airflow/.local/lib/python3.12/site-packages/airflow/example_dags/example_complex.py
[2024-12-29T18:40:24.455+0000] {processor.py:914} INFO - Processing file /home/airflow/.local/lib/python3.12/site-packages/airflow/example_dags/example_complex.py for tasks to queue
[2024-12-29T18:40:24.458+0000] {logging_mixin.py:190} INFO - [2024-12-29T18:40:24.458+0000] {dagbag.py:588} INFO - Filling up the DagBag from /home/airflow/.local/lib/python3.12/site-packages/airflow/example_dags/example_complex.py
[2024-12-29T18:40:24.492+0000] {processor.py:925} INFO - DAG(s) 'example_complex' retrieved from /home/airflow/.local/lib/python3.12/site-packages/airflow/example_dags/example_complex.py
[2024-12-29T18:40:24.670+0000] {logging_mixin.py:190} INFO - [2024-12-29T18:40:24.668+0000] {override.py:1911} INFO - Created Permission View: can read on DAG:example_complex
[2024-12-29T18:40:24.685+0000] {logging_mixin.py:190} INFO - [2024-12-29T18:40:24.684+0000] {override.py:1911} INFO - Created Permission View: can edit on DAG:example_complex
[2024-12-29T18:40:24.691+0000] {logging_mixin.py:190} INFO - [2024-12-29T18:40:24.691+0000] {override.py:1911} INFO - Created Permission View: can delete on DAG:example_complex
[2024-12-29T18:40:24.944+0000] {logging_mixin.py:190} INFO - [2024-12-29T18:40:24.944+0000] {override.py:1911} INFO - Created Permission View: can create on DAG Run:example_complex
[2024-12-29T18:40:25.039+0000] {logging_mixin.py:190} INFO - [2024-12-29T18:40:25.039+0000] {override.py:1911} INFO - Created Permission View: menu access on DAG Run:example_complex
[2024-12-29T18:40:25.298+0000] {logging_mixin.py:190} INFO - [2024-12-29T18:40:25.295+0000] {override.py:1911} INFO - Created Permission View: can read on DAG Run:example_complex
[2024-12-29T18:40:25.424+0000] {logging_mixin.py:190} INFO - [2024-12-29T18:40:25.424+0000] {override.py:1911} INFO - Created Permission View: can delete on DAG Run:example_complex
[2024-12-29T18:40:25.425+0000] {logging_mixin.py:190} INFO - [2024-12-29T18:40:25.425+0000] {dag.py:3239} INFO - Sync 1 DAGs
[2024-12-29T18:40:25.447+0000] {logging_mixin.py:190} INFO - [2024-12-29T18:40:25.447+0000] {dag.py:3262} INFO - Creating ORM DAG for example_complex
[2024-12-29T18:40:25.448+0000] {logging_mixin.py:190} INFO - [2024-12-29T18:40:25.448+0000] {dag.py:4180} INFO - Setting next_dagrun for example_complex to None, run_after=None
[2024-12-29T18:40:25.479+0000] {processor.py:208} INFO - Processing /home/airflow/.local/lib/python3.12/site-packages/airflow/example_dags/example_complex.py took 1.036 seconds
[2024-12-29T18:40:55.628+0000] {processor.py:186} INFO - Started process (PID=178) to work on /home/airflow/.local/lib/python3.12/site-packages/airflow/example_dags/example_complex.py
[2024-12-29T18:40:55.629+0000] {processor.py:914} INFO - Processing file /home/airflow/.local/lib/python3.12/site-packages/airflow/example_dags/example_complex.py for tasks to queue
[2024-12-29T18:40:55.633+0000] {logging_mixin.py:190} INFO - [2024-12-29T18:40:55.632+0000] {dagbag.py:588} INFO - Filling up the DagBag from /home/airflow/.local/lib/python3.12/site-packages/airflow/example_dags/example_complex.py
[2024-12-29T18:40:55.649+0000] {processor.py:925} INFO - DAG(s) 'example_complex' retrieved from /home/airflow/.local/lib/python3.12/site-packages/airflow/example_dags/example_complex.py
[2024-12-29T18:40:55.696+0000] {logging_mixin.py:190} INFO - [2024-12-29T18:40:55.696+0000] {dag.py:3239} INFO - Sync 1 DAGs
[2024-12-29T18:40:55.717+0000] {logging_mixin.py:190} INFO - [2024-12-29T18:40:55.716+0000] {dag.py:4180} INFO - Setting next_dagrun for example_complex to None, run_after=None
[2024-12-29T18:40:55.740+0000] {processor.py:208} INFO - Processing /home/airflow/.local/lib/python3.12/site-packages/airflow/example_dags/example_complex.py took 0.120 seconds
