[2024-12-29T16:48:05.024+0000] {processor.py:186} INFO - Started process (PID=110) to work on /home/airflow/.local/lib/python3.12/site-packages/airflow/example_dags/example_short_circuit_operator.py
[2024-12-29T16:48:05.036+0000] {processor.py:914} INFO - Processing file /home/airflow/.local/lib/python3.12/site-packages/airflow/example_dags/example_short_circuit_operator.py for tasks to queue
[2024-12-29T16:48:05.048+0000] {logging_mixin.py:190} INFO - [2024-12-29T16:48:05.047+0000] {dagbag.py:588} INFO - Filling up the DagBag from /home/airflow/.local/lib/python3.12/site-packages/airflow/example_dags/example_short_circuit_operator.py
[2024-12-29T16:48:05.073+0000] {processor.py:925} INFO - DAG(s) 'example_short_circuit_operator' retrieved from /home/airflow/.local/lib/python3.12/site-packages/airflow/example_dags/example_short_circuit_operator.py
[2024-12-29T16:48:05.622+0000] {logging_mixin.py:190} INFO - [2024-12-29T16:48:05.621+0000] {override.py:1911} INFO - Created Permission View: can read on DAG:example_short_circuit_operator
[2024-12-29T16:48:05.669+0000] {logging_mixin.py:190} INFO - [2024-12-29T16:48:05.668+0000] {override.py:1911} INFO - Created Permission View: can edit on DAG:example_short_circuit_operator
[2024-12-29T16:48:05.704+0000] {logging_mixin.py:190} INFO - [2024-12-29T16:48:05.704+0000] {override.py:1911} INFO - Created Permission View: can delete on DAG:example_short_circuit_operator
[2024-12-29T16:48:05.725+0000] {logging_mixin.py:190} INFO - [2024-12-29T16:48:05.724+0000] {override.py:1911} INFO - Created Permission View: can read on DAG Run:example_short_circuit_operator
[2024-12-29T16:48:05.746+0000] {logging_mixin.py:190} INFO - [2024-12-29T16:48:05.746+0000] {override.py:1911} INFO - Created Permission View: menu access on DAG Run:example_short_circuit_operator
[2024-12-29T16:48:05.803+0000] {logging_mixin.py:190} INFO - [2024-12-29T16:48:05.802+0000] {override.py:1911} INFO - Created Permission View: can delete on DAG Run:example_short_circuit_operator
[2024-12-29T16:48:05.866+0000] {logging_mixin.py:190} INFO - [2024-12-29T16:48:05.844+0000] {override.py:1911} INFO - Created Permission View: can create on DAG Run:example_short_circuit_operator
[2024-12-29T16:48:05.867+0000] {logging_mixin.py:190} INFO - [2024-12-29T16:48:05.867+0000] {dag.py:3239} INFO - Sync 1 DAGs
[2024-12-29T16:48:05.993+0000] {logging_mixin.py:190} INFO - [2024-12-29T16:48:05.993+0000] {dag.py:3262} INFO - Creating ORM DAG for example_short_circuit_operator
[2024-12-29T16:48:06.015+0000] {logging_mixin.py:190} INFO - [2024-12-29T16:48:06.014+0000] {dag.py:4180} INFO - Setting next_dagrun for example_short_circuit_operator to None, run_after=None
[2024-12-29T16:48:06.188+0000] {processor.py:208} INFO - Processing /home/airflow/.local/lib/python3.12/site-packages/airflow/example_dags/example_short_circuit_operator.py took 1.176 seconds
[2024-12-29T16:50:08.229+0000] {processor.py:186} INFO - Started process (PID=192) to work on /home/airflow/.local/lib/python3.12/site-packages/airflow/example_dags/example_short_circuit_operator.py
[2024-12-29T16:50:08.238+0000] {processor.py:914} INFO - Processing file /home/airflow/.local/lib/python3.12/site-packages/airflow/example_dags/example_short_circuit_operator.py for tasks to queue
[2024-12-29T16:50:08.246+0000] {logging_mixin.py:190} INFO - [2024-12-29T16:50:08.246+0000] {dagbag.py:588} INFO - Filling up the DagBag from /home/airflow/.local/lib/python3.12/site-packages/airflow/example_dags/example_short_circuit_operator.py
[2024-12-29T16:50:08.310+0000] {processor.py:925} INFO - DAG(s) 'example_short_circuit_operator' retrieved from /home/airflow/.local/lib/python3.12/site-packages/airflow/example_dags/example_short_circuit_operator.py
[2024-12-29T16:50:08.509+0000] {logging_mixin.py:190} INFO - [2024-12-29T16:50:08.508+0000] {dag.py:3239} INFO - Sync 1 DAGs
[2024-12-29T16:50:08.612+0000] {logging_mixin.py:190} INFO - [2024-12-29T16:50:08.612+0000] {dag.py:4180} INFO - Setting next_dagrun for example_short_circuit_operator to None, run_after=None
[2024-12-29T16:50:08.795+0000] {processor.py:208} INFO - Processing /home/airflow/.local/lib/python3.12/site-packages/airflow/example_dags/example_short_circuit_operator.py took 0.611 seconds
[2024-12-29T18:40:11.104+0000] {processor.py:186} INFO - Started process (PID=85) to work on /home/airflow/.local/lib/python3.12/site-packages/airflow/example_dags/example_short_circuit_operator.py
[2024-12-29T18:40:11.113+0000] {processor.py:914} INFO - Processing file /home/airflow/.local/lib/python3.12/site-packages/airflow/example_dags/example_short_circuit_operator.py for tasks to queue
[2024-12-29T18:40:11.122+0000] {logging_mixin.py:190} INFO - [2024-12-29T18:40:11.116+0000] {dagbag.py:588} INFO - Filling up the DagBag from /home/airflow/.local/lib/python3.12/site-packages/airflow/example_dags/example_short_circuit_operator.py
[2024-12-29T18:40:11.161+0000] {processor.py:925} INFO - DAG(s) 'example_short_circuit_operator' retrieved from /home/airflow/.local/lib/python3.12/site-packages/airflow/example_dags/example_short_circuit_operator.py
[2024-12-29T18:40:11.753+0000] {logging_mixin.py:190} INFO - [2024-12-29T18:40:11.752+0000] {override.py:1911} INFO - Created Permission View: can read on DAG:example_short_circuit_operator
[2024-12-29T18:40:11.798+0000] {logging_mixin.py:190} INFO - [2024-12-29T18:40:11.798+0000] {override.py:1911} INFO - Created Permission View: can edit on DAG:example_short_circuit_operator
[2024-12-29T18:40:11.811+0000] {logging_mixin.py:190} INFO - [2024-12-29T18:40:11.811+0000] {override.py:1911} INFO - Created Permission View: can delete on DAG:example_short_circuit_operator
[2024-12-29T18:40:11.852+0000] {logging_mixin.py:190} INFO - [2024-12-29T18:40:11.852+0000] {override.py:1911} INFO - Created Permission View: can create on DAG Run:example_short_circuit_operator
[2024-12-29T18:40:11.873+0000] {logging_mixin.py:190} INFO - [2024-12-29T18:40:11.872+0000] {override.py:1911} INFO - Created Permission View: menu access on DAG Run:example_short_circuit_operator
[2024-12-29T18:40:11.884+0000] {logging_mixin.py:190} INFO - [2024-12-29T18:40:11.884+0000] {override.py:1911} INFO - Created Permission View: can read on DAG Run:example_short_circuit_operator
[2024-12-29T18:40:11.910+0000] {logging_mixin.py:190} INFO - [2024-12-29T18:40:11.909+0000] {override.py:1911} INFO - Created Permission View: can delete on DAG Run:example_short_circuit_operator
[2024-12-29T18:40:11.910+0000] {logging_mixin.py:190} INFO - [2024-12-29T18:40:11.910+0000] {dag.py:3239} INFO - Sync 1 DAGs
[2024-12-29T18:40:11.958+0000] {logging_mixin.py:190} INFO - [2024-12-29T18:40:11.958+0000] {dag.py:3262} INFO - Creating ORM DAG for example_short_circuit_operator
[2024-12-29T18:40:11.959+0000] {logging_mixin.py:190} INFO - [2024-12-29T18:40:11.959+0000] {dag.py:4180} INFO - Setting next_dagrun for example_short_circuit_operator to None, run_after=None
[2024-12-29T18:40:12.027+0000] {processor.py:208} INFO - Processing /home/airflow/.local/lib/python3.12/site-packages/airflow/example_dags/example_short_circuit_operator.py took 0.935 seconds
[2024-12-29T18:40:42.631+0000] {processor.py:186} INFO - Started process (PID=148) to work on /home/airflow/.local/lib/python3.12/site-packages/airflow/example_dags/example_short_circuit_operator.py
[2024-12-29T18:40:42.632+0000] {processor.py:914} INFO - Processing file /home/airflow/.local/lib/python3.12/site-packages/airflow/example_dags/example_short_circuit_operator.py for tasks to queue
[2024-12-29T18:40:42.634+0000] {logging_mixin.py:190} INFO - [2024-12-29T18:40:42.634+0000] {dagbag.py:588} INFO - Filling up the DagBag from /home/airflow/.local/lib/python3.12/site-packages/airflow/example_dags/example_short_circuit_operator.py
[2024-12-29T18:40:42.643+0000] {processor.py:925} INFO - DAG(s) 'example_short_circuit_operator' retrieved from /home/airflow/.local/lib/python3.12/site-packages/airflow/example_dags/example_short_circuit_operator.py
[2024-12-29T18:40:42.668+0000] {logging_mixin.py:190} INFO - [2024-12-29T18:40:42.668+0000] {dag.py:3239} INFO - Sync 1 DAGs
[2024-12-29T18:40:42.684+0000] {logging_mixin.py:190} INFO - [2024-12-29T18:40:42.684+0000] {dag.py:4180} INFO - Setting next_dagrun for example_short_circuit_operator to None, run_after=None
[2024-12-29T18:40:42.713+0000] {processor.py:208} INFO - Processing /home/airflow/.local/lib/python3.12/site-packages/airflow/example_dags/example_short_circuit_operator.py took 0.087 seconds
[2024-12-29T18:41:13.196+0000] {processor.py:186} INFO - Started process (PID=211) to work on /home/airflow/.local/lib/python3.12/site-packages/airflow/example_dags/example_short_circuit_operator.py
[2024-12-29T18:41:13.197+0000] {processor.py:914} INFO - Processing file /home/airflow/.local/lib/python3.12/site-packages/airflow/example_dags/example_short_circuit_operator.py for tasks to queue
[2024-12-29T18:41:13.199+0000] {logging_mixin.py:190} INFO - [2024-12-29T18:41:13.198+0000] {dagbag.py:588} INFO - Filling up the DagBag from /home/airflow/.local/lib/python3.12/site-packages/airflow/example_dags/example_short_circuit_operator.py
[2024-12-29T18:41:13.208+0000] {processor.py:925} INFO - DAG(s) 'example_short_circuit_operator' retrieved from /home/airflow/.local/lib/python3.12/site-packages/airflow/example_dags/example_short_circuit_operator.py
[2024-12-29T18:41:13.231+0000] {logging_mixin.py:190} INFO - [2024-12-29T18:41:13.231+0000] {dag.py:3239} INFO - Sync 1 DAGs
[2024-12-29T18:41:13.250+0000] {logging_mixin.py:190} INFO - [2024-12-29T18:41:13.250+0000] {dag.py:4180} INFO - Setting next_dagrun for example_short_circuit_operator to None, run_after=None
[2024-12-29T18:41:13.278+0000] {processor.py:208} INFO - Processing /home/airflow/.local/lib/python3.12/site-packages/airflow/example_dags/example_short_circuit_operator.py took 0.088 seconds
