[2024-12-29T16:49:08.897+0000] {processor.py:186} INFO - Started process (PID=154) to work on /home/airflow/.local/lib/python3.12/site-packages/airflow/example_dags/example_bash_decorator.py
[2024-12-29T16:49:08.913+0000] {processor.py:914} INFO - Processing file /home/airflow/.local/lib/python3.12/site-packages/airflow/example_dags/example_bash_decorator.py for tasks to queue
[2024-12-29T16:49:08.924+0000] {logging_mixin.py:190} INFO - [2024-12-29T16:49:08.920+0000] {dagbag.py:588} INFO - Filling up the DagBag from /home/airflow/.local/lib/python3.12/site-packages/airflow/example_dags/example_bash_decorator.py
[2024-12-29T16:49:09.207+0000] {processor.py:925} INFO - DAG(s) 'example_bash_decorator' retrieved from /home/airflow/.local/lib/python3.12/site-packages/airflow/example_dags/example_bash_decorator.py
[2024-12-29T16:49:11.355+0000] {logging_mixin.py:190} INFO - [2024-12-29T16:49:11.354+0000] {override.py:1911} INFO - Created Permission View: can read on DAG:example_bash_decorator
[2024-12-29T16:49:11.493+0000] {logging_mixin.py:190} INFO - [2024-12-29T16:49:11.492+0000] {override.py:1911} INFO - Created Permission View: can edit on DAG:example_bash_decorator
[2024-12-29T16:49:11.575+0000] {logging_mixin.py:190} INFO - [2024-12-29T16:49:11.575+0000] {override.py:1911} INFO - Created Permission View: can delete on DAG:example_bash_decorator
[2024-12-29T16:49:11.673+0000] {logging_mixin.py:190} INFO - [2024-12-29T16:49:11.672+0000] {override.py:1911} INFO - Created Permission View: can read on DAG Run:example_bash_decorator
[2024-12-29T16:49:11.777+0000] {logging_mixin.py:190} INFO - [2024-12-29T16:49:11.776+0000] {override.py:1911} INFO - Created Permission View: menu access on DAG Run:example_bash_decorator
[2024-12-29T16:49:11.844+0000] {logging_mixin.py:190} INFO - [2024-12-29T16:49:11.843+0000] {override.py:1911} INFO - Created Permission View: can delete on DAG Run:example_bash_decorator
[2024-12-29T16:49:11.922+0000] {logging_mixin.py:190} INFO - [2024-12-29T16:49:11.918+0000] {override.py:1911} INFO - Created Permission View: can create on DAG Run:example_bash_decorator
[2024-12-29T16:49:11.924+0000] {logging_mixin.py:190} INFO - [2024-12-29T16:49:11.924+0000] {dag.py:3239} INFO - Sync 1 DAGs
[2024-12-29T16:49:12.008+0000] {logging_mixin.py:190} INFO - [2024-12-29T16:49:12.007+0000] {dag.py:3262} INFO - Creating ORM DAG for example_bash_decorator
[2024-12-29T16:49:12.025+0000] {logging_mixin.py:190} INFO - [2024-12-29T16:49:12.025+0000] {dag.py:4180} INFO - Setting next_dagrun for example_bash_decorator to None, run_after=None
[2024-12-29T16:49:12.218+0000] {processor.py:208} INFO - Processing /home/airflow/.local/lib/python3.12/site-packages/airflow/example_dags/example_bash_decorator.py took 3.403 seconds
[2024-12-29T18:40:25.510+0000] {processor.py:186} INFO - Started process (PID=117) to work on /home/airflow/.local/lib/python3.12/site-packages/airflow/example_dags/example_bash_decorator.py
[2024-12-29T18:40:25.512+0000] {processor.py:914} INFO - Processing file /home/airflow/.local/lib/python3.12/site-packages/airflow/example_dags/example_bash_decorator.py for tasks to queue
[2024-12-29T18:40:25.514+0000] {logging_mixin.py:190} INFO - [2024-12-29T18:40:25.514+0000] {dagbag.py:588} INFO - Filling up the DagBag from /home/airflow/.local/lib/python3.12/site-packages/airflow/example_dags/example_bash_decorator.py
[2024-12-29T18:40:25.532+0000] {processor.py:925} INFO - DAG(s) 'example_bash_decorator' retrieved from /home/airflow/.local/lib/python3.12/site-packages/airflow/example_dags/example_bash_decorator.py
[2024-12-29T18:40:25.665+0000] {logging_mixin.py:190} INFO - [2024-12-29T18:40:25.664+0000] {override.py:1911} INFO - Created Permission View: can read on DAG:example_bash_decorator
[2024-12-29T18:40:25.690+0000] {logging_mixin.py:190} INFO - [2024-12-29T18:40:25.689+0000] {override.py:1911} INFO - Created Permission View: can edit on DAG:example_bash_decorator
[2024-12-29T18:40:25.698+0000] {logging_mixin.py:190} INFO - [2024-12-29T18:40:25.698+0000] {override.py:1911} INFO - Created Permission View: can delete on DAG:example_bash_decorator
[2024-12-29T18:40:25.705+0000] {logging_mixin.py:190} INFO - [2024-12-29T18:40:25.704+0000] {override.py:1911} INFO - Created Permission View: can create on DAG Run:example_bash_decorator
[2024-12-29T18:40:25.712+0000] {logging_mixin.py:190} INFO - [2024-12-29T18:40:25.711+0000] {override.py:1911} INFO - Created Permission View: menu access on DAG Run:example_bash_decorator
[2024-12-29T18:40:25.722+0000] {logging_mixin.py:190} INFO - [2024-12-29T18:40:25.721+0000] {override.py:1911} INFO - Created Permission View: can read on DAG Run:example_bash_decorator
[2024-12-29T18:40:25.735+0000] {logging_mixin.py:190} INFO - [2024-12-29T18:40:25.735+0000] {override.py:1911} INFO - Created Permission View: can delete on DAG Run:example_bash_decorator
[2024-12-29T18:40:25.736+0000] {logging_mixin.py:190} INFO - [2024-12-29T18:40:25.736+0000] {dag.py:3239} INFO - Sync 1 DAGs
[2024-12-29T18:40:25.762+0000] {logging_mixin.py:190} INFO - [2024-12-29T18:40:25.762+0000] {dag.py:3262} INFO - Creating ORM DAG for example_bash_decorator
[2024-12-29T18:40:25.763+0000] {logging_mixin.py:190} INFO - [2024-12-29T18:40:25.763+0000] {dag.py:4180} INFO - Setting next_dagrun for example_bash_decorator to None, run_after=None
[2024-12-29T18:40:25.807+0000] {processor.py:208} INFO - Processing /home/airflow/.local/lib/python3.12/site-packages/airflow/example_dags/example_bash_decorator.py took 0.302 seconds
[2024-12-29T18:40:55.928+0000] {processor.py:186} INFO - Started process (PID=180) to work on /home/airflow/.local/lib/python3.12/site-packages/airflow/example_dags/example_bash_decorator.py
[2024-12-29T18:40:55.929+0000] {processor.py:914} INFO - Processing file /home/airflow/.local/lib/python3.12/site-packages/airflow/example_dags/example_bash_decorator.py for tasks to queue
[2024-12-29T18:40:55.933+0000] {logging_mixin.py:190} INFO - [2024-12-29T18:40:55.933+0000] {dagbag.py:588} INFO - Filling up the DagBag from /home/airflow/.local/lib/python3.12/site-packages/airflow/example_dags/example_bash_decorator.py
[2024-12-29T18:40:55.957+0000] {processor.py:925} INFO - DAG(s) 'example_bash_decorator' retrieved from /home/airflow/.local/lib/python3.12/site-packages/airflow/example_dags/example_bash_decorator.py
[2024-12-29T18:40:55.984+0000] {logging_mixin.py:190} INFO - [2024-12-29T18:40:55.983+0000] {dag.py:3239} INFO - Sync 1 DAGs
[2024-12-29T18:40:56.003+0000] {logging_mixin.py:190} INFO - [2024-12-29T18:40:56.003+0000] {dag.py:4180} INFO - Setting next_dagrun for example_bash_decorator to None, run_after=None
[2024-12-29T18:40:56.026+0000] {processor.py:208} INFO - Processing /home/airflow/.local/lib/python3.12/site-packages/airflow/example_dags/example_bash_decorator.py took 0.108 seconds
