[2024-12-29T16:48:22.031+0000] {processor.py:186} INFO - Started process (PID=125) to work on /home/airflow/.local/lib/python3.12/site-packages/airflow/example_dags/example_short_circuit_decorator.py
[2024-12-29T16:48:22.038+0000] {processor.py:914} INFO - Processing file /home/airflow/.local/lib/python3.12/site-packages/airflow/example_dags/example_short_circuit_decorator.py for tasks to queue
[2024-12-29T16:48:22.066+0000] {logging_mixin.py:190} INFO - [2024-12-29T16:48:22.065+0000] {dagbag.py:588} INFO - Filling up the DagBag from /home/airflow/.local/lib/python3.12/site-packages/airflow/example_dags/example_short_circuit_decorator.py
[2024-12-29T16:48:22.331+0000] {processor.py:925} INFO - DAG(s) 'example_short_circuit_decorator' retrieved from /home/airflow/.local/lib/python3.12/site-packages/airflow/example_dags/example_short_circuit_decorator.py
[2024-12-29T16:48:24.683+0000] {logging_mixin.py:190} INFO - [2024-12-29T16:48:24.682+0000] {override.py:1911} INFO - Created Permission View: can read on DAG:example_short_circuit_decorator
[2024-12-29T16:48:24.906+0000] {logging_mixin.py:190} INFO - [2024-12-29T16:48:24.905+0000] {override.py:1911} INFO - Created Permission View: can edit on DAG:example_short_circuit_decorator
[2024-12-29T16:48:24.979+0000] {logging_mixin.py:190} INFO - [2024-12-29T16:48:24.978+0000] {override.py:1911} INFO - Created Permission View: can delete on DAG:example_short_circuit_decorator
[2024-12-29T16:48:25.022+0000] {logging_mixin.py:190} INFO - [2024-12-29T16:48:25.022+0000] {override.py:1911} INFO - Created Permission View: can read on DAG Run:example_short_circuit_decorator
[2024-12-29T16:48:25.125+0000] {logging_mixin.py:190} INFO - [2024-12-29T16:48:25.124+0000] {override.py:1911} INFO - Created Permission View: menu access on DAG Run:example_short_circuit_decorator
[2024-12-29T16:48:25.179+0000] {logging_mixin.py:190} INFO - [2024-12-29T16:48:25.178+0000] {override.py:1911} INFO - Created Permission View: can delete on DAG Run:example_short_circuit_decorator
[2024-12-29T16:48:25.232+0000] {logging_mixin.py:190} INFO - [2024-12-29T16:48:25.232+0000] {override.py:1911} INFO - Created Permission View: can create on DAG Run:example_short_circuit_decorator
[2024-12-29T16:48:25.233+0000] {logging_mixin.py:190} INFO - [2024-12-29T16:48:25.233+0000] {dag.py:3239} INFO - Sync 1 DAGs
[2024-12-29T16:48:25.397+0000] {logging_mixin.py:190} INFO - [2024-12-29T16:48:25.397+0000] {dag.py:3262} INFO - Creating ORM DAG for example_short_circuit_decorator
[2024-12-29T16:48:25.427+0000] {logging_mixin.py:190} INFO - [2024-12-29T16:48:25.426+0000] {dag.py:4180} INFO - Setting next_dagrun for example_short_circuit_decorator to None, run_after=None
[2024-12-29T16:48:25.629+0000] {processor.py:208} INFO - Processing /home/airflow/.local/lib/python3.12/site-packages/airflow/example_dags/example_short_circuit_decorator.py took 3.637 seconds
[2024-12-29T16:50:19.482+0000] {processor.py:186} INFO - Started process (PID=207) to work on /home/airflow/.local/lib/python3.12/site-packages/airflow/example_dags/example_short_circuit_decorator.py
[2024-12-29T16:50:19.519+0000] {processor.py:914} INFO - Processing file /home/airflow/.local/lib/python3.12/site-packages/airflow/example_dags/example_short_circuit_decorator.py for tasks to queue
[2024-12-29T16:50:19.654+0000] {logging_mixin.py:190} INFO - [2024-12-29T16:50:19.647+0000] {dagbag.py:588} INFO - Filling up the DagBag from /home/airflow/.local/lib/python3.12/site-packages/airflow/example_dags/example_short_circuit_decorator.py
[2024-12-29T16:50:20.075+0000] {processor.py:925} INFO - DAG(s) 'example_short_circuit_decorator' retrieved from /home/airflow/.local/lib/python3.12/site-packages/airflow/example_dags/example_short_circuit_decorator.py
[2024-12-29T16:50:23.351+0000] {logging_mixin.py:190} INFO - [2024-12-29T16:50:23.350+0000] {dag.py:3239} INFO - Sync 1 DAGs
[2024-12-29T16:50:24.319+0000] {logging_mixin.py:190} INFO - [2024-12-29T16:50:24.319+0000] {dag.py:4180} INFO - Setting next_dagrun for example_short_circuit_decorator to None, run_after=None
[2024-12-29T16:50:28.297+0000] {processor.py:208} INFO - Processing /home/airflow/.local/lib/python3.12/site-packages/airflow/example_dags/example_short_circuit_decorator.py took 8.935 seconds
[2024-12-29T18:40:18.920+0000] {processor.py:186} INFO - Started process (PID=100) to work on /home/airflow/.local/lib/python3.12/site-packages/airflow/example_dags/example_short_circuit_decorator.py
[2024-12-29T18:40:18.934+0000] {processor.py:914} INFO - Processing file /home/airflow/.local/lib/python3.12/site-packages/airflow/example_dags/example_short_circuit_decorator.py for tasks to queue
[2024-12-29T18:40:18.947+0000] {logging_mixin.py:190} INFO - [2024-12-29T18:40:18.946+0000] {dagbag.py:588} INFO - Filling up the DagBag from /home/airflow/.local/lib/python3.12/site-packages/airflow/example_dags/example_short_circuit_decorator.py
[2024-12-29T18:40:18.973+0000] {processor.py:925} INFO - DAG(s) 'example_short_circuit_decorator' retrieved from /home/airflow/.local/lib/python3.12/site-packages/airflow/example_dags/example_short_circuit_decorator.py
[2024-12-29T18:40:19.201+0000] {logging_mixin.py:190} INFO - [2024-12-29T18:40:19.200+0000] {override.py:1911} INFO - Created Permission View: can read on DAG:example_short_circuit_decorator
[2024-12-29T18:40:19.234+0000] {logging_mixin.py:190} INFO - [2024-12-29T18:40:19.233+0000] {override.py:1911} INFO - Created Permission View: can edit on DAG:example_short_circuit_decorator
[2024-12-29T18:40:19.240+0000] {logging_mixin.py:190} INFO - [2024-12-29T18:40:19.240+0000] {override.py:1911} INFO - Created Permission View: can delete on DAG:example_short_circuit_decorator
[2024-12-29T18:40:19.250+0000] {logging_mixin.py:190} INFO - [2024-12-29T18:40:19.250+0000] {override.py:1911} INFO - Created Permission View: can create on DAG Run:example_short_circuit_decorator
[2024-12-29T18:40:19.257+0000] {logging_mixin.py:190} INFO - [2024-12-29T18:40:19.257+0000] {override.py:1911} INFO - Created Permission View: menu access on DAG Run:example_short_circuit_decorator
[2024-12-29T18:40:19.263+0000] {logging_mixin.py:190} INFO - [2024-12-29T18:40:19.262+0000] {override.py:1911} INFO - Created Permission View: can read on DAG Run:example_short_circuit_decorator
[2024-12-29T18:40:19.269+0000] {logging_mixin.py:190} INFO - [2024-12-29T18:40:19.268+0000] {override.py:1911} INFO - Created Permission View: can delete on DAG Run:example_short_circuit_decorator
[2024-12-29T18:40:19.269+0000] {logging_mixin.py:190} INFO - [2024-12-29T18:40:19.269+0000] {dag.py:3239} INFO - Sync 1 DAGs
[2024-12-29T18:40:19.283+0000] {logging_mixin.py:190} INFO - [2024-12-29T18:40:19.282+0000] {dag.py:3262} INFO - Creating ORM DAG for example_short_circuit_decorator
[2024-12-29T18:40:19.283+0000] {logging_mixin.py:190} INFO - [2024-12-29T18:40:19.283+0000] {dag.py:4180} INFO - Setting next_dagrun for example_short_circuit_decorator to None, run_after=None
[2024-12-29T18:40:19.299+0000] {processor.py:208} INFO - Processing /home/airflow/.local/lib/python3.12/site-packages/airflow/example_dags/example_short_circuit_decorator.py took 0.395 seconds
[2024-12-29T18:40:49.349+0000] {processor.py:186} INFO - Started process (PID=163) to work on /home/airflow/.local/lib/python3.12/site-packages/airflow/example_dags/example_short_circuit_decorator.py
[2024-12-29T18:40:49.354+0000] {processor.py:914} INFO - Processing file /home/airflow/.local/lib/python3.12/site-packages/airflow/example_dags/example_short_circuit_decorator.py for tasks to queue
[2024-12-29T18:40:49.357+0000] {logging_mixin.py:190} INFO - [2024-12-29T18:40:49.357+0000] {dagbag.py:588} INFO - Filling up the DagBag from /home/airflow/.local/lib/python3.12/site-packages/airflow/example_dags/example_short_circuit_decorator.py
[2024-12-29T18:40:49.375+0000] {processor.py:925} INFO - DAG(s) 'example_short_circuit_decorator' retrieved from /home/airflow/.local/lib/python3.12/site-packages/airflow/example_dags/example_short_circuit_decorator.py
[2024-12-29T18:40:49.400+0000] {logging_mixin.py:190} INFO - [2024-12-29T18:40:49.400+0000] {dag.py:3239} INFO - Sync 1 DAGs
[2024-12-29T18:40:49.417+0000] {logging_mixin.py:190} INFO - [2024-12-29T18:40:49.417+0000] {dag.py:4180} INFO - Setting next_dagrun for example_short_circuit_decorator to None, run_after=None
[2024-12-29T18:40:49.460+0000] {processor.py:208} INFO - Processing /home/airflow/.local/lib/python3.12/site-packages/airflow/example_dags/example_short_circuit_decorator.py took 0.117 seconds
[2024-12-29T18:41:20.119+0000] {processor.py:186} INFO - Started process (PID=226) to work on /home/airflow/.local/lib/python3.12/site-packages/airflow/example_dags/example_short_circuit_decorator.py
[2024-12-29T18:41:20.120+0000] {processor.py:914} INFO - Processing file /home/airflow/.local/lib/python3.12/site-packages/airflow/example_dags/example_short_circuit_decorator.py for tasks to queue
[2024-12-29T18:41:20.122+0000] {logging_mixin.py:190} INFO - [2024-12-29T18:41:20.121+0000] {dagbag.py:588} INFO - Filling up the DagBag from /home/airflow/.local/lib/python3.12/site-packages/airflow/example_dags/example_short_circuit_decorator.py
[2024-12-29T18:41:20.130+0000] {processor.py:925} INFO - DAG(s) 'example_short_circuit_decorator' retrieved from /home/airflow/.local/lib/python3.12/site-packages/airflow/example_dags/example_short_circuit_decorator.py
[2024-12-29T18:41:20.151+0000] {logging_mixin.py:190} INFO - [2024-12-29T18:41:20.151+0000] {dag.py:3239} INFO - Sync 1 DAGs
[2024-12-29T18:41:20.167+0000] {logging_mixin.py:190} INFO - [2024-12-29T18:41:20.167+0000] {dag.py:4180} INFO - Setting next_dagrun for example_short_circuit_decorator to None, run_after=None
[2024-12-29T18:41:20.185+0000] {processor.py:208} INFO - Processing /home/airflow/.local/lib/python3.12/site-packages/airflow/example_dags/example_short_circuit_decorator.py took 0.072 seconds
