[2024-12-29T16:48:13.161+0000] {processor.py:186} INFO - Started process (PID=118) to work on /home/airflow/.local/lib/python3.12/site-packages/airflow/example_dags/example_kubernetes_executor.py
[2024-12-29T16:48:13.191+0000] {processor.py:914} INFO - Processing file /home/airflow/.local/lib/python3.12/site-packages/airflow/example_dags/example_kubernetes_executor.py for tasks to queue
[2024-12-29T16:48:13.209+0000] {logging_mixin.py:190} INFO - [2024-12-29T16:48:13.207+0000] {dagbag.py:588} INFO - Filling up the DagBag from /home/airflow/.local/lib/python3.12/site-packages/airflow/example_dags/example_kubernetes_executor.py
[2024-12-29T16:48:13.356+0000] {processor.py:925} INFO - DAG(s) 'example_kubernetes_executor' retrieved from /home/airflow/.local/lib/python3.12/site-packages/airflow/example_dags/example_kubernetes_executor.py
[2024-12-29T16:48:14.349+0000] {logging_mixin.py:190} INFO - [2024-12-29T16:48:14.348+0000] {override.py:1911} INFO - Created Permission View: can read on DAG:example_kubernetes_executor
[2024-12-29T16:48:14.448+0000] {logging_mixin.py:190} INFO - [2024-12-29T16:48:14.447+0000] {override.py:1911} INFO - Created Permission View: can edit on DAG:example_kubernetes_executor
[2024-12-29T16:48:14.496+0000] {logging_mixin.py:190} INFO - [2024-12-29T16:48:14.496+0000] {override.py:1911} INFO - Created Permission View: can delete on DAG:example_kubernetes_executor
[2024-12-29T16:48:14.541+0000] {logging_mixin.py:190} INFO - [2024-12-29T16:48:14.540+0000] {override.py:1911} INFO - Created Permission View: can read on DAG Run:example_kubernetes_executor
[2024-12-29T16:48:14.594+0000] {logging_mixin.py:190} INFO - [2024-12-29T16:48:14.594+0000] {override.py:1911} INFO - Created Permission View: menu access on DAG Run:example_kubernetes_executor
[2024-12-29T16:48:14.662+0000] {logging_mixin.py:190} INFO - [2024-12-29T16:48:14.661+0000] {override.py:1911} INFO - Created Permission View: can delete on DAG Run:example_kubernetes_executor
[2024-12-29T16:48:14.736+0000] {logging_mixin.py:190} INFO - [2024-12-29T16:48:14.708+0000] {override.py:1911} INFO - Created Permission View: can create on DAG Run:example_kubernetes_executor
[2024-12-29T16:48:14.737+0000] {logging_mixin.py:190} INFO - [2024-12-29T16:48:14.737+0000] {dag.py:3239} INFO - Sync 1 DAGs
[2024-12-29T16:48:14.841+0000] {logging_mixin.py:190} INFO - [2024-12-29T16:48:14.840+0000] {dag.py:3262} INFO - Creating ORM DAG for example_kubernetes_executor
[2024-12-29T16:48:14.850+0000] {logging_mixin.py:190} INFO - [2024-12-29T16:48:14.850+0000] {dag.py:4180} INFO - Setting next_dagrun for example_kubernetes_executor to None, run_after=None
[2024-12-29T16:48:15.005+0000] {processor.py:208} INFO - Processing /home/airflow/.local/lib/python3.12/site-packages/airflow/example_dags/example_kubernetes_executor.py took 1.887 seconds
[2024-12-29T16:50:12.018+0000] {processor.py:186} INFO - Started process (PID=200) to work on /home/airflow/.local/lib/python3.12/site-packages/airflow/example_dags/example_kubernetes_executor.py
[2024-12-29T16:50:12.022+0000] {processor.py:914} INFO - Processing file /home/airflow/.local/lib/python3.12/site-packages/airflow/example_dags/example_kubernetes_executor.py for tasks to queue
[2024-12-29T16:50:12.031+0000] {logging_mixin.py:190} INFO - [2024-12-29T16:50:12.029+0000] {dagbag.py:588} INFO - Filling up the DagBag from /home/airflow/.local/lib/python3.12/site-packages/airflow/example_dags/example_kubernetes_executor.py
[2024-12-29T16:50:12.156+0000] {processor.py:925} INFO - DAG(s) 'example_kubernetes_executor' retrieved from /home/airflow/.local/lib/python3.12/site-packages/airflow/example_dags/example_kubernetes_executor.py
[2024-12-29T16:50:12.611+0000] {logging_mixin.py:190} INFO - [2024-12-29T16:50:12.610+0000] {dag.py:3239} INFO - Sync 1 DAGs
[2024-12-29T16:50:12.778+0000] {logging_mixin.py:190} INFO - [2024-12-29T16:50:12.778+0000] {dag.py:4180} INFO - Setting next_dagrun for example_kubernetes_executor to None, run_after=None
[2024-12-29T16:50:13.130+0000] {processor.py:208} INFO - Processing /home/airflow/.local/lib/python3.12/site-packages/airflow/example_dags/example_kubernetes_executor.py took 1.147 seconds
[2024-12-29T18:40:16.049+0000] {processor.py:186} INFO - Started process (PID=93) to work on /home/airflow/.local/lib/python3.12/site-packages/airflow/example_dags/example_kubernetes_executor.py
[2024-12-29T18:40:16.071+0000] {processor.py:914} INFO - Processing file /home/airflow/.local/lib/python3.12/site-packages/airflow/example_dags/example_kubernetes_executor.py for tasks to queue
[2024-12-29T18:40:16.074+0000] {logging_mixin.py:190} INFO - [2024-12-29T18:40:16.074+0000] {dagbag.py:588} INFO - Filling up the DagBag from /home/airflow/.local/lib/python3.12/site-packages/airflow/example_dags/example_kubernetes_executor.py
[2024-12-29T18:40:16.109+0000] {processor.py:925} INFO - DAG(s) 'example_kubernetes_executor' retrieved from /home/airflow/.local/lib/python3.12/site-packages/airflow/example_dags/example_kubernetes_executor.py
[2024-12-29T18:40:16.388+0000] {logging_mixin.py:190} INFO - [2024-12-29T18:40:16.387+0000] {override.py:1911} INFO - Created Permission View: can read on DAG:example_kubernetes_executor
[2024-12-29T18:40:16.407+0000] {logging_mixin.py:190} INFO - [2024-12-29T18:40:16.406+0000] {override.py:1911} INFO - Created Permission View: can edit on DAG:example_kubernetes_executor
[2024-12-29T18:40:16.446+0000] {logging_mixin.py:190} INFO - [2024-12-29T18:40:16.446+0000] {override.py:1911} INFO - Created Permission View: can delete on DAG:example_kubernetes_executor
[2024-12-29T18:40:16.460+0000] {logging_mixin.py:190} INFO - [2024-12-29T18:40:16.460+0000] {override.py:1911} INFO - Created Permission View: can create on DAG Run:example_kubernetes_executor
[2024-12-29T18:40:16.498+0000] {logging_mixin.py:190} INFO - [2024-12-29T18:40:16.498+0000] {override.py:1911} INFO - Created Permission View: menu access on DAG Run:example_kubernetes_executor
[2024-12-29T18:40:16.539+0000] {logging_mixin.py:190} INFO - [2024-12-29T18:40:16.539+0000] {override.py:1911} INFO - Created Permission View: can read on DAG Run:example_kubernetes_executor
[2024-12-29T18:40:16.574+0000] {logging_mixin.py:190} INFO - [2024-12-29T18:40:16.574+0000] {override.py:1911} INFO - Created Permission View: can delete on DAG Run:example_kubernetes_executor
[2024-12-29T18:40:16.578+0000] {logging_mixin.py:190} INFO - [2024-12-29T18:40:16.577+0000] {dag.py:3239} INFO - Sync 1 DAGs
[2024-12-29T18:40:16.601+0000] {logging_mixin.py:190} INFO - [2024-12-29T18:40:16.601+0000] {dag.py:3262} INFO - Creating ORM DAG for example_kubernetes_executor
[2024-12-29T18:40:16.602+0000] {logging_mixin.py:190} INFO - [2024-12-29T18:40:16.602+0000] {dag.py:4180} INFO - Setting next_dagrun for example_kubernetes_executor to None, run_after=None
[2024-12-29T18:40:16.671+0000] {processor.py:208} INFO - Processing /home/airflow/.local/lib/python3.12/site-packages/airflow/example_dags/example_kubernetes_executor.py took 0.646 seconds
[2024-12-29T18:40:47.324+0000] {processor.py:186} INFO - Started process (PID=156) to work on /home/airflow/.local/lib/python3.12/site-packages/airflow/example_dags/example_kubernetes_executor.py
[2024-12-29T18:40:47.326+0000] {processor.py:914} INFO - Processing file /home/airflow/.local/lib/python3.12/site-packages/airflow/example_dags/example_kubernetes_executor.py for tasks to queue
[2024-12-29T18:40:47.330+0000] {logging_mixin.py:190} INFO - [2024-12-29T18:40:47.329+0000] {dagbag.py:588} INFO - Filling up the DagBag from /home/airflow/.local/lib/python3.12/site-packages/airflow/example_dags/example_kubernetes_executor.py
[2024-12-29T18:40:47.349+0000] {processor.py:925} INFO - DAG(s) 'example_kubernetes_executor' retrieved from /home/airflow/.local/lib/python3.12/site-packages/airflow/example_dags/example_kubernetes_executor.py
[2024-12-29T18:40:47.376+0000] {logging_mixin.py:190} INFO - [2024-12-29T18:40:47.375+0000] {dag.py:3239} INFO - Sync 1 DAGs
[2024-12-29T18:40:47.393+0000] {logging_mixin.py:190} INFO - [2024-12-29T18:40:47.393+0000] {dag.py:4180} INFO - Setting next_dagrun for example_kubernetes_executor to None, run_after=None
[2024-12-29T18:40:47.424+0000] {processor.py:208} INFO - Processing /home/airflow/.local/lib/python3.12/site-packages/airflow/example_dags/example_kubernetes_executor.py took 0.106 seconds
[2024-12-29T18:41:17.756+0000] {processor.py:186} INFO - Started process (PID=219) to work on /home/airflow/.local/lib/python3.12/site-packages/airflow/example_dags/example_kubernetes_executor.py
[2024-12-29T18:41:17.757+0000] {processor.py:914} INFO - Processing file /home/airflow/.local/lib/python3.12/site-packages/airflow/example_dags/example_kubernetes_executor.py for tasks to queue
[2024-12-29T18:41:17.759+0000] {logging_mixin.py:190} INFO - [2024-12-29T18:41:17.758+0000] {dagbag.py:588} INFO - Filling up the DagBag from /home/airflow/.local/lib/python3.12/site-packages/airflow/example_dags/example_kubernetes_executor.py
[2024-12-29T18:41:17.771+0000] {processor.py:925} INFO - DAG(s) 'example_kubernetes_executor' retrieved from /home/airflow/.local/lib/python3.12/site-packages/airflow/example_dags/example_kubernetes_executor.py
[2024-12-29T18:41:17.798+0000] {logging_mixin.py:190} INFO - [2024-12-29T18:41:17.797+0000] {dag.py:3239} INFO - Sync 1 DAGs
[2024-12-29T18:41:17.812+0000] {logging_mixin.py:190} INFO - [2024-12-29T18:41:17.812+0000] {dag.py:4180} INFO - Setting next_dagrun for example_kubernetes_executor to None, run_after=None
[2024-12-29T18:41:17.832+0000] {processor.py:208} INFO - Processing /home/airflow/.local/lib/python3.12/site-packages/airflow/example_dags/example_kubernetes_executor.py took 0.081 seconds
