[2024-12-29T16:48:19.624+0000] {processor.py:186} INFO - Started process (PID=123) to work on /home/airflow/.local/lib/python3.12/site-packages/airflow/example_dags/example_branch_day_of_week_operator.py
[2024-12-29T16:48:19.665+0000] {processor.py:914} INFO - Processing file /home/airflow/.local/lib/python3.12/site-packages/airflow/example_dags/example_branch_day_of_week_operator.py for tasks to queue
[2024-12-29T16:48:19.677+0000] {logging_mixin.py:190} INFO - [2024-12-29T16:48:19.677+0000] {dagbag.py:588} INFO - Filling up the DagBag from /home/airflow/.local/lib/python3.12/site-packages/airflow/example_dags/example_branch_day_of_week_operator.py
[2024-12-29T16:48:19.754+0000] {processor.py:925} INFO - DAG(s) 'example_weekday_branch_operator' retrieved from /home/airflow/.local/lib/python3.12/site-packages/airflow/example_dags/example_branch_day_of_week_operator.py
[2024-12-29T16:48:20.700+0000] {logging_mixin.py:190} INFO - [2024-12-29T16:48:20.698+0000] {override.py:1911} INFO - Created Permission View: can read on DAG:example_weekday_branch_operator
[2024-12-29T16:48:20.761+0000] {logging_mixin.py:190} INFO - [2024-12-29T16:48:20.761+0000] {override.py:1911} INFO - Created Permission View: can edit on DAG:example_weekday_branch_operator
[2024-12-29T16:48:20.798+0000] {logging_mixin.py:190} INFO - [2024-12-29T16:48:20.798+0000] {override.py:1911} INFO - Created Permission View: can delete on DAG:example_weekday_branch_operator
[2024-12-29T16:48:20.855+0000] {logging_mixin.py:190} INFO - [2024-12-29T16:48:20.848+0000] {override.py:1911} INFO - Created Permission View: can read on DAG Run:example_weekday_branch_operator
[2024-12-29T16:48:20.899+0000] {logging_mixin.py:190} INFO - [2024-12-29T16:48:20.898+0000] {override.py:1911} INFO - Created Permission View: menu access on DAG Run:example_weekday_branch_operator
[2024-12-29T16:48:21.007+0000] {logging_mixin.py:190} INFO - [2024-12-29T16:48:21.006+0000] {override.py:1911} INFO - Created Permission View: can delete on DAG Run:example_weekday_branch_operator
[2024-12-29T16:48:21.106+0000] {logging_mixin.py:190} INFO - [2024-12-29T16:48:21.106+0000] {override.py:1911} INFO - Created Permission View: can create on DAG Run:example_weekday_branch_operator
[2024-12-29T16:48:21.107+0000] {logging_mixin.py:190} INFO - [2024-12-29T16:48:21.107+0000] {dag.py:3239} INFO - Sync 1 DAGs
[2024-12-29T16:48:21.233+0000] {logging_mixin.py:190} INFO - [2024-12-29T16:48:21.223+0000] {dag.py:3262} INFO - Creating ORM DAG for example_weekday_branch_operator
[2024-12-29T16:48:21.427+0000] {logging_mixin.py:190} INFO - [2024-12-29T16:48:21.426+0000] {dag.py:4180} INFO - Setting next_dagrun for example_weekday_branch_operator to 2024-12-28 00:00:00+00:00, run_after=2024-12-29 00:00:00+00:00
[2024-12-29T16:48:21.686+0000] {processor.py:208} INFO - Processing /home/airflow/.local/lib/python3.12/site-packages/airflow/example_dags/example_branch_day_of_week_operator.py took 2.067 seconds
[2024-12-29T16:50:17.141+0000] {processor.py:186} INFO - Started process (PID=205) to work on /home/airflow/.local/lib/python3.12/site-packages/airflow/example_dags/example_branch_day_of_week_operator.py
[2024-12-29T16:50:17.166+0000] {processor.py:914} INFO - Processing file /home/airflow/.local/lib/python3.12/site-packages/airflow/example_dags/example_branch_day_of_week_operator.py for tasks to queue
[2024-12-29T16:50:17.210+0000] {logging_mixin.py:190} INFO - [2024-12-29T16:50:17.210+0000] {dagbag.py:588} INFO - Filling up the DagBag from /home/airflow/.local/lib/python3.12/site-packages/airflow/example_dags/example_branch_day_of_week_operator.py
[2024-12-29T16:50:17.451+0000] {processor.py:925} INFO - DAG(s) 'example_weekday_branch_operator' retrieved from /home/airflow/.local/lib/python3.12/site-packages/airflow/example_dags/example_branch_day_of_week_operator.py
[2024-12-29T16:50:17.937+0000] {logging_mixin.py:190} INFO - [2024-12-29T16:50:17.936+0000] {dag.py:3239} INFO - Sync 1 DAGs
[2024-12-29T16:50:18.458+0000] {logging_mixin.py:190} INFO - [2024-12-29T16:50:18.450+0000] {dag.py:4180} INFO - Setting next_dagrun for example_weekday_branch_operator to 2024-12-28 00:00:00+00:00, run_after=2024-12-29 00:00:00+00:00
[2024-12-29T16:50:18.693+0000] {processor.py:208} INFO - Processing /home/airflow/.local/lib/python3.12/site-packages/airflow/example_dags/example_branch_day_of_week_operator.py took 1.719 seconds
[2024-12-29T18:40:18.309+0000] {processor.py:186} INFO - Started process (PID=98) to work on /home/airflow/.local/lib/python3.12/site-packages/airflow/example_dags/example_branch_day_of_week_operator.py
[2024-12-29T18:40:18.342+0000] {processor.py:914} INFO - Processing file /home/airflow/.local/lib/python3.12/site-packages/airflow/example_dags/example_branch_day_of_week_operator.py for tasks to queue
[2024-12-29T18:40:18.365+0000] {logging_mixin.py:190} INFO - [2024-12-29T18:40:18.364+0000] {dagbag.py:588} INFO - Filling up the DagBag from /home/airflow/.local/lib/python3.12/site-packages/airflow/example_dags/example_branch_day_of_week_operator.py
[2024-12-29T18:40:18.388+0000] {processor.py:925} INFO - DAG(s) 'example_weekday_branch_operator' retrieved from /home/airflow/.local/lib/python3.12/site-packages/airflow/example_dags/example_branch_day_of_week_operator.py
[2024-12-29T18:40:18.566+0000] {logging_mixin.py:190} INFO - [2024-12-29T18:40:18.566+0000] {override.py:1911} INFO - Created Permission View: can read on DAG:example_weekday_branch_operator
[2024-12-29T18:40:18.591+0000] {logging_mixin.py:190} INFO - [2024-12-29T18:40:18.591+0000] {override.py:1911} INFO - Created Permission View: can edit on DAG:example_weekday_branch_operator
[2024-12-29T18:40:18.612+0000] {logging_mixin.py:190} INFO - [2024-12-29T18:40:18.611+0000] {override.py:1911} INFO - Created Permission View: can delete on DAG:example_weekday_branch_operator
[2024-12-29T18:40:18.632+0000] {logging_mixin.py:190} INFO - [2024-12-29T18:40:18.632+0000] {override.py:1911} INFO - Created Permission View: can create on DAG Run:example_weekday_branch_operator
[2024-12-29T18:40:18.674+0000] {logging_mixin.py:190} INFO - [2024-12-29T18:40:18.674+0000] {override.py:1911} INFO - Created Permission View: menu access on DAG Run:example_weekday_branch_operator
[2024-12-29T18:40:18.705+0000] {logging_mixin.py:190} INFO - [2024-12-29T18:40:18.704+0000] {override.py:1911} INFO - Created Permission View: can read on DAG Run:example_weekday_branch_operator
[2024-12-29T18:40:18.712+0000] {logging_mixin.py:190} INFO - [2024-12-29T18:40:18.712+0000] {override.py:1911} INFO - Created Permission View: can delete on DAG Run:example_weekday_branch_operator
[2024-12-29T18:40:18.713+0000] {logging_mixin.py:190} INFO - [2024-12-29T18:40:18.713+0000] {dag.py:3239} INFO - Sync 1 DAGs
[2024-12-29T18:40:18.728+0000] {logging_mixin.py:190} INFO - [2024-12-29T18:40:18.728+0000] {dag.py:3262} INFO - Creating ORM DAG for example_weekday_branch_operator
[2024-12-29T18:40:18.764+0000] {logging_mixin.py:190} INFO - [2024-12-29T18:40:18.764+0000] {dag.py:4180} INFO - Setting next_dagrun for example_weekday_branch_operator to 2024-12-28 00:00:00+00:00, run_after=2024-12-29 00:00:00+00:00
[2024-12-29T18:40:18.839+0000] {processor.py:208} INFO - Processing /home/airflow/.local/lib/python3.12/site-packages/airflow/example_dags/example_branch_day_of_week_operator.py took 0.547 seconds
[2024-12-29T18:40:48.896+0000] {processor.py:186} INFO - Started process (PID=161) to work on /home/airflow/.local/lib/python3.12/site-packages/airflow/example_dags/example_branch_day_of_week_operator.py
[2024-12-29T18:40:48.897+0000] {processor.py:914} INFO - Processing file /home/airflow/.local/lib/python3.12/site-packages/airflow/example_dags/example_branch_day_of_week_operator.py for tasks to queue
[2024-12-29T18:40:48.901+0000] {logging_mixin.py:190} INFO - [2024-12-29T18:40:48.900+0000] {dagbag.py:588} INFO - Filling up the DagBag from /home/airflow/.local/lib/python3.12/site-packages/airflow/example_dags/example_branch_day_of_week_operator.py
[2024-12-29T18:40:48.925+0000] {processor.py:925} INFO - DAG(s) 'example_weekday_branch_operator' retrieved from /home/airflow/.local/lib/python3.12/site-packages/airflow/example_dags/example_branch_day_of_week_operator.py
[2024-12-29T18:40:48.962+0000] {logging_mixin.py:190} INFO - [2024-12-29T18:40:48.961+0000] {dag.py:3239} INFO - Sync 1 DAGs
[2024-12-29T18:40:49.008+0000] {logging_mixin.py:190} INFO - [2024-12-29T18:40:49.007+0000] {dag.py:4180} INFO - Setting next_dagrun for example_weekday_branch_operator to 2024-12-28 00:00:00+00:00, run_after=2024-12-29 00:00:00+00:00
[2024-12-29T18:40:49.052+0000] {processor.py:208} INFO - Processing /home/airflow/.local/lib/python3.12/site-packages/airflow/example_dags/example_branch_day_of_week_operator.py took 0.168 seconds
[2024-12-29T18:41:19.107+0000] {processor.py:186} INFO - Started process (PID=224) to work on /home/airflow/.local/lib/python3.12/site-packages/airflow/example_dags/example_branch_day_of_week_operator.py
[2024-12-29T18:41:19.108+0000] {processor.py:914} INFO - Processing file /home/airflow/.local/lib/python3.12/site-packages/airflow/example_dags/example_branch_day_of_week_operator.py for tasks to queue
[2024-12-29T18:41:19.110+0000] {logging_mixin.py:190} INFO - [2024-12-29T18:41:19.109+0000] {dagbag.py:588} INFO - Filling up the DagBag from /home/airflow/.local/lib/python3.12/site-packages/airflow/example_dags/example_branch_day_of_week_operator.py
[2024-12-29T18:41:19.118+0000] {processor.py:925} INFO - DAG(s) 'example_weekday_branch_operator' retrieved from /home/airflow/.local/lib/python3.12/site-packages/airflow/example_dags/example_branch_day_of_week_operator.py
[2024-12-29T18:41:19.136+0000] {logging_mixin.py:190} INFO - [2024-12-29T18:41:19.135+0000] {dag.py:3239} INFO - Sync 1 DAGs
[2024-12-29T18:41:19.158+0000] {logging_mixin.py:190} INFO - [2024-12-29T18:41:19.158+0000] {dag.py:4180} INFO - Setting next_dagrun for example_weekday_branch_operator to 2024-12-28 00:00:00+00:00, run_after=2024-12-29 00:00:00+00:00
[2024-12-29T18:41:19.187+0000] {processor.py:208} INFO - Processing /home/airflow/.local/lib/python3.12/site-packages/airflow/example_dags/example_branch_day_of_week_operator.py took 0.085 seconds
