[2024-12-29T16:48:52.220+0000] {processor.py:186} INFO - Started process (PID=143) to work on /home/airflow/.local/lib/python3.12/site-packages/airflow/example_dags/example_python_operator.py
[2024-12-29T16:48:52.337+0000] {processor.py:914} INFO - Processing file /home/airflow/.local/lib/python3.12/site-packages/airflow/example_dags/example_python_operator.py for tasks to queue
[2024-12-29T16:48:52.407+0000] {logging_mixin.py:190} INFO - [2024-12-29T16:48:52.406+0000] {dagbag.py:588} INFO - Filling up the DagBag from /home/airflow/.local/lib/python3.12/site-packages/airflow/example_dags/example_python_operator.py
[2024-12-29T16:48:52.828+0000] {processor.py:925} INFO - DAG(s) 'example_python_operator' retrieved from /home/airflow/.local/lib/python3.12/site-packages/airflow/example_dags/example_python_operator.py
[2024-12-29T16:48:56.242+0000] {logging_mixin.py:190} INFO - [2024-12-29T16:48:56.229+0000] {override.py:1911} INFO - Created Permission View: can read on DAG:example_python_operator
[2024-12-29T16:48:56.403+0000] {logging_mixin.py:190} INFO - [2024-12-29T16:48:56.402+0000] {override.py:1911} INFO - Created Permission View: can edit on DAG:example_python_operator
[2024-12-29T16:48:56.531+0000] {logging_mixin.py:190} INFO - [2024-12-29T16:48:56.530+0000] {override.py:1911} INFO - Created Permission View: can delete on DAG:example_python_operator
[2024-12-29T16:48:56.634+0000] {logging_mixin.py:190} INFO - [2024-12-29T16:48:56.634+0000] {override.py:1911} INFO - Created Permission View: can read on DAG Run:example_python_operator
[2024-12-29T16:48:56.690+0000] {logging_mixin.py:190} INFO - [2024-12-29T16:48:56.689+0000] {override.py:1911} INFO - Created Permission View: menu access on DAG Run:example_python_operator
[2024-12-29T16:48:56.753+0000] {logging_mixin.py:190} INFO - [2024-12-29T16:48:56.752+0000] {override.py:1911} INFO - Created Permission View: can delete on DAG Run:example_python_operator
[2024-12-29T16:48:56.883+0000] {logging_mixin.py:190} INFO - [2024-12-29T16:48:56.883+0000] {override.py:1911} INFO - Created Permission View: can create on DAG Run:example_python_operator
[2024-12-29T16:48:56.884+0000] {logging_mixin.py:190} INFO - [2024-12-29T16:48:56.884+0000] {dag.py:3239} INFO - Sync 1 DAGs
[2024-12-29T16:48:57.067+0000] {logging_mixin.py:190} INFO - [2024-12-29T16:48:57.066+0000] {dag.py:3262} INFO - Creating ORM DAG for example_python_operator
[2024-12-29T16:48:57.083+0000] {logging_mixin.py:190} INFO - [2024-12-29T16:48:57.082+0000] {dag.py:4180} INFO - Setting next_dagrun for example_python_operator to None, run_after=None
[2024-12-29T16:48:57.474+0000] {processor.py:208} INFO - Processing /home/airflow/.local/lib/python3.12/site-packages/airflow/example_dags/example_python_operator.py took 5.370 seconds
[2024-12-29T18:40:23.467+0000] {processor.py:186} INFO - Started process (PID=112) to work on /home/airflow/.local/lib/python3.12/site-packages/airflow/example_dags/example_python_operator.py
[2024-12-29T18:40:23.469+0000] {processor.py:914} INFO - Processing file /home/airflow/.local/lib/python3.12/site-packages/airflow/example_dags/example_python_operator.py for tasks to queue
[2024-12-29T18:40:23.473+0000] {logging_mixin.py:190} INFO - [2024-12-29T18:40:23.473+0000] {dagbag.py:588} INFO - Filling up the DagBag from /home/airflow/.local/lib/python3.12/site-packages/airflow/example_dags/example_python_operator.py
[2024-12-29T18:40:23.532+0000] {processor.py:925} INFO - DAG(s) 'example_python_operator' retrieved from /home/airflow/.local/lib/python3.12/site-packages/airflow/example_dags/example_python_operator.py
[2024-12-29T18:40:23.717+0000] {logging_mixin.py:190} INFO - [2024-12-29T18:40:23.717+0000] {override.py:1911} INFO - Created Permission View: can read on DAG:example_python_operator
[2024-12-29T18:40:23.736+0000] {logging_mixin.py:190} INFO - [2024-12-29T18:40:23.735+0000] {override.py:1911} INFO - Created Permission View: can edit on DAG:example_python_operator
[2024-12-29T18:40:23.755+0000] {logging_mixin.py:190} INFO - [2024-12-29T18:40:23.754+0000] {override.py:1911} INFO - Created Permission View: can delete on DAG:example_python_operator
[2024-12-29T18:40:23.781+0000] {logging_mixin.py:190} INFO - [2024-12-29T18:40:23.781+0000] {override.py:1911} INFO - Created Permission View: can create on DAG Run:example_python_operator
[2024-12-29T18:40:23.802+0000] {logging_mixin.py:190} INFO - [2024-12-29T18:40:23.802+0000] {override.py:1911} INFO - Created Permission View: menu access on DAG Run:example_python_operator
[2024-12-29T18:40:23.817+0000] {logging_mixin.py:190} INFO - [2024-12-29T18:40:23.817+0000] {override.py:1911} INFO - Created Permission View: can read on DAG Run:example_python_operator
[2024-12-29T18:40:23.825+0000] {logging_mixin.py:190} INFO - [2024-12-29T18:40:23.825+0000] {override.py:1911} INFO - Created Permission View: can delete on DAG Run:example_python_operator
[2024-12-29T18:40:23.826+0000] {logging_mixin.py:190} INFO - [2024-12-29T18:40:23.826+0000] {dag.py:3239} INFO - Sync 1 DAGs
[2024-12-29T18:40:23.844+0000] {logging_mixin.py:190} INFO - [2024-12-29T18:40:23.843+0000] {dag.py:3262} INFO - Creating ORM DAG for example_python_operator
[2024-12-29T18:40:23.847+0000] {logging_mixin.py:190} INFO - [2024-12-29T18:40:23.847+0000] {dag.py:4180} INFO - Setting next_dagrun for example_python_operator to None, run_after=None
[2024-12-29T18:40:23.895+0000] {processor.py:208} INFO - Processing /home/airflow/.local/lib/python3.12/site-packages/airflow/example_dags/example_python_operator.py took 0.483 seconds
[2024-12-29T18:40:54.061+0000] {processor.py:186} INFO - Started process (PID=174) to work on /home/airflow/.local/lib/python3.12/site-packages/airflow/example_dags/example_python_operator.py
[2024-12-29T18:40:54.071+0000] {processor.py:914} INFO - Processing file /home/airflow/.local/lib/python3.12/site-packages/airflow/example_dags/example_python_operator.py for tasks to queue
[2024-12-29T18:40:54.074+0000] {logging_mixin.py:190} INFO - [2024-12-29T18:40:54.074+0000] {dagbag.py:588} INFO - Filling up the DagBag from /home/airflow/.local/lib/python3.12/site-packages/airflow/example_dags/example_python_operator.py
[2024-12-29T18:40:54.091+0000] {processor.py:925} INFO - DAG(s) 'example_python_operator' retrieved from /home/airflow/.local/lib/python3.12/site-packages/airflow/example_dags/example_python_operator.py
[2024-12-29T18:40:54.148+0000] {logging_mixin.py:190} INFO - [2024-12-29T18:40:54.147+0000] {dag.py:3239} INFO - Sync 1 DAGs
[2024-12-29T18:40:54.178+0000] {logging_mixin.py:190} INFO - [2024-12-29T18:40:54.178+0000] {dag.py:4180} INFO - Setting next_dagrun for example_python_operator to None, run_after=None
[2024-12-29T18:40:54.218+0000] {processor.py:208} INFO - Processing /home/airflow/.local/lib/python3.12/site-packages/airflow/example_dags/example_python_operator.py took 0.164 seconds
