[2024-12-29T16:48:31.162+0000] {processor.py:186} INFO - Started process (PID=136) to work on /home/airflow/.local/lib/python3.12/site-packages/airflow/example_dags/example_dataset_alias.py
[2024-12-29T16:48:31.185+0000] {processor.py:914} INFO - Processing file /home/airflow/.local/lib/python3.12/site-packages/airflow/example_dags/example_dataset_alias.py for tasks to queue
[2024-12-29T16:48:31.223+0000] {logging_mixin.py:190} INFO - [2024-12-29T16:48:31.222+0000] {dagbag.py:588} INFO - Filling up the DagBag from /home/airflow/.local/lib/python3.12/site-packages/airflow/example_dags/example_dataset_alias.py
[2024-12-29T16:48:39.886+0000] {processor.py:925} INFO - DAG(s) 'dataset_alias_example_alias_producer', 'dataset_s3_bucket_consumer', 'dataset_alias_example_alias_consumer', 'dataset_s3_bucket_producer' retrieved from /home/airflow/.local/lib/python3.12/site-packages/airflow/example_dags/example_dataset_alias.py
[2024-12-29T16:48:41.158+0000] {logging_mixin.py:190} INFO - [2024-12-29T16:48:41.157+0000] {override.py:1911} INFO - Created Permission View: can read on DAG:dataset_alias_example_alias_producer
[2024-12-29T16:48:41.375+0000] {logging_mixin.py:190} INFO - [2024-12-29T16:48:41.375+0000] {override.py:1911} INFO - Created Permission View: can edit on DAG:dataset_alias_example_alias_producer
[2024-12-29T16:48:41.412+0000] {logging_mixin.py:190} INFO - [2024-12-29T16:48:41.412+0000] {override.py:1911} INFO - Created Permission View: can delete on DAG:dataset_alias_example_alias_producer
[2024-12-29T16:48:41.475+0000] {logging_mixin.py:190} INFO - [2024-12-29T16:48:41.474+0000] {override.py:1911} INFO - Created Permission View: can read on DAG Run:dataset_alias_example_alias_producer
[2024-12-29T16:48:41.562+0000] {logging_mixin.py:190} INFO - [2024-12-29T16:48:41.561+0000] {override.py:1911} INFO - Created Permission View: menu access on DAG Run:dataset_alias_example_alias_producer
[2024-12-29T16:48:41.640+0000] {logging_mixin.py:190} INFO - [2024-12-29T16:48:41.640+0000] {override.py:1911} INFO - Created Permission View: can delete on DAG Run:dataset_alias_example_alias_producer
[2024-12-29T16:48:41.709+0000] {logging_mixin.py:190} INFO - [2024-12-29T16:48:41.708+0000] {override.py:1911} INFO - Created Permission View: can create on DAG Run:dataset_alias_example_alias_producer
[2024-12-29T16:48:41.833+0000] {logging_mixin.py:190} INFO - [2024-12-29T16:48:41.833+0000] {override.py:1911} INFO - Created Permission View: can read on DAG:dataset_s3_bucket_consumer
[2024-12-29T16:48:41.866+0000] {logging_mixin.py:190} INFO - [2024-12-29T16:48:41.866+0000] {override.py:1911} INFO - Created Permission View: can edit on DAG:dataset_s3_bucket_consumer
[2024-12-29T16:48:41.917+0000] {logging_mixin.py:190} INFO - [2024-12-29T16:48:41.916+0000] {override.py:1911} INFO - Created Permission View: can delete on DAG:dataset_s3_bucket_consumer
[2024-12-29T16:48:41.986+0000] {logging_mixin.py:190} INFO - [2024-12-29T16:48:41.985+0000] {override.py:1911} INFO - Created Permission View: can read on DAG Run:dataset_s3_bucket_consumer
[2024-12-29T16:48:42.037+0000] {logging_mixin.py:190} INFO - [2024-12-29T16:48:42.036+0000] {override.py:1911} INFO - Created Permission View: menu access on DAG Run:dataset_s3_bucket_consumer
[2024-12-29T16:48:42.069+0000] {logging_mixin.py:190} INFO - [2024-12-29T16:48:42.068+0000] {override.py:1911} INFO - Created Permission View: can delete on DAG Run:dataset_s3_bucket_consumer
[2024-12-29T16:48:42.135+0000] {logging_mixin.py:190} INFO - [2024-12-29T16:48:42.135+0000] {override.py:1911} INFO - Created Permission View: can create on DAG Run:dataset_s3_bucket_consumer
[2024-12-29T16:48:42.293+0000] {logging_mixin.py:190} INFO - [2024-12-29T16:48:42.293+0000] {override.py:1911} INFO - Created Permission View: can read on DAG:dataset_alias_example_alias_consumer
[2024-12-29T16:48:42.375+0000] {logging_mixin.py:190} INFO - [2024-12-29T16:48:42.374+0000] {override.py:1911} INFO - Created Permission View: can edit on DAG:dataset_alias_example_alias_consumer
[2024-12-29T16:48:42.432+0000] {logging_mixin.py:190} INFO - [2024-12-29T16:48:42.431+0000] {override.py:1911} INFO - Created Permission View: can delete on DAG:dataset_alias_example_alias_consumer
[2024-12-29T16:48:42.525+0000] {logging_mixin.py:190} INFO - [2024-12-29T16:48:42.523+0000] {override.py:1911} INFO - Created Permission View: can read on DAG Run:dataset_alias_example_alias_consumer
[2024-12-29T16:48:42.607+0000] {logging_mixin.py:190} INFO - [2024-12-29T16:48:42.607+0000] {override.py:1911} INFO - Created Permission View: menu access on DAG Run:dataset_alias_example_alias_consumer
[2024-12-29T16:48:42.650+0000] {logging_mixin.py:190} INFO - [2024-12-29T16:48:42.649+0000] {override.py:1911} INFO - Created Permission View: can delete on DAG Run:dataset_alias_example_alias_consumer
[2024-12-29T16:48:42.700+0000] {logging_mixin.py:190} INFO - [2024-12-29T16:48:42.699+0000] {override.py:1911} INFO - Created Permission View: can create on DAG Run:dataset_alias_example_alias_consumer
[2024-12-29T16:48:42.806+0000] {logging_mixin.py:190} INFO - [2024-12-29T16:48:42.806+0000] {override.py:1911} INFO - Created Permission View: can read on DAG:dataset_s3_bucket_producer
[2024-12-29T16:48:42.856+0000] {logging_mixin.py:190} INFO - [2024-12-29T16:48:42.855+0000] {override.py:1911} INFO - Created Permission View: can edit on DAG:dataset_s3_bucket_producer
[2024-12-29T16:48:42.941+0000] {logging_mixin.py:190} INFO - [2024-12-29T16:48:42.941+0000] {override.py:1911} INFO - Created Permission View: can delete on DAG:dataset_s3_bucket_producer
[2024-12-29T16:48:43.113+0000] {logging_mixin.py:190} INFO - [2024-12-29T16:48:43.113+0000] {override.py:1911} INFO - Created Permission View: can read on DAG Run:dataset_s3_bucket_producer
[2024-12-29T16:48:43.228+0000] {logging_mixin.py:190} INFO - [2024-12-29T16:48:43.227+0000] {override.py:1911} INFO - Created Permission View: menu access on DAG Run:dataset_s3_bucket_producer
[2024-12-29T16:48:43.407+0000] {logging_mixin.py:190} INFO - [2024-12-29T16:48:43.406+0000] {override.py:1911} INFO - Created Permission View: can delete on DAG Run:dataset_s3_bucket_producer
[2024-12-29T16:48:43.496+0000] {logging_mixin.py:190} INFO - [2024-12-29T16:48:43.495+0000] {override.py:1911} INFO - Created Permission View: can create on DAG Run:dataset_s3_bucket_producer
[2024-12-29T16:48:43.506+0000] {logging_mixin.py:190} INFO - [2024-12-29T16:48:43.505+0000] {dag.py:3239} INFO - Sync 4 DAGs
[2024-12-29T16:48:43.692+0000] {logging_mixin.py:190} INFO - [2024-12-29T16:48:43.691+0000] {dag.py:3262} INFO - Creating ORM DAG for dataset_s3_bucket_producer
[2024-12-29T16:48:43.702+0000] {logging_mixin.py:190} INFO - [2024-12-29T16:48:43.702+0000] {dag.py:3262} INFO - Creating ORM DAG for dataset_alias_example_alias_consumer
[2024-12-29T16:48:43.726+0000] {logging_mixin.py:190} INFO - [2024-12-29T16:48:43.725+0000] {dag.py:3262} INFO - Creating ORM DAG for dataset_s3_bucket_consumer
[2024-12-29T16:48:43.754+0000] {logging_mixin.py:190} INFO - [2024-12-29T16:48:43.753+0000] {dag.py:3262} INFO - Creating ORM DAG for dataset_alias_example_alias_producer
[2024-12-29T16:48:43.878+0000] {logging_mixin.py:190} INFO - [2024-12-29T16:48:43.878+0000] {dag.py:4180} INFO - Setting next_dagrun for dataset_alias_example_alias_consumer to None, run_after=None
[2024-12-29T16:48:43.889+0000] {logging_mixin.py:190} INFO - [2024-12-29T16:48:43.888+0000] {dag.py:4180} INFO - Setting next_dagrun for dataset_alias_example_alias_producer to None, run_after=None
[2024-12-29T16:48:43.914+0000] {logging_mixin.py:190} INFO - [2024-12-29T16:48:43.914+0000] {dag.py:4180} INFO - Setting next_dagrun for dataset_s3_bucket_consumer to None, run_after=None
[2024-12-29T16:48:43.934+0000] {logging_mixin.py:190} INFO - [2024-12-29T16:48:43.933+0000] {dag.py:4180} INFO - Setting next_dagrun for dataset_s3_bucket_producer to None, run_after=None
[2024-12-29T16:48:44.736+0000] {processor.py:208} INFO - Processing /home/airflow/.local/lib/python3.12/site-packages/airflow/example_dags/example_dataset_alias.py took 13.632 seconds
[2024-12-29T16:50:40.733+0000] {processor.py:186} INFO - Started process (PID=218) to work on /home/airflow/.local/lib/python3.12/site-packages/airflow/example_dags/example_dataset_alias.py
[2024-12-29T16:50:40.977+0000] {processor.py:914} INFO - Processing file /home/airflow/.local/lib/python3.12/site-packages/airflow/example_dags/example_dataset_alias.py for tasks to queue
[2024-12-29T16:50:40.983+0000] {logging_mixin.py:190} INFO - [2024-12-29T16:50:40.982+0000] {dagbag.py:588} INFO - Filling up the DagBag from /home/airflow/.local/lib/python3.12/site-packages/airflow/example_dags/example_dataset_alias.py
[2024-12-29T16:51:04.766+0000] {processor.py:925} INFO - DAG(s) 'dataset_s3_bucket_producer', 'dataset_alias_example_alias_producer', 'dataset_s3_bucket_consumer', 'dataset_alias_example_alias_consumer' retrieved from /home/airflow/.local/lib/python3.12/site-packages/airflow/example_dags/example_dataset_alias.py
[2024-12-29T16:51:04.994+0000] {logging_mixin.py:190} INFO - [2024-12-29T16:51:04.993+0000] {dag.py:3239} INFO - Sync 4 DAGs
[2024-12-29T16:51:05.691+0000] {logging_mixin.py:190} INFO - [2024-12-29T16:51:05.691+0000] {dag.py:4180} INFO - Setting next_dagrun for dataset_alias_example_alias_consumer to None, run_after=None
[2024-12-29T16:51:05.921+0000] {logging_mixin.py:190} INFO - [2024-12-29T16:51:05.920+0000] {dag.py:4180} INFO - Setting next_dagrun for dataset_alias_example_alias_producer to None, run_after=None
[2024-12-29T16:51:06.391+0000] {logging_mixin.py:190} INFO - [2024-12-29T16:51:06.390+0000] {dag.py:4180} INFO - Setting next_dagrun for dataset_s3_bucket_consumer to None, run_after=None
[2024-12-29T16:51:06.396+0000] {logging_mixin.py:190} INFO - [2024-12-29T16:51:06.395+0000] {dag.py:4180} INFO - Setting next_dagrun for dataset_s3_bucket_producer to None, run_after=None
[2024-12-29T16:51:06.696+0000] {processor.py:208} INFO - Processing /home/airflow/.local/lib/python3.12/site-packages/airflow/example_dags/example_dataset_alias.py took 26.083 seconds
[2024-12-29T18:40:20.059+0000] {processor.py:186} INFO - Started process (PID=105) to work on /home/airflow/.local/lib/python3.12/site-packages/airflow/example_dags/example_dataset_alias.py
[2024-12-29T18:40:20.070+0000] {processor.py:914} INFO - Processing file /home/airflow/.local/lib/python3.12/site-packages/airflow/example_dags/example_dataset_alias.py for tasks to queue
[2024-12-29T18:40:20.076+0000] {logging_mixin.py:190} INFO - [2024-12-29T18:40:20.076+0000] {dagbag.py:588} INFO - Filling up the DagBag from /home/airflow/.local/lib/python3.12/site-packages/airflow/example_dags/example_dataset_alias.py
[2024-12-29T18:40:21.347+0000] {processor.py:925} INFO - DAG(s) 'dataset_s3_bucket_consumer', 'dataset_alias_example_alias_consumer', 'dataset_alias_example_alias_producer', 'dataset_s3_bucket_producer' retrieved from /home/airflow/.local/lib/python3.12/site-packages/airflow/example_dags/example_dataset_alias.py
[2024-12-29T18:40:21.468+0000] {logging_mixin.py:190} INFO - [2024-12-29T18:40:21.467+0000] {override.py:1911} INFO - Created Permission View: can read on DAG:dataset_s3_bucket_consumer
[2024-12-29T18:40:21.496+0000] {logging_mixin.py:190} INFO - [2024-12-29T18:40:21.496+0000] {override.py:1911} INFO - Created Permission View: can edit on DAG:dataset_s3_bucket_consumer
[2024-12-29T18:40:21.515+0000] {logging_mixin.py:190} INFO - [2024-12-29T18:40:21.515+0000] {override.py:1911} INFO - Created Permission View: can delete on DAG:dataset_s3_bucket_consumer
[2024-12-29T18:40:21.523+0000] {logging_mixin.py:190} INFO - [2024-12-29T18:40:21.523+0000] {override.py:1911} INFO - Created Permission View: can create on DAG Run:dataset_s3_bucket_consumer
[2024-12-29T18:40:21.533+0000] {logging_mixin.py:190} INFO - [2024-12-29T18:40:21.533+0000] {override.py:1911} INFO - Created Permission View: menu access on DAG Run:dataset_s3_bucket_consumer
[2024-12-29T18:40:21.544+0000] {logging_mixin.py:190} INFO - [2024-12-29T18:40:21.544+0000] {override.py:1911} INFO - Created Permission View: can read on DAG Run:dataset_s3_bucket_consumer
[2024-12-29T18:40:21.561+0000] {logging_mixin.py:190} INFO - [2024-12-29T18:40:21.560+0000] {override.py:1911} INFO - Created Permission View: can delete on DAG Run:dataset_s3_bucket_consumer
[2024-12-29T18:40:21.588+0000] {logging_mixin.py:190} INFO - [2024-12-29T18:40:21.588+0000] {override.py:1911} INFO - Created Permission View: can read on DAG:dataset_alias_example_alias_consumer
[2024-12-29T18:40:21.607+0000] {logging_mixin.py:190} INFO - [2024-12-29T18:40:21.606+0000] {override.py:1911} INFO - Created Permission View: can edit on DAG:dataset_alias_example_alias_consumer
[2024-12-29T18:40:21.616+0000] {logging_mixin.py:190} INFO - [2024-12-29T18:40:21.616+0000] {override.py:1911} INFO - Created Permission View: can delete on DAG:dataset_alias_example_alias_consumer
[2024-12-29T18:40:21.631+0000] {logging_mixin.py:190} INFO - [2024-12-29T18:40:21.630+0000] {override.py:1911} INFO - Created Permission View: can create on DAG Run:dataset_alias_example_alias_consumer
[2024-12-29T18:40:21.647+0000] {logging_mixin.py:190} INFO - [2024-12-29T18:40:21.647+0000] {override.py:1911} INFO - Created Permission View: menu access on DAG Run:dataset_alias_example_alias_consumer
[2024-12-29T18:40:21.670+0000] {logging_mixin.py:190} INFO - [2024-12-29T18:40:21.670+0000] {override.py:1911} INFO - Created Permission View: can read on DAG Run:dataset_alias_example_alias_consumer
[2024-12-29T18:40:21.683+0000] {logging_mixin.py:190} INFO - [2024-12-29T18:40:21.682+0000] {override.py:1911} INFO - Created Permission View: can delete on DAG Run:dataset_alias_example_alias_consumer
[2024-12-29T18:40:21.719+0000] {logging_mixin.py:190} INFO - [2024-12-29T18:40:21.712+0000] {override.py:1911} INFO - Created Permission View: can read on DAG:dataset_alias_example_alias_producer
[2024-12-29T18:40:21.767+0000] {logging_mixin.py:190} INFO - [2024-12-29T18:40:21.767+0000] {override.py:1911} INFO - Created Permission View: can edit on DAG:dataset_alias_example_alias_producer
[2024-12-29T18:40:21.776+0000] {logging_mixin.py:190} INFO - [2024-12-29T18:40:21.775+0000] {override.py:1911} INFO - Created Permission View: can delete on DAG:dataset_alias_example_alias_producer
[2024-12-29T18:40:21.787+0000] {logging_mixin.py:190} INFO - [2024-12-29T18:40:21.786+0000] {override.py:1911} INFO - Created Permission View: can create on DAG Run:dataset_alias_example_alias_producer
[2024-12-29T18:40:21.796+0000] {logging_mixin.py:190} INFO - [2024-12-29T18:40:21.795+0000] {override.py:1911} INFO - Created Permission View: menu access on DAG Run:dataset_alias_example_alias_producer
[2024-12-29T18:40:21.813+0000] {logging_mixin.py:190} INFO - [2024-12-29T18:40:21.810+0000] {override.py:1911} INFO - Created Permission View: can read on DAG Run:dataset_alias_example_alias_producer
[2024-12-29T18:40:21.834+0000] {logging_mixin.py:190} INFO - [2024-12-29T18:40:21.834+0000] {override.py:1911} INFO - Created Permission View: can delete on DAG Run:dataset_alias_example_alias_producer
[2024-12-29T18:40:21.865+0000] {logging_mixin.py:190} INFO - [2024-12-29T18:40:21.865+0000] {override.py:1911} INFO - Created Permission View: can read on DAG:dataset_s3_bucket_producer
[2024-12-29T18:40:21.880+0000] {logging_mixin.py:190} INFO - [2024-12-29T18:40:21.880+0000] {override.py:1911} INFO - Created Permission View: can edit on DAG:dataset_s3_bucket_producer
[2024-12-29T18:40:21.904+0000] {logging_mixin.py:190} INFO - [2024-12-29T18:40:21.904+0000] {override.py:1911} INFO - Created Permission View: can delete on DAG:dataset_s3_bucket_producer
[2024-12-29T18:40:21.933+0000] {logging_mixin.py:190} INFO - [2024-12-29T18:40:21.933+0000] {override.py:1911} INFO - Created Permission View: can create on DAG Run:dataset_s3_bucket_producer
[2024-12-29T18:40:21.949+0000] {logging_mixin.py:190} INFO - [2024-12-29T18:40:21.949+0000] {override.py:1911} INFO - Created Permission View: menu access on DAG Run:dataset_s3_bucket_producer
[2024-12-29T18:40:21.956+0000] {logging_mixin.py:190} INFO - [2024-12-29T18:40:21.955+0000] {override.py:1911} INFO - Created Permission View: can read on DAG Run:dataset_s3_bucket_producer
[2024-12-29T18:40:21.968+0000] {logging_mixin.py:190} INFO - [2024-12-29T18:40:21.968+0000] {override.py:1911} INFO - Created Permission View: can delete on DAG Run:dataset_s3_bucket_producer
[2024-12-29T18:40:21.969+0000] {logging_mixin.py:190} INFO - [2024-12-29T18:40:21.969+0000] {dag.py:3239} INFO - Sync 4 DAGs
[2024-12-29T18:40:21.989+0000] {logging_mixin.py:190} INFO - [2024-12-29T18:40:21.988+0000] {dag.py:3262} INFO - Creating ORM DAG for dataset_alias_example_alias_consumer
[2024-12-29T18:40:21.990+0000] {logging_mixin.py:190} INFO - [2024-12-29T18:40:21.990+0000] {dag.py:3262} INFO - Creating ORM DAG for dataset_s3_bucket_consumer
[2024-12-29T18:40:21.995+0000] {logging_mixin.py:190} INFO - [2024-12-29T18:40:21.995+0000] {dag.py:3262} INFO - Creating ORM DAG for dataset_s3_bucket_producer
[2024-12-29T18:40:21.997+0000] {logging_mixin.py:190} INFO - [2024-12-29T18:40:21.997+0000] {dag.py:3262} INFO - Creating ORM DAG for dataset_alias_example_alias_producer
[2024-12-29T18:40:22.025+0000] {logging_mixin.py:190} INFO - [2024-12-29T18:40:22.025+0000] {dag.py:4180} INFO - Setting next_dagrun for dataset_alias_example_alias_consumer to None, run_after=None
[2024-12-29T18:40:22.027+0000] {logging_mixin.py:190} INFO - [2024-12-29T18:40:22.027+0000] {dag.py:4180} INFO - Setting next_dagrun for dataset_alias_example_alias_producer to None, run_after=None
[2024-12-29T18:40:22.028+0000] {logging_mixin.py:190} INFO - [2024-12-29T18:40:22.028+0000] {dag.py:4180} INFO - Setting next_dagrun for dataset_s3_bucket_consumer to None, run_after=None
[2024-12-29T18:40:22.030+0000] {logging_mixin.py:190} INFO - [2024-12-29T18:40:22.029+0000] {dag.py:4180} INFO - Setting next_dagrun for dataset_s3_bucket_producer to None, run_after=None
[2024-12-29T18:40:22.097+0000] {processor.py:208} INFO - Processing /home/airflow/.local/lib/python3.12/site-packages/airflow/example_dags/example_dataset_alias.py took 2.053 seconds
[2024-12-29T18:40:52.272+0000] {processor.py:186} INFO - Started process (PID=171) to work on /home/airflow/.local/lib/python3.12/site-packages/airflow/example_dags/example_dataset_alias.py
[2024-12-29T18:40:52.273+0000] {processor.py:914} INFO - Processing file /home/airflow/.local/lib/python3.12/site-packages/airflow/example_dags/example_dataset_alias.py for tasks to queue
[2024-12-29T18:40:52.276+0000] {logging_mixin.py:190} INFO - [2024-12-29T18:40:52.276+0000] {dagbag.py:588} INFO - Filling up the DagBag from /home/airflow/.local/lib/python3.12/site-packages/airflow/example_dags/example_dataset_alias.py
[2024-12-29T18:40:52.915+0000] {processor.py:925} INFO - DAG(s) 'dataset_s3_bucket_producer', 'dataset_alias_example_alias_producer', 'dataset_alias_example_alias_consumer', 'dataset_s3_bucket_consumer' retrieved from /home/airflow/.local/lib/python3.12/site-packages/airflow/example_dags/example_dataset_alias.py
[2024-12-29T18:40:52.936+0000] {logging_mixin.py:190} INFO - [2024-12-29T18:40:52.935+0000] {dag.py:3239} INFO - Sync 4 DAGs
[2024-12-29T18:40:52.957+0000] {logging_mixin.py:190} INFO - [2024-12-29T18:40:52.956+0000] {dag.py:4180} INFO - Setting next_dagrun for dataset_alias_example_alias_consumer to None, run_after=None
[2024-12-29T18:40:52.959+0000] {logging_mixin.py:190} INFO - [2024-12-29T18:40:52.959+0000] {dag.py:4180} INFO - Setting next_dagrun for dataset_alias_example_alias_producer to None, run_after=None
[2024-12-29T18:40:52.961+0000] {logging_mixin.py:190} INFO - [2024-12-29T18:40:52.961+0000] {dag.py:4180} INFO - Setting next_dagrun for dataset_s3_bucket_consumer to None, run_after=None
[2024-12-29T18:40:52.963+0000] {logging_mixin.py:190} INFO - [2024-12-29T18:40:52.962+0000] {dag.py:4180} INFO - Setting next_dagrun for dataset_s3_bucket_producer to None, run_after=None
[2024-12-29T18:40:52.993+0000] {processor.py:208} INFO - Processing /home/airflow/.local/lib/python3.12/site-packages/airflow/example_dags/example_dataset_alias.py took 0.728 seconds
[2024-12-29T18:41:23.104+0000] {processor.py:186} INFO - Started process (PID=234) to work on /home/airflow/.local/lib/python3.12/site-packages/airflow/example_dags/example_dataset_alias.py
[2024-12-29T18:41:23.105+0000] {processor.py:914} INFO - Processing file /home/airflow/.local/lib/python3.12/site-packages/airflow/example_dags/example_dataset_alias.py for tasks to queue
[2024-12-29T18:41:23.109+0000] {logging_mixin.py:190} INFO - [2024-12-29T18:41:23.108+0000] {dagbag.py:588} INFO - Filling up the DagBag from /home/airflow/.local/lib/python3.12/site-packages/airflow/example_dags/example_dataset_alias.py
[2024-12-29T18:41:27.132+0000] {logging_mixin.py:190} INFO - [2024-12-29T18:41:27.131+0000] {process_utils.py:266} INFO - Waiting up to 5 seconds for processes to exit...
[2024-12-29T18:41:27.145+0000] {logging_mixin.py:190} WARNING - Exception ignored in: <function WeakKeyDictionary.__init__.<locals>.remove at 0x7f4cde479080>
[2024-12-29T18:41:27.153+0000] {logging_mixin.py:190} WARNING - Traceback (most recent call last):
[2024-12-29T18:41:27.155+0000] {logging_mixin.py:190} WARNING -   File "/usr/local/lib/python3.12/weakref.py", line 369, in remove
[2024-12-29T18:41:27.156+0000] {logging_mixin.py:190} WARNING -     def remove(k, selfref=ref(self)):
[2024-12-29T18:41:27.157+0000] {logging_mixin.py:190} WARNING -   File "/home/airflow/.local/lib/python3.12/site-packages/airflow/dag_processing/manager.py", line 466, in _exit_gracefully
[2024-12-29T18:41:27.158+0000] {logging_mixin.py:190} WARNING -     self.log.debug("Current Stacktrace is: %s", "\n".join(map(str, inspect.stack())))
[2024-12-29T18:41:27.159+0000] {logging_mixin.py:190} WARNING -                                                                    ^^^^^^^^^^^^^^^
[2024-12-29T18:41:27.160+0000] {logging_mixin.py:190} WARNING -   File "/usr/local/lib/python3.12/inspect.py", line 1781, in stack
[2024-12-29T18:41:27.162+0000] {logging_mixin.py:190} WARNING -     return getouterframes(sys._getframe(1), context)
[2024-12-29T18:41:27.163+0000] {logging_mixin.py:190} WARNING -            ^^^^^^^^^^^^^^^^^^^^^^^^^^^^^^^^^^^^^^^^^
[2024-12-29T18:41:27.174+0000] {logging_mixin.py:190} WARNING -   File "/usr/local/lib/python3.12/inspect.py", line 1756, in getouterframes
[2024-12-29T18:41:27.184+0000] {logging_mixin.py:190} WARNING -     traceback_info = getframeinfo(frame, context)
[2024-12-29T18:41:27.186+0000] {logging_mixin.py:190} WARNING -                      ^^^^^^^^^^^^^^^^^^^^^^^^^^^^
[2024-12-29T18:41:27.192+0000] {logging_mixin.py:190} WARNING -   File "/usr/local/lib/python3.12/inspect.py", line 1718, in getframeinfo
[2024-12-29T18:41:27.195+0000] {logging_mixin.py:190} WARNING -     lines, lnum = findsource(frame)
[2024-12-29T18:41:27.196+0000] {logging_mixin.py:190} WARNING -                   ^^^^^^^^^^^^^^^^^
[2024-12-29T18:41:27.197+0000] {logging_mixin.py:190} WARNING -   File "/usr/local/lib/python3.12/inspect.py", line 1090, in findsource
[2024-12-29T18:41:27.198+0000] {logging_mixin.py:190} WARNING -     module = getmodule(object, file)
[2024-12-29T18:41:27.199+0000] {logging_mixin.py:190} WARNING -              ^^^^^^^^^^^^^^^^^^^^^^^
[2024-12-29T18:41:27.200+0000] {logging_mixin.py:190} WARNING -   File "/usr/local/lib/python3.12/inspect.py", line 1016, in getmodule
[2024-12-29T18:41:27.202+0000] {logging_mixin.py:190} WARNING -     os.path.realpath(f)] = module.__name__
[2024-12-29T18:41:27.204+0000] {logging_mixin.py:190} WARNING -     ^^^^^^^^^^^^^^^^^^^
[2024-12-29T18:41:27.205+0000] {logging_mixin.py:190} WARNING -   File "<frozen posixpath>", line 427, in realpath
[2024-12-29T18:41:27.213+0000] {logging_mixin.py:190} WARNING -   File "<frozen posixpath>", line 462, in _joinrealpath
[2024-12-29T18:41:27.215+0000] {logging_mixin.py:190} WARNING -   File "/home/airflow/.local/lib/python3.12/site-packages/airflow/dag_processing/manager.py", line 466, in _exit_gracefully
[2024-12-29T18:41:27.216+0000] {logging_mixin.py:190} WARNING -     self.log.debug("Current Stacktrace is: %s", "\n".join(map(str, inspect.stack())))
[2024-12-29T18:41:27.217+0000] {logging_mixin.py:190} WARNING -                                                                    ^^^^^^^^^^^^^^^
[2024-12-29T18:41:27.217+0000] {logging_mixin.py:190} WARNING -   File "/usr/local/lib/python3.12/inspect.py", line 1781, in stack
[2024-12-29T18:41:27.222+0000] {logging_mixin.py:190} WARNING -     return getouterframes(sys._getframe(1), context)
[2024-12-29T18:41:27.224+0000] {logging_mixin.py:190} WARNING -            ^^^^^^^^^^^^^^^^^^^^^^^^^^^^^^^^^^^^^^^^^
[2024-12-29T18:41:27.233+0000] {logging_mixin.py:190} WARNING -   File "/usr/local/lib/python3.12/inspect.py", line 1756, in getouterframes
[2024-12-29T18:41:27.235+0000] {logging_mixin.py:190} WARNING -     traceback_info = getframeinfo(frame, context)
[2024-12-29T18:41:27.236+0000] {logging_mixin.py:190} WARNING -                      ^^^^^^^^^^^^^^^^^^^^^^^^^^^^
[2024-12-29T18:41:27.237+0000] {logging_mixin.py:190} WARNING -   File "/usr/local/lib/python3.12/inspect.py", line 1718, in getframeinfo
[2024-12-29T18:41:27.238+0000] {logging_mixin.py:190} WARNING -     lines, lnum = findsource(frame)
[2024-12-29T18:41:27.239+0000] {logging_mixin.py:190} WARNING -                   ^^^^^^^^^^^^^^^^^
[2024-12-29T18:41:27.239+0000] {logging_mixin.py:190} WARNING -   File "/usr/local/lib/python3.12/inspect.py", line 1090, in findsource
[2024-12-29T18:41:27.240+0000] {logging_mixin.py:190} WARNING -     module = getmodule(object, file)
[2024-12-29T18:41:27.244+0000] {logging_mixin.py:190} WARNING -              ^^^^^^^^^^^^^^^^^^^^^^^
[2024-12-29T18:41:27.253+0000] {logging_mixin.py:190} WARNING -   File "/usr/local/lib/python3.12/inspect.py", line 1007, in getmodule
[2024-12-29T18:41:27.254+0000] {logging_mixin.py:190} WARNING -     if ismodule(module) and hasattr(module, '__file__'):
[2024-12-29T18:41:27.255+0000] {logging_mixin.py:190} WARNING -                             ^^^^^^^^^^^^^^^^^^^^^^^^^^^
[2024-12-29T18:41:27.262+0000] {logging_mixin.py:190} WARNING -   File "/home/airflow/.local/lib/python3.12/site-packages/airflow/dag_processing/manager.py", line 470, in _exit_gracefully
[2024-12-29T18:41:27.263+0000] {logging_mixin.py:190} WARNING -     sys.exit(os.EX_OK)
[2024-12-29T18:41:27.264+0000] {logging_mixin.py:190} WARNING - SystemExit: 0
[2024-12-29T18:41:27.612+0000] {processor.py:925} INFO - DAG(s) 'dataset_alias_example_alias_producer', 'dataset_s3_bucket_producer', 'dataset_alias_example_alias_consumer', 'dataset_s3_bucket_consumer' retrieved from /home/airflow/.local/lib/python3.12/site-packages/airflow/example_dags/example_dataset_alias.py
[2024-12-29T18:41:27.674+0000] {logging_mixin.py:190} INFO - [2024-12-29T18:41:27.674+0000] {dag.py:3239} INFO - Sync 4 DAGs
[2024-12-29T18:41:27.718+0000] {logging_mixin.py:190} INFO - [2024-12-29T18:41:27.718+0000] {dag.py:4180} INFO - Setting next_dagrun for dataset_alias_example_alias_consumer to None, run_after=None
[2024-12-29T18:41:27.723+0000] {logging_mixin.py:190} INFO - [2024-12-29T18:41:27.722+0000] {dag.py:4180} INFO - Setting next_dagrun for dataset_alias_example_alias_producer to None, run_after=None
[2024-12-29T18:41:27.724+0000] {logging_mixin.py:190} INFO - [2024-12-29T18:41:27.724+0000] {dag.py:4180} INFO - Setting next_dagrun for dataset_s3_bucket_consumer to None, run_after=None
[2024-12-29T18:41:27.726+0000] {logging_mixin.py:190} INFO - [2024-12-29T18:41:27.726+0000] {dag.py:4180} INFO - Setting next_dagrun for dataset_s3_bucket_producer to None, run_after=None
[2024-12-29T18:41:27.767+0000] {processor.py:208} INFO - Processing /home/airflow/.local/lib/python3.12/site-packages/airflow/example_dags/example_dataset_alias.py took 4.678 seconds
