[2024-12-29T16:48:43.141+0000] {processor.py:186} INFO - Started process (PID=140) to work on /home/airflow/.local/lib/python3.12/site-packages/airflow/example_dags/example_xcomargs.py
[2024-12-29T16:48:43.179+0000] {processor.py:914} INFO - Processing file /home/airflow/.local/lib/python3.12/site-packages/airflow/example_dags/example_xcomargs.py for tasks to queue
[2024-12-29T16:48:43.213+0000] {logging_mixin.py:190} INFO - [2024-12-29T16:48:43.213+0000] {dagbag.py:588} INFO - Filling up the DagBag from /home/airflow/.local/lib/python3.12/site-packages/airflow/example_dags/example_xcomargs.py
[2024-12-29T16:48:43.429+0000] {processor.py:925} INFO - DAG(s) 'example_xcom_args', 'example_xcom_args_with_operators' retrieved from /home/airflow/.local/lib/python3.12/site-packages/airflow/example_dags/example_xcomargs.py
[2024-12-29T16:48:45.243+0000] {logging_mixin.py:190} INFO - [2024-12-29T16:48:45.242+0000] {override.py:1911} INFO - Created Permission View: can read on DAG:example_xcom_args
[2024-12-29T16:48:45.406+0000] {logging_mixin.py:190} INFO - [2024-12-29T16:48:45.405+0000] {override.py:1911} INFO - Created Permission View: can edit on DAG:example_xcom_args
[2024-12-29T16:48:45.518+0000] {logging_mixin.py:190} INFO - [2024-12-29T16:48:45.517+0000] {override.py:1911} INFO - Created Permission View: can delete on DAG:example_xcom_args
[2024-12-29T16:48:45.699+0000] {logging_mixin.py:190} INFO - [2024-12-29T16:48:45.698+0000] {override.py:1911} INFO - Created Permission View: can read on DAG Run:example_xcom_args
[2024-12-29T16:48:45.756+0000] {logging_mixin.py:190} INFO - [2024-12-29T16:48:45.756+0000] {override.py:1911} INFO - Created Permission View: menu access on DAG Run:example_xcom_args
[2024-12-29T16:48:45.822+0000] {logging_mixin.py:190} INFO - [2024-12-29T16:48:45.821+0000] {override.py:1911} INFO - Created Permission View: can delete on DAG Run:example_xcom_args
[2024-12-29T16:48:45.887+0000] {logging_mixin.py:190} INFO - [2024-12-29T16:48:45.886+0000] {override.py:1911} INFO - Created Permission View: can create on DAG Run:example_xcom_args
[2024-12-29T16:48:46.065+0000] {logging_mixin.py:190} INFO - [2024-12-29T16:48:46.064+0000] {override.py:1911} INFO - Created Permission View: can read on DAG:example_xcom_args_with_operators
[2024-12-29T16:48:46.135+0000] {logging_mixin.py:190} INFO - [2024-12-29T16:48:46.134+0000] {override.py:1911} INFO - Created Permission View: can edit on DAG:example_xcom_args_with_operators
[2024-12-29T16:48:46.362+0000] {logging_mixin.py:190} INFO - [2024-12-29T16:48:46.340+0000] {override.py:1911} INFO - Created Permission View: can delete on DAG:example_xcom_args_with_operators
[2024-12-29T16:48:46.507+0000] {logging_mixin.py:190} INFO - [2024-12-29T16:48:46.506+0000] {override.py:1911} INFO - Created Permission View: can read on DAG Run:example_xcom_args_with_operators
[2024-12-29T16:48:46.669+0000] {logging_mixin.py:190} INFO - [2024-12-29T16:48:46.668+0000] {override.py:1911} INFO - Created Permission View: menu access on DAG Run:example_xcom_args_with_operators
[2024-12-29T16:48:46.757+0000] {logging_mixin.py:190} INFO - [2024-12-29T16:48:46.756+0000] {override.py:1911} INFO - Created Permission View: can delete on DAG Run:example_xcom_args_with_operators
[2024-12-29T16:48:46.810+0000] {logging_mixin.py:190} INFO - [2024-12-29T16:48:46.809+0000] {override.py:1911} INFO - Created Permission View: can create on DAG Run:example_xcom_args_with_operators
[2024-12-29T16:48:46.811+0000] {logging_mixin.py:190} INFO - [2024-12-29T16:48:46.811+0000] {dag.py:3239} INFO - Sync 2 DAGs
[2024-12-29T16:48:46.940+0000] {logging_mixin.py:190} INFO - [2024-12-29T16:48:46.940+0000] {dag.py:3262} INFO - Creating ORM DAG for example_xcom_args
[2024-12-29T16:48:46.946+0000] {logging_mixin.py:190} INFO - [2024-12-29T16:48:46.945+0000] {dag.py:3262} INFO - Creating ORM DAG for example_xcom_args_with_operators
[2024-12-29T16:48:46.955+0000] {logging_mixin.py:190} INFO - [2024-12-29T16:48:46.955+0000] {dag.py:4180} INFO - Setting next_dagrun for example_xcom_args to None, run_after=None
[2024-12-29T16:48:46.965+0000] {logging_mixin.py:190} INFO - [2024-12-29T16:48:46.965+0000] {dag.py:4180} INFO - Setting next_dagrun for example_xcom_args_with_operators to None, run_after=None
[2024-12-29T16:48:47.111+0000] {processor.py:208} INFO - Processing /home/airflow/.local/lib/python3.12/site-packages/airflow/example_dags/example_xcomargs.py took 4.025 seconds
[2024-12-29T16:51:06.681+0000] {processor.py:186} INFO - Started process (PID=222) to work on /home/airflow/.local/lib/python3.12/site-packages/airflow/example_dags/example_xcomargs.py
[2024-12-29T16:51:06.692+0000] {processor.py:914} INFO - Processing file /home/airflow/.local/lib/python3.12/site-packages/airflow/example_dags/example_xcomargs.py for tasks to queue
[2024-12-29T16:51:06.727+0000] {logging_mixin.py:190} INFO - [2024-12-29T16:51:06.726+0000] {dagbag.py:588} INFO - Filling up the DagBag from /home/airflow/.local/lib/python3.12/site-packages/airflow/example_dags/example_xcomargs.py
[2024-12-29T16:51:06.790+0000] {processor.py:925} INFO - DAG(s) 'example_xcom_args', 'example_xcom_args_with_operators' retrieved from /home/airflow/.local/lib/python3.12/site-packages/airflow/example_dags/example_xcomargs.py
[2024-12-29T16:51:07.118+0000] {logging_mixin.py:190} INFO - [2024-12-29T16:51:07.117+0000] {dag.py:3239} INFO - Sync 2 DAGs
[2024-12-29T16:51:07.238+0000] {logging_mixin.py:190} INFO - [2024-12-29T16:51:07.229+0000] {dag.py:4180} INFO - Setting next_dagrun for example_xcom_args to None, run_after=None
[2024-12-29T16:51:07.357+0000] {logging_mixin.py:190} INFO - [2024-12-29T16:51:07.357+0000] {dag.py:4180} INFO - Setting next_dagrun for example_xcom_args_with_operators to None, run_after=None
[2024-12-29T16:51:09.825+0000] {processor.py:208} INFO - Processing /home/airflow/.local/lib/python3.12/site-packages/airflow/example_dags/example_xcomargs.py took 3.192 seconds
[2024-12-29T18:40:21.934+0000] {processor.py:186} INFO - Started process (PID=109) to work on /home/airflow/.local/lib/python3.12/site-packages/airflow/example_dags/example_xcomargs.py
[2024-12-29T18:40:21.939+0000] {processor.py:914} INFO - Processing file /home/airflow/.local/lib/python3.12/site-packages/airflow/example_dags/example_xcomargs.py for tasks to queue
[2024-12-29T18:40:21.942+0000] {logging_mixin.py:190} INFO - [2024-12-29T18:40:21.941+0000] {dagbag.py:588} INFO - Filling up the DagBag from /home/airflow/.local/lib/python3.12/site-packages/airflow/example_dags/example_xcomargs.py
[2024-12-29T18:40:21.964+0000] {processor.py:925} INFO - DAG(s) 'example_xcom_args', 'example_xcom_args_with_operators' retrieved from /home/airflow/.local/lib/python3.12/site-packages/airflow/example_dags/example_xcomargs.py
[2024-12-29T18:40:22.130+0000] {logging_mixin.py:190} INFO - [2024-12-29T18:40:22.130+0000] {override.py:1911} INFO - Created Permission View: can read on DAG:example_xcom_args
[2024-12-29T18:40:22.160+0000] {logging_mixin.py:190} INFO - [2024-12-29T18:40:22.160+0000] {override.py:1911} INFO - Created Permission View: can edit on DAG:example_xcom_args
[2024-12-29T18:40:22.180+0000] {logging_mixin.py:190} INFO - [2024-12-29T18:40:22.179+0000] {override.py:1911} INFO - Created Permission View: can delete on DAG:example_xcom_args
[2024-12-29T18:40:22.219+0000] {logging_mixin.py:190} INFO - [2024-12-29T18:40:22.219+0000] {override.py:1911} INFO - Created Permission View: can create on DAG Run:example_xcom_args
[2024-12-29T18:40:22.239+0000] {logging_mixin.py:190} INFO - [2024-12-29T18:40:22.238+0000] {override.py:1911} INFO - Created Permission View: menu access on DAG Run:example_xcom_args
[2024-12-29T18:40:22.251+0000] {logging_mixin.py:190} INFO - [2024-12-29T18:40:22.250+0000] {override.py:1911} INFO - Created Permission View: can read on DAG Run:example_xcom_args
[2024-12-29T18:40:22.257+0000] {logging_mixin.py:190} INFO - [2024-12-29T18:40:22.257+0000] {override.py:1911} INFO - Created Permission View: can delete on DAG Run:example_xcom_args
[2024-12-29T18:40:22.286+0000] {logging_mixin.py:190} INFO - [2024-12-29T18:40:22.286+0000] {override.py:1911} INFO - Created Permission View: can read on DAG:example_xcom_args_with_operators
[2024-12-29T18:40:22.294+0000] {logging_mixin.py:190} INFO - [2024-12-29T18:40:22.293+0000] {override.py:1911} INFO - Created Permission View: can edit on DAG:example_xcom_args_with_operators
[2024-12-29T18:40:22.305+0000] {logging_mixin.py:190} INFO - [2024-12-29T18:40:22.305+0000] {override.py:1911} INFO - Created Permission View: can delete on DAG:example_xcom_args_with_operators
[2024-12-29T18:40:22.313+0000] {logging_mixin.py:190} INFO - [2024-12-29T18:40:22.312+0000] {override.py:1911} INFO - Created Permission View: can create on DAG Run:example_xcom_args_with_operators
[2024-12-29T18:40:22.320+0000] {logging_mixin.py:190} INFO - [2024-12-29T18:40:22.320+0000] {override.py:1911} INFO - Created Permission View: menu access on DAG Run:example_xcom_args_with_operators
[2024-12-29T18:40:22.347+0000] {logging_mixin.py:190} INFO - [2024-12-29T18:40:22.347+0000] {override.py:1911} INFO - Created Permission View: can read on DAG Run:example_xcom_args_with_operators
[2024-12-29T18:40:22.365+0000] {logging_mixin.py:190} INFO - [2024-12-29T18:40:22.365+0000] {override.py:1911} INFO - Created Permission View: can delete on DAG Run:example_xcom_args_with_operators
[2024-12-29T18:40:22.367+0000] {logging_mixin.py:190} INFO - [2024-12-29T18:40:22.367+0000] {dag.py:3239} INFO - Sync 2 DAGs
[2024-12-29T18:40:22.424+0000] {logging_mixin.py:190} INFO - [2024-12-29T18:40:22.424+0000] {dag.py:3262} INFO - Creating ORM DAG for example_xcom_args
[2024-12-29T18:40:22.427+0000] {logging_mixin.py:190} INFO - [2024-12-29T18:40:22.427+0000] {dag.py:3262} INFO - Creating ORM DAG for example_xcom_args_with_operators
[2024-12-29T18:40:22.431+0000] {logging_mixin.py:190} INFO - [2024-12-29T18:40:22.431+0000] {dag.py:4180} INFO - Setting next_dagrun for example_xcom_args to None, run_after=None
[2024-12-29T18:40:22.432+0000] {logging_mixin.py:190} INFO - [2024-12-29T18:40:22.432+0000] {dag.py:4180} INFO - Setting next_dagrun for example_xcom_args_with_operators to None, run_after=None
[2024-12-29T18:40:22.454+0000] {processor.py:208} INFO - Processing /home/airflow/.local/lib/python3.12/site-packages/airflow/example_dags/example_xcomargs.py took 0.528 seconds
[2024-12-29T18:40:53.030+0000] {processor.py:186} INFO - Started process (PID=172) to work on /home/airflow/.local/lib/python3.12/site-packages/airflow/example_dags/example_xcomargs.py
[2024-12-29T18:40:53.031+0000] {processor.py:914} INFO - Processing file /home/airflow/.local/lib/python3.12/site-packages/airflow/example_dags/example_xcomargs.py for tasks to queue
[2024-12-29T18:40:53.033+0000] {logging_mixin.py:190} INFO - [2024-12-29T18:40:53.033+0000] {dagbag.py:588} INFO - Filling up the DagBag from /home/airflow/.local/lib/python3.12/site-packages/airflow/example_dags/example_xcomargs.py
[2024-12-29T18:40:53.043+0000] {processor.py:925} INFO - DAG(s) 'example_xcom_args_with_operators', 'example_xcom_args' retrieved from /home/airflow/.local/lib/python3.12/site-packages/airflow/example_dags/example_xcomargs.py
[2024-12-29T18:40:53.066+0000] {logging_mixin.py:190} INFO - [2024-12-29T18:40:53.066+0000] {dag.py:3239} INFO - Sync 2 DAGs
[2024-12-29T18:40:53.081+0000] {logging_mixin.py:190} INFO - [2024-12-29T18:40:53.080+0000] {dag.py:4180} INFO - Setting next_dagrun for example_xcom_args to None, run_after=None
[2024-12-29T18:40:53.084+0000] {logging_mixin.py:190} INFO - [2024-12-29T18:40:53.084+0000] {dag.py:4180} INFO - Setting next_dagrun for example_xcom_args_with_operators to None, run_after=None
[2024-12-29T18:40:53.107+0000] {processor.py:208} INFO - Processing /home/airflow/.local/lib/python3.12/site-packages/airflow/example_dags/example_xcomargs.py took 0.082 seconds
[2024-12-29T18:41:23.905+0000] {processor.py:186} INFO - Started process (PID=235) to work on /home/airflow/.local/lib/python3.12/site-packages/airflow/example_dags/example_xcomargs.py
[2024-12-29T18:41:23.914+0000] {processor.py:914} INFO - Processing file /home/airflow/.local/lib/python3.12/site-packages/airflow/example_dags/example_xcomargs.py for tasks to queue
[2024-12-29T18:41:23.918+0000] {logging_mixin.py:190} INFO - [2024-12-29T18:41:23.917+0000] {dagbag.py:588} INFO - Filling up the DagBag from /home/airflow/.local/lib/python3.12/site-packages/airflow/example_dags/example_xcomargs.py
[2024-12-29T18:41:23.985+0000] {processor.py:925} INFO - DAG(s) 'example_xcom_args_with_operators', 'example_xcom_args' retrieved from /home/airflow/.local/lib/python3.12/site-packages/airflow/example_dags/example_xcomargs.py
[2024-12-29T18:41:24.105+0000] {logging_mixin.py:190} INFO - [2024-12-29T18:41:24.105+0000] {dag.py:3239} INFO - Sync 2 DAGs
[2024-12-29T18:41:24.148+0000] {logging_mixin.py:190} INFO - [2024-12-29T18:41:24.148+0000] {dag.py:4180} INFO - Setting next_dagrun for example_xcom_args to None, run_after=None
[2024-12-29T18:41:24.174+0000] {logging_mixin.py:190} INFO - [2024-12-29T18:41:24.174+0000] {dag.py:4180} INFO - Setting next_dagrun for example_xcom_args_with_operators to None, run_after=None
[2024-12-29T18:41:24.238+0000] {processor.py:208} INFO - Processing /home/airflow/.local/lib/python3.12/site-packages/airflow/example_dags/example_xcomargs.py took 0.365 seconds
