[2024-12-29T16:49:06.259+0000] {processor.py:186} INFO - Started process (PID=153) to work on /home/airflow/.local/lib/python3.12/site-packages/airflow/example_dags/example_external_task_marker_dag.py
[2024-12-29T16:49:06.384+0000] {processor.py:914} INFO - Processing file /home/airflow/.local/lib/python3.12/site-packages/airflow/example_dags/example_external_task_marker_dag.py for tasks to queue
[2024-12-29T16:49:06.411+0000] {logging_mixin.py:190} INFO - [2024-12-29T16:49:06.411+0000] {dagbag.py:588} INFO - Filling up the DagBag from /home/airflow/.local/lib/python3.12/site-packages/airflow/example_dags/example_external_task_marker_dag.py
[2024-12-29T16:49:06.540+0000] {processor.py:925} INFO - DAG(s) 'example_external_task_marker_parent', 'example_external_task_marker_child' retrieved from /home/airflow/.local/lib/python3.12/site-packages/airflow/example_dags/example_external_task_marker_dag.py
[2024-12-29T16:49:08.278+0000] {logging_mixin.py:190} INFO - [2024-12-29T16:49:08.277+0000] {override.py:1911} INFO - Created Permission View: can read on DAG:example_external_task_marker_parent
[2024-12-29T16:49:08.441+0000] {logging_mixin.py:190} INFO - [2024-12-29T16:49:08.440+0000] {override.py:1911} INFO - Created Permission View: can edit on DAG:example_external_task_marker_parent
[2024-12-29T16:49:08.528+0000] {logging_mixin.py:190} INFO - [2024-12-29T16:49:08.527+0000] {override.py:1911} INFO - Created Permission View: can delete on DAG:example_external_task_marker_parent
[2024-12-29T16:49:08.637+0000] {logging_mixin.py:190} INFO - [2024-12-29T16:49:08.637+0000] {override.py:1911} INFO - Created Permission View: can read on DAG Run:example_external_task_marker_parent
[2024-12-29T16:49:08.718+0000] {logging_mixin.py:190} INFO - [2024-12-29T16:49:08.717+0000] {override.py:1911} INFO - Created Permission View: menu access on DAG Run:example_external_task_marker_parent
[2024-12-29T16:49:08.862+0000] {logging_mixin.py:190} INFO - [2024-12-29T16:49:08.861+0000] {override.py:1911} INFO - Created Permission View: can delete on DAG Run:example_external_task_marker_parent
[2024-12-29T16:49:09.172+0000] {logging_mixin.py:190} INFO - [2024-12-29T16:49:09.172+0000] {override.py:1911} INFO - Created Permission View: can create on DAG Run:example_external_task_marker_parent
[2024-12-29T16:49:09.702+0000] {logging_mixin.py:190} INFO - [2024-12-29T16:49:09.702+0000] {override.py:1911} INFO - Created Permission View: can read on DAG:example_external_task_marker_child
[2024-12-29T16:49:09.992+0000] {logging_mixin.py:190} INFO - [2024-12-29T16:49:09.991+0000] {override.py:1911} INFO - Created Permission View: can edit on DAG:example_external_task_marker_child
[2024-12-29T16:49:10.122+0000] {logging_mixin.py:190} INFO - [2024-12-29T16:49:10.121+0000] {override.py:1911} INFO - Created Permission View: can delete on DAG:example_external_task_marker_child
[2024-12-29T16:49:10.259+0000] {logging_mixin.py:190} INFO - [2024-12-29T16:49:10.258+0000] {override.py:1911} INFO - Created Permission View: can read on DAG Run:example_external_task_marker_child
[2024-12-29T16:49:10.369+0000] {logging_mixin.py:190} INFO - [2024-12-29T16:49:10.367+0000] {override.py:1911} INFO - Created Permission View: menu access on DAG Run:example_external_task_marker_child
[2024-12-29T16:49:10.513+0000] {logging_mixin.py:190} INFO - [2024-12-29T16:49:10.512+0000] {override.py:1911} INFO - Created Permission View: can delete on DAG Run:example_external_task_marker_child
[2024-12-29T16:49:10.622+0000] {logging_mixin.py:190} INFO - [2024-12-29T16:49:10.622+0000] {override.py:1911} INFO - Created Permission View: can create on DAG Run:example_external_task_marker_child
[2024-12-29T16:49:10.623+0000] {logging_mixin.py:190} INFO - [2024-12-29T16:49:10.623+0000] {dag.py:3239} INFO - Sync 2 DAGs
[2024-12-29T16:49:10.816+0000] {logging_mixin.py:190} INFO - [2024-12-29T16:49:10.816+0000] {dag.py:3262} INFO - Creating ORM DAG for example_external_task_marker_parent
[2024-12-29T16:49:10.841+0000] {logging_mixin.py:190} INFO - [2024-12-29T16:49:10.840+0000] {dag.py:3262} INFO - Creating ORM DAG for example_external_task_marker_child
[2024-12-29T16:49:10.853+0000] {logging_mixin.py:190} INFO - [2024-12-29T16:49:10.852+0000] {dag.py:4180} INFO - Setting next_dagrun for example_external_task_marker_child to None, run_after=None
[2024-12-29T16:49:10.871+0000] {logging_mixin.py:190} INFO - [2024-12-29T16:49:10.870+0000] {dag.py:4180} INFO - Setting next_dagrun for example_external_task_marker_parent to None, run_after=None
[2024-12-29T16:49:11.154+0000] {processor.py:208} INFO - Processing /home/airflow/.local/lib/python3.12/site-packages/airflow/example_dags/example_external_task_marker_dag.py took 4.939 seconds
[2024-12-29T18:40:24.730+0000] {processor.py:186} INFO - Started process (PID=116) to work on /home/airflow/.local/lib/python3.12/site-packages/airflow/example_dags/example_external_task_marker_dag.py
[2024-12-29T18:40:24.911+0000] {processor.py:914} INFO - Processing file /home/airflow/.local/lib/python3.12/site-packages/airflow/example_dags/example_external_task_marker_dag.py for tasks to queue
[2024-12-29T18:40:24.916+0000] {logging_mixin.py:190} INFO - [2024-12-29T18:40:24.915+0000] {dagbag.py:588} INFO - Filling up the DagBag from /home/airflow/.local/lib/python3.12/site-packages/airflow/example_dags/example_external_task_marker_dag.py
[2024-12-29T18:40:24.924+0000] {processor.py:925} INFO - DAG(s) 'example_external_task_marker_child', 'example_external_task_marker_parent' retrieved from /home/airflow/.local/lib/python3.12/site-packages/airflow/example_dags/example_external_task_marker_dag.py
[2024-12-29T18:40:25.393+0000] {logging_mixin.py:190} INFO - [2024-12-29T18:40:25.393+0000] {override.py:1911} INFO - Created Permission View: can read on DAG:example_external_task_marker_child
[2024-12-29T18:40:25.424+0000] {logging_mixin.py:190} INFO - [2024-12-29T18:40:25.424+0000] {override.py:1911} INFO - Created Permission View: can edit on DAG:example_external_task_marker_child
[2024-12-29T18:40:25.435+0000] {logging_mixin.py:190} INFO - [2024-12-29T18:40:25.434+0000] {override.py:1911} INFO - Created Permission View: can delete on DAG:example_external_task_marker_child
[2024-12-29T18:40:25.454+0000] {logging_mixin.py:190} INFO - [2024-12-29T18:40:25.454+0000] {override.py:1911} INFO - Created Permission View: can create on DAG Run:example_external_task_marker_child
[2024-12-29T18:40:25.467+0000] {logging_mixin.py:190} INFO - [2024-12-29T18:40:25.467+0000] {override.py:1911} INFO - Created Permission View: menu access on DAG Run:example_external_task_marker_child
[2024-12-29T18:40:25.475+0000] {logging_mixin.py:190} INFO - [2024-12-29T18:40:25.475+0000] {override.py:1911} INFO - Created Permission View: can read on DAG Run:example_external_task_marker_child
[2024-12-29T18:40:25.510+0000] {logging_mixin.py:190} INFO - [2024-12-29T18:40:25.510+0000] {override.py:1911} INFO - Created Permission View: can delete on DAG Run:example_external_task_marker_child
[2024-12-29T18:40:25.542+0000] {logging_mixin.py:190} INFO - [2024-12-29T18:40:25.542+0000] {override.py:1911} INFO - Created Permission View: can read on DAG:example_external_task_marker_parent
[2024-12-29T18:40:25.555+0000] {logging_mixin.py:190} INFO - [2024-12-29T18:40:25.555+0000] {override.py:1911} INFO - Created Permission View: can edit on DAG:example_external_task_marker_parent
[2024-12-29T18:40:25.571+0000] {logging_mixin.py:190} INFO - [2024-12-29T18:40:25.571+0000] {override.py:1911} INFO - Created Permission View: can delete on DAG:example_external_task_marker_parent
[2024-12-29T18:40:25.586+0000] {logging_mixin.py:190} INFO - [2024-12-29T18:40:25.585+0000] {override.py:1911} INFO - Created Permission View: can create on DAG Run:example_external_task_marker_parent
[2024-12-29T18:40:25.600+0000] {logging_mixin.py:190} INFO - [2024-12-29T18:40:25.600+0000] {override.py:1911} INFO - Created Permission View: menu access on DAG Run:example_external_task_marker_parent
[2024-12-29T18:40:25.618+0000] {logging_mixin.py:190} INFO - [2024-12-29T18:40:25.618+0000] {override.py:1911} INFO - Created Permission View: can read on DAG Run:example_external_task_marker_parent
[2024-12-29T18:40:25.630+0000] {logging_mixin.py:190} INFO - [2024-12-29T18:40:25.629+0000] {override.py:1911} INFO - Created Permission View: can delete on DAG Run:example_external_task_marker_parent
[2024-12-29T18:40:25.631+0000] {logging_mixin.py:190} INFO - [2024-12-29T18:40:25.631+0000] {dag.py:3239} INFO - Sync 2 DAGs
[2024-12-29T18:40:25.646+0000] {logging_mixin.py:190} INFO - [2024-12-29T18:40:25.646+0000] {dag.py:3262} INFO - Creating ORM DAG for example_external_task_marker_child
[2024-12-29T18:40:25.647+0000] {logging_mixin.py:190} INFO - [2024-12-29T18:40:25.647+0000] {dag.py:3262} INFO - Creating ORM DAG for example_external_task_marker_parent
[2024-12-29T18:40:25.648+0000] {logging_mixin.py:190} INFO - [2024-12-29T18:40:25.648+0000] {dag.py:4180} INFO - Setting next_dagrun for example_external_task_marker_child to None, run_after=None
[2024-12-29T18:40:25.649+0000] {logging_mixin.py:190} INFO - [2024-12-29T18:40:25.649+0000] {dag.py:4180} INFO - Setting next_dagrun for example_external_task_marker_parent to None, run_after=None
[2024-12-29T18:40:25.667+0000] {processor.py:208} INFO - Processing /home/airflow/.local/lib/python3.12/site-packages/airflow/example_dags/example_external_task_marker_dag.py took 0.944 seconds
[2024-12-29T18:40:55.781+0000] {processor.py:186} INFO - Started process (PID=179) to work on /home/airflow/.local/lib/python3.12/site-packages/airflow/example_dags/example_external_task_marker_dag.py
[2024-12-29T18:40:55.782+0000] {processor.py:914} INFO - Processing file /home/airflow/.local/lib/python3.12/site-packages/airflow/example_dags/example_external_task_marker_dag.py for tasks to queue
[2024-12-29T18:40:55.786+0000] {logging_mixin.py:190} INFO - [2024-12-29T18:40:55.785+0000] {dagbag.py:588} INFO - Filling up the DagBag from /home/airflow/.local/lib/python3.12/site-packages/airflow/example_dags/example_external_task_marker_dag.py
[2024-12-29T18:40:55.797+0000] {processor.py:925} INFO - DAG(s) 'example_external_task_marker_child', 'example_external_task_marker_parent' retrieved from /home/airflow/.local/lib/python3.12/site-packages/airflow/example_dags/example_external_task_marker_dag.py
[2024-12-29T18:40:55.824+0000] {logging_mixin.py:190} INFO - [2024-12-29T18:40:55.824+0000] {dag.py:3239} INFO - Sync 2 DAGs
[2024-12-29T18:40:55.845+0000] {logging_mixin.py:190} INFO - [2024-12-29T18:40:55.844+0000] {dag.py:4180} INFO - Setting next_dagrun for example_external_task_marker_child to None, run_after=None
[2024-12-29T18:40:55.850+0000] {logging_mixin.py:190} INFO - [2024-12-29T18:40:55.850+0000] {dag.py:4180} INFO - Setting next_dagrun for example_external_task_marker_parent to None, run_after=None
[2024-12-29T18:40:55.881+0000] {processor.py:208} INFO - Processing /home/airflow/.local/lib/python3.12/site-packages/airflow/example_dags/example_external_task_marker_dag.py took 0.107 seconds
