[2024-12-29T16:48:19.953+0000] {processor.py:186} INFO - Started process (PID=124) to work on /home/airflow/.local/lib/python3.12/site-packages/airflow/example_dags/tutorial_taskflow_templates.py
[2024-12-29T16:48:19.961+0000] {processor.py:914} INFO - Processing file /home/airflow/.local/lib/python3.12/site-packages/airflow/example_dags/tutorial_taskflow_templates.py for tasks to queue
[2024-12-29T16:48:19.992+0000] {logging_mixin.py:190} INFO - [2024-12-29T16:48:19.991+0000] {dagbag.py:588} INFO - Filling up the DagBag from /home/airflow/.local/lib/python3.12/site-packages/airflow/example_dags/tutorial_taskflow_templates.py
[2024-12-29T16:48:20.129+0000] {processor.py:925} INFO - DAG(s) 'tutorial_taskflow_templates' retrieved from /home/airflow/.local/lib/python3.12/site-packages/airflow/example_dags/tutorial_taskflow_templates.py
[2024-12-29T16:48:21.379+0000] {logging_mixin.py:190} INFO - [2024-12-29T16:48:21.378+0000] {override.py:1911} INFO - Created Permission View: can read on DAG:tutorial_taskflow_templates
[2024-12-29T16:48:21.496+0000] {logging_mixin.py:190} INFO - [2024-12-29T16:48:21.495+0000] {override.py:1911} INFO - Created Permission View: can edit on DAG:tutorial_taskflow_templates
[2024-12-29T16:48:21.598+0000] {logging_mixin.py:190} INFO - [2024-12-29T16:48:21.598+0000] {override.py:1911} INFO - Created Permission View: can delete on DAG:tutorial_taskflow_templates
[2024-12-29T16:48:21.706+0000] {logging_mixin.py:190} INFO - [2024-12-29T16:48:21.706+0000] {override.py:1911} INFO - Created Permission View: can read on DAG Run:tutorial_taskflow_templates
[2024-12-29T16:48:21.823+0000] {logging_mixin.py:190} INFO - [2024-12-29T16:48:21.822+0000] {override.py:1911} INFO - Created Permission View: menu access on DAG Run:tutorial_taskflow_templates
[2024-12-29T16:48:21.972+0000] {logging_mixin.py:190} INFO - [2024-12-29T16:48:21.972+0000] {override.py:1911} INFO - Created Permission View: can delete on DAG Run:tutorial_taskflow_templates
[2024-12-29T16:48:22.115+0000] {logging_mixin.py:190} INFO - [2024-12-29T16:48:22.115+0000] {override.py:1911} INFO - Created Permission View: can create on DAG Run:tutorial_taskflow_templates
[2024-12-29T16:48:22.127+0000] {logging_mixin.py:190} INFO - [2024-12-29T16:48:22.127+0000] {dag.py:3239} INFO - Sync 1 DAGs
[2024-12-29T16:48:22.408+0000] {logging_mixin.py:190} INFO - [2024-12-29T16:48:22.407+0000] {dag.py:3262} INFO - Creating ORM DAG for tutorial_taskflow_templates
[2024-12-29T16:48:22.702+0000] {logging_mixin.py:190} INFO - [2024-12-29T16:48:22.684+0000] {dag.py:4180} INFO - Setting next_dagrun for tutorial_taskflow_templates to 2024-12-28 00:00:00+00:00, run_after=2024-12-29 00:00:00+00:00
[2024-12-29T16:48:23.186+0000] {processor.py:208} INFO - Processing /home/airflow/.local/lib/python3.12/site-packages/airflow/example_dags/tutorial_taskflow_templates.py took 3.291 seconds
[2024-12-29T16:50:19.072+0000] {processor.py:186} INFO - Started process (PID=206) to work on /home/airflow/.local/lib/python3.12/site-packages/airflow/example_dags/tutorial_taskflow_templates.py
[2024-12-29T16:50:19.082+0000] {processor.py:914} INFO - Processing file /home/airflow/.local/lib/python3.12/site-packages/airflow/example_dags/tutorial_taskflow_templates.py for tasks to queue
[2024-12-29T16:50:19.122+0000] {logging_mixin.py:190} INFO - [2024-12-29T16:50:19.122+0000] {dagbag.py:588} INFO - Filling up the DagBag from /home/airflow/.local/lib/python3.12/site-packages/airflow/example_dags/tutorial_taskflow_templates.py
[2024-12-29T16:50:19.479+0000] {processor.py:925} INFO - DAG(s) 'tutorial_taskflow_templates' retrieved from /home/airflow/.local/lib/python3.12/site-packages/airflow/example_dags/tutorial_taskflow_templates.py
[2024-12-29T16:50:20.202+0000] {logging_mixin.py:190} INFO - [2024-12-29T16:50:20.201+0000] {dag.py:3239} INFO - Sync 1 DAGs
[2024-12-29T16:50:21.355+0000] {logging_mixin.py:190} INFO - [2024-12-29T16:50:21.354+0000] {dag.py:4180} INFO - Setting next_dagrun for tutorial_taskflow_templates to 2024-12-28 00:00:00+00:00, run_after=2024-12-29 00:00:00+00:00
[2024-12-29T16:50:28.203+0000] {processor.py:208} INFO - Processing /home/airflow/.local/lib/python3.12/site-packages/airflow/example_dags/tutorial_taskflow_templates.py took 9.187 seconds
[2024-12-29T18:40:18.419+0000] {processor.py:186} INFO - Started process (PID=99) to work on /home/airflow/.local/lib/python3.12/site-packages/airflow/example_dags/tutorial_taskflow_templates.py
[2024-12-29T18:40:18.436+0000] {processor.py:914} INFO - Processing file /home/airflow/.local/lib/python3.12/site-packages/airflow/example_dags/tutorial_taskflow_templates.py for tasks to queue
[2024-12-29T18:40:18.443+0000] {logging_mixin.py:190} INFO - [2024-12-29T18:40:18.440+0000] {dagbag.py:588} INFO - Filling up the DagBag from /home/airflow/.local/lib/python3.12/site-packages/airflow/example_dags/tutorial_taskflow_templates.py
[2024-12-29T18:40:18.507+0000] {processor.py:925} INFO - DAG(s) 'tutorial_taskflow_templates' retrieved from /home/airflow/.local/lib/python3.12/site-packages/airflow/example_dags/tutorial_taskflow_templates.py
[2024-12-29T18:40:18.777+0000] {logging_mixin.py:190} INFO - [2024-12-29T18:40:18.777+0000] {override.py:1911} INFO - Created Permission View: can read on DAG:tutorial_taskflow_templates
[2024-12-29T18:40:18.804+0000] {logging_mixin.py:190} INFO - [2024-12-29T18:40:18.804+0000] {override.py:1911} INFO - Created Permission View: can edit on DAG:tutorial_taskflow_templates
[2024-12-29T18:40:18.818+0000] {logging_mixin.py:190} INFO - [2024-12-29T18:40:18.818+0000] {override.py:1911} INFO - Created Permission View: can delete on DAG:tutorial_taskflow_templates
[2024-12-29T18:40:18.854+0000] {logging_mixin.py:190} INFO - [2024-12-29T18:40:18.854+0000] {override.py:1911} INFO - Created Permission View: can create on DAG Run:tutorial_taskflow_templates
[2024-12-29T18:40:18.861+0000] {logging_mixin.py:190} INFO - [2024-12-29T18:40:18.861+0000] {override.py:1911} INFO - Created Permission View: menu access on DAG Run:tutorial_taskflow_templates
[2024-12-29T18:40:18.880+0000] {logging_mixin.py:190} INFO - [2024-12-29T18:40:18.880+0000] {override.py:1911} INFO - Created Permission View: can read on DAG Run:tutorial_taskflow_templates
[2024-12-29T18:40:18.898+0000] {logging_mixin.py:190} INFO - [2024-12-29T18:40:18.898+0000] {override.py:1911} INFO - Created Permission View: can delete on DAG Run:tutorial_taskflow_templates
[2024-12-29T18:40:18.899+0000] {logging_mixin.py:190} INFO - [2024-12-29T18:40:18.899+0000] {dag.py:3239} INFO - Sync 1 DAGs
[2024-12-29T18:40:18.948+0000] {logging_mixin.py:190} INFO - [2024-12-29T18:40:18.948+0000] {dag.py:3262} INFO - Creating ORM DAG for tutorial_taskflow_templates
[2024-12-29T18:40:18.979+0000] {logging_mixin.py:190} INFO - [2024-12-29T18:40:18.978+0000] {dag.py:4180} INFO - Setting next_dagrun for tutorial_taskflow_templates to 2024-12-28 00:00:00+00:00, run_after=2024-12-29 00:00:00+00:00
[2024-12-29T18:40:19.034+0000] {processor.py:208} INFO - Processing /home/airflow/.local/lib/python3.12/site-packages/airflow/example_dags/tutorial_taskflow_templates.py took 0.632 seconds
[2024-12-29T18:40:49.094+0000] {processor.py:186} INFO - Started process (PID=162) to work on /home/airflow/.local/lib/python3.12/site-packages/airflow/example_dags/tutorial_taskflow_templates.py
[2024-12-29T18:40:49.098+0000] {processor.py:914} INFO - Processing file /home/airflow/.local/lib/python3.12/site-packages/airflow/example_dags/tutorial_taskflow_templates.py for tasks to queue
[2024-12-29T18:40:49.106+0000] {logging_mixin.py:190} INFO - [2024-12-29T18:40:49.106+0000] {dagbag.py:588} INFO - Filling up the DagBag from /home/airflow/.local/lib/python3.12/site-packages/airflow/example_dags/tutorial_taskflow_templates.py
[2024-12-29T18:40:49.145+0000] {processor.py:925} INFO - DAG(s) 'tutorial_taskflow_templates' retrieved from /home/airflow/.local/lib/python3.12/site-packages/airflow/example_dags/tutorial_taskflow_templates.py
[2024-12-29T18:40:49.176+0000] {logging_mixin.py:190} INFO - [2024-12-29T18:40:49.175+0000] {dag.py:3239} INFO - Sync 1 DAGs
[2024-12-29T18:40:49.227+0000] {logging_mixin.py:190} INFO - [2024-12-29T18:40:49.227+0000] {dag.py:4180} INFO - Setting next_dagrun for tutorial_taskflow_templates to 2024-12-28 00:00:00+00:00, run_after=2024-12-29 00:00:00+00:00
[2024-12-29T18:40:49.297+0000] {processor.py:208} INFO - Processing /home/airflow/.local/lib/python3.12/site-packages/airflow/example_dags/tutorial_taskflow_templates.py took 0.209 seconds
[2024-12-29T18:41:20.114+0000] {processor.py:186} INFO - Started process (PID=225) to work on /home/airflow/.local/lib/python3.12/site-packages/airflow/example_dags/tutorial_taskflow_templates.py
[2024-12-29T18:41:20.115+0000] {processor.py:914} INFO - Processing file /home/airflow/.local/lib/python3.12/site-packages/airflow/example_dags/tutorial_taskflow_templates.py for tasks to queue
[2024-12-29T18:41:20.117+0000] {logging_mixin.py:190} INFO - [2024-12-29T18:41:20.117+0000] {dagbag.py:588} INFO - Filling up the DagBag from /home/airflow/.local/lib/python3.12/site-packages/airflow/example_dags/tutorial_taskflow_templates.py
[2024-12-29T18:41:20.129+0000] {processor.py:925} INFO - DAG(s) 'tutorial_taskflow_templates' retrieved from /home/airflow/.local/lib/python3.12/site-packages/airflow/example_dags/tutorial_taskflow_templates.py
[2024-12-29T18:41:20.147+0000] {logging_mixin.py:190} INFO - [2024-12-29T18:41:20.146+0000] {dag.py:3239} INFO - Sync 1 DAGs
[2024-12-29T18:41:20.170+0000] {logging_mixin.py:190} INFO - [2024-12-29T18:41:20.170+0000] {dag.py:4180} INFO - Setting next_dagrun for tutorial_taskflow_templates to 2024-12-28 00:00:00+00:00, run_after=2024-12-29 00:00:00+00:00
[2024-12-29T18:41:20.192+0000] {processor.py:208} INFO - Processing /home/airflow/.local/lib/python3.12/site-packages/airflow/example_dags/tutorial_taskflow_templates.py took 0.083 seconds
