[2024-12-29T16:49:02.145+0000] {processor.py:186} INFO - Started process (PID=151) to work on /home/airflow/.local/lib/python3.12/site-packages/airflow/example_dags/tutorial_taskflow_api.py
[2024-12-29T16:49:02.182+0000] {processor.py:914} INFO - Processing file /home/airflow/.local/lib/python3.12/site-packages/airflow/example_dags/tutorial_taskflow_api.py for tasks to queue
[2024-12-29T16:49:02.207+0000] {logging_mixin.py:190} INFO - [2024-12-29T16:49:02.206+0000] {dagbag.py:588} INFO - Filling up the DagBag from /home/airflow/.local/lib/python3.12/site-packages/airflow/example_dags/tutorial_taskflow_api.py
[2024-12-29T16:49:02.430+0000] {processor.py:925} INFO - DAG(s) 'tutorial_taskflow_api' retrieved from /home/airflow/.local/lib/python3.12/site-packages/airflow/example_dags/tutorial_taskflow_api.py
[2024-12-29T16:49:04.131+0000] {logging_mixin.py:190} INFO - [2024-12-29T16:49:04.128+0000] {override.py:1911} INFO - Created Permission View: can read on DAG:tutorial_taskflow_api
[2024-12-29T16:49:04.233+0000] {logging_mixin.py:190} INFO - [2024-12-29T16:49:04.232+0000] {override.py:1911} INFO - Created Permission View: can edit on DAG:tutorial_taskflow_api
[2024-12-29T16:49:04.294+0000] {logging_mixin.py:190} INFO - [2024-12-29T16:49:04.293+0000] {override.py:1911} INFO - Created Permission View: can delete on DAG:tutorial_taskflow_api
[2024-12-29T16:49:04.419+0000] {logging_mixin.py:190} INFO - [2024-12-29T16:49:04.418+0000] {override.py:1911} INFO - Created Permission View: can read on DAG Run:tutorial_taskflow_api
[2024-12-29T16:49:04.598+0000] {logging_mixin.py:190} INFO - [2024-12-29T16:49:04.597+0000] {override.py:1911} INFO - Created Permission View: menu access on DAG Run:tutorial_taskflow_api
[2024-12-29T16:49:04.706+0000] {logging_mixin.py:190} INFO - [2024-12-29T16:49:04.705+0000] {override.py:1911} INFO - Created Permission View: can delete on DAG Run:tutorial_taskflow_api
[2024-12-29T16:49:04.792+0000] {logging_mixin.py:190} INFO - [2024-12-29T16:49:04.792+0000] {override.py:1911} INFO - Created Permission View: can create on DAG Run:tutorial_taskflow_api
[2024-12-29T16:49:04.794+0000] {logging_mixin.py:190} INFO - [2024-12-29T16:49:04.793+0000] {dag.py:3239} INFO - Sync 1 DAGs
[2024-12-29T16:49:04.946+0000] {logging_mixin.py:190} INFO - [2024-12-29T16:49:04.946+0000] {dag.py:3262} INFO - Creating ORM DAG for tutorial_taskflow_api
[2024-12-29T16:49:04.965+0000] {logging_mixin.py:190} INFO - [2024-12-29T16:49:04.964+0000] {dag.py:4180} INFO - Setting next_dagrun for tutorial_taskflow_api to None, run_after=None
[2024-12-29T16:49:05.184+0000] {processor.py:208} INFO - Processing /home/airflow/.local/lib/python3.12/site-packages/airflow/example_dags/tutorial_taskflow_api.py took 3.109 seconds
[2024-12-29T18:40:24.332+0000] {processor.py:186} INFO - Started process (PID=114) to work on /home/airflow/.local/lib/python3.12/site-packages/airflow/example_dags/tutorial_taskflow_api.py
[2024-12-29T18:40:24.349+0000] {processor.py:914} INFO - Processing file /home/airflow/.local/lib/python3.12/site-packages/airflow/example_dags/tutorial_taskflow_api.py for tasks to queue
[2024-12-29T18:40:24.352+0000] {logging_mixin.py:190} INFO - [2024-12-29T18:40:24.352+0000] {dagbag.py:588} INFO - Filling up the DagBag from /home/airflow/.local/lib/python3.12/site-packages/airflow/example_dags/tutorial_taskflow_api.py
[2024-12-29T18:40:24.362+0000] {processor.py:925} INFO - DAG(s) 'tutorial_taskflow_api' retrieved from /home/airflow/.local/lib/python3.12/site-packages/airflow/example_dags/tutorial_taskflow_api.py
[2024-12-29T18:40:24.573+0000] {logging_mixin.py:190} INFO - [2024-12-29T18:40:24.572+0000] {override.py:1911} INFO - Created Permission View: can read on DAG:tutorial_taskflow_api
[2024-12-29T18:40:24.582+0000] {logging_mixin.py:190} INFO - [2024-12-29T18:40:24.581+0000] {override.py:1911} INFO - Created Permission View: can edit on DAG:tutorial_taskflow_api
[2024-12-29T18:40:24.587+0000] {logging_mixin.py:190} INFO - [2024-12-29T18:40:24.587+0000] {override.py:1911} INFO - Created Permission View: can delete on DAG:tutorial_taskflow_api
[2024-12-29T18:40:24.594+0000] {logging_mixin.py:190} INFO - [2024-12-29T18:40:24.593+0000] {override.py:1911} INFO - Created Permission View: can create on DAG Run:tutorial_taskflow_api
[2024-12-29T18:40:24.600+0000] {logging_mixin.py:190} INFO - [2024-12-29T18:40:24.599+0000] {override.py:1911} INFO - Created Permission View: menu access on DAG Run:tutorial_taskflow_api
[2024-12-29T18:40:24.613+0000] {logging_mixin.py:190} INFO - [2024-12-29T18:40:24.608+0000] {override.py:1911} INFO - Created Permission View: can read on DAG Run:tutorial_taskflow_api
[2024-12-29T18:40:24.620+0000] {logging_mixin.py:190} INFO - [2024-12-29T18:40:24.620+0000] {override.py:1911} INFO - Created Permission View: can delete on DAG Run:tutorial_taskflow_api
[2024-12-29T18:40:24.622+0000] {logging_mixin.py:190} INFO - [2024-12-29T18:40:24.621+0000] {dag.py:3239} INFO - Sync 1 DAGs
[2024-12-29T18:40:24.652+0000] {logging_mixin.py:190} INFO - [2024-12-29T18:40:24.652+0000] {dag.py:3262} INFO - Creating ORM DAG for tutorial_taskflow_api
[2024-12-29T18:40:24.656+0000] {logging_mixin.py:190} INFO - [2024-12-29T18:40:24.655+0000] {dag.py:4180} INFO - Setting next_dagrun for tutorial_taskflow_api to None, run_after=None
[2024-12-29T18:40:24.683+0000] {processor.py:208} INFO - Processing /home/airflow/.local/lib/python3.12/site-packages/airflow/example_dags/tutorial_taskflow_api.py took 0.357 seconds
[2024-12-29T18:40:55.461+0000] {processor.py:186} INFO - Started process (PID=177) to work on /home/airflow/.local/lib/python3.12/site-packages/airflow/example_dags/tutorial_taskflow_api.py
[2024-12-29T18:40:55.462+0000] {processor.py:914} INFO - Processing file /home/airflow/.local/lib/python3.12/site-packages/airflow/example_dags/tutorial_taskflow_api.py for tasks to queue
[2024-12-29T18:40:55.466+0000] {logging_mixin.py:190} INFO - [2024-12-29T18:40:55.466+0000] {dagbag.py:588} INFO - Filling up the DagBag from /home/airflow/.local/lib/python3.12/site-packages/airflow/example_dags/tutorial_taskflow_api.py
[2024-12-29T18:40:55.483+0000] {processor.py:925} INFO - DAG(s) 'tutorial_taskflow_api' retrieved from /home/airflow/.local/lib/python3.12/site-packages/airflow/example_dags/tutorial_taskflow_api.py
[2024-12-29T18:40:55.517+0000] {logging_mixin.py:190} INFO - [2024-12-29T18:40:55.516+0000] {dag.py:3239} INFO - Sync 1 DAGs
[2024-12-29T18:40:55.543+0000] {logging_mixin.py:190} INFO - [2024-12-29T18:40:55.543+0000] {dag.py:4180} INFO - Setting next_dagrun for tutorial_taskflow_api to None, run_after=None
[2024-12-29T18:40:55.583+0000] {processor.py:208} INFO - Processing /home/airflow/.local/lib/python3.12/site-packages/airflow/example_dags/tutorial_taskflow_api.py took 0.133 seconds
