[2024-12-29T16:47:31.911+0000] {processor.py:186} INFO - Started process (PID=94) to work on /home/airflow/.local/lib/python3.12/site-packages/airflow/example_dags/tutorial.py
[2024-12-29T16:47:31.934+0000] {processor.py:914} INFO - Processing file /home/airflow/.local/lib/python3.12/site-packages/airflow/example_dags/tutorial.py for tasks to queue
[2024-12-29T16:47:31.949+0000] {logging_mixin.py:190} INFO - [2024-12-29T16:47:31.948+0000] {dagbag.py:588} INFO - Filling up the DagBag from /home/airflow/.local/lib/python3.12/site-packages/airflow/example_dags/tutorial.py
[2024-12-29T16:47:32.017+0000] {processor.py:925} INFO - DAG(s) 'tutorial' retrieved from /home/airflow/.local/lib/python3.12/site-packages/airflow/example_dags/tutorial.py
[2024-12-29T16:47:33.016+0000] {logging_mixin.py:190} INFO - [2024-12-29T16:47:33.014+0000] {override.py:1911} INFO - Created Permission View: can read on DAG:tutorial
[2024-12-29T16:47:33.124+0000] {logging_mixin.py:190} INFO - [2024-12-29T16:47:33.124+0000] {override.py:1911} INFO - Created Permission View: can edit on DAG:tutorial
[2024-12-29T16:47:33.163+0000] {logging_mixin.py:190} INFO - [2024-12-29T16:47:33.162+0000] {override.py:1911} INFO - Created Permission View: can delete on DAG:tutorial
[2024-12-29T16:47:33.205+0000] {logging_mixin.py:190} INFO - [2024-12-29T16:47:33.204+0000] {override.py:1911} INFO - Created Permission View: can read on DAG Run:tutorial
[2024-12-29T16:47:33.290+0000] {logging_mixin.py:190} INFO - [2024-12-29T16:47:33.289+0000] {override.py:1911} INFO - Created Permission View: menu access on DAG Run:tutorial
[2024-12-29T16:47:33.379+0000] {logging_mixin.py:190} INFO - [2024-12-29T16:47:33.379+0000] {override.py:1911} INFO - Created Permission View: can delete on DAG Run:tutorial
[2024-12-29T16:47:33.510+0000] {logging_mixin.py:190} INFO - [2024-12-29T16:47:33.510+0000] {override.py:1911} INFO - Created Permission View: can create on DAG Run:tutorial
[2024-12-29T16:47:33.511+0000] {logging_mixin.py:190} INFO - [2024-12-29T16:47:33.511+0000] {dag.py:3239} INFO - Sync 1 DAGs
[2024-12-29T16:47:33.589+0000] {logging_mixin.py:190} INFO - [2024-12-29T16:47:33.589+0000] {dag.py:3262} INFO - Creating ORM DAG for tutorial
[2024-12-29T16:47:33.644+0000] {logging_mixin.py:190} INFO - [2024-12-29T16:47:33.644+0000] {dag.py:4180} INFO - Setting next_dagrun for tutorial to 2024-12-28 00:00:00+00:00, run_after=2024-12-29 00:00:00+00:00
[2024-12-29T16:47:33.828+0000] {processor.py:208} INFO - Processing /home/airflow/.local/lib/python3.12/site-packages/airflow/example_dags/tutorial.py took 1.946 seconds
[2024-12-29T16:49:53.065+0000] {processor.py:186} INFO - Started process (PID=175) to work on /home/airflow/.local/lib/python3.12/site-packages/airflow/example_dags/tutorial.py
[2024-12-29T16:49:53.068+0000] {processor.py:914} INFO - Processing file /home/airflow/.local/lib/python3.12/site-packages/airflow/example_dags/tutorial.py for tasks to queue
[2024-12-29T16:49:53.100+0000] {logging_mixin.py:190} INFO - [2024-12-29T16:49:53.099+0000] {dagbag.py:588} INFO - Filling up the DagBag from /home/airflow/.local/lib/python3.12/site-packages/airflow/example_dags/tutorial.py
[2024-12-29T16:49:53.216+0000] {processor.py:925} INFO - DAG(s) 'tutorial' retrieved from /home/airflow/.local/lib/python3.12/site-packages/airflow/example_dags/tutorial.py
[2024-12-29T16:49:53.700+0000] {logging_mixin.py:190} INFO - [2024-12-29T16:49:53.700+0000] {dag.py:3239} INFO - Sync 1 DAGs
[2024-12-29T16:49:54.081+0000] {logging_mixin.py:190} INFO - [2024-12-29T16:49:54.081+0000] {dag.py:4180} INFO - Setting next_dagrun for tutorial to 2024-12-28 00:00:00+00:00, run_after=2024-12-29 00:00:00+00:00
[2024-12-29T16:49:54.463+0000] {processor.py:208} INFO - Processing /home/airflow/.local/lib/python3.12/site-packages/airflow/example_dags/tutorial.py took 1.548 seconds
[2024-12-29T18:40:02.303+0000] {processor.py:186} INFO - Started process (PID=69) to work on /home/airflow/.local/lib/python3.12/site-packages/airflow/example_dags/tutorial.py
[2024-12-29T18:40:02.315+0000] {processor.py:914} INFO - Processing file /home/airflow/.local/lib/python3.12/site-packages/airflow/example_dags/tutorial.py for tasks to queue
[2024-12-29T18:40:02.318+0000] {logging_mixin.py:190} INFO - [2024-12-29T18:40:02.318+0000] {dagbag.py:588} INFO - Filling up the DagBag from /home/airflow/.local/lib/python3.12/site-packages/airflow/example_dags/tutorial.py
[2024-12-29T18:40:02.340+0000] {processor.py:925} INFO - DAG(s) 'tutorial' retrieved from /home/airflow/.local/lib/python3.12/site-packages/airflow/example_dags/tutorial.py
[2024-12-29T18:40:02.553+0000] {logging_mixin.py:190} INFO - [2024-12-29T18:40:02.552+0000] {override.py:1911} INFO - Created Permission View: can read on DAG:tutorial
[2024-12-29T18:40:02.562+0000] {logging_mixin.py:190} INFO - [2024-12-29T18:40:02.562+0000] {override.py:1911} INFO - Created Permission View: can edit on DAG:tutorial
[2024-12-29T18:40:02.580+0000] {logging_mixin.py:190} INFO - [2024-12-29T18:40:02.580+0000] {override.py:1911} INFO - Created Permission View: can delete on DAG:tutorial
[2024-12-29T18:40:02.591+0000] {logging_mixin.py:190} INFO - [2024-12-29T18:40:02.591+0000] {override.py:1911} INFO - Created Permission View: can create on DAG Run:tutorial
[2024-12-29T18:40:02.601+0000] {logging_mixin.py:190} INFO - [2024-12-29T18:40:02.601+0000] {override.py:1911} INFO - Created Permission View: menu access on DAG Run:tutorial
[2024-12-29T18:40:02.612+0000] {logging_mixin.py:190} INFO - [2024-12-29T18:40:02.611+0000] {override.py:1911} INFO - Created Permission View: can read on DAG Run:tutorial
[2024-12-29T18:40:02.626+0000] {logging_mixin.py:190} INFO - [2024-12-29T18:40:02.625+0000] {override.py:1911} INFO - Created Permission View: can delete on DAG Run:tutorial
[2024-12-29T18:40:02.628+0000] {logging_mixin.py:190} INFO - [2024-12-29T18:40:02.627+0000] {dag.py:3239} INFO - Sync 1 DAGs
[2024-12-29T18:40:02.649+0000] {logging_mixin.py:190} INFO - [2024-12-29T18:40:02.649+0000] {dag.py:3262} INFO - Creating ORM DAG for tutorial
[2024-12-29T18:40:02.660+0000] {logging_mixin.py:190} INFO - [2024-12-29T18:40:02.660+0000] {dag.py:4180} INFO - Setting next_dagrun for tutorial to 2024-12-28 00:00:00+00:00, run_after=2024-12-29 00:00:00+00:00
[2024-12-29T18:40:02.676+0000] {processor.py:208} INFO - Processing /home/airflow/.local/lib/python3.12/site-packages/airflow/example_dags/tutorial.py took 0.388 seconds
[2024-12-29T18:40:32.796+0000] {processor.py:186} INFO - Started process (PID=131) to work on /home/airflow/.local/lib/python3.12/site-packages/airflow/example_dags/tutorial.py
[2024-12-29T18:40:32.797+0000] {processor.py:914} INFO - Processing file /home/airflow/.local/lib/python3.12/site-packages/airflow/example_dags/tutorial.py for tasks to queue
[2024-12-29T18:40:32.800+0000] {logging_mixin.py:190} INFO - [2024-12-29T18:40:32.800+0000] {dagbag.py:588} INFO - Filling up the DagBag from /home/airflow/.local/lib/python3.12/site-packages/airflow/example_dags/tutorial.py
[2024-12-29T18:40:32.810+0000] {processor.py:925} INFO - DAG(s) 'tutorial' retrieved from /home/airflow/.local/lib/python3.12/site-packages/airflow/example_dags/tutorial.py
[2024-12-29T18:40:32.833+0000] {logging_mixin.py:190} INFO - [2024-12-29T18:40:32.832+0000] {dag.py:3239} INFO - Sync 1 DAGs
[2024-12-29T18:40:32.859+0000] {logging_mixin.py:190} INFO - [2024-12-29T18:40:32.858+0000] {dag.py:4180} INFO - Setting next_dagrun for tutorial to 2024-12-28 00:00:00+00:00, run_after=2024-12-29 00:00:00+00:00
[2024-12-29T18:40:32.896+0000] {processor.py:208} INFO - Processing /home/airflow/.local/lib/python3.12/site-packages/airflow/example_dags/tutorial.py took 0.107 seconds
[2024-12-29T18:41:03.106+0000] {processor.py:186} INFO - Started process (PID=194) to work on /home/airflow/.local/lib/python3.12/site-packages/airflow/example_dags/tutorial.py
[2024-12-29T18:41:03.107+0000] {processor.py:914} INFO - Processing file /home/airflow/.local/lib/python3.12/site-packages/airflow/example_dags/tutorial.py for tasks to queue
[2024-12-29T18:41:03.111+0000] {logging_mixin.py:190} INFO - [2024-12-29T18:41:03.110+0000] {dagbag.py:588} INFO - Filling up the DagBag from /home/airflow/.local/lib/python3.12/site-packages/airflow/example_dags/tutorial.py
[2024-12-29T18:41:03.121+0000] {processor.py:925} INFO - DAG(s) 'tutorial' retrieved from /home/airflow/.local/lib/python3.12/site-packages/airflow/example_dags/tutorial.py
[2024-12-29T18:41:03.143+0000] {logging_mixin.py:190} INFO - [2024-12-29T18:41:03.142+0000] {dag.py:3239} INFO - Sync 1 DAGs
[2024-12-29T18:41:03.169+0000] {logging_mixin.py:190} INFO - [2024-12-29T18:41:03.169+0000] {dag.py:4180} INFO - Setting next_dagrun for tutorial to 2024-12-28 00:00:00+00:00, run_after=2024-12-29 00:00:00+00:00
[2024-12-29T18:41:03.190+0000] {processor.py:208} INFO - Processing /home/airflow/.local/lib/python3.12/site-packages/airflow/example_dags/tutorial.py took 0.092 seconds
