[2025-01-09T02:16:22.402+0000] {processor.py:186} INFO - Started process (PID=73) to work on /opt/airflow/dags/crawl_data.py
[2025-01-09T02:16:22.407+0000] {processor.py:914} INFO - Processing file /opt/airflow/dags/crawl_data.py for tasks to queue
[2025-01-09T02:16:22.431+0000] {logging_mixin.py:190} INFO - [2025-01-09T02:16:22.430+0000] {dagbag.py:588} INFO - Filling up the DagBag from /opt/airflow/dags/crawl_data.py
[2025-01-09T02:16:28.991+0000] {processor.py:925} INFO - DAG(s) 'topcv_crawler_dag' retrieved from /opt/airflow/dags/crawl_data.py
[2025-01-09T02:16:31.717+0000] {logging_mixin.py:190} INFO - [2025-01-09T02:16:31.716+0000] {override.py:1911} INFO - Created Permission View: can edit on DAG:topcv_crawler_dag
[2025-01-09T02:16:31.809+0000] {logging_mixin.py:190} INFO - [2025-01-09T02:16:31.809+0000] {override.py:1911} INFO - Created Permission View: can read on DAG:topcv_crawler_dag
[2025-01-09T02:16:31.878+0000] {logging_mixin.py:190} INFO - [2025-01-09T02:16:31.878+0000] {override.py:1911} INFO - Created Permission View: can delete on DAG:topcv_crawler_dag
[2025-01-09T02:16:31.886+0000] {logging_mixin.py:190} INFO - [2025-01-09T02:16:31.886+0000] {override.py:1911} INFO - Created Permission View: can create on DAG Run:topcv_crawler_dag
[2025-01-09T02:16:31.900+0000] {logging_mixin.py:190} INFO - [2025-01-09T02:16:31.900+0000] {override.py:1911} INFO - Created Permission View: menu access on DAG Run:topcv_crawler_dag
[2025-01-09T02:16:31.946+0000] {logging_mixin.py:190} INFO - [2025-01-09T02:16:31.944+0000] {override.py:1911} INFO - Created Permission View: can read on DAG Run:topcv_crawler_dag
[2025-01-09T02:16:31.998+0000] {logging_mixin.py:190} INFO - [2025-01-09T02:16:31.998+0000] {override.py:1911} INFO - Created Permission View: can delete on DAG Run:topcv_crawler_dag
[2025-01-09T02:16:32.005+0000] {logging_mixin.py:190} INFO - [2025-01-09T02:16:32.004+0000] {dag.py:3239} INFO - Sync 1 DAGs
[2025-01-09T02:16:32.148+0000] {logging_mixin.py:190} INFO - [2025-01-09T02:16:32.147+0000] {dag.py:3262} INFO - Creating ORM DAG for topcv_crawler_dag
[2025-01-09T02:16:32.379+0000] {logging_mixin.py:190} INFO - [2025-01-09T02:16:32.379+0000] {dag.py:4180} INFO - Setting next_dagrun for topcv_crawler_dag to 2025-01-08 00:00:00+00:00, run_after=2025-01-09 00:00:00+00:00
[2025-01-09T02:16:32.916+0000] {processor.py:208} INFO - Processing /opt/airflow/dags/crawl_data.py took 10.540 seconds
[2025-01-09T02:18:11.882+0000] {processor.py:186} INFO - Started process (PID=148) to work on /opt/airflow/dags/crawl_data.py
[2025-01-09T02:18:11.978+0000] {processor.py:914} INFO - Processing file /opt/airflow/dags/crawl_data.py for tasks to queue
[2025-01-09T02:18:12.023+0000] {logging_mixin.py:190} INFO - [2025-01-09T02:18:12.022+0000] {dagbag.py:588} INFO - Filling up the DagBag from /opt/airflow/dags/crawl_data.py
[2025-01-09T02:18:12.563+0000] {processor.py:925} INFO - DAG(s) 'topcv_crawler_dag' retrieved from /opt/airflow/dags/crawl_data.py
[2025-01-09T02:18:12.581+0000] {logging_mixin.py:190} INFO - [2025-01-09T02:18:12.580+0000] {dag.py:3239} INFO - Sync 1 DAGs
[2025-01-09T02:18:12.615+0000] {logging_mixin.py:190} INFO - [2025-01-09T02:18:12.615+0000] {dag.py:4180} INFO - Setting next_dagrun for topcv_crawler_dag to 2025-01-08 00:00:00+00:00, run_after=2025-01-09 00:00:00+00:00
[2025-01-09T02:18:12.771+0000] {processor.py:208} INFO - Processing /opt/airflow/dags/crawl_data.py took 0.895 seconds
[2025-01-09T02:18:44.297+0000] {processor.py:186} INFO - Started process (PID=210) to work on /opt/airflow/dags/crawl_data.py
[2025-01-09T02:18:44.299+0000] {processor.py:914} INFO - Processing file /opt/airflow/dags/crawl_data.py for tasks to queue
[2025-01-09T02:18:44.305+0000] {logging_mixin.py:190} INFO - [2025-01-09T02:18:44.304+0000] {dagbag.py:588} INFO - Filling up the DagBag from /opt/airflow/dags/crawl_data.py
[2025-01-09T02:18:45.076+0000] {processor.py:925} INFO - DAG(s) 'topcv_crawler_dag' retrieved from /opt/airflow/dags/crawl_data.py
[2025-01-09T02:18:45.184+0000] {logging_mixin.py:190} INFO - [2025-01-09T02:18:45.183+0000] {dag.py:3239} INFO - Sync 1 DAGs
[2025-01-09T02:18:45.275+0000] {logging_mixin.py:190} INFO - [2025-01-09T02:18:45.274+0000] {dag.py:4180} INFO - Setting next_dagrun for topcv_crawler_dag to 2025-01-08 00:00:00+00:00, run_after=2025-01-09 00:00:00+00:00
[2025-01-09T02:18:46.143+0000] {processor.py:208} INFO - Processing /opt/airflow/dags/crawl_data.py took 1.866 seconds
[2025-01-09T02:19:19.176+0000] {processor.py:186} INFO - Started process (PID=257) to work on /opt/airflow/dags/crawl_data.py
[2025-01-09T02:19:19.235+0000] {processor.py:914} INFO - Processing file /opt/airflow/dags/crawl_data.py for tasks to queue
[2025-01-09T02:19:19.282+0000] {logging_mixin.py:190} INFO - [2025-01-09T02:19:19.280+0000] {dagbag.py:588} INFO - Filling up the DagBag from /opt/airflow/dags/crawl_data.py
[2025-01-09T02:19:21.238+0000] {processor.py:925} INFO - DAG(s) 'topcv_crawler_dag' retrieved from /opt/airflow/dags/crawl_data.py
[2025-01-09T02:19:21.530+0000] {logging_mixin.py:190} INFO - [2025-01-09T02:19:21.530+0000] {dag.py:3239} INFO - Sync 1 DAGs
[2025-01-09T02:19:21.720+0000] {logging_mixin.py:190} INFO - [2025-01-09T02:19:21.719+0000] {dag.py:4180} INFO - Setting next_dagrun for topcv_crawler_dag to 2025-01-08 00:00:00+00:00, run_after=2025-01-09 00:00:00+00:00
[2025-01-09T02:19:21.859+0000] {processor.py:208} INFO - Processing /opt/airflow/dags/crawl_data.py took 2.847 seconds
[2025-01-09T02:20:23.376+0000] {processor.py:186} INFO - Started process (PID=311) to work on /opt/airflow/dags/crawl_data.py
[2025-01-09T02:20:23.413+0000] {processor.py:914} INFO - Processing file /opt/airflow/dags/crawl_data.py for tasks to queue
[2025-01-09T02:20:23.601+0000] {logging_mixin.py:190} INFO - [2025-01-09T02:20:23.599+0000] {dagbag.py:588} INFO - Filling up the DagBag from /opt/airflow/dags/crawl_data.py
[2025-01-09T02:20:31.081+0000] {logging_mixin.py:190} INFO - [2025-01-09T02:20:31.081+0000] {process_utils.py:266} INFO - Waiting up to 5 seconds for processes to exit...
[2025-01-09T02:27:36.469+0000] {processor.py:186} INFO - Started process (PID=62) to work on /opt/airflow/dags/crawl_data.py
[2025-01-09T02:27:36.471+0000] {processor.py:914} INFO - Processing file /opt/airflow/dags/crawl_data.py for tasks to queue
[2025-01-09T02:27:36.478+0000] {logging_mixin.py:190} INFO - [2025-01-09T02:27:36.478+0000] {dagbag.py:588} INFO - Filling up the DagBag from /opt/airflow/dags/crawl_data.py
[2025-01-09T02:27:36.939+0000] {processor.py:925} INFO - DAG(s) 'topcv_crawler_dag' retrieved from /opt/airflow/dags/crawl_data.py
[2025-01-09T02:27:37.789+0000] {logging_mixin.py:190} INFO - [2025-01-09T02:27:37.788+0000] {override.py:1911} INFO - Created Permission View: can delete on DAG:topcv_crawler_dag
[2025-01-09T02:27:37.815+0000] {logging_mixin.py:190} INFO - [2025-01-09T02:27:37.814+0000] {override.py:1911} INFO - Created Permission View: can read on DAG:topcv_crawler_dag
[2025-01-09T02:27:37.826+0000] {logging_mixin.py:190} INFO - [2025-01-09T02:27:37.825+0000] {override.py:1911} INFO - Created Permission View: can edit on DAG:topcv_crawler_dag
[2025-01-09T02:27:37.836+0000] {logging_mixin.py:190} INFO - [2025-01-09T02:27:37.835+0000] {override.py:1911} INFO - Created Permission View: can delete on DAG Run:topcv_crawler_dag
[2025-01-09T02:27:37.844+0000] {logging_mixin.py:190} INFO - [2025-01-09T02:27:37.843+0000] {override.py:1911} INFO - Created Permission View: menu access on DAG Run:topcv_crawler_dag
[2025-01-09T02:27:37.853+0000] {logging_mixin.py:190} INFO - [2025-01-09T02:27:37.853+0000] {override.py:1911} INFO - Created Permission View: can create on DAG Run:topcv_crawler_dag
[2025-01-09T02:27:37.863+0000] {logging_mixin.py:190} INFO - [2025-01-09T02:27:37.863+0000] {override.py:1911} INFO - Created Permission View: can read on DAG Run:topcv_crawler_dag
[2025-01-09T02:27:37.864+0000] {logging_mixin.py:190} INFO - [2025-01-09T02:27:37.864+0000] {dag.py:3239} INFO - Sync 1 DAGs
[2025-01-09T02:27:37.887+0000] {logging_mixin.py:190} INFO - [2025-01-09T02:27:37.887+0000] {dag.py:3262} INFO - Creating ORM DAG for topcv_crawler_dag
[2025-01-09T02:27:37.905+0000] {logging_mixin.py:190} INFO - [2025-01-09T02:27:37.904+0000] {dag.py:4180} INFO - Setting next_dagrun for topcv_crawler_dag to 2025-01-08 00:00:00+00:00, run_after=2025-01-09 00:00:00+00:00
[2025-01-09T02:27:37.932+0000] {processor.py:208} INFO - Processing /opt/airflow/dags/crawl_data.py took 1.481 seconds
[2025-01-09T02:28:08.333+0000] {processor.py:186} INFO - Started process (PID=68) to work on /opt/airflow/dags/crawl_data.py
[2025-01-09T02:28:08.337+0000] {processor.py:914} INFO - Processing file /opt/airflow/dags/crawl_data.py for tasks to queue
[2025-01-09T02:28:08.343+0000] {logging_mixin.py:190} INFO - [2025-01-09T02:28:08.342+0000] {dagbag.py:588} INFO - Filling up the DagBag from /opt/airflow/dags/crawl_data.py
[2025-01-09T02:28:08.590+0000] {processor.py:925} INFO - DAG(s) 'topcv_crawler_dag' retrieved from /opt/airflow/dags/crawl_data.py
[2025-01-09T02:28:08.648+0000] {logging_mixin.py:190} INFO - [2025-01-09T02:28:08.647+0000] {dag.py:3239} INFO - Sync 1 DAGs
[2025-01-09T02:28:09.047+0000] {logging_mixin.py:190} INFO - [2025-01-09T02:28:09.047+0000] {dag.py:4180} INFO - Setting next_dagrun for topcv_crawler_dag to 2025-01-08 00:00:00+00:00, run_after=2025-01-09 00:00:00+00:00
[2025-01-09T02:28:09.078+0000] {processor.py:208} INFO - Processing /opt/airflow/dags/crawl_data.py took 0.754 seconds
[2025-01-09T02:28:39.356+0000] {processor.py:186} INFO - Started process (PID=75) to work on /opt/airflow/dags/crawl_data.py
[2025-01-09T02:28:39.358+0000] {processor.py:914} INFO - Processing file /opt/airflow/dags/crawl_data.py for tasks to queue
[2025-01-09T02:28:39.360+0000] {logging_mixin.py:190} INFO - [2025-01-09T02:28:39.360+0000] {dagbag.py:588} INFO - Filling up the DagBag from /opt/airflow/dags/crawl_data.py
[2025-01-09T02:28:39.501+0000] {processor.py:925} INFO - DAG(s) 'topcv_crawler_dag' retrieved from /opt/airflow/dags/crawl_data.py
[2025-01-09T02:28:39.665+0000] {logging_mixin.py:190} INFO - [2025-01-09T02:28:39.665+0000] {dag.py:3239} INFO - Sync 1 DAGs
[2025-01-09T02:28:39.690+0000] {logging_mixin.py:190} INFO - [2025-01-09T02:28:39.690+0000] {dag.py:4180} INFO - Setting next_dagrun for topcv_crawler_dag to 2025-01-08 00:00:00+00:00, run_after=2025-01-09 00:00:00+00:00
[2025-01-09T02:28:39.710+0000] {processor.py:208} INFO - Processing /opt/airflow/dags/crawl_data.py took 0.360 seconds
[2025-01-09T02:29:09.921+0000] {processor.py:186} INFO - Started process (PID=82) to work on /opt/airflow/dags/crawl_data.py
[2025-01-09T02:29:09.922+0000] {processor.py:914} INFO - Processing file /opt/airflow/dags/crawl_data.py for tasks to queue
[2025-01-09T02:29:09.925+0000] {logging_mixin.py:190} INFO - [2025-01-09T02:29:09.924+0000] {dagbag.py:588} INFO - Filling up the DagBag from /opt/airflow/dags/crawl_data.py
[2025-01-09T02:29:10.200+0000] {processor.py:925} INFO - DAG(s) 'topcv_crawler_dag' retrieved from /opt/airflow/dags/crawl_data.py
[2025-01-09T02:29:10.222+0000] {logging_mixin.py:190} INFO - [2025-01-09T02:29:10.222+0000] {dag.py:3239} INFO - Sync 1 DAGs
[2025-01-09T02:29:10.244+0000] {logging_mixin.py:190} INFO - [2025-01-09T02:29:10.244+0000] {dag.py:4180} INFO - Setting next_dagrun for topcv_crawler_dag to 2025-01-08 00:00:00+00:00, run_after=2025-01-09 00:00:00+00:00
[2025-01-09T02:29:10.262+0000] {processor.py:208} INFO - Processing /opt/airflow/dags/crawl_data.py took 0.347 seconds
[2025-01-09T02:29:40.517+0000] {processor.py:186} INFO - Started process (PID=89) to work on /opt/airflow/dags/crawl_data.py
[2025-01-09T02:29:40.518+0000] {processor.py:914} INFO - Processing file /opt/airflow/dags/crawl_data.py for tasks to queue
[2025-01-09T02:29:40.521+0000] {logging_mixin.py:190} INFO - [2025-01-09T02:29:40.521+0000] {dagbag.py:588} INFO - Filling up the DagBag from /opt/airflow/dags/crawl_data.py
[2025-01-09T02:29:40.799+0000] {processor.py:925} INFO - DAG(s) 'topcv_crawler_dag' retrieved from /opt/airflow/dags/crawl_data.py
[2025-01-09T02:29:40.823+0000] {logging_mixin.py:190} INFO - [2025-01-09T02:29:40.823+0000] {dag.py:3239} INFO - Sync 1 DAGs
[2025-01-09T02:29:40.845+0000] {logging_mixin.py:190} INFO - [2025-01-09T02:29:40.845+0000] {dag.py:4180} INFO - Setting next_dagrun for topcv_crawler_dag to 2025-01-08 00:00:00+00:00, run_after=2025-01-09 00:00:00+00:00
[2025-01-09T02:29:40.863+0000] {processor.py:208} INFO - Processing /opt/airflow/dags/crawl_data.py took 0.352 seconds
[2025-01-09T02:30:11.100+0000] {processor.py:186} INFO - Started process (PID=97) to work on /opt/airflow/dags/crawl_data.py
[2025-01-09T02:30:11.101+0000] {processor.py:914} INFO - Processing file /opt/airflow/dags/crawl_data.py for tasks to queue
[2025-01-09T02:30:11.103+0000] {logging_mixin.py:190} INFO - [2025-01-09T02:30:11.103+0000] {dagbag.py:588} INFO - Filling up the DagBag from /opt/airflow/dags/crawl_data.py
[2025-01-09T02:30:11.370+0000] {processor.py:925} INFO - DAG(s) 'topcv_crawler_dag' retrieved from /opt/airflow/dags/crawl_data.py
[2025-01-09T02:30:11.403+0000] {logging_mixin.py:190} INFO - [2025-01-09T02:30:11.403+0000] {dag.py:3239} INFO - Sync 1 DAGs
[2025-01-09T02:30:11.432+0000] {logging_mixin.py:190} INFO - [2025-01-09T02:30:11.432+0000] {dag.py:4180} INFO - Setting next_dagrun for topcv_crawler_dag to 2025-01-08 00:00:00+00:00, run_after=2025-01-09 00:00:00+00:00
[2025-01-09T02:30:11.453+0000] {processor.py:208} INFO - Processing /opt/airflow/dags/crawl_data.py took 0.358 seconds
[2025-01-09T02:30:41.666+0000] {processor.py:186} INFO - Started process (PID=104) to work on /opt/airflow/dags/crawl_data.py
[2025-01-09T02:30:41.667+0000] {processor.py:914} INFO - Processing file /opt/airflow/dags/crawl_data.py for tasks to queue
[2025-01-09T02:30:41.669+0000] {logging_mixin.py:190} INFO - [2025-01-09T02:30:41.669+0000] {dagbag.py:588} INFO - Filling up the DagBag from /opt/airflow/dags/crawl_data.py
[2025-01-09T02:30:41.909+0000] {processor.py:925} INFO - DAG(s) 'topcv_crawler_dag' retrieved from /opt/airflow/dags/crawl_data.py
[2025-01-09T02:30:41.929+0000] {logging_mixin.py:190} INFO - [2025-01-09T02:30:41.929+0000] {dag.py:3239} INFO - Sync 1 DAGs
[2025-01-09T02:30:41.950+0000] {logging_mixin.py:190} INFO - [2025-01-09T02:30:41.950+0000] {dag.py:4180} INFO - Setting next_dagrun for topcv_crawler_dag to 2025-01-08 00:00:00+00:00, run_after=2025-01-09 00:00:00+00:00
[2025-01-09T02:30:41.966+0000] {processor.py:208} INFO - Processing /opt/airflow/dags/crawl_data.py took 0.305 seconds
[2025-01-09T02:31:12.336+0000] {processor.py:186} INFO - Started process (PID=117) to work on /opt/airflow/dags/crawl_data.py
[2025-01-09T02:31:12.344+0000] {processor.py:914} INFO - Processing file /opt/airflow/dags/crawl_data.py for tasks to queue
[2025-01-09T02:31:12.353+0000] {logging_mixin.py:190} INFO - [2025-01-09T02:31:12.352+0000] {dagbag.py:588} INFO - Filling up the DagBag from /opt/airflow/dags/crawl_data.py
[2025-01-09T02:31:12.803+0000] {processor.py:925} INFO - DAG(s) 'topcv_crawler_dag' retrieved from /opt/airflow/dags/crawl_data.py
[2025-01-09T02:31:12.826+0000] {logging_mixin.py:190} INFO - [2025-01-09T02:31:12.826+0000] {dag.py:3239} INFO - Sync 1 DAGs
[2025-01-09T02:31:12.851+0000] {logging_mixin.py:190} INFO - [2025-01-09T02:31:12.851+0000] {dag.py:4180} INFO - Setting next_dagrun for topcv_crawler_dag to 2025-01-08 00:00:00+00:00, run_after=2025-01-09 00:00:00+00:00
[2025-01-09T02:31:12.882+0000] {processor.py:208} INFO - Processing /opt/airflow/dags/crawl_data.py took 0.576 seconds
[2025-01-09T02:31:43.170+0000] {processor.py:186} INFO - Started process (PID=125) to work on /opt/airflow/dags/crawl_data.py
[2025-01-09T02:31:43.173+0000] {processor.py:914} INFO - Processing file /opt/airflow/dags/crawl_data.py for tasks to queue
[2025-01-09T02:31:43.187+0000] {logging_mixin.py:190} INFO - [2025-01-09T02:31:43.185+0000] {dagbag.py:588} INFO - Filling up the DagBag from /opt/airflow/dags/crawl_data.py
[2025-01-09T02:31:44.068+0000] {processor.py:925} INFO - DAG(s) 'topcv_crawler_dag' retrieved from /opt/airflow/dags/crawl_data.py
[2025-01-09T02:31:44.162+0000] {logging_mixin.py:190} INFO - [2025-01-09T02:31:44.145+0000] {dag.py:3239} INFO - Sync 1 DAGs
[2025-01-09T02:31:44.225+0000] {logging_mixin.py:190} INFO - [2025-01-09T02:31:44.225+0000] {dag.py:4180} INFO - Setting next_dagrun for topcv_crawler_dag to 2025-01-08 00:00:00+00:00, run_after=2025-01-09 00:00:00+00:00
[2025-01-09T02:31:44.286+0000] {processor.py:208} INFO - Processing /opt/airflow/dags/crawl_data.py took 1.129 seconds
[2025-01-09T02:32:14.449+0000] {processor.py:186} INFO - Started process (PID=133) to work on /opt/airflow/dags/crawl_data.py
[2025-01-09T02:32:14.450+0000] {processor.py:914} INFO - Processing file /opt/airflow/dags/crawl_data.py for tasks to queue
[2025-01-09T02:32:14.453+0000] {logging_mixin.py:190} INFO - [2025-01-09T02:32:14.453+0000] {dagbag.py:588} INFO - Filling up the DagBag from /opt/airflow/dags/crawl_data.py
[2025-01-09T02:32:14.744+0000] {processor.py:925} INFO - DAG(s) 'topcv_crawler_dag' retrieved from /opt/airflow/dags/crawl_data.py
[2025-01-09T02:32:14.766+0000] {logging_mixin.py:190} INFO - [2025-01-09T02:32:14.765+0000] {dag.py:3239} INFO - Sync 1 DAGs
[2025-01-09T02:32:14.788+0000] {logging_mixin.py:190} INFO - [2025-01-09T02:32:14.788+0000] {dag.py:4180} INFO - Setting next_dagrun for topcv_crawler_dag to 2025-01-08 00:00:00+00:00, run_after=2025-01-09 00:00:00+00:00
[2025-01-09T02:32:14.803+0000] {processor.py:208} INFO - Processing /opt/airflow/dags/crawl_data.py took 0.361 seconds
[2025-01-09T02:32:44.910+0000] {processor.py:186} INFO - Started process (PID=139) to work on /opt/airflow/dags/crawl_data.py
[2025-01-09T02:32:44.911+0000] {processor.py:914} INFO - Processing file /opt/airflow/dags/crawl_data.py for tasks to queue
[2025-01-09T02:32:44.914+0000] {logging_mixin.py:190} INFO - [2025-01-09T02:32:44.914+0000] {dagbag.py:588} INFO - Filling up the DagBag from /opt/airflow/dags/crawl_data.py
[2025-01-09T02:32:45.071+0000] {processor.py:925} INFO - DAG(s) 'topcv_crawler_dag' retrieved from /opt/airflow/dags/crawl_data.py
[2025-01-09T02:32:45.101+0000] {logging_mixin.py:190} INFO - [2025-01-09T02:32:45.100+0000] {dag.py:3239} INFO - Sync 1 DAGs
[2025-01-09T02:32:45.128+0000] {logging_mixin.py:190} INFO - [2025-01-09T02:32:45.128+0000] {dag.py:4180} INFO - Setting next_dagrun for topcv_crawler_dag to 2025-01-08 00:00:00+00:00, run_after=2025-01-09 00:00:00+00:00
[2025-01-09T02:32:45.152+0000] {processor.py:208} INFO - Processing /opt/airflow/dags/crawl_data.py took 0.250 seconds
[2025-01-09T02:33:15.337+0000] {processor.py:186} INFO - Started process (PID=147) to work on /opt/airflow/dags/crawl_data.py
[2025-01-09T02:33:15.344+0000] {processor.py:914} INFO - Processing file /opt/airflow/dags/crawl_data.py for tasks to queue
[2025-01-09T02:33:15.352+0000] {logging_mixin.py:190} INFO - [2025-01-09T02:33:15.351+0000] {dagbag.py:588} INFO - Filling up the DagBag from /opt/airflow/dags/crawl_data.py
[2025-01-09T02:33:15.613+0000] {processor.py:925} INFO - DAG(s) 'topcv_crawler_dag' retrieved from /opt/airflow/dags/crawl_data.py
[2025-01-09T02:33:15.653+0000] {logging_mixin.py:190} INFO - [2025-01-09T02:33:15.652+0000] {dag.py:3239} INFO - Sync 1 DAGs
[2025-01-09T02:33:15.691+0000] {logging_mixin.py:190} INFO - [2025-01-09T02:33:15.690+0000] {dag.py:4180} INFO - Setting next_dagrun for topcv_crawler_dag to 2025-01-08 00:00:00+00:00, run_after=2025-01-09 00:00:00+00:00
[2025-01-09T02:33:15.730+0000] {processor.py:208} INFO - Processing /opt/airflow/dags/crawl_data.py took 0.409 seconds
[2025-01-09T02:38:32.178+0000] {processor.py:186} INFO - Started process (PID=62) to work on /opt/airflow/dags/crawl_data.py
[2025-01-09T02:38:32.180+0000] {processor.py:914} INFO - Processing file /opt/airflow/dags/crawl_data.py for tasks to queue
[2025-01-09T02:38:32.188+0000] {logging_mixin.py:190} INFO - [2025-01-09T02:38:32.188+0000] {dagbag.py:588} INFO - Filling up the DagBag from /opt/airflow/dags/crawl_data.py
[2025-01-09T02:38:32.612+0000] {processor.py:925} INFO - DAG(s) 'topcv_crawler_dag' retrieved from /opt/airflow/dags/crawl_data.py
[2025-01-09T02:38:33.396+0000] {logging_mixin.py:190} INFO - [2025-01-09T02:38:33.395+0000] {override.py:1911} INFO - Created Permission View: can edit on DAG:topcv_crawler_dag
[2025-01-09T02:38:33.417+0000] {logging_mixin.py:190} INFO - [2025-01-09T02:38:33.416+0000] {override.py:1911} INFO - Created Permission View: can read on DAG:topcv_crawler_dag
[2025-01-09T02:38:33.429+0000] {logging_mixin.py:190} INFO - [2025-01-09T02:38:33.429+0000] {override.py:1911} INFO - Created Permission View: can delete on DAG:topcv_crawler_dag
[2025-01-09T02:38:33.438+0000] {logging_mixin.py:190} INFO - [2025-01-09T02:38:33.438+0000] {override.py:1911} INFO - Created Permission View: menu access on DAG Run:topcv_crawler_dag
[2025-01-09T02:38:33.449+0000] {logging_mixin.py:190} INFO - [2025-01-09T02:38:33.449+0000] {override.py:1911} INFO - Created Permission View: can read on DAG Run:topcv_crawler_dag
[2025-01-09T02:38:33.463+0000] {logging_mixin.py:190} INFO - [2025-01-09T02:38:33.463+0000] {override.py:1911} INFO - Created Permission View: can delete on DAG Run:topcv_crawler_dag
[2025-01-09T02:38:33.477+0000] {logging_mixin.py:190} INFO - [2025-01-09T02:38:33.477+0000] {override.py:1911} INFO - Created Permission View: can create on DAG Run:topcv_crawler_dag
[2025-01-09T02:38:33.478+0000] {logging_mixin.py:190} INFO - [2025-01-09T02:38:33.478+0000] {dag.py:3239} INFO - Sync 1 DAGs
[2025-01-09T02:38:33.509+0000] {logging_mixin.py:190} INFO - [2025-01-09T02:38:33.508+0000] {dag.py:3262} INFO - Creating ORM DAG for topcv_crawler_dag
[2025-01-09T02:38:33.530+0000] {logging_mixin.py:190} INFO - [2025-01-09T02:38:33.530+0000] {dag.py:4180} INFO - Setting next_dagrun for topcv_crawler_dag to 2025-01-08 00:00:00+00:00, run_after=2025-01-09 00:00:00+00:00
[2025-01-09T02:38:33.564+0000] {processor.py:208} INFO - Processing /opt/airflow/dags/crawl_data.py took 1.402 seconds
[2025-01-09T02:39:03.821+0000] {processor.py:186} INFO - Started process (PID=69) to work on /opt/airflow/dags/crawl_data.py
[2025-01-09T02:39:03.822+0000] {processor.py:914} INFO - Processing file /opt/airflow/dags/crawl_data.py for tasks to queue
[2025-01-09T02:39:03.825+0000] {logging_mixin.py:190} INFO - [2025-01-09T02:39:03.825+0000] {dagbag.py:588} INFO - Filling up the DagBag from /opt/airflow/dags/crawl_data.py
[2025-01-09T02:39:03.978+0000] {processor.py:925} INFO - DAG(s) 'topcv_crawler_dag' retrieved from /opt/airflow/dags/crawl_data.py
[2025-01-09T02:39:04.008+0000] {logging_mixin.py:190} INFO - [2025-01-09T02:39:04.007+0000] {dag.py:3239} INFO - Sync 1 DAGs
[2025-01-09T02:39:04.195+0000] {logging_mixin.py:190} INFO - [2025-01-09T02:39:04.195+0000] {dag.py:4180} INFO - Setting next_dagrun for topcv_crawler_dag to 2025-01-08 00:00:00+00:00, run_after=2025-01-09 00:00:00+00:00
[2025-01-09T02:39:04.214+0000] {processor.py:208} INFO - Processing /opt/airflow/dags/crawl_data.py took 0.398 seconds
[2025-01-09T02:39:34.496+0000] {processor.py:186} INFO - Started process (PID=77) to work on /opt/airflow/dags/crawl_data.py
[2025-01-09T02:39:34.497+0000] {processor.py:914} INFO - Processing file /opt/airflow/dags/crawl_data.py for tasks to queue
[2025-01-09T02:39:34.499+0000] {logging_mixin.py:190} INFO - [2025-01-09T02:39:34.499+0000] {dagbag.py:588} INFO - Filling up the DagBag from /opt/airflow/dags/crawl_data.py
[2025-01-09T02:39:34.642+0000] {processor.py:925} INFO - DAG(s) 'topcv_crawler_dag' retrieved from /opt/airflow/dags/crawl_data.py
[2025-01-09T02:39:34.810+0000] {logging_mixin.py:190} INFO - [2025-01-09T02:39:34.810+0000] {dag.py:3239} INFO - Sync 1 DAGs
[2025-01-09T02:39:34.838+0000] {logging_mixin.py:190} INFO - [2025-01-09T02:39:34.838+0000] {dag.py:4180} INFO - Setting next_dagrun for topcv_crawler_dag to 2025-01-09 00:00:00+00:00, run_after=2025-01-10 00:00:00+00:00
[2025-01-09T02:39:34.870+0000] {processor.py:208} INFO - Processing /opt/airflow/dags/crawl_data.py took 0.381 seconds
[2025-01-09T02:40:05.109+0000] {processor.py:186} INFO - Started process (PID=84) to work on /opt/airflow/dags/crawl_data.py
[2025-01-09T02:40:05.110+0000] {processor.py:914} INFO - Processing file /opt/airflow/dags/crawl_data.py for tasks to queue
[2025-01-09T02:40:05.113+0000] {logging_mixin.py:190} INFO - [2025-01-09T02:40:05.112+0000] {dagbag.py:588} INFO - Filling up the DagBag from /opt/airflow/dags/crawl_data.py
[2025-01-09T02:40:05.488+0000] {processor.py:925} INFO - DAG(s) 'topcv_crawler_dag' retrieved from /opt/airflow/dags/crawl_data.py
[2025-01-09T02:40:05.521+0000] {logging_mixin.py:190} INFO - [2025-01-09T02:40:05.520+0000] {dag.py:3239} INFO - Sync 1 DAGs
[2025-01-09T02:40:05.549+0000] {logging_mixin.py:190} INFO - [2025-01-09T02:40:05.549+0000] {dag.py:4180} INFO - Setting next_dagrun for topcv_crawler_dag to 2025-01-09 00:00:00+00:00, run_after=2025-01-10 00:00:00+00:00
[2025-01-09T02:40:05.568+0000] {processor.py:208} INFO - Processing /opt/airflow/dags/crawl_data.py took 0.466 seconds
[2025-01-09T02:40:35.842+0000] {processor.py:186} INFO - Started process (PID=92) to work on /opt/airflow/dags/crawl_data.py
[2025-01-09T02:40:35.843+0000] {processor.py:914} INFO - Processing file /opt/airflow/dags/crawl_data.py for tasks to queue
[2025-01-09T02:40:35.847+0000] {logging_mixin.py:190} INFO - [2025-01-09T02:40:35.846+0000] {dagbag.py:588} INFO - Filling up the DagBag from /opt/airflow/dags/crawl_data.py
[2025-01-09T02:40:36.352+0000] {processor.py:925} INFO - DAG(s) 'topcv_crawler_dag' retrieved from /opt/airflow/dags/crawl_data.py
[2025-01-09T02:40:36.383+0000] {logging_mixin.py:190} INFO - [2025-01-09T02:40:36.383+0000] {dag.py:3239} INFO - Sync 1 DAGs
[2025-01-09T02:40:36.421+0000] {logging_mixin.py:190} INFO - [2025-01-09T02:40:36.420+0000] {dag.py:4180} INFO - Setting next_dagrun for topcv_crawler_dag to 2025-01-09 00:00:00+00:00, run_after=2025-01-10 00:00:00+00:00
[2025-01-09T02:40:36.491+0000] {processor.py:208} INFO - Processing /opt/airflow/dags/crawl_data.py took 0.657 seconds
[2025-01-09T02:41:07.324+0000] {processor.py:186} INFO - Started process (PID=99) to work on /opt/airflow/dags/crawl_data.py
[2025-01-09T02:41:07.328+0000] {processor.py:914} INFO - Processing file /opt/airflow/dags/crawl_data.py for tasks to queue
[2025-01-09T02:41:07.337+0000] {logging_mixin.py:190} INFO - [2025-01-09T02:41:07.336+0000] {dagbag.py:588} INFO - Filling up the DagBag from /opt/airflow/dags/crawl_data.py
[2025-01-09T02:41:08.457+0000] {processor.py:925} INFO - DAG(s) 'topcv_crawler_dag' retrieved from /opt/airflow/dags/crawl_data.py
[2025-01-09T02:41:08.563+0000] {logging_mixin.py:190} INFO - [2025-01-09T02:41:08.561+0000] {dag.py:3239} INFO - Sync 1 DAGs
[2025-01-09T02:41:08.625+0000] {logging_mixin.py:190} INFO - [2025-01-09T02:41:08.624+0000] {dag.py:4180} INFO - Setting next_dagrun for topcv_crawler_dag to 2025-01-09 00:00:00+00:00, run_after=2025-01-10 00:00:00+00:00
[2025-01-09T02:41:08.663+0000] {processor.py:208} INFO - Processing /opt/airflow/dags/crawl_data.py took 1.399 seconds
[2025-01-09T02:41:38.984+0000] {processor.py:186} INFO - Started process (PID=107) to work on /opt/airflow/dags/crawl_data.py
[2025-01-09T02:41:38.987+0000] {processor.py:914} INFO - Processing file /opt/airflow/dags/crawl_data.py for tasks to queue
[2025-01-09T02:41:38.991+0000] {logging_mixin.py:190} INFO - [2025-01-09T02:41:38.991+0000] {dagbag.py:588} INFO - Filling up the DagBag from /opt/airflow/dags/crawl_data.py
[2025-01-09T02:41:39.405+0000] {processor.py:925} INFO - DAG(s) 'topcv_crawler_dag' retrieved from /opt/airflow/dags/crawl_data.py
[2025-01-09T02:41:39.437+0000] {logging_mixin.py:190} INFO - [2025-01-09T02:41:39.436+0000] {dag.py:3239} INFO - Sync 1 DAGs
[2025-01-09T02:41:39.469+0000] {logging_mixin.py:190} INFO - [2025-01-09T02:41:39.469+0000] {dag.py:4180} INFO - Setting next_dagrun for topcv_crawler_dag to 2025-01-09 00:00:00+00:00, run_after=2025-01-10 00:00:00+00:00
[2025-01-09T02:41:39.494+0000] {processor.py:208} INFO - Processing /opt/airflow/dags/crawl_data.py took 0.519 seconds
[2025-01-09T02:42:09.821+0000] {processor.py:186} INFO - Started process (PID=114) to work on /opt/airflow/dags/crawl_data.py
[2025-01-09T02:42:09.823+0000] {processor.py:914} INFO - Processing file /opt/airflow/dags/crawl_data.py for tasks to queue
[2025-01-09T02:42:09.828+0000] {logging_mixin.py:190} INFO - [2025-01-09T02:42:09.827+0000] {dagbag.py:588} INFO - Filling up the DagBag from /opt/airflow/dags/crawl_data.py
[2025-01-09T02:42:10.188+0000] {processor.py:925} INFO - DAG(s) 'topcv_crawler_dag' retrieved from /opt/airflow/dags/crawl_data.py
[2025-01-09T02:42:10.212+0000] {logging_mixin.py:190} INFO - [2025-01-09T02:42:10.211+0000] {dag.py:3239} INFO - Sync 1 DAGs
[2025-01-09T02:42:10.239+0000] {logging_mixin.py:190} INFO - [2025-01-09T02:42:10.239+0000] {dag.py:4180} INFO - Setting next_dagrun for topcv_crawler_dag to 2025-01-09 00:00:00+00:00, run_after=2025-01-10 00:00:00+00:00
[2025-01-09T02:42:10.258+0000] {processor.py:208} INFO - Processing /opt/airflow/dags/crawl_data.py took 0.446 seconds
[2025-01-09T02:42:40.518+0000] {processor.py:186} INFO - Started process (PID=121) to work on /opt/airflow/dags/crawl_data.py
[2025-01-09T02:42:40.519+0000] {processor.py:914} INFO - Processing file /opt/airflow/dags/crawl_data.py for tasks to queue
[2025-01-09T02:42:40.521+0000] {logging_mixin.py:190} INFO - [2025-01-09T02:42:40.521+0000] {dagbag.py:588} INFO - Filling up the DagBag from /opt/airflow/dags/crawl_data.py
[2025-01-09T02:42:40.769+0000] {processor.py:925} INFO - DAG(s) 'topcv_crawler_dag' retrieved from /opt/airflow/dags/crawl_data.py
[2025-01-09T02:42:40.788+0000] {logging_mixin.py:190} INFO - [2025-01-09T02:42:40.788+0000] {dag.py:3239} INFO - Sync 1 DAGs
[2025-01-09T02:42:40.809+0000] {logging_mixin.py:190} INFO - [2025-01-09T02:42:40.809+0000] {dag.py:4180} INFO - Setting next_dagrun for topcv_crawler_dag to 2025-01-09 00:00:00+00:00, run_after=2025-01-10 00:00:00+00:00
[2025-01-09T02:42:40.842+0000] {processor.py:208} INFO - Processing /opt/airflow/dags/crawl_data.py took 0.329 seconds
[2025-01-09T02:43:11.049+0000] {processor.py:186} INFO - Started process (PID=128) to work on /opt/airflow/dags/crawl_data.py
[2025-01-09T02:43:11.050+0000] {processor.py:914} INFO - Processing file /opt/airflow/dags/crawl_data.py for tasks to queue
[2025-01-09T02:43:11.053+0000] {logging_mixin.py:190} INFO - [2025-01-09T02:43:11.053+0000] {dagbag.py:588} INFO - Filling up the DagBag from /opt/airflow/dags/crawl_data.py
[2025-01-09T02:43:11.326+0000] {processor.py:925} INFO - DAG(s) 'topcv_crawler_dag' retrieved from /opt/airflow/dags/crawl_data.py
[2025-01-09T02:43:11.363+0000] {logging_mixin.py:190} INFO - [2025-01-09T02:43:11.362+0000] {dag.py:3239} INFO - Sync 1 DAGs
[2025-01-09T02:43:11.389+0000] {logging_mixin.py:190} INFO - [2025-01-09T02:43:11.389+0000] {dag.py:4180} INFO - Setting next_dagrun for topcv_crawler_dag to 2025-01-09 00:00:00+00:00, run_after=2025-01-10 00:00:00+00:00
[2025-01-09T02:43:11.429+0000] {processor.py:208} INFO - Processing /opt/airflow/dags/crawl_data.py took 0.386 seconds
[2025-01-09T02:43:41.849+0000] {processor.py:186} INFO - Started process (PID=141) to work on /opt/airflow/dags/crawl_data.py
[2025-01-09T02:43:41.849+0000] {processor.py:914} INFO - Processing file /opt/airflow/dags/crawl_data.py for tasks to queue
[2025-01-09T02:43:41.852+0000] {logging_mixin.py:190} INFO - [2025-01-09T02:43:41.851+0000] {dagbag.py:588} INFO - Filling up the DagBag from /opt/airflow/dags/crawl_data.py
[2025-01-09T02:43:41.967+0000] {processor.py:925} INFO - DAG(s) 'topcv_crawler_dag' retrieved from /opt/airflow/dags/crawl_data.py
[2025-01-09T02:43:41.991+0000] {logging_mixin.py:190} INFO - [2025-01-09T02:43:41.991+0000] {dag.py:3239} INFO - Sync 1 DAGs
[2025-01-09T02:43:42.019+0000] {logging_mixin.py:190} INFO - [2025-01-09T02:43:42.018+0000] {dag.py:4180} INFO - Setting next_dagrun for topcv_crawler_dag to 2025-01-09 00:00:00+00:00, run_after=2025-01-10 00:00:00+00:00
[2025-01-09T02:43:42.041+0000] {processor.py:208} INFO - Processing /opt/airflow/dags/crawl_data.py took 0.198 seconds
[2025-01-09T02:44:12.124+0000] {processor.py:186} INFO - Started process (PID=149) to work on /opt/airflow/dags/crawl_data.py
[2025-01-09T02:44:12.125+0000] {processor.py:914} INFO - Processing file /opt/airflow/dags/crawl_data.py for tasks to queue
[2025-01-09T02:44:12.128+0000] {logging_mixin.py:190} INFO - [2025-01-09T02:44:12.127+0000] {dagbag.py:588} INFO - Filling up the DagBag from /opt/airflow/dags/crawl_data.py
[2025-01-09T02:44:12.242+0000] {processor.py:925} INFO - DAG(s) 'topcv_crawler_dag' retrieved from /opt/airflow/dags/crawl_data.py
[2025-01-09T02:44:12.266+0000] {logging_mixin.py:190} INFO - [2025-01-09T02:44:12.265+0000] {dag.py:3239} INFO - Sync 1 DAGs
[2025-01-09T02:44:12.290+0000] {logging_mixin.py:190} INFO - [2025-01-09T02:44:12.290+0000] {dag.py:4180} INFO - Setting next_dagrun for topcv_crawler_dag to 2025-01-09 00:00:00+00:00, run_after=2025-01-10 00:00:00+00:00
[2025-01-09T02:44:12.307+0000] {processor.py:208} INFO - Processing /opt/airflow/dags/crawl_data.py took 0.188 seconds
[2025-01-09T02:44:42.552+0000] {processor.py:186} INFO - Started process (PID=156) to work on /opt/airflow/dags/crawl_data.py
[2025-01-09T02:44:42.553+0000] {processor.py:914} INFO - Processing file /opt/airflow/dags/crawl_data.py for tasks to queue
[2025-01-09T02:44:42.555+0000] {logging_mixin.py:190} INFO - [2025-01-09T02:44:42.555+0000] {dagbag.py:588} INFO - Filling up the DagBag from /opt/airflow/dags/crawl_data.py
[2025-01-09T02:44:42.671+0000] {processor.py:925} INFO - DAG(s) 'topcv_crawler_dag' retrieved from /opt/airflow/dags/crawl_data.py
[2025-01-09T02:44:42.693+0000] {logging_mixin.py:190} INFO - [2025-01-09T02:44:42.693+0000] {dag.py:3239} INFO - Sync 1 DAGs
[2025-01-09T02:44:42.731+0000] {logging_mixin.py:190} INFO - [2025-01-09T02:44:42.730+0000] {dag.py:4180} INFO - Setting next_dagrun for topcv_crawler_dag to 2025-01-09 00:00:00+00:00, run_after=2025-01-10 00:00:00+00:00
[2025-01-09T02:44:42.750+0000] {processor.py:208} INFO - Processing /opt/airflow/dags/crawl_data.py took 0.204 seconds
[2025-01-09T02:45:12.816+0000] {processor.py:186} INFO - Started process (PID=164) to work on /opt/airflow/dags/crawl_data.py
[2025-01-09T02:45:12.817+0000] {processor.py:914} INFO - Processing file /opt/airflow/dags/crawl_data.py for tasks to queue
[2025-01-09T02:45:12.819+0000] {logging_mixin.py:190} INFO - [2025-01-09T02:45:12.819+0000] {dagbag.py:588} INFO - Filling up the DagBag from /opt/airflow/dags/crawl_data.py
[2025-01-09T02:45:12.943+0000] {processor.py:925} INFO - DAG(s) 'topcv_crawler_dag' retrieved from /opt/airflow/dags/crawl_data.py
[2025-01-09T02:45:12.976+0000] {logging_mixin.py:190} INFO - [2025-01-09T02:45:12.975+0000] {dag.py:3239} INFO - Sync 1 DAGs
[2025-01-09T02:45:13.000+0000] {logging_mixin.py:190} INFO - [2025-01-09T02:45:12.999+0000] {dag.py:4180} INFO - Setting next_dagrun for topcv_crawler_dag to 2025-01-09 00:00:00+00:00, run_after=2025-01-10 00:00:00+00:00
[2025-01-09T02:45:13.019+0000] {processor.py:208} INFO - Processing /opt/airflow/dags/crawl_data.py took 0.209 seconds
[2025-01-09T02:45:43.087+0000] {processor.py:186} INFO - Started process (PID=172) to work on /opt/airflow/dags/crawl_data.py
[2025-01-09T02:45:43.088+0000] {processor.py:914} INFO - Processing file /opt/airflow/dags/crawl_data.py for tasks to queue
[2025-01-09T02:45:43.090+0000] {logging_mixin.py:190} INFO - [2025-01-09T02:45:43.090+0000] {dagbag.py:588} INFO - Filling up the DagBag from /opt/airflow/dags/crawl_data.py
[2025-01-09T02:45:43.213+0000] {processor.py:925} INFO - DAG(s) 'topcv_crawler_dag' retrieved from /opt/airflow/dags/crawl_data.py
[2025-01-09T02:45:43.237+0000] {logging_mixin.py:190} INFO - [2025-01-09T02:45:43.237+0000] {dag.py:3239} INFO - Sync 1 DAGs
[2025-01-09T02:45:43.262+0000] {logging_mixin.py:190} INFO - [2025-01-09T02:45:43.262+0000] {dag.py:4180} INFO - Setting next_dagrun for topcv_crawler_dag to 2025-01-09 00:00:00+00:00, run_after=2025-01-10 00:00:00+00:00
[2025-01-09T02:45:43.281+0000] {processor.py:208} INFO - Processing /opt/airflow/dags/crawl_data.py took 0.201 seconds
[2025-01-09T02:46:13.540+0000] {processor.py:186} INFO - Started process (PID=179) to work on /opt/airflow/dags/crawl_data.py
[2025-01-09T02:46:13.541+0000] {processor.py:914} INFO - Processing file /opt/airflow/dags/crawl_data.py for tasks to queue
[2025-01-09T02:46:13.544+0000] {logging_mixin.py:190} INFO - [2025-01-09T02:46:13.543+0000] {dagbag.py:588} INFO - Filling up the DagBag from /opt/airflow/dags/crawl_data.py
[2025-01-09T02:46:13.675+0000] {processor.py:925} INFO - DAG(s) 'topcv_crawler_dag' retrieved from /opt/airflow/dags/crawl_data.py
[2025-01-09T02:46:13.700+0000] {logging_mixin.py:190} INFO - [2025-01-09T02:46:13.699+0000] {dag.py:3239} INFO - Sync 1 DAGs
[2025-01-09T02:46:13.727+0000] {logging_mixin.py:190} INFO - [2025-01-09T02:46:13.726+0000] {dag.py:4180} INFO - Setting next_dagrun for topcv_crawler_dag to 2025-01-09 00:00:00+00:00, run_after=2025-01-10 00:00:00+00:00
[2025-01-09T02:46:13.755+0000] {processor.py:208} INFO - Processing /opt/airflow/dags/crawl_data.py took 0.222 seconds
[2025-01-09T02:46:43.847+0000] {processor.py:186} INFO - Started process (PID=186) to work on /opt/airflow/dags/crawl_data.py
[2025-01-09T02:46:43.848+0000] {processor.py:914} INFO - Processing file /opt/airflow/dags/crawl_data.py for tasks to queue
[2025-01-09T02:46:43.850+0000] {logging_mixin.py:190} INFO - [2025-01-09T02:46:43.849+0000] {dagbag.py:588} INFO - Filling up the DagBag from /opt/airflow/dags/crawl_data.py
[2025-01-09T02:46:43.973+0000] {processor.py:925} INFO - DAG(s) 'topcv_crawler_dag' retrieved from /opt/airflow/dags/crawl_data.py
[2025-01-09T02:46:44.002+0000] {logging_mixin.py:190} INFO - [2025-01-09T02:46:44.002+0000] {dag.py:3239} INFO - Sync 1 DAGs
[2025-01-09T02:46:44.030+0000] {logging_mixin.py:190} INFO - [2025-01-09T02:46:44.030+0000] {dag.py:4180} INFO - Setting next_dagrun for topcv_crawler_dag to 2025-01-09 00:00:00+00:00, run_after=2025-01-10 00:00:00+00:00
[2025-01-09T02:46:44.050+0000] {processor.py:208} INFO - Processing /opt/airflow/dags/crawl_data.py took 0.209 seconds
[2025-01-09T02:47:14.281+0000] {processor.py:186} INFO - Started process (PID=193) to work on /opt/airflow/dags/crawl_data.py
[2025-01-09T02:47:14.282+0000] {processor.py:914} INFO - Processing file /opt/airflow/dags/crawl_data.py for tasks to queue
[2025-01-09T02:47:14.288+0000] {logging_mixin.py:190} INFO - [2025-01-09T02:47:14.287+0000] {dagbag.py:588} INFO - Filling up the DagBag from /opt/airflow/dags/crawl_data.py
[2025-01-09T02:47:14.529+0000] {processor.py:925} INFO - DAG(s) 'topcv_crawler_dag' retrieved from /opt/airflow/dags/crawl_data.py
[2025-01-09T02:47:14.571+0000] {logging_mixin.py:190} INFO - [2025-01-09T02:47:14.571+0000] {dag.py:3239} INFO - Sync 1 DAGs
[2025-01-09T02:47:14.605+0000] {logging_mixin.py:190} INFO - [2025-01-09T02:47:14.604+0000] {dag.py:4180} INFO - Setting next_dagrun for topcv_crawler_dag to 2025-01-09 00:00:00+00:00, run_after=2025-01-10 00:00:00+00:00
[2025-01-09T02:47:14.624+0000] {processor.py:208} INFO - Processing /opt/airflow/dags/crawl_data.py took 0.355 seconds
